I: parsing spec file timekeeper.v...
skipping synthesis, BLIF file already exists.
I: parsing BLIF file synth.blif...
D: inputs and outputs parsed.
D: circuit initialized.
D: connections (#1474) parsed.
D: gates (#14407) parsed.
D: outputs: 15565 15568 15571 15574 15577 15580 15583 15586 15589 15592 15595 15598 15601 15604 15607 15610 15613 15616 15619 15622 15625 15628 15631 15634 15637 15640 15643 15646 15649 15652 15655 15659 15662 15665 15668 15671 15674 15677 15680 15683 15686 15689 15692 15695 15698 15701 15704 15707 15710 15713 15716 15719 15722 15725 15728 15731 15734 15737 15740 15743 15746 15749 15752 15755 15563 
D: circuit size: 15756
D: adding identity gates for outputs...
D: outputs after identity: 15821 15822 15823 15824 15825 15826 15827 15828 15829 15830 15831 15832 15833 15834 15835 15836 15837 15838 15839 15840 15841 15842 15843 15844 15845 15846 15847 15848 15849 15850 15851 15852 15853 15854 15855 15856 15857 15858 15859 15860 15861 15862 15863 15864 15865 15866 15867 15868 15869 15870 15871 15872 15873 15874 15875 15876 15877 15878 15879 15880 15881 15882 15883 15884 15885 
D: circuit size after identity: 15886
I: initializing safe primes...
I: using prime modulus 2410312426921032588552076022197566074856950548502459942654116941958108831682612228890093858261341614673227141477904012196503648957050582631942730706805009223062734745341073406696246014589361659774041027169249453200378729434170325843778659198143763193776859869524088940195577346119843545301547043747207749969763750084308926339295559968882457872412993810129130294592999947926365264059284647209730384947211681434464714438488520940127459844288859336526896320919633919
D:  sending message (size 0.000005 MB)
I: InitMonitor::next
D:  sending message (size 0.230566 MB)
I: SendCircuit::next
I: RecvGarbledGates::next
I: RecvSystemInputLabels::next
I: RecvFlagBitLabels::next
I: MonitorObliviousTransfer::next
I: InitChooser::next
I: MonitorObliviousTransfer::next
I: RecvConstant::next
D: received message: 292d95c122f5ae66caebfef09ce05453b4452125c6e8dd9bdc4f4fdf9375c458db21e2436519a09a5bd0bf5994081c1d13439a6db3a4bc79c27c6df83cff00c1f198edaa31bcaadb18ad023cde0bb9722042294b2e80788535e9469ce3bd366a22e698aea953c6eb0fb3dd0012bd8d3377a8ad0345d522de603eac60fc9a7b2fc201c25996c0cee36652155709808635ab488aa229ff709b3bd52d49321756255d7116f2a0fba65bd54f52dbfe97031fa1f20f7f3ec64ae0227b9d68f57e07a4
I: MonitorObliviousTransfer::next
I: GeneratePublicKey::next
D:  sending message (size 0.000384 MB)
I: MonitorObliviousTransfer::next
I: SendPublicKey::next
I: MonitorObliviousTransfer::next
I: RecvEncryptedMessages::next
I: MonitorObliviousTransfer::next
I: DecryptChosenMessage::next
I: MonitorObliviousTransfer::next
I: ChooserDone::next
I: MonitorObliviousTransfer::next
I: MonitorObliviousTransfer::next
I: InitChooser::next
I: MonitorObliviousTransfer::next
I: RecvConstant::next
D: received message: 2122a16275f78e178a94a3a5dc9d7023c3b6bf6c4cd9c873b8d793992f0d763abf3f5a7257905b83a410884a7b9dfe7c28b9a54c1711281f374ddf43704cac3997780ab853978cc84dfad1c90a640a22e04716ab516fa75f3b219ed1b4d11802b96420452903d0d20dd63d47907a08008f517477cd647cb29d1c86cc620b5126e71845a9bd0f60539578cce18693008e5cf48a803f1659f635142ae95948c5576a595244a4bc9634cc9c831f9cbc10be1b46d1a48b540812364c96e190e89215
I: MonitorObliviousTransfer::next
I: GeneratePublicKey::next
D:  sending message (size 0.000384 MB)
I: MonitorObliviousTransfer::next
I: SendPublicKey::next
I: MonitorObliviousTransfer::next
I: RecvEncryptedMessages::next
I: MonitorObliviousTransfer::next
I: DecryptChosenMessage::next
I: MonitorObliviousTransfer::next
I: ChooserDone::next
I: MonitorObliviousTransfer::next
I: MonitorObliviousTransfer::next
I: InitChooser::next
I: MonitorObliviousTransfer::next
I: RecvConstant::next
D: received message: e3c7811a301c895d86f85139b03c8868ed7a19cfd7cc6b65a3fd9f41cd07318520814fbda59c0c5ce906aa8a9062865a1b29f99cb645571a27a824c3cd136ed9d320ade4a1841dc55d3138901491e57c70a5b989826a3add606000e8fb7658deba6e6e9c3af23c7428f1646ca816246eca314479cae40ee4a80bc873bbd8347663cf3e72005b040be583c0aa763910de4d176a4f36f31b6b522734cbd26085fb898f6e84115997b8dee205485f6ad9b991e22357eb77183dc16b603fef8840f6
I: MonitorObliviousTransfer::next
I: GeneratePublicKey::next
D:  sending message (size 0.000384 MB)
I: MonitorObliviousTransfer::next
I: SendPublicKey::next
I: MonitorObliviousTransfer::next
I: RecvEncryptedMessages::next
I: MonitorObliviousTransfer::next
I: DecryptChosenMessage::next
I: MonitorObliviousTransfer::next
I: ChooserDone::next
I: MonitorObliviousTransfer::next
I: MonitorObliviousTransfer::next
I: InitChooser::next
I: MonitorObliviousTransfer::next
I: RecvConstant::next
D: received message: 18da65c28e3f5ca70f8ac232320cdf4202b90a383a787d36183b362e96e653e64fc06b24d282822f3eb41a579d144954f6fd93a44bbef7d26ee2bf24f046547670c09daccf3fd532214952c6baabc0c90ef07623ac3d9b6ce6cea4a5c86ea99efcca051f7f2e0bf0bceaa40b5eb147d19a0a37f7893d6935b574b8950316003b28765f4bfa271910421c3ccf62b7457658f1c1fb386c1b84c2ef22d158f8927abac917272d6f35b14c0532e53e78f210ee6aeaefd9a6a2e40788ea2cad2f677c
I: MonitorObliviousTransfer::next
I: GeneratePublicKey::next
D:  sending message (size 0.000384 MB)
I: MonitorObliviousTransfer::next
I: SendPublicKey::next
I: MonitorObliviousTransfer::next
I: RecvEncryptedMessages::next
I: MonitorObliviousTransfer::next
I: DecryptChosenMessage::next
I: MonitorObliviousTransfer::next
I: ChooserDone::next
I: MonitorObliviousTransfer::next
I: MonitorObliviousTransfer::next
I: InitChooser::next
I: MonitorObliviousTransfer::next
I: RecvConstant::next
D: received message: 4ac02f442edeace03d3ee67f66fbfaf359ee1d4a187b6ec8690cf3be48aabb3e7c29aad0dc7e2e4f65faea5b8c8ea57251e2adce43d2fe0401ffe2f3ada33323d19b97b59ef5eadf575f78aba046e9caadb3c689b936ae2ac8eb334a9bd59f88d3ef9db6fa7c13df63c6007a24672ee3a9d31277af041b7e1801d31cb01998aa61d05a91eec5afc33b2e1928d941b1bf02929b0749d41a866894e73071d6b4cbac3c4a6b059f9a87d26d33710a40468447bca7f298800ac49da74d5467fe5e63
I: MonitorObliviousTransfer::next
I: GeneratePublicKey::next
D:  sending message (size 0.000384 MB)
I: MonitorObliviousTransfer::next
I: SendPublicKey::next
I: MonitorObliviousTransfer::next
I: RecvEncryptedMessages::next
I: MonitorObliviousTransfer::next
I: DecryptChosenMessage::next
I: MonitorObliviousTransfer::next
I: ChooserDone::next
I: MonitorObliviousTransfer::next
I: MonitorObliviousTransfer::next
I: InitChooser::next
I: MonitorObliviousTransfer::next
I: RecvConstant::next
D: received message: 2b97b97ff0cfc97ca48911a05e582053a8dd48805af17cd80a0af829ac328e2d63029335a35d7b59fb9451fa95d7434285e4213f195a82b2bef16c5e73078a096ac324a9e5e85ec34ce15f9a8965060d32c3c968c1cbdda87ce22b5caf1866b4305254fb5aafb8687eced3e5e247b54c43fe23a3ad04d957bb205aa35429d0f86a78a04622c97034878c5f25c926f68bdeec176d5d091f6e6adb6930eb3b5c35846c0bd38d50a708b257b7a940b57eed2385e944c1e37bfbca814f3998bdd50
I: MonitorObliviousTransfer::next
I: GeneratePublicKey::next
D:  sending message (size 0.000384 MB)
I: MonitorObliviousTransfer::next
I: SendPublicKey::next
I: MonitorObliviousTransfer::next
I: RecvEncryptedMessages::next
I: MonitorObliviousTransfer::next
I: DecryptChosenMessage::next
I: MonitorObliviousTransfer::next
I: ChooserDone::next
I: MonitorObliviousTransfer::next
I: MonitorObliviousTransfer::next
I: InitChooser::next
I: MonitorObliviousTransfer::next
I: RecvConstant::next
D: received message: 7e98eda7a17122c6f41ac7603a78f3d7263441bf90116751df8e7a0310bfe243d26963b6f031ce72ebab12dca3a998d0c0beea17aea5376f7f5aa6649e7cdfbe110f48f45ee2cc6ec29d4764e03eb28b1c6166327f3faece17818139d1b39bdd90120e134faff4826b3292a0441904aefc08c0a263ea2ec06bc41e6a427bed28f03ab5377f17ee582a920971db866483171d2c0ae7c76badafe4d6a1ba716ad2f1a1fc827028855074ea1265bf998c1cdee7b0487ddab284482d32aab8f32d8c
I: MonitorObliviousTransfer::next
I: GeneratePublicKey::next
D:  sending message (size 0.000383 MB)
I: MonitorObliviousTransfer::next
I: SendPublicKey::next
I: MonitorObliviousTransfer::next
I: RecvEncryptedMessages::next
I: MonitorObliviousTransfer::next
I: DecryptChosenMessage::next
I: MonitorObliviousTransfer::next
I: ChooserDone::next
I: MonitorObliviousTransfer::next
I: MonitorObliviousTransfer::next
I: InitChooser::next
I: MonitorObliviousTransfer::next
I: RecvConstant::next
D: received message: 2c3ef982060806a3d9fe43faf7b7226d1df9a788931f201d225ae10d264a1ccc1594404edc35bd0ec83d9c4cefe646ce529081261fe5a9ec57eb903f37c8fdbd22fc7c534c4efb71e23c3c85ff74137f43cdca6310ecf192407976ffabcb49672c918f5671f0025804e4464aff2f3c0a0ff7c9a496215df11f8641d2cb0eb0cb15812498695bbc72fc48b177fb81afa051b1fdf0bfd7a2619a372cabea3a2248705261ccea10296d3780ef514f8b68ccc55dd9f55d670b50b7ccf96098893050
I: MonitorObliviousTransfer::next
I: GeneratePublicKey::next
D:  sending message (size 0.000384 MB)
I: MonitorObliviousTransfer::next
I: SendPublicKey::next
I: MonitorObliviousTransfer::next
I: RecvEncryptedMessages::next
I: MonitorObliviousTransfer::next
I: DecryptChosenMessage::next
I: MonitorObliviousTransfer::next
I: ChooserDone::next
I: MonitorObliviousTransfer::next
I: MonitorObliviousTransfer::next
I: InitChooser::next
I: MonitorObliviousTransfer::next
I: RecvConstant::next
D: received message: 2917d1ea292888ab17e8516b266c815beeb814df2283d0b4b0889364fceb0d96dfcbe3505e81567467410399ffbaa832e27ef19f745eda5bf04f965458e703338f6466944fd56312194f3b2c98bd2a72dcd075ab773f22e325940879a959b70d6b8bfb7afb98a342c7ab74928711ba5b248869b3a235ed0040f59eeda9592def12533a612968f8d530e6963d3ec98f722e2c64e153baeb594ebb7c8a707d2d15376898aefb205f0d5dbdadfd8b0ba78565f6b6fb83685b760659f8cfdb1f7d24
I: MonitorObliviousTransfer::next
I: GeneratePublicKey::next
D:  sending message (size 0.000384 MB)
I: MonitorObliviousTransfer::next
I: SendPublicKey::next
I: MonitorObliviousTransfer::next
I: RecvEncryptedMessages::next
I: MonitorObliviousTransfer::next
I: DecryptChosenMessage::next
I: MonitorObliviousTransfer::next
I: ChooserDone::next
I: MonitorObliviousTransfer::next
I: MonitorObliviousTransfer::next
I: InitChooser::next
I: MonitorObliviousTransfer::next
I: RecvConstant::next
D: received message: f2c38603795bd9a146e6c0cdf2e29ace8cc9ee41356e9cd760493cd948ed607e9f5523b6d4a5b37a6ebc2483614aaa74f0273d1998aee485400a872ad6cf493423d40828c584b95a1d9ce224ae3d466a5feb928eb389158e45d54acf3916252363dbb79d4cb6a23a2e99bbbdec0da38479276a4ab53839ee6de2cb60ff24ba4be2b5f9eb6b70d311f6b25a3083ca3e4f92f2d9a49f926ed996a673e70a341663b8775a28e7f992fd2e28e435f52d736119bd8ede39bc74a355a5e5eca1d1045
I: MonitorObliviousTransfer::next
I: GeneratePublicKey::next
D:  sending message (size 0.000384 MB)
I: MonitorObliviousTransfer::next
I: SendPublicKey::next
I: MonitorObliviousTransfer::next
I: RecvEncryptedMessages::next
I: MonitorObliviousTransfer::next
I: DecryptChosenMessage::next
I: MonitorObliviousTransfer::next
I: ChooserDone::next
I: MonitorObliviousTransfer::next
I: MonitorObliviousTransfer::next
I: InitChooser::next
I: MonitorObliviousTransfer::next
I: RecvConstant::next
D: received message: fee8ab444cea9ecfef32bff4419730ca2bf5ec1ce6eda98e885f1ce5cd367a7049e1537d5401fbc4cb4e8c83281f2ceafbc5bafb4ee91cfbe3c75ca8be0b6667b54fd8cafa88ee4b33b19caeff118baef74bdbf0ef2eda56c853766fe0192f495cf8c9140b2a71823ac5af327b4132634e1e77eb8f2af4e8574f5efe261d1d08983f62b16a086f1d498d93f3d08f4dd6cee606741d906bff355a51bce29309512bdc319778a260322bff127bbc80c95f332182e5557538924dce7e7bc758965a
I: MonitorObliviousTransfer::next
I: GeneratePublicKey::next
D:  sending message (size 0.000384 MB)
I: MonitorObliviousTransfer::next
I: SendPublicKey::next
I: MonitorObliviousTransfer::next
I: RecvEncryptedMessages::next
I: MonitorObliviousTransfer::next
I: DecryptChosenMessage::next
I: MonitorObliviousTransfer::next
I: ChooserDone::next
I: MonitorObliviousTransfer::next
I: MonitorObliviousTransfer::next
I: InitChooser::next
I: MonitorObliviousTransfer::next
I: RecvConstant::next
D: received message: 3e4fd87bd46abf00806fa999009e9568edfd8917cacbb6aec6882e9b8e1cbf4028637ecb744a6c9960489938302110f36c059ae0c44bdfa699225e3962a04a64e45895cbf314b9593abb8335d620f6855d9aea849f2a3f6754776a75b02a587655ec4ee3f99e691456fc6b96c01fbdd98a830154c48f4bf269a0a61a833cbdfc4d941aa751c4140f9c695fc64c6328f9749bc5a27ee0823ad51bce82d0aed5a6aa720ea39a0b2f1c9ffd5c7362b8e6b791dbf819844aafe9c3c20045973abdb1
I: MonitorObliviousTransfer::next
I: GeneratePublicKey::next
D:  sending message (size 0.000384 MB)
I: MonitorObliviousTransfer::next
I: SendPublicKey::next
I: MonitorObliviousTransfer::next
I: RecvEncryptedMessages::next
I: MonitorObliviousTransfer::next
I: DecryptChosenMessage::next
I: MonitorObliviousTransfer::next
I: ChooserDone::next
I: MonitorObliviousTransfer::next
I: MonitorObliviousTransfer::next
I: InitChooser::next
I: MonitorObliviousTransfer::next
I: RecvConstant::next
D: received message: dc5af86854fc5f261ee9583a666a1cdadeb8aa9d0391fc619373533ce243dfd0cbc6b7bf9d547bd6ae73467e51b05697231ff96b4ecdf6220672f5ee23b5541dc3b7c585062085c5a87f1cd97138d280d6cab7ad4d2e092ad3129a9e8e19e226a13e45f7ce8f28b6a6be6f1b9ae698f2259d42d3712a04db94cde7b42faedd5ad57aee86d7ca9771a5a03e4fbc50eb7194087dddd15c20a8deaa810eb36e5491ac4cee6e9b19cab0fcbb9565d913838ece63d43970b70d2fcecad596382cdfd
I: MonitorObliviousTransfer::next
I: GeneratePublicKey::next
D:  sending message (size 0.000384 MB)
I: MonitorObliviousTransfer::next
I: SendPublicKey::next
I: MonitorObliviousTransfer::next
I: RecvEncryptedMessages::next
I: MonitorObliviousTransfer::next
I: DecryptChosenMessage::next
I: MonitorObliviousTransfer::next
I: ChooserDone::next
I: MonitorObliviousTransfer::next
I: MonitorObliviousTransfer::next
I: InitChooser::next
I: MonitorObliviousTransfer::next
I: RecvConstant::next
D: received message: 54acc649a1261072f33426a0ff8412b8f365248f53cee30cf1d970710f63fa59adb9456234730419296a12b09ad66ccae7d455771251df64d992306059c5dbc012dde1a989b599440cb3cab1c86f5ff84465a69c019332610e09fe20523f50c45579f1176f05e51cdb23bd8111f524ea820d500645403ade5f57b114dfaa7e87c6d9c062e8949ce9e572ea920d41b0dcf10e95663f90aac1ff40471781cb18521f059ebaf42565fe26f379bbfcc0c58ed20f3b158862e3d0a2b71099d6d94b7a
I: MonitorObliviousTransfer::next
I: GeneratePublicKey::next
D:  sending message (size 0.000384 MB)
I: MonitorObliviousTransfer::next
I: SendPublicKey::next
I: MonitorObliviousTransfer::next
I: RecvEncryptedMessages::next
I: MonitorObliviousTransfer::next
I: DecryptChosenMessage::next
I: MonitorObliviousTransfer::next
I: ChooserDone::next
I: MonitorObliviousTransfer::next
I: MonitorObliviousTransfer::next
I: InitChooser::next
I: MonitorObliviousTransfer::next
I: RecvConstant::next
D: received message: 46ae2e427423e124d29b9fb7387c3a3151d516a3a7bc7f4fc2c9b1ce536180a4c685c905555918a4778d96925e7cf33b30e0b14f783c97b5aaad9537f5eff411f27462e977d0fac6cc2af6cc0a0ea579afb0635f150a0abfc60d12396d4e13aa5c94d975d7078c40a3979d4baac9a5e09cdcb780d925e7939eeb53e698fede78cdd4b1615a00c60378f743aa7746ac74597b5236163d6b212b6f7b6eb4e38438ab0a2c76f1d0ac8932177dc4798099459421d7146949e903d6018da3a883f40a
I: MonitorObliviousTransfer::next
I: GeneratePublicKey::next
D:  sending message (size 0.000384 MB)
I: MonitorObliviousTransfer::next
I: SendPublicKey::next
I: MonitorObliviousTransfer::next
I: RecvEncryptedMessages::next
I: MonitorObliviousTransfer::next
I: DecryptChosenMessage::next
I: MonitorObliviousTransfer::next
I: ChooserDone::next
I: MonitorObliviousTransfer::next
I: MonitorObliviousTransfer::next
I: InitChooser::next
I: MonitorObliviousTransfer::next
I: RecvConstant::next
D: received message: 290dfb44d7950f6526cb023df0e0c71cf35fdd3ab9a87f8472d66d065362ce87234681d22f7436378249b86bd9d58930932ed59e5a35637c048cf69ce950945d73d420f6d70fad27a019689b189708afca81cf8fce89c0b250ae8dd9155c925f659b4ebe60cbc7335372084b0874f919180193ae4a278a3436c85448e399f2d0ae59e777ce9104a1bf365d0cc355406a7a48279e6434327e024c0fbaf68fc9440997df269fcc97eb743090a60e2f598e1c55a46531550fc191da7f3f2baaa337
I: MonitorObliviousTransfer::next
I: GeneratePublicKey::next
D:  sending message (size 0.000384 MB)
I: MonitorObliviousTransfer::next
I: SendPublicKey::next
I: MonitorObliviousTransfer::next
I: RecvEncryptedMessages::next
I: MonitorObliviousTransfer::next
I: DecryptChosenMessage::next
I: MonitorObliviousTransfer::next
I: ChooserDone::next
I: MonitorObliviousTransfer::next
I: MonitorObliviousTransfer::next
I: InitChooser::next
I: MonitorObliviousTransfer::next
I: RecvConstant::next
D: received message: cc1b0cc207257f315efed0c4f42e438b45acc9d118099f19fbe4e79e8dd748ecf6b5a1f8c4ffac93918afb4e278a618d4a9b2cf07299ea6e2dbb7d5e0c306214d429cedfa1e530c719f26edd1e3af51801bfe8450501426775e8fd73b2ddc42837c6e16bb493e4ced960ab3cdde72227e88c65e37e7d705ec40c6813df6b1a7414584734ce46b3e6154d097561da3e9cec3127b990b3d5ee5f0ad25040cd062f761ad6219fffad53af342eefefd1039479e74e6e5e3c54cf4f53e6f431d69765
I: MonitorObliviousTransfer::next
I: GeneratePublicKey::next
D:  sending message (size 0.000384 MB)
I: MonitorObliviousTransfer::next
I: SendPublicKey::next
I: MonitorObliviousTransfer::next
I: RecvEncryptedMessages::next
I: MonitorObliviousTransfer::next
I: DecryptChosenMessage::next
I: MonitorObliviousTransfer::next
I: ChooserDone::next
I: MonitorObliviousTransfer::next
I: MonitorObliviousTransfer::next
I: InitChooser::next
I: MonitorObliviousTransfer::next
I: RecvConstant::next
D: received message: d147a39223a4275b160fe230119716d3b97e19699d0feb13a8a1be67a6f154fdd11a169ec9a4be623a5a8c639accef81b09e8096b6c71ea8bfe937a6ea2493358d36e248af9a3f48dda814d61393f53162c0e7727be28f7313631815946bab65bd1e60ea03d376755deabd05656ea1eecbbfe100ff441a6e53db23bfc0c971186b2387002e435e856846c92278f4adae6e8d76aaf6b0e90047179f7fb07fcbd029b1fef1247721ac42334167e5a4eca2cf5ec08b18df5061d963fd5d877220dd
I: MonitorObliviousTransfer::next
I: GeneratePublicKey::next
D:  sending message (size 0.000384 MB)
I: MonitorObliviousTransfer::next
I: SendPublicKey::next
I: MonitorObliviousTransfer::next
I: RecvEncryptedMessages::next
I: MonitorObliviousTransfer::next
I: DecryptChosenMessage::next
I: MonitorObliviousTransfer::next
I: ChooserDone::next
I: MonitorObliviousTransfer::next
I: MonitorObliviousTransfer::next
I: InitChooser::next
I: MonitorObliviousTransfer::next
I: RecvConstant::next
D: received message: 3a8875f0dbc47df4f5eb7b7f2730fc885b4ca75691995bc8aadb0d5470ac61597a59b1ab0233f9f48fef84a0c5927b1e53f84d9eab1685ca99ac1568dcb2a074b82074362e2a7d8b57deced0b4220b9b870c5815c844f0f63db216b781df381965712624290c576a4b489bff706c04bbccda42fd4824f28e60380cfbc64ab5b28c27a2346ce6a746a0b94eb58441fe7f22e879eeee790c472213b16cf8a29210d81a82d7befe44f64ae585f0e6a0103fbac0a5cd1f2f49a46f1e8bd85b1145c2
I: MonitorObliviousTransfer::next
I: GeneratePublicKey::next
D:  sending message (size 0.000384 MB)
I: MonitorObliviousTransfer::next
I: SendPublicKey::next
I: MonitorObliviousTransfer::next
I: RecvEncryptedMessages::next
I: MonitorObliviousTransfer::next
I: DecryptChosenMessage::next
I: MonitorObliviousTransfer::next
I: ChooserDone::next
I: MonitorObliviousTransfer::next
I: MonitorObliviousTransfer::next
I: InitChooser::next
I: MonitorObliviousTransfer::next
I: RecvConstant::next
D: received message: aba4a3302809eadacc50fa58e881f72ed6f936803363e822e734321f255e29dfd606506e25cdbb292f23c1a3752f9624833e72fe6adbc05f3a0d82ae692810d44f1151725f8dc4e2d7af523fd2087c3f07a96abb3c899c1fbc403dd3f47a8bd3d8f56be59ed4ae7e80c4f808d8c769f617a8d5d4f8133d86b91de69b27e87486d5755173dfad6a02740e8c67242666829070fb2a228b3cce07dbf95d63814906c549aa9ebfbe9e627b7af5ddab3c85345a5256ed8d423ea403b44b39e6a89d30
I: MonitorObliviousTransfer::next
I: GeneratePublicKey::next
D:  sending message (size 0.000384 MB)
I: MonitorObliviousTransfer::next
I: SendPublicKey::next
I: MonitorObliviousTransfer::next
I: RecvEncryptedMessages::next
I: MonitorObliviousTransfer::next
I: DecryptChosenMessage::next
I: MonitorObliviousTransfer::next
I: ChooserDone::next
I: MonitorObliviousTransfer::next
I: MonitorObliviousTransfer::next
I: InitChooser::next
I: MonitorObliviousTransfer::next
I: RecvConstant::next
D: received message: 318e6afdb169749a35a696298283c8077fa1e614d7a7243077cca893cd8f2498278a16a5110609f5ead87862da36c6516f8e1bb962ac6c05e103b853f4f4230293cdacc499d639553683fe8a13f4264df7d559ef3427106e3b846f4a3ffe4f98ee877b5f30716cc03e35cef40a91fd090d8d4d495709060082fc5445f9951606d5ab08d35cc3baf8771d256c9dedb5cada77677f0aff6beeab276c9efc545189243beac1fdd998c374849ab42c6b7a0481d71a4419c19da9509faf9e44ad64f
I: MonitorObliviousTransfer::next
I: GeneratePublicKey::next
D:  sending message (size 0.000384 MB)
I: MonitorObliviousTransfer::next
I: SendPublicKey::next
I: MonitorObliviousTransfer::next
I: RecvEncryptedMessages::next
I: MonitorObliviousTransfer::next
I: DecryptChosenMessage::next
I: MonitorObliviousTransfer::next
I: ChooserDone::next
I: MonitorObliviousTransfer::next
I: MonitorObliviousTransfer::next
I: InitChooser::next
I: MonitorObliviousTransfer::next
I: RecvConstant::next
D: received message: 8a17ab7955411aed6cfeaeba26f15ebb0708fda16d246598b98059d98e9f05c27fef20b51b73519eeebd7b114f867d5a174830d5b17f89d7551bc40b049af5ce922d99c06fd0e540310bcf664bdff6516fa41230c530c026464dc1b2bbe8ab68aeff96f2dc0f62c0a66741956ca651b97e30071cf4de9a6c01816f330ef957491bd765fee5fa8ea00d5f9cba15b3888bfb8f30754346fc887b878e44bd1b88f650946a7e24d8eadc34ec0074efd53c3e6bf0ec8d4de0b37596a31a983d974eb0
I: MonitorObliviousTransfer::next
I: GeneratePublicKey::next
D:  sending message (size 0.000384 MB)
I: MonitorObliviousTransfer::next
I: SendPublicKey::next
I: MonitorObliviousTransfer::next
I: RecvEncryptedMessages::next
I: MonitorObliviousTransfer::next
I: DecryptChosenMessage::next
I: MonitorObliviousTransfer::next
I: ChooserDone::next
I: MonitorObliviousTransfer::next
I: MonitorObliviousTransfer::next
I: InitChooser::next
I: MonitorObliviousTransfer::next
I: RecvConstant::next
D: received message: ef9f5acf33243e7f3829fdf995e416a7c9804e5a096c12855aba0b2d0228e4072364887085f6a09f51ea76132da55415d695bacef1a7a33325dc8552c60ddb982887eb69dbdab8cb3a3847bcee77e37eb17bbc793bccd4a8eb48a85ac9e06dc7a708df155419a2105663cba20ba0c67e07ec1f3812a266dc03f4411b81c5ccefcabf569ff2f252f430b6ff6dbaa5bc34c19a6cf7747a756c97c277ee97aa7dcf26095936fe662346fcb70553deab1480bd4d1f862b0f7481984d8ead7f61412
I: MonitorObliviousTransfer::next
I: GeneratePublicKey::next
D:  sending message (size 0.000384 MB)
I: MonitorObliviousTransfer::next
I: SendPublicKey::next
I: MonitorObliviousTransfer::next
I: RecvEncryptedMessages::next
I: MonitorObliviousTransfer::next
I: DecryptChosenMessage::next
I: MonitorObliviousTransfer::next
I: ChooserDone::next
I: MonitorObliviousTransfer::next
I: MonitorObliviousTransfer::next
I: InitChooser::next
I: MonitorObliviousTransfer::next
I: RecvConstant::next
D: received message: 1114a8e1213aa7f57389777d3b11678c7681e03884fa83f7011b4860675b4cc3c81425b371e12e29bd5cd67d96b2ec53ca8da1563c26ed534cbfbe033f0651c5e2fc17e776c10609aeecdbcf45f96ea2b7d0a5b02b4b6cfd1795d949a3014343c8341360c0077d594d9766b6c25043a87e89c11aa0d9e9591ed93ad6afff14569a28a6162d3f828b47ad94ea017c716dbc8571f0f496561ae2fde56089c7234558e9d97672f63187723f6b6cf4a81eb712b723bcd6ecfd1233d475f7af3ce2b3
I: MonitorObliviousTransfer::next
I: GeneratePublicKey::next
D:  sending message (size 0.000384 MB)
I: MonitorObliviousTransfer::next
I: SendPublicKey::next
I: MonitorObliviousTransfer::next
I: RecvEncryptedMessages::next
I: MonitorObliviousTransfer::next
I: DecryptChosenMessage::next
I: MonitorObliviousTransfer::next
I: ChooserDone::next
I: MonitorObliviousTransfer::next
I: MonitorObliviousTransfer::next
I: InitChooser::next
I: MonitorObliviousTransfer::next
I: RecvConstant::next
D: received message: 6aac898bf5730ce8b9eebda845a940b571b9313403d0cbe4e754a06473397459b9e49670540266a677121153f36a6203512eadd2017c3c1c19720ec259be84140eb3695eac31c324841ceef8ff5933fb4e58d9fb1581fe447996b6241ac3ca48a2b2be284fa3d718e838691f174b6a5093c8d5dbf9bfa88c09a0984f365ec795c921d64207447244aa612e77b4a8e313afceb297142dc5f1d06d7ea641c38e4fbf9ac7ae582d795dd70834574ee20633204e596cd8234b5169959b54d8ed4200
I: MonitorObliviousTransfer::next
I: GeneratePublicKey::next
D:  sending message (size 0.000384 MB)
I: MonitorObliviousTransfer::next
I: SendPublicKey::next
I: MonitorObliviousTransfer::next
I: RecvEncryptedMessages::next
I: MonitorObliviousTransfer::next
I: DecryptChosenMessage::next
I: MonitorObliviousTransfer::next
I: ChooserDone::next
I: MonitorObliviousTransfer::next
I: MonitorObliviousTransfer::next
I: InitChooser::next
I: MonitorObliviousTransfer::next
I: RecvConstant::next
D: received message: 9a3cca4bfb64486a1962de3ae0f92d2e78fef1099db2b301ab9651ad09b8c6996d129d8240a4ff75d440cc4b9e9dd23f542a978ed3058f0bc804842358f09db5f81854bf69cc75cc33be21bbdb84fe837e15f4fb5cd6842f81b79f3d007a0dc9a3f00abbf12e1d8f4f55c920d8a36fd28d4e6b642ba3f6f2d13851bea6a9cbb4ccb23d81a5098e76364972f03803c3af72c7b43e3ce304d229bad08820e3cc59eb23688afb9312895021e54c2554f8291aba531e5db8985a51319cc80c60f77
I: MonitorObliviousTransfer::next
I: GeneratePublicKey::next
D:  sending message (size 0.000384 MB)
I: MonitorObliviousTransfer::next
I: SendPublicKey::next
I: MonitorObliviousTransfer::next
I: RecvEncryptedMessages::next
I: MonitorObliviousTransfer::next
I: DecryptChosenMessage::next
I: MonitorObliviousTransfer::next
I: ChooserDone::next
I: MonitorObliviousTransfer::next
I: MonitorObliviousTransfer::next
I: InitChooser::next
I: MonitorObliviousTransfer::next
I: RecvConstant::next
D: received message: 7b2ec7e08101eac815d62c6e2925503f3dd958f83e4f8ec98918deb757f8fb2ab5668721d78e82b2c88a10c23f378264a33e84b1e12bbd01ab9b868c011b23c27fcb462d6f26d6a270e9e30b54f1fbd41e25b0351be0432397b9d15e7098f4e852a9e66a64a5ce44c4934f5e58cb23685fdbc8fc3c990bf6e8b1b5f3e13508aa500f575cd8388222b49138774b4e0e530a920ae186dd382764c64bae3cbbabfcabae3f0d3c7a65f26b0576c29a68d97c532f4dab5aa870514d309eaab5d36000
I: MonitorObliviousTransfer::next
I: GeneratePublicKey::next
D:  sending message (size 0.000384 MB)
I: MonitorObliviousTransfer::next
I: SendPublicKey::next
I: MonitorObliviousTransfer::next
I: RecvEncryptedMessages::next
I: MonitorObliviousTransfer::next
I: DecryptChosenMessage::next
I: MonitorObliviousTransfer::next
I: ChooserDone::next
I: MonitorObliviousTransfer::next
I: MonitorObliviousTransfer::next
I: InitChooser::next
I: MonitorObliviousTransfer::next
I: RecvConstant::next
D: received message: da31bc79f93bc162d8ddd9010b5ee5798ea2a08c5989ae85f46be056e1993100f08816c974a3a6e68ccdcd568d731f10dbdb83cf2a2bbb1963d443b21e8e676dfcb638a3711c8b31e53b3e2f17f5fc66c5eacf28dc1902d95e182786108ad215e2c11634eeb26cd68b34c9ad4a70d332547486e1c52d23b8b70ccdde43118831ac106c8bb823a3fd2462e7cdc4735982bd9820063e9906f0fae345cf46a03a75c012121c751fb0bda30db65cae9eb4aa8790846f558dad54dc3ba77f154e4411
I: MonitorObliviousTransfer::next
I: GeneratePublicKey::next
D:  sending message (size 0.000384 MB)
I: MonitorObliviousTransfer::next
I: SendPublicKey::next
I: MonitorObliviousTransfer::next
I: RecvEncryptedMessages::next
I: MonitorObliviousTransfer::next
I: DecryptChosenMessage::next
I: MonitorObliviousTransfer::next
I: ChooserDone::next
I: MonitorObliviousTransfer::next
I: MonitorObliviousTransfer::next
I: InitChooser::next
I: MonitorObliviousTransfer::next
I: RecvConstant::next
D: received message: 2770bdbab291542981dbc5316dc7bb427efda6f7e3b89fede62d598fe0c4b91ed1301befef3f70bbd7c2ca0aead5009c4a7b5db0d9a0fda7c38aabf87cc04ece630ae377d463dc0a3940ff1d3ea892955f22a07519b7319a71593d3629d2768f051492971ae1b118995d90d64636c4379c0f522332a7a8a018aff232e6e50b2d5c74a7cf444ac9c4bf3f29cc36a06b80faab9b1e217e048e89d82da181e877701947234cf1fd97c6e3bb197c5bd647fc05eb256fad670a759d9729d9eadf5c5
I: MonitorObliviousTransfer::next
I: GeneratePublicKey::next
D:  sending message (size 0.000384 MB)
I: MonitorObliviousTransfer::next
I: SendPublicKey::next
I: MonitorObliviousTransfer::next
I: RecvEncryptedMessages::next
I: MonitorObliviousTransfer::next
I: DecryptChosenMessage::next
I: MonitorObliviousTransfer::next
I: ChooserDone::next
I: MonitorObliviousTransfer::next
I: MonitorObliviousTransfer::next
I: InitChooser::next
I: MonitorObliviousTransfer::next
I: RecvConstant::next
D: received message: 796cf2593cb2c0e18dcce11c80560311884ad4f1a9d83fe0374060b7b89f11caf3d5155ce69cca7386c48267ce088cdaaf25d9152416c8c19745d7b1f2f157157c67c4157bd9b2f5db7667cf75d6c4a3783cb6583e67bc7b3a927c8d9e742020f00d3111b3d9d2c0b0e53a548fc901c9acf9b4fb69cf0cf839fc19c19b21788bc5ea33d8b66e6d7c8da6e21a13e974842ef0c47567077914be0c1e195c860280d1b757689c75f7bebbe2c907d1899cd6ea4b3c03fa441f66de991a8ba2cb1295
I: MonitorObliviousTransfer::next
I: GeneratePublicKey::next
D:  sending message (size 0.000382 MB)
I: MonitorObliviousTransfer::next
I: SendPublicKey::next
I: MonitorObliviousTransfer::next
I: RecvEncryptedMessages::next
I: MonitorObliviousTransfer::next
I: DecryptChosenMessage::next
I: MonitorObliviousTransfer::next
I: ChooserDone::next
I: MonitorObliviousTransfer::next
I: MonitorObliviousTransfer::next
I: InitChooser::next
I: MonitorObliviousTransfer::next
I: RecvConstant::next
D: received message: b0270bd1c688e498e1cdcb1c31ad10281035694d655e47ec03ca267951115dd516f3f9b79b5c844e4bd07eb9ec294e249c266cc1a8a2a91f85af57e9cf9106ef271aaa5341b1d22a4a02c64f03075d0337c7b6df325f4351bea8b9b555a2abc8184985fb5c04bc80c8dbf02fd40d05187e76d7d0d3b33016bde8f96045aac61a491028aefc4d2ed1fe2d1a162fe833819b4448ba33a561a6471f6dce6465d580f55599261f6f04fd4c7a817f8788833c1c0729ad3df90d4132d398de049b0e63
I: MonitorObliviousTransfer::next
I: GeneratePublicKey::next
D:  sending message (size 0.000384 MB)
I: MonitorObliviousTransfer::next
I: SendPublicKey::next
I: MonitorObliviousTransfer::next
I: RecvEncryptedMessages::next
I: MonitorObliviousTransfer::next
I: DecryptChosenMessage::next
I: MonitorObliviousTransfer::next
I: ChooserDone::next
I: MonitorObliviousTransfer::next
I: MonitorObliviousTransfer::next
I: InitChooser::next
I: MonitorObliviousTransfer::next
I: RecvConstant::next
D: received message: 6ab14653b1a7eda8e9c1603668d1d98aec3d9db0f4896d789c6c8ddc8d5c9f3757c8ce33959775beb8d0e39999ff28cdf086fef0dfa646e776c07a2082044d6c49dc8e1c71e830312d3411efa25b9b6610f91a0050c6abcd71ee711f284842a5eba6232156ecb659b15290d7344f7b85a87df51f7cc9385c419e4acbb647222b6170b7efe06a3b48df4b3876e198e6e2061f80abc79ce8b6c4788b6320f4c655e2f77701e982566301390d80c5bbda11356f50ee2ae0f889770b9eddcb9d119c
I: MonitorObliviousTransfer::next
I: GeneratePublicKey::next
D:  sending message (size 0.000384 MB)
I: MonitorObliviousTransfer::next
I: SendPublicKey::next
I: MonitorObliviousTransfer::next
I: RecvEncryptedMessages::next
I: MonitorObliviousTransfer::next
I: DecryptChosenMessage::next
I: MonitorObliviousTransfer::next
I: ChooserDone::next
I: MonitorObliviousTransfer::next
I: MonitorObliviousTransfer::next
I: InitChooser::next
I: MonitorObliviousTransfer::next
I: RecvConstant::next
D: received message: 233ac26aa03d232ada6928a2b555f0d12128117312a7091450308b0b1d60b84e921b0ece093418ae30b14cc0aa7c7e962151bdf6d86eb2cb7cde8ac90094155819d8d5935988ef3132826faaf1360f16c94fcac0caf4a7c584a0b7d33b5437034774b643d6d4e30f13e2537ff11306cfa36fd292c5211c5f240bccb76e6049385ec376dad30f8928da4ed80ecaa7945ab1144291f1b1a36b95befa6103ffa35b1fab1e49ce9deed3765bd5af06bf687418c054d49f5336397088ecdf8b96cd57
I: MonitorObliviousTransfer::next
I: GeneratePublicKey::next
D:  sending message (size 0.000384 MB)
I: MonitorObliviousTransfer::next
I: SendPublicKey::next
I: MonitorObliviousTransfer::next
I: RecvEncryptedMessages::next
I: MonitorObliviousTransfer::next
I: DecryptChosenMessage::next
I: MonitorObliviousTransfer::next
I: ChooserDone::next
I: MonitorObliviousTransfer::next
I: MonitorObliviousTransfer::next
I: InitChooser::next
I: MonitorObliviousTransfer::next
I: RecvConstant::next
D: received message: d9db90fbd6a9b6a0c51ccb3c793619c9dabf924647d5cd6fd96181ceef11087153c898a69d1597a783d15707c7d62c13300213095c2e80483544eaaf974bf0759a909858afd5160fcf49ff6973c2d3a380f42a8f114a723a487f1dca2600df03b193e1930e9fabfef077657f5a7fd53271d9ff582570f1936b60cad9176cf895b653f2a90cca7f2e60f05c09521721ad19d624ef458bd43716977e3367f9e87bb25229ce1a7234439da5c98341955b21567efdb869b93e4ef598368150bcdc7e
I: MonitorObliviousTransfer::next
I: GeneratePublicKey::next
D:  sending message (size 0.000384 MB)
I: MonitorObliviousTransfer::next
I: SendPublicKey::next
I: MonitorObliviousTransfer::next
I: RecvEncryptedMessages::next
I: MonitorObliviousTransfer::next
I: DecryptChosenMessage::next
I: MonitorObliviousTransfer::next
I: ChooserDone::next
I: MonitorObliviousTransfer::next
I: MonitorObliviousTransfer::next
I: InitChooser::next
I: MonitorObliviousTransfer::next
I: RecvConstant::next
D: received message: b9b7a5dc0328dee6282e6af20d2f1c26373a4600123011806e7238bd84329c9fd937ce89c5317f0cbbee3e6b715ba71dc564f3dd518880b85369f63d24b4d255319ef1146477287b4bff5bdcb32409a91786ca27d82d8ec9c9379ba52ad9942f238bd57a064d13ea762976b2f5796f5e6944157644190cb754825e0b4565f32136cc2e3fa10be56a61456c36b59af9fa1756c6292d04ba717d69bbc35328239c2b26236977f3b032bfc852ce4a7f73def243421f7f12b2b67874d7953f426704
I: MonitorObliviousTransfer::next
I: GeneratePublicKey::next
D:  sending message (size 0.000384 MB)
I: MonitorObliviousTransfer::next
I: SendPublicKey::next
I: MonitorObliviousTransfer::next
I: RecvEncryptedMessages::next
I: MonitorObliviousTransfer::next
I: DecryptChosenMessage::next
I: MonitorObliviousTransfer::next
I: ChooserDone::next
I: MonitorObliviousTransfer::next
I: MonitorObliviousTransfer::next
I: InitChooser::next
I: MonitorObliviousTransfer::next
I: RecvConstant::next
D: received message: 786fee6187fc1cd2400a02e34f174ac240fd79b63f9914593a4dc738d0c060b3b489f9f5c38cbb3945de739279af0799ddbcda07c339cd6c88ad9dcc4d8a1382c0fef211e44a9b42440622fadefabb626a27d5ae142ee894dbd19f2eb3ce4efc16691ed392d9542b9774be13fdb7255d7bc2ae8881133497c393203aefde407ebbb342a38d25a43eebe45f934851d80ca5277024afe66288d434a1f0147618e947a27f810dbf931225ac1a6a13675739d8ab48476e542c98963f0b5a4a79ad40
I: MonitorObliviousTransfer::next
I: GeneratePublicKey::next
D:  sending message (size 0.000384 MB)
I: MonitorObliviousTransfer::next
I: SendPublicKey::next
I: MonitorObliviousTransfer::next
I: RecvEncryptedMessages::next
I: MonitorObliviousTransfer::next
I: DecryptChosenMessage::next
I: MonitorObliviousTransfer::next
I: ChooserDone::next
I: MonitorObliviousTransfer::next
I: MonitorObliviousTransfer::next
I: InitChooser::next
I: MonitorObliviousTransfer::next
I: RecvConstant::next
D: received message: ea0313e805313fb547c512b7751e7eddbebd1b6871af3b6b97504cad3a0d2424d674a12e288c5aafc045c2fd82e674016bfe1db90a09cf487ebcdab753dc3811cfa04ecfa468e1ab176a0245cbf9a634ff2376d6c075ffc4a5350ba2f4f3308e852d1358e6d322e12c21c69407c6cc0697a2866d5d60db7623c395ce430d4f128921806d2e738733a9141aa1537a3119a537afd3c4e42684bb71075139cef9424225f1873fec35a537710b2cbd51c3ebb5dd4e8a0b166682cc114c6845841eb2
I: MonitorObliviousTransfer::next
I: GeneratePublicKey::next
D:  sending message (size 0.000384 MB)
I: MonitorObliviousTransfer::next
I: SendPublicKey::next
I: MonitorObliviousTransfer::next
I: RecvEncryptedMessages::next
I: MonitorObliviousTransfer::next
I: DecryptChosenMessage::next
I: MonitorObliviousTransfer::next
I: ChooserDone::next
I: MonitorObliviousTransfer::next
I: MonitorObliviousTransfer::next
I: InitChooser::next
I: MonitorObliviousTransfer::next
I: RecvConstant::next
D: received message: 20618fe5196f9a78363313ea2972281f34842ba49f106dfe5a946f2f84fd96af6a34022948b71589ddcfd6e40b741037587d76e84d74c9399389d25722e66d1e11c8d2ee16448466ac60ea48f52b34188ae040a5319beaf51e1767fa52003388973943ca3169018e495a5781ed34a5e608a6c44e74c718fa38dc6f21588f19ccb19a00c80e91ff0b15a01dddd75435e817686ea69bcf46caa10d8e5000357e40b97dae63519a6b4604495f89ed72625d74e21af40e47b1cb00e2b7075373db97
I: MonitorObliviousTransfer::next
I: GeneratePublicKey::next
D:  sending message (size 0.000384 MB)
I: MonitorObliviousTransfer::next
I: SendPublicKey::next
I: MonitorObliviousTransfer::next
I: RecvEncryptedMessages::next
I: MonitorObliviousTransfer::next
I: DecryptChosenMessage::next
I: MonitorObliviousTransfer::next
I: ChooserDone::next
I: MonitorObliviousTransfer::next
I: MonitorObliviousTransfer::next
I: InitChooser::next
I: MonitorObliviousTransfer::next
I: RecvConstant::next
D: received message: fe12c5575a5491e26e6b1e36feab5225091786fb1bc2b6816d1ccb539be71394275dee5941a7d15124cac14cf14e19e3896898242a20672d75c8874d336acfc0d08dcba8171f12ba53aa3ac04c5c4134fbeff6ba0b99904bfa8804e0c774ea67bd6512ac5646a5dc018c769a799290fadd4796a2338c76dee0667946a15663bab53b2069c1b85ccc700c6e0a32e107505b9ac9b8d5a9b5ec87d046c325e81e35863d8b28d225218d68199ad32e038064936fc2ed7a219cb6c93959d6bd726fab
I: MonitorObliviousTransfer::next
I: GeneratePublicKey::next
D:  sending message (size 0.000384 MB)
I: MonitorObliviousTransfer::next
I: SendPublicKey::next
I: MonitorObliviousTransfer::next
I: RecvEncryptedMessages::next
I: MonitorObliviousTransfer::next
I: DecryptChosenMessage::next
I: MonitorObliviousTransfer::next
I: ChooserDone::next
I: MonitorObliviousTransfer::next
I: MonitorObliviousTransfer::next
I: InitChooser::next
I: MonitorObliviousTransfer::next
I: RecvConstant::next
D: received message: faaf2971a7952d4544cf421314a68cd2e00754f4ec37a1bdea7a7e65412e53609a7b0c2383dc51b0400e316cfb31898d0d61c4f61704aa15f7674e77d1cd3dff846eb4e12c3d1d3855b8159427f8bf48cccc38406ace83b0e48d3ff076bb8178f5aa5c4fedaa0a4f3066d0942645a2805c68d60c689662af3ffa6a0a818787ae08efe1a3e997718a1ea57d7f0815d96cef3607ffb5b27fdf6dd020f7f2d822bd300200628cc5184bf973c4ee25af47e3a0afa80e15eae747d4011db30fa22c39
I: MonitorObliviousTransfer::next
I: GeneratePublicKey::next
D:  sending message (size 0.000384 MB)
I: MonitorObliviousTransfer::next
I: SendPublicKey::next
I: MonitorObliviousTransfer::next
I: RecvEncryptedMessages::next
I: MonitorObliviousTransfer::next
I: DecryptChosenMessage::next
I: MonitorObliviousTransfer::next
I: ChooserDone::next
I: MonitorObliviousTransfer::next
I: MonitorObliviousTransfer::next
I: InitChooser::next
I: MonitorObliviousTransfer::next
I: RecvConstant::next
D: received message: e8a5c360bbdd118bcb807921b05cbe1ae2f3b768e81c0cd4e9a67bf2f020690a75e32b1b5e0ff287c75b1a17ff62c70987c08ee814c38b77d5e258b8b78b9626f11359c42461dc6caa7ba37f077369925df1affddb4e5eab70a029daf87e572f9514551346bd45a3f0f0f652548537cee84cbd986d05a7c48b63df23c2cfefedfaf2d80d4e26a43e3e913ee34ca846411a95bb0ed9059f55fb9c0f94462d581d10ebbaa7a379765457f2afdafdf7641dc07401cf393ed291c0229a8e1ed2cb92
I: MonitorObliviousTransfer::next
I: GeneratePublicKey::next
D:  sending message (size 0.000384 MB)
I: MonitorObliviousTransfer::next
I: SendPublicKey::next
I: MonitorObliviousTransfer::next
I: RecvEncryptedMessages::next
I: MonitorObliviousTransfer::next
I: DecryptChosenMessage::next
I: MonitorObliviousTransfer::next
I: ChooserDone::next
I: MonitorObliviousTransfer::next
I: MonitorObliviousTransfer::next
I: InitChooser::next
I: MonitorObliviousTransfer::next
I: RecvConstant::next
D: received message: a65bfd0e92eb97e59b1ae8252db900127edeb2085c16dc4305dd96727c1770213404795a8a12b22c59071c610bf955c2d515a67154d850f46674c5c67f1a2174c146a9dd98602b89c75fd06c9340aef190c2fa3bc873a4044520f7f4cb0886d5705542d45e464e395114c405240b390f10655701115939df701a97cf3caf4f4363ff5a595a8dddfd66d261b65ba390e08b4aa078053d27d50d64cff50297e4348d541c4caf019b53d92136677c075d0b372f3d38d872c0998b3a30f389d00446
I: MonitorObliviousTransfer::next
I: GeneratePublicKey::next
D:  sending message (size 0.000384 MB)
I: MonitorObliviousTransfer::next
I: SendPublicKey::next
I: MonitorObliviousTransfer::next
I: RecvEncryptedMessages::next
I: MonitorObliviousTransfer::next
I: DecryptChosenMessage::next
I: MonitorObliviousTransfer::next
I: ChooserDone::next
I: MonitorObliviousTransfer::next
I: MonitorObliviousTransfer::next
I: InitChooser::next
I: MonitorObliviousTransfer::next
I: RecvConstant::next
D: received message: 5cd939312324eaa4ca375259dde5f821a1b7b8fb8e997fdd371bbde9698a591c706edbabe56227213c7b09e3abde1a6e2db9a138f6c5024ba4b557135bfdf51dfedbe0f97652fb5cc79b4b4dc742cdd457454e327b505e8293209285072065c356ccc891fd9e61a1e9e54caa1aba2e935c69ada948f2663c809e10a5f1b3a83aa9a2142f350814499d3b535d23d7a9c5a9d4c08dbb21d189612e3a0a2ec831c6239d16c92b1e2f28217544ea7adfb6177fe74e2012cdb982c2124a7d554e7809
I: MonitorObliviousTransfer::next
I: GeneratePublicKey::next
D:  sending message (size 0.000384 MB)
I: MonitorObliviousTransfer::next
I: SendPublicKey::next
I: MonitorObliviousTransfer::next
I: RecvEncryptedMessages::next
I: MonitorObliviousTransfer::next
I: DecryptChosenMessage::next
I: MonitorObliviousTransfer::next
I: ChooserDone::next
I: MonitorObliviousTransfer::next
I: MonitorObliviousTransfer::next
I: InitChooser::next
I: MonitorObliviousTransfer::next
I: RecvConstant::next
D: received message: c966e301c60df0041aa32e67456ded718f85b17300bdf0941775202b78d0aecc81daaf4ee5c7408dcb528352fda5656be5999a4e051771918a975883016ebea0168c5e99dfcaa96103adaee46ebc4d37e655351062d91c49e8124fc894653d5df0e5a92b72e09e4b7f4a69d686763e1947f99a81c8214f3717439bb63d42c3af43cbfca0bd2bcb3dd0167a85d0bbe9999a1fa63ff65c5012c2a07826d925aa00fdd3ecea7a113cd1d376a37a19a2b272d4d9b7941793c2eb6df0f50fb01d1b0d
I: MonitorObliviousTransfer::next
I: GeneratePublicKey::next
D:  sending message (size 0.000384 MB)
I: MonitorObliviousTransfer::next
I: SendPublicKey::next
I: MonitorObliviousTransfer::next
I: RecvEncryptedMessages::next
I: MonitorObliviousTransfer::next
I: DecryptChosenMessage::next
I: MonitorObliviousTransfer::next
I: ChooserDone::next
I: MonitorObliviousTransfer::next
I: MonitorObliviousTransfer::next
I: InitChooser::next
I: MonitorObliviousTransfer::next
I: RecvConstant::next
D: received message: 2b9a60a9e926f334ddd476ef4558d60728056073113e66294f8a2ed4529e1f2271e8949721143028068744cf5e5d29f0aee5cbc0aaa5e4108669663c0fc3b5857e56488e98b275f1144bf0b79b5fcbd19c174693a867b6cebd4dc0e805f6980f5b889ff0a00d624f0d016674372777bf2f3fdeddb256c418b0a1b7bcd99512179acac4c24b27b94066d611f9d4d8bbdee706b7b786ab3c5cb58b1d02bc7bc50e0e02f44ab9216cacac1702c95bc5644d7d3dc274ff2b5c2585c3e694011dc6b2
I: MonitorObliviousTransfer::next
I: GeneratePublicKey::next
D:  sending message (size 0.000384 MB)
I: MonitorObliviousTransfer::next
I: SendPublicKey::next
I: MonitorObliviousTransfer::next
I: RecvEncryptedMessages::next
I: MonitorObliviousTransfer::next
I: DecryptChosenMessage::next
I: MonitorObliviousTransfer::next
I: ChooserDone::next
I: MonitorObliviousTransfer::next
I: MonitorObliviousTransfer::next
I: InitChooser::next
I: MonitorObliviousTransfer::next
I: RecvConstant::next
D: received message: 71c6d7197304b4b3b97c65201087f2aa48ef6c5942af26232fec29580f3e03ac4c135a4c0454233963cf6370047e01e2ec3d0d509dc72b6165e7ff1051edf53570defe9369f98fd7eafa0fc4317020c2fa88f3b6bdd620917b437e150afa4e692f427d31e616a77e1885dd9829167757dc07eafcb3a9ceb5171719ce895ffce9b29b3f9f33b7017b0de2602d4b663dd2e17cccfd60360b58155bb6147a42610d239a26b4233b7a9ce2a97cc09b19f2453335cd47b4dc43949d5f1ed1d0ae61d5
I: MonitorObliviousTransfer::next
I: GeneratePublicKey::next
D:  sending message (size 0.000384 MB)
I: MonitorObliviousTransfer::next
I: SendPublicKey::next
I: MonitorObliviousTransfer::next
I: RecvEncryptedMessages::next
I: MonitorObliviousTransfer::next
I: DecryptChosenMessage::next
I: MonitorObliviousTransfer::next
I: ChooserDone::next
I: MonitorObliviousTransfer::next
I: MonitorObliviousTransfer::next
I: InitChooser::next
I: MonitorObliviousTransfer::next
I: RecvConstant::next
D: received message: ce6ead51b452e7922fd15b781e414f554888adf53b64187b7cea67563ade1b0351894f549f1166756030e0df7fe2a395ca12b4da7015c2109aba8cf33c6daf07aba39ccbe2f9af1038ba38af9f8a4e69ab807c5ec14e5e690cb6448cfd507a0ea796b51732a0612ee00e2bfb240df7c458113acb91c29163b6fa030e7f9e7a0460a0a5b841ca0025f4b384590bab2440ae373f870b3f522af0cd2f5c77adcbc5b08d80abe8a245810e401de04521ed98afad32fe0927be7fd9d366380df183f7
I: MonitorObliviousTransfer::next
I: GeneratePublicKey::next
D:  sending message (size 0.000384 MB)
I: MonitorObliviousTransfer::next
I: SendPublicKey::next
I: MonitorObliviousTransfer::next
I: RecvEncryptedMessages::next
I: MonitorObliviousTransfer::next
I: DecryptChosenMessage::next
I: MonitorObliviousTransfer::next
I: ChooserDone::next
I: MonitorObliviousTransfer::next
I: MonitorObliviousTransfer::next
I: InitChooser::next
I: MonitorObliviousTransfer::next
I: RecvConstant::next
D: received message: a6a73e91bb52d127d64387b83e4407a9ded68550e19d2877d47870567bb69478fc845e1f38b58f61f197f5abfea8d3890fcc1848bd3fc07a5e5214d813d386f6744669b7d14bfd9cde75e0b3b329a1d98bcffb0e78ff54e1b9f61cc90d0777fbe644eaa20bec4504b2a0daa78f7487ff79942a8edc838052b1b8dd3e22516922f622bb894f130ff2c2f431ba2326155b112ed2caab3ea928493564b80a189b89265738e6c40f5278602813bde4ad67a48b59632863202a4dcf4cc5845aaed1b7
I: MonitorObliviousTransfer::next
I: GeneratePublicKey::next
D:  sending message (size 0.000384 MB)
I: MonitorObliviousTransfer::next
I: SendPublicKey::next
I: MonitorObliviousTransfer::next
I: RecvEncryptedMessages::next
I: MonitorObliviousTransfer::next
I: DecryptChosenMessage::next
I: MonitorObliviousTransfer::next
I: ChooserDone::next
I: MonitorObliviousTransfer::next
I: MonitorObliviousTransfer::next
I: InitChooser::next
I: MonitorObliviousTransfer::next
I: RecvConstant::next
D: received message: 34a42bdd799c7edecc5cd68755821c7e4bba2b22b9a66787f777fe51ec51510f79ac2ee735d5670eedbb9061a208c858ce7ea2c56fd5d4379a5b857fcfba8ad20a7a293e642c545b0d2e581eb5945bf024be3cea77ddafdb213cd6afdc030d341ecfc7817f1dd4e66ffccfaa2ed8531e9eaa8f3bfc7d35570080292126c18fef0a38a674266074d0f927c9b1db81a939d4028afb1d7d9efb3788c9ffa143cd897392e17414cefc9a429cd8022a81d034c5f8f269aa374e11f609d3ed97713d51
I: MonitorObliviousTransfer::next
I: GeneratePublicKey::next
D:  sending message (size 0.000384 MB)
I: MonitorObliviousTransfer::next
I: SendPublicKey::next
I: MonitorObliviousTransfer::next
I: RecvEncryptedMessages::next
I: MonitorObliviousTransfer::next
I: DecryptChosenMessage::next
I: MonitorObliviousTransfer::next
I: ChooserDone::next
I: MonitorObliviousTransfer::next
I: MonitorObliviousTransfer::next
I: InitChooser::next
I: MonitorObliviousTransfer::next
I: RecvConstant::next
D: received message: 1e958a373e8105d2aa842bb60f395b2f391a504e1d794496ffc777cb218f8ce5d78acccdf3e808fb9d739b3666b8d2b98db442bc036a8140f96478c69abcd035afdb0db372de4a79d2787e23e63cb0d91dc2b6f15ddf9f8201aeb1ac721cbb5a754b11273403c991aa593f54e103d63ea972a405849b7abdb166bd14738116275e3806316e10b667a3f4aaa6189fc229d766dae7085bfcd2dce3d315edb4cfcf968148f284950866f4a68a92607a247073623d552a7f5f4d95e81d1e1c1014f4
I: MonitorObliviousTransfer::next
I: GeneratePublicKey::next
D:  sending message (size 0.000384 MB)
I: MonitorObliviousTransfer::next
I: SendPublicKey::next
I: MonitorObliviousTransfer::next
I: RecvEncryptedMessages::next
I: MonitorObliviousTransfer::next
I: DecryptChosenMessage::next
I: MonitorObliviousTransfer::next
I: ChooserDone::next
I: MonitorObliviousTransfer::next
I: MonitorObliviousTransfer::next
I: InitChooser::next
I: MonitorObliviousTransfer::next
I: RecvConstant::next
D: received message: 8c05389e7457b9331e0a25e3bc546495b9bb2d62d0d62c14a501fe1395998749dd3c310f7cdba6bdf284f5f7b76fedc99cb83d2c2e67c06988ef4065c4cadf62f72eb3b06ed43275a533405e010444497ca9102c63d1655059efce96c5ab98eaa3141ae414d7d0c016bd3055f52041e4711c11d9afd7fc8d4f3268d8ee15d2800fd1222c1c5ad06f3f6d44ba07c421220db741e3bbc3eecf9a7281ed107ad4266c262252b7921c06b253407fe2f7d2b74c7ac172eff06cdd9411bc2a68055944
I: MonitorObliviousTransfer::next
I: GeneratePublicKey::next
D:  sending message (size 0.000384 MB)
I: MonitorObliviousTransfer::next
I: SendPublicKey::next
I: MonitorObliviousTransfer::next
I: RecvEncryptedMessages::next
I: MonitorObliviousTransfer::next
I: DecryptChosenMessage::next
I: MonitorObliviousTransfer::next
I: ChooserDone::next
I: MonitorObliviousTransfer::next
I: MonitorObliviousTransfer::next
I: InitChooser::next
I: MonitorObliviousTransfer::next
I: RecvConstant::next
D: received message: 5dfd13cb6ff05850af13245a8a109c5dbec1bcce378e4f3e7e10cd7c18df18cec52de41a37470c355b957607b4fe4b35996cd28dc1911a8102a39f13600e25d8c78d619c8c993d48098e7d6912124731e88cd4596a6d7430601f6ec6c852dd955c295aeb0331ccee819825f4cd7d6615faf91dd0e5304ca2792b297b499aa74469c4d1a67603a96ba8966578f82c6780574c37b3a73df043264ad4dac45920baf87e581a6fdeb2a30aa928138b25fcb540b5997a48ce080c20b4571aa1617f28
I: MonitorObliviousTransfer::next
I: GeneratePublicKey::next
D:  sending message (size 0.000384 MB)
I: MonitorObliviousTransfer::next
I: SendPublicKey::next
I: MonitorObliviousTransfer::next
I: RecvEncryptedMessages::next
I: MonitorObliviousTransfer::next
I: DecryptChosenMessage::next
I: MonitorObliviousTransfer::next
I: ChooserDone::next
I: MonitorObliviousTransfer::next
I: MonitorObliviousTransfer::next
I: InitChooser::next
I: MonitorObliviousTransfer::next
I: RecvConstant::next
D: received message: aed885290865691cf27016f8a9525efb1cd618f1973f8244638c72cd7e3b9521c59d837fac1fd20c6119d7c25933ea592a777473c1821c0f24eb5207928f70d413c8693d598f76d09d2864a31e5760b9aa7280ea2b82bb1a847c7a37565d0f2577d01d036493cafbc05f9915d5becaff753ab2e582bce1ba6c22e68a03d99d599664bbda88429118b3a969273b3bb1d7154007351b988b276c2814087a7588740d796a1633b2a6dc76d6a13a0f4ac64098935f7f81dbee4c0e6675ab968e8eab
I: MonitorObliviousTransfer::next
I: GeneratePublicKey::next
D:  sending message (size 0.000384 MB)
I: MonitorObliviousTransfer::next
I: SendPublicKey::next
I: MonitorObliviousTransfer::next
I: RecvEncryptedMessages::next
I: MonitorObliviousTransfer::next
I: DecryptChosenMessage::next
I: MonitorObliviousTransfer::next
I: ChooserDone::next
I: MonitorObliviousTransfer::next
I: MonitorObliviousTransfer::next
I: InitChooser::next
I: MonitorObliviousTransfer::next
I: RecvConstant::next
D: received message: 6c8b509edf838d2332d860a82bbf532a32b273d618178ea683d4671e70b710390da21a93abf6c241d84cf145845e57a1f2a6968554a87287af30a877c2b1b6dc5c19b4cd703071f076b5ec52fbb1223401973eeb5844b6d5418321ff09643b404467b955586016a7109f350c100a1c0bf4ea7b938cf97405fbfced2f30f592f87b206379298eb1f88d13f3c6519bf9c33e28dbea6e4d35da30cfc3415840648007ec47ebaaea13eca1446a06070c74c66e7cbe78a82d75b53985ce86074b54a8
I: MonitorObliviousTransfer::next
I: GeneratePublicKey::next
D:  sending message (size 0.000384 MB)
I: MonitorObliviousTransfer::next
I: SendPublicKey::next
I: MonitorObliviousTransfer::next
I: RecvEncryptedMessages::next
I: MonitorObliviousTransfer::next
I: DecryptChosenMessage::next
I: MonitorObliviousTransfer::next
I: ChooserDone::next
I: MonitorObliviousTransfer::next
I: MonitorObliviousTransfer::next
I: InitChooser::next
I: MonitorObliviousTransfer::next
I: RecvConstant::next
D: received message: bcd7f0fd055d8f5085e55e0378e44bcb89da1c9e6bacc7f323e85c26b4312810e7de9e048a75c3038d1e2a101282a47437a4810ed01a3c693e5f43e4d4880c5f3c93924d3f31fb1d5eaa2cf0ed627f40735d7828bf2c8e71d9f238b6879339f6afa8f485574c7cc246bf385311c169713be9ddfbb9915f8a7c3273e1009901b8778c97b913715f30c1e5f0d29c78df82abe01d9f5827b3518567413fbbb01449c79c1ecee75c1b18778d5b616f8908e1aeaccbe046e9a6912964fdb927aae26b
I: MonitorObliviousTransfer::next
I: GeneratePublicKey::next
D:  sending message (size 0.000384 MB)
I: MonitorObliviousTransfer::next
I: SendPublicKey::next
I: MonitorObliviousTransfer::next
I: RecvEncryptedMessages::next
I: MonitorObliviousTransfer::next
I: DecryptChosenMessage::next
I: MonitorObliviousTransfer::next
I: ChooserDone::next
I: MonitorObliviousTransfer::next
I: MonitorObliviousTransfer::next
I: InitChooser::next
I: MonitorObliviousTransfer::next
I: RecvConstant::next
D: received message: 438535d14aa427115fa3859a5559ee60933f430486cec6a28482189289eba027eee1d4c434018e1eb7fc466e1bbe482e2608cc54756439e79e9141b8803de6a0202a444d5516ab6ec5b043971fb09f491f37ba2d418759e84b7d917c79d4cb7249cff5e507dd99e6b28742de812f3e120e39a01d132a3a9262725e3faac6218873f50861a0366ab6defd07aa493e70bb15065e7ac763ccb16327d74cbcd963adcee44000423d0b1ac887e3fce90279f3487d77d394ce3dd6ee7923c5a53cc422
I: MonitorObliviousTransfer::next
I: GeneratePublicKey::next
D:  sending message (size 0.000384 MB)
I: MonitorObliviousTransfer::next
I: SendPublicKey::next
I: MonitorObliviousTransfer::next
I: RecvEncryptedMessages::next
I: MonitorObliviousTransfer::next
I: DecryptChosenMessage::next
I: MonitorObliviousTransfer::next
I: ChooserDone::next
I: MonitorObliviousTransfer::next
I: MonitorObliviousTransfer::next
I: InitChooser::next
I: MonitorObliviousTransfer::next
I: RecvConstant::next
D: received message: db0cc6a59c487be54d389c964c8b6aa28f6a95d892db93ba6e02512fee7d216e0ba47895f35a1341b2f9dfcdb0af2f2ff737654d3193671a0961f726448cb8b5e0df0d510cc4a47b0c67b37210d218fd3cf615d87f4c410106398f84f780c756f4364ece8318da4f5939217be9abc3c9ed1848390528c851ff233c6bbdec4371ac3b243e8ed99206b42a416c24c17333aa4d85d362f29730cf31230a31ce4a39ce53635f200d406921f46d48a15dac3447eeb6ebc9274aeab1978e65a6e563a3
I: MonitorObliviousTransfer::next
I: GeneratePublicKey::next
D:  sending message (size 0.000384 MB)
I: MonitorObliviousTransfer::next
I: SendPublicKey::next
I: MonitorObliviousTransfer::next
I: RecvEncryptedMessages::next
I: MonitorObliviousTransfer::next
I: DecryptChosenMessage::next
I: MonitorObliviousTransfer::next
I: ChooserDone::next
I: MonitorObliviousTransfer::next
I: MonitorObliviousTransfer::next
I: InitChooser::next
I: MonitorObliviousTransfer::next
I: RecvConstant::next
D: received message: ad5a96dae6473233675ca00333c16274515eb1685917b023d101198ab17d0bd0f7d1330903499a9428c65ba3f8c66ead8427daa49b22c986c655867b688a6fc3d52a6c5127c648049eaa82d4b393f38315cf3be27819c3d2e29c688f65675ddf9d3343e0ecb9a854c3dc52a2bbe4cad6b58a8f1ed81934bdfcfca7640fdfafc42e64c14be90518b62d67e32a5ed36e533d7e8816ddaf8601e23af36edad8e69118cd6851789bdf2e4c63f748aa84844379c2dedf4d756dc03890ac1a76ddc543
I: MonitorObliviousTransfer::next
I: GeneratePublicKey::next
D:  sending message (size 0.000384 MB)
I: MonitorObliviousTransfer::next
I: SendPublicKey::next
I: MonitorObliviousTransfer::next
I: RecvEncryptedMessages::next
I: MonitorObliviousTransfer::next
I: DecryptChosenMessage::next
I: MonitorObliviousTransfer::next
I: ChooserDone::next
I: MonitorObliviousTransfer::next
I: MonitorObliviousTransfer::next
I: InitChooser::next
I: MonitorObliviousTransfer::next
I: RecvConstant::next
D: received message: 56f7d96791aa822b057d58b773882cfc7cad2e2ed7181e51bca2d012f160be4cb0d2d2912b3303bd760729cafdbe2751aba919f1fc4018cf701119475dcee1d7b0a91e591e95b0e75df2703480d941960820200763d40e20271b4d9e4de1d207e153d7526b317ddfdf6c84cfb656798bd26c6c444823bfe8f57cc855e690604836c734d88a6bceda09bc5e7f1d7907bbc34a442d5646ce8135e5a2e9743b0ac10cf9d94a46b3a93bc6398b510fadea4296dc2e7301c8aade9950ab8455ce301a
I: MonitorObliviousTransfer::next
I: GeneratePublicKey::next
D:  sending message (size 0.000384 MB)
I: MonitorObliviousTransfer::next
I: SendPublicKey::next
I: MonitorObliviousTransfer::next
I: RecvEncryptedMessages::next
I: MonitorObliviousTransfer::next
I: DecryptChosenMessage::next
I: MonitorObliviousTransfer::next
I: ChooserDone::next
I: MonitorObliviousTransfer::next
I: MonitorObliviousTransfer::next
I: InitChooser::next
I: MonitorObliviousTransfer::next
I: RecvConstant::next
D: received message: 5617bcbfee65d3cb4066b3a8d0aee39db5ba1ea8122febd74e1d3a819dbb6dbce3a882231229100324cca09d1dc305427b0da842b4695dde9d47af9b372f82cc81c9afb052603a4b096920528b5dc46278c8ae115c85b3945a0b89a455efb8e0abf3d7e7ea275d9febca3dc2553e08b43f4ff0bf83eabda4de35b091a3a7ae293613d123c8eb2ad71e57f684c0f3316c513f88008d421743b40af5cac2ae5a05b97fc0a7b5be3afa07bcf4ccb464080c232c24fc7417fcbeb3e79e3c997b40d7
I: MonitorObliviousTransfer::next
I: GeneratePublicKey::next
D:  sending message (size 0.000384 MB)
I: MonitorObliviousTransfer::next
I: SendPublicKey::next
I: MonitorObliviousTransfer::next
I: RecvEncryptedMessages::next
I: MonitorObliviousTransfer::next
I: DecryptChosenMessage::next
I: MonitorObliviousTransfer::next
I: ChooserDone::next
I: MonitorObliviousTransfer::next
I: MonitorObliviousTransfer::next
I: InitChooser::next
I: MonitorObliviousTransfer::next
I: RecvConstant::next
D: received message: 4600604afbc564b0e9787c808465576e91aca17619b18f5ea0d7e5bca1c3123685bc03aa89ebe73a471bb3a972c51d07aa93afd0144a8af5593baf081547d98182f8d4133076356bc5883557011a495a02640dc66fd1215974b3f39f91c08e54e69193dfc7c1a5ab8e92665ecbf7c07f8f02dbf6172d693fc42ec08fd6f1d002d1931c7eba8ccd7449cc6afc6203e7ad4027c0bb3ff3638e3fb072331e01126384d16f7099447fc5204ac9efe7aa8c78d46759c97790d966dd3871469696d365
I: MonitorObliviousTransfer::next
I: GeneratePublicKey::next
D:  sending message (size 0.000384 MB)
I: MonitorObliviousTransfer::next
I: SendPublicKey::next
I: MonitorObliviousTransfer::next
I: RecvEncryptedMessages::next
I: MonitorObliviousTransfer::next
I: DecryptChosenMessage::next
I: MonitorObliviousTransfer::next
I: ChooserDone::next
I: MonitorObliviousTransfer::next
I: MonitorObliviousTransfer::next
I: InitChooser::next
I: MonitorObliviousTransfer::next
I: RecvConstant::next
D: received message: b1d4f35e6a6b39dc5fa33d215f31817c280166b76c50091e010c2547bc26616724b42d8742653dcd8ad52eac2197d30be45f32fa0373343516c27ac5ad6f45930ad0c4966b1b42eec866991c463f06a6018be007d9a88fa5ff53e243847e3bdcb0e3a483734a43a32cb226ae4cecae043fe16021381c5c50c2f612d7002624cb796ab1e50986292f2eedbd27705393aea149a61c5a6dd781bb50fee5a7d23b4e0392ab98afe35cb1e4023c1ec86e4b27c38ed187e7a399db187b57db3af41fbb
I: MonitorObliviousTransfer::next
I: GeneratePublicKey::next
D:  sending message (size 0.000384 MB)
I: MonitorObliviousTransfer::next
I: SendPublicKey::next
I: MonitorObliviousTransfer::next
I: RecvEncryptedMessages::next
I: MonitorObliviousTransfer::next
I: DecryptChosenMessage::next
I: MonitorObliviousTransfer::next
I: ChooserDone::next
I: MonitorObliviousTransfer::next
I: MonitorObliviousTransfer::next
I: InitChooser::next
I: MonitorObliviousTransfer::next
I: RecvConstant::next
D: received message: f9da6e815c56df25c66a90026908e1a28587af415dce3a8f574238e2dd4d012a9c34fd00fa23e4ae94f4cc146117625369b8771d68141a75f32222e9f8ddcd9f4dcd40842e1deb886d2832452269fd1a3b1f765a6c7128dc225a4b81d475611f2d984558d785329519a2d2f131f4de563dd8a626addf8c538ef63edd5f208f580dca38883e14e272a143d6350b0aa0051015724303f8b39aa90f5700630cbfaa1171c5a013329fc02fb357fcbbc01970ccd93f7104bb7c90842b0ddd4a6953cb
I: MonitorObliviousTransfer::next
I: GeneratePublicKey::next
D:  sending message (size 0.000384 MB)
I: MonitorObliviousTransfer::next
I: SendPublicKey::next
I: MonitorObliviousTransfer::next
I: RecvEncryptedMessages::next
I: MonitorObliviousTransfer::next
I: DecryptChosenMessage::next
I: MonitorObliviousTransfer::next
I: ChooserDone::next
I: MonitorObliviousTransfer::next
I: MonitorObliviousTransfer::next
I: InitChooser::next
I: MonitorObliviousTransfer::next
I: RecvConstant::next
D: received message: fed11a51d3efdddc8eac05c5803d4a05465a22102ebcbd1ed58f600cbe413af73e9b113accca1f29df4724fd63c147f05be02fe00c0d9ba74b992a59f9bc5ea7689fcd1923653d0dbc1d27b8c6aca3c9d1d7cbe9870e8935b0edaaaf44137858fa39e2488fecfff5a2474199774030cf57c808251bc86189f9fc87b62b8609e0491b5c92e6af269889db84662bde060065281cb179ddd7be6fc7fd2958cf114aa8966dce1aa0cc89a5f7db8d097cefa1eabf117465874a9b41345c0a042ea2a9
I: MonitorObliviousTransfer::next
I: GeneratePublicKey::next
D:  sending message (size 0.000384 MB)
I: MonitorObliviousTransfer::next
I: SendPublicKey::next
I: MonitorObliviousTransfer::next
I: RecvEncryptedMessages::next
I: MonitorObliviousTransfer::next
I: DecryptChosenMessage::next
I: MonitorObliviousTransfer::next
I: ChooserDone::next
I: MonitorObliviousTransfer::next
I: MonitorObliviousTransfer::next
I: EvaluateCircuit::next
D:  sending message (size 0.000001 MB)
I: SendFlagBit::next
I: ==== round duration: 3890.104980 ms ====
I: MonitorCopyMonitorStateLabels::next
I: RecvGarbledGates::next
I: RecvSystemInputLabels::next
I: RecvFlagBitLabels::next
I: EvaluateCircuit::next
D:  sending message (size 0.000001 MB)
I: SendFlagBit::next
I: ==== round duration: 3704.463867 ms ====
I: MonitorCopyMonitorStateLabels::next
I: RecvGarbledGates::next
I: RecvSystemInputLabels::next
I: RecvFlagBitLabels::next
I: EvaluateCircuit::next
D:  sending message (size 0.000001 MB)
I: SendFlagBit::next
I: ==== round duration: 4129.998535 ms ====
I: FaultObserved::next
I: MonitorDone::next
