I: parsing spec file timekeeper.v...
skipping synthesis, BLIF file already exists.
I: parsing BLIF file synth.blif...
D: inputs and outputs parsed.
D: circuit initialized.
D: connections (#12994) parsed.
D: gates (#138661) parsed.
D: outputs: 151340 151343 151346 151349 151352 151355 151358 151361 151364 151367 151370 151373 151376 151379 151382 151385 151388 151391 151394 151397 151400 151403 151406 151409 151412 151415 151418 151421 151424 151427 151430 151433 151436 151439 151442 151445 151448 151451 151454 151457 151460 151463 151466 151469 151472 151475 151478 151481 151484 151487 151490 151493 151496 151499 151502 151505 151508 151511 151514 151517 151520 151523 151526 151529 151336 
D: circuit size: 151530
D: adding identity gates for outputs...
D: outputs after identity: 151595 151596 151597 151598 151599 151600 151601 151602 151603 151604 151605 151606 151607 151608 151609 151610 151611 151612 151613 151614 151615 151616 151617 151618 151619 151620 151621 151622 151623 151624 151625 151626 151627 151628 151629 151630 151631 151632 151633 151634 151635 151636 151637 151638 151639 151640 151641 151642 151643 151644 151645 151646 151647 151648 151649 151650 151651 151652 151653 151654 151655 151656 151657 151658 151659 
D: circuit size after identity: 151660
I: initializing safe primes...
I: using prime modulus 32317006071311007300338913926423828248817941241140239112842009751400741706634354222619689417363569347117901737909704191754605873209195028853758986185622153212175412514901774520270235796078236248884246189477587641105928646099411723245426622522193230540919037680524235519125679715870117001058055877651038861847280257976054903569732561526167081339361799541336476559160368317896729073178384589680639671900977202194168647225871031411336429319536193471636533209717077448227988588565369208645296636077250268955505928362751121174096972998068410554359584866583291642136218231078990999448652468262416972035911852507045361090559
D:  sending message (size 0.000006 MB)
I: InitMonitor::next
D:  sending message (size 2.605196 MB)
I: SendCircuit::next
I: RecvGarbledGates::next
I: RecvSystemInputLabels::next
I: RecvFlagBitLabels::next
I: MonitorObliviousTransfer::next
I: InitChooser::next
I: MonitorObliviousTransfer::next
I: RecvConstant::next
D: received message: 1344fecb30df212e7402f0352078a7f3b3b5af278dbf4fad1c837050d840f0ea226a97bf966ac5ef4cce7b8d4e73b0db1c6b08bc9fe726cf4e4b82ed6912eb41ad6e1a3d988ac1a88f4e4cd869f6ce79f395a5a3438691d7125924b32449ddf00ee84b43372dd919f8ddf5a02aa72ae20dea27663537d78ec59b987ee8f86c4821bcc4c0fc1fb4e83599eedab8dfee19f38196c4cae70e1367ecbc6ef9816b230bbfb72840339487e71a46634e605c76ac626bf8f346527acc869b70a295ec707d94c20606cd09d0bf59a179ec6a04d257b6ad62bd72ed467981d8d8f045a77157f69333c986649bf12fd95d37b0cec04ecaa20757cb3a4764441586734b0032
I: MonitorObliviousTransfer::next
I: GeneratePublicKey::next
D:  sending message (size 0.000510 MB)
I: MonitorObliviousTransfer::next
I: SendPublicKey::next
I: MonitorObliviousTransfer::next
I: RecvEncryptedMessages::next
I: MonitorObliviousTransfer::next
I: DecryptChosenMessage::next
I: MonitorObliviousTransfer::next
I: ChooserDone::next
I: MonitorObliviousTransfer::next
I: MonitorObliviousTransfer::next
I: InitChooser::next
I: MonitorObliviousTransfer::next
I: RecvConstant::next
D: received message: f30438cf9fa7a702c60a8a3d91cd4cc25352db05228fc1bd8e7ee44e616f672920a3703b3c9f520b3e3ab8396bac776f7553b2fad3fefa918fcacebc9cef86937043dd6043b689a0b60830db0c9fd2033b4544006813393897dc3013246898802cd16803b17178929afc7a55addcc5083b248a2f33fc38bf567a7e6224387fd88215b51b1be5e04f5345b97df0c9a10510b9bee61e0ffae757406c41942721569d6c814feb5f276383ed31fb941300ddb5c62f1cfca94fa648a0956615b571c69489d34d0403e5c30c34a9c879337f3408f418d89940727b7685c61a026af7b05ea24b94e7e0090fa3cdc91b00834a72a06e73c1a86d5d1ca4bc212d856077b4
I: MonitorObliviousTransfer::next
I: GeneratePublicKey::next
D:  sending message (size 0.000512 MB)
I: MonitorObliviousTransfer::next
I: SendPublicKey::next
I: MonitorObliviousTransfer::next
I: RecvEncryptedMessages::next
I: MonitorObliviousTransfer::next
I: DecryptChosenMessage::next
I: MonitorObliviousTransfer::next
I: ChooserDone::next
I: MonitorObliviousTransfer::next
I: MonitorObliviousTransfer::next
I: InitChooser::next
I: MonitorObliviousTransfer::next
I: RecvConstant::next
D: received message: c1ed259adfba4320c22eeb34f8656892ff07ec5035587a49b255f95d59a6bb1ae55709cc666401ff1d1ed81ea4fe016f6492f063ad4f08f9f97e00e66093728dd0eca75abeeaba60ae3adac131d3c03b7d2a35f07759ba021029a4fda47738d08e031deb5cabcf537a6c8ee4fd3e796db4d77c8d5d843f554e5ffefff5e64edd9628f4db6b61722d318efc178eb5c32882510fce95f73c8f99283e759866f8467604f706dd326155f1d11960f333cc014816abae30eadbc5fa0c4fcaa1e45c23349dcd4a745d8cf56e88610e1fecf4699c3389f802d591a61da663a9b12bbbc5ca2eb61aef5453c6cca65057232d795647f66eebc2d7dda54fb489fc67a1eada
I: MonitorObliviousTransfer::next
I: GeneratePublicKey::next
D:  sending message (size 0.000512 MB)
I: MonitorObliviousTransfer::next
I: SendPublicKey::next
I: MonitorObliviousTransfer::next
I: RecvEncryptedMessages::next
I: MonitorObliviousTransfer::next
I: DecryptChosenMessage::next
I: MonitorObliviousTransfer::next
I: ChooserDone::next
I: MonitorObliviousTransfer::next
I: MonitorObliviousTransfer::next
I: InitChooser::next
I: MonitorObliviousTransfer::next
I: RecvConstant::next
D: received message: e2892962314d371664292684b5f39c02210ae27b1769b1db9a097931388e0eaec1cbcb0a129fd58d06a85bbb252249d6da770fbb61a67bf7d8a3469738e81f7c33a0904955061284dec0bbc5c042719f3e0b703e63aa52f366a4934b5b2de6a7bf0795fecc286edb3bf869b1591c45946c10eb00ececfdc597e7aa66700eb6219a309bb6f58a76c98b380c40678a520b6ad18620827535ffb1a133630dbf3a4e78f340d0a1f1be8588f32007fba9defb74878011b167b73c04686579dd172f4caa81d21fa6335cfc580d2666c51a6c70d1032df840a86f40800f7b7dfb939f8d08d59b9615f5d46c038ef9619343f9f7524a7d6222367e23f75e3ff326ee2ba8
I: MonitorObliviousTransfer::next
I: GeneratePublicKey::next
D:  sending message (size 0.000511 MB)
I: MonitorObliviousTransfer::next
I: SendPublicKey::next
I: MonitorObliviousTransfer::next
I: RecvEncryptedMessages::next
I: MonitorObliviousTransfer::next
I: DecryptChosenMessage::next
I: MonitorObliviousTransfer::next
I: ChooserDone::next
I: MonitorObliviousTransfer::next
I: MonitorObliviousTransfer::next
I: InitChooser::next
I: MonitorObliviousTransfer::next
I: RecvConstant::next
D: received message: 3fc0578daad296d8952661aca393274f9285b646e6546b528b9dad64d4cdae5c14384ef86e010da95a8194b70500fca9b279a2095735893cc529d92a93f2c8101918cf13bcec5951af73a8ad38263942a2c7afadf2439a32849a6880bfb7b70ada4f3081ef9086cb9389d74dc817a2ab27d988ef534e76c1e76a8b956f8a22ef87731aaa71be2fccbcd148507c1aad0c700f3f2bfbf915597a6cfe1d4b0224ac7adedb5e212ee0837f520d596f67a387e8dc6ab37b562be9127475629d430f7b4862f95eab76bb509b4a7e928259abe6a416ebb71f12bdecdec7580e2b2a22002ec9298db06acb6dc9aca164de0c17def7bc6e57a5fd8ae0b2dfdd242a0a0519
I: MonitorObliviousTransfer::next
I: GeneratePublicKey::next
D:  sending message (size 0.000512 MB)
I: MonitorObliviousTransfer::next
I: SendPublicKey::next
I: MonitorObliviousTransfer::next
I: RecvEncryptedMessages::next
I: MonitorObliviousTransfer::next
I: DecryptChosenMessage::next
I: MonitorObliviousTransfer::next
I: ChooserDone::next
I: MonitorObliviousTransfer::next
I: MonitorObliviousTransfer::next
I: InitChooser::next
I: MonitorObliviousTransfer::next
I: RecvConstant::next
D: received message: 8ef6a4edd1cc61604c0f3751d0b69e2ea7d73fa2d176cf37e57b25f98f5ee451354b5fcf3c3c4b3eb7355eb5870c5bcfb7ef6b8c04f3d5e373fcd3d8a9ff878dd3ccc30b84208b026985b09211286687ed7ae63eb08c7b3f36705e7cebd53497d450daee3dc30498252f0cdd05cdfcd5cf0d7453c4c8af55540801b4d13075f9862fefd72a6577853abb2dca6eae53f4ca8e9632e09f5618007448bf9b13f1ff5287900367d9b057da4826e26c73b7ef4df1224410b430cadb012eb00dff4219d751711ec70218c33d997550c800f4449012067237c9facfa9c3fbf5c17937074dba9728a96b4ff14edfaf4d9d5f1d4d2e64a3243d126a6a9be4b28718da5615
I: MonitorObliviousTransfer::next
I: GeneratePublicKey::next
D:  sending message (size 0.000511 MB)
I: MonitorObliviousTransfer::next
I: SendPublicKey::next
I: MonitorObliviousTransfer::next
I: RecvEncryptedMessages::next
I: MonitorObliviousTransfer::next
I: DecryptChosenMessage::next
I: MonitorObliviousTransfer::next
I: ChooserDone::next
I: MonitorObliviousTransfer::next
I: MonitorObliviousTransfer::next
I: InitChooser::next
I: MonitorObliviousTransfer::next
I: RecvConstant::next
D: received message: 7de1fd89c665146cda0106af87e3b22930bb9cc14916594ae046906b695d0e1b1eb2da35a525192f38a4113be79750be1c84a4d79044ba8c4dcc9f2c460d84921cee411242c6e31106c2e1004d6464f7fa767d53384c8bedef35735582802d4639e1a5aa2c2e31f40647587aed00e75d7fa869ee0c182b61dc6f80b13c3201efbc40d64eb27fb0b18a9f4e34224218013e1d69761476d271b74cc5f21b127be7384bfb216f13d9370ae277db3009b0cdee25c1934fcd41d33d19ca42f1ce3c4d2fb13313ffe97634a650b9f0e56e21fd46cca246a8401336b91cb4fd81329dd6cc2bead997f3a34aefd2b5a91f2e39137c2d6352376bae4d1b91735e2e7466c1
I: MonitorObliviousTransfer::next
I: GeneratePublicKey::next
D:  sending message (size 0.000512 MB)
I: MonitorObliviousTransfer::next
I: SendPublicKey::next
I: MonitorObliviousTransfer::next
I: RecvEncryptedMessages::next
I: MonitorObliviousTransfer::next
I: DecryptChosenMessage::next
I: MonitorObliviousTransfer::next
I: ChooserDone::next
I: MonitorObliviousTransfer::next
I: MonitorObliviousTransfer::next
I: InitChooser::next
I: MonitorObliviousTransfer::next
I: RecvConstant::next
D: received message: c4314d2aede350a819e6286df710898f59385c1e8c2c10312e4d7eca509fbd1cc5777f3cff18d41afbe3a6740915d4e042e26b2352dc79973a4202ace5a175c930399b56ab1ca69d0efe27dc0e9fd27ca50bd5ea82a47e5786d16f91ea8b21bb94a36aedd19ae79c7c3e38b34f88b84895f09e7d5e3e8e344b596ca40a24f619906c55a1ec524b54a1dd32fc3ff9f06f6ca032320992cc38eec047ffcd0449627e95281df5e9c0c0abae78adcef175a3b97983dceb6055e8c052e8b947069554ede0db577b1b505e9318d42ad706bfdba306334fc65d8c7d13be7ce4abb4aa13b002924a95128e14748680f33713e862c538c25b0694fe650e279bb8ca9f89bc
I: MonitorObliviousTransfer::next
I: GeneratePublicKey::next
D:  sending message (size 0.000512 MB)
I: MonitorObliviousTransfer::next
I: SendPublicKey::next
I: MonitorObliviousTransfer::next
I: RecvEncryptedMessages::next
I: MonitorObliviousTransfer::next
I: DecryptChosenMessage::next
I: MonitorObliviousTransfer::next
I: ChooserDone::next
I: MonitorObliviousTransfer::next
I: MonitorObliviousTransfer::next
I: InitChooser::next
I: MonitorObliviousTransfer::next
I: RecvConstant::next
D: received message: 9f722a9cbadf7130551a3ca56a0be8dcf89b1b865a61fc742b1dfe2ebb8c382c64c392fea3f453eea36a06f911eb5f391e8999fd7d13367611ff12c43751ee3df708cd9ef890e6edcde7ee491938e1ea6d292ea17592bfdd65bcd7f22fc3c25784ce8ba8bdc6c4bcbe0caa8d06633bfcb860a3da12f15aee03af5084c5b165c704c0323b0c2f1c6a19a7cddd27556070ae7a57ec1851f4612a505cfa2dcfc02e48b64ffd6f65646fdfb667a043c3b4b7d18acb6c6519f99c582604033792140bcbd082a6c0a345a61bf373880d856b1ed9d27148c626cd8ce75735912c3f2d574004d25a509597616d6efd8d42f2e7093e0a12a836b7d22965cf825a3f6c1ffb
I: MonitorObliviousTransfer::next
I: GeneratePublicKey::next
D:  sending message (size 0.000512 MB)
I: MonitorObliviousTransfer::next
I: SendPublicKey::next
I: MonitorObliviousTransfer::next
I: RecvEncryptedMessages::next
I: MonitorObliviousTransfer::next
I: DecryptChosenMessage::next
I: MonitorObliviousTransfer::next
I: ChooserDone::next
I: MonitorObliviousTransfer::next
I: MonitorObliviousTransfer::next
I: InitChooser::next
I: MonitorObliviousTransfer::next
I: RecvConstant::next
D: received message: 5a9738e0a3202c2e2b6fab18cb6f4ce9ca37afbaf25bfae5bd16de79d3db1d3f1e302b995746222df4030b7323310b16259f4b5766305c7ad5b1466ebbb437f7f043af87cc494e428e808dfca592715b16ce74d348045b292b5f3a852ec5c1e7abbc3ef7a36c65c9d25f435c18b1b3b55df5a4aaaece88d6862ff92271efb85f8fd285aa7ac953dbad046ac3bf2125424c88ddceebc8dccafd627c679a5dd4754c26cc6354d7f12d7333a086e3c1db4d2f5a2092c98ff91bdf64bd30962ebd7ab062a115691b70660ff71ae4fd2391f002fc675158deda3a551625504422fa333a8f536aee1c5bb84ae4f4844013504832adf4ceffbc73a37389923d22fa1b97
I: MonitorObliviousTransfer::next
I: GeneratePublicKey::next
D:  sending message (size 0.000511 MB)
I: MonitorObliviousTransfer::next
I: SendPublicKey::next
I: MonitorObliviousTransfer::next
I: RecvEncryptedMessages::next
I: MonitorObliviousTransfer::next
I: DecryptChosenMessage::next
I: MonitorObliviousTransfer::next
I: ChooserDone::next
I: MonitorObliviousTransfer::next
I: MonitorObliviousTransfer::next
I: InitChooser::next
I: MonitorObliviousTransfer::next
I: RecvConstant::next
D: received message: c49d53e9684c738ea9c125319cdb0534bf1a3c738a5154d471d89b4dab441746ec35c66983c621868fd747f74fadaeeea751e5d1c6cac1d8b2457c66fa59b99cc1b74668e73410451844f06eb6bba7657be92de1cdcfa1b98782912b1ec20067817d40249ba3d89cafa675cef72f5eb5b27b3435a9a1f33abdc93925c193513005595d6a2e3a5c15a948e5e1cb959921f4e53572647bd071c492c4926e369d0f2075c412ee76098a21e0fbf4dd8cdb331002997400efd52c3856ef09dbac99a00425b8bcf08d6d85ef195ab87fd8130109edd63dfd9a98278b9c68f40839db691d1312d742c37992242bdaf9b77c5ac52a7856b48e3f35d58fbe780cbc26a6de
I: MonitorObliviousTransfer::next
I: GeneratePublicKey::next
D:  sending message (size 0.000512 MB)
I: MonitorObliviousTransfer::next
I: SendPublicKey::next
I: MonitorObliviousTransfer::next
I: RecvEncryptedMessages::next
I: MonitorObliviousTransfer::next
I: DecryptChosenMessage::next
I: MonitorObliviousTransfer::next
I: ChooserDone::next
I: MonitorObliviousTransfer::next
I: MonitorObliviousTransfer::next
I: InitChooser::next
I: MonitorObliviousTransfer::next
I: RecvConstant::next
D: received message: 6a43d98d14e08a33620e32e95a3821243308faa93b101ca8a86c7b1c8f24aa3d76cf7ba8dcb1a05d646a96403bee881ae0a04380dc500d83fc571bcf0eabe655121790d9c8e2d7ddff19215935a6edaf616b8fdc2d8d6aa256b392ba19e6d283bc8cb0094e03ffbc2267187041e065d7faa7503abcd489fcb4bb145e8497ee96fff34d315e50608382a811d6d35ac7def9378a573279c35ff35fc9022a4dfe7e998e5308e7d047987b06994f907be4122e74174f4de34f449c50792891c78ca09f9dfd1516ca8639c6625f624a7498c2a8dc26dded4cc11536d3f51af74df2a289b6d218d4581de70faa68fbc3837938c53f7bac63a76b58d79f46a705c81d0b
I: MonitorObliviousTransfer::next
I: GeneratePublicKey::next
D:  sending message (size 0.000512 MB)
I: MonitorObliviousTransfer::next
I: SendPublicKey::next
I: MonitorObliviousTransfer::next
I: RecvEncryptedMessages::next
I: MonitorObliviousTransfer::next
I: DecryptChosenMessage::next
I: MonitorObliviousTransfer::next
I: ChooserDone::next
I: MonitorObliviousTransfer::next
I: MonitorObliviousTransfer::next
I: InitChooser::next
I: MonitorObliviousTransfer::next
I: RecvConstant::next
D: received message: a1ce8bca0735a58554505ecd51d422964bf21cbdc80f85da124688338829525a466e1023ce3f05efe785aafae87c48cd3bb6445b5e4f292ca169960ae0e2591201879992b420b37c29ed7cd3ea6b1713667e5913ea10c7aff4a5a1ed1761630a3e922a882b1b79708505fbeb87e366e700a813d90927268282050947d8c0e04fea7aa319abec5dec5d1dce17caf4456cf7e73637c21b56114347644e7cdc0045b95ea038b746adb5455c0f6036494e06702d90d0be2b7e409602068c1223d2f3df695e9adc5e2c277e46521a305af3dbc38a236d0ea218a5c07c63fdbe6083afdbd1891719cb544c94e80108cd70ca13f14ddfb7cf4d39dfa6dda599eef62d3f
I: MonitorObliviousTransfer::next
I: GeneratePublicKey::next
D:  sending message (size 0.000512 MB)
I: MonitorObliviousTransfer::next
I: SendPublicKey::next
I: MonitorObliviousTransfer::next
I: RecvEncryptedMessages::next
I: MonitorObliviousTransfer::next
I: DecryptChosenMessage::next
I: MonitorObliviousTransfer::next
I: ChooserDone::next
I: MonitorObliviousTransfer::next
I: MonitorObliviousTransfer::next
I: InitChooser::next
I: MonitorObliviousTransfer::next
I: RecvConstant::next
D: received message: b1c61b07e5aa158bd731643f7852a64c79ca63c76445958dbba2f91c8f4a25f62c81365560282db2516e4610ca01a6903dbf4e8bd6262bd8058c7a0d39e67e9b98a15525772b32a9c947c54c33dd1c6126c2ad423dfdb1783158e49d76c1895a61037a0a009f18c2eda502ae76a3c10f5f3ebc218f521c57ae874bded23eafc3b72679482551ed6a2b9341cf5d88a184048d46a2d42c7d0b908e5bfb3e590d20b3cb891987b7050259cc742c86ff9c7a2b038b6f897a2ad7adeccd8cc6eef6268f661303d5c4eba35cc0fc2b28819a6f3b2ba971011794f7f2967cf6deab08f626e69f4e09886f7398c4a99010c984bbb9e3c198394e79a96b4f892203e0cc04
I: MonitorObliviousTransfer::next
I: GeneratePublicKey::next
D:  sending message (size 0.000512 MB)
I: MonitorObliviousTransfer::next
I: SendPublicKey::next
I: MonitorObliviousTransfer::next
I: RecvEncryptedMessages::next
I: MonitorObliviousTransfer::next
I: DecryptChosenMessage::next
I: MonitorObliviousTransfer::next
I: ChooserDone::next
I: MonitorObliviousTransfer::next
I: MonitorObliviousTransfer::next
I: InitChooser::next
I: MonitorObliviousTransfer::next
I: RecvConstant::next
D: received message: 602131159c56b0cc0f691fe28116793dabaabb2738be4c52a679fb87485ab5e2cb3a9c61c2235c1335ec8c8481e0daf662afe1eec9c7cbffac508599022468ffe9b7fbd2ec437897e0110325f830e7f5bd0632859de6b580776126204ddab45cea10a6d8ce793f3d18c53dbad77c1fedfff86b2fa4bf7b802f5a002d11498f156e6c4c4a03da07c815f373c2e557f70e5ee658f300b93f1852a9f9f6805bd230bfa5faf52804ce48e7483d73e70467db0a0b8076948a511345a083f0b043a0e219e653bfa735efaa53714058b0d8ed52f260ff8ffdf01472e4b2a8c5090531e2ecc0803e2483f582dfa130ebd9cc72bb0970d314cd37e7c866ad6ad0d10d3923
I: MonitorObliviousTransfer::next
I: GeneratePublicKey::next
D:  sending message (size 0.000512 MB)
I: MonitorObliviousTransfer::next
I: SendPublicKey::next
I: MonitorObliviousTransfer::next
I: RecvEncryptedMessages::next
I: MonitorObliviousTransfer::next
I: DecryptChosenMessage::next
I: MonitorObliviousTransfer::next
I: ChooserDone::next
I: MonitorObliviousTransfer::next
I: MonitorObliviousTransfer::next
I: InitChooser::next
I: MonitorObliviousTransfer::next
I: RecvConstant::next
D: received message: 4d345ea8355213e683972a00a486ecb586eeeaf74448e4966050e2d22e02cdbdaca8cd5b3741cd0e95aea386e3ce845e5936f84206e985bca043728383ae3bfacc72efd310ed26af1b0dd801d95b39a5dc701d0b25cfe13d89bec666a9dce7bae8aa6d565bfca055a75ad1eb0a789ce81066e0e0dbed208dbec67040c7d3b4ee00e0dad9db6b91e16f464b4dc1d14117f6c47e84dd1f4fcf90dfa1ab9d6672ddeb436abbef30968ece733a442752cf8bd1854ff6c02f4a828b17b8e41aa30218d85277fd255b1fa23b61053c1d4e57a9537b42f7fc61622449540bdfdc17e1255215c1aa19a37a73a1cc6546d9c1cfa529e759bc3aa390272601b45be6e9240
I: MonitorObliviousTransfer::next
I: GeneratePublicKey::next
D:  sending message (size 0.000512 MB)
I: MonitorObliviousTransfer::next
I: SendPublicKey::next
I: MonitorObliviousTransfer::next
I: RecvEncryptedMessages::next
I: MonitorObliviousTransfer::next
I: DecryptChosenMessage::next
I: MonitorObliviousTransfer::next
I: ChooserDone::next
I: MonitorObliviousTransfer::next
I: MonitorObliviousTransfer::next
I: InitChooser::next
I: MonitorObliviousTransfer::next
I: RecvConstant::next
D: received message: 4cbf5c52b188188311e1812aade8b48669101ef8d38d743e72e3ebd14bc83eb11e24f04a67041d2b71a16f3f042e418d3409b49700da10937834a12de62ec5f8191dfe2166e8d2690cfcc6259e2cbac6efe23c50449f7cb26074193ae647f4ea824b5b2ea1d31a718a37fd9f1e3912745087f40c5716b7044120e26b5ca737f73d953412cfe5d0f46d90f607ac60d87adf67ecae6cd40b14710c0da4659aa1427d43bf6ab891b0fc68d7500698f62b3536bf3b949d9b27585e86e93affdf7fbfa1df1c1a368d3d362faeed51df7e3e2b2b1937d98c5ca4bc3f11ab3a78a69cc31120ea346031753a0bf68e69ce5f4924504230b9e7149c2fca081ddcff48c252
I: MonitorObliviousTransfer::next
I: GeneratePublicKey::next
D:  sending message (size 0.000512 MB)
I: MonitorObliviousTransfer::next
I: SendPublicKey::next
I: MonitorObliviousTransfer::next
I: RecvEncryptedMessages::next
I: MonitorObliviousTransfer::next
I: DecryptChosenMessage::next
I: MonitorObliviousTransfer::next
I: ChooserDone::next
I: MonitorObliviousTransfer::next
I: MonitorObliviousTransfer::next
I: InitChooser::next
I: MonitorObliviousTransfer::next
I: RecvConstant::next
D: received message: 6182990521a1bd805d7e6b7d0c71eac256cab338874da61dc1c590695d93927393176a2784c8d99aa0b387563eca418fb6892431886806a6899b993083585b86df2140d2974b9572b5135a5d2cb9ac88637728ee227c629e6bb650e6577525d08dd2928bad355947589e2749811d6989645d00068ccba1fd6c742556ecf944cf7c36422bf72e73304b8e2aed0522a43a24520e8469cadb2ed9782c905c0221fad342c40ff8040ec3ec821449bd1187154025fd5e7814ebe3a6bd61f4154067d24eab069960b01e1626485f6293508617b5ae456021b632b77b2e82f0e9e304c6c1a2098e1b08c72770387f88d8b4ca7e8991174c6612e189344ff4a8140438c
I: MonitorObliviousTransfer::next
I: GeneratePublicKey::next
D:  sending message (size 0.000512 MB)
I: MonitorObliviousTransfer::next
I: SendPublicKey::next
I: MonitorObliviousTransfer::next
I: RecvEncryptedMessages::next
I: MonitorObliviousTransfer::next
I: DecryptChosenMessage::next
I: MonitorObliviousTransfer::next
I: ChooserDone::next
I: MonitorObliviousTransfer::next
I: MonitorObliviousTransfer::next
I: InitChooser::next
I: MonitorObliviousTransfer::next
I: RecvConstant::next
D: received message: 3af4d67ad261a401a9830e9a403580eaf5dea338fa7112b326daeed6a558c311cd3fa25db59b1a6d147dc37f057e3ebdd1868a78ad5761e8398f791ab3546dda32b4628804530e6142b49b7f473d26bf7ab9552c0e75c0116ceaf110ab3d500fdd166de0a29373b104a15bbee147acef4cf9fe7e7657456c850a25cdddf2a0430540cdd622ca503a03168e411d03dbc97d16f03431d7549e7bcc9cabf041786d3bf5875313eee05c8b64d56173a5c1977c78f0c22827fec3dd3c13f94bd2adb42b3c0fef3b43d64833ba3ef5db68777c0432623616bd413ae1783d934ce041693f63c09d7b3a9fc7d6faa5a049929e31dced6700446b338e2e4728013bd5734f
I: MonitorObliviousTransfer::next
I: GeneratePublicKey::next
D:  sending message (size 0.000512 MB)
I: MonitorObliviousTransfer::next
I: SendPublicKey::next
I: MonitorObliviousTransfer::next
I: RecvEncryptedMessages::next
I: MonitorObliviousTransfer::next
I: DecryptChosenMessage::next
I: MonitorObliviousTransfer::next
I: ChooserDone::next
I: MonitorObliviousTransfer::next
I: MonitorObliviousTransfer::next
I: InitChooser::next
I: MonitorObliviousTransfer::next
I: RecvConstant::next
D: received message: def7cb17de560845d108e33418181978b23b9acffef068896a89be6414f816fb8378d2b5453c76948f38158bb5d739348df25b1af2af5653562fbe65b1c00442fe8f5b250b139f177d2f98ba7287551cff139e79dd92706832be7e72f19678b733eb72508e16b23df2f616af6f29c96fac7029732b4501e031d5addfbc4f2f4b33197145c65927cb85de24280370df64f09ed9a72f6336c21ca31aa7a5164668d24951e7a9542a60f9a0c90e262c8557cea8153f23ec3dd8b2188ee6a775140c712e648d5b527a51bc5091f51122bdb5e45091238ad8c39cd9c73db4d132cb855293742ba02b63b15d749bd9a4189ff765e8e75377e0083b08d53ccce31fffc1
I: MonitorObliviousTransfer::next
I: GeneratePublicKey::next
D:  sending message (size 0.000511 MB)
I: MonitorObliviousTransfer::next
I: SendPublicKey::next
I: MonitorObliviousTransfer::next
I: RecvEncryptedMessages::next
I: MonitorObliviousTransfer::next
I: DecryptChosenMessage::next
I: MonitorObliviousTransfer::next
I: ChooserDone::next
I: MonitorObliviousTransfer::next
I: MonitorObliviousTransfer::next
I: InitChooser::next
I: MonitorObliviousTransfer::next
I: RecvConstant::next
D: received message: 382b69fe1e07647d481e1af7188185751f7ba7f89ae8b3b8b16b6addc1620a209d4ff56aae7d2184defaf2fb54a9c327eae9ae36867fc8942e35139a9ff4c4ca8f3be83f6b7db16c429356c2af7182e3214dbcfc01718d075d9fe040f3eb8280e5f83c980f402e73e0e4d11876ba1d3df301ba8ce86191fe0b95da5264aa8ad3a2f37572562430bf4c435125aeeec2f21a39b321be2e17822b372f225bc3e2087c495a8f199a27b7854a44a683cb1d69c89eae988f144d1ef934cc2f0912be158a70bd0e997ba73f8fc2b3410e819d0d41a0514b4bb22028920dd14359ee3fc324fec3295ba8764c7fb7d27d49f004a37f146e0ed82674ad05170c4f93003c3c
I: MonitorObliviousTransfer::next
I: GeneratePublicKey::next
D:  sending message (size 0.000512 MB)
I: MonitorObliviousTransfer::next
I: SendPublicKey::next
I: MonitorObliviousTransfer::next
I: RecvEncryptedMessages::next
I: MonitorObliviousTransfer::next
I: DecryptChosenMessage::next
I: MonitorObliviousTransfer::next
I: ChooserDone::next
I: MonitorObliviousTransfer::next
I: MonitorObliviousTransfer::next
I: InitChooser::next
I: MonitorObliviousTransfer::next
I: RecvConstant::next
D: received message: e80f24a02331f5466fe12880a5e5144edf93fe48e08d0a2778d55df382f4ce8531e415b7bc7f560daf7dbe433b374e79be3ae0380e193b8bc817ecb6e463ffe5fda1c021f489cdf8e6b8eaddf964526468ada7af4625efe8e1d0ce5e3a3fb1bd1358d466eb9e258665c8e353cde5084a249d1708ad0bc14875da8c2662af1a399aa60297eaeb02dded74b953a977bd597e5f0e0f412dc617a6a803481bdafcb8b06d46924f6d2e5c1d2b51348ca08aea17799a92631e079661e1868035d48b2544cca358262096aafe36beaec12efda6091b66fb97c3d813c6b9aa18b209b3c89e74b010b2133c722aeb4ae769474a826f637404447bf6acdaa3040d039ef1f5
I: MonitorObliviousTransfer::next
I: GeneratePublicKey::next
D:  sending message (size 0.000512 MB)
I: MonitorObliviousTransfer::next
I: SendPublicKey::next
I: MonitorObliviousTransfer::next
I: RecvEncryptedMessages::next
I: MonitorObliviousTransfer::next
I: DecryptChosenMessage::next
I: MonitorObliviousTransfer::next
I: ChooserDone::next
I: MonitorObliviousTransfer::next
I: MonitorObliviousTransfer::next
I: InitChooser::next
I: MonitorObliviousTransfer::next
I: RecvConstant::next
D: received message: a30a2587ef821a1bca977e82cef09c4410fc9ad0607fd0909708519c99c5ebc645db81a6fc7f7312901443cea5cba2a5f8a12bc0fbe67d0535f856baed5ee06363746df1d38695a2e0822ae2abd8db92830cb326685f9774e87cd76ccd470aa65c006d5ca24615e4f40c5e15b51c5d78f139ecf1c9b00234b7bd1f6358c99178f3f0dfbd212de4e75a899b97212bb5c040d92e43c34af4eb5dc6e979022564ba7326d59ae7a2ca516a5e3682da94ec6de1a0c57aa673ffe4925109d5496d76d3c1158cfb8645e1778cbbb1200bc41af9a9f6227c60acd5b7aa50cbf8c3e600f83b401338ee93d34c5f73069c9c8a20adc179e1a50ed82607be4974d1d4c9b7c7
I: MonitorObliviousTransfer::next
I: GeneratePublicKey::next
D:  sending message (size 0.000512 MB)
I: MonitorObliviousTransfer::next
I: SendPublicKey::next
I: MonitorObliviousTransfer::next
I: RecvEncryptedMessages::next
I: MonitorObliviousTransfer::next
I: DecryptChosenMessage::next
I: MonitorObliviousTransfer::next
I: ChooserDone::next
I: MonitorObliviousTransfer::next
I: MonitorObliviousTransfer::next
I: InitChooser::next
I: MonitorObliviousTransfer::next
I: RecvConstant::next
D: received message: 8291fec1682520c2285426d8c6dfad4b6b125d0b2f71d463aab085445625d7b8ab417bc218f8fb74256327b6da559a8eb0f8b336f2b51f19e50d6a235fc0a64b562e3d6d6306ec504a9af4611cc89254002e587a3c581581e6032795ac07a48fd7a696e2ee400ae4bab15d718c831b19d88abeb3e626aa923f19c8cd8a4906f21bf74b2d57e9f8dddce0b5d252480c792982e2b8279172e3f9522e4733b331afd21ae69c5655133bc4b8e71a24bb81596f00f6dd6f0f4528858c849de4c06d6343deab288094cb6bde02726f7498b596b6ff0298448b74c600717079b989e87f0f04a4476d1b664d79089fd882d140d2b8b9fbfa5110871c1b05507bb2d30885
I: MonitorObliviousTransfer::next
I: GeneratePublicKey::next
D:  sending message (size 0.000512 MB)
I: MonitorObliviousTransfer::next
I: SendPublicKey::next
I: MonitorObliviousTransfer::next
I: RecvEncryptedMessages::next
I: MonitorObliviousTransfer::next
I: DecryptChosenMessage::next
I: MonitorObliviousTransfer::next
I: ChooserDone::next
I: MonitorObliviousTransfer::next
I: MonitorObliviousTransfer::next
I: InitChooser::next
I: MonitorObliviousTransfer::next
I: RecvConstant::next
D: received message: c3f79bdd3602e15c7c8d229099deb04fa481a9045f268aba444f5364003473fbbd3fa6bce3fb25448b3b684e165987a3158e73ee8c1e52855360cee11bfec64261a72f32e2ff6f59f64602a5744dee98bb8587ead8525980e3bf3aeba3942c8cc533d6f12fada75fb3bfefbc0cc4507d1cae87c1f97859246843a94384a9d232a96ca3249fccc3d5939a66cf1585644e50068e1082fab71f99786b4bfe79365996af5309a46f9bd4d70df779c36d1559b25351f91341078dbc2c8ce68a228cb29a8a702171489279fa9e4a852d4f237897ad7e8b8b31abe778239d1f96457c08b8483b66d2da2c37149ce26bf547f879e11426b823585f1c9a406d1584213d34
I: MonitorObliviousTransfer::next
I: GeneratePublicKey::next
D:  sending message (size 0.000512 MB)
I: MonitorObliviousTransfer::next
I: SendPublicKey::next
I: MonitorObliviousTransfer::next
I: RecvEncryptedMessages::next
I: MonitorObliviousTransfer::next
I: DecryptChosenMessage::next
I: MonitorObliviousTransfer::next
I: ChooserDone::next
I: MonitorObliviousTransfer::next
I: MonitorObliviousTransfer::next
I: InitChooser::next
I: MonitorObliviousTransfer::next
I: RecvConstant::next
D: received message: 14a293a90cfe55d910f23fe15cc424fbc65293fb62547ea95704d4a076b5ccae58a4e55917b55c26208277e5b6196d1a978cb658548f4a6f64631c8536d431764c90d043679d2730dece48bb251d8cc611041d7ada908a58b40cc0f4f53dfe0d7ffc3d1269fef5b0d80ebeb2fef17f2224049e1909d7f93069fb8110a156af31177c60af9fc376b3ac84897c5d86bd7353cd2874df7e5fd3c4551b4d343ec81b7466804262d5cc65f1c72c1cb72d6a24584492113b79fcd237e572c06603c146ddecf8ea185f95281a06d42ccd05466095340bc7110cc66510890b9f20e8d8ea01dc1fda87cfa72e896b86907e857a8a7b6b6d778d91cf7e6b66376b85e2afba
I: MonitorObliviousTransfer::next
I: GeneratePublicKey::next
D:  sending message (size 0.000512 MB)
I: MonitorObliviousTransfer::next
I: SendPublicKey::next
I: MonitorObliviousTransfer::next
I: RecvEncryptedMessages::next
I: MonitorObliviousTransfer::next
I: DecryptChosenMessage::next
I: MonitorObliviousTransfer::next
I: ChooserDone::next
I: MonitorObliviousTransfer::next
I: MonitorObliviousTransfer::next
I: InitChooser::next
I: MonitorObliviousTransfer::next
I: RecvConstant::next
D: received message: 9a24dbaf23463911c677d476c42ddecc863143d16c1111377e3ae65a0d23cda62208d239ebd985ad552ed040949d8a5ae21fafb16c6a78722f8b98f1c092822f13838caa6a7707f0d96b37d45b791ad1843dc7ea4505726a1336ecea4fba200794be103805bec3730499d87c6fa8b31b558d8cd5a3c77be7b1bd4de6367ba517dd727e84b323af5cc742dacd4e1ff16764402366d54a40f9f19004c8a3e55a5dd25c6b322ae0b488d507e431aa371bb73fd23bc19be10ebebd2fb8652d21ad65a0a4b52b50cbf3af772874684a028e45506d45568b2c4425a31f4cd4e4cc0e961d2ff7731a96d3699a149a8654f376d1e29c4119f5e83d735c0a772c249c029e
I: MonitorObliviousTransfer::next
I: GeneratePublicKey::next
D:  sending message (size 0.000512 MB)
I: MonitorObliviousTransfer::next
I: SendPublicKey::next
I: MonitorObliviousTransfer::next
I: RecvEncryptedMessages::next
I: MonitorObliviousTransfer::next
I: DecryptChosenMessage::next
I: MonitorObliviousTransfer::next
I: ChooserDone::next
I: MonitorObliviousTransfer::next
I: MonitorObliviousTransfer::next
I: InitChooser::next
I: MonitorObliviousTransfer::next
I: RecvConstant::next
D: received message: 883ad7b4069ebb52e5defbea55ee4140dd01bae9b2579fd4f50bd33d279736500d6c16c92fed95cc91e177bc39cd7e1d7907a37f7ea62b5c9d22d11816e01d9de706df2a943656a4979ac4cdee8de37ef5145594b1074df0cd616d006eccffadbf12e4c29f05d680cda7e52567bfff887e1f90c8313d425fc23cb87dfc0ab0c706f245db6e69774cd5cd1e740346e5196f933d6eb22593edbef0fef746b035c7f1a105be628ee40857309a0bd03740d63fdf6f61ac15bbf17d54925dc8d242537f2ff609bc097c0cef4e5fe81ebc88c52d93630a3fcb9907ebcd724cc4586cd0ca0f1d40c22581215ec59031a1e3bd29b0b4e906d50ffbf701d226e6ceb2a851
I: MonitorObliviousTransfer::next
I: GeneratePublicKey::next
D:  sending message (size 0.000512 MB)
I: MonitorObliviousTransfer::next
I: SendPublicKey::next
I: MonitorObliviousTransfer::next
I: RecvEncryptedMessages::next
I: MonitorObliviousTransfer::next
I: DecryptChosenMessage::next
I: MonitorObliviousTransfer::next
I: ChooserDone::next
I: MonitorObliviousTransfer::next
I: MonitorObliviousTransfer::next
I: InitChooser::next
I: MonitorObliviousTransfer::next
I: RecvConstant::next
D: received message: 4b22d8fbb72583ccf4c2ee10db0ae591422f1abc413ffd4410e0d8d1de243f3eb0c3ab4051aeb01ca8bcb416700a4e7612c8c864d855213276f97f75ab909a767366a840d4546d1066f840a2e1b809fde212a86eb655394266beaba54aef01d8216f0f5badb17604885519999f0326b23a3f84bf3148faded3399f96223e12744e739f16f0b8a506a5db5d96de3122e480283b3cb8809d93a59752c9e1d69a3160c353e35e43188c392df5c22d9fe4421618764db8e5083ef16d180cb37dc7f40dd768b9e6d6ed9a200a1f776e1e46e8ae4236cf5d44b385b1d1ffbfe171d3a1d6dcd2548676b735a22ffacd900d8cf8c422167c7ff06d7d345670c1b2627937
I: MonitorObliviousTransfer::next
I: GeneratePublicKey::next
D:  sending message (size 0.000512 MB)
I: MonitorObliviousTransfer::next
I: SendPublicKey::next
I: MonitorObliviousTransfer::next
I: RecvEncryptedMessages::next
I: MonitorObliviousTransfer::next
I: DecryptChosenMessage::next
I: MonitorObliviousTransfer::next
I: ChooserDone::next
I: MonitorObliviousTransfer::next
I: MonitorObliviousTransfer::next
I: InitChooser::next
I: MonitorObliviousTransfer::next
I: RecvConstant::next
D: received message: e9661e2ba9c6841145762d015e2535f7e8ac218d41ef09f625a1687e37a3f6d8f3605a7889bd8fc3992fbc2232dbb5ec71f1801bc66e1b867526bb46a14b2f94756f96a0385a909c61351ec473275977b5251a00dcb617fdabdb06c1300b760542aadc421ad85c853d5ca69fa0b44bc31e29b41b0cf24c46ccec88eeb198fcf6621cc99cef747f5c47ed745d53d808798222ae41d489f27af8ddaeac5798e3b97eb70de5ca9726f00dab518a0f01d2857f725c3d91a49029b3ea8bc40e2aef0c56b40cb535d3382d010c374979bd313a24b228c7c825c1614b68416accca6a7fe4a2396f34721f39a6b6bc8f1ce3480fe4b923221e91277f0207fd3cb951152
I: MonitorObliviousTransfer::next
I: GeneratePublicKey::next
D:  sending message (size 0.000512 MB)
I: MonitorObliviousTransfer::next
I: SendPublicKey::next
I: MonitorObliviousTransfer::next
I: RecvEncryptedMessages::next
I: MonitorObliviousTransfer::next
I: DecryptChosenMessage::next
I: MonitorObliviousTransfer::next
I: ChooserDone::next
I: MonitorObliviousTransfer::next
I: MonitorObliviousTransfer::next
I: InitChooser::next
I: MonitorObliviousTransfer::next
I: RecvConstant::next
D: received message: f8c85858deefc2b81da04ef1313edb889835e12b7d1a067fec4f1d497b098bb3deb150372b02453ebf822081e2d7c22eca84dc07484cf1bd8d903ba8e29390d20ccfe42f7c4fcb4c5134016cd6aa26f7910349f6115213462b76864c7c15335db738c25c2d773707bc8df5eb635bb7da0aebe129533d15fb2305f7477d6dc3aaac5310bb5e49c149e0c935013b4d6b89981a0c837a6f17ec8ccdc9882ce7259ce5c70fab92fa0fad7bed61b1e462764bca77ac8a014046622d9c238a4d2a5f2d009ceed412225b2799291b6a1d72a7711c83cf7b1d1fc9bd07107451f7c02ff233b42181364dc5a394555b377ae81a7b8ad22dea2e88efa131c6585256298632
I: MonitorObliviousTransfer::next
I: GeneratePublicKey::next
D:  sending message (size 0.000512 MB)
I: MonitorObliviousTransfer::next
I: SendPublicKey::next
I: MonitorObliviousTransfer::next
I: RecvEncryptedMessages::next
I: MonitorObliviousTransfer::next
I: DecryptChosenMessage::next
I: MonitorObliviousTransfer::next
I: ChooserDone::next
I: MonitorObliviousTransfer::next
I: MonitorObliviousTransfer::next
I: InitChooser::next
I: MonitorObliviousTransfer::next
I: RecvConstant::next
D: received message: a6915e7bcc8b0592680286866a8b53c8667fb84a4648920e8eb98004d9c80eae8c786ea84099b21eccef3bf63e56abc433ce35fb0b8cd3643050ff16aa690356e08112b694f042a8ac9ce7b63a6bb33b0885617aaf4a330988ce6366da13492dde00e76369d1f7eca3057f70231319b8c140fe80b8f0fcd4af0844c319e0890048fde56fd9bf9762f2d427c2f131f13541c59e2d865314a88a6f6edf762c0881614bc50be39dd3de18f7ccab9e5f14270e3aad73886ec9882d7773078a2e735e2aac85b95edf5d5569c6a88ab2650d7e69153faf8e209ccb0a3a1a765bddda0766ee3b0d90519925318314d69d2fccf03aec980912d97343aa248ae28a41af63
I: MonitorObliviousTransfer::next
I: GeneratePublicKey::next
D:  sending message (size 0.000512 MB)
I: MonitorObliviousTransfer::next
I: SendPublicKey::next
I: MonitorObliviousTransfer::next
I: RecvEncryptedMessages::next
I: MonitorObliviousTransfer::next
I: DecryptChosenMessage::next
I: MonitorObliviousTransfer::next
I: ChooserDone::next
I: MonitorObliviousTransfer::next
I: MonitorObliviousTransfer::next
I: InitChooser::next
I: MonitorObliviousTransfer::next
I: RecvConstant::next
D: received message: 1cb0bb1ca6308659dd668a35e414fdf093831876c454cf5ef2b0fdd67f6fbf9b67039c4408d56d217d31cc342c7c5dbb22220b386a680a8106858b53ebdf7e05894fe3e02289fcefc3f5a823f3da6b841e2e558bce01d9b509486e72b96625a8e4319c7b861e7106a668ae3070b429ff34ef02633068e9b030133f9e76b3d146e0609932241a09ca868bcc4988a00dda6456ceaadbff9dd3fddbe317e20db05b150ec12273bfee14fa6587b9477086feb045eccc95211da080c79ba40dc921f53121fd1f5fa26a63d1898c719290daf161c6865d961ecbaa7c2b23bb52ae4fe8b09b0d9b2ca68b733490254d83ed4108d5b6594120c3a60e91c99957ab817b2a
I: MonitorObliviousTransfer::next
I: GeneratePublicKey::next
D:  sending message (size 0.000512 MB)
I: MonitorObliviousTransfer::next
I: SendPublicKey::next
I: MonitorObliviousTransfer::next
I: RecvEncryptedMessages::next
I: MonitorObliviousTransfer::next
I: DecryptChosenMessage::next
I: MonitorObliviousTransfer::next
I: ChooserDone::next
I: MonitorObliviousTransfer::next
I: MonitorObliviousTransfer::next
I: InitChooser::next
I: MonitorObliviousTransfer::next
I: RecvConstant::next
D: received message: c55db5f46388d9333ebdde5484f5bfe04e2a07a7cb55413de1f60fda86f0a9f0acf658a1bf7c05670a69f2adc6722a7b875cdb9f9a12ba19efcf8ead522e7563765f8b79092713a2326e69bd8ba7d8017a7623837c67fc030f856c309e48a7a31a2ebd693fda7a7a55efcbf4cb5b77cbfb47c3c04098bc1a0ae1751e393bc557ad0ef625fc6ec33875eb59a76fdf7cdd592f065fdb31caacfd9f2eb5d1747ea7968781e5a0f106f743b920496e294b99b1a67969e51da0892c4562f742c0e9a06e3c54cf402f0a4cc9771b2c41dd574ef808fbe1536b56097fa8857dad6a80de9f8ac03ca3deadb11539b240076452016d1134891c4343ee702abd49e124eed0
I: MonitorObliviousTransfer::next
I: GeneratePublicKey::next
D:  sending message (size 0.000512 MB)
I: MonitorObliviousTransfer::next
I: SendPublicKey::next
I: MonitorObliviousTransfer::next
I: RecvEncryptedMessages::next
I: MonitorObliviousTransfer::next
I: DecryptChosenMessage::next
I: MonitorObliviousTransfer::next
I: ChooserDone::next
I: MonitorObliviousTransfer::next
I: MonitorObliviousTransfer::next
I: InitChooser::next
I: MonitorObliviousTransfer::next
I: RecvConstant::next
D: received message: 134cda1c8203ce2d494eefa8aec470f57c1a162b0406c59772697925b7bc0b77c0739d6bd4579202a6f6f0d1604fff5c819988064e97f8dd037228c921d63306eedc72e5117b4f56f92e94853501bec6de3c780b4e8ac868f7a1b8b120cf0ea8f55ea98f0b7d2534ce3165733d489f22a4405d2f0794193b1857a0fe38ed2975e38bf28391f7c30f9b072bdc6d2db9eeb6994cbc24659bff0465439e9b848875e6d1fc194e95ea6fe8c8d433aef696ee4bfce1e3ca8774f17f034757b1a05e8a3f17779fac5f091004b10e9a7eba33f656674325c047404c4ab70dcedac3358bdf34cba08b2f722e0d9326c4804c598dc3a56355a5b68894a241b33e67104309
I: MonitorObliviousTransfer::next
I: GeneratePublicKey::next
D:  sending message (size 0.000512 MB)
I: MonitorObliviousTransfer::next
I: SendPublicKey::next
I: MonitorObliviousTransfer::next
I: RecvEncryptedMessages::next
I: MonitorObliviousTransfer::next
I: DecryptChosenMessage::next
I: MonitorObliviousTransfer::next
I: ChooserDone::next
I: MonitorObliviousTransfer::next
I: MonitorObliviousTransfer::next
I: InitChooser::next
I: MonitorObliviousTransfer::next
I: RecvConstant::next
D: received message: a67e34135835f2609acfb22e1115194653e0bbc8b8d70a82207fb0aca8a47802c678adaedf7a1838e31fbf37d99bdc1a5a93111450de3d5fd55338088b5603ee478c3e17f45414a5e808163e360b7118bf3a6466470012838dc098fe9bee471cb2aabfc9a3b8f66afcf880802814efbb1c08cd9cb96bd66a32feb0e3b6bef115b8acc2ba6083b27bc88a0dd32efd4003403900ff844114f32d5cf4ebc0e4d8ba803318f8a3d9f7052b89d47f25ec0152ea0988cd776bcdcfaf9936388a65048c8657c45bdb9d823816ab69a8977577204abb876d188725e450e138db5076719a3b1ad4dcbf56d7d805918c1fc6ae525b8c0d22ab726ebd480cf337847366f944
I: MonitorObliviousTransfer::next
I: GeneratePublicKey::next
D:  sending message (size 0.000512 MB)
I: MonitorObliviousTransfer::next
I: SendPublicKey::next
I: MonitorObliviousTransfer::next
I: RecvEncryptedMessages::next
I: MonitorObliviousTransfer::next
I: DecryptChosenMessage::next
I: MonitorObliviousTransfer::next
I: ChooserDone::next
I: MonitorObliviousTransfer::next
I: MonitorObliviousTransfer::next
I: InitChooser::next
I: MonitorObliviousTransfer::next
I: RecvConstant::next
D: received message: 3174afbf0ead94fe55ba65197b3c56aec3077255b177af57cbc886fc683e2b20850fdb845fca2136540e72863ce7c454fb5ca26dcdc968880fe0a5b86fbf058e724bef6093208e7b92aebcc9a8c56fd63a7f66d58a9add8adb5ca5e2e77be99b350f3f7f4a450c648ced0722a2f3116643bd70fb3d3d366aacb44a754406c466ef917da9542f2f970730c8921a84a2ce4782d05a6c3c61c1766b34ee114d00379cdfe604a97a4f7c8699d940681924e97c8e31606154f8e0dcc148c4fea4b4fe1f5865a94c7c99f4413f8d07f45187634704fc9c4179a8e9eef4ea532f57e1e178d607e9453b607e7c3b782af5a25c40a733e1d266bd618dd89f2bc840223610
I: MonitorObliviousTransfer::next
I: GeneratePublicKey::next
D:  sending message (size 0.000512 MB)
I: MonitorObliviousTransfer::next
I: SendPublicKey::next
I: MonitorObliviousTransfer::next
I: RecvEncryptedMessages::next
I: MonitorObliviousTransfer::next
I: DecryptChosenMessage::next
I: MonitorObliviousTransfer::next
I: ChooserDone::next
I: MonitorObliviousTransfer::next
I: MonitorObliviousTransfer::next
I: InitChooser::next
I: MonitorObliviousTransfer::next
I: RecvConstant::next
D: received message: e4322e9a8111108723eb6a07b3a2893755105eb484b1670ab6b0196175addfc5a0ebb9a178bfa20b22442ce16feb74f41580b0a446a2f4eff2a19697a52fc30ef4835c4618a88122747d07fb6239549d71b87be2c51b4308eaf465334a6a4a317601d773f43286ea947813af4242f9ce7237144e1c659f595738a878284f9ae945793b2cebcc48d0193fe1da3e4ea5f1a2c5493383132af15cdb47fab38df13ea830faad035d9f2299d6fddda59e3dbc28cf5b0289bed41c2792b5ed7dc3ff3896f4001a9df90b5269e55976fb082a9696d08a6ea5e17d1ca87e7eca9ed3d82890a36e7ebadcf3c638b035c0d858849f28f43f959f16da8b7b441e6ff4321c4c
I: MonitorObliviousTransfer::next
I: GeneratePublicKey::next
D:  sending message (size 0.000512 MB)
I: MonitorObliviousTransfer::next
I: SendPublicKey::next
I: MonitorObliviousTransfer::next
I: RecvEncryptedMessages::next
I: MonitorObliviousTransfer::next
I: DecryptChosenMessage::next
I: MonitorObliviousTransfer::next
I: ChooserDone::next
I: MonitorObliviousTransfer::next
I: MonitorObliviousTransfer::next
I: InitChooser::next
I: MonitorObliviousTransfer::next
I: RecvConstant::next
D: received message: 4a370dd4085f2b32b08b748276fcf85c0379cd662bdc59c015c16f225d8d87c70256b06eb1e41767ea48d4c0c871415483cda437670e593536bfb93a58319416a4643487066136519482658f81d98bf75888213b2fa5f8314307e072d1367c29cd573822ade293f1ebfb63aac692f7fde21ea947d424f345cfac125f6b3936e5527d97df7b79b75fa155ad6ca227c5c827ac4a0abba56487f1025240380092deb81bd45dd6335c1226369e0f866594b073005b54f33673668b0efe8c7c5b173d89d7b0a1aa5b7de143d35eeacf2e9d8d15d321b7e668d2ddcddcf7429f8228e265eb1da036aa837445b8d4a3e77f3ef7abd90e47afc790f374bfc0b55027b30e
I: MonitorObliviousTransfer::next
I: GeneratePublicKey::next
D:  sending message (size 0.000512 MB)
I: MonitorObliviousTransfer::next
I: SendPublicKey::next
I: MonitorObliviousTransfer::next
I: RecvEncryptedMessages::next
I: MonitorObliviousTransfer::next
I: DecryptChosenMessage::next
I: MonitorObliviousTransfer::next
I: ChooserDone::next
I: MonitorObliviousTransfer::next
I: MonitorObliviousTransfer::next
I: InitChooser::next
I: MonitorObliviousTransfer::next
I: RecvConstant::next
D: received message: c1a08a86aa9bed0686dc709b2fe45b5b4500e7a703520ae55be819cfb229282be2666dbd6c9813b0cff8d40538e84c382c92731f238976f4a4ba72c0c0291a415ba162931730777fc94a373b945463e11c9986941a609ecf1da9eaa39c55455707491dbf6a152b10d57b4636d916ef03d6c00c38f2c6a263e3f9ed1cf8ded58aadc673cd90fb78e42593ef274326cf26496ab459d913462d461fc2f019329bce77d4af70f7b5cc60b14c93ebb74fed832a66a6ab58c54d030200efd23f3058e0bac27623a2dcbfed52f848dfe1ae2a17e6b16d439b8baef1870d62850989812e61cd1541ca1115cbd80b3f0cb08781f36059ff02c5c1866db3142f872d285411
I: MonitorObliviousTransfer::next
I: GeneratePublicKey::next
D:  sending message (size 0.000512 MB)
I: MonitorObliviousTransfer::next
I: SendPublicKey::next
I: MonitorObliviousTransfer::next
I: RecvEncryptedMessages::next
I: MonitorObliviousTransfer::next
I: DecryptChosenMessage::next
I: MonitorObliviousTransfer::next
I: ChooserDone::next
I: MonitorObliviousTransfer::next
I: MonitorObliviousTransfer::next
I: InitChooser::next
I: MonitorObliviousTransfer::next
I: RecvConstant::next
D: received message: 6b9aa4d6acc09530ed67f145f0f68cebbd60910370f3ead6d78c418f1757c001b7eb94ce1fc3c311976b209d333f08028d135a1b9b54806ee5d12dc4683e5ead4f6aaae20f2e9b9acaa61946c95a5261bdb9549dc2e9f661aae9ebbdca023598a4c2e7f244535f70227d6fc4300749ab5b2a68205c8532b3cf1e96443129a26be80e480731673093d678f28cba8542dd972f089d588f7b4ff08664e38c6c2006342db5daff84174d98618df45e7ab90ef80840fd22c21c69aac39d5f0cf93d155b9c91bea7a244c268abb8f30a237fa615b2942a66fac0f485734d77ff5dd3f74048136f5acf6ad389074dd7ee754b5127f2c154b0005b795b5f833157c2ad46
I: MonitorObliviousTransfer::next
I: GeneratePublicKey::next
D:  sending message (size 0.000512 MB)
I: MonitorObliviousTransfer::next
I: SendPublicKey::next
I: MonitorObliviousTransfer::next
I: RecvEncryptedMessages::next
I: MonitorObliviousTransfer::next
I: DecryptChosenMessage::next
I: MonitorObliviousTransfer::next
I: ChooserDone::next
I: MonitorObliviousTransfer::next
I: MonitorObliviousTransfer::next
I: InitChooser::next
I: MonitorObliviousTransfer::next
I: RecvConstant::next
D: received message: 2542cb62546ff9d7dff4e037200c3cbe8ac9aab376c792711653b7c099db3ce4d76923c2522d175b217cf8ca4519edb91b83481d54bd1051bf2b6431ab731e5b079e53347c86cc9679da990b416a4f684fe54eaec1bf4ca9240a05832240157ef28e19dab457c5e4398fec842eb5ffc401ee2d3c4d1e5324e0b7422d217a70ab66e33a630e93e5b75ed49e24ce4730e1a8688d75484bcb554cfeee9a365f02013a3d7de6cf58a4150a2e453ec437f672af62f7aaf59d73ee7b1c0fa6269c6118726bcabd832ec538163e48578709c143489ec5b843de7f01806eeefe2d336ecc525151ad76cc5a7d3c819b6baeb06229b77fb4c66e1d5d14a0d59ba09fa112d
I: MonitorObliviousTransfer::next
I: GeneratePublicKey::next
D:  sending message (size 0.000512 MB)
I: MonitorObliviousTransfer::next
I: SendPublicKey::next
I: MonitorObliviousTransfer::next
I: RecvEncryptedMessages::next
I: MonitorObliviousTransfer::next
I: DecryptChosenMessage::next
I: MonitorObliviousTransfer::next
I: ChooserDone::next
I: MonitorObliviousTransfer::next
I: MonitorObliviousTransfer::next
I: InitChooser::next
I: MonitorObliviousTransfer::next
I: RecvConstant::next
D: received message: 49aa74397b3669aba3607a71cb5502bd576b21e7a12e0949b12c3c77f6267c8648a859c41c4ff3722aebb97c638112f2e6c283bf57498b4efa76b66189571e7a40b0779706783d7aff7cb4b54474a7629f2a70c794ee67c948c81b32e3254416c1da860760ed5e984d28a77d664d544b8e000916dbe23a6dd61cb18617a0fa650213701e1838aa1eb29b94efbc9ef956ee19a45136de3be13c32b686de9d9f48f8426e71bfdf7b25f289976571be04d78e299262acbeaafb88072c363544ccb6049d7c78eb818813be63cf9b662d9e0073a0b287d487d822ec1781ef7f851a0e4a7029f96e91f698e4b4b764140a0dad2d07c12dd6aac92d90a18c24c9fcaee
I: MonitorObliviousTransfer::next
I: GeneratePublicKey::next
D:  sending message (size 0.000511 MB)
I: MonitorObliviousTransfer::next
I: SendPublicKey::next
I: MonitorObliviousTransfer::next
I: RecvEncryptedMessages::next
I: MonitorObliviousTransfer::next
I: DecryptChosenMessage::next
I: MonitorObliviousTransfer::next
I: ChooserDone::next
I: MonitorObliviousTransfer::next
I: MonitorObliviousTransfer::next
I: InitChooser::next
I: MonitorObliviousTransfer::next
I: RecvConstant::next
D: received message: 742c72df64e02e09fa1645f4e023c04bcd9a558cd32ca858d000753790b9a7cecd0c534e00d0ba18f9795c9c737b7428712594f79d55b2182a6aba91e99609bf75043aae4e61d6db31b69aa256bea884d7abd8201f8102a6159b25b59b016f0cdb9e6818d98b22ca2753879b1e1660057bd0814772f1e7bcb47944112a2592ee8262934a9023b3be9170dd69dc12d4631bffc47b86c80bd8d0d8682a0dc9613d73ab1787f84c56b350ba87776216bebcd20289cdb79c74e1afd8ffa468af9dc73e559842b219302be3017a2947af45d43d87a1fd704be7a868bd599ba28e6bd2aa4c18a22ef3f3aedcf6de684c5eb02d7cbfdc3e83173fb5fdbc71593863f0fd
I: MonitorObliviousTransfer::next
I: GeneratePublicKey::next
D:  sending message (size 0.000512 MB)
I: MonitorObliviousTransfer::next
I: SendPublicKey::next
I: MonitorObliviousTransfer::next
I: RecvEncryptedMessages::next
I: MonitorObliviousTransfer::next
I: DecryptChosenMessage::next
I: MonitorObliviousTransfer::next
I: ChooserDone::next
I: MonitorObliviousTransfer::next
I: MonitorObliviousTransfer::next
I: InitChooser::next
I: MonitorObliviousTransfer::next
I: RecvConstant::next
D: received message: 850f9d78c19bc0911a3a7966d097ebe07ff0bfbfe39e03bf2386badfc316fe7983bfaeadb8a3c783ad55601a4598fdc8ac9205c61f295ae8f1cd2a4bfacc8e337313ebc99c1e1c5f5170dc72f108efe6c7eff59db98cade2c592810c2c8e334a5da92951904cf28f281e364afe18b6363a2b7c37249de5fc4e1c4d4db1cad43ac8c4f7d2a125813bbbdf6d500ef41bfd66517513a9c2f245b12ab4104a65ed40a4fce210f258884fa8f8e91a5ababe0b9cc80ef4ca216b965ef81798ce558720fd82976b6e7012b70d5b06c4f67dcc4a94eae37cbe64fdcc77ac7499bdc37349b2b7fe2421a1c355e3d72c01676980981499d188654ea6ce0ba672ba43d413f6
I: MonitorObliviousTransfer::next
I: GeneratePublicKey::next
D:  sending message (size 0.000512 MB)
I: MonitorObliviousTransfer::next
I: SendPublicKey::next
I: MonitorObliviousTransfer::next
I: RecvEncryptedMessages::next
I: MonitorObliviousTransfer::next
I: DecryptChosenMessage::next
I: MonitorObliviousTransfer::next
I: ChooserDone::next
I: MonitorObliviousTransfer::next
I: MonitorObliviousTransfer::next
I: InitChooser::next
I: MonitorObliviousTransfer::next
I: RecvConstant::next
D: received message: 4a574deb13c61400abb5ac5a1fffe11ec5ee33532d600fbcb113cb0b011c8fe3abd9a7c0740e962a22f4f32f6c77159c51b0df2416cdd48fdadc2859e1545d62ce3785cdd4929ec018a9c89f786064a83ce3adead154a54a641815e840b760833dab4efc24916fc08a4972d15e08ae774eda9b204e99010e3df1875d26b38f1116789d9eeb4f13ac031c0350ef2ed0123f122b92379f5c40aece7114062dcdf4c2f60a14e68266b575dbc6168a9e09a9af7c4ec5149e4f3b2abd563ef1ad8c9fc6fc4a48959214adb96c8654d407e9d75176e3e4cc8bae25084322c10f196fe2cda31510b9aa9ed52eb58b9d4acbeb03c587f58ba7dca79800d18507290865f5
I: MonitorObliviousTransfer::next
I: GeneratePublicKey::next
D:  sending message (size 0.000512 MB)
I: MonitorObliviousTransfer::next
I: SendPublicKey::next
I: MonitorObliviousTransfer::next
I: RecvEncryptedMessages::next
I: MonitorObliviousTransfer::next
I: DecryptChosenMessage::next
I: MonitorObliviousTransfer::next
I: ChooserDone::next
I: MonitorObliviousTransfer::next
I: MonitorObliviousTransfer::next
I: InitChooser::next
I: MonitorObliviousTransfer::next
I: RecvConstant::next
D: received message: 689f878d0f48fd84eb7a24361cc9bd627f184b7ecd95e11d2ad23c760118f41bb0a6f4dccda7622879850403eeaec089e489bbfed5ab59c33d80ccb1708c5c5a18c66cc21a8a09cee080de5ed2406d6e091227365f0ee77715e704c4448651760c017103ef0d2b42e5febc7c3ea91030277dc34bce5e6b4ecca6c4407e4e257a00cada9d700a2205a57705614df79c143f9ab485d60c1bd38d1617added31d1f1da0ab523a039586166e439afaf7fce59fe2da25f4aca847d6e213fe94e51333ccdbe85e056524983b27af9424ddc6e4fccba3c3dbe48e3d99987d5d802bed1b4c41fcd04cffbb4b6af4d76dabfd99ce68010163942a980ce0b4d9e7a2a1bf8e
I: MonitorObliviousTransfer::next
I: GeneratePublicKey::next
D:  sending message (size 0.000512 MB)
I: MonitorObliviousTransfer::next
I: SendPublicKey::next
I: MonitorObliviousTransfer::next
I: RecvEncryptedMessages::next
I: MonitorObliviousTransfer::next
I: DecryptChosenMessage::next
I: MonitorObliviousTransfer::next
I: ChooserDone::next
I: MonitorObliviousTransfer::next
I: MonitorObliviousTransfer::next
I: InitChooser::next
I: MonitorObliviousTransfer::next
I: RecvConstant::next
D: received message: 96807fafab0be41b5c9f03b5f8e82509082fc3e18d5d1021164f26d09cf463d62df08cf7c9392eca2a1ffc901ca089f35e4e997e5f759756569bb18c2ae2570ee98f97332184376ae3afae6a93f15513c057b1580d98178e8c5edf492d6b8f33789422045a8c41b8a67a5acb30c32e8d059675f8c3dadc05564f910e73a27067554230624dc2df58138a0f9efebe3d1ef53109fbf66c2dc60472e47105846ad744a189664383c07967fe4e95f1ba513cfb94793cf733630ba508cc4231f1c39cae559b0ab1268e44cb75858e358d622663714730ff6621ddd2d1778da7fe78f4beb956f0b0c1f71827821185cd15bca49b75fc5820c2b0e8e90a68b39e692115
I: MonitorObliviousTransfer::next
I: GeneratePublicKey::next
D:  sending message (size 0.000512 MB)
I: MonitorObliviousTransfer::next
I: SendPublicKey::next
I: MonitorObliviousTransfer::next
I: RecvEncryptedMessages::next
I: MonitorObliviousTransfer::next
I: DecryptChosenMessage::next
I: MonitorObliviousTransfer::next
I: ChooserDone::next
I: MonitorObliviousTransfer::next
I: MonitorObliviousTransfer::next
I: InitChooser::next
I: MonitorObliviousTransfer::next
I: RecvConstant::next
D: received message: 4b79f8e46ee9131dadee60ea740821b11e316c4cf2d263e458e73240f57115cdef37a09630dd068c466dbdb3d8c57203124768cd252a7638da400f83c25c12f6a1e184d574089e07fa9a7c8b588927aba971841f259a0d0f1437243b77bc3395b11c624af52f05014a30cce728e92fa468bde901af375d16cc0f86c64d78c620831974a528d79c29cd31964d73fc69fe82535781135c96a1a956571af9162791871f6abec69ca2de30059a89eea8da608c8fa3711e8a61eac38ced97d7ee34c1dd78718026632da600d8d856fc13f6800dcf4001787733f058d3f4d12d3ea369210073a663fcdd273117a6d915df1938a6063bf4a992b472c87113942b446415
I: MonitorObliviousTransfer::next
I: GeneratePublicKey::next
D:  sending message (size 0.000512 MB)
I: MonitorObliviousTransfer::next
I: SendPublicKey::next
I: MonitorObliviousTransfer::next
I: RecvEncryptedMessages::next
I: MonitorObliviousTransfer::next
I: DecryptChosenMessage::next
I: MonitorObliviousTransfer::next
I: ChooserDone::next
I: MonitorObliviousTransfer::next
I: MonitorObliviousTransfer::next
I: InitChooser::next
I: MonitorObliviousTransfer::next
I: RecvConstant::next
D: received message: 64072947c1f38ec55ecb1920cdc73a22022c370537680ea18c29343e26761646cd6b452a8d6386e24b57b6939f4dcbca2fb0822bc72b78fddae24406206fa6cd43afa1eb800c50f0e6cbc7175be1c78da414c389b0fff37289ecccb68a287eb445d99862e420e90f653ed98a4c42b2ad66697c7406e8f149d2b1d6cbee5d5a08273c62f8196e895e634e9196d88d03800fbbd2efc48077e5ddeb9df686c9d22df1168c2358c48a6e037e2b66912bc6132cf9acd66d1bf29682d25b85dba2e88dc3d0387f4033c78e5ff490dac9706c49c710bbd6c23d7394feb7b5ce1ab1070735eb262e9b1a1320a8982116897bb9c3841f7dcc23a647a2e118ebb5dab21db5
I: MonitorObliviousTransfer::next
I: GeneratePublicKey::next
D:  sending message (size 0.000512 MB)
I: MonitorObliviousTransfer::next
I: SendPublicKey::next
I: MonitorObliviousTransfer::next
I: RecvEncryptedMessages::next
I: MonitorObliviousTransfer::next
I: DecryptChosenMessage::next
I: MonitorObliviousTransfer::next
I: ChooserDone::next
I: MonitorObliviousTransfer::next
I: MonitorObliviousTransfer::next
I: InitChooser::next
I: MonitorObliviousTransfer::next
I: RecvConstant::next
D: received message: 391946e110cae3291aa13b24bda8d371cf33cf702dae869f013a2ca211307b3b2ce2bcfe9dc45e9be00781776f8c78579eed0b8c9ce646724f881459899f5ddb7a4ed4c5847edc6f81f7e2f126e6cfdafaf5f5f53ea9e304c7fd31fb46ed5b4ccd4dda4c0bbabd29d2d644932af44b2d92710aa8b085b328d0855bcecfccf99b3960cd1ed93e49385192cbd1e322d433f230dd37d2d0281e38a72c4f966bc3a363c2d8cf16b15973d5ff9df5902809c35b59a03135f9f2b3990a28c48d4c74e9e04f28168edff6e27177528f0a5b91547f4f767a10cae99908b5f2a550423827ef33a18f6669f493faad543e983a8d30063654ad1396abda27329ccce75a1d23
I: MonitorObliviousTransfer::next
I: GeneratePublicKey::next
D:  sending message (size 0.000512 MB)
I: MonitorObliviousTransfer::next
I: SendPublicKey::next
I: MonitorObliviousTransfer::next
I: RecvEncryptedMessages::next
I: MonitorObliviousTransfer::next
I: DecryptChosenMessage::next
I: MonitorObliviousTransfer::next
I: ChooserDone::next
I: MonitorObliviousTransfer::next
I: MonitorObliviousTransfer::next
I: InitChooser::next
I: MonitorObliviousTransfer::next
I: RecvConstant::next
D: received message: d74e1fe6f86659b1b1c5807b7f80488900f2e0329408fb3ce55d659b8ecc9ab59f416c6247ba10d0cc8bb0c03565aa5b3ef9ca32bf5f60c11776dc6c3f1ad8b6bcfe9e7b91d1cfd5b2124df292bb6cb3c0f8c15d50d4f46a03a0259b8ca30f4838a994bcf0be63e0ba3a80cc07f556342fa3cea0d127dd13a2720ede133fc4787380d37ee38a469cc8dd89eb490979a6bc6dcd3fec23835da27614f575c2a61755379abd9282f24f9e1908aeb997076f072e4f5bc4091804a740b361b245d866d35fd49df789d9d94206690cb7f06100ce87d32300a55d1c543928229cdc52f3cb082b0d8a8b9cdcb68150dbdac2e66cb66eaf67a3e59c80ac8c78b41b5c3629
I: MonitorObliviousTransfer::next
I: GeneratePublicKey::next
D:  sending message (size 0.000512 MB)
I: MonitorObliviousTransfer::next
I: SendPublicKey::next
I: MonitorObliviousTransfer::next
I: RecvEncryptedMessages::next
I: MonitorObliviousTransfer::next
I: DecryptChosenMessage::next
I: MonitorObliviousTransfer::next
I: ChooserDone::next
I: MonitorObliviousTransfer::next
I: MonitorObliviousTransfer::next
I: InitChooser::next
I: MonitorObliviousTransfer::next
I: RecvConstant::next
D: received message: d177cef3d688d6b3c0762caacee1e91e0c56f0a87f70e0cc3412810c34dcf8a2481fc7f452db54f1665ac100854c17683466789e433caf0e1cd9dd03f3006a358737050c2c86c6b2b5a236add4c73085c1ba2d349e0eb25e9dc4d9017a4acf5b12cea1dd0cf5d651f1f64357f59fd2488b35d43086a7f1429358f8e4c62cf05ea59eff12a83ceeb9997d51aa35fd4a2ecd2d901ee43f674f4dc8b2241d588813831a8bf87cf9283e55d8da475dcaf22265d4b5f2c185c6596f65ddfba12dc1a3570e0cc544b74c67ce45589325653c4e14d46f859d2d24f3394def6ad855f8ac20d72e66f6bf23c702ed459a560a0e8c1a58bbe507b6cc632e79ea9bce94af44
I: MonitorObliviousTransfer::next
I: GeneratePublicKey::next
D:  sending message (size 0.000512 MB)
I: MonitorObliviousTransfer::next
I: SendPublicKey::next
I: MonitorObliviousTransfer::next
I: RecvEncryptedMessages::next
I: MonitorObliviousTransfer::next
I: DecryptChosenMessage::next
I: MonitorObliviousTransfer::next
I: ChooserDone::next
I: MonitorObliviousTransfer::next
I: MonitorObliviousTransfer::next
I: InitChooser::next
I: MonitorObliviousTransfer::next
I: RecvConstant::next
D: received message: e291e270686af97aa8666d9e8298abd976b320d2bff1e6cc383f3cb7209a194ac27a9bc6b86f62e89f83118a7da839478856d6052281962288c3c67d07f0e3c0842a4f66026a978a066652058d1e71d4a367c3e59c7cb9caf4c6d4ff6c6b14da8f6d4be12b4da2738e3a75ea08bb1ececf3327885ad47d909ea515164343ef2ec0d136353fa577275b5fd3eea942480df89eebf52b16eb1f67c5494c79f5523be465087c6b86c118339381f2252c914d20599e4312b0a8322d664385cdbdd9c2076ab0311ba2d02022e33e61e12cc89ff76547e9d4624ef9e7a82c8211dab40b9b72680540b83b0141afee0469611375078508dab73bee65e5a71b448f6254eb
I: MonitorObliviousTransfer::next
I: GeneratePublicKey::next
D:  sending message (size 0.000512 MB)
I: MonitorObliviousTransfer::next
I: SendPublicKey::next
I: MonitorObliviousTransfer::next
I: RecvEncryptedMessages::next
I: MonitorObliviousTransfer::next
I: DecryptChosenMessage::next
I: MonitorObliviousTransfer::next
I: ChooserDone::next
I: MonitorObliviousTransfer::next
I: MonitorObliviousTransfer::next
I: InitChooser::next
I: MonitorObliviousTransfer::next
I: RecvConstant::next
D: received message: 77b23356fc24872f6cb17892e32d672870467aa64d64eef075237ad237e7c7ae37676ef9726e13ebbea8cf07179bc17858b25289afaae437d589bde4869eb764bfaeb36e11fbf21c1ba1695c08a83bfdf08ed330d1885bd40075e0359d180f190421807cdf91b6a50f67d4b0cc8b61700bfd6bdaa4753a2d2381bd7d0d9356958c266d6d7d12387bc180f2f6f413779335c35158abf8c4434dab354a4721dd71b000a816f7cc6e1f61ac8b6ec0aef37b116674821c2eaf4523ba2a6748fb0f694fa9f0cfa809a54b7915bdef032dd97bc99fa445c7590d20a1ea6490b4072135a04cf3926b2c54f6499a37b2f327f614a1306a4eb8e0c888eefe178e941b5ea4
I: MonitorObliviousTransfer::next
I: GeneratePublicKey::next
D:  sending message (size 0.000512 MB)
I: MonitorObliviousTransfer::next
I: SendPublicKey::next
I: MonitorObliviousTransfer::next
I: RecvEncryptedMessages::next
I: MonitorObliviousTransfer::next
I: DecryptChosenMessage::next
I: MonitorObliviousTransfer::next
I: ChooserDone::next
I: MonitorObliviousTransfer::next
I: MonitorObliviousTransfer::next
I: InitChooser::next
I: MonitorObliviousTransfer::next
I: RecvConstant::next
D: received message: 744fa7792de7a249e600d6a647ee3fe3c7e4b55d76b07f19b040acc5ffb934795ee02f49703bde397347c1a683d35d09e48aedbb14d95272dec5b13e0be0c852478a8d7e23ddc9a08488bcf2a530b8a534b6c7c4928304125926c8ccfa6538cdcc94d0f5b5e9d274d94c7d9241069199256c71b454228827f80991f0d0cf4e847f90e8d75a1637b1a1e5f7282fe0003782028baaabb6a54ece0e99a6e1a2372c2025d525d6e15870986191b8a5d5043619833232a3700d9813e51d58bb4be66b8e64fca046b4c47927aeb30616b3ec5b50c24bce115b4c10fd518ab52d8dff3e787f30d97b02b2bb0d1e1412df4a5923b4be5cb9f3f11487263211145c7abc78
I: MonitorObliviousTransfer::next
I: GeneratePublicKey::next
D:  sending message (size 0.000511 MB)
I: MonitorObliviousTransfer::next
I: SendPublicKey::next
I: MonitorObliviousTransfer::next
I: RecvEncryptedMessages::next
I: MonitorObliviousTransfer::next
I: DecryptChosenMessage::next
I: MonitorObliviousTransfer::next
I: ChooserDone::next
I: MonitorObliviousTransfer::next
I: MonitorObliviousTransfer::next
I: InitChooser::next
I: MonitorObliviousTransfer::next
I: RecvConstant::next
D: received message: 8819874eadac45b0ecb6e327816a60e33c1a03ee19e87334747fc8de605fe10b0b7c244f45a2ae93908af73ce4bfdb912a4eff7697b39da5ca01a5e787e32f0cbb57dfd8eb116b681636e34f3803c48f9a0932285905aac9e44ce21b5a0c6e0fba72ae61c28fcc56fd65db1955e0e07fb677aa6c7e4da1d8816d13689d6ec08ed1f228e7040daa57ada4aaf08d94871ff0ebfba6c3a05734e268c51279d7f4e17f03df4f617b03ea19b93e2f610bac86578f542138f35150472cd065325024599c14b5ef28308f4f00ae3430d35ea477e49395b256a7242489e38e187978afc3bb267ac8f8790ecf6e7395d64e6d160e5a739412828dd128ae95aabc71ff09de
I: MonitorObliviousTransfer::next
I: GeneratePublicKey::next
D:  sending message (size 0.000511 MB)
I: MonitorObliviousTransfer::next
I: SendPublicKey::next
I: MonitorObliviousTransfer::next
I: RecvEncryptedMessages::next
I: MonitorObliviousTransfer::next
I: DecryptChosenMessage::next
I: MonitorObliviousTransfer::next
I: ChooserDone::next
I: MonitorObliviousTransfer::next
I: MonitorObliviousTransfer::next
I: InitChooser::next
I: MonitorObliviousTransfer::next
I: RecvConstant::next
D: received message: 91bcbaeca4c136603334577e2a2873d02ed6e81372d0e6325ddffd999db6041ec2d893b2af94a24a79379b5bc779530bb7b7083c826d04cb56fbd1f4e608960ba1c7d7c72c41280459577c753650989e527733430d04a594c5eb1607cd8b4bc29f63acd2a2ece18b353b3e4f93b6b29dc476cd0987b3774737b0dfb649c62563ffce76fb9cfe49f2a8066d44d2209d391f08dc4f26819ab3fdb28a2c4a81fd386d99a72df345cde0d451d034ca9e95828eecf6e602621bb4519701e8db0dc03f85c1b15b7b522e25abae2bea9920521310614b4a1a5865b554c791932c701cd2384f1c5cf54ddc6af33e62184deb985e0d18cdf7c6b2a7a192c961b050e7f78a
I: MonitorObliviousTransfer::next
I: GeneratePublicKey::next
D:  sending message (size 0.000511 MB)
I: MonitorObliviousTransfer::next
I: SendPublicKey::next
I: MonitorObliviousTransfer::next
I: RecvEncryptedMessages::next
I: MonitorObliviousTransfer::next
I: DecryptChosenMessage::next
I: MonitorObliviousTransfer::next
I: ChooserDone::next
I: MonitorObliviousTransfer::next
I: MonitorObliviousTransfer::next
I: InitChooser::next
I: MonitorObliviousTransfer::next
I: RecvConstant::next
D: received message: 6050f6861099d3c65f0634d90301340fee8f265499e094f589f3be83b1d10e32fd26cfeb5d273fa2a9a88ae33ed820e0a157e5b3670016c04fc456d29e98bbf4333c1b0e5f19f23a509ace3101d48a050b0766b4a44149faef523fc0c9563c58fb62b1d2635b0d374ca7d5a136a7bdde2f0a9e3026baa7dbe22c7158b6cf6c50cda696bfde6563a2cd49e4fb707833e9f9398881560c9083d1004cbf4ed7f637ec4bc080dd5927a3924630c3f3b4c789812b92baf2e207dc235eee93d40fd9298289247b2665bf9330770b4b65792643cc6bed4e4d2f2dec08b7e02230e2f2b0e3166d24094048e6a8c74faf87049f1c10734b97d4c04ae69246b617f96221aa
I: MonitorObliviousTransfer::next
I: GeneratePublicKey::next
D:  sending message (size 0.000512 MB)
I: MonitorObliviousTransfer::next
I: SendPublicKey::next
I: MonitorObliviousTransfer::next
I: RecvEncryptedMessages::next
I: MonitorObliviousTransfer::next
I: DecryptChosenMessage::next
I: MonitorObliviousTransfer::next
I: ChooserDone::next
I: MonitorObliviousTransfer::next
I: MonitorObliviousTransfer::next
I: InitChooser::next
I: MonitorObliviousTransfer::next
I: RecvConstant::next
D: received message: 7fb4350db29b6737aa843b214503a0061456fe6ef586fce2151f2146dfa449379a6f6cbf0c8d91b9826bbcdd1e0b700c410ee881a57780ed47700ca221ca6d0224efe6a50319ac6ee78089de8a55ab72a45fd83dcb3f2fcc78c7f297200c385b6a610e670561aed7440d54d02906ff41a608fffa2de81acacd24e648ad7ffb0fb705377e5852537be5e28fa4e46035d044f5544b6368140d6a69286d474d9f38d7f557325aa86934c445444c1173a7b691a443ac8e14bbea3c202eb4087526c3782d06404abc319f36f754fd7a7dc18d381f00856ef256d65af36213889e66f3ea5d55978a76effc9f350d6a2dddf4c1d41cd508a3241fa59a045b0a85ef589f
I: MonitorObliviousTransfer::next
I: GeneratePublicKey::next
D:  sending message (size 0.000512 MB)
I: MonitorObliviousTransfer::next
I: SendPublicKey::next
I: MonitorObliviousTransfer::next
I: RecvEncryptedMessages::next
I: MonitorObliviousTransfer::next
I: DecryptChosenMessage::next
I: MonitorObliviousTransfer::next
I: ChooserDone::next
I: MonitorObliviousTransfer::next
I: MonitorObliviousTransfer::next
I: InitChooser::next
I: MonitorObliviousTransfer::next
I: RecvConstant::next
D: received message: 81c91907ac2878c7d194680e18614cc4c67d62f322b931217c4036869331f985d0bd30edd497fe7ece2c959401a3e8eba74b2ec2e7a58338dc8f73881ef39ffe9793585ca105dc0cdad6a4caeda3f26c208dea2e6a3b53d5a98de7c45c1c320799c5fe92ea6b70dfdfb66836de3ac9c230bfa75f27b11dd94ab41a18e4a4c183841d4fa2345b07b64334ef883a1e9ff1018c23307f933961964618895ae0038682dd6eda1679a04a5a979f86b5802d6e20e760b0299deba4cfe6f20674859ef892991643f91474d4005196e36d25cb40601aea2c16a0d1d9e5c45c90f3ec6715bdb1b6a1ec57895152d5703c3a15a5ae91e6f9853e553b61a3b304704516cecf
I: MonitorObliviousTransfer::next
I: GeneratePublicKey::next
D:  sending message (size 0.000512 MB)
I: MonitorObliviousTransfer::next
I: SendPublicKey::next
I: MonitorObliviousTransfer::next
I: RecvEncryptedMessages::next
I: MonitorObliviousTransfer::next
I: DecryptChosenMessage::next
I: MonitorObliviousTransfer::next
I: ChooserDone::next
I: MonitorObliviousTransfer::next
I: MonitorObliviousTransfer::next
I: InitChooser::next
I: MonitorObliviousTransfer::next
I: RecvConstant::next
D: received message: 5b9b64a40d450d9d479e178d77bc83fb3ebff414fcecc7a0db9bc9c7bbd916ef99c26e506d9f021df16f185d076c27efffa1b377e2849039670003a3267f0d104a0bb308af5416d77729d124a491ec4434c1a8687030cea5128699d68ffe3d9a2caeeece9d447f589cefe7a02a43f48cb00c74063799da3be987f5dc9e5b9a0140e8b7c999d6afe207390f9ec676c161aff74bd26eb0baa751c532ff00d551cf30ae00d1267feb5f0416e493b37867187296da50fa0fc8eb27fd96675d4b25a15eb865d620e30421ea9d0e40cf6518ca963afca585c444bd8893384718a11578f948b9e66bda999b64a641a8e68a4973f53395ab2843f35fe3451dc7c8594ce4
I: MonitorObliviousTransfer::next
I: GeneratePublicKey::next
D:  sending message (size 0.000512 MB)
I: MonitorObliviousTransfer::next
I: SendPublicKey::next
I: MonitorObliviousTransfer::next
I: RecvEncryptedMessages::next
I: MonitorObliviousTransfer::next
I: DecryptChosenMessage::next
I: MonitorObliviousTransfer::next
I: ChooserDone::next
I: MonitorObliviousTransfer::next
I: MonitorObliviousTransfer::next
I: InitChooser::next
I: MonitorObliviousTransfer::next
I: RecvConstant::next
D: received message: d80ec7466690657ea303276f36d44521e13305c46bdf062a07613b29b2a6402850679e1b08f5581b6a83e62e932d4d0634cbba30e623969e4a68c5c0ed7e7d5ce037bc33c42bc9b91f2e68b4468fda15854dd6a60f54f315ff4f3ea33d393eb4a3e10cc60f3cc91ac458a17bc8ac3dca9ba2d0779a142571e9843d2cb137ecccca229db45f331dcae1b25ab04cbe9904dd33c17b91f4c6466a4537c1f47267f335b7a86c34bfd4c4bdde4e1e343fc039669ffeacc9e30a985ecf16ef878fa9b29f42d8284bb15b5994124e384c888a4592d9d10822968ed0ba78c64d6deb0f01ae2a450822ed88f11677a56346a317c6f01c261bc9e43d1da96de236edb8d246
I: MonitorObliviousTransfer::next
I: GeneratePublicKey::next
D:  sending message (size 0.000512 MB)
I: MonitorObliviousTransfer::next
I: SendPublicKey::next
I: MonitorObliviousTransfer::next
I: RecvEncryptedMessages::next
I: MonitorObliviousTransfer::next
I: DecryptChosenMessage::next
I: MonitorObliviousTransfer::next
I: ChooserDone::next
I: MonitorObliviousTransfer::next
I: MonitorObliviousTransfer::next
I: InitChooser::next
I: MonitorObliviousTransfer::next
I: RecvConstant::next
D: received message: 45736c8662455409f8c92ed6a80c93ee89fbf39649d079ed5d0ae77bf1b08f09e9bfb5dee46c95d49dbcf2e213ba67e4c0d8e415e1d2f4ecb9a191bced279faad277587a71d1fd586d0a1fcfa0627f76544726851926fa8772cf55321a25423d7adb9bb4061aa185242675fc7b52ea34889d9a5beaef2a1dc2dfd72a24ebce0a858e06b56318357a1de7139ff2462d46ce8b127c721feb292be2323ae8dee5007f4e8deb2e59a67ee457c0821ed9737f3c1dc110a1ebcd99cda210f4b47896b453a93c956f909e478bf9fe5a515403f30212185826fec0866ddac100a05b79713de67e3b422db3da7bfe76ac0648cea9189afbb9d41945a4e9430b033fb8043
I: MonitorObliviousTransfer::next
I: GeneratePublicKey::next
D:  sending message (size 0.000512 MB)
I: MonitorObliviousTransfer::next
I: SendPublicKey::next
I: MonitorObliviousTransfer::next
I: RecvEncryptedMessages::next
I: MonitorObliviousTransfer::next
I: DecryptChosenMessage::next
I: MonitorObliviousTransfer::next
I: ChooserDone::next
I: MonitorObliviousTransfer::next
I: MonitorObliviousTransfer::next
I: EvaluateCircuit::next
D:  sending message (size 0.000001 MB)
I: SendFlagBit::next
I: ==== round duration: 46734.019531 ms ====
I: MonitorCopyMonitorStateLabels::next
I: RecvGarbledGates::next
I: RecvSystemInputLabels::next
I: RecvFlagBitLabels::next
I: EvaluateCircuit::next
D:  sending message (size 0.000001 MB)
I: SendFlagBit::next
I: ==== round duration: 45029.992188 ms ====
I: MonitorCopyMonitorStateLabels::next
I: RecvGarbledGates::next
I: RecvSystemInputLabels::next
I: RecvFlagBitLabels::next
I: EvaluateCircuit::next
D:  sending message (size 0.000001 MB)
I: SendFlagBit::next
I: ==== round duration: 44866.292969 ms ====
I: FaultObserved::next
I: MonitorDone::next
