I: parsing spec file timekeeper.v...
skipping synthesis, BLIF file already exists.
I: parsing BLIF file synth.blif...
D: inputs and outputs parsed.
D: circuit initialized.
D: connections (#12994) parsed.
D: gates (#138661) parsed.
D: outputs: 151340 151343 151346 151349 151352 151355 151358 151361 151364 151367 151370 151373 151376 151379 151382 151385 151388 151391 151394 151397 151400 151403 151406 151409 151412 151415 151418 151421 151424 151427 151430 151433 151436 151439 151442 151445 151448 151451 151454 151457 151460 151463 151466 151469 151472 151475 151478 151481 151484 151487 151490 151493 151496 151499 151502 151505 151508 151511 151514 151517 151520 151523 151526 151529 151336 
D: circuit size: 151530
D: adding identity gates for outputs...
D: outputs after identity: 151595 151596 151597 151598 151599 151600 151601 151602 151603 151604 151605 151606 151607 151608 151609 151610 151611 151612 151613 151614 151615 151616 151617 151618 151619 151620 151621 151622 151623 151624 151625 151626 151627 151628 151629 151630 151631 151632 151633 151634 151635 151636 151637 151638 151639 151640 151641 151642 151643 151644 151645 151646 151647 151648 151649 151650 151651 151652 151653 151654 151655 151656 151657 151658 151659 
D: circuit size after identity: 151660
I: initializing safe primes...
I: using prime modulus 179769313486231590770839156793787453197860296048756011706444423684197180216158519368947833795864925541502180565485980503646440548199239100050792877003355816639229553136239076508735759914822574862575007425302077447712589550957937778424442426617334727629299387668709205606050270810842907692932019128194467627007
D:  sending message (size 0.000006 MB)
I: InitMonitor::next
D:  sending message (size 2.605196 MB)
I: SendCircuit::next
I: RecvGarbledGates::next
I: RecvSystemInputLabels::next
I: RecvFlagBitLabels::next
I: MonitorObliviousTransfer::next
I: InitChooser::next
I: MonitorObliviousTransfer::next
I: RecvConstant::next
D: received message: ba35abe15be6f9dc0dd5f7590356bc8033a7fca4f58f7fffa5512162aa689c6783d01cce7b1bad143d62a8d2656b1e7b9a9cd45390abf86a95293d70b22a4f4f0327375e3b8270b2307a5536c5de06f3f02bc71fa11a64992aac6a7fab40ec7bdd96bc44c7d2aa8c911dd4dcc8757b2f2f0a1e43ed2e6954ba54dfad30a4b99b
I: MonitorObliviousTransfer::next
I: GeneratePublicKey::next
D:  sending message (size 0.000256 MB)
I: MonitorObliviousTransfer::next
I: SendPublicKey::next
I: MonitorObliviousTransfer::next
I: RecvEncryptedMessages::next
I: MonitorObliviousTransfer::next
I: DecryptChosenMessage::next
I: MonitorObliviousTransfer::next
I: ChooserDone::next
I: MonitorObliviousTransfer::next
I: MonitorObliviousTransfer::next
I: InitChooser::next
I: MonitorObliviousTransfer::next
I: RecvConstant::next
D: received message: eb48d33940cc129f06e84f8725ab3f4826c724f7bce7c27729fc50922ee0566ba7c96b2d27081b01d7dd90683e47e7ba8b16af5fb66dfa9d4bac74334adbc53e41247b43530f2bd092dd77494186b0c0740c78349c27b0e2a47bf1950990b10c24fc3db223b6fe6080d551d17d0afb6b2800ce80f4025099e8d3d9af11e79144
I: MonitorObliviousTransfer::next
I: GeneratePublicKey::next
D:  sending message (size 0.000256 MB)
I: MonitorObliviousTransfer::next
I: SendPublicKey::next
I: MonitorObliviousTransfer::next
I: RecvEncryptedMessages::next
I: MonitorObliviousTransfer::next
I: DecryptChosenMessage::next
I: MonitorObliviousTransfer::next
I: ChooserDone::next
I: MonitorObliviousTransfer::next
I: MonitorObliviousTransfer::next
I: InitChooser::next
I: MonitorObliviousTransfer::next
I: RecvConstant::next
D: received message: 502461c7f9f8a2d904ae88f90105bc12fe5da15895c721e43a38cbef62d5f22b5336af2931ada614baf0990111cef4e47f3c737a84e1d425ff930cec588cb0c97d01eec7a2d8a2fc53951c40f6441c15f41c31dcb3bd4f1ac21699c5d17947bfc84c7675ff860c6e6de772c316dbb368ea174c823c2e044b561940046c2b17e1
I: MonitorObliviousTransfer::next
I: GeneratePublicKey::next
D:  sending message (size 0.000256 MB)
I: MonitorObliviousTransfer::next
I: SendPublicKey::next
I: MonitorObliviousTransfer::next
I: RecvEncryptedMessages::next
I: MonitorObliviousTransfer::next
I: DecryptChosenMessage::next
I: MonitorObliviousTransfer::next
I: ChooserDone::next
I: MonitorObliviousTransfer::next
I: MonitorObliviousTransfer::next
I: InitChooser::next
I: MonitorObliviousTransfer::next
I: RecvConstant::next
D: received message: 5f9aa2558f0f42f6c67d6f3e94b135e64473761823e945115794a553d98820346578a7a22b92f1620deb0a79b0640c53270635af73b5ff7c95580b91ad54e08986923796b1b8f5d2e475809c352251846656cdb735688c9c74c6ed032f64a1c01cb3dbe087115e87f83c2c17efb21e0f87c7d0a83cdc3d972f208393feb86661
I: MonitorObliviousTransfer::next
I: GeneratePublicKey::next
D:  sending message (size 0.000256 MB)
I: MonitorObliviousTransfer::next
I: SendPublicKey::next
I: MonitorObliviousTransfer::next
I: RecvEncryptedMessages::next
I: MonitorObliviousTransfer::next
I: DecryptChosenMessage::next
I: MonitorObliviousTransfer::next
I: ChooserDone::next
I: MonitorObliviousTransfer::next
I: MonitorObliviousTransfer::next
I: InitChooser::next
I: MonitorObliviousTransfer::next
I: RecvConstant::next
D: received message: dd3f20c85ad3a85f570a04e98874d8e0ebb064747f3e3bccea7914d31fd57e9de175ad00dd14c384e93988dcf42e38bf3ebb0a23757258a483bcc3f0471606a95a2c64fbcdd48ce5c1b855430124e4cd40bd36759b1a0ddfe9c7b4f3e02f5f3582129f5e01e6e147f11910554e7a6ec548e453e6717d0e7ec75d6f7567d0c795
I: MonitorObliviousTransfer::next
I: GeneratePublicKey::next
D:  sending message (size 0.000256 MB)
I: MonitorObliviousTransfer::next
I: SendPublicKey::next
I: MonitorObliviousTransfer::next
I: RecvEncryptedMessages::next
I: MonitorObliviousTransfer::next
I: DecryptChosenMessage::next
I: MonitorObliviousTransfer::next
I: ChooserDone::next
I: MonitorObliviousTransfer::next
I: MonitorObliviousTransfer::next
I: InitChooser::next
I: MonitorObliviousTransfer::next
I: RecvConstant::next
D: received message: 1848feab5f238dbd9c2589a10c6cd6876e478a256ea132da2f55f69d7183e6410d311a7ef70308ab6254e59121c89cb5ff26007c5b2b12f88c26248087fb105ae012022f0ed6013bb107d0a82805ebf5a19680e2c90bc50a3ffd3cb5edfb6b8e91c4722fc92116cdb8e643d9b74339389f3030f2e2e7bcc04c213d43e0c649ee
I: MonitorObliviousTransfer::next
I: GeneratePublicKey::next
D:  sending message (size 0.000256 MB)
I: MonitorObliviousTransfer::next
I: SendPublicKey::next
I: MonitorObliviousTransfer::next
I: RecvEncryptedMessages::next
I: MonitorObliviousTransfer::next
I: DecryptChosenMessage::next
I: MonitorObliviousTransfer::next
I: ChooserDone::next
I: MonitorObliviousTransfer::next
I: MonitorObliviousTransfer::next
I: InitChooser::next
I: MonitorObliviousTransfer::next
I: RecvConstant::next
D: received message: 984e1cfb300be12e1532c6aa52683e692928b4a4aa56908868c3d9bc2bf41aae65859d552cb5df265156f199c5e6c25c13192e1dde41608301f18cf1d11ecc8f48b995e78ac22c5917a0114107fa6173dfb1ebb29717dc6ad3449dfe5e66b2a84c15a7966bc79381e2bbcb912da861045066ec96a71cdd01ee246e67c901d89f
I: MonitorObliviousTransfer::next
I: GeneratePublicKey::next
D:  sending message (size 0.000255 MB)
I: MonitorObliviousTransfer::next
I: SendPublicKey::next
I: MonitorObliviousTransfer::next
I: RecvEncryptedMessages::next
I: MonitorObliviousTransfer::next
I: DecryptChosenMessage::next
I: MonitorObliviousTransfer::next
I: ChooserDone::next
I: MonitorObliviousTransfer::next
I: MonitorObliviousTransfer::next
I: InitChooser::next
I: MonitorObliviousTransfer::next
I: RecvConstant::next
D: received message: 6c44b88378035836faf6df70c1f99275ee7dfea596df28100d1c140234d65e9b9037d98355dca2c536e95c3a4b17ea8e31dd542ee9bdf22da0d6c76c87ebfbd4678ed0c17a4ee8d613f3fcbf374277ea222c375586ee4d1badef5303e4cbc77665f2b3b93cd7ccbd8fd771fe1169fda200e0449bafe369ae28e8d5326c2365f9
I: MonitorObliviousTransfer::next
I: GeneratePublicKey::next
D:  sending message (size 0.000256 MB)
I: MonitorObliviousTransfer::next
I: SendPublicKey::next
I: MonitorObliviousTransfer::next
I: RecvEncryptedMessages::next
I: MonitorObliviousTransfer::next
I: DecryptChosenMessage::next
I: MonitorObliviousTransfer::next
I: ChooserDone::next
I: MonitorObliviousTransfer::next
I: MonitorObliviousTransfer::next
I: InitChooser::next
I: MonitorObliviousTransfer::next
I: RecvConstant::next
D: received message: ac2e4013a9bbb87f828b9ca457f32df19905fbb6414cdaab5b6c9f12847648dbf69e4c00f05b7d5be31bc118138b8b2875d46c6424ae90b9a14f458f2be74283430e4043682ac047b0850d0f4087a4e878a5bc34e4448985665ae97070bfbdad1637d43805fff1908283c36db75847638c3a87b7f8eda10ea153275a2298f4e1
I: MonitorObliviousTransfer::next
I: GeneratePublicKey::next
D:  sending message (size 0.000256 MB)
I: MonitorObliviousTransfer::next
I: SendPublicKey::next
I: MonitorObliviousTransfer::next
I: RecvEncryptedMessages::next
I: MonitorObliviousTransfer::next
I: DecryptChosenMessage::next
I: MonitorObliviousTransfer::next
I: ChooserDone::next
I: MonitorObliviousTransfer::next
I: MonitorObliviousTransfer::next
I: InitChooser::next
I: MonitorObliviousTransfer::next
I: RecvConstant::next
D: received message: cc39a810b32f3471fa993bd93d92790cda849ee60eba8df9072bb80742d51c26c1869d80f2850a461b8f70c4e486616fc452ed5ad3cf52ffea9e12d50b2df692087fa01633c5aab822001889b50ad0c0e879a05e3647b82175ea3db109cd0992223f9a2a1dd290fa6e038ef59e18a012b438e920e944314dc4e35a9cd0db5059
I: MonitorObliviousTransfer::next
I: GeneratePublicKey::next
D:  sending message (size 0.000256 MB)
I: MonitorObliviousTransfer::next
I: SendPublicKey::next
I: MonitorObliviousTransfer::next
I: RecvEncryptedMessages::next
I: MonitorObliviousTransfer::next
I: DecryptChosenMessage::next
I: MonitorObliviousTransfer::next
I: ChooserDone::next
I: MonitorObliviousTransfer::next
I: MonitorObliviousTransfer::next
I: InitChooser::next
I: MonitorObliviousTransfer::next
I: RecvConstant::next
D: received message: a061a26df5dc1a95c0fc95bc167260ab46365a827d4c1c4be70f17d4c9dfa2bd0d9be1eb84750f23c7086f98dbdb5446d42d4a6126a86be305d3800af407dc2df6cd7ac80571c302002413aa0d07ec2db113d05e78614cc9ebbfff18b4ca97be4aad222351bd7a3a2711f5edb02ba8b5e856587e64339ff0d89b9b5871a77a7
I: MonitorObliviousTransfer::next
I: GeneratePublicKey::next
D:  sending message (size 0.000256 MB)
I: MonitorObliviousTransfer::next
I: SendPublicKey::next
I: MonitorObliviousTransfer::next
I: RecvEncryptedMessages::next
I: MonitorObliviousTransfer::next
I: DecryptChosenMessage::next
I: MonitorObliviousTransfer::next
I: ChooserDone::next
I: MonitorObliviousTransfer::next
I: MonitorObliviousTransfer::next
I: InitChooser::next
I: MonitorObliviousTransfer::next
I: RecvConstant::next
D: received message: f388fde1b8215fb25b24333813aed134cfc21480b2136af6de059663c70de7807382c9d63b87c3522ab2b5e3519b40a04e80cfb0f00db5a5b92b025d7301b7dec2e8234b12a89b7eeffb5f3fe7f172f077f93d82ae23463d124ec0918b23ab247a67bcaa285aea40b5e65c94ce274eb799369a943aaaa6a18dde57d99cc1c030
I: MonitorObliviousTransfer::next
I: GeneratePublicKey::next
D:  sending message (size 0.000256 MB)
I: MonitorObliviousTransfer::next
I: SendPublicKey::next
I: MonitorObliviousTransfer::next
I: RecvEncryptedMessages::next
I: MonitorObliviousTransfer::next
I: DecryptChosenMessage::next
I: MonitorObliviousTransfer::next
I: ChooserDone::next
I: MonitorObliviousTransfer::next
I: MonitorObliviousTransfer::next
I: InitChooser::next
I: MonitorObliviousTransfer::next
I: RecvConstant::next
D: received message: 4049ab1ee834179485c89b55972e8711de8a16b123713cec90bb66d8f726e42c6b76aa662902767d16830927018df71a78824c65db5e11704d3574811806becea365d90b548ded383b6ca04ba6b08e408f21dd4f3f700cb946965832cec2947cefdf6ee3fa23e4abef3db3f21f337642bc2d6ab0d35c2b1a0f1011a5476e2c07
I: MonitorObliviousTransfer::next
I: GeneratePublicKey::next
D:  sending message (size 0.000255 MB)
I: MonitorObliviousTransfer::next
I: SendPublicKey::next
I: MonitorObliviousTransfer::next
I: RecvEncryptedMessages::next
I: MonitorObliviousTransfer::next
I: DecryptChosenMessage::next
I: MonitorObliviousTransfer::next
I: ChooserDone::next
I: MonitorObliviousTransfer::next
I: MonitorObliviousTransfer::next
I: InitChooser::next
I: MonitorObliviousTransfer::next
I: RecvConstant::next
D: received message: b1c190f6119cb86d696e6631b43b46699cf5941623d39e1bf04464365f6efb0e5d9015a7f394deca1d76eff7937d87a098925c09c8e09d5156690d71c46ff565395c8c65c144ce93b8265239851824c76e22b55c52af704d519eaa4f2463bb2c6356c5fb297a1df462572917c563aa06bb78a78a832cc11241f786599b6562d8
I: MonitorObliviousTransfer::next
I: GeneratePublicKey::next
D:  sending message (size 0.000256 MB)
I: MonitorObliviousTransfer::next
I: SendPublicKey::next
I: MonitorObliviousTransfer::next
I: RecvEncryptedMessages::next
I: MonitorObliviousTransfer::next
I: DecryptChosenMessage::next
I: MonitorObliviousTransfer::next
I: ChooserDone::next
I: MonitorObliviousTransfer::next
I: MonitorObliviousTransfer::next
I: InitChooser::next
I: MonitorObliviousTransfer::next
I: RecvConstant::next
D: received message: bc88f5342cf27586e4d7518ab1609db9761c26e1e23dd83706f1c339974fafb9777894545d58fe21e569fc91dcc0e0b8651fb8daa5bfb8f1f26d80faea9d4c52f4b1951b24f88c1537e446cf98ba9d00fb055ac48613089fc0334195462544eb6b9d520e609430bf0d4e41b39d24d760a71b428e38fc0f60c08d6630776883b0
I: MonitorObliviousTransfer::next
I: GeneratePublicKey::next
D:  sending message (size 0.000256 MB)
I: MonitorObliviousTransfer::next
I: SendPublicKey::next
I: MonitorObliviousTransfer::next
I: RecvEncryptedMessages::next
I: MonitorObliviousTransfer::next
I: DecryptChosenMessage::next
I: MonitorObliviousTransfer::next
I: ChooserDone::next
I: MonitorObliviousTransfer::next
I: MonitorObliviousTransfer::next
I: InitChooser::next
I: MonitorObliviousTransfer::next
I: RecvConstant::next
D: received message: ed4c2189e351f5cfb14bed73209d685f91d1a0d7e41d839dc38283ad6d0bc12b8283db71c7898bc7223ed763ce32a2f5c7c916a341df1bda1abf461d6850cc1d9d3dfcf19c871f1e6c0bfa50242fafa04c69ce30622df7f449f6a388fb1272c31d726ed685947502e5a3e49d934417b366c6214fd1fb41c8209799e67dc19f3e
I: MonitorObliviousTransfer::next
I: GeneratePublicKey::next
D:  sending message (size 0.000256 MB)
I: MonitorObliviousTransfer::next
I: SendPublicKey::next
I: MonitorObliviousTransfer::next
I: RecvEncryptedMessages::next
I: MonitorObliviousTransfer::next
I: DecryptChosenMessage::next
I: MonitorObliviousTransfer::next
I: ChooserDone::next
I: MonitorObliviousTransfer::next
I: MonitorObliviousTransfer::next
I: InitChooser::next
I: MonitorObliviousTransfer::next
I: RecvConstant::next
D: received message: f88d155e80e2609351d9e0e949644979aca77263a792d71c53fb79b6be7b93e77eb7f9d84e62d634bd9882ce5d15d6009d4480432eb089665069ac89dc4d7435c59347ad83b09501474b3c0b569eee00b7c1a62947e45c2f435218ead666d57f206d4b3f68792efb64e25389b872753953681894f79ac6277f175610607de4d1
I: MonitorObliviousTransfer::next
I: GeneratePublicKey::next
D:  sending message (size 0.000256 MB)
I: MonitorObliviousTransfer::next
I: SendPublicKey::next
I: MonitorObliviousTransfer::next
I: RecvEncryptedMessages::next
I: MonitorObliviousTransfer::next
I: DecryptChosenMessage::next
I: MonitorObliviousTransfer::next
I: ChooserDone::next
I: MonitorObliviousTransfer::next
I: MonitorObliviousTransfer::next
I: InitChooser::next
I: MonitorObliviousTransfer::next
I: RecvConstant::next
D: received message: d995ca7480d8ed38dcf6edb0fedba2f8ab60e31501a74c3102a04dd4602889624c2da3e4b91ac1a70250b778075b563923ffda56d6b5b17d3a483fa841b8d947ebea077470834314cf9ba003261fdd53c4c85ec140eee77c9e8e7ae741e4708f4aae1ab83a4a463d3f5d487ab3bb6bf81909897efd0c05773c6c5ace82cc5451
I: MonitorObliviousTransfer::next
I: GeneratePublicKey::next
D:  sending message (size 0.000256 MB)
I: MonitorObliviousTransfer::next
I: SendPublicKey::next
I: MonitorObliviousTransfer::next
I: RecvEncryptedMessages::next
I: MonitorObliviousTransfer::next
I: DecryptChosenMessage::next
I: MonitorObliviousTransfer::next
I: ChooserDone::next
I: MonitorObliviousTransfer::next
I: MonitorObliviousTransfer::next
I: InitChooser::next
I: MonitorObliviousTransfer::next
I: RecvConstant::next
D: received message: 5d04b67af1ebea743548e9153465c424bb8a69fa7b20edfc808f5078aaae767339091cdcfa44fb56a12ca0010b2d57b541b51d78c8f46b776a43bb53223cc45253bef084af3f53a87f78f883dabaa525e7fbca16870a07d25a8beebf51c7577fed821be68b2f45bf9a1e7d5390cb88f4fabb3771aec869bc177f14cbdea36714
I: MonitorObliviousTransfer::next
I: GeneratePublicKey::next
D:  sending message (size 0.000256 MB)
I: MonitorObliviousTransfer::next
I: SendPublicKey::next
I: MonitorObliviousTransfer::next
I: RecvEncryptedMessages::next
I: MonitorObliviousTransfer::next
I: DecryptChosenMessage::next
I: MonitorObliviousTransfer::next
I: ChooserDone::next
I: MonitorObliviousTransfer::next
I: MonitorObliviousTransfer::next
I: InitChooser::next
I: MonitorObliviousTransfer::next
I: RecvConstant::next
D: received message: 6fc206ed05c27c9cfe7842187d1474abab62e7d39c06e65d8a2a63f07d9a8f37dc2b68216a0121fa73a0727a40139bee31c876be799307ddcc315ce313f2d5155fff07b587a7eb30fdc0c23a4f477b986125613450acabb98e3f89f4389093c5249e291e6c05b11b1075a1d79b77797dbcbc2930ca31460036187896c3a950b8
I: MonitorObliviousTransfer::next
I: GeneratePublicKey::next
D:  sending message (size 0.000256 MB)
I: MonitorObliviousTransfer::next
I: SendPublicKey::next
I: MonitorObliviousTransfer::next
I: RecvEncryptedMessages::next
I: MonitorObliviousTransfer::next
I: DecryptChosenMessage::next
I: MonitorObliviousTransfer::next
I: ChooserDone::next
I: MonitorObliviousTransfer::next
I: MonitorObliviousTransfer::next
I: InitChooser::next
I: MonitorObliviousTransfer::next
I: RecvConstant::next
D: received message: 148daff53de9e6b6308a06a306d0b65c362cc17d4128a7dc64d5a573b2015024537ce4ed13e47fb9d1dfddfbcf89bc30b15734f5123e11624c70c6799041ed3e33e0cb057344540c712f70e835d85fd3a362f02cd4915e24a69bb608e4b6547b4162ba09b197e7b34c9fe479a123c503d1fca7f79750b3718a047ec4f4c968e2
I: MonitorObliviousTransfer::next
I: GeneratePublicKey::next
D:  sending message (size 0.000256 MB)
I: MonitorObliviousTransfer::next
I: SendPublicKey::next
I: MonitorObliviousTransfer::next
I: RecvEncryptedMessages::next
I: MonitorObliviousTransfer::next
I: DecryptChosenMessage::next
I: MonitorObliviousTransfer::next
I: ChooserDone::next
I: MonitorObliviousTransfer::next
I: MonitorObliviousTransfer::next
I: InitChooser::next
I: MonitorObliviousTransfer::next
I: RecvConstant::next
D: received message: 6c97d55e4838558eea619f90731c3aeb7ba87bb311f82e74c31ac22b1cc0a19d6a43af284579dd177823445c4b699777d59903c4a3eb2b41d4ad6d11c8bf15b519ab76d31f2de79155286f63125c6d04d09b4b556a3cdf0e3f3047c73fa09e87d41118ab672d784f2c905bfd665867bac89998bcd184170500aea230fbe0a985
I: MonitorObliviousTransfer::next
I: GeneratePublicKey::next
D:  sending message (size 0.000256 MB)
I: MonitorObliviousTransfer::next
I: SendPublicKey::next
I: MonitorObliviousTransfer::next
I: RecvEncryptedMessages::next
I: MonitorObliviousTransfer::next
I: DecryptChosenMessage::next
I: MonitorObliviousTransfer::next
I: ChooserDone::next
I: MonitorObliviousTransfer::next
I: MonitorObliviousTransfer::next
I: InitChooser::next
I: MonitorObliviousTransfer::next
I: RecvConstant::next
D: received message: 1fd1830b7608f5ca4d3f38dfca338398cd65f53b7a12a7019b37237675284b078b6389861896c7ad542c695ecdb201bfa65711336bda1bb1189e01b470190aca416713485b9c9c4c70404c915386e4f4f3491082059d56e78c9f90facdd4ae84bd1e61f03a2a5cc40c03bddcfcce5551b0248ded51df441a530feca2754ce8e
I: MonitorObliviousTransfer::next
I: GeneratePublicKey::next
D:  sending message (size 0.000256 MB)
I: MonitorObliviousTransfer::next
I: SendPublicKey::next
I: MonitorObliviousTransfer::next
I: RecvEncryptedMessages::next
I: MonitorObliviousTransfer::next
I: DecryptChosenMessage::next
I: MonitorObliviousTransfer::next
I: ChooserDone::next
I: MonitorObliviousTransfer::next
I: MonitorObliviousTransfer::next
I: InitChooser::next
I: MonitorObliviousTransfer::next
I: RecvConstant::next
D: received message: 8983650f6753ed315445110605b5dabaa68e8ea4c2850e51963490a18b7d7334a72a8e84bfc08709bbcb2d77002b9f098b3eaec12e0e3b8fc8854b97f27f6a5f9893a595a98c6b63690cb02e483371154b1a31d141b3125a2886c885ca65772d9bd0cabb4c29e39072ebd680fbd7bd2ce41b6574b7b031bd3d7a478c7319cfe5
I: MonitorObliviousTransfer::next
I: GeneratePublicKey::next
D:  sending message (size 0.000256 MB)
I: MonitorObliviousTransfer::next
I: SendPublicKey::next
I: MonitorObliviousTransfer::next
I: RecvEncryptedMessages::next
I: MonitorObliviousTransfer::next
I: DecryptChosenMessage::next
I: MonitorObliviousTransfer::next
I: ChooserDone::next
I: MonitorObliviousTransfer::next
I: MonitorObliviousTransfer::next
I: InitChooser::next
I: MonitorObliviousTransfer::next
I: RecvConstant::next
D: received message: 973bd6f56e1cb5c1ea6838ade0ac96e92c78ecfa80a3ff76df02f742052ead2aa91547843fe0f013156363a0f62d7ab13229fa6e7095352a5a4f7f9d6eade71c0c0477a87812f633d9d87c5662190a3ffff442c2fc91144b675811020d8e718191ea584c31aa3bfcb91f2c29f50375b2935a140a67d9078290c6bd25744cdd6c
I: MonitorObliviousTransfer::next
I: GeneratePublicKey::next
D:  sending message (size 0.000256 MB)
I: MonitorObliviousTransfer::next
I: SendPublicKey::next
I: MonitorObliviousTransfer::next
I: RecvEncryptedMessages::next
I: MonitorObliviousTransfer::next
I: DecryptChosenMessage::next
I: MonitorObliviousTransfer::next
I: ChooserDone::next
I: MonitorObliviousTransfer::next
I: MonitorObliviousTransfer::next
I: InitChooser::next
I: MonitorObliviousTransfer::next
I: RecvConstant::next
D: received message: d614e0e5bd9d114f040caa8c1f907367dfd8114a878fbaa123d20d3ddac21957dc51db6471ff46fdbf85358c9b5a4a0484425aecb601f465206a35a2b57f41d405da037ea8915d468910de7649fab83561b8f1eda3cc082024372de368f2a4825827c5ce2db98dbc4c57844b96e254e317a26d94508efca7dbaed54d8e9a9c88
I: MonitorObliviousTransfer::next
I: GeneratePublicKey::next
D:  sending message (size 0.000256 MB)
I: MonitorObliviousTransfer::next
I: SendPublicKey::next
I: MonitorObliviousTransfer::next
I: RecvEncryptedMessages::next
I: MonitorObliviousTransfer::next
I: DecryptChosenMessage::next
I: MonitorObliviousTransfer::next
I: ChooserDone::next
I: MonitorObliviousTransfer::next
I: MonitorObliviousTransfer::next
I: InitChooser::next
I: MonitorObliviousTransfer::next
I: RecvConstant::next
D: received message: 331b113acc70b3f48d3f16f2d8169e93195e650558fcf3a4043a3a8d3b5a58335c7544555f8206cb536c843be28d4d9618e0d17f2eda0428859d11ace549fc4ead924b3ecb411691e1cd6f0dfcabe4156c2bf645c4fb4ab9edb000027d5bdccb0c67825abc4fbf0672b07ecb0fc099f30f374138d448009ebe042843a26a36c3
I: MonitorObliviousTransfer::next
I: GeneratePublicKey::next
D:  sending message (size 0.000256 MB)
I: MonitorObliviousTransfer::next
I: SendPublicKey::next
I: MonitorObliviousTransfer::next
I: RecvEncryptedMessages::next
I: MonitorObliviousTransfer::next
I: DecryptChosenMessage::next
I: MonitorObliviousTransfer::next
I: ChooserDone::next
I: MonitorObliviousTransfer::next
I: MonitorObliviousTransfer::next
I: InitChooser::next
I: MonitorObliviousTransfer::next
I: RecvConstant::next
D: received message: e9df288c04d4d203d46caeb5c48ede22e39ae81731f6bcbc59663f052c79e5668198545d915616ac856f25a72301213b07fa47f9734a4a20cd7d4eea92b60976a33baf041474a0119c5e4c0d037b0dc9fc1de26f2ab5f059393bf7aaca34996f20d07fff7d214f05e7c351e23a30e90d072df80d65a5e785ab22dc5b73951e5f
I: MonitorObliviousTransfer::next
I: GeneratePublicKey::next
D:  sending message (size 0.000256 MB)
I: MonitorObliviousTransfer::next
I: SendPublicKey::next
I: MonitorObliviousTransfer::next
I: RecvEncryptedMessages::next
I: MonitorObliviousTransfer::next
I: DecryptChosenMessage::next
I: MonitorObliviousTransfer::next
I: ChooserDone::next
I: MonitorObliviousTransfer::next
I: MonitorObliviousTransfer::next
I: InitChooser::next
I: MonitorObliviousTransfer::next
I: RecvConstant::next
D: received message: b8f64664193bc4ece3f4b3d27718d51b742520197c9607a65ed329155c8458a7b801ed0b4a0759df7a2bcd8c653e285b484684922002136d98a25eafae5db2d491a6b3d8f6d56487353e174afc9f5b415c151a58208f8d5b1aaea9dd984f80560f5ceac40c502e6036ca0af1a27a591959f1b210a6ca4ce80be13dd786b525e0
I: MonitorObliviousTransfer::next
I: GeneratePublicKey::next
D:  sending message (size 0.000256 MB)
I: MonitorObliviousTransfer::next
I: SendPublicKey::next
I: MonitorObliviousTransfer::next
I: RecvEncryptedMessages::next
I: MonitorObliviousTransfer::next
I: DecryptChosenMessage::next
I: MonitorObliviousTransfer::next
I: ChooserDone::next
I: MonitorObliviousTransfer::next
I: MonitorObliviousTransfer::next
I: InitChooser::next
I: MonitorObliviousTransfer::next
I: RecvConstant::next
D: received message: 97883b3ed7fc7b0638232e2e5357b1deead354c50a2d53766cc0b99bb318f443a03b9b2178ddf1728bfefaf6e0351ddc19a162086a3ad6dfdf0788358335ca65744b03327427952acde8da41dd9243981a60d6172c660501bebc4d13445339eebe786a8f7689e5d5c78cf24a166dbc6d1fdb156e200d3f68deb72d62da935919
I: MonitorObliviousTransfer::next
I: GeneratePublicKey::next
D:  sending message (size 0.000256 MB)
I: MonitorObliviousTransfer::next
I: SendPublicKey::next
I: MonitorObliviousTransfer::next
I: RecvEncryptedMessages::next
I: MonitorObliviousTransfer::next
I: DecryptChosenMessage::next
I: MonitorObliviousTransfer::next
I: ChooserDone::next
I: MonitorObliviousTransfer::next
I: MonitorObliviousTransfer::next
I: InitChooser::next
I: MonitorObliviousTransfer::next
I: RecvConstant::next
D: received message: 1a7edda81df8d9d7ead482d3ca973da27c30e12b31819f24f8d621e0dbfd1555d43c4ce0665700473e9fa354d0a473fa4c238d86b03aee51b048322c4675d6f9c46e8cd6f6138b00dc5f620147ab745ea17bf0e9619f80b7a5f0de64108dec740dff2c0a2675cd0287e76f6787a3705c762c24387f0ad48fccf1933b7864db2e
I: MonitorObliviousTransfer::next
I: GeneratePublicKey::next
D:  sending message (size 0.000256 MB)
I: MonitorObliviousTransfer::next
I: SendPublicKey::next
I: MonitorObliviousTransfer::next
I: RecvEncryptedMessages::next
I: MonitorObliviousTransfer::next
I: DecryptChosenMessage::next
I: MonitorObliviousTransfer::next
I: ChooserDone::next
I: MonitorObliviousTransfer::next
I: MonitorObliviousTransfer::next
I: InitChooser::next
I: MonitorObliviousTransfer::next
I: RecvConstant::next
D: received message: 57b09d12714b223e60ca4ee1881e72e63996328bc0a895364cadbf0205c3ab9cdfe49d3fb4388bc5df0970785fd1fe839d38925c5fd3b7431ffcfdbdadc9c485376c76ebf4044f8308cedf62bc6faad5efb981d540afd1614de0772c609ec47ae495c1bb46d5548e4a668366ef672649f92d6b318d89634e1e459424cff03279
I: MonitorObliviousTransfer::next
I: GeneratePublicKey::next
D:  sending message (size 0.000256 MB)
I: MonitorObliviousTransfer::next
I: SendPublicKey::next
I: MonitorObliviousTransfer::next
I: RecvEncryptedMessages::next
I: MonitorObliviousTransfer::next
I: DecryptChosenMessage::next
I: MonitorObliviousTransfer::next
I: ChooserDone::next
I: MonitorObliviousTransfer::next
I: MonitorObliviousTransfer::next
I: InitChooser::next
I: MonitorObliviousTransfer::next
I: RecvConstant::next
D: received message: 3e3d2bc2c716541ad7984845f327f0ebb67263b1ffd5c50d842031a8a0a1b1b5d236a04abe937aa996be8e84dbeed28194ad26af743bdf0100b4fd9e8146724aaf9bd42a8f7bc89c2f8290bb56cf25a85d1445bd8012061b516ce2ba76fbd11bacee6d04ec7eaf54a110c55aa09bd25aed1dd75ae3c6957d4317f56919b4cfeb
I: MonitorObliviousTransfer::next
I: GeneratePublicKey::next
D:  sending message (size 0.000256 MB)
I: MonitorObliviousTransfer::next
I: SendPublicKey::next
I: MonitorObliviousTransfer::next
I: RecvEncryptedMessages::next
I: MonitorObliviousTransfer::next
I: DecryptChosenMessage::next
I: MonitorObliviousTransfer::next
I: ChooserDone::next
I: MonitorObliviousTransfer::next
I: MonitorObliviousTransfer::next
I: InitChooser::next
I: MonitorObliviousTransfer::next
I: RecvConstant::next
D: received message: 74ea2f11919562b3c8b3e1aa490d810234b1284d150799109f2848ffa57d6d82d3a444bbcbdcc06d906d7e6d7fb5c012eeb201c7fda0d2ea9f37b008b9ba2ae06838d78dd3e7aebd5a94cfed4f23857c5aa5f5fab6d587d095b6d683c230c4d3ec5d230ca64a2da29fa42be79e9426a552d0d410c720506f08384d63ee087176
I: MonitorObliviousTransfer::next
I: GeneratePublicKey::next
D:  sending message (size 0.000256 MB)
I: MonitorObliviousTransfer::next
I: SendPublicKey::next
I: MonitorObliviousTransfer::next
I: RecvEncryptedMessages::next
I: MonitorObliviousTransfer::next
I: DecryptChosenMessage::next
I: MonitorObliviousTransfer::next
I: ChooserDone::next
I: MonitorObliviousTransfer::next
I: MonitorObliviousTransfer::next
I: InitChooser::next
I: MonitorObliviousTransfer::next
I: RecvConstant::next
D: received message: 6d8383abf99aa33b484870b9633b82918dfc67bea26629f2bec523759db7315d4a8f30903113722b6546a8f731788b39a5fb8f1f1d69805d789444b50c27bc1717123951e0f457d715311f45978bacb6274f27b6f58a9f44d607de9f26c4ea13712146290b1ee7e316e74e36987aeda66f00b7dfdca516d4eace92200ede0d2f
I: MonitorObliviousTransfer::next
I: GeneratePublicKey::next
D:  sending message (size 0.000256 MB)
I: MonitorObliviousTransfer::next
I: SendPublicKey::next
I: MonitorObliviousTransfer::next
I: RecvEncryptedMessages::next
I: MonitorObliviousTransfer::next
I: DecryptChosenMessage::next
I: MonitorObliviousTransfer::next
I: ChooserDone::next
I: MonitorObliviousTransfer::next
I: MonitorObliviousTransfer::next
I: InitChooser::next
I: MonitorObliviousTransfer::next
I: RecvConstant::next
D: received message: 31e07a40be7cb08f0490938f1dd3f03b4de2e8a45cbabd9fac9a7fcddd83fb7195fccbd5b7de81c43897ea37e348af73bcd13f9af36db607c89141aa626c4e9e6f7d4c4e0edca8d22e25978fb0931c9cd109aff2c6d3f03fd9243e249cd6ebf3c08cf3b3b4424adc25fe70eddae33fc9f5b4086779450d5fd70bd0c092496658
I: MonitorObliviousTransfer::next
I: GeneratePublicKey::next
D:  sending message (size 0.000256 MB)
I: MonitorObliviousTransfer::next
I: SendPublicKey::next
I: MonitorObliviousTransfer::next
I: RecvEncryptedMessages::next
I: MonitorObliviousTransfer::next
I: DecryptChosenMessage::next
I: MonitorObliviousTransfer::next
I: ChooserDone::next
I: MonitorObliviousTransfer::next
I: MonitorObliviousTransfer::next
I: InitChooser::next
I: MonitorObliviousTransfer::next
I: RecvConstant::next
D: received message: b21924a00e17ae76a1b817a6f1229c538bc402879ab6ab4625d25489b5f711febf24ed7b30f01c1d0820e9bf7a70b1ac6b7ba052aa0a84aff57f276a541e542534250d034109808b9d71e7792ce78af7d83a0efaa9123d214ffe5b4af4ab6626a518c681cca6dd11ad683f754b29f16efd2651dfd047ea33043009913f156577
I: MonitorObliviousTransfer::next
I: GeneratePublicKey::next
D:  sending message (size 0.000256 MB)
I: MonitorObliviousTransfer::next
I: SendPublicKey::next
I: MonitorObliviousTransfer::next
I: RecvEncryptedMessages::next
I: MonitorObliviousTransfer::next
I: DecryptChosenMessage::next
I: MonitorObliviousTransfer::next
I: ChooserDone::next
I: MonitorObliviousTransfer::next
I: MonitorObliviousTransfer::next
I: InitChooser::next
I: MonitorObliviousTransfer::next
I: RecvConstant::next
D: received message: 354600ff7cd145f82f7073d27d1534fd206d20a51b79795e223c6d7f6a8311d91305f8b94a54043cb6b4cdd0424d806d99ee64a78ac02a383a54b3d1edb2596625498c6e96b9aa02f7f708eaea4f3120b6dcca4db3f8dcc2b10b3743e0def9a739ddf58e553048fe4d65eb15ae95f21ce08818eebcd7a285a78e27981a677df3
I: MonitorObliviousTransfer::next
I: GeneratePublicKey::next
D:  sending message (size 0.000256 MB)
I: MonitorObliviousTransfer::next
I: SendPublicKey::next
I: MonitorObliviousTransfer::next
I: RecvEncryptedMessages::next
I: MonitorObliviousTransfer::next
I: DecryptChosenMessage::next
I: MonitorObliviousTransfer::next
I: ChooserDone::next
I: MonitorObliviousTransfer::next
I: MonitorObliviousTransfer::next
I: InitChooser::next
I: MonitorObliviousTransfer::next
I: RecvConstant::next
D: received message: fa2da763c3bfa31dccf9a10be0ee2fdd331688d1ee4758e94cf893fd8501de9546a1bd92305a9ad81979e37c92c5ccb58f74559f244bdd4f93950d95685c7f5fb9843332eb8b5ca5c0ca4ba2c72652ec11e8597da9ea0762e05e687f3dfa2c17d632240931cee52ee2748f6c56c4ff8216cd1a7c705e62f21d4e4b24988df1ba
I: MonitorObliviousTransfer::next
I: GeneratePublicKey::next
D:  sending message (size 0.000256 MB)
I: MonitorObliviousTransfer::next
I: SendPublicKey::next
I: MonitorObliviousTransfer::next
I: RecvEncryptedMessages::next
I: MonitorObliviousTransfer::next
I: DecryptChosenMessage::next
I: MonitorObliviousTransfer::next
I: ChooserDone::next
I: MonitorObliviousTransfer::next
I: MonitorObliviousTransfer::next
I: InitChooser::next
I: MonitorObliviousTransfer::next
I: RecvConstant::next
D: received message: 87f9b640ece4e3b484b4cd2746914528c41ba399f7642e48a6f8ad6df4c0f3475af7edbdeb5ce13e77dedb7e972eb3bf55dc4354636ebbfd9faa51f4ddb740ed6e3eface7410758bbeef8845edc9ad8f3359e2b7870783774b2dff430c3caedbf9eefcb62ceba80da3d6c8bf2c90741e6d739e198dd33db6466841ef0357d2d6
I: MonitorObliviousTransfer::next
I: GeneratePublicKey::next
D:  sending message (size 0.000256 MB)
I: MonitorObliviousTransfer::next
I: SendPublicKey::next
I: MonitorObliviousTransfer::next
I: RecvEncryptedMessages::next
I: MonitorObliviousTransfer::next
I: DecryptChosenMessage::next
I: MonitorObliviousTransfer::next
I: ChooserDone::next
I: MonitorObliviousTransfer::next
I: MonitorObliviousTransfer::next
I: InitChooser::next
I: MonitorObliviousTransfer::next
I: RecvConstant::next
D: received message: 50bd35a323110a39dc1487dac06eeeeb8498299da47d4abdc553e73b2dca5cd496052498e441e555878bf560b86bb3aec7ed580a95efee8db7f7e854b665c75cdb9330259f6c377dc07b915f930cc899264562e0100c0cd8bab83351370f93959f9098d809054696d2b8fced09313e26cae5707e82625ada5aacb718b4cd3620
I: MonitorObliviousTransfer::next
I: GeneratePublicKey::next
D:  sending message (size 0.000256 MB)
I: MonitorObliviousTransfer::next
I: SendPublicKey::next
I: MonitorObliviousTransfer::next
I: RecvEncryptedMessages::next
I: MonitorObliviousTransfer::next
I: DecryptChosenMessage::next
I: MonitorObliviousTransfer::next
I: ChooserDone::next
I: MonitorObliviousTransfer::next
I: MonitorObliviousTransfer::next
I: InitChooser::next
I: MonitorObliviousTransfer::next
I: RecvConstant::next
D: received message: c95e330c7d38a1e734b8f2580d8704dffa8333f521a74167a8d121b3cac46f8a91ca2d5662de94ecd5ddcd071fa0e5cf59beb9783cd2ae3171802dde114351fea2b9436c150766e4128522f65c63756b9accce038c55bdbbadb1cbe65f3da8588dfd76d59d433b409536a7ef2a625511edcc2f70b90e219fafb01a2eec84e475
I: MonitorObliviousTransfer::next
I: GeneratePublicKey::next
D:  sending message (size 0.000256 MB)
I: MonitorObliviousTransfer::next
I: SendPublicKey::next
I: MonitorObliviousTransfer::next
I: RecvEncryptedMessages::next
I: MonitorObliviousTransfer::next
I: DecryptChosenMessage::next
I: MonitorObliviousTransfer::next
I: ChooserDone::next
I: MonitorObliviousTransfer::next
I: MonitorObliviousTransfer::next
I: InitChooser::next
I: MonitorObliviousTransfer::next
I: RecvConstant::next
D: received message: 8aa1300b3cd7e5928b8c978528f6971ed0a23d6e783b9d6ec2a85551b4e3e06d7a4b99e143b6591d3e8bef389aa1ee7956e7219bb913f8470854bd195da17dbf982f4420cdff897a1226be1ab21971c6a5887b4664126b99f407317550a5382fcb75a87afea5cd4a0e153bce3c349428272bde0b53b477e922002d495c965b73
I: MonitorObliviousTransfer::next
I: GeneratePublicKey::next
D:  sending message (size 0.000256 MB)
I: MonitorObliviousTransfer::next
I: SendPublicKey::next
I: MonitorObliviousTransfer::next
I: RecvEncryptedMessages::next
I: MonitorObliviousTransfer::next
I: DecryptChosenMessage::next
I: MonitorObliviousTransfer::next
I: ChooserDone::next
I: MonitorObliviousTransfer::next
I: MonitorObliviousTransfer::next
I: InitChooser::next
I: MonitorObliviousTransfer::next
I: RecvConstant::next
D: received message: 6d1458252d4c7c81072f7403419cbd2d783f465232b97d9fe656ba95c774f8b72f5e74838a967f8ad1d35067b776f17c457439de338f99d2bb7503b0cf9f596032398d378c5b357b989aca560ec0793a2283dca8427d6ade4194f30358133a942eb574a2ff0df36aa39f2ae954dc1b6235c5d455b57d6d9ec045f5e6a945df39
I: MonitorObliviousTransfer::next
I: GeneratePublicKey::next
D:  sending message (size 0.000256 MB)
I: MonitorObliviousTransfer::next
I: SendPublicKey::next
I: MonitorObliviousTransfer::next
I: RecvEncryptedMessages::next
I: MonitorObliviousTransfer::next
I: DecryptChosenMessage::next
I: MonitorObliviousTransfer::next
I: ChooserDone::next
I: MonitorObliviousTransfer::next
I: MonitorObliviousTransfer::next
I: InitChooser::next
I: MonitorObliviousTransfer::next
I: RecvConstant::next
D: received message: d5ab029c1cde731463b4e4fd1de407b8e76eb7f5ec116211025bf8f4501b9b42fe42c36d43c6dbbaceebffd06098f10c7894d9ac1ccbd6fe2990dddc18d965a4ac2d04499cbb00f9f79f20008de745c68c663cd9e94c014131ae0358463984c6fbcea7a8c78189b4ce521e09b2f440e3d77387f00e0ddabf34da52e1d8ca0dc1
I: MonitorObliviousTransfer::next
I: GeneratePublicKey::next
D:  sending message (size 0.000256 MB)
I: MonitorObliviousTransfer::next
I: SendPublicKey::next
I: MonitorObliviousTransfer::next
I: RecvEncryptedMessages::next
I: MonitorObliviousTransfer::next
I: DecryptChosenMessage::next
I: MonitorObliviousTransfer::next
I: ChooserDone::next
I: MonitorObliviousTransfer::next
I: MonitorObliviousTransfer::next
I: InitChooser::next
I: MonitorObliviousTransfer::next
I: RecvConstant::next
D: received message: c64511ad28b27781b0755bffd78b16dd9943c4bf7febb20255dbc1064b2d8c302d3057c3cf765b274cbb914819ad898aa15ac39261b62fab0431a91c5319a9ce16e938a977fe5ceedc68902f0b1a4fc182de9c84410fe3718e91868e349494ba738baf0d1845d1d80862e1f5f0fc3a9d57532256e24832d726bcebd27473de08
I: MonitorObliviousTransfer::next
I: GeneratePublicKey::next
D:  sending message (size 0.000256 MB)
I: MonitorObliviousTransfer::next
I: SendPublicKey::next
I: MonitorObliviousTransfer::next
I: RecvEncryptedMessages::next
I: MonitorObliviousTransfer::next
I: DecryptChosenMessage::next
I: MonitorObliviousTransfer::next
I: ChooserDone::next
I: MonitorObliviousTransfer::next
I: MonitorObliviousTransfer::next
I: InitChooser::next
I: MonitorObliviousTransfer::next
I: RecvConstant::next
D: received message: 32d0255c91208188a78e7894c2f296ed1c9f849f0b635a2e76aa12ee934a194d54094bd63e78e97ccb666a141d8932ab567a6aefd1eaa0f05dcf24343f81e62dc3809b00eca18bdea806611a47bf5df87205d84f3220d8408cd816accba30b766ae47ed3c75f26a6bac78672f9ab69c1c8cb96e2ea39de697d77c6a6b4998393
I: MonitorObliviousTransfer::next
I: GeneratePublicKey::next
D:  sending message (size 0.000256 MB)
I: MonitorObliviousTransfer::next
I: SendPublicKey::next
I: MonitorObliviousTransfer::next
I: RecvEncryptedMessages::next
I: MonitorObliviousTransfer::next
I: DecryptChosenMessage::next
I: MonitorObliviousTransfer::next
I: ChooserDone::next
I: MonitorObliviousTransfer::next
I: MonitorObliviousTransfer::next
I: InitChooser::next
I: MonitorObliviousTransfer::next
I: RecvConstant::next
D: received message: 71f30a4c2983d9ae403ec9ff891979d778a69b2b8384f6345f37ceae5d2672de9ae4fff3aa0257aefa0a0404621035c4dfd48559035006fca9f8e724c58232078220bcdeb6f0032b957a1cf7e35d552596ad9f7fb01e53f2cb3bb6c65589d55a4421a5090deff3d7afe72d4bc3f86f0bc5c0387aa15553d8d46823bbb1921d3e
I: MonitorObliviousTransfer::next
I: GeneratePublicKey::next
D:  sending message (size 0.000256 MB)
I: MonitorObliviousTransfer::next
I: SendPublicKey::next
I: MonitorObliviousTransfer::next
I: RecvEncryptedMessages::next
I: MonitorObliviousTransfer::next
I: DecryptChosenMessage::next
I: MonitorObliviousTransfer::next
I: ChooserDone::next
I: MonitorObliviousTransfer::next
I: MonitorObliviousTransfer::next
I: InitChooser::next
I: MonitorObliviousTransfer::next
I: RecvConstant::next
D: received message: 6fd821266f554ebbf1f21a522faef5560eed9f3037023d5d8a74d90a9a0b85f7c7c79e70d19c084a78afb56acd9e8b59d4f1ffa825fbd40a4e71381dfd3e1d898b2167fc940796e96696bd842ebe76e2b2ba1f9821fe9512efe4ab6e1791427b85187b0654c76fa50601623660d1bcd1505278b8b333ea6f3b15eef5b4a45858
I: MonitorObliviousTransfer::next
I: GeneratePublicKey::next
D:  sending message (size 0.000256 MB)
I: MonitorObliviousTransfer::next
I: SendPublicKey::next
I: MonitorObliviousTransfer::next
I: RecvEncryptedMessages::next
I: MonitorObliviousTransfer::next
I: DecryptChosenMessage::next
I: MonitorObliviousTransfer::next
I: ChooserDone::next
I: MonitorObliviousTransfer::next
I: MonitorObliviousTransfer::next
I: InitChooser::next
I: MonitorObliviousTransfer::next
I: RecvConstant::next
D: received message: 70e3999a0f81b8ce11e62d8802f8e85a27e78899ae0ce70a84f29599944aef72177a357aef120e306a6d21475ba629fd5505d5e961f47a19df1a0b64941f41788a54763be39d51ccdf554ebd08f375a26f298a3366f6986756ed3a23e3dc7864b22581f1e74a8e52a174b8195fb450eec82c25570726dfd866b99616e4e6f041
I: MonitorObliviousTransfer::next
I: GeneratePublicKey::next
D:  sending message (size 0.000256 MB)
I: MonitorObliviousTransfer::next
I: SendPublicKey::next
I: MonitorObliviousTransfer::next
I: RecvEncryptedMessages::next
I: MonitorObliviousTransfer::next
I: DecryptChosenMessage::next
I: MonitorObliviousTransfer::next
I: ChooserDone::next
I: MonitorObliviousTransfer::next
I: MonitorObliviousTransfer::next
I: InitChooser::next
I: MonitorObliviousTransfer::next
I: RecvConstant::next
D: received message: 4c2f2afc7805e0119d1269dd16b1c737171950dbd676db85bbd071e3b8fc8f09f6b88139c6ce13b270c523391b16385fcd0b9604e9da2d8b850f787ea51aa8550230c279451f476e427863ea38443cf304e62a96666a1428fa1879049efdfcb23e502de886ca09a1e6dd566ba895817a9081c3d1875ad11e954df7a74db46467
I: MonitorObliviousTransfer::next
I: GeneratePublicKey::next
D:  sending message (size 0.000256 MB)
I: MonitorObliviousTransfer::next
I: SendPublicKey::next
I: MonitorObliviousTransfer::next
I: RecvEncryptedMessages::next
I: MonitorObliviousTransfer::next
I: DecryptChosenMessage::next
I: MonitorObliviousTransfer::next
I: ChooserDone::next
I: MonitorObliviousTransfer::next
I: MonitorObliviousTransfer::next
I: InitChooser::next
I: MonitorObliviousTransfer::next
I: RecvConstant::next
D: received message: 3415f31cfac3de20d137afb231c1016f664d246a334942ce006a6288bf32f4a11630da25ae77b6c3b0d3bfd2451d6b75d262986baa4b7a239cfcb0a74b8333daf0033a317782d058ff9669cec61bea370794c5e03afde480cff78648fec16c83aed16293a6be6eb49adf903a8bcadfefe938ae937a89c860dae257ecf7cc47f7
I: MonitorObliviousTransfer::next
I: GeneratePublicKey::next
D:  sending message (size 0.000256 MB)
I: MonitorObliviousTransfer::next
I: SendPublicKey::next
I: MonitorObliviousTransfer::next
I: RecvEncryptedMessages::next
I: MonitorObliviousTransfer::next
I: DecryptChosenMessage::next
I: MonitorObliviousTransfer::next
I: ChooserDone::next
I: MonitorObliviousTransfer::next
I: MonitorObliviousTransfer::next
I: InitChooser::next
I: MonitorObliviousTransfer::next
I: RecvConstant::next
D: received message: 1af849b265436497977ff9dd132eacbe047f3d0385a5ef04bbaac856a4adcd78816c8a0041594c7448e3e75cb23f55522f5adb3f5433d7212618964b2f361e4a818d1e1ccdf17b42b72d61dd27fbe189f3067a10a1046abe02e7bde9338db8299dcbd76cc9634c856662a737a0cb0468edc1c87279088b5f3f5292caec2d6b2c
I: MonitorObliviousTransfer::next
I: GeneratePublicKey::next
D:  sending message (size 0.000256 MB)
I: MonitorObliviousTransfer::next
I: SendPublicKey::next
I: MonitorObliviousTransfer::next
I: RecvEncryptedMessages::next
I: MonitorObliviousTransfer::next
I: DecryptChosenMessage::next
I: MonitorObliviousTransfer::next
I: ChooserDone::next
I: MonitorObliviousTransfer::next
I: MonitorObliviousTransfer::next
I: InitChooser::next
I: MonitorObliviousTransfer::next
I: RecvConstant::next
D: received message: 83df60d99c83644767123300a2f3e05a903e0ada2a40672802068046c7412d2ddb11cc75a0a33512ff9e9669c9369f3482ee2afbf611f3f0caca2e7b6bc901031a36b2fb16749e72d3bab93b2df66499766e19df31198ccc9186f53318a007d22ef2f7a5115a130fcf7f2a4af579f386d6aa55ae1b4b1c9c0c546e436e29b56c
I: MonitorObliviousTransfer::next
I: GeneratePublicKey::next
D:  sending message (size 0.000256 MB)
I: MonitorObliviousTransfer::next
I: SendPublicKey::next
I: MonitorObliviousTransfer::next
I: RecvEncryptedMessages::next
I: MonitorObliviousTransfer::next
I: DecryptChosenMessage::next
I: MonitorObliviousTransfer::next
I: ChooserDone::next
I: MonitorObliviousTransfer::next
I: MonitorObliviousTransfer::next
I: InitChooser::next
I: MonitorObliviousTransfer::next
I: RecvConstant::next
D: received message: f2e764214e36599d0f5c77dc5c2b57ae2c1814cce5ad206a314878695d45309db156155b615cd0e15b6978faf1a38eb45e7f5e5780bf97608d22fbb5aba1f277db9655668ef98c7a47798703e4f5958c467e7f9999224202d0727f4025d6576f97ed43d3a78b21de8ce61ab8e79b8bb09ecb5a0ec17ec0bdc6b1735b1dd3d267
I: MonitorObliviousTransfer::next
I: GeneratePublicKey::next
D:  sending message (size 0.000256 MB)
I: MonitorObliviousTransfer::next
I: SendPublicKey::next
I: MonitorObliviousTransfer::next
I: RecvEncryptedMessages::next
I: MonitorObliviousTransfer::next
I: DecryptChosenMessage::next
I: MonitorObliviousTransfer::next
I: ChooserDone::next
I: MonitorObliviousTransfer::next
I: MonitorObliviousTransfer::next
I: InitChooser::next
I: MonitorObliviousTransfer::next
I: RecvConstant::next
D: received message: 6a8cedff0aa94311e1706a05ac48b93a21eccc7ccad3754b55fa61fae3a7fa35eacea43ad83f03bafebb2061fa68ec0abcea6b5bd0288463b048b44e1d98f54eb588de46599a66704e127b6cdeead08207fc498d568d45ad6c3f39bc3c9bea5baee405f32edf38af1ba71e97df4319f50ddbe758315c54a75c17b0c18f74fd34
I: MonitorObliviousTransfer::next
I: GeneratePublicKey::next
D:  sending message (size 0.000256 MB)
I: MonitorObliviousTransfer::next
I: SendPublicKey::next
I: MonitorObliviousTransfer::next
I: RecvEncryptedMessages::next
I: MonitorObliviousTransfer::next
I: DecryptChosenMessage::next
I: MonitorObliviousTransfer::next
I: ChooserDone::next
I: MonitorObliviousTransfer::next
I: MonitorObliviousTransfer::next
I: InitChooser::next
I: MonitorObliviousTransfer::next
I: RecvConstant::next
D: received message: 69bcddcfaebd42fddae90d5353c686cda3eba3ab6fbdca9a51ceca7f513780c0cc7fda951f609875503d401239eb364089ea88ccba125f42958661ed3a001f14e042c94507f9c610b0a0d3d0ac76b2320262344e661f9d64c2e1f7237dd9c04c1277b4c842d614524a04f71c085c6cddc5c55671f63229664c426864ed9b72a4
I: MonitorObliviousTransfer::next
I: GeneratePublicKey::next
D:  sending message (size 0.000256 MB)
I: MonitorObliviousTransfer::next
I: SendPublicKey::next
I: MonitorObliviousTransfer::next
I: RecvEncryptedMessages::next
I: MonitorObliviousTransfer::next
I: DecryptChosenMessage::next
I: MonitorObliviousTransfer::next
I: ChooserDone::next
I: MonitorObliviousTransfer::next
I: MonitorObliviousTransfer::next
I: InitChooser::next
I: MonitorObliviousTransfer::next
I: RecvConstant::next
D: received message: 97cfac75cc2281734fb5d1bc920831a4ce1967fca0c6a6a1b615c21a80a3d62729a25c74683a0062631b1d20c3d68e29700fc03b6c0816cc7d67e98dcdc1ab21828d37fa53dc3373d1dd26485d812fe1ff187bdcac81204cde327bb748ee6305d2465f55a9f7a8b7866de4356817f3adf6198acd86b527585891a5b3e4a8453e
I: MonitorObliviousTransfer::next
I: GeneratePublicKey::next
D:  sending message (size 0.000256 MB)
I: MonitorObliviousTransfer::next
I: SendPublicKey::next
I: MonitorObliviousTransfer::next
I: RecvEncryptedMessages::next
I: MonitorObliviousTransfer::next
I: DecryptChosenMessage::next
I: MonitorObliviousTransfer::next
I: ChooserDone::next
I: MonitorObliviousTransfer::next
I: MonitorObliviousTransfer::next
I: InitChooser::next
I: MonitorObliviousTransfer::next
I: RecvConstant::next
D: received message: 6c8691b988216894540ad77445a56c5dee307f748a7929e03d755260bac77151afc614aea2f5b24b576a598c62a817ec48c14af4752b29232f56acd091f89a5ceef0a5bafc780d05a04db53de1e00a558d83c44695e11f52750f6c23baf5aeffc8fa39cb5cc766d7012829b54c6cd25c7ad9c986e4065afb6c4ffe647810c71d
I: MonitorObliviousTransfer::next
I: GeneratePublicKey::next
D:  sending message (size 0.000256 MB)
I: MonitorObliviousTransfer::next
I: SendPublicKey::next
I: MonitorObliviousTransfer::next
I: RecvEncryptedMessages::next
I: MonitorObliviousTransfer::next
I: DecryptChosenMessage::next
I: MonitorObliviousTransfer::next
I: ChooserDone::next
I: MonitorObliviousTransfer::next
I: MonitorObliviousTransfer::next
I: InitChooser::next
I: MonitorObliviousTransfer::next
I: RecvConstant::next
D: received message: bde6fb400136d808ee795acb897723e6688b2516d046d234c8a59ad58bbddb9568fa8ab26b7fcc427dda80893de674fbc968b28e5e9e9eca58117af39ce5a2a64061eb86c78aa0bbf5eed4d973973188f301bf152a39d722cedddf1c3e33cca1eea00bfef907ec015d266cd169b93d7ddf0d542acfc93c414791dc10d4496cf6
I: MonitorObliviousTransfer::next
I: GeneratePublicKey::next
D:  sending message (size 0.000256 MB)
I: MonitorObliviousTransfer::next
I: SendPublicKey::next
I: MonitorObliviousTransfer::next
I: RecvEncryptedMessages::next
I: MonitorObliviousTransfer::next
I: DecryptChosenMessage::next
I: MonitorObliviousTransfer::next
I: ChooserDone::next
I: MonitorObliviousTransfer::next
I: MonitorObliviousTransfer::next
I: InitChooser::next
I: MonitorObliviousTransfer::next
I: RecvConstant::next
D: received message: 124f0d2e82a06ce6f1e5a4b2132e2839402a08f46946e2fcebc77b8eb9553ba592cfeac027fc6e5ac24e7554d15ec3b53913e36f0a256baa891b0b7a2834147e98671bc21ea2543b2ee1c07ff751677ae4d417466a1982f442b66e95f24d5868ada0f7d2ca1c24abd0826e93df1da6a0ffa2b3c94fb37f93e88c4f56d7ea3629
I: MonitorObliviousTransfer::next
I: GeneratePublicKey::next
D:  sending message (size 0.000256 MB)
I: MonitorObliviousTransfer::next
I: SendPublicKey::next
I: MonitorObliviousTransfer::next
I: RecvEncryptedMessages::next
I: MonitorObliviousTransfer::next
I: DecryptChosenMessage::next
I: MonitorObliviousTransfer::next
I: ChooserDone::next
I: MonitorObliviousTransfer::next
I: MonitorObliviousTransfer::next
I: InitChooser::next
I: MonitorObliviousTransfer::next
I: RecvConstant::next
D: received message: 6f3201f61975f5840ecc54c202736abe5386fb15fcf913a9eaab67be0d3261734be4045871d9278ab8ec371ad119f49ad5b4296f584e77ca8c6f72c38a6063834e8a125d0284e899dd101139c21400ad868f9fdd3f222b9af918d2ad0a01c40173e53ac52f51713e32a783ef628cee1ca381da147656ad44302b83a0dc10d7d3
I: MonitorObliviousTransfer::next
I: GeneratePublicKey::next
D:  sending message (size 0.000256 MB)
I: MonitorObliviousTransfer::next
I: SendPublicKey::next
I: MonitorObliviousTransfer::next
I: RecvEncryptedMessages::next
I: MonitorObliviousTransfer::next
I: DecryptChosenMessage::next
I: MonitorObliviousTransfer::next
I: ChooserDone::next
I: MonitorObliviousTransfer::next
I: MonitorObliviousTransfer::next
I: InitChooser::next
I: MonitorObliviousTransfer::next
I: RecvConstant::next
D: received message: 7f6510e910cc5b5034ba1ea1521b316ec8bf7e749b7482498df86363e151461420a67cb065d4ed4e6b30617423da0b76ad9d36fb4f503ebe0c19a52e6d4b9bb28e824cdc8fe61be0a967b4e194d616206a024313523168a96d2de87be72d38e8b09acecf0f4b31a5cc2d41219db8ceb61c7d1c1f9823d08d454858bc47b3773d
I: MonitorObliviousTransfer::next
I: GeneratePublicKey::next
D:  sending message (size 0.000256 MB)
I: MonitorObliviousTransfer::next
I: SendPublicKey::next
I: MonitorObliviousTransfer::next
I: RecvEncryptedMessages::next
I: MonitorObliviousTransfer::next
I: DecryptChosenMessage::next
I: MonitorObliviousTransfer::next
I: ChooserDone::next
I: MonitorObliviousTransfer::next
I: MonitorObliviousTransfer::next
I: InitChooser::next
I: MonitorObliviousTransfer::next
I: RecvConstant::next
D: received message: d935d954a7d56fe7c136ed2a51a4ddff9165e49307d8f13937579a16472bacab8800f5e75627b684d2fee94c6fb10779cdf3011575ba8c5dbb725418a4e515c1111b1abdbdc66b5ab71c26e7d1f80f70c07f18ea96a9361ca37e4abb0bb66c8a75db6dc3ad5819f38125465ab6d174b31435c673b4a998e53ed58fdaf2be194
I: MonitorObliviousTransfer::next
I: GeneratePublicKey::next
D:  sending message (size 0.000255 MB)
I: MonitorObliviousTransfer::next
I: SendPublicKey::next
I: MonitorObliviousTransfer::next
I: RecvEncryptedMessages::next
I: MonitorObliviousTransfer::next
I: DecryptChosenMessage::next
I: MonitorObliviousTransfer::next
I: ChooserDone::next
I: MonitorObliviousTransfer::next
I: MonitorObliviousTransfer::next
I: EvaluateCircuit::next
D:  sending message (size 0.000001 MB)
I: SendFlagBit::next
I: ==== round duration: 24397.775391 ms ====
I: MonitorCopyMonitorStateLabels::next
I: RecvGarbledGates::next
I: RecvSystemInputLabels::next
I: RecvFlagBitLabels::next
I: EvaluateCircuit::next
D:  sending message (size 0.000001 MB)
I: SendFlagBit::next
I: ==== round duration: 24711.167969 ms ====
I: MonitorCopyMonitorStateLabels::next
I: RecvGarbledGates::next
I: RecvSystemInputLabels::next
I: RecvFlagBitLabels::next
I: EvaluateCircuit::next
D:  sending message (size 0.000001 MB)
I: SendFlagBit::next
I: ==== round duration: 25054.548828 ms ====
I: FaultObserved::next
I: MonitorDone::next
