I: parsing spec file timekeeper.v...
skipping synthesis, BLIF file already exists.
I: parsing BLIF file synth.blif...
D: inputs and outputs parsed.
D: circuit initialized.
D: connections (#1474) parsed.
D: gates (#14407) parsed.
D: outputs: 15565 15568 15571 15574 15577 15580 15583 15586 15589 15592 15595 15598 15601 15604 15607 15610 15613 15616 15619 15622 15625 15628 15631 15634 15637 15640 15643 15646 15649 15652 15655 15659 15662 15665 15668 15671 15674 15677 15680 15683 15686 15689 15692 15695 15698 15701 15704 15707 15710 15713 15716 15719 15722 15725 15728 15731 15734 15737 15740 15743 15746 15749 15752 15755 15563 
D: circuit size: 15756
D: adding identity gates for outputs...
D: outputs after identity: 15821 15822 15823 15824 15825 15826 15827 15828 15829 15830 15831 15832 15833 15834 15835 15836 15837 15838 15839 15840 15841 15842 15843 15844 15845 15846 15847 15848 15849 15850 15851 15852 15853 15854 15855 15856 15857 15858 15859 15860 15861 15862 15863 15864 15865 15866 15867 15868 15869 15870 15871 15872 15873 15874 15875 15876 15877 15878 15879 15880 15881 15882 15883 15884 15885 
D: circuit size after identity: 15886
I: initializing safe primes...
I: using prime modulus 5809605995369958062791915965639201402176612226902900533702900882779736177890990861472094774477339581147373410185646378328043729800750470098210924487866935059164371588168047540943981644516632755067501626434556398193186628990071248660819361205119793693985433297036118232914410171876807536457391277857011849897410207519105333355801121109356897459426271845471397952675959440793493071628394122780510124618488232602464649876850458861245784240929258426287699705312584509625419513463605155428017165714465363094021609290561084025893662561222573202082865797821865270991145082200656978177192827024538990239969175546190770645685893438011714430426409338676314743571154537142031573004276428701433036381801705308659830751190352946025482059931306571004727362479688415574702596946457770284148435989129632853918392117997472632693078113129886487399347796982772784615865232621289656944284216824611318709764535152507354116344703769998514148343807
D:  sending message (size 0.000005 MB)
I: InitMonitor::next
D:  sending message (size 0.230566 MB)
I: SendCircuit::next
I: RecvGarbledGates::next
I: RecvSystemInputLabels::next
I: RecvFlagBitLabels::next
I: MonitorObliviousTransfer::next
I: InitChooser::next
I: MonitorObliviousTransfer::next
I: RecvConstant::next
D: received message: 56a1623c2961f981515c521522ba4e4bb9b6cba65040d3697595b1f3eec6dd412abfbe644e95ada4569f9b677104e1868a40970bb37d3b84df7ecb698a2888ae25cd96d851fe0222c1e6882cf88aa4edc3e8da46ec0ca8d14bd937802fcc2d1ad2ef68d31b8973a2b7f760d161605bc4c9ba3e3cce120bd83f36839ef821a574fa3103442aa64dfcb8aff5b2a7df6fa124de72560eb2b7e08288c6acff1c986abdc8b971d6354618e91ec8cf704294cb785c3fcd0d34f80f4e3b37fef4b18baaa3ab8233d909480bf6df3e4fa1b1263e8e370e4d1161dfb1619c91276f512d5c8806953ad955fe534a9b2a24155e7a0d6c10c3bfa6d974dc2511a9576f5a1aee82a05988b3918fe507854c191ca53553a161353a963148ad1e533feb9ad0d21fc58b96dbb03fe1a21361edb040c359af161f6e073c652b9ad5515bf2fb88832968ce946cbaac941da37479c8a969c6dbc4f8c9397475e29137d7674a19988c38d674328a35f39167be2a12572a919afc5b261534a33be3e56d3818bc5928b5a6
I: MonitorObliviousTransfer::next
I: GeneratePublicKey::next
D:  sending message (size 0.000768 MB)
I: MonitorObliviousTransfer::next
I: SendPublicKey::next
I: MonitorObliviousTransfer::next
I: RecvEncryptedMessages::next
I: MonitorObliviousTransfer::next
I: DecryptChosenMessage::next
I: MonitorObliviousTransfer::next
I: ChooserDone::next
I: MonitorObliviousTransfer::next
I: MonitorObliviousTransfer::next
I: InitChooser::next
I: MonitorObliviousTransfer::next
I: RecvConstant::next
D: received message: ce5d71bbb60fa8b20f2719c378d2a53c23fa1bec1bb70c5d3d6a55bf59e65b7076eab7923dd2f3840f39e60a6b51f0f2d7d7febe14c781320a77ffd09cb9482b6beea49c3ee475e1ed485b661fdd7534c84235baf4da1d6f3e184bdc9ed8fb0c480fcdb66a734eeea8a30247de0240a0f41a5885a0a8debd881e1a208005490788d10f8ee20697a81e3ea5f259e7cd64bf97582b2c20df66cf8524f604a812858899003b94cbd9aef0853f0c2b6188460d7d6a2e8b9ad78515d6c19a675bc5cd7f7e4df536661bcc3e943fac4702512bd58dc9530056c681cd00c929e36c6c892f99fbf12634919aaa6a8daf035a01704e962fec44f7e72bf4520844cd3822cbeb8fd3902318c75c57a24ef1ebb12289fa2f5a18c0dab1cefc691a0847a0f6a377a0750e99f85c66c6793589f916bf5168a60fb1869ed70fa5cf864e0746fa42feab9ad01c65515eb130c35dbbc660941b5b29c6e7dbfd6bad860a257cff3d593aaedfda15674f5420a3882252e2a7c342bdd224f46ca961549b09935f880fb3
I: MonitorObliviousTransfer::next
I: GeneratePublicKey::next
D:  sending message (size 0.000768 MB)
I: MonitorObliviousTransfer::next
I: SendPublicKey::next
I: MonitorObliviousTransfer::next
I: RecvEncryptedMessages::next
I: MonitorObliviousTransfer::next
I: DecryptChosenMessage::next
I: MonitorObliviousTransfer::next
I: ChooserDone::next
I: MonitorObliviousTransfer::next
I: MonitorObliviousTransfer::next
I: InitChooser::next
I: MonitorObliviousTransfer::next
I: RecvConstant::next
D: received message: 83ef6925cb35d796d7fef572d8b18e136da06f1a978e41b29cc407000cdd27dde76029bc66f66a014c13a7cc17cbbf7e24c9555a07c79f8161ef7d8722edd5d7a26fd6c37a826c043fa49932264ff0d4284cedef5959ccf9418a296c5ce1e220ec0af330aeb3fc34e612b9c0502f0bb79741a97677e4ac4f0c1751fcb83de586c10f67354e863892f168876a40adba1d03c8ca916b9d35d11d5bd628cd1abe032aff6c76fee7879f56b6589b0e0dd1d0b745f2261671440f1d6c453aff53e4505d2849af9d475788159663c5ace4c08dc982a41dc3782a9dfb9f75800a29e009305ab375fd75f6eae0e59ca6ea4fb309d55bc7b074918cbacdb530a705bfe6ae61afaeee046d040c4ed593ac71200c53353ad5c5a5a94048dfc39102abc2088dacb5bb69f30ed4576da1a157299aa86181b076326c78ad3d739b379f787b4bf11b01a04359982fb2dca554b826d21d08e3d8ffbea70511077e0232fd7bc9e3aece42c5a31668cce5a285586881c97103be6b3fb86bd2eea5424f67d7351c6741
I: MonitorObliviousTransfer::next
I: GeneratePublicKey::next
D:  sending message (size 0.000768 MB)
I: MonitorObliviousTransfer::next
I: SendPublicKey::next
I: MonitorObliviousTransfer::next
I: RecvEncryptedMessages::next
I: MonitorObliviousTransfer::next
I: DecryptChosenMessage::next
I: MonitorObliviousTransfer::next
I: ChooserDone::next
I: MonitorObliviousTransfer::next
I: MonitorObliviousTransfer::next
I: InitChooser::next
I: MonitorObliviousTransfer::next
I: RecvConstant::next
D: received message: 9009fc7dcc2c34754fae31ee2e154e483846ba76e63045ba52e861ab3ec069d54c06225d8e94dc862ea033ccec6f88591d847ccb678191f87b07e4bc1ac1af178fb3f7ef259881f5654ea9b31fe710a4fddc87f2e1481f3f62320a2f42cd0ec28d3eb382f1630c40b4e09f26609bdb09d7c12dd21666b216446ad24e266b68ea32fe6cd6648feacf1c6b6e82d974712a2da474bf93f11a9f68f7590c910405773fff6399f54a98504bc5b934e86961c8456223c44a6d25a247906ee8f358d43e0940729954f45f5d4a0ef7ba23d431411a86d715fa84ab6b74b3554b462d35d271e5bbfeeb62ba2391f27be2f0b7b7fb9f09a9d9fb91ae9c5005b105640b44bf612c1939175f0a7243c57ddd3e09382f9690b66d15fd096b4189d7971846d45c4efa71b002f480146f4b581e65479e9675658ff49e6b3a8af10eaac18d156c8dbab8df3d1461a4298ac822a4f739b23e0df0cdcd7324ef70dc06ef09eaf55aaee0735f1e943f58e81aa1e6ecc97b2732ca387128a226d9387ac6aef81862c4e3
I: MonitorObliviousTransfer::next
I: GeneratePublicKey::next
D:  sending message (size 0.000768 MB)
I: MonitorObliviousTransfer::next
I: SendPublicKey::next
I: MonitorObliviousTransfer::next
I: RecvEncryptedMessages::next
I: MonitorObliviousTransfer::next
I: DecryptChosenMessage::next
I: MonitorObliviousTransfer::next
I: ChooserDone::next
I: MonitorObliviousTransfer::next
I: MonitorObliviousTransfer::next
I: InitChooser::next
I: MonitorObliviousTransfer::next
I: RecvConstant::next
D: received message: 4ef19ca2ff1ffb466b7ae88bbc10ee9f8e7daeb3e2ff72774c39e3855e8f863c9ca9550406bbb176f20978d0d2a10a1c986574e3d45b4e32236b2127145507d7c4b70be7032b34fe33447f0cd317dbb44c3bfbcc0002dce411094d9f789cbc537fb58b9a63758616f3a1685259dd4cdd06994717bcc56d59c99f79f6c194b27fc7f5deccb01e67cbafe0b375ccd9d3ee27fd25f5e671d4b25427aebe41dfda051903d33b3538fa740ae5989ffcaf4b4de7467f80b9ce336aedb0bb40e51e34ce4ec6d71d743280fdf680d320d79558a9201ddc9aa2584575841e6b0c894b30c7977b426baccf6cbcb942c6e31475a47ca1f15d7bf275581ad724a92b79430b8f104d9486dccf7727110262fdc09441b4529d5db5f42296818a84a91d699266dfbc573467e9e77559e24138f6740dd6aa43cd706ea3ce8999fd9d35feba24d7f2954fa17cd7d3197823d00ac9b34b734edf7a91c7d0bcf73a1a68cff9d5bd79e773d8288e91d65f80e4be96f6f3d263f5d1bb6554f458596ef359bb7a97f11e15
I: MonitorObliviousTransfer::next
I: GeneratePublicKey::next
D:  sending message (size 0.000768 MB)
I: MonitorObliviousTransfer::next
I: SendPublicKey::next
I: MonitorObliviousTransfer::next
I: RecvEncryptedMessages::next
I: MonitorObliviousTransfer::next
I: DecryptChosenMessage::next
I: MonitorObliviousTransfer::next
I: ChooserDone::next
I: MonitorObliviousTransfer::next
I: MonitorObliviousTransfer::next
I: InitChooser::next
I: MonitorObliviousTransfer::next
I: RecvConstant::next
D: received message: 44800cdc3e09570de119c1f2f9abea1d70e8a54f1036791345a10ddf2770815f7410f8f0accd27979b8c75b38d792c23b132d790ae0a28d20910559ee51d56329ec4069de865fd5d7ef89fd24e2f56c5e7355b6af7df348a1aeacbcccd3f0ac87f463e8030852674157f3f1e23940cbcb6732a600ef354d6241dc3dc191b1d8fe091eae8a6f0dcf529cdc5ec47fdfa7245e252a33a8e8df5c209fdbd65f9c56b28afca103aa05cb90af35bf84660af73506b4c634fbb73c25bc5de7df0320813b59ecd27bcace1267fe60d530567248e5f7c2e8ec63d8a35302a1be050ee8233b5ab4c800b0a71e5af92f590196addb7196a58b450ca29c300ed0e04499711515314b29cd6c4f9978d96329a3d9db0fbee495661b510124fdc21b2f3ab71051287b55634c6ae5cefd25a79d22a9e6fc92cf604d8011d2ee9c63feafdd89c96d4cdafa588f9441b1c42c642954a352f362e9395d5c9bc85fd24645797eaa06888dc7f00c99d0d21cd14ab266c54bab2915ec4be7341c07b6b9e02aa46de6e6ed2
I: MonitorObliviousTransfer::next
I: GeneratePublicKey::next
D:  sending message (size 0.000768 MB)
I: MonitorObliviousTransfer::next
I: SendPublicKey::next
I: MonitorObliviousTransfer::next
I: RecvEncryptedMessages::next
I: MonitorObliviousTransfer::next
I: DecryptChosenMessage::next
I: MonitorObliviousTransfer::next
I: ChooserDone::next
I: MonitorObliviousTransfer::next
I: MonitorObliviousTransfer::next
I: InitChooser::next
I: MonitorObliviousTransfer::next
I: RecvConstant::next
D: received message: 5f1d9e7bfd9da29d4ad297b2812507d24b4d5507f046acc5b380a9eb3b1042f7294d9ba32c57ac388c2634075f169ec320e356325d022ea5f50ec38eb6c6b7fc7fb365c8d2f34b8c97a4a8be0f94581b3565b581144e300c067a15925b721fb914da46fa6c3db9c617fc04ad125e312c53b157b6ad2021900d2ef4ae838d35b009b0f7824573f6615d6f3c96c029f16666f7e4f8e126167457b121b3dfa8550059b513d8124b3611de21644e783cb31887d1a25a6a146a1ad0912a02c3c73683c154226ea70da39707db57ed62cb66901a0e354a22e966e53ea7392e14f745200e110d72af799381b1029a2270d72b5b0c8fff8ca045141b8f3b6a0387b76c4a4e6b4f1dbeb9cec8165f4f28e5515400a07ae90d3a010b3cd890536cb4847ac0195689e8c9db7771a066810cb75ebee31803093e78c47948b27ee38bbeeff356928704f8037f31234fd360991f9e9e73038a23a70814d898a7ce1b9e408be2b641c79553241b853b54dc9ed9d7bc15c6c860d7b9e4ce34c6c0435b7d1bdbb1ad
I: MonitorObliviousTransfer::next
I: GeneratePublicKey::next
D:  sending message (size 0.000768 MB)
I: MonitorObliviousTransfer::next
I: SendPublicKey::next
I: MonitorObliviousTransfer::next
I: RecvEncryptedMessages::next
I: MonitorObliviousTransfer::next
I: DecryptChosenMessage::next
I: MonitorObliviousTransfer::next
I: ChooserDone::next
I: MonitorObliviousTransfer::next
I: MonitorObliviousTransfer::next
I: InitChooser::next
I: MonitorObliviousTransfer::next
I: RecvConstant::next
D: received message: 611291285721b52e520cd28536171039f414fd085a63b33ea19a7b10a03582104bb765914dc2fe39a9b48747599eab9940ad283838fbe6b11fba56187ce9deb953900e0a50b1d0b2fe8fb48cba6b4bbe938f11fdc17f27f6999a69d622c0c8cdeffadf0b630f351df6f62f9921775bd88e9169125927c2654504629df2b4e0f352c776eb4115892cf8971a83b9a8729375eb4a2a293a547d273113f17b75f5b64e0b5c545722090584fb764573d93ca1bae7c60ddd8a22a768d143eaa47a2a314f68c33794905f48835c4ef133f41e751e4ea991cf78f3d77b2c9dd77f7cfc3e08a194c45707e589ff87c6542a318600ecbd72c65831df9321587eb941019514debf54414358c270ca759cde298ccd07e20bfa75ee986257b386ae10768ae850b93c02a4a416f54644a6647df53aedd64031cc036cdf62ddfc98786e250b38db496881b62b2ce9dde1e71bd7d7dc22d551f2393e503f0da88c7b798986171ac69695771c11a711ada641dd3f336309fb8a2f5326f700bbd97d5799c766c917e
I: MonitorObliviousTransfer::next
I: GeneratePublicKey::next
D:  sending message (size 0.000767 MB)
I: MonitorObliviousTransfer::next
I: SendPublicKey::next
I: MonitorObliviousTransfer::next
I: RecvEncryptedMessages::next
I: MonitorObliviousTransfer::next
I: DecryptChosenMessage::next
I: MonitorObliviousTransfer::next
I: ChooserDone::next
I: MonitorObliviousTransfer::next
I: MonitorObliviousTransfer::next
I: InitChooser::next
I: MonitorObliviousTransfer::next
I: RecvConstant::next
D: received message: 8fce8e7124570f20e104c9efced983ce9a3ed22b9204831a7f6daec1a758e11d4be73e2cbf3bb461a10e9067677ea21e02cb5f8714127cb6e72b5d1f447a6ab2b2f268e09935b1a0e78a5b4d36e551eeac649266ad53ec66571a002c18840de48883dd2353f0d5083009a01af266110ab4125e00f685d033014ee6a5374ae8b7c182080498c5ff3a1575980ad19c4f3931d930ddb7e03ef3e7f02f699e6891edbcf0b83fd7dcf7fc6ad4fb7c20189a764e55f58015f51001d6e9e467ff44c5ca45f5b6751941250f3f07c5b1613a0771cc4b2c22d6d43d25ec4d2eea8421c147b1dc799131cf639df66f6db8e86848db837950f5fd52f5a91c303b188bbfed3f0584d533997772a8749f6680244465d45e2731dbb1a69f20157f043f2500ba40c7a31fbc3a313856dd860bbdee176ef8fa0746d52d5ee61cc507d003bb77ae933072076f5e6d1a04d48610a85a5ba6bea450bc5fddf329576bfab8c28415a0b8094081f011729a5bd92d47d92fd892a73ff400829a794fc56562fe53d5ad629
I: MonitorObliviousTransfer::next
I: GeneratePublicKey::next
D:  sending message (size 0.000768 MB)
I: MonitorObliviousTransfer::next
I: SendPublicKey::next
I: MonitorObliviousTransfer::next
I: RecvEncryptedMessages::next
I: MonitorObliviousTransfer::next
I: DecryptChosenMessage::next
I: MonitorObliviousTransfer::next
I: ChooserDone::next
I: MonitorObliviousTransfer::next
I: MonitorObliviousTransfer::next
I: InitChooser::next
I: MonitorObliviousTransfer::next
I: RecvConstant::next
D: received message: 4084b38564321325abfe534aaf6613ed95e88a64c1ff318ce3e29f154a2cd06d8043e436f7ac3fcdcf96fb9392d836fb969f05a6efe057382dbd7b3741d3682dbbfd4977f954a61c63d16855de529d0d7f314d0d73da8a171d9114b9abfec3ad747eb016921925bc08400df74208f397ab1e02ea3bc200c60d1d66105875eb36abe3644a3c30c9bad6ef88a47291af9fbe55d1547d7adde2a3f3e7744f57d15931d70563db49c99211a7da4248b19c7e31c43c3435a3149e2396ed7e704d503b784ae2b258947b30237181faf973650670ff9a1b2711ce3bd5128ba670ac0c67a02f7bf6c12b7c490081dee3f92e3a574129482cc84a70acfd2c736728b9841ad02ca28c739911a8d2a90f0a0bad3298b17442cd5c24d5232d9ddaf054d4bafaa2c462a6c86d17294b111b8aa216ea9165d879c024dad1952db94647eec9bc8e58c51c46327c5d0c0bcc1dc9f3f0a602c04f7b48d39e2d880876f7767ad6dbdf95902b219bc7697095c8456fc6ef3e24271f553d636216df703752b433e14a6a
I: MonitorObliviousTransfer::next
I: GeneratePublicKey::next
D:  sending message (size 0.000768 MB)
I: MonitorObliviousTransfer::next
I: SendPublicKey::next
I: MonitorObliviousTransfer::next
I: RecvEncryptedMessages::next
I: MonitorObliviousTransfer::next
I: DecryptChosenMessage::next
I: MonitorObliviousTransfer::next
I: ChooserDone::next
I: MonitorObliviousTransfer::next
I: MonitorObliviousTransfer::next
I: InitChooser::next
I: MonitorObliviousTransfer::next
I: RecvConstant::next
D: received message: 429dac5b8484273f435dceb9f028accf57815ca1eca4d348f256fc50ea3aa5f5fcfb7312cd22d08fe013b7d0c51c69c8bb130c739d9e576df99412d791ce318f72689f77c30805b97602150cbe390d21ba4522d5e8fdcaa27bc3b5c65dc15432a0cef68d4a8535917824fc6cc6015787555b811e5f4a3877b6bc82247b0eb29b56220f396f4d3b5173e91b75ff4e6055ee3ba2b368aa43e7114254ea46892ff451b7a5dc29dca06846e672385576ffd89e9ffb725438f23330221a6c72e58f2288843dcfd182b2426d8221069ab4a3ee16e825a48a5556a6e3a7e4c1373e9aedf3d7d019811e0ebe62df2f4cf02f94c4d9e5610cb073d51c3e1a5b74b497049937fd681ae1f264ffe24931666ce64e32f98181f3188072246e1d5a3e1abcd31e049b103cdbb59b477f70e5ebb2c614e78fd59b2215730526674aca0b8e93ce00100a3615d5133c80b2b4aa1f6c156c8647b84541f8dd66b7a6909bf08e8943fbfd30f8582cbfdb6e5b68244e6bf079661d2a5ea9401d939844ab58aef734261f
I: MonitorObliviousTransfer::next
I: GeneratePublicKey::next
D:  sending message (size 0.000768 MB)
I: MonitorObliviousTransfer::next
I: SendPublicKey::next
I: MonitorObliviousTransfer::next
I: RecvEncryptedMessages::next
I: MonitorObliviousTransfer::next
I: DecryptChosenMessage::next
I: MonitorObliviousTransfer::next
I: ChooserDone::next
I: MonitorObliviousTransfer::next
I: MonitorObliviousTransfer::next
I: InitChooser::next
I: MonitorObliviousTransfer::next
I: RecvConstant::next
D: received message: c7841234a270f2f65547d2129411de1d0128020395afd41908c24bd2d610c685d8dd82f2ca12354f623916a11fa74d2ab927b90a044b870a7ad23829e9c97f8e4a4bb307d39642e1ebd1bdb950c10b4c3cf8d0198964b96a277b796fa99cc1d9057f8d8550133695bd7c3243724ce7154e11c08cfb0beba7ac892b7b0840d99b0c6a0b17c253a4e62d3d96328da326d3a55b9e3cec740aed318714808f22733f00d168e583b658e34f42842e7e9aaf1fb3bbefa476215f5679ad99a0d6ee5b3d167b48811c7ffd4fec222afa4b2167c2a731657ba615c011bf5e6681777270e5529422e2356323f9a0f4afb96e16c174f2fd9cb77593f90f1763e6babd70c1b3e573de4864ca7506515fb260788e429e8ca4bcef9686071d71832c6ec52037024d96af195582f3c6ed4394b5d267ab503bceac8b07cf64170f039226c030402c49df7138cfd488893847463cd7039e7564c0fec03ae7bfa1b54b9641a169893d150f4336b7b55757c652e3865f73db5833d80e289f1e2ad32a82210fd8a07269
I: MonitorObliviousTransfer::next
I: GeneratePublicKey::next
D:  sending message (size 0.000768 MB)
I: MonitorObliviousTransfer::next
I: SendPublicKey::next
I: MonitorObliviousTransfer::next
I: RecvEncryptedMessages::next
I: MonitorObliviousTransfer::next
I: DecryptChosenMessage::next
I: MonitorObliviousTransfer::next
I: ChooserDone::next
I: MonitorObliviousTransfer::next
I: MonitorObliviousTransfer::next
I: InitChooser::next
I: MonitorObliviousTransfer::next
I: RecvConstant::next
D: received message: b767b3a437ba0b30ca175152c3984f2fff5568f9b2a8aa8f6bea83a6a6c16af32e7561de279c9261c0079ab25e72fe656e9b154dfc6f2f8a45b657ea2c2b9d2ebc59094e373dfa4621da928369ed73f5fb618a7504d6c6cd8dcc267b0d3152cde6c94dbd13310979be38d439fcff9e6821a8df9697dca0b1c45d2869a4f3a1a0cb7ae913882408cfec3965c44bb5a69ba28a46c5ff0657fefa9f3806c456f0758ce9c1d9bd2da5fd9683b09b28e6f4a3a1103daf7720a9f4b2062e2d8249b548060ebf9beee13bef50b7d7e2b789194bc0c787ca7df1ce3444a27efe92306bca3e5affe19f26a38b2de255f299d3d22e7c1b8b56ac4b6dc526ac0d16b5e5b726ba9fcd5b2726f0c69a07dcf4b8e25c3258899d1b2d3041235e9b5dface93943821b91398640d539296d87f3afd5401d660f10a57462c21040e91c3a1795962c93a990cbfd5b00656399a451e7a480bcc719385bcbf7f20cd94f2ae60db87c647aed1a5b18b3309044da3f48ec07be50355b633a78b3107142dc5d005f0529c3f
I: MonitorObliviousTransfer::next
I: GeneratePublicKey::next
D:  sending message (size 0.000768 MB)
I: MonitorObliviousTransfer::next
I: SendPublicKey::next
I: MonitorObliviousTransfer::next
I: RecvEncryptedMessages::next
I: MonitorObliviousTransfer::next
I: DecryptChosenMessage::next
I: MonitorObliviousTransfer::next
I: ChooserDone::next
I: MonitorObliviousTransfer::next
I: MonitorObliviousTransfer::next
I: InitChooser::next
I: MonitorObliviousTransfer::next
I: RecvConstant::next
D: received message: fdaa0af83ad27adf5670bb660ec1459d63ec7c204298d5e7726675edcc17a55ab4c9558ff2e24e854269de2173cfe4def9fd7a53d46c2f6909575a7b69f2303e89067a15b60b1de72fbd496a01451a4d08fddd6c89238759472b7ecfa912240fcf31f13edd1299699946ab39069fba59c607fbb57b81b92aec9a6ca0e2c7f0d38bc6268526f4df0cfc107f800c8c864d5c256121ab02a1815e4584855c664423bd3af5bf9420cc1a8b9fcf162941c9b24c5b77ccb2ffd3117b6c381fab738ee53b691e6b7a88daf22ff77da87327e76801500a81d88c067681c2c3f8b658beef33c70de289fb6d4f230bed1539d0e4c7e47c24c30aebe7244e8d48cbaffa4cad651c1f7f1a45bd2bf893572580d565a905678f094f2aded865730ed40a3477939a6739a18ac4d104254018797e66999080d64def365e1775f8a5699aba06884fa4fc98a9bb104cc332b0955517d27c1ef96e103d12236bd446893eb53f36b9be17bde02f19090b72b27d6ea4c3b738de1266dc1068fe9322a11f9d91b743b908
I: MonitorObliviousTransfer::next
I: GeneratePublicKey::next
D:  sending message (size 0.000768 MB)
I: MonitorObliviousTransfer::next
I: SendPublicKey::next
I: MonitorObliviousTransfer::next
I: RecvEncryptedMessages::next
I: MonitorObliviousTransfer::next
I: DecryptChosenMessage::next
I: MonitorObliviousTransfer::next
I: ChooserDone::next
I: MonitorObliviousTransfer::next
I: MonitorObliviousTransfer::next
I: InitChooser::next
I: MonitorObliviousTransfer::next
I: RecvConstant::next
D: received message: 2461399219b206bed92ff8d8f69210500425e8fe87acb9f6686b5d3d4fb11c04260fc152f479f1b947d86e0b55c10d9a4b2641bc5ef4e06f69b33dee32f46746c53eb897d2af7cc9899699f895e78b736a32125f5ae41a5f7c1df00e00870977b1e6cd46b914b5d0f6144e66af8d8bf416ad2e21b9dab88d840256e33f0b612e1dab305e08804cc8d53fdb6cc07ddf6e881a871e354a0b8244993bffda6b500526f514435b76f6545aae14c61c1f290be73a5cf341e98c83f8ba317355104f0b4b1c9cc9b3b08f5719bc85ec089da6dc642424cfca1600bb1ae3a8282f8595407f6714557f6e1b37f536e861b2fe8c606aedd9464f340d1a2f84d65391d95e3f4b60ec400ce7ee6131e82e6a0c64c2f5ce263d5c9cc78138f7b6bc9c0a87839df5bcf93a268bc5c5cfde5da9907846432f95345aaf54eb44b1951f3f06b916d3041c413ce168df308e5702496243825aad2bd294be6fb73692e09a324bd93584dc7c49eb8deeaad03f00997210c8391c57edbd29af44c22537e6505361b70b13
I: MonitorObliviousTransfer::next
I: GeneratePublicKey::next
D:  sending message (size 0.000768 MB)
I: MonitorObliviousTransfer::next
I: SendPublicKey::next
I: MonitorObliviousTransfer::next
I: RecvEncryptedMessages::next
I: MonitorObliviousTransfer::next
I: DecryptChosenMessage::next
I: MonitorObliviousTransfer::next
I: ChooserDone::next
I: MonitorObliviousTransfer::next
I: MonitorObliviousTransfer::next
I: InitChooser::next
I: MonitorObliviousTransfer::next
I: RecvConstant::next
D: received message: c3be20d8692a2c5bf7ae06e9134c88b7f5f7cf6d22786cabde90038058dffaae770178b4e06f124776fa306d6c1b4e130f811d5838a693be7e74d23336a7fca7c502f580acf4183d9d17a482c70e39a5bfbd2c305eb635325331f2b9e203802c95bd1b52ef224447bbf476f61168be81fa2c24dece198606673239cfbf440486f7c0cc4a2a7808230a2db91d41850c95e5b5a27efcb5d71324c3cb5be0e604c5f7d313624f7a5644dcc1b4407696eff78c0643959d7588b5810dca2a0bdd3a88e3c5db8a1019f5c706a6d8208318763a8250d2eaddba3c4d01276dce1d53077de5f9184b64afb94a5941b797b0740504788ad6791e3ab898e8c4302fd1059394652f2ce7f41784e1953bd95e9cdc192e1a7a2c5ece0f277c2ba85a295cdcb129e3d0cc1f6287366c3dee5f22beea0d3403d3a4ce38e3afc99dced25eecb31ca21fe25ee2d854b7d6898433b815d729b4183ae3204dfe003a04845ff925a85708ae999e4670292f4a484873b7bd5e18307bc98f4aded185138d784e0a400340f6
I: MonitorObliviousTransfer::next
I: GeneratePublicKey::next
D:  sending message (size 0.000766 MB)
I: MonitorObliviousTransfer::next
I: SendPublicKey::next
I: MonitorObliviousTransfer::next
I: RecvEncryptedMessages::next
I: MonitorObliviousTransfer::next
I: DecryptChosenMessage::next
I: MonitorObliviousTransfer::next
I: ChooserDone::next
I: MonitorObliviousTransfer::next
I: MonitorObliviousTransfer::next
I: InitChooser::next
I: MonitorObliviousTransfer::next
I: RecvConstant::next
D: received message: aa6e342e71cfec42e598fd5a5d691360a3cddf8c68ddacb4f48720f6c90b9f7d0bb62bcecd3cbbb53da8bcd5e4a208dfdcf4cbfca3346d494efee992bd395620095984db77f2d7337c1c2134cffd1e38fb357bedb0d02d83c00bdc180fbe3637b1e4cf667601025b4c38b79ebde018103532a0d644b865de93f0aaf22d6ba58f04dfe9ccbb38d6ce3818932d95ad0d8a0b6f1f8e46c969b0f755f817737b7fe2ed0f3ec241c4e8e2fe682016ff767f3ada4085c8a7a325246ac6a621cab96d340ce7bae2ede35601b94264b84821db7d6c05ce63421ab9a22aa1cec71a455eb13caf8a4779fd95628c13839d697947dab2168b76af1999d174e78b191fe3cfc17fdd4bf25017315998fb91a8fec5ed10591a9adf59d18935157f833ad2270a03417b955dccace4fad5c5cf2f881a5e3d5fc3f41db75ccb5af62cee29bd13d4566ef83254087123a76f4222417f5e1a43d1724e6f2d1e166ebb3e0df49a6eb75ae0589d26aec599de5e5130687de2f061bcff0a27fd6244784f32bf77bf579290
I: MonitorObliviousTransfer::next
I: GeneratePublicKey::next
D:  sending message (size 0.000768 MB)
I: MonitorObliviousTransfer::next
I: SendPublicKey::next
I: MonitorObliviousTransfer::next
I: RecvEncryptedMessages::next
I: MonitorObliviousTransfer::next
I: DecryptChosenMessage::next
I: MonitorObliviousTransfer::next
I: ChooserDone::next
I: MonitorObliviousTransfer::next
I: MonitorObliviousTransfer::next
I: InitChooser::next
I: MonitorObliviousTransfer::next
I: RecvConstant::next
D: received message: afccc5134ff223f45137f125c48c36ca6fff5452cb831d28f1e5e08695f6bd332876e46a77c15d94bab516ee43775bbd18e6df48af0f09360c2a4a234e1b203cec4a1a98425dde2caa3c5174910e001adc29a140e75d167f4b7ed1900a8d4880cc274cb64b5f6cb3d47ebbefb456578b9e0648923649f091fdde85a3ad241c4689331c1e6d1de6c01c3f4a79f65131979147a699fddd92d1ac612947b68f7aef39451437eb7f70ea18588662bfc8cf351202fd9dd204c7b256628d1aa3e2165c694123100e454d005663dadf823c1c9b44034a73f8267db7640c6787b759e2e7f24c398b23389bb38dc8a6bf40037f196612605e79566f4fa51646b20dd7b261274b35e83fdf952bb8608ab431a1a23d166015818d61c343b14f4f41f37146063a35f3cb945094a09302b05034407f7abc5c785fbccf290c784d6ac3f0bf264fdaa614ce18bca544c49c0849d2476c5e3c788a558bbc90a5e7f11379a15de141a73b98c5fbe13b6fc907b60dbbf0fc746e3b7e6eeb984d8aa180621dc884c756
I: MonitorObliviousTransfer::next
I: GeneratePublicKey::next
D:  sending message (size 0.000768 MB)
I: MonitorObliviousTransfer::next
I: SendPublicKey::next
I: MonitorObliviousTransfer::next
I: RecvEncryptedMessages::next
I: MonitorObliviousTransfer::next
I: DecryptChosenMessage::next
I: MonitorObliviousTransfer::next
I: ChooserDone::next
I: MonitorObliviousTransfer::next
I: MonitorObliviousTransfer::next
I: InitChooser::next
I: MonitorObliviousTransfer::next
I: RecvConstant::next
D: received message: 797b18ae8f1080b6ef5bed465af09d6272d7a02d4c2432db73252fd24a35bbd2ece78599923947d7bfd40cc3dbd6185d18c2554864d4f2fa2b2feda9359e80c504e6f80f89770a63ab1a441ba21ce9e603b570daed8be0db893775e4f1510e37ca605449534d6c83e92099e1373b71654a2145b36c9f5e7e03a374883d65c44d50d3ba8cb877a214b6acee34dc5cd05f1643fc0f2d833be528d9da87f3fd39cad8d1c882029c76ad1e29237edb394243bb8944889873fa0bd936ff551c3a91304e68b26d3f104a404c1e1b0129c30deb64f0c396c98d9e87bc4f1a0ad95174e463337c9e1910974f459372ed924058dbcf6041fd243e555e881e29f21dc665f37f7eef3ee7fb16cead5168f0bb34ab51a89e1eb3a89fe5f72752c129f61eab66a7c6acf3bd50133bf5beb3b729042b6793ff94f81028dc798ac46f33fca07faf576e54c13893f2aca798a8530c01cb082dbdbbeb1cc019cbfddce15845ace47ddce04e78375cf83f989fc1bda076a06b1416744f3f3c7958733d421eee1b9ee4
I: MonitorObliviousTransfer::next
I: GeneratePublicKey::next
D:  sending message (size 0.000768 MB)
I: MonitorObliviousTransfer::next
I: SendPublicKey::next
I: MonitorObliviousTransfer::next
I: RecvEncryptedMessages::next
I: MonitorObliviousTransfer::next
I: DecryptChosenMessage::next
I: MonitorObliviousTransfer::next
I: ChooserDone::next
I: MonitorObliviousTransfer::next
I: MonitorObliviousTransfer::next
I: InitChooser::next
I: MonitorObliviousTransfer::next
I: RecvConstant::next
D: received message: 82ed05df804c94555fe93892b1c68cbbd917364c4c5d1eea8f3d31f16b7a1564babca0cedcb4851f5b84db365ff8dff2fc2dec971de8c8321d9c35e9956aaa349a9e8ac11457cbda36447696c75b3640c29631dc205aeb671e637f8f433a3e925c0ddd10dcecfd5d8dbcacc99e005e121771ebd25728097f13947202fb2d0b532d702973b53902d95c84d01353a5e7dc0c0702069b35905dd550ecd26a08aa9a18207ea17983e8dcf6ef04b390a72bc8c42d55fddd194199c9d716499673a87e2434837e88e5d72c7cee45043d56a0111102b89a68acada3f1318002dba326cefa172a76bf25bac4472293a974d453f4ebe20751066f0b3904e951bd802b4761889033a8913f789688e0c55a9e4c0f5c911df14a3744eaea2a476332601a67e0bafc253baf51d84f75694b2ef2c7db113aac4d5b6db53783b3b6da01c17f502d6c116c5316da47cc513be3c68eb3b904b5e52a043f8dcbbf27383c821a1e44d7827fe6d94bd21f4b848638a8245b597fe6a61e3e50a9f01c64a6c26afd270240
I: MonitorObliviousTransfer::next
I: GeneratePublicKey::next
D:  sending message (size 0.000768 MB)
I: MonitorObliviousTransfer::next
I: SendPublicKey::next
I: MonitorObliviousTransfer::next
I: RecvEncryptedMessages::next
I: MonitorObliviousTransfer::next
I: DecryptChosenMessage::next
I: MonitorObliviousTransfer::next
I: ChooserDone::next
I: MonitorObliviousTransfer::next
I: MonitorObliviousTransfer::next
I: InitChooser::next
I: MonitorObliviousTransfer::next
I: RecvConstant::next
D: received message: 1e0283404798b34e78bf8b03ac15dcef88e58c9740cd5b379358c801d16020402a99be40c6b98040b935d3bff9f1f8becf5e1fc9f00dd1f682d38a254f740b41d4cc0521bcb747ab4edcef430fa9fcf29bfaa78a0ff70d818074b978e881cbd38c55c454ead30b3c31d9d39647efe5e593d9a31da7e0cc61ff23b9203dc644d90d1548efd71c5a72c9006a5c944ac1a64fb6d11c64b7cb30a198bb2fd436bea7357f9c92be9432f8c698513158169243bd25b8d6aa3bd21ae1b1e888ce6e6b59a9c407b6bd8e120740befa620b9b75b4d0c52f46d8796252c90afcbc2a82795f88e5d5644568e1358d3565633104cbc3a64fbdafd07b77395d000d7c8d5ebdb6e864728021a8d0b36c46abc3433eaa022453a4e9ce83cc2a1d36c685cbb2c89feadec11407bea5f75d3ea55d793335e78f2a31c6e11ba9ea04dac2d1df08df27c9d5cb1ed8fc89abde21ce939b332f4bb5f3802441f2099e68149220887e87a275deacd95fe47818b00da454920a8a6ac2b941fce999c25078ecdec2b8dbf508
I: MonitorObliviousTransfer::next
I: GeneratePublicKey::next
D:  sending message (size 0.000768 MB)
I: MonitorObliviousTransfer::next
I: SendPublicKey::next
I: MonitorObliviousTransfer::next
I: RecvEncryptedMessages::next
I: MonitorObliviousTransfer::next
I: DecryptChosenMessage::next
I: MonitorObliviousTransfer::next
I: ChooserDone::next
I: MonitorObliviousTransfer::next
I: MonitorObliviousTransfer::next
I: InitChooser::next
I: MonitorObliviousTransfer::next
I: RecvConstant::next
D: received message: b4580017f9baa674756fc77b0fcf7df3f97777a8ab7f2cd7984c5dcabedcb24b5704b4575b6b72d3f44d67379a97dc0e2ba20ebf6364b8cae1347b76ad167b04a35920ee5753f2592bf92196a07837894d88b820dbaf7b61821be6c71bc2db06848286cf9ab4d7cc073ec353dcc641f186e9234ec8647016f7b03470f70ae8f6aa71a1cd59a55f12587ed0fae234b48f23933a644ef9f1347eba80c5ba87ff085231a013dfd7e2df4430c522bf7897c5e7284cf9e05b1e77c902c8e174af53eea3d568c3e98914d19b69781d249130dd2d0f6a50a4be6cf3acb2da40e59542ca27302e0967b3a1244004950cae9ae2b77b7f566ab2c9907d3d368e70838d7b9c293970cee8c96d519a538d0386f9e133ae7e7ce13c9537fd438b0ad50b46078b0aa86e0e3dc7e746dae8f0e0a2c2de4b8a0b44ba2b52149b64875e97e91dcd038613985a4c37a853b992f17bd996618c3aaee98a6c875623f2dd86ea6e11838a55d00bdafb39b1ff5f1e9fc3cb2df1817209ddb1fbaf587cb9309efd39e34a7a
I: MonitorObliviousTransfer::next
I: GeneratePublicKey::next
D:  sending message (size 0.000768 MB)
I: MonitorObliviousTransfer::next
I: SendPublicKey::next
I: MonitorObliviousTransfer::next
I: RecvEncryptedMessages::next
I: MonitorObliviousTransfer::next
I: DecryptChosenMessage::next
I: MonitorObliviousTransfer::next
I: ChooserDone::next
I: MonitorObliviousTransfer::next
I: MonitorObliviousTransfer::next
I: InitChooser::next
I: MonitorObliviousTransfer::next
I: RecvConstant::next
D: received message: bbb31b3beac20d13479a76feda10e4cf0ca1a7cc54a55da92984de0e215cd46a4547e0d044d32dd3a3b22a7ed38a67e16c3fdfe67603619b2b2b5207c224c4bd779ec24572c870c269e2946be9908f0c3594f09cdb0fb425aefb0c321014da77aaf69ae2b047c3c53cd160cb88e90dae2378cb3fd1c0238063f383a70d07336151fa5de88a8f0080c1742444d40cfc77136ee136d19293d32dccc0b01fef8b2f13012ca2fa94aea5593ff5fd51fdbfa7845ee33cf6ae11fe7d54d5c683bbda01cde5ecf99ce31a8e229234394d82b0a8de1edfd45f81e32faa58df08933c2f24f4c9285909d8f96fa6666fe6e0775ffef0b0e1c6b437875564d54f905bb95c11e118340e05da47c92c6b99a7e63fc5f5a4429fd71f0cd6c8d1e5e4f93b9508d23030356d56d2c34b49046b6ade4730409a7cd702a643f525de6f6906649f7dd749a0249b4815021ebb218fa1010e4ea2fd59dac65339057bb9b46fe3358fa2b35d0662f32414b7ba35c0e0d252a9a9a657ad62f7a6fd3a58da7ad7b4f4d4a78f
I: MonitorObliviousTransfer::next
I: GeneratePublicKey::next
D:  sending message (size 0.000768 MB)
I: MonitorObliviousTransfer::next
I: SendPublicKey::next
I: MonitorObliviousTransfer::next
I: RecvEncryptedMessages::next
I: MonitorObliviousTransfer::next
I: DecryptChosenMessage::next
I: MonitorObliviousTransfer::next
I: ChooserDone::next
I: MonitorObliviousTransfer::next
I: MonitorObliviousTransfer::next
I: InitChooser::next
I: MonitorObliviousTransfer::next
I: RecvConstant::next
D: received message: 70f3a30662381992ef237e5b0d3616cdeee36afabda545b2552eb9c7e336e8799a9b0c06f8e58e9c7c3b963f10132e51620b9812f4e28dd349a5dd94095d78666dc4cf0d8eec8180e34a69eaca649ecc410982c1d9414589861536d90eb2f1c9acd8a9e2ed89cfb995687c6d5c870405409cb3e5c4ecf90115e0904572860e9e1dc7442e355a510a8c4cca17f1fbdaca88fe4f2a0a1306952cd8a47779021bd4df1da7f709781d6454f36b4dc4f33ac2aebf8adb49cd6a0524ca87e78bb0827a71f4dabcc38e16c73dc9bcef5a2da282fb8f96a8d9c5ebba5e9ebced297eac6e7287498a24f1c863ef4dd50506325c42fa9b231624ed5b34ca33f9e486836683da63adcb77d677a50ae1794e18cbdf44ab06dfabed2cacbd61b142275afc759dc52b6e7d4cfd26ce483d315a78a140860c137f864e77223165e3a0ef828d7019dda317b1d974ccadf13acd140d2d8bcbc9dc3c9230119bf7caa9f1324c00fc46444b088117a6ca7bbca64eae109e0929004252169bf1733bfcfd0ace52bb8cd2
I: MonitorObliviousTransfer::next
I: GeneratePublicKey::next
D:  sending message (size 0.000768 MB)
I: MonitorObliviousTransfer::next
I: SendPublicKey::next
I: MonitorObliviousTransfer::next
I: RecvEncryptedMessages::next
I: MonitorObliviousTransfer::next
I: DecryptChosenMessage::next
I: MonitorObliviousTransfer::next
I: ChooserDone::next
I: MonitorObliviousTransfer::next
I: MonitorObliviousTransfer::next
I: InitChooser::next
I: MonitorObliviousTransfer::next
I: RecvConstant::next
D: received message: cf1fb0199a57378a1395ae8605d37e5efff806c5ae00198c658532986d64f494a77c2174c5a4737b1c7d40a8f89f97cdc47ec128ba6ab9b18c889c00cb4b895004359556a97953775124c56addae0af8bcab1e86cef0d957f76a9ba1aa2ee546f1916b20711c810197f4582f1f4b41342831b970177ba2f29a30aa37110130d53f9afe806ea4e9b61ad8e509c45ee30244598700427e733873bb7529e3fcbda6ad9d84da6951180144d7e8f4868fce8e265d32132c004a4d43d48bb2406143ee1d4839ac0e3e48242a7d95ffbe677c3ec32494634ebd60f4ddb34dd6736bde7fd00344381f6f246e512e30a070bcf48bda43c0b0e2649bf317a98a2e7126c15adc87d9b7e2dab166852eba6b64bd800b02068390f1b86d48b5ca9a8b0115d455df3cb47a7af824ec661f542f71eb84ce9b97adcc790c2e9b2f31668c4cfa4b7e45c904ad48f84687d3d07abd5b90c1245ef84009256ee243a1141b0aa52d9bef4ca193afd5a259b66a1ddb35a58cb107c5d17217f1b82f3b8a6fc042d3418675
I: MonitorObliviousTransfer::next
I: GeneratePublicKey::next
D:  sending message (size 0.000768 MB)
I: MonitorObliviousTransfer::next
I: SendPublicKey::next
I: MonitorObliviousTransfer::next
I: RecvEncryptedMessages::next
I: MonitorObliviousTransfer::next
I: DecryptChosenMessage::next
I: MonitorObliviousTransfer::next
I: ChooserDone::next
I: MonitorObliviousTransfer::next
I: MonitorObliviousTransfer::next
I: InitChooser::next
I: MonitorObliviousTransfer::next
I: RecvConstant::next
D: received message: 4e01ce5639e31144a499f218e52c847c91495846cbfed644cb2526145feebebe44afa5b620dd470e1dc5d63fadebb9e85d32567ff69e456c1a85ed68ee5a92c2382d393b55b47109ef4bd6f1875423a3ab0dd0bd3e29066d4d494a03c090ebf4b41781e1bcc23b4cf34205610547ebdf62f81fd6e44b715ca4025c10073d906e04c681d9f06ad2ed4dfd473c842dadd848f123b6e882d5a52cf54e0b8388d95782b1680c578669dcf2f87730520eebb2a324c53e6fd3f97c93d09a73b47fb14c15be2589c20e8323f4548328db9b6834fe913b0bb1f94af98ac550209d4c1b904f9ff4108c127fd5b628196b11853dc545d521a19dfaefc9c46afa76149d844f123e655880743f2a3f6c7aa0d18a74546306d1ff39bde6fb015c015143929c7b708aaa2c37ea28dd63d06994f0150da5b66c2db0327f6c41e6a61a46b06ea01cb19a9868c060fed8c68c3ddb8dbadc9858dc219d10fe2e77609ff1e81e033c73ba2d25d19e255ae0349333f32a620efb2176a2a657e2828eb0644adcd53feb0f
I: MonitorObliviousTransfer::next
I: GeneratePublicKey::next
D:  sending message (size 0.000768 MB)
I: MonitorObliviousTransfer::next
I: SendPublicKey::next
I: MonitorObliviousTransfer::next
I: RecvEncryptedMessages::next
I: MonitorObliviousTransfer::next
I: DecryptChosenMessage::next
I: MonitorObliviousTransfer::next
I: ChooserDone::next
I: MonitorObliviousTransfer::next
I: MonitorObliviousTransfer::next
I: InitChooser::next
I: MonitorObliviousTransfer::next
I: RecvConstant::next
D: received message: 75e523fe2cf0a47e50a1fd1c048701ae6cae433907481f786696c0d4651146704ab6e41de1e851559860bd2cab85dd51b2483dbc8bbf57d7323c2e113b7f8776fdae0b61f750d670581342cf3cab7e77d90336fa5ecdabb2603890cbb948ed8b161b1d880e6f8729239a65f880134a80192ae6266751479c15d48b25e8f146d4721839091c461b21facc329dc94297b8bfe9f88f28d19722737e9901d19c98ff1fe1dd98c7ef4085cc42dbafb044ed2646f8750afbcc2f1eb1c55f399ad7a273b3b0f38c70091d1cefd5145cb87230cfd831a4e4600f1032fbab00f68df97b22e0c2f2f0c1edcf49c88646be933e0e3a364ae20e7ce282152b3669b7a95f33c64952293590192af72c759784497b0e430dd5fc7d2025e68896bcd19dee84a4cc8129c294b007bdf79da48286d74ca78a0095cf055f8b87c7554ae1fa52bb33e0ef0db3e24781b60f8e59a4b04294efbddaab007a4eed18d579eba86d1a87b7bf2d20e02e3d0027cbb3bdb485209a73f2e2707eef490af0e190dd7d981154bb60
I: MonitorObliviousTransfer::next
I: GeneratePublicKey::next
D:  sending message (size 0.000768 MB)
I: MonitorObliviousTransfer::next
I: SendPublicKey::next
I: MonitorObliviousTransfer::next
I: RecvEncryptedMessages::next
I: MonitorObliviousTransfer::next
I: DecryptChosenMessage::next
I: MonitorObliviousTransfer::next
I: ChooserDone::next
I: MonitorObliviousTransfer::next
I: MonitorObliviousTransfer::next
I: InitChooser::next
I: MonitorObliviousTransfer::next
I: RecvConstant::next
D: received message: 880062856e8e5ffa992f743db79cced60e7d822c1cda1bfa0a6417024cc41c70c5156d39055f4d37a0ad30b1fe7b193d58186155a5b363118af660881a000da24c3d128983fcae4df563349edf0cd9ab1580fb2962b457a31ad033906575e6492bed021b832cce847aa057b6732a4a8c44a4ff853356a33e9d87bb9ade972b5a7bfd808fd8bd76002b341cfa406c4577a275ca44fca9e18108a336e753870876e1eeaabdb12ecf984e4a18e81c3bf72980c662b869539f7ff6fbde1b3eeb341ca71667399b99a65b3dc931fee2dced2e04d2f828030f0c7cba37eb681887a866342d3c8aed9c6897d85cdf8638090f5f4c235229924a4ff2a4d4198b173a89ecec74dcaf6b0c1a91dd29e712ff7682d946534e89b67e2123fb2b04d67840d5cd8627861eefef21c753d479d66ef2b6f79d61685dc5801eef2b79f9ded0dbab11da23f2d7ddb347ec83f2f1f6b6a9fd2b37d9191168479e4290dd17c2bae465d1305febd85177b4eb7a06fecdb2e7ced9099c115fbe46c690d868b62e6cedd02
I: MonitorObliviousTransfer::next
I: GeneratePublicKey::next
D:  sending message (size 0.000768 MB)
I: MonitorObliviousTransfer::next
I: SendPublicKey::next
I: MonitorObliviousTransfer::next
I: RecvEncryptedMessages::next
I: MonitorObliviousTransfer::next
I: DecryptChosenMessage::next
I: MonitorObliviousTransfer::next
I: ChooserDone::next
I: MonitorObliviousTransfer::next
I: MonitorObliviousTransfer::next
I: InitChooser::next
I: MonitorObliviousTransfer::next
I: RecvConstant::next
D: received message: 79e66955de6d12c01c6daa40ec679a8ceaffd40efcba0bec3b09b35c417ca525fbfd4ae39de35c9f3b93a9ccda64890615d97d909517da721b9f3ec8e28ad9f7cabb7f4ad8ead31d8a12d4ea7be5d99a3b9697b1f848957a8aea56c94c54d16ed696f0a8c959abf58afa95b6f5a41569c42506449351eb9eb558e5097ad304b85aacfea328415e70e9d83eb64a62135f418866c330b6e0dac60b9b3c7fbad65c64b00f8d40ac31da41a1a833f8120af55fdad211b76de1f8068d46b966dbf12a66be72b175d2bc93234b1369c14a2fe3cc75feb0cd3f762970d424f2e8bae6a78f4132f933219386963e2851a63587e23d45bbe9e1c9fff40eb333b145865e2a0788c78b982e0cdf76c71f52fe4b38c24a3b13bd09042a8ba49758fac1be4ce3681d98296f51072788d02f6dd28d3069f5ce80118cf071402c19c6eeb5afca48fec96ed9e6ef46e79934c12f4a254139a09e535c62657b1d4d9c2b865f45eb75f2903a3a3cdd11d4775729c1562a398ef2891bf6fc2886eac6ba8997bf26304b
I: MonitorObliviousTransfer::next
I: GeneratePublicKey::next
D:  sending message (size 0.000768 MB)
I: MonitorObliviousTransfer::next
I: SendPublicKey::next
I: MonitorObliviousTransfer::next
I: RecvEncryptedMessages::next
I: MonitorObliviousTransfer::next
I: DecryptChosenMessage::next
I: MonitorObliviousTransfer::next
I: ChooserDone::next
I: MonitorObliviousTransfer::next
I: MonitorObliviousTransfer::next
I: InitChooser::next
I: MonitorObliviousTransfer::next
I: RecvConstant::next
D: received message: 5a36addff4b6a2bb82e9918e274cd7995c82e5b9ccf0a4dc1baa954bd6abc424646bb17deb9f9b5b4c0085448795a41690bfb2a87a0a9ef29781eab37b10ec557e655038defdffef8aa51dbba71506db3eda1d28b3fd2141bc908f5f028f46f5f9ca142b7f89d9edf959b374e557e3f639ee7c650366ffa999c2a3a3fe9de2d9ff3a3f3962ce308634d9ffeef1b94104f917ca1fce5b49d16340d8323af3a46f597aa10f4b87e62fb83f1ef40cf4ba5dc4c51c66036c5431bf182f126b1ba22d0cd075359acace865b059a010215626773f6aeebbb1169647393b072536097e7a00c4a83acf0df8ae47de76ee230c5aa430a34e326f50b0c2875e56817521ad9e78d43548241799a49791430408713ecad8b059c18d9de3d5956952170c389ac1585907417527beb696eecf94a15628ecbe27f74dd41a19ca127fbdfe618b6feca63b595ebd99656b6f1162b5676b71d3b4648c51218350c9223574463dd48dfb4b516cad8a3526f8306084c370ba9531de74930ba04914d9eff7fae9d60dd16
I: MonitorObliviousTransfer::next
I: GeneratePublicKey::next
D:  sending message (size 0.000768 MB)
I: MonitorObliviousTransfer::next
I: SendPublicKey::next
I: MonitorObliviousTransfer::next
I: RecvEncryptedMessages::next
I: MonitorObliviousTransfer::next
I: DecryptChosenMessage::next
I: MonitorObliviousTransfer::next
I: ChooserDone::next
I: MonitorObliviousTransfer::next
I: MonitorObliviousTransfer::next
I: InitChooser::next
I: MonitorObliviousTransfer::next
I: RecvConstant::next
D: received message: aadb7579b359b63688d5c3901bfdcc7cbbc04e626e8533d32ab6ab88b008f8fa78fbdabc55226601d6fa77b520dd86a8c31c005c5582a4196ae6b37d9ae98abd8d8d2fb299221e3e7212445daebc706318ade6b4c733c2662bc47f731e63fabd1556597311690ac2c450198cfb5a5df765dc863aec465e13fd37b2ed48f069181513350f8c31f328c32d313cd991e6f794b77d767ee90f9ae7790f7885a75f3b26671eb324d0d8a176143d32af4ea59cfb55bb42859251eaec86d505cab85c8a8fd898922a31ec21cc6158c1448c83460eec1b318f71ffecb9a45608f44ee29ad3308b5e61312d7924eb6364e7928f17f72b4f9192372a39c331a19ef43ece28b8ef86a8d6afa8e8e0a9e46d58593b42d18ff066d66c1e8683fd5c27dbd2edb18cbce867a2e20fbc456fd1801aa4538c82f410dc28ea1b2f6d0f438fde2f18e63d078ac397a7963834e1494fa8033c9bd9df2abde6b53cc0b4ccdf5e1b9eb7d42ae8101f1893ba00a14f84d0b724c9b5e8b18646fa8ca75e75f0268a6176c34d
I: MonitorObliviousTransfer::next
I: GeneratePublicKey::next
D:  sending message (size 0.000768 MB)
I: MonitorObliviousTransfer::next
I: SendPublicKey::next
I: MonitorObliviousTransfer::next
I: RecvEncryptedMessages::next
I: MonitorObliviousTransfer::next
I: DecryptChosenMessage::next
I: MonitorObliviousTransfer::next
I: ChooserDone::next
I: MonitorObliviousTransfer::next
I: MonitorObliviousTransfer::next
I: InitChooser::next
I: MonitorObliviousTransfer::next
I: RecvConstant::next
D: received message: e10fd14d26c69bd7dd7ddf7f6cae3c66f1ddceabf669c8405de3187dc47a663670f27cd4a4db1b78cb1ba5eedea5f5fc9149e318064dcce6f4d40138b617b69ee6b764b12c11324eb16eb35e7cf19acfad9456f60d7238e592aae1418fbb77ab1f5f0797bb7aea3d0fb633e3c36b487ea02ac1687c521d891e3d0b6e4b4046a6a596c50174ce24d99e2220eaa36e0a079fafde523bb7f6998f3985d61ed9cafb4dd8e5f5df66023f138281456dde0d4e6af5baee43012db0c2f7ae98a1ec263fb47a84b754bce5e24d08020397f8a87658bf28f0b07adf88961b9fbf40201b2d1c62100da816bb42bc1f96ee7c4f7808927a875034c3cd18177e76957943000c1926dc64076a93a1e8aa410b3a2dae450c69cfbb1f993738ddd5e8271239bff16f12164160c8fa7a07efb66af7519c946a856d305e60dc76d52ad013c30929ed2f0d6b3a07b7026642e7ccee553abd75f4e0d870ec59c5830f02cc423f6062d1755da8d3acc0e63267b731af6afc0174d87ffc3a8fbac6af7536ff8343cfa8bf
I: MonitorObliviousTransfer::next
I: GeneratePublicKey::next
D:  sending message (size 0.000767 MB)
I: MonitorObliviousTransfer::next
I: SendPublicKey::next
I: MonitorObliviousTransfer::next
I: RecvEncryptedMessages::next
I: MonitorObliviousTransfer::next
I: DecryptChosenMessage::next
I: MonitorObliviousTransfer::next
I: ChooserDone::next
I: MonitorObliviousTransfer::next
I: MonitorObliviousTransfer::next
I: InitChooser::next
I: MonitorObliviousTransfer::next
I: RecvConstant::next
D: received message: c3051ed13a8062c331d0aef19fc2cf3a63aba3e6c410241f38d7903782803c6946134519061e5e6f6f02b2a1a6fcb42e74a377af3e199e346ad8b70a5fdde6e65a5fb7aaf160d19706e205c3b4968c3e31744e6876f764e2d0a520d303f9d8c84d59b3197baf8d1879b0dd3c5a3f8d90abab7a2bd4e6b13429fd4050869793130f543a2976547239d983aedeab97978cb181184ab574e39c1488a5d408fbef851b3995841abb933f4c6413cf033ff39cd8d4e312a9d85e96893ac0f3a9289532211a39e05fda6db43df16d2c6ff95cdd52b67399947933cee5366106715b62ecac4b7652c885feaaf88d7d5c0313f5e2c7e08d9b0af1e696f4f0bb1a94276e0a6516f1b9cf08039b7a6553f575379fc1b27e7c39a32e210f2cf65213b1642960e9b99996992c353afe7c305cbe174b1304680bbc77555e5b3dec09e07b4bba414b20cb50276d77dbee74605a4b9d5fef2f0f77d8bc99f92a2dd4b8abce26181d0c44184909725e28d8d1a3176aedf979f5f31664b3bac8836dc6d4f89742ae19
I: MonitorObliviousTransfer::next
I: GeneratePublicKey::next
D:  sending message (size 0.000768 MB)
I: MonitorObliviousTransfer::next
I: SendPublicKey::next
I: MonitorObliviousTransfer::next
I: RecvEncryptedMessages::next
I: MonitorObliviousTransfer::next
I: DecryptChosenMessage::next
I: MonitorObliviousTransfer::next
I: ChooserDone::next
I: MonitorObliviousTransfer::next
I: MonitorObliviousTransfer::next
I: InitChooser::next
I: MonitorObliviousTransfer::next
I: RecvConstant::next
D: received message: 32c7295a6882e6ae11ad7136f64512eb45ada6acbdb7222e29d3c3504093d4e75686ad0a5fb0b0fbf89f032583d507a6ba00af6d3fa808273dff81b445f33520498f5d33dc2fc1435a24b61b2a1eadcae6b5c1a4a09c25e68beabf0556d74cdc02635389c31ed5c340dfd10825dacb111179fe3c412239c194740bcc6ea33b38d4286e0edbecc81e0145f99d42e6243d0c06dea86ae7865eb4263a9bccbb1bffe20546a081686f7f0663aa55e9aceffe760dc0ea001220ba5e5b38159e0982ab64b3fa6df12f19b34432c33180fe49a9835e9557e8fdee5522290ab0e5c317fce82af7cdb732965de1b48a9bd745420a0042b57cf4a7a89ad6eff7bda8380182d7595b8b2a5a1ac2f56d0b75c37db7dec6eaf3e5fb07663191d0c8ca1317b3fbb37a1aa3944a51968724ea8172d13417c644f552583e3853108ef2b2c9f44ab82553f35906655877da8c47c65384c52a4feab076592ff8f2e07935f2f1ea55fa176aa4d8cebddd1c0564166cd26aaa9bbd206a4edd4eddecec098c91ba7c5fe
I: MonitorObliviousTransfer::next
I: GeneratePublicKey::next
D:  sending message (size 0.000768 MB)
I: MonitorObliviousTransfer::next
I: SendPublicKey::next
I: MonitorObliviousTransfer::next
I: RecvEncryptedMessages::next
I: MonitorObliviousTransfer::next
I: DecryptChosenMessage::next
I: MonitorObliviousTransfer::next
I: ChooserDone::next
I: MonitorObliviousTransfer::next
I: MonitorObliviousTransfer::next
I: InitChooser::next
I: MonitorObliviousTransfer::next
I: RecvConstant::next
D: received message: 7d095d141314ee36beb91cba5cc0387f1c58f7a90b934f26d7c2ad7578fce0b1b949de558b685bd518be7e9751e2cd0ea18f8ae01e4eaa9d95af9dede4f903dbbc352d1e852eed5c498b1b15a64cb9454a12864e47b764f8b5c64e29e08b2a1a8f96170a9fe8e09bebf66bd97d863ca34bcae66d749be8269d9e5af4d2e036893b2e6022492fb0efe29b92028bf7b2d66a028c2049d9d5a3e5e5bfbe3889e13b97a842caf59ffb1831a45780f6d6c8b6164c1d9a2dfb222bd18e81e909f690013565fad9e2a5b113ca0da1e3f9948d163e957bc0767ec99f1c5c38be2d6aecc0a6a57df8ddd13708df6f91745a85af98c22c48d1be8fd3635e843937396e7e3f910a75f77ea17b1cd0012fd51b5f5a82be6cda281ab25e8e480522e72c02e6932072ded2c71aaf6ab7e7fec4c1d598122d826ffc7c3be723b35fd285be896344636843a1a95b4beecaffbd8e3292c78a8d298127cc08dd1200d3789e3e8780bb98861968f94b468439d121f0ff5a4f1bf41f673cbb2c1d8f4cd5f03795111c5e
I: MonitorObliviousTransfer::next
I: GeneratePublicKey::next
D:  sending message (size 0.000768 MB)
I: MonitorObliviousTransfer::next
I: SendPublicKey::next
I: MonitorObliviousTransfer::next
I: RecvEncryptedMessages::next
I: MonitorObliviousTransfer::next
I: DecryptChosenMessage::next
I: MonitorObliviousTransfer::next
I: ChooserDone::next
I: MonitorObliviousTransfer::next
I: MonitorObliviousTransfer::next
I: InitChooser::next
I: MonitorObliviousTransfer::next
I: RecvConstant::next
D: received message: f666f1690e825ec8e2d6164d02aeed4b96213a27e993c554b2baafae91a8cc03098c07185eb9a2855022b83af0844d8766a3747f400576e5cb8e27921654723b5493f4c6d6007809666714e1f4f3bd64841c300a48836debeafa3a39c69a41fc566cf664d2fd2e87fc1d9e22b4bca50c0271b9d26648f1f00ecba5c638c5bf985592bf3fe822ed20480b66a3abdd81a0816a00381fda13b5286d91dee654a4d2947f359c9d280dad35aaee58e39e772a8505c9fc76a457d97e55602495f31c13a355099dea669fb9974fa139902e742bea7886245060828e172869b9d71d478f4081f7cb71db9829045bf9015388239301c6a01ccf3902ee56fb2c180cff2a6070edf702df2155d5847c3742f6d3f1ac90255c680ce59019af8a399f9d1d1da0ae65fe1270e52330b0292d7a4efb2e38b2800a575be57521cc100d1d9d922b2178545d424f124df51454d7ed864517904febc416330821449600a32a9b02441a4b63ca489222527d66154305717a9d91d74a5c689dda4c305d9cdc483d53f87f
I: MonitorObliviousTransfer::next
I: GeneratePublicKey::next
D:  sending message (size 0.000768 MB)
I: MonitorObliviousTransfer::next
I: SendPublicKey::next
I: MonitorObliviousTransfer::next
I: RecvEncryptedMessages::next
I: MonitorObliviousTransfer::next
I: DecryptChosenMessage::next
I: MonitorObliviousTransfer::next
I: ChooserDone::next
I: MonitorObliviousTransfer::next
I: MonitorObliviousTransfer::next
I: InitChooser::next
I: MonitorObliviousTransfer::next
I: RecvConstant::next
D: received message: 2bc8f4a5be2ebaf8d5f3532dbe6decb1fc55aa8caa5196321a64a4b276765c9266fb0726baa3392557a6ef8d88ffe0773084b7cfd1cb1b07bc96694d918ede6e2aa8bd50007a544777a1338be8bf40bdd8d2b61f032125484055b478ad120067d42faea74e4398d87391842e62ad0b4898ad58555418ffbf2044c102559299b2873c05c799617edd68eef75c2f8148ca08fb21b5065449d5930978302f07b07b626bd92bbd61530b2732a32254ff3c0233ff9d177d49e3a4b6a017a0f15b593faadc58e60999b4cdf21a73bd26c24f4ebf26d706d05b0b9c1f86ba84b085d6731c081e4f53e918dd6e2e867ba5f2c485fd680391534adff11b515a6318b6ce88025460f1968a553b49bc55af6b3e5587b8886db12257cddd21d8194bf4b3c920064138ddad769a3432cf5e0f8d12b077bb528565b86107371851525019b7aa437a08c41ffd7cb1df9b185d13339bf8694d967e5a425fd9aaf3b8b2fb06d7ff2e6bfe6380250fbd975cd070f76862fc484e77f0accbb33e39ca140739a2d5051c
I: MonitorObliviousTransfer::next
I: GeneratePublicKey::next
D:  sending message (size 0.000768 MB)
I: MonitorObliviousTransfer::next
I: SendPublicKey::next
I: MonitorObliviousTransfer::next
I: RecvEncryptedMessages::next
I: MonitorObliviousTransfer::next
I: DecryptChosenMessage::next
I: MonitorObliviousTransfer::next
I: ChooserDone::next
I: MonitorObliviousTransfer::next
I: MonitorObliviousTransfer::next
I: InitChooser::next
I: MonitorObliviousTransfer::next
I: RecvConstant::next
D: received message: 96ae58ab7b34f9083f10cf3ca7b8036a72e91882fbf6c9bdf004f2b305973ece3ff6201ef7b4cbddbd9bb305fd7d2d57f38b6b27675301866a546177cf87fb6514045af6471fbde7bedae8a6bd776089e3ba0c2c9d19b6ac79ddf3671820c4b97660582dcb238ddebdbaff5105dfb7c7f8a145ffb4f70a053e1c20c962820d7bd4aee4cc0de1a8f4349957ca3c8f7731a29ee21555ce961ba1b49cc4c140b3fe6f4e8e30c68df391f4244178efaecf0b41ca7b1193c93bcfb4b9f9cfce3af2aee4e3cfb682e7f9ce2067150a58db47fab3f785c01f1c161320d9982be1be1b2ddbfdcef05edd09dfc5db179e6e4eaba0858e464c274826db4bc1bc88269b71735765113b8e8865c553dcfd6a5c368bb0d4372d34bbc38109900fdb6c5de2aecf0d994c2b8c6c994bc411a4da6f5189dfc292ff86beef51a74b91a4051bd47afbd1290d5266fd7b6e3a7024488515de669e022ed5ecd42d70a280847a5e09acabb8ba4be4a11d733c83e619acf8b12b644ab2b840747c3019c7167de4a447572f
I: MonitorObliviousTransfer::next
I: GeneratePublicKey::next
D:  sending message (size 0.000768 MB)
I: MonitorObliviousTransfer::next
I: SendPublicKey::next
I: MonitorObliviousTransfer::next
I: RecvEncryptedMessages::next
I: MonitorObliviousTransfer::next
I: DecryptChosenMessage::next
I: MonitorObliviousTransfer::next
I: ChooserDone::next
I: MonitorObliviousTransfer::next
I: MonitorObliviousTransfer::next
I: InitChooser::next
I: MonitorObliviousTransfer::next
I: RecvConstant::next
D: received message: f2ad26e84198f8f24aa47818bfff4ec074ff3ad582736c2883fb15c4f04fc6f68e1dfac30ac9c9769eda98a3d9819f897ecaf51959571351b5e20231d63d5cccedb772c449c1a407a200d965b271ae80345ca20b0c78dcb63525194cbd09f78074c0fe0e59b150308c3e7c3a5bf33ae8e0df1f88dcb6faa041f9ab917383c9011db95428890833b44d30bd0ec28ee7bca27c2cd9d21f5861476b941452d68781f76de8d1e274e99d99b9033c6e13a2f56859a65367e1e39f207ade0cc044069c6998d3ca0612220b7a971b418580acb8743bdab9765bb3fd59cad620ddb69005f9ee6c9af50495297dad6419dd673bf0bed2cb38e79fd6d9963c9cff91b051b21892ff116e17229e12c700dd73300e2e93b511f2f9850239dc77b5ed09a9b725677a307637ed071701040f1ac8d2e89967ea79da9454526e4012e878fe0ac143aed5f8e0ec4dc6fac40b43349fe61373c59a7611cfda5c4fba586af5b85cf2fc0969417d01055bf3739b67802976c6f3973526baa576ce355d95bc070168db07
I: MonitorObliviousTransfer::next
I: GeneratePublicKey::next
D:  sending message (size 0.000768 MB)
I: MonitorObliviousTransfer::next
I: SendPublicKey::next
I: MonitorObliviousTransfer::next
I: RecvEncryptedMessages::next
I: MonitorObliviousTransfer::next
I: DecryptChosenMessage::next
I: MonitorObliviousTransfer::next
I: ChooserDone::next
I: MonitorObliviousTransfer::next
I: MonitorObliviousTransfer::next
I: InitChooser::next
I: MonitorObliviousTransfer::next
I: RecvConstant::next
D: received message: ea38659295008adda45cfcccfbe85e1669e627055b28a30d31abbfd0bc691aa60bda5224850c86a471abd948ef6cf2b48b32e03ace6eeac7c859f412a1b56a229f47eb89571c40635b6d68d93fee7d7a81f3b6a3c69dd804dfd2a6d3f416c4a61fbabd82e25a0163178bcefd813f434020b244167dca786c1a374bb8498f48906de39691013d090d8210c5ec9eb58fc9f539ee1b2506dbccce11dc0b58510a87b6b250873fefd486e85833fb0e0bcf0d0ad9b95445476d4ec3eea4045b75f5474dc46eb2d79cc77da520f85de3f00be8a04314fde4830c0590bc019f62cb4e352cff64a45dd026c822eab5888b9983b133cd9df37a55e3f6334b8ba825b36d40ed29c49630b5849f94e23a9c57e3e007effd6a90de411e36a1814bcef41771f1e0611ae61e98650ec83f2029cc836bbfe1a00f42ce7313e1d6685b9293729e704c66193b22f55654267f21d2172b35ff3f3f3c6d134534fd89bcaec45afa6017a02ce9bec48a28dd823987bf60094ea5395dab5c32051052f8cf3b8684a76e97
I: MonitorObliviousTransfer::next
I: GeneratePublicKey::next
D:  sending message (size 0.000768 MB)
I: MonitorObliviousTransfer::next
I: SendPublicKey::next
I: MonitorObliviousTransfer::next
I: RecvEncryptedMessages::next
I: MonitorObliviousTransfer::next
I: DecryptChosenMessage::next
I: MonitorObliviousTransfer::next
I: ChooserDone::next
I: MonitorObliviousTransfer::next
I: MonitorObliviousTransfer::next
I: InitChooser::next
I: MonitorObliviousTransfer::next
I: RecvConstant::next
D: received message: 5c3535e0509ba81802588d1f1ad1b827dd66016db9adf0f623cd958f64992215024147146d93884eca4fa52a48e9d10204d63193c406e8ad798006cbe62a34521634d09aa4c7554a8548e0d7ad846c87540cea9fea55d7035b26ced46680c877e91e93f43094064b3bb3c5e70f1d64989b90236966b9292ccf7b1932a8af15348f8272ce5484ff9f9444f0f7e4ff194c2f997a95629f132ebf66b51be79201f8892abccfe83a773a5c783257d4e21188c514dbdbee6afefb5683e100e959cadfe144a07611d9ba2bbd8115b84fd9736a6cbeecdbc05a8d5fdc00b31416c859f2c6b534349be905bf8443e52f87108b53a4292608f3e1198a0052f3fe86a7fc940b7daf8b7c2566a62bc697ed4b4735d7b5b481891c88d3d068b64fad163c04a1eff207ca54d5070f4e466dbfca32c27da887a25ea88230295029cbea9e621d9473f4c15ad28f4581a00b38e876bfb02e81a476564f66e73605378e61e5acad75bd8c48daf2b63dc75d1c81b84fb90aa7f21bdfb5d671eeb61d692f522ac19532
I: MonitorObliviousTransfer::next
I: GeneratePublicKey::next
D:  sending message (size 0.000768 MB)
I: MonitorObliviousTransfer::next
I: SendPublicKey::next
I: MonitorObliviousTransfer::next
I: RecvEncryptedMessages::next
I: MonitorObliviousTransfer::next
I: DecryptChosenMessage::next
I: MonitorObliviousTransfer::next
I: ChooserDone::next
I: MonitorObliviousTransfer::next
I: MonitorObliviousTransfer::next
I: InitChooser::next
I: MonitorObliviousTransfer::next
I: RecvConstant::next
D: received message: 5908c53be95907ac3418f73578cf49c0b44c492302f61dbabcde7a1f2de738324b409d90081178b53707c1e019fd7155f088242dc9a6f01a61a23706d17fa482dba76c523f0950c745dca327e4171dcc244889b7697af75be27abc304caebf818aa7c65f35b054972cbe6419e6e58a14aba621b78cc2a526225fb202a3a1279957fa0b11ef47d17cb1b2946a66f691f5227dc15bb4af763c84d982e8bec06c1230fc86f2447ded2ed98d4956a3b3ffd7c18cedbe54b061bc66f8128d22b498a0617d4b2f2a035a6a0d7c27f460e9a387cd124e193c939e5446eed06d9b61916d7b486837e8f2b5da8e469860a650d2179d2cd54828765ecc602080b2abb5e8f43d56eb2bdf3fc9c03e153206e13cc6bf15625af4abb7c72c1557f4ec48c7c7aa84b6addb6bad8d2182dd2680b1751560519b1a9c9c1b7313747bce7c50e4e7a3515b51242fbb0f2c8838c9bcb5ebd2582a520ef012385441a5899645095f2c1a5cc5a2f2e921740d17efbf71e2d8d46186305bcab13a8577dfbe4beabecdd676
I: MonitorObliviousTransfer::next
I: GeneratePublicKey::next
D:  sending message (size 0.000768 MB)
I: MonitorObliviousTransfer::next
I: SendPublicKey::next
I: MonitorObliviousTransfer::next
I: RecvEncryptedMessages::next
I: MonitorObliviousTransfer::next
I: DecryptChosenMessage::next
I: MonitorObliviousTransfer::next
I: ChooserDone::next
I: MonitorObliviousTransfer::next
I: MonitorObliviousTransfer::next
I: InitChooser::next
I: MonitorObliviousTransfer::next
I: RecvConstant::next
D: received message: 4c675d280fa0a8fed603b3abc88ee99143ef5000ab55ee9fdd046c747acf74e6c0cd991e646217f384d0843b3836e5299613ff88947bb1648a94f2a1410d9d4faa5e07ccab2dbb059730d1fd7991a37ef342e3696a11a97168dcf28bab984c79a691c5507d0953e902bb4426d411ddf96ddc8f49e55c89200386d1313c1e29c06684d346518c44de476f81820637bd77aff6dd294f3b2f3bdb323db26816387a7029aeb353b383ca61481612539cd0d7ce7250a026fcf15d5480098d5bd7693bff64fc8b786bde9513850de7fc15587bd5b50f622ac5b3384bc5b15c73fcf688ace56c400f09fc01a6039ab81b22733babdcc2a4162239039e28451133141954b86bcec0afd9d69ffa1ad91a5b85ff5cb7cefa4c504b841e70d309ac28339eb3bdccc20e115bcec47bd77e391e5a7239030b6f928c0f46e1ef25e79c2f1a9d8da0c35d3735091e7b3f9860b1a19d6e6c82d4f927716f938a8b13e2c4ffb6d33812e0e4f55b9ff1fc3d8ba196175c52262e4af98bfc738b308c0607568b9f08db
I: MonitorObliviousTransfer::next
I: GeneratePublicKey::next
D:  sending message (size 0.000768 MB)
I: MonitorObliviousTransfer::next
I: SendPublicKey::next
I: MonitorObliviousTransfer::next
I: RecvEncryptedMessages::next
I: MonitorObliviousTransfer::next
I: DecryptChosenMessage::next
I: MonitorObliviousTransfer::next
I: ChooserDone::next
I: MonitorObliviousTransfer::next
I: MonitorObliviousTransfer::next
I: InitChooser::next
I: MonitorObliviousTransfer::next
I: RecvConstant::next
D: received message: 17f92f185665d281b1f5f5dced09ae2eeaf9ed6a6e988f118521e3b39259d9a7174bda937bb3762cc75ce64f6128694b240fd6ec85a8328521abe6571c118505c866c7157214583d56446b12e339adf2635b02f494fa3cf9311fe6158320fc19a06b56424110bb4d54d83c34f397cf11e61c2c599b8573a77be12a87850b9b4f93cc7b19fb93ee915fbf147e8a619067de691e8b4be47df01b1c763cdde0002d02d85e927b2bf1a4d8c82e162f308ebdc1ef8263de47725e93d8dc9469f811659d9146345a6ecf5dac7116e68f94315259c89a63b529fbdcfdb87f9931db0c7197d88e7e1704acbe0e7350024a62a83bf3596d8c4bc9fe798ce4190b7d945756840663c97b76c5ef7022988887cafb6f0bab4efc637d0014d68eeafa9e288530c4cf7d18c7afaf1922409d59e22675817f8be138e6519828c1dd33623845c8809c0a110d7ec80aef26d4ee05ba974e52035067b398420d3840a7dc31d255c164024c1ccc4d918a2613aa7dc9b18b1cfc3cea0bbe642d0ad321eb68526fe3df8e
I: MonitorObliviousTransfer::next
I: GeneratePublicKey::next
D:  sending message (size 0.000768 MB)
I: MonitorObliviousTransfer::next
I: SendPublicKey::next
I: MonitorObliviousTransfer::next
I: RecvEncryptedMessages::next
I: MonitorObliviousTransfer::next
I: DecryptChosenMessage::next
I: MonitorObliviousTransfer::next
I: ChooserDone::next
I: MonitorObliviousTransfer::next
I: MonitorObliviousTransfer::next
I: InitChooser::next
I: MonitorObliviousTransfer::next
I: RecvConstant::next
D: received message: 991d0573fbe0ca0f872451e11c0677e1466baaffa8f9b8854129c7df2d9780f9594d6a19c786220934e78195f9f802912c2c5a525843d78a40366a4410b6f5fecfe4aebdf634c283622af6e1ccd7d2546f6cbe1824a88c129c48fad7f0f73d702800c4a1c14ee753244471a1fff01cfb3b192e3c221e61744a93eccdd2666b22459997db2c0563c4c08e2161adafcbdceb22af48d692ba456713598a7e6125e9fa38d55741052b4e9947b32d11bb5aedd75f71ae09e8227737daf9a4f8feda894d75fe436014503a5de2bde9c4d522c06e1b794865959122e4ef8d875ea773921ff37e8dec1c8650ef219dc89595ba61b57fb31b2ddcbaf45ba0aff454eb92c8541079e9e7e9106cb0aba76ee2eddf68db516cfdd185286b2b0e4abbc09984bc5bbd8771c9d71d0bd18c1dd7b59897904b602c966ed5cf4e1804ddd8abda8945e4c539e6020f6ec4e9da6658d3c468a5cc66d98a11fcc9c5c27a5d820990970687a6853f0f29c28a2c1bb31d3688d81635836943c251c596faeea3593114b339
I: MonitorObliviousTransfer::next
I: GeneratePublicKey::next
D:  sending message (size 0.000768 MB)
I: MonitorObliviousTransfer::next
I: SendPublicKey::next
I: MonitorObliviousTransfer::next
I: RecvEncryptedMessages::next
I: MonitorObliviousTransfer::next
I: DecryptChosenMessage::next
I: MonitorObliviousTransfer::next
I: ChooserDone::next
I: MonitorObliviousTransfer::next
I: MonitorObliviousTransfer::next
I: InitChooser::next
I: MonitorObliviousTransfer::next
I: RecvConstant::next
D: received message: 3d96b97870c3ecaabc08660dc881e1968c98b6ffe35b7b68c8683c67aa6cde4c71ae936c720b55d5cc4c3e75312800215fba6173dc039dfa073872bbb1bf98df20568c3b41254ff0c2d0c0b3629349dc56ecd95a3978be37d513e6d7b4f77fcbcd5c0e269fbe64d7acef04fadebacec3a5cfd2080cc9ae263a2d3f8fdd14e1c01154837419c9822d29f0cb8bb8b0c474746a4339c100d3f9ce685d1f59b19b4c60c7862f3633e1ec38605bfcb7459a74f1ee5f7c6f6b999a2b5b63eff99c1e9aa133292bd915f10f44ff76df0946154ae37d395fcc3ac2c56c8c2462119508db7e163e7a575b049059b2e090ca0adfd54919458a2aea874245ca54f935a548220140d5821883dab26b5e8fe1dd3c6392c85c5b9e93ccfe20991de90432c145ed48bb2d2c9f074cd946d62f20feb5550fcd99b6b27810d843b8b37199254cc8770d7e1f63da83e2bd4aa4ae7c28824b125487be490a38a4ccf09efd483ce6cf6edfd343a469d478ce2acfa713c0b60360a08507d919774362aafafe764fabfa57
I: MonitorObliviousTransfer::next
I: GeneratePublicKey::next
D:  sending message (size 0.000768 MB)
I: MonitorObliviousTransfer::next
I: SendPublicKey::next
I: MonitorObliviousTransfer::next
I: RecvEncryptedMessages::next
I: MonitorObliviousTransfer::next
I: DecryptChosenMessage::next
I: MonitorObliviousTransfer::next
I: ChooserDone::next
I: MonitorObliviousTransfer::next
I: MonitorObliviousTransfer::next
I: InitChooser::next
I: MonitorObliviousTransfer::next
I: RecvConstant::next
D: received message: e2f3c9b1f5f2caa46e84b5240eca10dca194a771f7f4c13ed0f35e9ccdcc1963694c770971fc76dc9b5f525597bb7b034f760138fb484282b08d1959f09eff9e5d515e77f887027c8b85cbbd51d5ba397896ff97f606090175c595bb916ea679152183e2988b84fe525ae80cce25ed550a043f22761ad533f0318cc45f97fcf58e5ed138961910f86bcc842232ba4b673890a708a00758c719b7b94448c7bc47dbfd7a4ff395e912ff9ef2710ad0a1c8ed91ad8f95d766e4e9fe37d41079bb81648e113296c5e32bbeb5d6c4a93bc1c0ccac5d113de2a34056aacbffb1fa656e6da6999e897a0be0ffd1e79161bcafa6c7eb8a87b63eb5c9578ce95954794d45e8662b1193334e39968067fedb1351a92b6b9f0ddc892569cdf09b9d8a42baf0bb817b9d64f01bd4ef8761778cad9e3e99dea6bbfb156e62c950288a4ca3846659a8d3e9aa88a0abcc20c2e0a1a436b47869a61bb667eca983d88aa9d9368c4a464a12eeb43e918e18be6eb84b553cbda46b92c48374efb897e2272f7316dc7
I: MonitorObliviousTransfer::next
I: GeneratePublicKey::next
D:  sending message (size 0.000768 MB)
I: MonitorObliviousTransfer::next
I: SendPublicKey::next
I: MonitorObliviousTransfer::next
I: RecvEncryptedMessages::next
I: MonitorObliviousTransfer::next
I: DecryptChosenMessage::next
I: MonitorObliviousTransfer::next
I: ChooserDone::next
I: MonitorObliviousTransfer::next
I: MonitorObliviousTransfer::next
I: InitChooser::next
I: MonitorObliviousTransfer::next
I: RecvConstant::next
D: received message: cbae89d05ae354042bb09fa48a4537bf01cc468c0ec91b87731e4ba0756b776d9885ec0a97f23f782aa789b19c383e2f212e2064a2e1d5442eadb725771c7c3d9ba0857c1d9210a94e26b7b9edb2496f0fbdf06163a3c2fd60d3467a91b32ee432c65f619cb9df0744d918549b1d5af42532ed882918c3c30631e1a52bd6d7cfc060a0c0dc4d6dcbc9993b1766359cafee434cfd2672259af00ba207fd0c29b35bf68162b4fcd4a348225ae35e330880b290b5b498c59e16614495d55c714ddfa72f718b0a0976226adac9dba472cc12fae81802dd060e69c068468c7276fa7df4ffe950462bbeec6687af4ea991c21dbdcbd028300621b3262dd0c69281a067b5b02a9cb87b3d57c1ba5500c137ab15184b3a6134fb9125950b70bdf8b13adde3b27483222c915a59a99b74893e7970240515cd468c23fba3bff75c1e68a9a44f58f862718b0ea831a6b8922e4dfff764bf0296e1922891031e61692f29321feebbe0ed3cea903ef4468db139b486033247d15586223f30ff9c13eb706816d2
I: MonitorObliviousTransfer::next
I: GeneratePublicKey::next
D:  sending message (size 0.000768 MB)
I: MonitorObliviousTransfer::next
I: SendPublicKey::next
I: MonitorObliviousTransfer::next
I: RecvEncryptedMessages::next
I: MonitorObliviousTransfer::next
I: DecryptChosenMessage::next
I: MonitorObliviousTransfer::next
I: ChooserDone::next
I: MonitorObliviousTransfer::next
I: MonitorObliviousTransfer::next
I: InitChooser::next
I: MonitorObliviousTransfer::next
I: RecvConstant::next
D: received message: 9406e958ee82c4a43b3359b9eb0f99fe3037f1fc5cd2dca165a34de4945597f8dfaf50b6a018309f3325d5b4030cea7dfbbf49e3a3628b4f57765a0a62ddc69acf2a6713882cd84ec2406865322441d0f2557755489f3c34614b3cbabe9b69479a323cba3ea4219047c9c022b76f5fbf9f210dd4840ae652b413a54816c03f5b39ec5c29d69cb384ad265d559d9641465577e9210d78b0f059fae44521b02dd069342ccb49e8af5b0a01e77b98ab8dada7acd39af111892d25341599d432e2b46d11fa850daeb02e0e2948553def46e5ea0b0e0246f46165a0cb1853745c79d932a54c7f9a00cf6c08c33936b8050b442ef151d33c93a521d9ed08ac4602b1ee912d18ac884d5fa4a79bcfa6920b9e77c5ebc62a48eeea4b16509dc8d5fb2bfd42e98af79b44a13d54680aa23d429fd53106ef32a4f90d45f43b227258ea0fc1004834a547b356787fa02220a7e34462d2111bb7bbd1b04733204be9e99c2ef3754108eb8c557f61da5bc6ebb2873a6d64392e774f190d10245023a9d896a955
I: MonitorObliviousTransfer::next
I: GeneratePublicKey::next
D:  sending message (size 0.000767 MB)
I: MonitorObliviousTransfer::next
I: SendPublicKey::next
I: MonitorObliviousTransfer::next
I: RecvEncryptedMessages::next
I: MonitorObliviousTransfer::next
I: DecryptChosenMessage::next
I: MonitorObliviousTransfer::next
I: ChooserDone::next
I: MonitorObliviousTransfer::next
I: MonitorObliviousTransfer::next
I: InitChooser::next
I: MonitorObliviousTransfer::next
I: RecvConstant::next
D: received message: 491d91b8dace7e33c49baafe2e98647b860a8cf59812540e1ba20f96aaa09ed27fd7d6623c5b79377711069999b747ec9fbc4b286661c0e875f69c80c486ff1674feaaa9ec1a921e53d42340bd069d1e8b8a466365517f9a6c9fb2f0bc860b2db25f96159c3300cdabc93dab8a692bcb6c54cf01647b0328e5171bdb2a4c643ffc97243cb4e27b8be2aed682bb2a201878cbca8c2b78dcb2c6952bc9d723a4267cb8a82b27e0b63ab59aaedb0e5c2a5022084eb92596791892a1f16f5c10ad56634457f1d962c001d523fccdda4f1e9c171c31714f44b60cb6afe6fa87cd6d246c0627fc04527c5d8ffc070c2c6857340676f48d6d5d361ca30dda5c4a700a981ab27d2274993dd3f5be4dff5951308143924de6913bedb539baaf4d5018d22b6f4b8dc6322cf484090ff3a27878945094881acb69218c8f7e603f08e8ffcdeae132d6b5e451e092246709757a5e3582fd25bd1d1d3dc5eada96c44b695639d8c6155f7363c31e8ea3a8405fa0fb2ce089982a8cba06bd6c5d6bdb6e23240ab2
I: MonitorObliviousTransfer::next
I: GeneratePublicKey::next
D:  sending message (size 0.000768 MB)
I: MonitorObliviousTransfer::next
I: SendPublicKey::next
I: MonitorObliviousTransfer::next
I: RecvEncryptedMessages::next
I: MonitorObliviousTransfer::next
I: DecryptChosenMessage::next
I: MonitorObliviousTransfer::next
I: ChooserDone::next
I: MonitorObliviousTransfer::next
I: MonitorObliviousTransfer::next
I: InitChooser::next
I: MonitorObliviousTransfer::next
I: RecvConstant::next
D: received message: 684d6c8cbff93708cc25371e7a816933780db545ff1fa746f98e312313f0593ad8bdef67d7a2bb3bd60a44f4fe44573924f3b5744f6c7f89d09690af3fa27f218bcaac101be62124297166e21404268619243b6764caa6d07f1353bd988fad93ecbdd21c26765758ecf28b7dabafa0ca294e4546cbd0241f95494cd02be747f2ed08109a59ff5668eb74d37603f0e2f4e5a95b34296041e92b3bb19f8461badedf751eaca350cadaa594f8a96b05ea6ea1569ab89d28e0229172bdf79de02d18f777afd58b0810546c54be04243a9d46abf65b09c8ec355814fb55e3f810ccf98aaf0ba9e1f793f1db7f31b318baad53a0acd91ea41c17f11490cb4af076237609c5cfb74c7ad28443ce61b095343da0f18ee8185f0b863f5724f1be3e228c2fdc277b910565c40e72127a332d243c75f1a20ba3c98151bd8887d4e0321f0e0297494955ac5ef6c90c43e432120a076cf57fda76ea17624caf7dafc76ebc2f337e7287c9be7ae7030afedfefdcb7c63c2e85b6fde602bc306bf0e0c9dea14521
I: MonitorObliviousTransfer::next
I: GeneratePublicKey::next
D:  sending message (size 0.000768 MB)
I: MonitorObliviousTransfer::next
I: SendPublicKey::next
I: MonitorObliviousTransfer::next
I: RecvEncryptedMessages::next
I: MonitorObliviousTransfer::next
I: DecryptChosenMessage::next
I: MonitorObliviousTransfer::next
I: ChooserDone::next
I: MonitorObliviousTransfer::next
I: MonitorObliviousTransfer::next
I: InitChooser::next
I: MonitorObliviousTransfer::next
I: RecvConstant::next
D: received message: 38789dad376d6b713f4cfbf9085761132e4953e8ac3850a1923afc57654b81b0b1af8d13bbccd8f669fef59f0d315fc922a943c0bda6aad9f410a8edec3e15091e5a3c819f947971d5339ff01bcd128889970ad5a5abd892ba1738de351169bfad39b4ad20f40c8da3719e2bfbd367faca060cabc29f819c3aa78c60535c4ed9f9ceaac77597c5f8623710ec1be311e969769df8f962158371ec09c1fb693a90c9d98e35fa2709fd3b866090181dbcedfb7c7abee8484365151909f1b5b66e3818bd862e55f4b85779c3cfb822c2a1cd5c8d59bee1ef8961e6fe59752f6b19bd5dafa9acadc2a59948c17a5d305c61a851924adfedbc94406aff77006140f3c5080411b6ed2cdaf8ecbd1d4ed9aa866ee92339b491573a7a8d476cfb13d43fdd214c1ede4a63cd0e4ea4556d11d9e937ab49c45baa4adbb93faf1ae6e04eb000695b35032e7a98d53c155f1a049a2ea1df5b77046d3c41e282853f879d13edf2e40246ff00ec06f8e60f49801752a9a2b6339692ef83bff0bb88b21c507b1b33
I: MonitorObliviousTransfer::next
I: GeneratePublicKey::next
D:  sending message (size 0.000768 MB)
I: MonitorObliviousTransfer::next
I: SendPublicKey::next
I: MonitorObliviousTransfer::next
I: RecvEncryptedMessages::next
I: MonitorObliviousTransfer::next
I: DecryptChosenMessage::next
I: MonitorObliviousTransfer::next
I: ChooserDone::next
I: MonitorObliviousTransfer::next
I: MonitorObliviousTransfer::next
I: InitChooser::next
I: MonitorObliviousTransfer::next
I: RecvConstant::next
D: received message: d4db8923921ed4981993a80359a127caad3ae16ab0e7c633adf1a6d5a7dc384e2204b8d40901d221cef438ca72692b4df5890985829d6e2bd9f7b0b6080ada916c6f51be0ee2aa70f2d6667d89cd7f6cd42736792616523fd28d495ac506624956b5a0c93da4bab8b51f7466b56ba179d841c347d8ab70d23b06aa640d2adf5f75b23050ce1b4f753f6bf7f8b6642103a98999a95b04f41959f99fa7eef48578e94c0e14b970c04c9ee20bf8b52d4683a08fc9af049f5941898cd2e8e99bad5db912277cb6eb108f30746074967b616f3ff0508846835686b992a28b53ae7ee380934a4cd439c09554dc55c90f6d7ca469e7a7490df71697c601b97212c63ac79f2a29297f528a209f06f7e0f285321a527ceca278b57cd42e4860d9f539b53e0fc99ff64277beb3311e6ae323d673a08375a39aba5d42c1f995131d2fc8e35533b5a43f85ca28d4f392714651477005433363a0d42d5b86717d6178d1206e824ec2dee2c7741698f8e496d0084b1686dc668dce24781cf741404f15258cdeab
I: MonitorObliviousTransfer::next
I: GeneratePublicKey::next
D:  sending message (size 0.000768 MB)
I: MonitorObliviousTransfer::next
I: SendPublicKey::next
I: MonitorObliviousTransfer::next
I: RecvEncryptedMessages::next
I: MonitorObliviousTransfer::next
I: DecryptChosenMessage::next
I: MonitorObliviousTransfer::next
I: ChooserDone::next
I: MonitorObliviousTransfer::next
I: MonitorObliviousTransfer::next
I: InitChooser::next
I: MonitorObliviousTransfer::next
I: RecvConstant::next
D: received message: 3c6900345d5f9e3597bcd4051cf0955e93aa0e3320f576bea0d11d214c3e91864ef591e02d87965f4755de1a263d6a3a44ee0cd517c801a9d8082e2fb4cc609ad5d12f5215b0f9922ad91ea152d0c0dea545d3a1c7e8eea59cc8f9748c87f794539376e4bf003ed3dfe770ee2510c1aadb3cae64e14c9e0dd7c9571d7d03d33090fe7200b21f5dd0d066892716e26ddb4381600b062903a4c9cf1a1282a013139b59ad494bb70513a08f49ebcdf82a1d7fc3db688fb79826f61120d03405fd3835f36fb939ef1624affa7d48954b08a46bf5ba3bdf54e009d323af2a591c346448231e83a0b91d601470c2efa8b384970aca7591475cfce965736cc501390f71f8be869ee1b63e4af3ab6a4a84a180ce214ea22d725e8ed08d3b04ce27de0869c24c9036213feb489817f5add1e94e8f5c5c30001d41d6727631c7be1ae9440750bd93cefcdcaa23c984a3cfdd96121704a13b2a95bdfffadc328bfde005bccddd819d4c1a1ef005bd315389a8c458335b6e0133cdfda111f0e5aabef6bf8af9
I: MonitorObliviousTransfer::next
I: GeneratePublicKey::next
D:  sending message (size 0.000768 MB)
I: MonitorObliviousTransfer::next
I: SendPublicKey::next
I: MonitorObliviousTransfer::next
I: RecvEncryptedMessages::next
I: MonitorObliviousTransfer::next
I: DecryptChosenMessage::next
I: MonitorObliviousTransfer::next
I: ChooserDone::next
I: MonitorObliviousTransfer::next
I: MonitorObliviousTransfer::next
I: InitChooser::next
I: MonitorObliviousTransfer::next
I: RecvConstant::next
D: received message: 693a39e7aba1266437ccaf4ff5aa7f8b73d417423082bca15d19fa93a3b18233770c47bd13dd245be3a50ec8bf94ce874c3ae7baa3d4a482fc5e902ea0333faa2ae071d781c8051d0fc5a2c54978cbf959568383e0ab5264abef83d8bfd253feb9a09a64e5cd40b8a98480f5ed0e46667f24fa7aaa8dfe7e45480e7a3fc6fcabaed74f5cc03424743b6365d33ef45805adac35c52b6952131d7abddda58dd39451f7227ecb59b696d075643a1e58afd32fd1d9d75d4e6c11faaad67ecde6f5ec5062b83a1b2ce388a38b5f4d373eaf0e87f034a916587738d0568f9e6a3fd4fe568cb4503b40120f89370322c386f7e5cc190deafb5b9deeffce07251b682573a58451c84d20df221092a1f8ab779851ddb822cebdc6b316aa70289a15f34314dabcffc3571cb40d298c46e0b48c88dbad644edb102b9e064578baf0be52b32d8598ac7eb5cc2e0ff585007c26282d06f720b7d4808f20d58d89c53129608a57c5819bb8b768ed9d19eb4b730c48b2e77f7be2110bf41a7a7e8298c7205d9475
I: MonitorObliviousTransfer::next
I: GeneratePublicKey::next
D:  sending message (size 0.000768 MB)
I: MonitorObliviousTransfer::next
I: SendPublicKey::next
I: MonitorObliviousTransfer::next
I: RecvEncryptedMessages::next
I: MonitorObliviousTransfer::next
I: DecryptChosenMessage::next
I: MonitorObliviousTransfer::next
I: ChooserDone::next
I: MonitorObliviousTransfer::next
I: MonitorObliviousTransfer::next
I: InitChooser::next
I: MonitorObliviousTransfer::next
I: RecvConstant::next
D: received message: e4bea572d8ae891038f89ccc21a9231738d939b4c77c040fad536786f3b4dacaa6359e7d7cd0b8d432d6686ef6d8ce08fcf0854ff209b000f489bddbdae412782e8337a106c63d73404d6300894db82b92f1ace11aac41f481fc77ddee127037717a5c08d2efce7d6bec29e5db2c79fbb66d1814945cd2f3ad56db3987134cbf806a36afe2b2efefc16901486bcc957c242721b76284bcb59d5efc436b0d48a8c09b3e5ff14f568152dd982450d61dbf2a775d8884a835445528d9e41db6879493738039b3aa915944f595c66cab73526abf4e1439274dcc4fa2feb3887bfb9b3441a10f40c3353bfb7162e489f258b0188370c7d6cd5b4685e65d8f9d9ac542be0c4d9a1bc2849d321aaa9842ead3ff1aac6facc6700b4b0823b3451a9412aaba39d1fdb6827ccd3a7fde6cb43264ac8e046874253d261acdfaa70a945fbc581ba811ce9018a6542b7cd1f7666928171b0588fb270ad87f2c3228033182883bb7cf2a6fe7b9827c23e00917ef3922b0398bd48bd43f5e7083ab905017811c0f
I: MonitorObliviousTransfer::next
I: GeneratePublicKey::next
D:  sending message (size 0.000768 MB)
I: MonitorObliviousTransfer::next
I: SendPublicKey::next
I: MonitorObliviousTransfer::next
I: RecvEncryptedMessages::next
I: MonitorObliviousTransfer::next
I: DecryptChosenMessage::next
I: MonitorObliviousTransfer::next
I: ChooserDone::next
I: MonitorObliviousTransfer::next
I: MonitorObliviousTransfer::next
I: InitChooser::next
I: MonitorObliviousTransfer::next
I: RecvConstant::next
D: received message: 1938faf209d6ced54c36eb6c43f710cdbb1224fcfc625811b22014900306fa7b71eedeb0dcf079e9fdd06e3faa2b7d08e6432ef0244ab4d96b75247021502710e7a724e2afa3fd3c7cdce3aa4c836e1844568c90d5d392bfa249f8f593680afb25dc51ba6dddfc7f0b3c623096d8273ff025d4fa73207497b63e28a429a7bf61d6d501b37cf3c06961efe14408d569117853d8a6f03634f0510fdb10e23bd2646eab138d3bcdab7458f4c7059bece889355cefe837e2eba7cda3fab0e9eb354b2b173fec5fde00cdf07c7a266dadbbd09a02d7324cf2f42d0b530467ca70d9439d5d28ee7cb95044e59725041cc98519fe8a5e8f86cb15b5341a997324b483923fefec8d4ff1468821d5890e5d523f7416c0ff86a26e203afe514b4da57b69da2119fab42e1b25a59baf92b613fe7eebfc6996706d960cdc73bff02f211afb1344bd76e9b2b1ff9e45331f92fa1a6d476217e89059924e65e3c04b1f517f2db6ed7dd13087a4f181c7241cd5128ae383382190ff49faf10cc5a3bd44a541cedf
I: MonitorObliviousTransfer::next
I: GeneratePublicKey::next
D:  sending message (size 0.000768 MB)
I: MonitorObliviousTransfer::next
I: SendPublicKey::next
I: MonitorObliviousTransfer::next
I: RecvEncryptedMessages::next
I: MonitorObliviousTransfer::next
I: DecryptChosenMessage::next
I: MonitorObliviousTransfer::next
I: ChooserDone::next
I: MonitorObliviousTransfer::next
I: MonitorObliviousTransfer::next
I: InitChooser::next
I: MonitorObliviousTransfer::next
I: RecvConstant::next
D: received message: a4aa971bd7d30a8d979ed13c0492cbfca8bf1fb71669f68dc8b921e624ca882baa7049414a85e0b8c796acf4b148fa6357aee478981b7582e5b6a6273f92571a429986453212b17b6ab45633a15c4df49e8f8cb9ea63a5bbeb7ac38d27d70038679f6ac61545df3e630039bb6d6499ebf96d50b573b0c638573e289d6618abc9143daa1ae732db75867c08daaa33a2d78dc9387063dbdfd6689c743248df08fa1f3fedd3b011499c6bcc6ab56444aba7d60e71c56799557489f19001b3a992687710dd86c424f434c6d3e330ff2eff0f877e9b6f4e69a233b26811551aceb8ab90357083c8e7c0b81c25cc940f3dda6589084245374d24e80eafe7f7e1f26d4916bd62d0eac081226479e828cc5f3ee90c883fea79b98605a29053d47a04992bd0e5cf9b66fb3fe8c39327acadc210202c720a1b2475ced6e8b82af9cd46435c7f93b5ff77271e1db5ee5cb086748a2d17b3e148bd0a15015a1b59602aeef0a0911d39f6fe798035801ddc7a41eb2cec5bc9bba4704e9410eb30ae606f5ec4b2
I: MonitorObliviousTransfer::next
I: GeneratePublicKey::next
D:  sending message (size 0.000768 MB)
I: MonitorObliviousTransfer::next
I: SendPublicKey::next
I: MonitorObliviousTransfer::next
I: RecvEncryptedMessages::next
I: MonitorObliviousTransfer::next
I: DecryptChosenMessage::next
I: MonitorObliviousTransfer::next
I: ChooserDone::next
I: MonitorObliviousTransfer::next
I: MonitorObliviousTransfer::next
I: InitChooser::next
I: MonitorObliviousTransfer::next
I: RecvConstant::next
D: received message: 85c502f294a027acb4c2d6db1e2dc7d01285df47654453de16889fe726b381808e4f0ff20b11f9e912d976186d7b55e401e42904efa7cffe0c6c76b507e5b70fa43ce0318762cb29a7e4d4e69fe39d8ef8256326c110634934c750455a553594f97eb54bdaa831cb72f0dc70c4dc6e286524cb81d24e39aef379d78827dc357cfdad24953451ca0299f263f0288005bb93189861d8dc4c695bd5561d7d55d04dbcb690b50bbd5a3dad125046de3c718bbf0e06920cb5ae5e1a923309544ba18e23a2624f8b5690366cb1f19a349b4d8094a29973f4fda7eeb8a6b9fb1a8de17218cb9385a023df57742b0a3f6457258347a4e4edfdca116683c8670a167bc7223ebce71af41477a07a223b5ff1c987387f1a5548d4d4ed12bf552f4c3b8d6987a390573b02f654c0cbf892d8fb7f32f168efb2c8abc850ebb18439845b66e8e9367e392d95910e734ff700aa2a72982c030cd1f998f39dfd7bf510fc0f2fc76e7b9f96ec4619701f3f099a94c0494046155f9a3781169a459ed13785f50be075
I: MonitorObliviousTransfer::next
I: GeneratePublicKey::next
D:  sending message (size 0.000768 MB)
I: MonitorObliviousTransfer::next
I: SendPublicKey::next
I: MonitorObliviousTransfer::next
I: RecvEncryptedMessages::next
I: MonitorObliviousTransfer::next
I: DecryptChosenMessage::next
I: MonitorObliviousTransfer::next
I: ChooserDone::next
I: MonitorObliviousTransfer::next
I: MonitorObliviousTransfer::next
I: InitChooser::next
I: MonitorObliviousTransfer::next
I: RecvConstant::next
D: received message: b120500a97312e667711f4a354b2087812faa215d9e957f98058409d26acc6ecff06adaae8eceac8cd55819e7bf51a03c365698e378b2953d09b393ae90b71810be4e0710171cb9ce56cfd90e5d3d9c8a91b62ac32e4b8f9b8734c444e95b057ed92c1cfb2375e895ed644618954aa5a88ea439438c6e57bb52690bf1d8e5e435351c1c4d531618ca6dc4304420e4a8e5b3bdd1dfc4f4ed3352aa701fe39acd89aa726050b36e275d70426162ff18d257f1e0b5f0322e1aaec035baf11fe813af5c6553ce8a49ff270981b71a335967251b0ff5991895c2ddaa569121d12de00d6f73be19b94bec8318ee4c7355816c6e2d8a28a2531e3d909e137de105bd9f5fe6c9532aa1e25a7d57b5d8bfd3ce400ce0881c3ec158765973d3973bfa5b7b20659ce07b1f2861f13c1ebc328fdc23ce25c638a3d8fb2a1928644a1cfcc81c77e370e1cf9373518836ca8e2e35aa3e284bb1f39600169cec3d89f6f48eddd448017cd5ce7033d842001fd71401f6b9c89cd73f301bff37d5dd64d78d555100c
I: MonitorObliviousTransfer::next
I: GeneratePublicKey::next
D:  sending message (size 0.000768 MB)
I: MonitorObliviousTransfer::next
I: SendPublicKey::next
I: MonitorObliviousTransfer::next
I: RecvEncryptedMessages::next
I: MonitorObliviousTransfer::next
I: DecryptChosenMessage::next
I: MonitorObliviousTransfer::next
I: ChooserDone::next
I: MonitorObliviousTransfer::next
I: MonitorObliviousTransfer::next
I: InitChooser::next
I: MonitorObliviousTransfer::next
I: RecvConstant::next
D: received message: dfc604b2283994f65c0a11bdbffb17f2dbf6edbe97a4742ef35f80d54672ec517f5f92328706ddbdf569b26beaf1f4d513e6ce47d4ed3703965b239b78557eae4f2f0e1c5d5af5fabbf8e8a67b5d80bce654a3fe5926d21d508e341fdb642f5b6076e3766125c13a78413879725fd7fc7ba404c79223db7c9db72c81c66c4693c53c92a0d861b082ec2837ccb32ad42169da58c8a0e952546e84bade1819686f1b56cfa00dfdc703af1f837972a3e3a85c3db9e87e9278d94c190f4db7856ec532c61f8e84b33c14ec0f1b0e752e1af188b2fd59331780c8226c24cb3bd9e5d3e4ce54e050866702aa95c1953e4147e178024e29988b90030d2cf659b8c3740b2316b2e77c156498e6e03ce87bcf5501590b1967a43d5f2d334db4e64fb33481e8dc7213e6c7970c44dc847af39493d1b29934ee4d03d383bd738e871cbb53a3ffa1c374a1d36e22fc212d50d9964430a9e6bd485d8b5490cbae809bff9d46c46c1d931d082160249ea1043c29a47bb82c7523225eb1aa6c62c670a5e406d08
I: MonitorObliviousTransfer::next
I: GeneratePublicKey::next
D:  sending message (size 0.000768 MB)
I: MonitorObliviousTransfer::next
I: SendPublicKey::next
I: MonitorObliviousTransfer::next
I: RecvEncryptedMessages::next
I: MonitorObliviousTransfer::next
I: DecryptChosenMessage::next
I: MonitorObliviousTransfer::next
I: ChooserDone::next
I: MonitorObliviousTransfer::next
I: MonitorObliviousTransfer::next
I: InitChooser::next
I: MonitorObliviousTransfer::next
I: RecvConstant::next
D: received message: 82c1791274a8f897452e40cbbadf7a88e38ae2378b08e53683592cf0db6bde60fbc1c419f3d0360591d3b0abab6891cd4dbf076f7e3792d91da83f7432d21ca162b2d6cec4be0c55f785fcafa27fbf2ff74a422cff165cae8668c21b375f6dd4c113dfec06bdd5eed6f6eb81a126de1f77e73eaab027518e55af575548bd2b49835e62c9118048509168038ce94fc083e18932503d4d7e12de72d5b784d5875406ca30e7634a8cc22f8c149650169002694695df20276b3911cdd4f74f0d5efc2cb81e5e77f363e15dbecb0b0f33fd8856f298ec39fceb1b6a9416163bc8ec3dbce83a849d55e982ab92b18590fe70ff3cb7ed84afc1da79d7d2c41d4df6c0d6410049081673fe2b073ef0c2b47a269de2263c79dc44ed637c042a3f149468fd221ef13d6f8fb928fb5585ec6b9c8382d1df2360e4ac564eefc077ee2f068b08b02660c974fc6ebeff637bdd701772fe5035a74bf7695805bf7a107d4e01585471e8e287460df096175013a046162d47a4dda8c8970cceb67f91c3c2278077a5
I: MonitorObliviousTransfer::next
I: GeneratePublicKey::next
D:  sending message (size 0.000766 MB)
I: MonitorObliviousTransfer::next
I: SendPublicKey::next
I: MonitorObliviousTransfer::next
I: RecvEncryptedMessages::next
I: MonitorObliviousTransfer::next
I: DecryptChosenMessage::next
I: MonitorObliviousTransfer::next
I: ChooserDone::next
I: MonitorObliviousTransfer::next
I: MonitorObliviousTransfer::next
I: InitChooser::next
I: MonitorObliviousTransfer::next
I: RecvConstant::next
D: received message: b2e3ae069d96e85f06940232fbd1ed8242590a1501af79b7d2c38664fdc3a6b53443df1a2252d705d68a2c4cd0ed3190fee986f0482ad7ccd01792286b0f54a5efadd7a984cb03407f135402caa3aa7f5d1f841f06bc7079c3e0ef5183ea22bd245039fb9f65e2d53804512629c11f318a0ec6752a46d2981c8d37ffd77f639bd0cd8c8bd6ca7c950ab870feb6c8cfa560f04e8e55dead5bfce4301950f940cdbc2528e5544e65944dd928f0d0701cd193ee79e71f21e354ac9ca671609ab829b7e8ab63b979d4cefa8213a4d736da09518aaadb49b1fd15f8be82bef3ed9e27ea6023d93efd27cb8d77d37a90fb0256bf297319568866caea05f39b67805a651b2228283b590394262ff4347482f38130b540b5348ad16aaa78bca1490c2a1b44ff0ed33d749a6b5897e340d01c53d43c16340e0cf0718b86bbb1540b2a05b2024575dae6382c0bf1add8ef41ff020815b866a1eb3c80e7c7bf88ef7406715528a968adef730c5fd359e706320e2dd8a6cc08adcce7ffa3ce55362ceb552cb3
I: MonitorObliviousTransfer::next
I: GeneratePublicKey::next
D:  sending message (size 0.000768 MB)
I: MonitorObliviousTransfer::next
I: SendPublicKey::next
I: MonitorObliviousTransfer::next
I: RecvEncryptedMessages::next
I: MonitorObliviousTransfer::next
I: DecryptChosenMessage::next
I: MonitorObliviousTransfer::next
I: ChooserDone::next
I: MonitorObliviousTransfer::next
I: MonitorObliviousTransfer::next
I: InitChooser::next
I: MonitorObliviousTransfer::next
I: RecvConstant::next
D: received message: 77049985a41e421c0dbd4a9b15d63d16a05085fe0e2acef75f8b378d5a74f306389ed5ff70781250c311c5fff01e21a9b3bdb1d62577ab5777c46337246e88f22b00fe6d02bf1b79309a298b49e935f804642d2eceee8e1d7e59b3d5bd3686211b2b387aff13aa48095800095aa41667336c4c83a2b0dfb881aa2dbc280db6e0ea040908ed12ed48e19d3b0c7685b2bf3523b0e0a76fce2f97bce6cbfae093c9b1cbb5f0cad83401ce85b9fefe8095ce1f13d23fdb8772c392b98091c0190f0df2df8b59c91802638bfc685b078ba0c5675f38509c5fd441b6227332da4327ccb180aa1a6fd0b35a736088b2d1f98a15b4dd4b5b29970ba2e36bdf6d177e46bdd553f5a99fa8a0e321a11cabcdf3eff9d9aa77a3f1a985724e47450c33bffcd860105249dc8d93c812c6c503ec825ac01def7a37970c510feb213ef97c9120ca9f034ebed8040db96f31c9cb02514e5ca3ad50de4acd1f51c6889523ae9daad6816089be0a41ae14fd1acfb8e53354dbf1796c7eecd3982ab0ca8be22552f75d
I: MonitorObliviousTransfer::next
I: GeneratePublicKey::next
D:  sending message (size 0.000768 MB)
I: MonitorObliviousTransfer::next
I: SendPublicKey::next
I: MonitorObliviousTransfer::next
I: RecvEncryptedMessages::next
I: MonitorObliviousTransfer::next
I: DecryptChosenMessage::next
I: MonitorObliviousTransfer::next
I: ChooserDone::next
I: MonitorObliviousTransfer::next
I: MonitorObliviousTransfer::next
I: EvaluateCircuit::next
D:  sending message (size 0.000001 MB)
I: SendFlagBit::next
I: ==== round duration: 7330.385742 ms ====
I: MonitorCopyMonitorStateLabels::next
I: RecvGarbledGates::next
I: RecvSystemInputLabels::next
I: RecvFlagBitLabels::next
I: EvaluateCircuit::next
D:  sending message (size 0.000001 MB)
I: SendFlagBit::next
I: ==== round duration: 6922.619629 ms ====
I: MonitorCopyMonitorStateLabels::next
I: RecvGarbledGates::next
I: RecvSystemInputLabels::next
I: RecvFlagBitLabels::next
I: EvaluateCircuit::next
D:  sending message (size 0.000001 MB)
I: SendFlagBit::next
I: ==== round duration: 6979.507812 ms ====
I: FaultObserved::next
I: MonitorDone::next
