I: parsing spec file timekeeper.v...
skipping synthesis, BLIF file already exists.
I: parsing BLIF file synth.blif...
D: inputs and outputs parsed.
D: circuit initialized.
D: connections (#2018) parsed.
D: gates (#20547) parsed.
D: outputs: 22407 22410 22413 22416 22419 22422 22425 22428 22431 22434 22437 22440 22443 22446 22449 22452 22455 22458 22461 22464 22467 22470 22473 22476 22479 22482 22485 22488 22491 22494 22497 22503 22405 
D: circuit size: 22504
D: adding identity gates for outputs...
D: outputs after identity: 22537 22538 22539 22540 22541 22542 22543 22544 22545 22546 22547 22548 22549 22550 22551 22552 22553 22554 22555 22556 22557 22558 22559 22560 22561 22562 22563 22564 22565 22566 22567 22568 22569 
D: circuit size after identity: 22570
I: initializing safe primes...
I: using prime modulus 32317006071311007300338913926423828248817941241140239112842009751400741706634354222619689417363569347117901737909704191754605873209195028853758986185622153212175412514901774520270235796078236248884246189477587641105928646099411723245426622522193230540919037680524235519125679715870117001058055877651038861847280257976054903569732561526167081339361799541336476559160368317896729073178384589680639671900977202194168647225871031411336429319536193471636533209717077448227988588565369208645296636077250268955505928362751121174096972998068410554359584866583291642136218231078990999448652468262416972035911852507045361090559
D:  sending message (size 0.000005 MB)
I: InitMonitor::next
D:  sending message (size 0.339769 MB)
I: SendCircuit::next
I: RecvGarbledGates::next
I: RecvSystemInputLabels::next
I: RecvFlagBitLabels::next
I: MonitorObliviousTransfer::next
I: InitChooser::next
I: MonitorObliviousTransfer::next
I: RecvConstant::next
D: received message: 5594e41bc38b7f8772d818b82b7301012d89515b8379a05a203dea7ee3a9a090f24d2b0bc21ba4d15853fc4f6a9fea2e148f05b57639ecfd3bc740a31e950ffd12fd0eb36343b3bc1a785573294f41109122b8c5cd2f1ac29de860ce730296be15c2b49b62036fa9010afdf9b0e5b8179b251ffd7904156c9c054395535b28bfda3763e5e55615731af2ee529d69f613056eb4f31a35f956bc29445350fe2664285875c58ef58a0fec15ecd8bd3b7b778b28998a5773b612aabde0954082303ef399f647ed40a414dbcb5d44d307fe1ec9eadeae9b0549730d6fe94412e20fd18cd6bbbd021bc4620b88d74f952d0f7bf25b3aab8d39643016fcce31bc2dcfa7
I: MonitorObliviousTransfer::next
I: GeneratePublicKey::next
D:  sending message (size 0.000512 MB)
I: MonitorObliviousTransfer::next
I: SendPublicKey::next
I: MonitorObliviousTransfer::next
I: RecvEncryptedMessages::next
I: MonitorObliviousTransfer::next
I: DecryptChosenMessage::next
I: MonitorObliviousTransfer::next
I: ChooserDone::next
I: MonitorObliviousTransfer::next
I: MonitorObliviousTransfer::next
I: InitChooser::next
I: MonitorObliviousTransfer::next
I: RecvConstant::next
D: received message: af873046ebff3880bb3ff55f8188bc407051a23e6b1dcd44ba54cce6bc2dcdaec4def1568b92e2672f5675199f70c0ed7f00fe13d3fc6ccf08022be11b2d0cfe41859043d5bd467965a0c4fc7aa2d06c8bec46c3bad29489c0722706b829c3653473abd1c24259bda7a8b15c4e1f7e00da3eb62a7fb6066bfe11809ed76e3e1b45674b61a74b806854372de908d6079cb0a66642c9d3e1498e91d06be372c56a79952e4b62834b0c1972510413bfe6dca0cea96a4d1362c72a684432ea4e8b6b2f2618ae0a7f141a16b2e59b74b6b9aa128b06dca0fec2874cdbdd631e6bc987853262127561cf2414c2147f27e315c3a915807275aa40edbb1338804a98f86
I: MonitorObliviousTransfer::next
I: GeneratePublicKey::next
D:  sending message (size 0.000512 MB)
I: MonitorObliviousTransfer::next
I: SendPublicKey::next
I: MonitorObliviousTransfer::next
I: RecvEncryptedMessages::next
I: MonitorObliviousTransfer::next
I: DecryptChosenMessage::next
I: MonitorObliviousTransfer::next
I: ChooserDone::next
I: MonitorObliviousTransfer::next
I: MonitorObliviousTransfer::next
I: InitChooser::next
I: MonitorObliviousTransfer::next
I: RecvConstant::next
D: received message: 686abeced210b80eecbdaa25d2c4db3c096a1034208acb47c0f799411ef16dc42d65c42951e79688cdb59a7eccc5c638f6550b11838a1ae7538cd58486904ff189e7a3d43737da90501ef5ab99bbd9ea7c6add09f67895014fd7254af2d9f09a6bf3c6e2478f81aec99a9e4b07e3926533c45ebdc0d4404558835b55bb3809c427120bbfce3adead662e061126a519b204d9997ca903c110e8c4dba7449080dacf7d8332b0f61dcdb87ee2faec203cc90c3935d377b29cf0e944d7202051786abeef1264a21d1449e1296d0ad2d140c8e802784cec6681e7d7338c00efc27cc584d1d2bc78197a846fbedce3e9742a922ff39d0615efa4596d6c46530f7b5227
I: MonitorObliviousTransfer::next
I: GeneratePublicKey::next
D:  sending message (size 0.000512 MB)
I: MonitorObliviousTransfer::next
I: SendPublicKey::next
I: MonitorObliviousTransfer::next
I: RecvEncryptedMessages::next
I: MonitorObliviousTransfer::next
I: DecryptChosenMessage::next
I: MonitorObliviousTransfer::next
I: ChooserDone::next
I: MonitorObliviousTransfer::next
I: MonitorObliviousTransfer::next
I: InitChooser::next
I: MonitorObliviousTransfer::next
I: RecvConstant::next
D: received message: 7ed3105cc5fdcd3cdf97e6efd8ef922fc2e82e07226355606c25448b95045d51c612759b9b6ecf5972d7461f6ce003b53a81d82267d983e1b21dabb85cef7086b1a39f891c1bb2c942cb6230f5e97f49bc62be08a3a49469562782b77d1b7dade333d6ec867e36dbc55bfd906d601a6d26086391af797215be9640583bf1d1498831a3ccee667c7414c2c16b4b0f282a670791eb023cf24c013622b6d588cd12c28d6834dffc84591703302c23c63dab1da8856aa9ab09cfd2e5b2bccaac18b53eec2633f1655a0c45473b3ee50d56f314947d14bcbad028ca0ee63b8f17e2b29a5fb46754fa68929e349c56b92fa1e5d528e9d7d4581eed72f20298a00e27db
I: MonitorObliviousTransfer::next
I: GeneratePublicKey::next
D:  sending message (size 0.000512 MB)
I: MonitorObliviousTransfer::next
I: SendPublicKey::next
I: MonitorObliviousTransfer::next
I: RecvEncryptedMessages::next
I: MonitorObliviousTransfer::next
I: DecryptChosenMessage::next
I: MonitorObliviousTransfer::next
I: ChooserDone::next
I: MonitorObliviousTransfer::next
I: MonitorObliviousTransfer::next
I: InitChooser::next
I: MonitorObliviousTransfer::next
I: RecvConstant::next
D: received message: 41bfa28f612113c3c4bddbfaae2e8e7ebe357a29b7fdd41bdd3abcdc679a62d7c85a0e0454e762ab7562f4f383f4a61690b009398244ae72c3b61c9851b07fc125de73e9455b3c11f877d21997c082a2a5b10f02cd7305876cf168a53d688174b50b8dfa869e20c1fa40413660a7bf8fb94483249ca6e37fb4f10fdb17b547c5e26932eecdd3ef54f081a78da15b1886a3a6aec88d31da77629e55c79bc8a6fa7b8b839a46073b438ef0d165d9d7f2e8fcf7cd66a5f804ea0c3e2caab25466bc2de8f5ca2d5fec93d69f5d56c5b2145dc04864f30fdec70a0a7de0d5adeef005ec4670c0c6649d507424d7b567d7099fb7f2991844ccd568145bfb96290a1de
I: MonitorObliviousTransfer::next
I: GeneratePublicKey::next
D:  sending message (size 0.000512 MB)
I: MonitorObliviousTransfer::next
I: SendPublicKey::next
I: MonitorObliviousTransfer::next
I: RecvEncryptedMessages::next
I: MonitorObliviousTransfer::next
I: DecryptChosenMessage::next
I: MonitorObliviousTransfer::next
I: ChooserDone::next
I: MonitorObliviousTransfer::next
I: MonitorObliviousTransfer::next
I: InitChooser::next
I: MonitorObliviousTransfer::next
I: RecvConstant::next
D: received message: 3921b9af3a4d2edcb311f9d602d08be362ab27d9cb2cf35a5232494ee93c636f3a70e9d0ac3b81a3c5eb925c07596978dffb3d4e166f0cce4d725172ae75001c075e4a3669526ffb351424a6eddbaac275249ed9ae66661fb646d7a7549f4433748014d6935734d1b643f60cd103a87542c2e72e55afd0c96dc47ebe45aabb3a6cfcc7f993c1b03bffbb6c9607b237e0f8f64843a98ac5ea8ef24004d7c37c56cc4bef60641554a22b321abd92fe0d60c257fa340b9484a400853e6ecdad6c7fa3bb645419cf62d0a1fcc389715b3c6a9de18ef54d55b52677decb4de302af42e327ec8ccbb13db0c40aec0e284888a12025473a9c35606859e917e00e7f6a1c
I: MonitorObliviousTransfer::next
I: GeneratePublicKey::next
D:  sending message (size 0.000512 MB)
I: MonitorObliviousTransfer::next
I: SendPublicKey::next
I: MonitorObliviousTransfer::next
I: RecvEncryptedMessages::next
I: MonitorObliviousTransfer::next
I: DecryptChosenMessage::next
I: MonitorObliviousTransfer::next
I: ChooserDone::next
I: MonitorObliviousTransfer::next
I: MonitorObliviousTransfer::next
I: InitChooser::next
I: MonitorObliviousTransfer::next
I: RecvConstant::next
D: received message: 84055af9c8394bacaa46781d6b7a407b77f81536110163c87ff5b9eb3bc424ffe00c39d02bc8e27098dd7c4e00b90728b416de2cc0190da40f7139992879f308a063f1569c5fc0d321474228ee9bfaccf838ea83e024a93d03244a25b1e7ffd2620b7cbf562a98a07069236838d296de290097c5f80f9808763a99d98b8f818ff3c920b61e0d1f7de2f6bd7ee91960448983eb62808f0ca9896bd37b6e7a3f0aad070eb2918817e5b319df662453c4fa670e560e6829036aa3c096354399b802225aef7e9341d39b4751ac190c655519671b10466db9d8e07341273ece53203d2645b7bbc55c103a8a36d70147edde199b7c054b3cf9520e6e7d41b495e55ccd
I: MonitorObliviousTransfer::next
I: GeneratePublicKey::next
D:  sending message (size 0.000512 MB)
I: MonitorObliviousTransfer::next
I: SendPublicKey::next
I: MonitorObliviousTransfer::next
I: RecvEncryptedMessages::next
I: MonitorObliviousTransfer::next
I: DecryptChosenMessage::next
I: MonitorObliviousTransfer::next
I: ChooserDone::next
I: MonitorObliviousTransfer::next
I: MonitorObliviousTransfer::next
I: InitChooser::next
I: MonitorObliviousTransfer::next
I: RecvConstant::next
D: received message: 7970f8447a803bcbfc22da0600d470f620ce3157306843b7dd04eaa3dd135ab68ac85d1a45c65d96e3664590cdf1ea6f909b554794d484dc9bee58710013a944418a2d7ff0037e2fc4c04e71e8658c5c88d3bde5e3f40c5701e4984b3b50595e480e932307aacc77d604331ed13cc11aa35c3faf73d7add5435a4cbf6d2ab29749ed1d1722f744584ff9a6fbae50b0d594e028cc241529086595c87951e0fd25d73fc2e14fff1c5c5cc6138b5b76b6f3fa76ea2cc10efa03bf8b1ee704f4c767f61defbeb937b55f7b1d34904f144e917739d02f2e9059a00285a42fc749634f7f801b780d090e7ff9e6d721f40e2049d89b6e7a0e4e61591a52799ab87dc6e3
I: MonitorObliviousTransfer::next
I: GeneratePublicKey::next
D:  sending message (size 0.000512 MB)
I: MonitorObliviousTransfer::next
I: SendPublicKey::next
I: MonitorObliviousTransfer::next
I: RecvEncryptedMessages::next
I: MonitorObliviousTransfer::next
I: DecryptChosenMessage::next
I: MonitorObliviousTransfer::next
I: ChooserDone::next
I: MonitorObliviousTransfer::next
I: MonitorObliviousTransfer::next
I: InitChooser::next
I: MonitorObliviousTransfer::next
I: RecvConstant::next
D: received message: 5a0415fca93318c4b13769984533be0e8af770ffb53778bf7a0467c94b98bd8a4ec6fa2214b6f637ec44c80785d084ce0256f38caa4be43bb4602db4e4e72826d95663ce4691e577b56ff7e6a0496bd858586c0dbfef2b0824391480a1d813eb3b9cd9df68d52c4c5cc2bfc774916f867e7649c07468be44653ba61bc5d16d5b765029176dd9894cabc56011927de96d62a108fd83daeb63e78a5a7f625c9e5d5bb84a83b891e984b8eb100661351a06e600a94ed51e1e68ef186efa081704fe08d4d98efb10230b4cbf2cf2386a808265821adf194025834bfe0941d4a912747c41ba9c786957cf27912f79e943e2b36ce481d4e503e7784434009eaae6fa19
I: MonitorObliviousTransfer::next
I: GeneratePublicKey::next
D:  sending message (size 0.000512 MB)
I: MonitorObliviousTransfer::next
I: SendPublicKey::next
I: MonitorObliviousTransfer::next
I: RecvEncryptedMessages::next
I: MonitorObliviousTransfer::next
I: DecryptChosenMessage::next
I: MonitorObliviousTransfer::next
I: ChooserDone::next
I: MonitorObliviousTransfer::next
I: MonitorObliviousTransfer::next
I: InitChooser::next
I: MonitorObliviousTransfer::next
I: RecvConstant::next
D: received message: a6e92c5ca53b5ce5ac6be0eab6e84158f0d40c37f9d039387296ed2b3b33001ec02a4d3bb9a95553b4586c2586c933312fdf8f440700578014bb495cb281e3346b33c330053ed559c655ebd2b7dd658f6418262dde8f9a2085f882f99a081a637560998e1e6cba7ead16ed02a138e548980d2faabf7d6c8d1e0b61283e0b21364c841c86cf3a1124aefc6c174662c73e7d916901a84a2cd37d0a35ec4532a4d8b7251a9b4614a07c8538310c50282b882cefd043202ec7a4bf19ee20fdc9ca7074639a1c785cd61dd82aec118321489c730e718b55f8034665c633f81762ef61fac798adad7ed1b27c7ec9e7f2827b53a5ae80a1d037d75e2eab59e321d883a0
I: MonitorObliviousTransfer::next
I: GeneratePublicKey::next
D:  sending message (size 0.000512 MB)
I: MonitorObliviousTransfer::next
I: SendPublicKey::next
I: MonitorObliviousTransfer::next
I: RecvEncryptedMessages::next
I: MonitorObliviousTransfer::next
I: DecryptChosenMessage::next
I: MonitorObliviousTransfer::next
I: ChooserDone::next
I: MonitorObliviousTransfer::next
I: MonitorObliviousTransfer::next
I: InitChooser::next
I: MonitorObliviousTransfer::next
I: RecvConstant::next
D: received message: db232cd2590137a665bc365ef2b984a2a849d97ce6ef4fecff51d19fb30effbbbcbe68bc0580b793a2fe9ad9e0d5562b2da483dbbe56d92ddbbe24a8a50e5aff81ea9111b12b6ea03fa386e9b184bec20dac0b4fada243a0dfba2969a052845da93ac260a8590243e4179c689fe3899e4e51fdaf592153b02b49fd7075c42298cd9ada8c26d755b5f6471912bb29654e1cd5091ddffacfc0c19b773c6af9094ff744a8b1b694ee0ac5e0a1b557933d74bbb1c19413689e69e587486e1bb5c1460cc9a8006e163adb7541448b81a96ee8049de5be8822d01674334b361606fe2100116ce942a198d166da1a1c592c370c1aa05d745d99b7d0ed1a288607a2195e
I: MonitorObliviousTransfer::next
I: GeneratePublicKey::next
D:  sending message (size 0.000512 MB)
I: MonitorObliviousTransfer::next
I: SendPublicKey::next
I: MonitorObliviousTransfer::next
I: RecvEncryptedMessages::next
I: MonitorObliviousTransfer::next
I: DecryptChosenMessage::next
I: MonitorObliviousTransfer::next
I: ChooserDone::next
I: MonitorObliviousTransfer::next
I: MonitorObliviousTransfer::next
I: InitChooser::next
I: MonitorObliviousTransfer::next
I: RecvConstant::next
D: received message: e1ecf8919ad8921230e3846391c6d99541a6c47836df9f8ee82ca55f01d01fa48fe4f4ce0602e05157074efcd25e23e4742988c2ed9e1fc5291dfb87c1dbc49757fbc62f41889a558ef634aeb701f8ff278b144e24a6d61adfa9477797b31a5f05f29f8f0a29e0b7ac5883d21de83f9f1f6bedbbf93c0b612c888ab5aca513d56196bd4a01cfc764fdd86d96c14a2907e7e532b67c3abe15369bc0015398a6a403eba5b6564eb55beba224544a69d7dd5b9ec5fb2dda9e61e0fe60195fbe453da6fa6a49639cbfc981f8b7fad58de11b8589bb915a73218c4ec3eb2712f41d0b9876366045016b13fa0f49d664600afe88c09ab80ff2f1e54dfd62a790342f35
I: MonitorObliviousTransfer::next
I: GeneratePublicKey::next
D:  sending message (size 0.000512 MB)
I: MonitorObliviousTransfer::next
I: SendPublicKey::next
I: MonitorObliviousTransfer::next
I: RecvEncryptedMessages::next
I: MonitorObliviousTransfer::next
I: DecryptChosenMessage::next
I: MonitorObliviousTransfer::next
I: ChooserDone::next
I: MonitorObliviousTransfer::next
I: MonitorObliviousTransfer::next
I: InitChooser::next
I: MonitorObliviousTransfer::next
I: RecvConstant::next
D: received message: c4e9619847bd387a8f37b469c395eab43d4db7798f436925cbd65c978b42ec66c231f38ba93437d3a513e824c4586c4f6cd519bbe5b748c97d1d9872c5c1a0818953a9a1ab01261fa5f4c376e7f3c7cd8ed052c4f4eb80000f97b2d0c30fc36f6824e4c025787a1d82c9684b5e51a88f02a20162a034d4ebc83a7059689cf39dbb2553497497929c9b32fb77440acb1cf69939d2e4b4680115fb2e7031351e43af10596aecfa83d63212febc421409faccf81b2d57c1f058ae1e9645b106ed58a9037e5da68854764b0349f7d79929bdb0010fb8d326bd1686336afff9e15137dac3a896afc11333769bb65bbb23011145a2622d8998211aa291749be77b5bd8
I: MonitorObliviousTransfer::next
I: GeneratePublicKey::next
D:  sending message (size 0.000512 MB)
I: MonitorObliviousTransfer::next
I: SendPublicKey::next
I: MonitorObliviousTransfer::next
I: RecvEncryptedMessages::next
I: MonitorObliviousTransfer::next
I: DecryptChosenMessage::next
I: MonitorObliviousTransfer::next
I: ChooserDone::next
I: MonitorObliviousTransfer::next
I: MonitorObliviousTransfer::next
I: InitChooser::next
I: MonitorObliviousTransfer::next
I: RecvConstant::next
D: received message: 37884049c76eb47b2b748796d274f531e750c2941c9bf66e9de29aa43d24973ad3f43c5139f124a6be89f08e7cdbd4d1d54ac3e1955ad668c51e12f52a897eb08c00fdb186f0381d76330e1743bcf439e32c629447cb8cd4c17a8f20b09968f2c7e40d9b00039465b1396295e8b970d38cf3365ed84c07b2446f94c2cb3feea45069cb57edeeb98504750632200a2019657aeec9f2632a14c6f739aa0ec99976d7f0350ca4cd43c25604d92c85dd78dee0e503c87129b401eaf008cd3b60e63e5f1df1e2cd311e28c8eb8e3d4453a685b48465f82ac13d302974ea6b383e5784928950115ae9c12579ccd1677f45739aab14f1ca8b9ae18b2589e6f4132910a5
I: MonitorObliviousTransfer::next
I: GeneratePublicKey::next
D:  sending message (size 0.000512 MB)
I: MonitorObliviousTransfer::next
I: SendPublicKey::next
I: MonitorObliviousTransfer::next
I: RecvEncryptedMessages::next
I: MonitorObliviousTransfer::next
I: DecryptChosenMessage::next
I: MonitorObliviousTransfer::next
I: ChooserDone::next
I: MonitorObliviousTransfer::next
I: MonitorObliviousTransfer::next
I: InitChooser::next
I: MonitorObliviousTransfer::next
I: RecvConstant::next
D: received message: bec06ad5f34209344d1d7d88a4227ab59d0dab373152334113929d73ab8dde7f73f810a993bd870b22d438330c91a91b99683d86a86377585e2fadce9519b25a71c5ab3e7c9fcd67fd71397434fe96bf9689254ca418ade4ea571ab542722cf20f389669d72e6a2dabc8e5b54851dfa3325d2952219934c2cf5e47f41077845be78786271b113c11f0ca34700dc761c30fed087bb4f241a85787a2c54788a0ecbb3fea9a6fcbae29a714889bd9374abd26fa4b6eea03a2681657bbcd4ad6fae137484ce2079e06d9986ba8665f29f1dcb21879bc78d75b3b97f1dfbd62cfa96f8311b8b7235f03f2200066c021d32d1b7699730572cac06605584fe61a303f2a
I: MonitorObliviousTransfer::next
I: GeneratePublicKey::next
D:  sending message (size 0.000512 MB)
I: MonitorObliviousTransfer::next
I: SendPublicKey::next
I: MonitorObliviousTransfer::next
I: RecvEncryptedMessages::next
I: MonitorObliviousTransfer::next
I: DecryptChosenMessage::next
I: MonitorObliviousTransfer::next
I: ChooserDone::next
I: MonitorObliviousTransfer::next
I: MonitorObliviousTransfer::next
I: InitChooser::next
I: MonitorObliviousTransfer::next
I: RecvConstant::next
D: received message: 15b70e2065785afa8c158da1f2f115b098daaa59c24dcccaa2bbae9696c504afdf10f8d07e6740ca47e0bab7917b25719f05f6b1290f958c484415ac875ee510fc1c29727a129b944081db7e497843e1cbaa426089ed2bc0ed1be38508114e9254cf7c23868fce824a3315302fa0e996e510ee6ea60c679b5f706289f8bc84c06723c00f4890a7b501416cd3c841b8c995dca4a422b5f58a3266f9a1b0e02e4eca8f06acb8c71b1846e7ed12d29e1334771dd8c2e4c7171df700c26d20797e5d531e3a199de1e72098428e1a99ae2824c5b8f1219224fe4e6f14f0939d609dde3c705949c0f26fa8a7a01d48c47d3654e8c9fea9576ded1baa7e4695b0a4c2d0
I: MonitorObliviousTransfer::next
I: GeneratePublicKey::next
D:  sending message (size 0.000512 MB)
I: MonitorObliviousTransfer::next
I: SendPublicKey::next
I: MonitorObliviousTransfer::next
I: RecvEncryptedMessages::next
I: MonitorObliviousTransfer::next
I: DecryptChosenMessage::next
I: MonitorObliviousTransfer::next
I: ChooserDone::next
I: MonitorObliviousTransfer::next
I: MonitorObliviousTransfer::next
I: InitChooser::next
I: MonitorObliviousTransfer::next
I: RecvConstant::next
D: received message: 4f7bf7aac42153e42b3c2da5ea9384712c4a0e02d8f5640f9ef9ad369f9605da8b4d6cefd61309f755aa0b54c9a05f8d5dade66f12fef42fafd15b8d54a82cf07b0570b8e96304607efe86db5caedce7fbfb2bf84d9063a9d076bf9e3f2b89f0b99d7258f2570e862b5f01fdf72f2510890fa6dfdd7e31ec92dba589edad28e413f22abdb988546b1db97c5b1929f5e78604b0c41a3d6d5e8d57150800cb9aee7d147c8c392ea18e6bcc835847c1236def9a05ddf3d45be57d640517d6bbcee4e7e5324b5a7b99349335895d17fbdb95133b35b02194e4eca0d2263fbad3ccce3973d367b2154a41d60754684befd3c911e98c0cb3b458282961d5a9d1d6ca6
I: MonitorObliviousTransfer::next
I: GeneratePublicKey::next
D:  sending message (size 0.000512 MB)
I: MonitorObliviousTransfer::next
I: SendPublicKey::next
I: MonitorObliviousTransfer::next
I: RecvEncryptedMessages::next
I: MonitorObliviousTransfer::next
I: DecryptChosenMessage::next
I: MonitorObliviousTransfer::next
I: ChooserDone::next
I: MonitorObliviousTransfer::next
I: MonitorObliviousTransfer::next
I: InitChooser::next
I: MonitorObliviousTransfer::next
I: RecvConstant::next
D: received message: a9a81fb74b5fd824a436038e46b173dd7e31c5829a704d617f8bda3f2e79b7a9bbfa24d24188e6396f16fe6b99e045c72b11ead3f2242d42d1cad33f2ddf8fd646d7a95f8a21f8188c501c00145dbb3a39e7d1923df305ba9833d9531435244767a8b9a1f83804219272f886b41dc8c653ce8defb51c92ba3799885c3795564028558fbc69e10981a8d0368c33e0c13660c10ca764df4503abfb89d923056a8a9a1a7e1b13b7ef32a708ca0009adbae385966b5c50f92669c51e82882bb03f84fe1a70032538dd43af38711a5bb4fb04ca90586c04a29bba37381099b10c08e1be0704ba27308d93cd59a1dcfb886c4db026ea4acf4febe7713590b07c846eec
I: MonitorObliviousTransfer::next
I: GeneratePublicKey::next
D:  sending message (size 0.000512 MB)
I: MonitorObliviousTransfer::next
I: SendPublicKey::next
I: MonitorObliviousTransfer::next
I: RecvEncryptedMessages::next
I: MonitorObliviousTransfer::next
I: DecryptChosenMessage::next
I: MonitorObliviousTransfer::next
I: ChooserDone::next
I: MonitorObliviousTransfer::next
I: MonitorObliviousTransfer::next
I: InitChooser::next
I: MonitorObliviousTransfer::next
I: RecvConstant::next
D: received message: fd6023bf8908a07bb6ed7934dee95295b8e64ced5956d0ee7f6c4f5b4fc6439bd33132579b9ae7de9d0f14c558bc2989bc88acedefb2dac395342bf936bfedacede1aba00e4091d61e8cc8bc4eea63544574a6b3fe95199139414d822578fd043d4890871f1d779661e01da823d0a6d26a2784c56f9a12c9a092f390a328cf4a01b098e0e1d4109b7f90ecec934afdd6cc94ef4867dfbf2b812366bd2a1db249ce8bfb84c11fb4f804fa3ae036c8a8490bda0a86ced8bf140cee6b49b04451481248fa43e0588a4e6af597f009a88e5f3b8babe4666790b3343220d4f179738d09ba45d98f5fad00e06eb27c5cab7487658b130e2906069027ab74cae8702818
I: MonitorObliviousTransfer::next
I: GeneratePublicKey::next
D:  sending message (size 0.000512 MB)
I: MonitorObliviousTransfer::next
I: SendPublicKey::next
I: MonitorObliviousTransfer::next
I: RecvEncryptedMessages::next
I: MonitorObliviousTransfer::next
I: DecryptChosenMessage::next
I: MonitorObliviousTransfer::next
I: ChooserDone::next
I: MonitorObliviousTransfer::next
I: MonitorObliviousTransfer::next
I: InitChooser::next
I: MonitorObliviousTransfer::next
I: RecvConstant::next
D: received message: ea3b4b1ab3ea9bfaa8d8eb5ea21cedeb7510e136716ae1c8d8e7e29ede73cc68c7ac6611201e1636b7d01b6f37e0daa8b8cede55436c00587ccd18f4a124da84d9aa6cfd7f5e62be9973f59b3aeb060aa0cf412555222058984c662bb036dabf1bc788a196dae556b476a8f8a2ce5f38b2d9779b1ca5bb4c6f4e99752cec4406d059a829547dacd237543c8a02d97e2a3663bdd19637d8d75cc7faae0a9c7d6e83cbe916a624d39461f4ee23098c810bc9bc782f86675df0d8557f944394383d94f0e3c176a36e56c294d703992789fb1abcc8af9b080a3ed63d037fb1b7884cd85ded1948dd72b22c3fbf17a207449698eded63c6e20f9635ca111f4f06fb59
I: MonitorObliviousTransfer::next
I: GeneratePublicKey::next
D:  sending message (size 0.000512 MB)
I: MonitorObliviousTransfer::next
I: SendPublicKey::next
I: MonitorObliviousTransfer::next
I: RecvEncryptedMessages::next
I: MonitorObliviousTransfer::next
I: DecryptChosenMessage::next
I: MonitorObliviousTransfer::next
I: ChooserDone::next
I: MonitorObliviousTransfer::next
I: MonitorObliviousTransfer::next
I: InitChooser::next
I: MonitorObliviousTransfer::next
I: RecvConstant::next
D: received message: 3799b4d1811842e66f60376528f467db0ae1a5ea21c52b99a76be83b37216140ecf38873d4dc3c9c235f48f9e9baef0be598a3d01228583a5f9abf1f83d9e89ddd94573851c78dac08ec49d1dff7619326b19a414ae25f9519337247191daddd7249f201cb0ba54a974c2fa2ae737436fab051a1a5008d36026e169185ce26c677d742827d146ebc9ca958ad659a80a2db49a54b3f9a7b4137f96abc163a16976d195e1daa1f5ed2bfa0f06ecee62ef255ee3d5aad0cf1b4ce72c7f5a62ee02ea048cb8ff6ae78d034dce6a21c1a16a130cd0e67bec1774c8ecfe17d1d1ea6daa9b85ccf873a9387c24aa2a5acab1487bc25821700f8bc74e0e428bcb44d7cd8
I: MonitorObliviousTransfer::next
I: GeneratePublicKey::next
D:  sending message (size 0.000512 MB)
I: MonitorObliviousTransfer::next
I: SendPublicKey::next
I: MonitorObliviousTransfer::next
I: RecvEncryptedMessages::next
I: MonitorObliviousTransfer::next
I: DecryptChosenMessage::next
I: MonitorObliviousTransfer::next
I: ChooserDone::next
I: MonitorObliviousTransfer::next
I: MonitorObliviousTransfer::next
I: InitChooser::next
I: MonitorObliviousTransfer::next
I: RecvConstant::next
D: received message: 193745fadb2d2b2bb4d2651212d421617c81c418397dae9a8860aac8c55747098ca8d497e2e20d7245bd3fd118c722cc53f85fa59f8087cecff7db512f285fefee451f064b7a9f099404277191f1484016581f143694ae77b7b298d9fd148ae74919244ea3c2d573c9d286e83cdb87f92306889d0e7eabaa557d4ca063280d570876f0a010fdc4b134029e9eefe5f3d13f05a92376230ac33b9754ecd694895f305fe23ed7c48fe52c72dc63581c334ce2466dc729adce00da470f22d3a028809fa912dccd0c16c8adf75d671abdf2dedb4fb24dad0dc4e58049862adb299352d1851848b717368672e2e662f72116eeca1c69099090be339df2eb547e82f9f7
I: MonitorObliviousTransfer::next
I: GeneratePublicKey::next
D:  sending message (size 0.000511 MB)
I: MonitorObliviousTransfer::next
I: SendPublicKey::next
I: MonitorObliviousTransfer::next
I: RecvEncryptedMessages::next
I: MonitorObliviousTransfer::next
I: DecryptChosenMessage::next
I: MonitorObliviousTransfer::next
I: ChooserDone::next
I: MonitorObliviousTransfer::next
I: MonitorObliviousTransfer::next
I: InitChooser::next
I: MonitorObliviousTransfer::next
I: RecvConstant::next
D: received message: be2b6487904325870f41917d61eabe9639fc6a686b5cae0b4527d66427bc401fa14b8d7380820e2d6f3bca35d443e8eca02165627012922f31761856006f006d0ef1b51d7e4849052a050afdf15b34a7a99601ae0ef94bf1b53af44222bf5633df848b149f3fb786a1a7acd1dbb8361e42daccd474cb2fcf74d300d66877fd6411e1aab0196b0caccd4cd7dcfcff35ec505b12d901132f29e4e558104ee3d9cc671b446efd9c96b638d0f44c545db36f995db0009954649c736a6f26d0ff4f07012f7fc785d032342be456a7858fc5f434b1a2f06da15fd435bd80fc16b299dbc5c49a52f4b6e7ba6ff932d3c9a23759df91ffb4c69b2a5f8afa24717e6f4217
I: MonitorObliviousTransfer::next
I: GeneratePublicKey::next
D:  sending message (size 0.000512 MB)
I: MonitorObliviousTransfer::next
I: SendPublicKey::next
I: MonitorObliviousTransfer::next
I: RecvEncryptedMessages::next
I: MonitorObliviousTransfer::next
I: DecryptChosenMessage::next
I: MonitorObliviousTransfer::next
I: ChooserDone::next
I: MonitorObliviousTransfer::next
I: MonitorObliviousTransfer::next
I: InitChooser::next
I: MonitorObliviousTransfer::next
I: RecvConstant::next
D: received message: 660adf99499e1d3b164e8a57c6320dcb1054edabd4c1dc34d4c638331f5825c933a705f3c9554f0c72fa8774bb8141599cd839069ecce2100cf577eadf79fec0e402bc9c16def543cdb7a57051b23b50b1a0f44e5c079cfb7dff95b645c005a560d229df960dc8b19651fafada58ce9aca9e470fe05fd03925c7bff067af594f6bb05abc86d637f94ec626eb047889c5b447734461f136d91d8047759aa5bd044f90c9444d127858c584f00494311391e3949a476100131ad796287de55fe9b374d3420944a03df8dbc95edf69fcaaad26c155954e47cc124bab92bafb0638f2569543f5c7b1785bae4eec04108835de1bd8f21cb3958a09d19fa9b8e2a10af9
I: MonitorObliviousTransfer::next
I: GeneratePublicKey::next
D:  sending message (size 0.000512 MB)
I: MonitorObliviousTransfer::next
I: SendPublicKey::next
I: MonitorObliviousTransfer::next
I: RecvEncryptedMessages::next
I: MonitorObliviousTransfer::next
I: DecryptChosenMessage::next
I: MonitorObliviousTransfer::next
I: ChooserDone::next
I: MonitorObliviousTransfer::next
I: MonitorObliviousTransfer::next
I: InitChooser::next
I: MonitorObliviousTransfer::next
I: RecvConstant::next
D: received message: 3253163a31a3a1ba4fdfe25542fbdd169fb3f8d902f2233a2d0874cca4f7289cdfff0e8f1c18730df3b2f4634775888d653c7d45fe26696990978817d7777cb2562faab065a41c796cbb912832c838f7477c398608a5ad728c6b6864143c4c8aedf67ca92b8d1cd1e189bd0db9a8f2eac6ddddf5408c705b0793a058c2a445b068053a2c7727fe340384e19100cdbadb242845910a67e9600d72eef90232ed3058a8d2aa30ce0ff2fcb0b17cb027e299dd13eaf613f3f66e4a06b88f1785bb67f3fb2cb91b1780f59ebbf9aa4c988051d5a976cca343a9f41fefd455f642f06ac8cd2cc40b8bdd035c959abfc477422610dec8ee20c96eb38ea7cc6c830d67f6
I: MonitorObliviousTransfer::next
I: GeneratePublicKey::next
D:  sending message (size 0.000512 MB)
I: MonitorObliviousTransfer::next
I: SendPublicKey::next
I: MonitorObliviousTransfer::next
I: RecvEncryptedMessages::next
I: MonitorObliviousTransfer::next
I: DecryptChosenMessage::next
I: MonitorObliviousTransfer::next
I: ChooserDone::next
I: MonitorObliviousTransfer::next
I: MonitorObliviousTransfer::next
I: InitChooser::next
I: MonitorObliviousTransfer::next
I: RecvConstant::next
D: received message: b92498f01bbd651de311acbdf185432bc4bf4b4aa6aeb428fcde43efc7779552724dd1c2ced5bd424e28a71612797fc1aa3d03c297e7515a7552d2ebc1c1bdeed9cc263c7485de1cf528a61dff15ce7e15046c66c5e78e339fd865eb8f42277edc40637c0254c70c48ea1a3c7f3fc8b6abddb7d7cf1e74ef3c437add81f93682de28771e547ef72067911c73353c29b5a378ff88d6e6f33038269e135ace94ca0a4107848c71f5922f9eab34dd2b23b9c41e96497392c1a93530de675105b62ae5a89417dc235feb7bfe1460e977027582083f092679848d71a7b0c6e060080590eaa9f76ae26a7c15d6a8ced4e3a2c9710f633bd320762a9a9adc73c7702a8b
I: MonitorObliviousTransfer::next
I: GeneratePublicKey::next
D:  sending message (size 0.000512 MB)
I: MonitorObliviousTransfer::next
I: SendPublicKey::next
I: MonitorObliviousTransfer::next
I: RecvEncryptedMessages::next
I: MonitorObliviousTransfer::next
I: DecryptChosenMessage::next
I: MonitorObliviousTransfer::next
I: ChooserDone::next
I: MonitorObliviousTransfer::next
I: MonitorObliviousTransfer::next
I: InitChooser::next
I: MonitorObliviousTransfer::next
I: RecvConstant::next
D: received message: f90272f1fafee0a770248eb2010cf58b8521ef1c7aff258dc4f314ac1238dba9e85295560171a5d4971e0a46907787278cee8fa67fa11dfe178f885c0731f4e8b3bcfdd8b2f5e36b830e576f4634bec1addc04ef091a02bd77fb7599e2b7bbdd0041622536c7ad221b4f8d289f63c58c8c9d0aa81527761a2e424cedd1dcb5605eec4ba56aed858801cd02b062b36fbf6cc2b54c76ccd2e78f928e1c6d839a410e6b3232c7cb9c06ffeb543405796baae54a439ab3288b5c8e61f1f1dd5b4a810b0b5966553485b2019265c5f0473f670353c235bb08c4a919b09fdf7d3efff35678e3fab391ba44fe5fafe0a2d740e34d7642865eee02f70ea37e408a6bf9b8
I: MonitorObliviousTransfer::next
I: GeneratePublicKey::next
D:  sending message (size 0.000512 MB)
I: MonitorObliviousTransfer::next
I: SendPublicKey::next
I: MonitorObliviousTransfer::next
I: RecvEncryptedMessages::next
I: MonitorObliviousTransfer::next
I: DecryptChosenMessage::next
I: MonitorObliviousTransfer::next
I: ChooserDone::next
I: MonitorObliviousTransfer::next
I: MonitorObliviousTransfer::next
I: InitChooser::next
I: MonitorObliviousTransfer::next
I: RecvConstant::next
D: received message: d39d4ccef6f68107ff3115d21b40d488a6d0fc2478c5b8d4bcd7443b83abcfb40f56f4a29b46f965a588bb995f0a5f5a0d4aeb605f260c48f035e4e5206f4bdfc7a32dd6b21ddaa869fd38840869e264c647cc8e2529b9c31e44487fe21f93a5a48bb6e78716ebb092fa13f52fe832d242053b15974febb57815bfd564f7a2bb04c3be143a2d68fd60a3db1cac69f1ed6a2a519a1956026b1f35920f89fc8f337292e9cfbcd61212f598dc2f61a8146b62f68297f7e016a0c3f4540ea6c9983927751b23ce9a908c370727d22ef7fab62badb0a6ca7a1d217421c71c907b9c0353aadc57669927d00c8c61e05d48f65d7902bc628ccc84d75c2bdc8779f7c626
I: MonitorObliviousTransfer::next
I: GeneratePublicKey::next
D:  sending message (size 0.000512 MB)
I: MonitorObliviousTransfer::next
I: SendPublicKey::next
I: MonitorObliviousTransfer::next
I: RecvEncryptedMessages::next
I: MonitorObliviousTransfer::next
I: DecryptChosenMessage::next
I: MonitorObliviousTransfer::next
I: ChooserDone::next
I: MonitorObliviousTransfer::next
I: MonitorObliviousTransfer::next
I: InitChooser::next
I: MonitorObliviousTransfer::next
I: RecvConstant::next
D: received message: e04a8597c7db117380438e703629ff59e6bf0d0435f270d7ba2c2d47c16480bb4e3533e9901446270d5c7ec3ee3aab89d26a1ecd95669abc738f481276eec169cd37ca9728f2507317bf400fbe1e0f73dbe84aa2ad58cdef867e91f19fd8ba5750f809a553b86fb60f7d06d5092bf1a847a239b071500679add8a48baf2d0910e4e11e990c7922f1a9fdc71eca63db0cc5c0c6a0ea71a94eb25f59ca135efa9d9ed6f48c6bb1e9c93d113b6c68b7d7d185187f33b784469cdfd27656c21732c4c8e74081fa1ad0b3c547b9c4df968376157ca8902946b2c747cef19359bd0467091b35ce1cb390ae51e207811c02be8c59b52d3a21ba8a38a15b2feed0eeb4fe
I: MonitorObliviousTransfer::next
I: GeneratePublicKey::next
D:  sending message (size 0.000512 MB)
I: MonitorObliviousTransfer::next
I: SendPublicKey::next
I: MonitorObliviousTransfer::next
I: RecvEncryptedMessages::next
I: MonitorObliviousTransfer::next
I: DecryptChosenMessage::next
I: MonitorObliviousTransfer::next
I: ChooserDone::next
I: MonitorObliviousTransfer::next
I: MonitorObliviousTransfer::next
I: InitChooser::next
I: MonitorObliviousTransfer::next
I: RecvConstant::next
D: received message: f9ddbc5fef55bf48be12ec899c9a7eaeed13823323707a485b1f0601adec4063bb2d67339c4606f0f7b9e4c4bcae0792f215f6720b9fbadabf8a7b0571221a70b40169f3c4259ff9aac843addfc48b261a4ab82474f95c99619c1d4f744f8bb6eda718acfd691ebd287f1a19699f1626a3b2146b8bb9cd88a86b8f5042264217a7c3d0911c8e8f316580858044e777a060a97808585511059b2be143a6cb0e0120e738bb7c5eadf87e369d981ecc6ee95a6901286ea09ccdf12f1fce44391f06f240f467c9edec96f17474f3d485a37719eb3c5963cb3b4efb12030a9a09cfb47d8efc83cae8439ed983ee675621071b49372921910937f6b4e93750855c5fe0
I: MonitorObliviousTransfer::next
I: GeneratePublicKey::next
D:  sending message (size 0.000511 MB)
I: MonitorObliviousTransfer::next
I: SendPublicKey::next
I: MonitorObliviousTransfer::next
I: RecvEncryptedMessages::next
I: MonitorObliviousTransfer::next
I: DecryptChosenMessage::next
I: MonitorObliviousTransfer::next
I: ChooserDone::next
I: MonitorObliviousTransfer::next
I: MonitorObliviousTransfer::next
I: InitChooser::next
I: MonitorObliviousTransfer::next
I: RecvConstant::next
D: received message: 5d28eb5de71ed13d93b5297883f3924a9c424a9f80c3f41ef782a25f26a1625596164bbbef408a228011e66de9e8d3675edc09f698e7d92339561d0563adfc8e192e0564507933d514064e921724e24ec29bfd1ed9e2a0714f439053b433621304327b725cb3a35a81ca1b5e98f1a6accf704badbda243700fa38f58face7f3ba52cb2bc08f5371300fb282ec6d29a5f67d6a8ad431a26e74c977f0311bf7610b7469c3ed23f0898ff4ea8debcb8031f8bca2678e22329a7a9812c6c499d544f38d217ceb06b9a99b6af278357b15130bb5e8b2e0f570231d24a6fabbe682862f0ef59a98130b96bc65ad1ed40f5645987bb5ac7c521faca9bb6df97771da094
I: MonitorObliviousTransfer::next
I: GeneratePublicKey::next
D:  sending message (size 0.000512 MB)
I: MonitorObliviousTransfer::next
I: SendPublicKey::next
I: MonitorObliviousTransfer::next
I: RecvEncryptedMessages::next
I: MonitorObliviousTransfer::next
I: DecryptChosenMessage::next
I: MonitorObliviousTransfer::next
I: ChooserDone::next
I: MonitorObliviousTransfer::next
I: MonitorObliviousTransfer::next
I: InitChooser::next
I: MonitorObliviousTransfer::next
I: RecvConstant::next
D: received message: 5eed448467ebd349eae25732e31b03a5a1dec0b6c79b0465394a9d5b68a4c10a8245f1107ecae7e5ba1434e0fd0b078d2e1c4f5d10fd4a5b937042c512e5145b37a843d41ae3ae09bc4ce24a9052e6e0a887079aeb32c70cb0a641ae490680d9d33de63f792bae83dab450c156d2483c5c5e33a24d2ac737eaeaa760a0711b18425441f718fdc0ac776d2f0e0049236325742473a5c284d729700e7c11d1b263c537a832ae0ff838370093d78040546e1fc1e952a034e2790ef731f76f44ce4b9e728fa325e7981a29c356e950890b93e7bfeba5e7155d039d86c9e7a7ae9d7982e98a45950dd6b98d9d57c089b8c1eff4f20ba7effcab25910b2403ce5495e4
I: MonitorObliviousTransfer::next
I: GeneratePublicKey::next
D:  sending message (size 0.000512 MB)
I: MonitorObliviousTransfer::next
I: SendPublicKey::next
I: MonitorObliviousTransfer::next
I: RecvEncryptedMessages::next
I: MonitorObliviousTransfer::next
I: DecryptChosenMessage::next
I: MonitorObliviousTransfer::next
I: ChooserDone::next
I: MonitorObliviousTransfer::next
I: MonitorObliviousTransfer::next
I: EvaluateCircuit::next
D:  sending message (size 0.000001 MB)
I: SendFlagBit::next
I: ==== round duration: 7096.528320 ms ====
I: MonitorCopyMonitorStateLabels::next
I: RecvGarbledGates::next
I: RecvSystemInputLabels::next
I: RecvFlagBitLabels::next
I: EvaluateCircuit::next
D:  sending message (size 0.000001 MB)
I: SendFlagBit::next
I: ==== round duration: 6774.724609 ms ====
I: MonitorCopyMonitorStateLabels::next
I: RecvGarbledGates::next
I: RecvSystemInputLabels::next
I: RecvFlagBitLabels::next
I: EvaluateCircuit::next
D:  sending message (size 0.000001 MB)
I: SendFlagBit::next
I: ==== round duration: 6826.024414 ms ====
I: FaultObserved::next
I: MonitorDone::next
