I: parsing spec file timekeeper.v...
skipping synthesis, BLIF file already exists.
I: parsing BLIF file synth.blif...
D: inputs and outputs parsed.
D: circuit initialized.
D: connections (#4034) parsed.
D: gates (#42010) parsed.
D: outputs: 45728 45731 45734 45737 45740 45743 45746 45749 45752 45755 45758 45761 45764 45767 45770 45773 45776 45779 45782 45785 45788 45791 45794 45797 45800 45803 45806 45809 45812 45815 45818 45822 45825 45828 45831 45834 45837 45840 45843 45846 45849 45852 45855 45858 45861 45864 45867 45870 45873 45876 45879 45882 45885 45888 45891 45894 45897 45900 45903 45906 45909 45912 45915 45918 45726 
D: circuit size: 45919
D: adding identity gates for outputs...
D: outputs after identity: 45984 45985 45986 45987 45988 45989 45990 45991 45992 45993 45994 45995 45996 45997 45998 45999 46000 46001 46002 46003 46004 46005 46006 46007 46008 46009 46010 46011 46012 46013 46014 46015 46016 46017 46018 46019 46020 46021 46022 46023 46024 46025 46026 46027 46028 46029 46030 46031 46032 46033 46034 46035 46036 46037 46038 46039 46040 46041 46042 46043 46044 46045 46046 46047 46048 
D: circuit size after identity: 46049
I: initializing safe primes...
I: using prime modulus 179769313486231590770839156793787453197860296048756011706444423684197180216158519368947833795864925541502180565485980503646440548199239100050792877003355816639229553136239076508735759914822574862575007425302077447712589550957937778424442426617334727629299387668709205606050270810842907692932019128194467627007
D:  sending message (size 0.000005 MB)
I: InitMonitor::next
D:  sending message (size 0.726673 MB)
I: SendCircuit::next
I: RecvGarbledGates::next
I: RecvSystemInputLabels::next
I: RecvFlagBitLabels::next
I: MonitorObliviousTransfer::next
I: InitChooser::next
I: MonitorObliviousTransfer::next
I: RecvConstant::next
D: received message: 136991bee46d6bc5220555fae3de77f794e71ce74d96c06b5cae3bb773be527900e3b324ad310daa22a0873d6a182359f983e99c35e49ebd23c3497229028ff7074c6736be7d538b6ff20c98d3698656bfadeeb6f09eaa75f5cebf97b6756e8406a321d7752ec6c7767810b72cd4c3264b8214d4eef6746f57d77db7ce89dcf5
I: MonitorObliviousTransfer::next
I: GeneratePublicKey::next
D:  sending message (size 0.000256 MB)
I: MonitorObliviousTransfer::next
I: SendPublicKey::next
I: MonitorObliviousTransfer::next
I: RecvEncryptedMessages::next
I: MonitorObliviousTransfer::next
I: DecryptChosenMessage::next
I: MonitorObliviousTransfer::next
I: ChooserDone::next
I: MonitorObliviousTransfer::next
I: MonitorObliviousTransfer::next
I: InitChooser::next
I: MonitorObliviousTransfer::next
I: RecvConstant::next
D: received message: 5a3d4f4485ab6db70be361775fdede09d1a587a5e16fc3264457559f15392762f047233f9916255f3d33e5c2cf4474977d17d9b81df7f4e0873245364bca5b4a4b2f8bb18c128fe982024b31540b082a17af88ad55a6a4212e526686d4461754aabdb5416a70830410f991fdb2e3abd14cd995cb9d5ca2c062816c4dfc6a03e6
I: MonitorObliviousTransfer::next
I: GeneratePublicKey::next
D:  sending message (size 0.000256 MB)
I: MonitorObliviousTransfer::next
I: SendPublicKey::next
I: MonitorObliviousTransfer::next
I: RecvEncryptedMessages::next
I: MonitorObliviousTransfer::next
I: DecryptChosenMessage::next
I: MonitorObliviousTransfer::next
I: ChooserDone::next
I: MonitorObliviousTransfer::next
I: MonitorObliviousTransfer::next
I: InitChooser::next
I: MonitorObliviousTransfer::next
I: RecvConstant::next
D: received message: e767581c5ee82074be7fd1ebe19854606c6ad9ecba7b9aeb47261adf556b9fafc5ebfee57379c3346c00588b402eab2d4edfd6f194b061730305ed4292fa582ff87310896356919f4a010140323f777eada60035b7fb3bb576f91ab15bfa755ff8463d5cdb4e3340c02e9f5bd57431b91b2e716dffee7d72c8099a219f6a911a
I: MonitorObliviousTransfer::next
I: GeneratePublicKey::next
D:  sending message (size 0.000256 MB)
I: MonitorObliviousTransfer::next
I: SendPublicKey::next
I: MonitorObliviousTransfer::next
I: RecvEncryptedMessages::next
I: MonitorObliviousTransfer::next
I: DecryptChosenMessage::next
I: MonitorObliviousTransfer::next
I: ChooserDone::next
I: MonitorObliviousTransfer::next
I: MonitorObliviousTransfer::next
I: InitChooser::next
I: MonitorObliviousTransfer::next
I: RecvConstant::next
D: received message: bba1f962df026f04f88dd51c3a9c7b2281d774d70e70be1c475f8af6d00677591658f49cacb0505531bf1633070d7b56989e3e3e50d52102ac9d74041532b11c4db155d026c541c6d1484a6309b50fde1a494ee397cbdbb5aa7f6cbbe49535af92ec6d40d91ddc0a3ec02f00d1d7ec7a51d0a61d878edf03dcc93253a3e77bdb
I: MonitorObliviousTransfer::next
I: GeneratePublicKey::next
D:  sending message (size 0.000256 MB)
I: MonitorObliviousTransfer::next
I: SendPublicKey::next
I: MonitorObliviousTransfer::next
I: RecvEncryptedMessages::next
I: MonitorObliviousTransfer::next
I: DecryptChosenMessage::next
I: MonitorObliviousTransfer::next
I: ChooserDone::next
I: MonitorObliviousTransfer::next
I: MonitorObliviousTransfer::next
I: InitChooser::next
I: MonitorObliviousTransfer::next
I: RecvConstant::next
D: received message: 238ef2785c361263ae4883129bb38f647d4ff2db0265a74b05d1532ec7ab51bb9d50e5a34c63f295cf7b7ad376db56fe4409777b9714f504f55a6f4ce135fbe40383278ead4636d06c4ac1a932e0f60c86c9d4f63a5675776cf5740b15323a4f3f81f9b59d682f1d0efd68dd4638e3b2eae3e1141a3105d489a17b6e89d46147
I: MonitorObliviousTransfer::next
I: GeneratePublicKey::next
D:  sending message (size 0.000256 MB)
I: MonitorObliviousTransfer::next
I: SendPublicKey::next
I: MonitorObliviousTransfer::next
I: RecvEncryptedMessages::next
I: MonitorObliviousTransfer::next
I: DecryptChosenMessage::next
I: MonitorObliviousTransfer::next
I: ChooserDone::next
I: MonitorObliviousTransfer::next
I: MonitorObliviousTransfer::next
I: InitChooser::next
I: MonitorObliviousTransfer::next
I: RecvConstant::next
D: received message: e8918fdfad3c45d4de2927edcee6162a62eaa2620a2b0e57bb5fce34c4de53f4c69632e86c9e3aadb05067e74fbb27098f7cfcc8077d48074c20ac424bf52c19d6e89363ecb973803c3f18b17d3813dc573bf20981ba61ae04bc7e55441c8333c9f8cecadac6fe7218c6d2925de7668273c38be991459da8dd11f9f3c1ed4575
I: MonitorObliviousTransfer::next
I: GeneratePublicKey::next
D:  sending message (size 0.000256 MB)
I: MonitorObliviousTransfer::next
I: SendPublicKey::next
I: MonitorObliviousTransfer::next
I: RecvEncryptedMessages::next
I: MonitorObliviousTransfer::next
I: DecryptChosenMessage::next
I: MonitorObliviousTransfer::next
I: ChooserDone::next
I: MonitorObliviousTransfer::next
I: MonitorObliviousTransfer::next
I: InitChooser::next
I: MonitorObliviousTransfer::next
I: RecvConstant::next
D: received message: efd2e486e362afe3059edbbc4d920db7409b4d0f0984c20800e99d79fa5363c1e2a8db40fa14e32a1e6d3884735c1ac272b086a28cb81c156ee598fc047665a993d2e4cb8b1725076fd60a03e693e37b99cb5da9b9a8503ff9852bf53218de392c2e3fc0a33707baf610842191f634c47f8747cc2f2ed8131f04fe0c416640fa
I: MonitorObliviousTransfer::next
I: GeneratePublicKey::next
D:  sending message (size 0.000256 MB)
I: MonitorObliviousTransfer::next
I: SendPublicKey::next
I: MonitorObliviousTransfer::next
I: RecvEncryptedMessages::next
I: MonitorObliviousTransfer::next
I: DecryptChosenMessage::next
I: MonitorObliviousTransfer::next
I: ChooserDone::next
I: MonitorObliviousTransfer::next
I: MonitorObliviousTransfer::next
I: InitChooser::next
I: MonitorObliviousTransfer::next
I: RecvConstant::next
D: received message: 50df9a067a4d96f32b8bb1d076db9cad4dba9243db352fa4596811ab3c71a506431023b05d4ebba6fef0961ee9d91e71cdc3cdcfcad96f45470b418cc6ce90c6e1494f3c917ab960c520c3207e63f07faacbbecc3d4663533f54845850fc826ec1c63f1a66b51121acca9b1def1f093b6c5203c7d62ae4119c253ea3e40f1ce5
I: MonitorObliviousTransfer::next
I: GeneratePublicKey::next
D:  sending message (size 0.000256 MB)
I: MonitorObliviousTransfer::next
I: SendPublicKey::next
I: MonitorObliviousTransfer::next
I: RecvEncryptedMessages::next
I: MonitorObliviousTransfer::next
I: DecryptChosenMessage::next
I: MonitorObliviousTransfer::next
I: ChooserDone::next
I: MonitorObliviousTransfer::next
I: MonitorObliviousTransfer::next
I: InitChooser::next
I: MonitorObliviousTransfer::next
I: RecvConstant::next
D: received message: d6cc03dcc6f46f81bfcc87d86437f3ecf96840405ca6a5d1b229c7cca28da6283b4d60537168cc76396f4999cff53d96b37dc34ee3c4b498be2d3ffcb65d41dce9bbccd5894dfb64909dd3011d32661b3506257ee757f4483d0dd030612aaa69a334f7cbe206fc8d1184db0ab41c83bc064d22f22c9259621ea09c75f9f609f3
I: MonitorObliviousTransfer::next
I: GeneratePublicKey::next
D:  sending message (size 0.000255 MB)
I: MonitorObliviousTransfer::next
I: SendPublicKey::next
I: MonitorObliviousTransfer::next
I: RecvEncryptedMessages::next
I: MonitorObliviousTransfer::next
I: DecryptChosenMessage::next
I: MonitorObliviousTransfer::next
I: ChooserDone::next
I: MonitorObliviousTransfer::next
I: MonitorObliviousTransfer::next
I: InitChooser::next
I: MonitorObliviousTransfer::next
I: RecvConstant::next
D: received message: 7eb1371af31bd64132e73b93634c85bb6bb9d3bc37a5c0a32a00f9cb304f4cdbc26896800d72a17fa49e8d6514a3f425406323e86040e2f5ce89d4e9888370b8a3c89543f2f9d45100eaddb9ff0764d4cd34448a205d79ce6bc63d98123be044e945ed4efc2bcdd82456a8becda917fc39116b58d5f2188d76a5560c28c0017e
I: MonitorObliviousTransfer::next
I: GeneratePublicKey::next
D:  sending message (size 0.000256 MB)
I: MonitorObliviousTransfer::next
I: SendPublicKey::next
I: MonitorObliviousTransfer::next
I: RecvEncryptedMessages::next
I: MonitorObliviousTransfer::next
I: DecryptChosenMessage::next
I: MonitorObliviousTransfer::next
I: ChooserDone::next
I: MonitorObliviousTransfer::next
I: MonitorObliviousTransfer::next
I: InitChooser::next
I: MonitorObliviousTransfer::next
I: RecvConstant::next
D: received message: 98a04a3832824c18a090796ee7cbdefe5b26a4cd473e2989cd78774cebcee9556d41773ac166831f297cf5679bc86cb1bf7a98f94862830eb856a965a75d0f65027f70e19a9ac44e6923cef7d7e22134ac427bca103a83e4f4de191631c8b9e05ebfe1f04c65b7de5b0b4b043001ad03314265059dc8a3417149ec1d5f8d896f
I: MonitorObliviousTransfer::next
I: GeneratePublicKey::next
D:  sending message (size 0.000256 MB)
I: MonitorObliviousTransfer::next
I: SendPublicKey::next
I: MonitorObliviousTransfer::next
I: RecvEncryptedMessages::next
I: MonitorObliviousTransfer::next
I: DecryptChosenMessage::next
I: MonitorObliviousTransfer::next
I: ChooserDone::next
I: MonitorObliviousTransfer::next
I: MonitorObliviousTransfer::next
I: InitChooser::next
I: MonitorObliviousTransfer::next
I: RecvConstant::next
D: received message: 9bdb4cb6b90f9d00cb7a7ff2263d6747c71db084caefcb90ad2d31c84f838ded2ab551018c33df7e45afe4fda6aa87612e4bac06d22741122e1796bf2360fc9db0553f960d635b5b678fba334a8050efa6009023a70e0ccc07caf2e7f6a71b293871433ad00de5f81b7dc41dee835c1f1b03cd736da1f285f329957a7726a168
I: MonitorObliviousTransfer::next
I: GeneratePublicKey::next
D:  sending message (size 0.000256 MB)
I: MonitorObliviousTransfer::next
I: SendPublicKey::next
I: MonitorObliviousTransfer::next
I: RecvEncryptedMessages::next
I: MonitorObliviousTransfer::next
I: DecryptChosenMessage::next
I: MonitorObliviousTransfer::next
I: ChooserDone::next
I: MonitorObliviousTransfer::next
I: MonitorObliviousTransfer::next
I: InitChooser::next
I: MonitorObliviousTransfer::next
I: RecvConstant::next
D: received message: 90904c9ca88cbfa862a290f3be6f75598aa958c4e91b5ad354355b5eb6943a1975b3f9b4ccce93043b135149650085d2edc494a1658507888ddd7c0d40581611bb85139ec680d82a67b99c6cb85b0d5ea0890b6a91048f276ef203640514dd75e20184f6c46194e6b2b9289999eceb48d770140e54be40cead100353a7860579
I: MonitorObliviousTransfer::next
I: GeneratePublicKey::next
D:  sending message (size 0.000256 MB)
I: MonitorObliviousTransfer::next
I: SendPublicKey::next
I: MonitorObliviousTransfer::next
I: RecvEncryptedMessages::next
I: MonitorObliviousTransfer::next
I: DecryptChosenMessage::next
I: MonitorObliviousTransfer::next
I: ChooserDone::next
I: MonitorObliviousTransfer::next
I: MonitorObliviousTransfer::next
I: InitChooser::next
I: MonitorObliviousTransfer::next
I: RecvConstant::next
D: received message: d58e44cd73dbcabe84fc6b482cb9202ff7e3e9bdc4b99ee30c553f30031918c648fb66998bd56ea776990c1bdc18fee4e3c76951956e8afd4bf66c12c3354c87e9b6bcec2f9282449f9c892f77f378cffbb2383545bcb07d4f84f8cf192aba399aa98cf843f5a5da10432afb8f7a30bdd0207dc3382c3b38d567a76170818b6f
I: MonitorObliviousTransfer::next
I: GeneratePublicKey::next
D:  sending message (size 0.000256 MB)
I: MonitorObliviousTransfer::next
I: SendPublicKey::next
I: MonitorObliviousTransfer::next
I: RecvEncryptedMessages::next
I: MonitorObliviousTransfer::next
I: DecryptChosenMessage::next
I: MonitorObliviousTransfer::next
I: ChooserDone::next
I: MonitorObliviousTransfer::next
I: MonitorObliviousTransfer::next
I: InitChooser::next
I: MonitorObliviousTransfer::next
I: RecvConstant::next
D: received message: 8a0f09375a92f0a0ede843e2845529629348f677231898425ffb0e57107c14c060c79ec0423fafae53442270e3e597305c63d9da461de28e2d41d789d7ede98078755724152370bd1269eb3c0249b8d5bcb2a60e3df235afb184da2f3be4b6983328f616b814b09a58c4ed32ef1425be808633818dd4280248b82285e24dee0a
I: MonitorObliviousTransfer::next
I: GeneratePublicKey::next
D:  sending message (size 0.000256 MB)
I: MonitorObliviousTransfer::next
I: SendPublicKey::next
I: MonitorObliviousTransfer::next
I: RecvEncryptedMessages::next
I: MonitorObliviousTransfer::next
I: DecryptChosenMessage::next
I: MonitorObliviousTransfer::next
I: ChooserDone::next
I: MonitorObliviousTransfer::next
I: MonitorObliviousTransfer::next
I: InitChooser::next
I: MonitorObliviousTransfer::next
I: RecvConstant::next
D: received message: dcce65d56b266f5da051f7c709d69749f13729083116bdd48d0d4ffb2dd8b0f77aa68e7f7601d185e2c3d5152a3853756c497e691f8b594702b0c4f336eb943fdab9c79eef419cb445e7829367742ba890c778b6acc19a16c4b5f28949a0d39fdf746cf9fd2699983cb278b9cd6320352a636e671bebb37dc4b5fe9bf9d290cf
I: MonitorObliviousTransfer::next
I: GeneratePublicKey::next
D:  sending message (size 0.000256 MB)
I: MonitorObliviousTransfer::next
I: SendPublicKey::next
I: MonitorObliviousTransfer::next
I: RecvEncryptedMessages::next
I: MonitorObliviousTransfer::next
I: DecryptChosenMessage::next
I: MonitorObliviousTransfer::next
I: ChooserDone::next
I: MonitorObliviousTransfer::next
I: MonitorObliviousTransfer::next
I: InitChooser::next
I: MonitorObliviousTransfer::next
I: RecvConstant::next
D: received message: 3909cb46ba75278a0456d815377e3d45327182e85a90bbe61eb96ab1865e0b26eea18ad9604fe0360f5522cc028def56bddd5500606082da3efb312262a855082e0324ac543cf5563a6605a291bc9d3c300eaae6ae39c71235797aa69ef7bab89043827f3055a0c8094c6975a325426a62d4f288257f8d382396ac1e20fe633c
I: MonitorObliviousTransfer::next
I: GeneratePublicKey::next
D:  sending message (size 0.000256 MB)
I: MonitorObliviousTransfer::next
I: SendPublicKey::next
I: MonitorObliviousTransfer::next
I: RecvEncryptedMessages::next
I: MonitorObliviousTransfer::next
I: DecryptChosenMessage::next
I: MonitorObliviousTransfer::next
I: ChooserDone::next
I: MonitorObliviousTransfer::next
I: MonitorObliviousTransfer::next
I: InitChooser::next
I: MonitorObliviousTransfer::next
I: RecvConstant::next
D: received message: 22ef717549958ae8f4c180be679bb98a4d39c245d6cb5f481dc7f3b560f02b9ef01c3856f319fe6ffe247a5d81cad33624e4946fa02d3225b230ce45a326a2bcb19ab16beb13d790bb3385979f592baf6f51f296a9e883be931446261ede8fb80908f95fe2b4a3b18dc5803877bae6d278d06da7d83bdaa8b4923ead7a0c1ae3
I: MonitorObliviousTransfer::next
I: GeneratePublicKey::next
D:  sending message (size 0.000256 MB)
I: MonitorObliviousTransfer::next
I: SendPublicKey::next
I: MonitorObliviousTransfer::next
I: RecvEncryptedMessages::next
I: MonitorObliviousTransfer::next
I: DecryptChosenMessage::next
I: MonitorObliviousTransfer::next
I: ChooserDone::next
I: MonitorObliviousTransfer::next
I: MonitorObliviousTransfer::next
I: InitChooser::next
I: MonitorObliviousTransfer::next
I: RecvConstant::next
D: received message: dbeedfdcc6bc6e0ebfe3ff4a16804f67b36adf3cd4e2f3d5e05607e7e113c26132d9b10dd7cb13f0a2c726254898a0cd70b2f5a40cacdc1a4de01220b6e1be4310512b1f1cda138ae5bcbcc5af9e5be07bb2fdcbc8992d12ae767d91e74306d66bc8f09dfb707dafdbaddbf820b31a781c1b668e261a28d24c78d29805135269
I: MonitorObliviousTransfer::next
I: GeneratePublicKey::next
D:  sending message (size 0.000256 MB)
I: MonitorObliviousTransfer::next
I: SendPublicKey::next
I: MonitorObliviousTransfer::next
I: RecvEncryptedMessages::next
I: MonitorObliviousTransfer::next
I: DecryptChosenMessage::next
I: MonitorObliviousTransfer::next
I: ChooserDone::next
I: MonitorObliviousTransfer::next
I: MonitorObliviousTransfer::next
I: InitChooser::next
I: MonitorObliviousTransfer::next
I: RecvConstant::next
D: received message: 70fa513c8b5717f038a93fae594233261c56d8b9fcc2dae46651a4be3242f7a3f63f0f5f28f40ac608b54ba90d4de6b785dd1a70719705c1d73deff252da76ca8b5455e946fd3fdf6d2200f7628124343bae8e4e5a15fa075fca2a15c79833001f7d4cd4ee0b6df47eface0eadf3af9dab01abda82f6d35549432e2dd0cbceeb
I: MonitorObliviousTransfer::next
I: GeneratePublicKey::next
D:  sending message (size 0.000256 MB)
I: MonitorObliviousTransfer::next
I: SendPublicKey::next
I: MonitorObliviousTransfer::next
I: RecvEncryptedMessages::next
I: MonitorObliviousTransfer::next
I: DecryptChosenMessage::next
I: MonitorObliviousTransfer::next
I: ChooserDone::next
I: MonitorObliviousTransfer::next
I: MonitorObliviousTransfer::next
I: InitChooser::next
I: MonitorObliviousTransfer::next
I: RecvConstant::next
D: received message: e4833d6f5b4bb92a3840e6cbb463f27b4db5ba944dbc322d37fa6e7afb9f0aa8ee8b92c9e189284edc47b0e6103fdcbb53bd91ac2db62b91cb20bedb8a2affa5c9dcf7be0efe30c11a700ebc661293719723bbdf15172d0af7cd9d09c3da41fe1a364ea1563b1437416c7edcd15c837adb21a83a48173f8df195eaef3428f46c
I: MonitorObliviousTransfer::next
I: GeneratePublicKey::next
D:  sending message (size 0.000256 MB)
I: MonitorObliviousTransfer::next
I: SendPublicKey::next
I: MonitorObliviousTransfer::next
I: RecvEncryptedMessages::next
I: MonitorObliviousTransfer::next
I: DecryptChosenMessage::next
I: MonitorObliviousTransfer::next
I: ChooserDone::next
I: MonitorObliviousTransfer::next
I: MonitorObliviousTransfer::next
I: InitChooser::next
I: MonitorObliviousTransfer::next
I: RecvConstant::next
D: received message: 32e32b410ed4feaa900607d85c14e80a6447a3990a5b1a2b13efb8bfffc10c4965fa3ae84826e3279e25a11955e68266bf89c629f918d78fc22febce8551839b30b3ea47c261868f9dcd261853b9c61088093a9b65f1d486cb08e8ed207d5cec759882e51aeb59a626907e3e3031ea00c0e2ee15c8ed3a1d3c89f98234ba8006
I: MonitorObliviousTransfer::next
I: GeneratePublicKey::next
D:  sending message (size 0.000256 MB)
I: MonitorObliviousTransfer::next
I: SendPublicKey::next
I: MonitorObliviousTransfer::next
I: RecvEncryptedMessages::next
I: MonitorObliviousTransfer::next
I: DecryptChosenMessage::next
I: MonitorObliviousTransfer::next
I: ChooserDone::next
I: MonitorObliviousTransfer::next
I: MonitorObliviousTransfer::next
I: InitChooser::next
I: MonitorObliviousTransfer::next
I: RecvConstant::next
D: received message: 344363dde290fbafb9eca48417452d763cbc3373948bd9d70dde8a7a137c4b340b5d4b2fbfbbd6588517b706cab1fd908c4a6cbae111745e72f63b8d8f19ad6e16160716d91af667dace2b64dfa2b8153e034cd7437a83fdfd44f5849d8290a6d27ef0b7cd073b660169e0a835a921b4074a019b9a3d7a6e66ef87189cabdb42
I: MonitorObliviousTransfer::next
I: GeneratePublicKey::next
D:  sending message (size 0.000256 MB)
I: MonitorObliviousTransfer::next
I: SendPublicKey::next
I: MonitorObliviousTransfer::next
I: RecvEncryptedMessages::next
I: MonitorObliviousTransfer::next
I: DecryptChosenMessage::next
I: MonitorObliviousTransfer::next
I: ChooserDone::next
I: MonitorObliviousTransfer::next
I: MonitorObliviousTransfer::next
I: InitChooser::next
I: MonitorObliviousTransfer::next
I: RecvConstant::next
D: received message: db9bbc27d65aa23f1cb4b1b51ea213d351502ce796d46b4ae62ed56253ade810dd924e5abc5ee7be163967854ae458a1b3d3b88eeb7ee2d2bae4e8b5833c070267e2a85be34c6d460c7d82e9ab86ff3b4d1509c8adcd783ad8691a9ed678a2b0d5f1688fce6f53721636e0ee7b80790658ca1c58c1c8de72abd555b40577056d
I: MonitorObliviousTransfer::next
I: GeneratePublicKey::next
D:  sending message (size 0.000256 MB)
I: MonitorObliviousTransfer::next
I: SendPublicKey::next
I: MonitorObliviousTransfer::next
I: RecvEncryptedMessages::next
I: MonitorObliviousTransfer::next
I: DecryptChosenMessage::next
I: MonitorObliviousTransfer::next
I: ChooserDone::next
I: MonitorObliviousTransfer::next
I: MonitorObliviousTransfer::next
I: InitChooser::next
I: MonitorObliviousTransfer::next
I: RecvConstant::next
D: received message: d941e4a6db688f6920d095551f3f9e0129c3849f7bab89f3a6d5e73f8ec442b0735ece1f0764de4f119e96d3a690f2d71e3f94dfcf48c878bb784769063bf3f1495e745ca41511743b90972e7ff6df8d93c5c5b576cb8b8f91cc8ccd8bc1f0cfc36e412bc148b0b837547ec697cc2c22fe53e65247d149864b676704db3f9e15
I: MonitorObliviousTransfer::next
I: GeneratePublicKey::next
D:  sending message (size 0.000256 MB)
I: MonitorObliviousTransfer::next
I: SendPublicKey::next
I: MonitorObliviousTransfer::next
I: RecvEncryptedMessages::next
I: MonitorObliviousTransfer::next
I: DecryptChosenMessage::next
I: MonitorObliviousTransfer::next
I: ChooserDone::next
I: MonitorObliviousTransfer::next
I: MonitorObliviousTransfer::next
I: InitChooser::next
I: MonitorObliviousTransfer::next
I: RecvConstant::next
D: received message: 57090d66fc94cb1a080bf866d13ff0e9e22adf8df063847ce992bd9463cae0e70973161cb0efe555984d144552937daf26b997795718e3345d0b73c0c6236bb4756b67b73cf53f1d403519522bbe00c3646f153425efe403fc64d8016c2582c7b99907064b0b2afa93e235c223f58b6c3a83c5d6650829adfcad67d5fe57f364
I: MonitorObliviousTransfer::next
I: GeneratePublicKey::next
D:  sending message (size 0.000256 MB)
I: MonitorObliviousTransfer::next
I: SendPublicKey::next
I: MonitorObliviousTransfer::next
I: RecvEncryptedMessages::next
I: MonitorObliviousTransfer::next
I: DecryptChosenMessage::next
I: MonitorObliviousTransfer::next
I: ChooserDone::next
I: MonitorObliviousTransfer::next
I: MonitorObliviousTransfer::next
I: InitChooser::next
I: MonitorObliviousTransfer::next
I: RecvConstant::next
D: received message: 6be11f3422540685f959459aff2da061fea3c7dcbc687807d1795980230bf03e7b101236b99b727f49ed914951ebf440954d0e7a0de46529cb05d9dafb9a759a818737992ba54aa19eb95a4dcaea3038f26e016e23cbf82f339121c01cc5c43b7f8e7baafa31d30fba06e47b730a95af050f9a5783c5e0343659d4901e6f5a2f
I: MonitorObliviousTransfer::next
I: GeneratePublicKey::next
D:  sending message (size 0.000256 MB)
I: MonitorObliviousTransfer::next
I: SendPublicKey::next
I: MonitorObliviousTransfer::next
I: RecvEncryptedMessages::next
I: MonitorObliviousTransfer::next
I: DecryptChosenMessage::next
I: MonitorObliviousTransfer::next
I: ChooserDone::next
I: MonitorObliviousTransfer::next
I: MonitorObliviousTransfer::next
I: InitChooser::next
I: MonitorObliviousTransfer::next
I: RecvConstant::next
D: received message: d696cab844c522cf4f80c5e085fdb2e457f6cb609c4ad4f9a0f284826564c2fdc12f2fdf8511039c82cdbef4cc6bc9b5d4c9bdbfc378cb131ebb2aab2ad8aaa008e2414ef6c52572452c3bbe06c7a36bb522030c2c8d001022b71b0143f7c0f8e0dca00794f7192a832cc6c0fdb1fe35de8ef788c53d391fd210ffd16ac886a5
I: MonitorObliviousTransfer::next
I: GeneratePublicKey::next
D:  sending message (size 0.000256 MB)
I: MonitorObliviousTransfer::next
I: SendPublicKey::next
I: MonitorObliviousTransfer::next
I: RecvEncryptedMessages::next
I: MonitorObliviousTransfer::next
I: DecryptChosenMessage::next
I: MonitorObliviousTransfer::next
I: ChooserDone::next
I: MonitorObliviousTransfer::next
I: MonitorObliviousTransfer::next
I: InitChooser::next
I: MonitorObliviousTransfer::next
I: RecvConstant::next
D: received message: 3df6efd3e373c08fb66703ee5d764cb88ca33ae28271b2d41907f3f812d97d71136ac536eda572c4c3ced53fd226721954e74ba2c85d31f49ee6e5dd6043c7c300dc6ae574c0433816fbe415cb4c4ee25e259d8004a786262245b32f6bd82179b5e78cd4b1ca169773d0ea7ca924bf2cc734848d374496de52f1074d9dbf4285
I: MonitorObliviousTransfer::next
I: GeneratePublicKey::next
D:  sending message (size 0.000256 MB)
I: MonitorObliviousTransfer::next
I: SendPublicKey::next
I: MonitorObliviousTransfer::next
I: RecvEncryptedMessages::next
I: MonitorObliviousTransfer::next
I: DecryptChosenMessage::next
I: MonitorObliviousTransfer::next
I: ChooserDone::next
I: MonitorObliviousTransfer::next
I: MonitorObliviousTransfer::next
I: InitChooser::next
I: MonitorObliviousTransfer::next
I: RecvConstant::next
D: received message: 4b8d5f00d9a730bafd68e4a692c3c29453a8ffa8bb00546689a980e9cd6fbc9b95887054468460171565a058ecd8170e9b4e81dcdf984368d2747026875b47ab3a5a7f2360c615a630bc459631aaa617b84f74c90ad4ad6f1fcfd2081c10f2403529cc0599ddbc426bb027b37c7d0020782c7411c195b96ccf1cf2486291377c
I: MonitorObliviousTransfer::next
I: GeneratePublicKey::next
D:  sending message (size 0.000256 MB)
I: MonitorObliviousTransfer::next
I: SendPublicKey::next
I: MonitorObliviousTransfer::next
I: RecvEncryptedMessages::next
I: MonitorObliviousTransfer::next
I: DecryptChosenMessage::next
I: MonitorObliviousTransfer::next
I: ChooserDone::next
I: MonitorObliviousTransfer::next
I: MonitorObliviousTransfer::next
I: InitChooser::next
I: MonitorObliviousTransfer::next
I: RecvConstant::next
D: received message: d4f52c3ecb840343f8e2d3e3680f8947fc9752a8c050c2c6e85c2e5596e9ef24936fa61aa8e628dd6178677d4a711f82329439774874acdd9ba7625c2a50a8538dcd0fe392d5dab4bf09ab53c5b24c756b874652a659d89466dcbae31e55c8379cee3a8c71271d1f3f90c0490bd4df077794df40583f62d3c4184ffd6d78b897
I: MonitorObliviousTransfer::next
I: GeneratePublicKey::next
D:  sending message (size 0.000256 MB)
I: MonitorObliviousTransfer::next
I: SendPublicKey::next
I: MonitorObliviousTransfer::next
I: RecvEncryptedMessages::next
I: MonitorObliviousTransfer::next
I: DecryptChosenMessage::next
I: MonitorObliviousTransfer::next
I: ChooserDone::next
I: MonitorObliviousTransfer::next
I: MonitorObliviousTransfer::next
I: InitChooser::next
I: MonitorObliviousTransfer::next
I: RecvConstant::next
D: received message: 83694c3e101ee313eb15b53d3d954d4f28b281bac4fb0677d9b34b5770eeac68828d7d8b7a60a818011de7861f9da2e62f007be8e20a6e24e1b3bfc93fa56a443af373dc479542b0831e81b00ea3826907482cfcfccc8fa1abd20ddff40299c088d1947a4ff03f19a8754a8c86cee541775bcdc0ad22fcd2e05b2588445997f6
I: MonitorObliviousTransfer::next
I: GeneratePublicKey::next
D:  sending message (size 0.000256 MB)
I: MonitorObliviousTransfer::next
I: SendPublicKey::next
I: MonitorObliviousTransfer::next
I: RecvEncryptedMessages::next
I: MonitorObliviousTransfer::next
I: DecryptChosenMessage::next
I: MonitorObliviousTransfer::next
I: ChooserDone::next
I: MonitorObliviousTransfer::next
I: MonitorObliviousTransfer::next
I: InitChooser::next
I: MonitorObliviousTransfer::next
I: RecvConstant::next
D: received message: c1a4044fc75cfae897524686ee2814dda72f2074d1ce8e3f0d9be57125a977ea8d2b26d3e76275a6676d05f1a73d8be6cb623f6a856f592e395c987da778a03fc38e0c6fbf60c45aec3ed44ad118e6beacb4fde9a88160d0178c03066b2443d896896f068cf4ff4151eb1e5f5755279e6c3c0d99c4b5c7c3421efed06908bb2f
I: MonitorObliviousTransfer::next
I: GeneratePublicKey::next
D:  sending message (size 0.000256 MB)
I: MonitorObliviousTransfer::next
I: SendPublicKey::next
I: MonitorObliviousTransfer::next
I: RecvEncryptedMessages::next
I: MonitorObliviousTransfer::next
I: DecryptChosenMessage::next
I: MonitorObliviousTransfer::next
I: ChooserDone::next
I: MonitorObliviousTransfer::next
I: MonitorObliviousTransfer::next
I: InitChooser::next
I: MonitorObliviousTransfer::next
I: RecvConstant::next
D: received message: 9829da9fea7958491897a9fa7ad125bc1fb2e21a0b4c3ba59a26c8ea4deaced33e4402eb157107f0c17e546a53f833d8b4815a18dbb52f5e72edbac67bc55b7c6722f07c8c804389a154f1388ffac541f33bc3b114329fea7c7c89b28c190f69eae4e7242bf4d869f7e4962d0661fd690059a4c090a18cc02d4934f662fe8c33
I: MonitorObliviousTransfer::next
I: GeneratePublicKey::next
D:  sending message (size 0.000256 MB)
I: MonitorObliviousTransfer::next
I: SendPublicKey::next
I: MonitorObliviousTransfer::next
I: RecvEncryptedMessages::next
I: MonitorObliviousTransfer::next
I: DecryptChosenMessage::next
I: MonitorObliviousTransfer::next
I: ChooserDone::next
I: MonitorObliviousTransfer::next
I: MonitorObliviousTransfer::next
I: InitChooser::next
I: MonitorObliviousTransfer::next
I: RecvConstant::next
D: received message: d3b1aca43a00fd040bc44ffdf3ddeb8030b849646970a4d76732e511948ced3e7e3de269df5df9379ef6a4688b2e39dfa4691df5e42bd5830a1f7c73e3f03352c0e71641fd36e44b4d53cff29514baa17d5d59a6da1afe1cd7348b9e068a1ba341da05ca706aa1b5952f53df9b22e456c95a4a01f3e3094c665ae2a1caa399e
I: MonitorObliviousTransfer::next
I: GeneratePublicKey::next
D:  sending message (size 0.000255 MB)
I: MonitorObliviousTransfer::next
I: SendPublicKey::next
I: MonitorObliviousTransfer::next
I: RecvEncryptedMessages::next
I: MonitorObliviousTransfer::next
I: DecryptChosenMessage::next
I: MonitorObliviousTransfer::next
I: ChooserDone::next
I: MonitorObliviousTransfer::next
I: MonitorObliviousTransfer::next
I: InitChooser::next
I: MonitorObliviousTransfer::next
I: RecvConstant::next
D: received message: 7cba0557b0b44f9ad0a99de9bd520eba2536785e71a4a4e91cc0edf1189f1e4544acdb20ef5530ae56dc04856fd740eba64c38e626ed42837a3cc213805aa7fa1886f4d67834b459cc28e083499cfb33527bf6009adca422e29bdbb4d27ccce882f321c3b8c89c2002f83886fde60512d3ea75fd3343f526901639ec29e144d8
I: MonitorObliviousTransfer::next
I: GeneratePublicKey::next
D:  sending message (size 0.000256 MB)
I: MonitorObliviousTransfer::next
I: SendPublicKey::next
I: MonitorObliviousTransfer::next
I: RecvEncryptedMessages::next
I: MonitorObliviousTransfer::next
I: DecryptChosenMessage::next
I: MonitorObliviousTransfer::next
I: ChooserDone::next
I: MonitorObliviousTransfer::next
I: MonitorObliviousTransfer::next
I: InitChooser::next
I: MonitorObliviousTransfer::next
I: RecvConstant::next
D: received message: 71170681e8f60dfe12bfb348c54e067c6467a248f1239df0850bee3913272b8d2088a73f771380438290d01bde00678ad8d5506a0d27fa56360e0c038f09707ce96ca35882e78fa7e779567f7c4834aa0772f6053a38e6e9deba9d20a2fbfa8389c408b5d137328b1a73afd4adde784954976d5f8f31d7a20451445524919bf7
I: MonitorObliviousTransfer::next
I: GeneratePublicKey::next
D:  sending message (size 0.000256 MB)
I: MonitorObliviousTransfer::next
I: SendPublicKey::next
I: MonitorObliviousTransfer::next
I: RecvEncryptedMessages::next
I: MonitorObliviousTransfer::next
I: DecryptChosenMessage::next
I: MonitorObliviousTransfer::next
I: ChooserDone::next
I: MonitorObliviousTransfer::next
I: MonitorObliviousTransfer::next
I: InitChooser::next
I: MonitorObliviousTransfer::next
I: RecvConstant::next
D: received message: 5c3c4f0ef85d7e2020eb537d88e74283209629fec9d34a3a808f8bc0b348af285c3b26fc2287b22173c68b01a3d15695f9d0cd1427e91919df1e8ce9b9a241cb5e5f8e892f59a2a2f6b8f100c121e3b22fd51d2dbf5498af9bde0c29029dd89eb22014092c1189be40742e6f4386559d0c2d487abb12270dc20dab0ac6a2c791
I: MonitorObliviousTransfer::next
I: GeneratePublicKey::next
D:  sending message (size 0.000256 MB)
I: MonitorObliviousTransfer::next
I: SendPublicKey::next
I: MonitorObliviousTransfer::next
I: RecvEncryptedMessages::next
I: MonitorObliviousTransfer::next
I: DecryptChosenMessage::next
I: MonitorObliviousTransfer::next
I: ChooserDone::next
I: MonitorObliviousTransfer::next
I: MonitorObliviousTransfer::next
I: InitChooser::next
I: MonitorObliviousTransfer::next
I: RecvConstant::next
D: received message: 42434bef7457de2b6f88cd0964a0a3a1579276db00882731f4530b0e31dc3e179956fd2ac13747f7dd791b378142117ed992db50ec754aa7121c853507c4d8cd678d213abede28645610eed3cedab513e2d75ae27d17da736326c8424d420b479d3d4ead3e8e4eac62e78ba2cc44ae5ddee3e6c43de10101e7ca8679dc23293f
I: MonitorObliviousTransfer::next
I: GeneratePublicKey::next
D:  sending message (size 0.000256 MB)
I: MonitorObliviousTransfer::next
I: SendPublicKey::next
I: MonitorObliviousTransfer::next
I: RecvEncryptedMessages::next
I: MonitorObliviousTransfer::next
I: DecryptChosenMessage::next
I: MonitorObliviousTransfer::next
I: ChooserDone::next
I: MonitorObliviousTransfer::next
I: MonitorObliviousTransfer::next
I: InitChooser::next
I: MonitorObliviousTransfer::next
I: RecvConstant::next
D: received message: be117889afe8f6cb5f60fb606fd5c36ba421da2cecec21dc215da7324c33a97a84e606a015f904729a973d298c996746f6540ba9c2bce15d890e7a6b62a5cc715e5fdf1ba457e0e3cd9e364ab92f8608266943939624d4f629bd8b266c0211d379341a0a57619ea4a0a28282d07fde5f5a4d853e138c50b0590df89852ce2407
I: MonitorObliviousTransfer::next
I: GeneratePublicKey::next
D:  sending message (size 0.000256 MB)
I: MonitorObliviousTransfer::next
I: SendPublicKey::next
I: MonitorObliviousTransfer::next
I: RecvEncryptedMessages::next
I: MonitorObliviousTransfer::next
I: DecryptChosenMessage::next
I: MonitorObliviousTransfer::next
I: ChooserDone::next
I: MonitorObliviousTransfer::next
I: MonitorObliviousTransfer::next
I: InitChooser::next
I: MonitorObliviousTransfer::next
I: RecvConstant::next
D: received message: bf0e7ee1e0bb5148d58f1aa0e393fe7cf864d168ff175bdcb432ccc0523af5f72aacefb52e35cf9906c81fdcff1f6c8590b7db6dea79f84cf3eb014fa71c7c31a572410fa11556a05831c576f123cf656e4983da992ee514320870fbf070f0da68fa7575803518f3f6ea6f6337c0436acceda09e35a274c486440522f18a8472
I: MonitorObliviousTransfer::next
I: GeneratePublicKey::next
D:  sending message (size 0.000256 MB)
I: MonitorObliviousTransfer::next
I: SendPublicKey::next
I: MonitorObliviousTransfer::next
I: RecvEncryptedMessages::next
I: MonitorObliviousTransfer::next
I: DecryptChosenMessage::next
I: MonitorObliviousTransfer::next
I: ChooserDone::next
I: MonitorObliviousTransfer::next
I: MonitorObliviousTransfer::next
I: InitChooser::next
I: MonitorObliviousTransfer::next
I: RecvConstant::next
D: received message: f8ee1daace31258f6f1a973247111dc47bb98d6c5b6282b1fedbf64d0caf6102a9ef166c1cc71e9020de77f108afaf961475c2cfc76d833be9bfb9a0599172a444778b4112d065be1f8508a9a811e7daa8dd084b64c2596a7deed10070ae8c0c18b689fcecc0b4953928e3f8375bfcef05b7a5d3a00085e809bd26637b7a846e
I: MonitorObliviousTransfer::next
I: GeneratePublicKey::next
D:  sending message (size 0.000256 MB)
I: MonitorObliviousTransfer::next
I: SendPublicKey::next
I: MonitorObliviousTransfer::next
I: RecvEncryptedMessages::next
I: MonitorObliviousTransfer::next
I: DecryptChosenMessage::next
I: MonitorObliviousTransfer::next
I: ChooserDone::next
I: MonitorObliviousTransfer::next
I: MonitorObliviousTransfer::next
I: InitChooser::next
I: MonitorObliviousTransfer::next
I: RecvConstant::next
D: received message: b6e1acea201f9b3765d7ba33a5f97730ee3b47605691204b5707b74cca34c3685ceb1098e469f015f750a354b4f28eb6d352a366be5630f11002e4697f30c7dd4c7383df8f833b50a42711b0e047d0fada4c9f880272dff7fdfb11fc3ff513ffdaa312e555fe068351714dd322bab30beaa2dc8d136932df39f5118f57bbbe39
I: MonitorObliviousTransfer::next
I: GeneratePublicKey::next
D:  sending message (size 0.000256 MB)
I: MonitorObliviousTransfer::next
I: SendPublicKey::next
I: MonitorObliviousTransfer::next
I: RecvEncryptedMessages::next
I: MonitorObliviousTransfer::next
I: DecryptChosenMessage::next
I: MonitorObliviousTransfer::next
I: ChooserDone::next
I: MonitorObliviousTransfer::next
I: MonitorObliviousTransfer::next
I: InitChooser::next
I: MonitorObliviousTransfer::next
I: RecvConstant::next
D: received message: 1336775937394ef01063b2df7b2a807d3a511224f0a62a9b2ba002f40c33a8b6790291a180a7966feac8b68b1e53e0c2c0060b699cb0b03ac7c3d979946abe91e8185ff991403b82bb14f378d8f7cd9e6def0e3c957c6be4befa8daab3f6ef76256787762381cd7a7ba6bfc93c4366c5e253d742e4f2e65f4ad56f0b52fb1de9
I: MonitorObliviousTransfer::next
I: GeneratePublicKey::next
D:  sending message (size 0.000256 MB)
I: MonitorObliviousTransfer::next
I: SendPublicKey::next
I: MonitorObliviousTransfer::next
I: RecvEncryptedMessages::next
I: MonitorObliviousTransfer::next
I: DecryptChosenMessage::next
I: MonitorObliviousTransfer::next
I: ChooserDone::next
I: MonitorObliviousTransfer::next
I: MonitorObliviousTransfer::next
I: InitChooser::next
I: MonitorObliviousTransfer::next
I: RecvConstant::next
D: received message: c985ccc55af10f8d153618d3a33c489efebb3ca1fa9d43b3beec662bfb1456659671667462557251a81770f117131b6d77f4270b12697112f189c55da7b2875b23c5aef3cea3bad8021dd472bbe97c1a41ca0484a8bf0ab77c6a557c8d8a35ff716a440c0d9af309f69c0b4f00a81f18f42cfacff9fae24a0aeb5c352ca142a7
I: MonitorObliviousTransfer::next
I: GeneratePublicKey::next
D:  sending message (size 0.000256 MB)
I: MonitorObliviousTransfer::next
I: SendPublicKey::next
I: MonitorObliviousTransfer::next
I: RecvEncryptedMessages::next
I: MonitorObliviousTransfer::next
I: DecryptChosenMessage::next
I: MonitorObliviousTransfer::next
I: ChooserDone::next
I: MonitorObliviousTransfer::next
I: MonitorObliviousTransfer::next
I: InitChooser::next
I: MonitorObliviousTransfer::next
I: RecvConstant::next
D: received message: e628c1b9e2e151d38f79234379a8871eb5ebf7a42e4f04b0c337ce4fe3c76e67854b3a4f873c6aad7d7def31a5d6b66913ab32a216df64c347b389599ee41d14855be81836c41e462ed619c0dd0dae5fcce414559de03aefa92a5694eaa2a049907d0f5172e490e7cf321bebc09d9204d4b5caff4f4807ab880c1487565418ab
I: MonitorObliviousTransfer::next
I: GeneratePublicKey::next
D:  sending message (size 0.000256 MB)
I: MonitorObliviousTransfer::next
I: SendPublicKey::next
I: MonitorObliviousTransfer::next
I: RecvEncryptedMessages::next
I: MonitorObliviousTransfer::next
I: DecryptChosenMessage::next
I: MonitorObliviousTransfer::next
I: ChooserDone::next
I: MonitorObliviousTransfer::next
I: MonitorObliviousTransfer::next
I: InitChooser::next
I: MonitorObliviousTransfer::next
I: RecvConstant::next
D: received message: 8e9cdec79a3c2962d977ba4619d14606a8b430581f3026755276ece08ce9a0465b471cc11eed41fe4ae24d37b38552a35bc21413d445007ad31d36d0bdf5a22b10fddeed60dc513cc8f78bb55bdf24855fa2142e6c72f702660dbc18b265f127fa6d8f2b39ff7dfe3dea323277f18841291569236ad0311407d88a1d0a3a99e2
I: MonitorObliviousTransfer::next
I: GeneratePublicKey::next
D:  sending message (size 0.000256 MB)
I: MonitorObliviousTransfer::next
I: SendPublicKey::next
I: MonitorObliviousTransfer::next
I: RecvEncryptedMessages::next
I: MonitorObliviousTransfer::next
I: DecryptChosenMessage::next
I: MonitorObliviousTransfer::next
I: ChooserDone::next
I: MonitorObliviousTransfer::next
I: MonitorObliviousTransfer::next
I: InitChooser::next
I: MonitorObliviousTransfer::next
I: RecvConstant::next
D: received message: 7cca8603fa1b14d4f138a5a9d3ee3b86195eda0a3b9bdfb2489a48196ea726cfc8575d46a822a427f3430be33d3f2cf9edee915ab581f0c2ce58d1aa344aaea2617d00eb3ab455e9959f21cd4bc228963e1b6074d3d315e8f6032bd4d5b8bef39a7d55bcc3adea09f458bf3ba52a75c3f5c1d22aa04b51523ed37fcc3bba7ed7
I: MonitorObliviousTransfer::next
I: GeneratePublicKey::next
D:  sending message (size 0.000256 MB)
I: MonitorObliviousTransfer::next
I: SendPublicKey::next
I: MonitorObliviousTransfer::next
I: RecvEncryptedMessages::next
I: MonitorObliviousTransfer::next
I: DecryptChosenMessage::next
I: MonitorObliviousTransfer::next
I: ChooserDone::next
I: MonitorObliviousTransfer::next
I: MonitorObliviousTransfer::next
I: InitChooser::next
I: MonitorObliviousTransfer::next
I: RecvConstant::next
D: received message: 539936317dfd8bbefee2cf9cb7eb90733e769fc6119449df4603b5fbb55171cb9dee63abd48f2345510d4fd0eea49eb94d1eefd827aa8753bd290a65452f623f9db8dc865f056e05962acd96216ba834b1de8f82bd24304d0e4fd5ce3a306f7ccf26d713c40a896407f1c90e4d3371e907d7cf6534975cd50942f3674880e9f9
I: MonitorObliviousTransfer::next
I: GeneratePublicKey::next
D:  sending message (size 0.000256 MB)
I: MonitorObliviousTransfer::next
I: SendPublicKey::next
I: MonitorObliviousTransfer::next
I: RecvEncryptedMessages::next
I: MonitorObliviousTransfer::next
I: DecryptChosenMessage::next
I: MonitorObliviousTransfer::next
I: ChooserDone::next
I: MonitorObliviousTransfer::next
I: MonitorObliviousTransfer::next
I: InitChooser::next
I: MonitorObliviousTransfer::next
I: RecvConstant::next
D: received message: f24f8603e27bb11fdc0f90cbf83d05ce7c2a0818e62b9636a7b1a9994b338d58f598be214ec079d8e605a821aaaa179dc42ccdf94e402c5198d75201188d9653b24e51013e0d02e4c3c08b651313f4fcd0147556638f68a0d42197860df439abf2fcaf592b9aef8109ee87bd299572f9776f36d4a1420027ef1119bdab3ffe5a
I: MonitorObliviousTransfer::next
I: GeneratePublicKey::next
D:  sending message (size 0.000256 MB)
I: MonitorObliviousTransfer::next
I: SendPublicKey::next
I: MonitorObliviousTransfer::next
I: RecvEncryptedMessages::next
I: MonitorObliviousTransfer::next
I: DecryptChosenMessage::next
I: MonitorObliviousTransfer::next
I: ChooserDone::next
I: MonitorObliviousTransfer::next
I: MonitorObliviousTransfer::next
I: InitChooser::next
I: MonitorObliviousTransfer::next
I: RecvConstant::next
D: received message: d6e304b2a87307a4d1a00c325d1a1f7ae710ccb016ab4d0f3a783ff88747809ed79039ea558e8ce06dcbcfbe352d36df72f49b3fcacf4d9a62afb1809f17c5a906fbd9450b706541c0a814181333ac8a21f7f8e6536dde3a950f891d97c04579778268551865b441e294e758bc43dac9ebd5f7f14dea94b53a52065240200ce9
I: MonitorObliviousTransfer::next
I: GeneratePublicKey::next
D:  sending message (size 0.000256 MB)
I: MonitorObliviousTransfer::next
I: SendPublicKey::next
I: MonitorObliviousTransfer::next
I: RecvEncryptedMessages::next
I: MonitorObliviousTransfer::next
I: DecryptChosenMessage::next
I: MonitorObliviousTransfer::next
I: ChooserDone::next
I: MonitorObliviousTransfer::next
I: MonitorObliviousTransfer::next
I: InitChooser::next
I: MonitorObliviousTransfer::next
I: RecvConstant::next
D: received message: 53e74ea8a6c7c1068e4a4fe24e78f3cfe65be7ceaed3afa3cf5352b83877e38c861c12f3f96575246d009d93eaf719fff7a9dc2d9d83fcdbdc10169565903d7b1a0e852f513735fdaa24f2702adcfd8ff6a7ecac9b93352a2e50f6544449f46fc9963f6289e25f2bb834ffd70bf6204e1cbe25a866f63ccb2973fe2e2476b908
I: MonitorObliviousTransfer::next
I: GeneratePublicKey::next
D:  sending message (size 0.000256 MB)
I: MonitorObliviousTransfer::next
I: SendPublicKey::next
I: MonitorObliviousTransfer::next
I: RecvEncryptedMessages::next
I: MonitorObliviousTransfer::next
I: DecryptChosenMessage::next
I: MonitorObliviousTransfer::next
I: ChooserDone::next
I: MonitorObliviousTransfer::next
I: MonitorObliviousTransfer::next
I: InitChooser::next
I: MonitorObliviousTransfer::next
I: RecvConstant::next
D: received message: 15328ada6e725f9be0e8d6e027df971a0a3f3b1aaec9c7ce15e4e598de6f684ffd65cea86c7616d74340f37a14a948e02948eeedc270f1399cecb0350438ea4b1c715685bba25fe0958d72499934f2920c4cc33a98d9a42e0d978acad5e95cf76d8f95bd2da21b2edf77a7a9ef4a0f518db1af2f3b1383295fdca56c70432a74
I: MonitorObliviousTransfer::next
I: GeneratePublicKey::next
D:  sending message (size 0.000255 MB)
I: MonitorObliviousTransfer::next
I: SendPublicKey::next
I: MonitorObliviousTransfer::next
I: RecvEncryptedMessages::next
I: MonitorObliviousTransfer::next
I: DecryptChosenMessage::next
I: MonitorObliviousTransfer::next
I: ChooserDone::next
I: MonitorObliviousTransfer::next
I: MonitorObliviousTransfer::next
I: InitChooser::next
I: MonitorObliviousTransfer::next
I: RecvConstant::next
D: received message: 9647f71e1f9ad4b252eb67c64056c3ac03e9b2645fce26c670d22f919999c751a2ce34d8aee8f590e9b09472ec57089a0c1a109c3ca1bcbd18c6240eb760f6e87e02cb2d8098a8f071f0e522fcbd7b8aa58950a917f7bf1c7dfbb9f0e369c894ea9924692603a7724dc2fb4174b71f584ab267431bce2f7bc2cb5dc5e375a89f
I: MonitorObliviousTransfer::next
I: GeneratePublicKey::next
D:  sending message (size 0.000256 MB)
I: MonitorObliviousTransfer::next
I: SendPublicKey::next
I: MonitorObliviousTransfer::next
I: RecvEncryptedMessages::next
I: MonitorObliviousTransfer::next
I: DecryptChosenMessage::next
I: MonitorObliviousTransfer::next
I: ChooserDone::next
I: MonitorObliviousTransfer::next
I: MonitorObliviousTransfer::next
I: InitChooser::next
I: MonitorObliviousTransfer::next
I: RecvConstant::next
D: received message: dfbf10eb3ea0de40072a9bd45518c2c89c580287af372071e6376cbca45b36f664b90fedf7123595480708966ba4f7c464337a3cb18623c89b8e1147d2850f7fd41627959dda3aa8df319df9fb8bdcfe205ecb904fb995fb78627b1cc76be823c032852fe747afb80573874991b2d21049a188269b10a22d8172f34c4c1d9aa
I: MonitorObliviousTransfer::next
I: GeneratePublicKey::next
D:  sending message (size 0.000256 MB)
I: MonitorObliviousTransfer::next
I: SendPublicKey::next
I: MonitorObliviousTransfer::next
I: RecvEncryptedMessages::next
I: MonitorObliviousTransfer::next
I: DecryptChosenMessage::next
I: MonitorObliviousTransfer::next
I: ChooserDone::next
I: MonitorObliviousTransfer::next
I: MonitorObliviousTransfer::next
I: InitChooser::next
I: MonitorObliviousTransfer::next
I: RecvConstant::next
D: received message: 844e080ce18e5c846caebcf2275f33fa307c82f52c80e3e78412d91d1d93f11c0fe9daa13ed7e82be6d88034f1da26dedbcc6ad1f85010292b6f09acab04a9cd61d40e1c121bc7a2aea157008067dac27606d764b4dcf45469daf7a578d3a53a677c7a2b34573de1ec8e0cf1de18bc8fd43d4ee606e940b5612ecba29cebe9b4
I: MonitorObliviousTransfer::next
I: GeneratePublicKey::next
D:  sending message (size 0.000255 MB)
I: MonitorObliviousTransfer::next
I: SendPublicKey::next
I: MonitorObliviousTransfer::next
I: RecvEncryptedMessages::next
I: MonitorObliviousTransfer::next
I: DecryptChosenMessage::next
I: MonitorObliviousTransfer::next
I: ChooserDone::next
I: MonitorObliviousTransfer::next
I: MonitorObliviousTransfer::next
I: InitChooser::next
I: MonitorObliviousTransfer::next
I: RecvConstant::next
D: received message: d5aa21501e2534beadee2fe4af5bd9bcd6f16a6b805a5fdad7af87bba1bb92f33f214506fb134aaa93639d8244c20fd6ce089303f40e663d722a18c6a81d2412c6e1a0fa347b2630d1776bd04052862d31a77e1e27031154e39f00874c524733840f627a6e13d7e8d95ab7b2f07a5df988de8e30a39d6f63557b818ab316eda0
I: MonitorObliviousTransfer::next
I: GeneratePublicKey::next
D:  sending message (size 0.000256 MB)
I: MonitorObliviousTransfer::next
I: SendPublicKey::next
I: MonitorObliviousTransfer::next
I: RecvEncryptedMessages::next
I: MonitorObliviousTransfer::next
I: DecryptChosenMessage::next
I: MonitorObliviousTransfer::next
I: ChooserDone::next
I: MonitorObliviousTransfer::next
I: MonitorObliviousTransfer::next
I: InitChooser::next
I: MonitorObliviousTransfer::next
I: RecvConstant::next
D: received message: ebc21c3e2ac753ad277a0f5ac26a542996cf42a4da71b88197b92cb8183817c75a46e9f574cef40ccbb7f1a4d07e4d278062cf8fa4777bd7a1b69b29c1d8c367f6b040e67f88c07ceaaf90acc0f594951ca0afe32ef389283d6cd72f51357d32227c3b9070ff5c02aa85aee32547c3c3203ea7aec8f0d31636e0e0b925503876
I: MonitorObliviousTransfer::next
I: GeneratePublicKey::next
D:  sending message (size 0.000256 MB)
I: MonitorObliviousTransfer::next
I: SendPublicKey::next
I: MonitorObliviousTransfer::next
I: RecvEncryptedMessages::next
I: MonitorObliviousTransfer::next
I: DecryptChosenMessage::next
I: MonitorObliviousTransfer::next
I: ChooserDone::next
I: MonitorObliviousTransfer::next
I: MonitorObliviousTransfer::next
I: InitChooser::next
I: MonitorObliviousTransfer::next
I: RecvConstant::next
D: received message: cf01986fe054b5fa4f80141d30e446c10a1f6c24b89e3059fc5a11addcd0830181a9f47c505e9d0b4df31c1de5e44997fdf1cfc8c33a6cafde54bd2ea7be7a4c825c0907733ea8f8e514640d03b59d000d94624fb72bc97bf6492a8f8728f330ac2724ed73fa96d3f6d57a9b5351722e3f99f325b6297e3817b25c2379795cce
I: MonitorObliviousTransfer::next
I: GeneratePublicKey::next
D:  sending message (size 0.000256 MB)
I: MonitorObliviousTransfer::next
I: SendPublicKey::next
I: MonitorObliviousTransfer::next
I: RecvEncryptedMessages::next
I: MonitorObliviousTransfer::next
I: DecryptChosenMessage::next
I: MonitorObliviousTransfer::next
I: ChooserDone::next
I: MonitorObliviousTransfer::next
I: MonitorObliviousTransfer::next
I: InitChooser::next
I: MonitorObliviousTransfer::next
I: RecvConstant::next
D: received message: d4837ccc50138004f45b97ea1496ae280ea78fe54dea510d4ea11c82c84547f8c4440390d4d877b5cfd96dbb4e5eea9cd62bdcaf2a3ebd4a33cf97ab79b1e709dadf81f6afea1156a6e358004803a8d0331ff5cefd7f078686406117cb2554ec15fd3c45c1fc6b49d786c6fef7254020babd1d5b74cc80eb752fd332ef87261b
I: MonitorObliviousTransfer::next
I: GeneratePublicKey::next
D:  sending message (size 0.000255 MB)
I: MonitorObliviousTransfer::next
I: SendPublicKey::next
I: MonitorObliviousTransfer::next
I: RecvEncryptedMessages::next
I: MonitorObliviousTransfer::next
I: DecryptChosenMessage::next
I: MonitorObliviousTransfer::next
I: ChooserDone::next
I: MonitorObliviousTransfer::next
I: MonitorObliviousTransfer::next
I: InitChooser::next
I: MonitorObliviousTransfer::next
I: RecvConstant::next
D: received message: cefb341cdb44d48ca8510d878913b04888797e46a5b89981b76875bf755e771077ad16b81dfae8c61c1e53f01f98b52e4746b7c0c856704e9832620625389b48d7bd4354b7f3065818d32184156a917e05912403fe8004053523238bb3303f8de81defe1de3265847f1629fbbc4ff91ef8f8c6f7a5d3c37517d270b87552ee1d
I: MonitorObliviousTransfer::next
I: GeneratePublicKey::next
D:  sending message (size 0.000256 MB)
I: MonitorObliviousTransfer::next
I: SendPublicKey::next
I: MonitorObliviousTransfer::next
I: RecvEncryptedMessages::next
I: MonitorObliviousTransfer::next
I: DecryptChosenMessage::next
I: MonitorObliviousTransfer::next
I: ChooserDone::next
I: MonitorObliviousTransfer::next
I: MonitorObliviousTransfer::next
I: InitChooser::next
I: MonitorObliviousTransfer::next
I: RecvConstant::next
D: received message: 5e769eee2d40c5e0c500e052144965420e13c31d321470704980205107b79bcda179ba9ce024369a21b0b9d2dc7a23d1aa81dbebf1d80ce2a85a30daf97e4adb3fc86927df0d70b8cdddca1d0dd868ea741367ff99556f790a555da15aa85645d04321acd8d3de480bba5061218ce5653f44e20e55a894a2699ec0bb2e9d1f1c
I: MonitorObliviousTransfer::next
I: GeneratePublicKey::next
D:  sending message (size 0.000256 MB)
I: MonitorObliviousTransfer::next
I: SendPublicKey::next
I: MonitorObliviousTransfer::next
I: RecvEncryptedMessages::next
I: MonitorObliviousTransfer::next
I: DecryptChosenMessage::next
I: MonitorObliviousTransfer::next
I: ChooserDone::next
I: MonitorObliviousTransfer::next
I: MonitorObliviousTransfer::next
I: InitChooser::next
I: MonitorObliviousTransfer::next
I: RecvConstant::next
D: received message: a23200fa57aa70621733211bbf6e0ba09762be919bbb1afbc8496dc6eee7edbc955a9c57e07ce5415cb4c4cd3a55009ebbf6a5fde19f35f889aeaaadc79909b88f7ba23e4f65b8a4ebdf3b66343c3076ca2d8e82b3d8a896a8cd42768ee90a98b00a8740bb12ea3aaa7959418e20598a659917eb9d6627cbd7362f2e7a7d6444
I: MonitorObliviousTransfer::next
I: GeneratePublicKey::next
D:  sending message (size 0.000256 MB)
I: MonitorObliviousTransfer::next
I: SendPublicKey::next
I: MonitorObliviousTransfer::next
I: RecvEncryptedMessages::next
I: MonitorObliviousTransfer::next
I: DecryptChosenMessage::next
I: MonitorObliviousTransfer::next
I: ChooserDone::next
I: MonitorObliviousTransfer::next
I: MonitorObliviousTransfer::next
I: InitChooser::next
I: MonitorObliviousTransfer::next
I: RecvConstant::next
D: received message: b78cbd242319f415392185d39e0414f12b90c019753d94eab1bac12796d4ac3033e6c7d243c014cae110af864cc2463927a3d2046692d0c26f7cf995f5af77a31cb3d75e14d8255d255b4c7fa74360eb4935fd152abb609e59f5b56143ddb6bc621eebc323d192e06a3a97cfd7062481099a961002b1be8b2dfb0534303f0309
I: MonitorObliviousTransfer::next
I: GeneratePublicKey::next
D:  sending message (size 0.000256 MB)
I: MonitorObliviousTransfer::next
I: SendPublicKey::next
I: MonitorObliviousTransfer::next
I: RecvEncryptedMessages::next
I: MonitorObliviousTransfer::next
I: DecryptChosenMessage::next
I: MonitorObliviousTransfer::next
I: ChooserDone::next
I: MonitorObliviousTransfer::next
I: MonitorObliviousTransfer::next
I: EvaluateCircuit::next
D:  sending message (size 0.000001 MB)
I: SendFlagBit::next
I: ==== round duration: 7479.500000 ms ====
I: MonitorCopyMonitorStateLabels::next
I: RecvGarbledGates::next
I: RecvSystemInputLabels::next
I: RecvFlagBitLabels::next
I: EvaluateCircuit::next
D:  sending message (size 0.000001 MB)
I: SendFlagBit::next
I: ==== round duration: 7719.220215 ms ====
I: MonitorCopyMonitorStateLabels::next
I: RecvGarbledGates::next
I: RecvSystemInputLabels::next
I: RecvFlagBitLabels::next
I: EvaluateCircuit::next
D:  sending message (size 0.000001 MB)
I: SendFlagBit::next
I: ==== round duration: 8010.812500 ms ====
I: FaultObserved::next
I: MonitorDone::next
