I: parsing spec file timekeeper.v...
skipping synthesis, BLIF file already exists.
I: parsing BLIF file synth.blif...
D: inputs and outputs parsed.
D: circuit initialized.
D: connections (#4034) parsed.
D: gates (#42010) parsed.
D: outputs: 45728 45731 45734 45737 45740 45743 45746 45749 45752 45755 45758 45761 45764 45767 45770 45773 45776 45779 45782 45785 45788 45791 45794 45797 45800 45803 45806 45809 45812 45815 45818 45822 45825 45828 45831 45834 45837 45840 45843 45846 45849 45852 45855 45858 45861 45864 45867 45870 45873 45876 45879 45882 45885 45888 45891 45894 45897 45900 45903 45906 45909 45912 45915 45918 45726 
D: circuit size: 45919
D: adding identity gates for outputs...
D: outputs after identity: 45984 45985 45986 45987 45988 45989 45990 45991 45992 45993 45994 45995 45996 45997 45998 45999 46000 46001 46002 46003 46004 46005 46006 46007 46008 46009 46010 46011 46012 46013 46014 46015 46016 46017 46018 46019 46020 46021 46022 46023 46024 46025 46026 46027 46028 46029 46030 46031 46032 46033 46034 46035 46036 46037 46038 46039 46040 46041 46042 46043 46044 46045 46046 46047 46048 
D: circuit size after identity: 46049
I: initializing safe primes...
I: using prime modulus 32317006071311007300338913926423828248817941241140239112842009751400741706634354222619689417363569347117901737909704191754605873209195028853758986185622153212175412514901774520270235796078236248884246189477587641105928646099411723245426622522193230540919037680524235519125679715870117001058055877651038861847280257976054903569732561526167081339361799541336476559160368317896729073178384589680639671900977202194168647225871031411336429319536193471636533209717077448227988588565369208645296636077250268955505928362751121174096972998068410554359584866583291642136218231078990999448652468262416972035911852507045361090559
D:  sending message (size 0.000005 MB)
I: InitMonitor::next
D:  sending message (size 0.726673 MB)
I: SendCircuit::next
I: RecvGarbledGates::next
I: RecvSystemInputLabels::next
I: RecvFlagBitLabels::next
I: MonitorObliviousTransfer::next
I: InitChooser::next
I: MonitorObliviousTransfer::next
I: RecvConstant::next
D: received message: 76e46f6bff896804b4ef879a52aa198dd30195883f3bbd3b7afd19f5dde845c36ea9b3e0d1491801ab2b09d5ea168d5a5bc9273f264446d807d1ff13409a49ab24efacf05283ad1292425a4bed6b4ca372410947d21b75bec265bc85d0e7b51e8840b41280c4e933cf2ee3cd8ff283335aec9cf8edccfc32b8d234d7f3713d940a2ba788adb268d365f21c987f23011d17c153f29c16a48045551ac522f8ad6841929a1b621a34d8113bc17bb20d5ae4729673bac3c8628f6b522b1d8039abcd3771c7934fe185fbfda76dbb60f39f28c1e2b2cb3c85ef8f3970913538837a1221dc5a18946a620797abc3af1bae6920109e4693b7f77dfeb5768a08e857fe34
I: MonitorObliviousTransfer::next
I: GeneratePublicKey::next
D:  sending message (size 0.000512 MB)
I: MonitorObliviousTransfer::next
I: SendPublicKey::next
I: MonitorObliviousTransfer::next
I: RecvEncryptedMessages::next
I: MonitorObliviousTransfer::next
I: DecryptChosenMessage::next
I: MonitorObliviousTransfer::next
I: ChooserDone::next
I: MonitorObliviousTransfer::next
I: MonitorObliviousTransfer::next
I: InitChooser::next
I: MonitorObliviousTransfer::next
I: RecvConstant::next
D: received message: a472d6415412d26569fb54093e024f7229fec23abc8a3063b1ec9241128a471c0012e9d6f8235ff407aa92a2d73f40cc1ce64b10ca0face29178ace1d2a16006d5fce2c2c9b9359068819a40265f9b744f6797504f37bce98f35866d9ba434888bbc7d498655800db9f70951922c02420728af4d1249f79a3af15a0d580273cdc75b94c960f41120cfe35748e182a806f1610e69d7852914ca0ef375c733c796b23fd90eb145060e90eb9d0af7d2c8c0cbe3a1f7c33f0a2ce3e82f48258995a87c6cf0298af11395f65b43e32954983f6c7bb2c7e10e125fb46e45417b69bf0b88519cecf19e66b4408c2682db82914a37ce6586d2733dafa62968363069a621
I: MonitorObliviousTransfer::next
I: GeneratePublicKey::next
D:  sending message (size 0.000512 MB)
I: MonitorObliviousTransfer::next
I: SendPublicKey::next
I: MonitorObliviousTransfer::next
I: RecvEncryptedMessages::next
I: MonitorObliviousTransfer::next
I: DecryptChosenMessage::next
I: MonitorObliviousTransfer::next
I: ChooserDone::next
I: MonitorObliviousTransfer::next
I: MonitorObliviousTransfer::next
I: InitChooser::next
I: MonitorObliviousTransfer::next
I: RecvConstant::next
D: received message: 9e448ba158ee021edc92a480043216386c926761d1731a04b8933b8430893f2039af29d9acd3251890f6fd7f2266c212244e148b4dca85c0b102560c6cdd74d7bf635e4f92a47cd82bef26bc3c5a6e7791b1c893fafeb3d3ab0c3c7628b17da9bcd511358a82292cd052753309a8c80e8fecb9079eda63d66b8e2527d246e5e4d5bfb9278238a587a40e9bfc76ee55100acad6e042ea1aa053fb9116cf56d0191660637e4d317ace1d8e4531254a3b90d6b3c6ba59d5c337b4515cf39eff13f5cee5048aaea01aa4f6066717530fe56f9ce8fad009fe47c5b57c6f5b4b3c895e96bdc29ed38a108e894de18ce0e3e03ae2545b3832dd1e62f28e2cdc3786b3fb
I: MonitorObliviousTransfer::next
I: GeneratePublicKey::next
D:  sending message (size 0.000512 MB)
I: MonitorObliviousTransfer::next
I: SendPublicKey::next
I: MonitorObliviousTransfer::next
I: RecvEncryptedMessages::next
I: MonitorObliviousTransfer::next
I: DecryptChosenMessage::next
I: MonitorObliviousTransfer::next
I: ChooserDone::next
I: MonitorObliviousTransfer::next
I: MonitorObliviousTransfer::next
I: InitChooser::next
I: MonitorObliviousTransfer::next
I: RecvConstant::next
D: received message: a5863b2bc0f68762533807b137a33d11bf0de6fc071222a2ce3d3f54aed44d2554437ceaa9e55aef57bca99c695baad717e3f2e9f3f5b4ad6106f963d8bbf3cdc8c8ae140d844bfec40323079f0f317b80c052a4c4104cacd2f2cc3c796243c959154a6d176f850956aff633ffa666666676a25ddc2294139cb7a7283736f47d76e221cab18f5616dac61549b0eb0bd364871098f2a52ca8b03c7340b50cb6953176555338c8dd31e3cbfb7c4284666cf611b8fad3ab73c901968a5fe0ff74c58268814418ab46e54a67d71b96e352ccc4ab34ee52552cb98404c46e91076ddb4fc805bc15d09cd745a7bd13d81a55aaefa5459d4b4025efb76ee8f6b9c9b3ac
I: MonitorObliviousTransfer::next
I: GeneratePublicKey::next
D:  sending message (size 0.000512 MB)
I: MonitorObliviousTransfer::next
I: SendPublicKey::next
I: MonitorObliviousTransfer::next
I: RecvEncryptedMessages::next
I: MonitorObliviousTransfer::next
I: DecryptChosenMessage::next
I: MonitorObliviousTransfer::next
I: ChooserDone::next
I: MonitorObliviousTransfer::next
I: MonitorObliviousTransfer::next
I: InitChooser::next
I: MonitorObliviousTransfer::next
I: RecvConstant::next
D: received message: 92f572dcf6f18471d93cb1962c77d1e56ec9c2aaf36c16adb7aab329f0dcfc5c5636a0e558f1c2cb963de4cfecd678fa5d639155d00aa0717d78bc449528d721bbe780350772916ed1419970d993cfcd0fe0ae63149a4b810f893e3a680a1c448ccd394dd5a8982966ad4f71fe6e094c4fafc1334906c78cc5cfa1bc1f2a3801739ce34921a400b5ec87b61155422616058991477b888ccc090b48fcebbb8583eda121a0c05da594c81329348c82c1d7f8caccde45e408ae68fd2d169140d3fc7c9ed5f8072d1cda30749be065f8bf1c585071f7989c4c93ff667f6515b81620c22639474b0f745ed6b0c23d0377b0fad52414282d3ecae523537ed81ae21226
I: MonitorObliviousTransfer::next
I: GeneratePublicKey::next
D:  sending message (size 0.000512 MB)
I: MonitorObliviousTransfer::next
I: SendPublicKey::next
I: MonitorObliviousTransfer::next
I: RecvEncryptedMessages::next
I: MonitorObliviousTransfer::next
I: DecryptChosenMessage::next
I: MonitorObliviousTransfer::next
I: ChooserDone::next
I: MonitorObliviousTransfer::next
I: MonitorObliviousTransfer::next
I: InitChooser::next
I: MonitorObliviousTransfer::next
I: RecvConstant::next
D: received message: f7115dc6c68c9d6bf61afdfc80706f68432c49ab9af7f22ae5743778e3ee8f58d645b9a891ccf71ac53d2d3c1dbe621126622e49433af19d07a05fb1275588c881755cbfb88cc256f8870741baf3f833abd78cd1f2347be332898ae1a56cf781ad59ffb02c8825215596cf501fd18515a92b13054b6e7f88686c60862c39473579884ef00854aa4f1c38c22d2a230a7b4da6d433f52add79184327bbdf719231f4ef2d96c851fd4a2e3f5b2e3d2a2e99a0cabb7766deb7bcf3f906008bc2024918b6b0b7b77eb2eeb28107bfbf5042793b8dda167dd7ea3c53764daa3118bb9790936dd5c60e4c55ae774123ff7bb4f763d308a26ee63251017cb12e6706f3d
I: MonitorObliviousTransfer::next
I: GeneratePublicKey::next
D:  sending message (size 0.000512 MB)
I: MonitorObliviousTransfer::next
I: SendPublicKey::next
I: MonitorObliviousTransfer::next
I: RecvEncryptedMessages::next
I: MonitorObliviousTransfer::next
I: DecryptChosenMessage::next
I: MonitorObliviousTransfer::next
I: ChooserDone::next
I: MonitorObliviousTransfer::next
I: MonitorObliviousTransfer::next
I: InitChooser::next
I: MonitorObliviousTransfer::next
I: RecvConstant::next
D: received message: 93ec19238bb68962f5e503ec4881e101f5bc9cf50d602f116bc03ea27d04a17d9e21613f8cb3119cb3fc9bfe9c2c8092c16497d07144b3c7a4ae5a2716ead9301d4f2f5396017b5940276b9eb6fd93702517a25261aec16b46a54bd142faa10e51e997cdfefbbd01f9009e526da974c44377e86aa8ffa24fc63f537ea3fa28cef3692c12d80d5e15c264352184ba116a1442401e5c5683ea4db81fe94d5555b32ed69e0e57dc969663f99c11c78196e23ef768bc05822a0fe3712e4f77b9ed7db432cdd2ef2de8c7a901651306c710b6c670bd0a8fc1808baa30c952b7be5f2de36855ebad6256d0c31c9f3433e0e5ae37b7e6ab89207e7735aa2dac02d0c266
I: MonitorObliviousTransfer::next
I: GeneratePublicKey::next
D:  sending message (size 0.000512 MB)
I: MonitorObliviousTransfer::next
I: SendPublicKey::next
I: MonitorObliviousTransfer::next
I: RecvEncryptedMessages::next
I: MonitorObliviousTransfer::next
I: DecryptChosenMessage::next
I: MonitorObliviousTransfer::next
I: ChooserDone::next
I: MonitorObliviousTransfer::next
I: MonitorObliviousTransfer::next
I: InitChooser::next
I: MonitorObliviousTransfer::next
I: RecvConstant::next
D: received message: 1ac891f050444d8aa0e57a5ea527a4bd2a3d3f696f61bbe07c3010b8d861ffab14b75f5f04044128c0bb40e24285364e2af5a03d2cd998b3c2ec8c7301c28c03c6164502013290d33094f87f52b6d13a543fd53d1c07fe1f9ae54da752b8b7965762f37a2925ea28de6a82f757a6e329d0e9e928bb51ebf5ad1e9fe98ccaee247e3ce030d52c8dcd76636ec83fa7f24630f30b467b1ea4324bb228f5ebce537ce154d8afcbb90b9836e241d600172f1ed521eaf8867ff424cc60a41c0635c04b624219280206b061566ea58ae26163f14c1dd8c789246dacfd87916e66a31349c81e6a2284bce7b5a7976f9ead534c7d322ffdeff774710a67d13e5b8b8b0f6a
I: MonitorObliviousTransfer::next
I: GeneratePublicKey::next
D:  sending message (size 0.000512 MB)
I: MonitorObliviousTransfer::next
I: SendPublicKey::next
I: MonitorObliviousTransfer::next
I: RecvEncryptedMessages::next
I: MonitorObliviousTransfer::next
I: DecryptChosenMessage::next
I: MonitorObliviousTransfer::next
I: ChooserDone::next
I: MonitorObliviousTransfer::next
I: MonitorObliviousTransfer::next
I: InitChooser::next
I: MonitorObliviousTransfer::next
I: RecvConstant::next
D: received message: 8ebaebd0a65ac97b34e6115d95808665ba4a1e114c1200ae4e37913bacf2dd7ba3c47178d1f9d4e2ce17051327b52cfe741c20fcf1685b6489f97fb3ac7b52b0399070142989d6541efe934980de251a22af742705a0fe7a739ec4a8458dbc99aadcc3fc874fb4524d71af228df1964ab59464096b17e89549396a971289a537f181d5f3b491457a1cb2e5d9c6fcd6c34dd33000ee5c25baff53b94b876f9d9368c7d427374b5bf266b2fe16befa24c98b660242bd3fb4e0097528a7e60786e096e6a0b4c03c96151760d6094299fb3533c826f60aa14d576c5bdb82ea7663b7008dd1047483ce362ef250a28aaf4f99e03d68a02882e5d9dae7b842585a35a1
I: MonitorObliviousTransfer::next
I: GeneratePublicKey::next
D:  sending message (size 0.000512 MB)
I: MonitorObliviousTransfer::next
I: SendPublicKey::next
I: MonitorObliviousTransfer::next
I: RecvEncryptedMessages::next
I: MonitorObliviousTransfer::next
I: DecryptChosenMessage::next
I: MonitorObliviousTransfer::next
I: ChooserDone::next
I: MonitorObliviousTransfer::next
I: MonitorObliviousTransfer::next
I: InitChooser::next
I: MonitorObliviousTransfer::next
I: RecvConstant::next
D: received message: a2f386c4faa94aa899b949a429595184f284c4d009f2f4806d0cc8965cd0ae2701b122cd2a0afa082fa5aa961707ee29462efa435ac9fe7aa4ce6bfe0773da9f0e44dabb9abd2fd5cd5b6f7bc0f7e2df90e67a6b65425402446f3153efb793340a0da8d28225521c4d931a463372e2038c991680fc9254e7afd69b0bc10f30b246d6a12b82a6b75774ef13863bd31a1a955ac32c9eb86460528ada941c409ca3ed79fcaa9f19b7efb4d642d3c3ac56a57f03bc8da7d8189cd5e211a49ec70d387128bd4cc28cbef1c9c169e8228f40b2a2648191802eb58fe0776cd0b8508d29dace2e8cc2ef5ea6572ff04ebc6248ac9c8cab6e9e4c3263a4ab149bf3b38173
I: MonitorObliviousTransfer::next
I: GeneratePublicKey::next
D:  sending message (size 0.000512 MB)
I: MonitorObliviousTransfer::next
I: SendPublicKey::next
I: MonitorObliviousTransfer::next
I: RecvEncryptedMessages::next
I: MonitorObliviousTransfer::next
I: DecryptChosenMessage::next
I: MonitorObliviousTransfer::next
I: ChooserDone::next
I: MonitorObliviousTransfer::next
I: MonitorObliviousTransfer::next
I: InitChooser::next
I: MonitorObliviousTransfer::next
I: RecvConstant::next
D: received message: 19f591afeae1b9c4af95cc6afaf9385464361135284000bcbb81a6e22d248959e3b7d12052a5d3ec362cdc6772327267b72f16db976c54438554627e4a461e363c2ccaaaaa05270997abb7ba91f0a7a7929e492c4c9933383c1d954bb67965896ae69ce2f94939688d1a2994c3cb04f8d672293d1080d3f9bd321120f2f16ecac3d1d86e086021fb8afb1aa1c44c91a58f21ae8b363a255f3489714ebd128fdbe41ef0049a9026ba07c32411b5708f4e00e053f09c047336e52673eeba861587781a5147042c6aa3b7392fc518aa4e1ba412db7bc4441acb807338f7a2d5bac2f7b613960c2799b4c16416024202644fefefe4595e7e3cb98a1625f419a3fdc
I: MonitorObliviousTransfer::next
I: GeneratePublicKey::next
D:  sending message (size 0.000512 MB)
I: MonitorObliviousTransfer::next
I: SendPublicKey::next
I: MonitorObliviousTransfer::next
I: RecvEncryptedMessages::next
I: MonitorObliviousTransfer::next
I: DecryptChosenMessage::next
I: MonitorObliviousTransfer::next
I: ChooserDone::next
I: MonitorObliviousTransfer::next
I: MonitorObliviousTransfer::next
I: InitChooser::next
I: MonitorObliviousTransfer::next
I: RecvConstant::next
D: received message: 4124f4631b1db42cef98961a831e6745f06256ecfcffa78e0b18e2c43497b18e4c4bbbe302860031f3a60e82e7a41c8458b79a77c7c9b9016eedbfb8281ecef06b88d6e02bc1351bf44154b6e28104e58a7a74192710d0c6ad5ce46b8f2a7ed07677672a736359a1da3e183091b189e0418a1ec96d2cda8c80f0f3cf5e4726eb8f75453d7866bffac7af120aa21a1faad59ad8c5b20abc99ebc74e604279d2807c06af4e6659cca8a2422e9782c48e3852346890dc33bd7bf17be2c1e26b343cbc33316bdb866e848d258dcaa47707b835dcac3948cf28016a90c2334cd93e3908e48b09d15dde6714c6d147de22ecd2a046888e5f49babe2b14dbb7238f049c
I: MonitorObliviousTransfer::next
I: GeneratePublicKey::next
D:  sending message (size 0.000512 MB)
I: MonitorObliviousTransfer::next
I: SendPublicKey::next
I: MonitorObliviousTransfer::next
I: RecvEncryptedMessages::next
I: MonitorObliviousTransfer::next
I: DecryptChosenMessage::next
I: MonitorObliviousTransfer::next
I: ChooserDone::next
I: MonitorObliviousTransfer::next
I: MonitorObliviousTransfer::next
I: InitChooser::next
I: MonitorObliviousTransfer::next
I: RecvConstant::next
D: received message: 9b93934cce967edae53bbe930f0fdc44b42e518d3dfc5b587c5140dd0f583b239588b45d73d350ce9ab726d10c543501b96ea169dcf0ac135a47cc7e73c1cc7114cce6df44f884256816939f1bdc527376832189e3be18f4aa23b10d230c96bd914297c49b7bacf1bb88973aff5482343fb9d2f9b093baef9f63c18c26fc75fc900b2cb52748d9aadce429b09798d2df8997413aa56cdc2e33db28975681b014fbd9fcbe0c12b00bb6219dc56192af1c09f82c2e5236649ebfdc5f03202feaaff6d75d00d5ab3029a24159db2ccdff1c659ec55e2824580d8e29ba6bb698e4c9d043a90234b7fc00437874f7975e3e0cd6a8e36fb61eccf5a6b3c41e222dddd8
I: MonitorObliviousTransfer::next
I: GeneratePublicKey::next
D:  sending message (size 0.000512 MB)
I: MonitorObliviousTransfer::next
I: SendPublicKey::next
I: MonitorObliviousTransfer::next
I: RecvEncryptedMessages::next
I: MonitorObliviousTransfer::next
I: DecryptChosenMessage::next
I: MonitorObliviousTransfer::next
I: ChooserDone::next
I: MonitorObliviousTransfer::next
I: MonitorObliviousTransfer::next
I: InitChooser::next
I: MonitorObliviousTransfer::next
I: RecvConstant::next
D: received message: cc9dd66851f0fa829fd6b236b3d36b8880697f73a78a47c5f6b8df9bcd7c74d7ab0d07ec5a567e9fbc97e198a7eb2de90733c4f54342afff4cd2274c8ce9542804e9d844dbbd457454d558c686cdc1fc1c54acfde745a30249fbfeb920aac00b909f68cdae11da94515b7e56ec87eb24a845fd32f48712d892d04a6553d32d881c8c9be50e889289d0638d0712c898da1c96021d4359ce5b79034aff51ba067a96baad94e5bb4282b4270aadbbb550a66d36bf85fe77bb0671229836efd0ab4fb22edf78552843467efaeea768edd4e2c9f526982b0d4eaa3aa83afb4d4db19faf19e5e81823a4b8e408894129f7751906951540e80de85b008e51846a555f99
I: MonitorObliviousTransfer::next
I: GeneratePublicKey::next
D:  sending message (size 0.000512 MB)
I: MonitorObliviousTransfer::next
I: SendPublicKey::next
I: MonitorObliviousTransfer::next
I: RecvEncryptedMessages::next
I: MonitorObliviousTransfer::next
I: DecryptChosenMessage::next
I: MonitorObliviousTransfer::next
I: ChooserDone::next
I: MonitorObliviousTransfer::next
I: MonitorObliviousTransfer::next
I: InitChooser::next
I: MonitorObliviousTransfer::next
I: RecvConstant::next
D: received message: 1fb7e2fc4b400b00d0ad43441f8bfd4c869ab477bc90c297c48eae252eab06b613b749e953e7bff04b51f93aa4d61e68e43a34d11bd799ac5b505d7e433a8c6793cb5d57da164024657c0b5b5c3a56f5303a66efe03a1176e979688848e0a09580078a2e146775f4b68d3487b0f8e733c182fea55177c97d0336ad3fc051a9851a3c9b929b44a81087bf78e3cd3f295653e1bf48b01208ac6704a049e655fd7731eb60d9e497ecf11a2b6f7687459102c8d1ad57fa5cb282f63c18c6455533b8f03408bb692bd2c5713e2a375072b77adcf30863e9a34f6d317e2e724f699b0fd55478b2e1494d62d708677b36b5faacfa9a5ab27df368ba246adc534f5de3fa
I: MonitorObliviousTransfer::next
I: GeneratePublicKey::next
D:  sending message (size 0.000512 MB)
I: MonitorObliviousTransfer::next
I: SendPublicKey::next
I: MonitorObliviousTransfer::next
I: RecvEncryptedMessages::next
I: MonitorObliviousTransfer::next
I: DecryptChosenMessage::next
I: MonitorObliviousTransfer::next
I: ChooserDone::next
I: MonitorObliviousTransfer::next
I: MonitorObliviousTransfer::next
I: InitChooser::next
I: MonitorObliviousTransfer::next
I: RecvConstant::next
D: received message: 17e29fe4ad6522f412a79e7698ed60a1bb22ad26d1fa7ba183fe056ab9ba591fae0421b8ba1a6271fb9b939bd1d33fa31d6a8cc1a1fc1c1923bc8d13c74400f460cb1618a7348de854560b3a0be8c81b9b1b09c21530dc4ab77be57b48424f9cb0e807b33f5432c46a43e0db334234d91ad34241d97143d9a52ff212299ef2c3be5ef539682cfefbf69d22c082cd1cb0b06e8bd2b41daa5fc2892f5885de4f1439d06d66c39f56554fdf21c3cc9be054c761b0841061c42897147d89ce786294c100726340655c5afd19aa5602868209622465ef2ed27c51042f2bf2d97f0942ca78dac4eb4e659867c67205da7deba84e73c19ead6b750573c83314960ba650
I: MonitorObliviousTransfer::next
I: GeneratePublicKey::next
D:  sending message (size 0.000512 MB)
I: MonitorObliviousTransfer::next
I: SendPublicKey::next
I: MonitorObliviousTransfer::next
I: RecvEncryptedMessages::next
I: MonitorObliviousTransfer::next
I: DecryptChosenMessage::next
I: MonitorObliviousTransfer::next
I: ChooserDone::next
I: MonitorObliviousTransfer::next
I: MonitorObliviousTransfer::next
I: InitChooser::next
I: MonitorObliviousTransfer::next
I: RecvConstant::next
D: received message: ab5598f2c30cff8a9ae8cc04dd674179ec9c67412c615805fcaebc0214aa08da012d7997d33a3becd0ff5f39f5e187c7b52b8d7c85c874ef73b50d2b99c67d3b3e786f6fc17d1f57d75bbc02a57440a82c8e5af48e939cd8aed35aee9cc3e014b0e5634eefea54b00d4cb40b5ba396c0f53b60ef4c2160217f21eb527078e964eebd2bea4c47eb45233a10958fff3184240c962498fe861fc8f87fc0a32c2febf208218e740c9da6d8a144b974f2729fec741ae64b6b23e3dee92fc52d4a586f2241487fd17e3ecd4e77d9643d032ad8ebdcab31c4362109c70e7dbaf899ee635e3d83afcd5b43f00e16daf02f522f8e84bb96743038fda7650e3242a730d94d
I: MonitorObliviousTransfer::next
I: GeneratePublicKey::next
D:  sending message (size 0.000512 MB)
I: MonitorObliviousTransfer::next
I: SendPublicKey::next
I: MonitorObliviousTransfer::next
I: RecvEncryptedMessages::next
I: MonitorObliviousTransfer::next
I: DecryptChosenMessage::next
I: MonitorObliviousTransfer::next
I: ChooserDone::next
I: MonitorObliviousTransfer::next
I: MonitorObliviousTransfer::next
I: InitChooser::next
I: MonitorObliviousTransfer::next
I: RecvConstant::next
D: received message: b97165f0e103a22df8cda2ba06f690203c1f3c1b247e9a585048b9cf7df2ee5d71be2d0f8bccb8899d3f961c91c9f78cd853c9a68dccfa38ca1a8e9e708aaa77c1f169696734ab21ae36d7609afbd81dcf048871b367a37a9e44041e7020c89ffe66198139aa3a21ebcee5a8b4d1df93e0d4fe0709884f96769dd0041afa980e198ac4043f9c2bdd2ce12924d522934418036cf863e68cd5e6020c82dde4ccac43ab0a1e854a01a4b82f965075aecc2037e0c076e429dbffaedc2cc73968954d0681e86f9194adb67e9a5b6a70f63f5bacc7643e51388621394b844f2e4f3f234c197f6b84648453f030abe130b0cbd39fcf18c194d8a302b93e86d7f1cf9a8f
I: MonitorObliviousTransfer::next
I: GeneratePublicKey::next
D:  sending message (size 0.000512 MB)
I: MonitorObliviousTransfer::next
I: SendPublicKey::next
I: MonitorObliviousTransfer::next
I: RecvEncryptedMessages::next
I: MonitorObliviousTransfer::next
I: DecryptChosenMessage::next
I: MonitorObliviousTransfer::next
I: ChooserDone::next
I: MonitorObliviousTransfer::next
I: MonitorObliviousTransfer::next
I: InitChooser::next
I: MonitorObliviousTransfer::next
I: RecvConstant::next
D: received message: bf75462708264b6bdd76ec0d8e7937ae27559c4188fd90a061124db3fa7587de374611b2628b8462390c61c461cec51d78b2fd1d9bdd94cf71817e0b3160517d7862db61ef6641ae3b22f44d76b4c12196868b22b9d69555c1179d7ffcee89b47e9127d8001bf67e337e09d5867f25c55b78a2589dc5c355d3d50e43a68bcef5294cfb49033d7e5dd583057a0a666bc4b775208d20f57587668c99bbe35acd1af42b657e8776d7738ef82596f0beec55669424bc2298fbd355e239796454610a14d9f3a879f11e0c9a31160e96e45221e1f1399cc4b5bbd323df3c6d890710924e7bae80aa9d37c7c6d3f9cad249571af0719128d2bece8fcf697dedc8b85f8
I: MonitorObliviousTransfer::next
I: GeneratePublicKey::next
D:  sending message (size 0.000512 MB)
I: MonitorObliviousTransfer::next
I: SendPublicKey::next
I: MonitorObliviousTransfer::next
I: RecvEncryptedMessages::next
I: MonitorObliviousTransfer::next
I: DecryptChosenMessage::next
I: MonitorObliviousTransfer::next
I: ChooserDone::next
I: MonitorObliviousTransfer::next
I: MonitorObliviousTransfer::next
I: InitChooser::next
I: MonitorObliviousTransfer::next
I: RecvConstant::next
D: received message: f29e66679603b5cdc060ecbd5a527a4b78ad9391a827d6f37cceb6836bbc126bff1b11ce4caaf744114b06dedd735b48dc070e1a683a222a303c98a7963ec60c35be6ef9630adc969d7861d9b82e45acc0b49aafc4e1b1a86884f49bcd8bd2c4f9a619adbdc1c23a9f873d49c882f93e54dbe21d2212fd4bf6149810aaa5746ba324a943bdc3145bc1238b4337b5b3a7d18fa007e158ff83ea0f8bc8fc6721fc4307a9e55607a0b89508ced992357fcee303f5de5a750d4db493bf300adbbf1f57d8526373862e274e0c67c72d7939dfdfed73c3bfd22d816adfe368bb46d71e52a2f91b28fd0ec254db1bc54d82ebfb71c9102469ba7f62fb0b372d082549c3
I: MonitorObliviousTransfer::next
I: GeneratePublicKey::next
D:  sending message (size 0.000512 MB)
I: MonitorObliviousTransfer::next
I: SendPublicKey::next
I: MonitorObliviousTransfer::next
I: RecvEncryptedMessages::next
I: MonitorObliviousTransfer::next
I: DecryptChosenMessage::next
I: MonitorObliviousTransfer::next
I: ChooserDone::next
I: MonitorObliviousTransfer::next
I: MonitorObliviousTransfer::next
I: InitChooser::next
I: MonitorObliviousTransfer::next
I: RecvConstant::next
D: received message: d8e66b61742057a883b963bd0bc95d8aa51366eb7a7ca7084c90f00992ce0a9df32847ba6949e903a2fcaf4d0ff743feb41f57e004d675406cc90e9b4bad0102748e43d30e6c0d7d1dfb997e6e8680acbbded06f66ba99ff2c58ba5edf31490af3ec63eb272f33ca4abbacd3cd4fd2ccdec49c28d95adab1b12511da6f7a17231d97e10c90fa20245d4c46c456cdb4914b15d0b315c2dfee42c7e94b5740601c82d5348b9b95daca95c73eff295078111e8fc642928fe5ede3a06e1686f802a0ac6803f80feaed4226a5978a29268c08a9f9dfd0899d26124b03fd309bb9141e900b576345a8c833c2734ffeb19e09dd43e7c77679432ff8968f9c3364002d81
I: MonitorObliviousTransfer::next
I: GeneratePublicKey::next
D:  sending message (size 0.000512 MB)
I: MonitorObliviousTransfer::next
I: SendPublicKey::next
I: MonitorObliviousTransfer::next
I: RecvEncryptedMessages::next
I: MonitorObliviousTransfer::next
I: DecryptChosenMessage::next
I: MonitorObliviousTransfer::next
I: ChooserDone::next
I: MonitorObliviousTransfer::next
I: MonitorObliviousTransfer::next
I: InitChooser::next
I: MonitorObliviousTransfer::next
I: RecvConstant::next
D: received message: 675625c42abe648fa110cc97c5338347785ce1335dc8fa8977c1f09c2fcf492235c8d1f82052f40b9ca31da6ecc1fe8651c64db1b7223100ac7e94b6274e2cf888209377e0a265197a58737438eb471850b6cc2d945e196a05bfb2f853465d68ebe1beb32d91a5c1363887d833fb8ae06559e40bad19e19286a830a2c96c6e526f92a252ab5d880f2ffdebb4a806735db0d1a19d0adf033cc4a761addcccc92ca7f4e696b350610277c494d46b1b82cd7d9d9feb7b93bee58b11f4fe30ebd01f43aa610d297c6bae7752b2d54995465710f4564882e342affc483b900012af44e12a6a4bf7f13e1792f9296490a165f8906926fa4feebe56bc8315716caca8a5
I: MonitorObliviousTransfer::next
I: GeneratePublicKey::next
D:  sending message (size 0.000512 MB)
I: MonitorObliviousTransfer::next
I: SendPublicKey::next
I: MonitorObliviousTransfer::next
I: RecvEncryptedMessages::next
I: MonitorObliviousTransfer::next
I: DecryptChosenMessage::next
I: MonitorObliviousTransfer::next
I: ChooserDone::next
I: MonitorObliviousTransfer::next
I: MonitorObliviousTransfer::next
I: InitChooser::next
I: MonitorObliviousTransfer::next
I: RecvConstant::next
D: received message: 8561e7c9db3611f8194ef9885fa989d2aa654921b4770c66ae42f00cae5a69e8a038f8538c69ce928a403690da998f7b7f086af4fcad285882e3de8fb25e6bad8c981d898199360145c5ac88d186f50b7ccad4b3a0f25a6c9470e00b29f158cd047d71a9231c54bf375bcc950d59f082f35dffe1644bb87dbc4b597c4f47be6bcd75006a7c3c33b3ead6bce6489b7edde2a9545d94164aff57d86cd1833de31da4ffde93f394491ea4e763e6aaf686b4411a8016078010ee1dd543c77aad9141ef067f10d547d8017dd2eb83b50a76e18ca0d6b51dfc6a5f8de81767a7771721613467ecc8cbb66afa94dbbd07d15b7e4dcb7aa140d7c0d40b79eee144e7e009
I: MonitorObliviousTransfer::next
I: GeneratePublicKey::next
D:  sending message (size 0.000512 MB)
I: MonitorObliviousTransfer::next
I: SendPublicKey::next
I: MonitorObliviousTransfer::next
I: RecvEncryptedMessages::next
I: MonitorObliviousTransfer::next
I: DecryptChosenMessage::next
I: MonitorObliviousTransfer::next
I: ChooserDone::next
I: MonitorObliviousTransfer::next
I: MonitorObliviousTransfer::next
I: InitChooser::next
I: MonitorObliviousTransfer::next
I: RecvConstant::next
D: received message: 97cf9fffea19acabf07ec80ff6146f25f5487834febf5e3a573f9b831fa5dbddb906026dac894f3319111fed05b172d38c353a14a21633ff77390e02e874b37db6322b781d8dafa030a088824e40ba75562e7de379f8069ad30637a229fc6354fd8810d3f4b49b6214d5fb9f25ceb6abc2fd8a3b7652187f2232d07812b79674cdc86fdf2480723893403744a7101a458743146fe8fa3f5437225f86a4ed757dc8a89eb39380dbeb760704641b552266618e6bf2bf7e2c0daedb3cd3713a267dee83646ca558f7035ec60de0b698847b19f4dae6c80c16b1fb186c5d19652c3870a1c238402eb6f22c55ce411762db6bb0e0b3c92ac4744fb5f818a781626924
I: MonitorObliviousTransfer::next
I: GeneratePublicKey::next
D:  sending message (size 0.000512 MB)
I: MonitorObliviousTransfer::next
I: SendPublicKey::next
I: MonitorObliviousTransfer::next
I: RecvEncryptedMessages::next
I: MonitorObliviousTransfer::next
I: DecryptChosenMessage::next
I: MonitorObliviousTransfer::next
I: ChooserDone::next
I: MonitorObliviousTransfer::next
I: MonitorObliviousTransfer::next
I: InitChooser::next
I: MonitorObliviousTransfer::next
I: RecvConstant::next
D: received message: 3d79850e6f610d69c79270eccfa0567b4faf784eb23aedc96e1e04459276179d71f838dee8d24a307d9f881adf9daf2757d4b1b24394195b89d86ce8615685d0772e08999d995a2941f2f840df2d5e576c5950cc1c46d21066c8df018ec87b65b4c4644ac256cc0959b6d9352072606de0b5587d3bf84b75d551c6d6da281ada5038d19a4658a9d092840f3c2f358c88a8331e791ad5d463fc53bdcf5c8ddfc0b3724f5b014f02274d8574e3e3cbe392c35f7f5f44baed524aa077f95257e59d814557d77333a79dceb6f924de0c28b9bd5e0cbdc788df2eaf39bb94cef39649a9f286b272c74afd7612ec858a06778f70e711aa514346b0f0a4a8fced191499
I: MonitorObliviousTransfer::next
I: GeneratePublicKey::next
D:  sending message (size 0.000512 MB)
I: MonitorObliviousTransfer::next
I: SendPublicKey::next
I: MonitorObliviousTransfer::next
I: RecvEncryptedMessages::next
I: MonitorObliviousTransfer::next
I: DecryptChosenMessage::next
I: MonitorObliviousTransfer::next
I: ChooserDone::next
I: MonitorObliviousTransfer::next
I: MonitorObliviousTransfer::next
I: InitChooser::next
I: MonitorObliviousTransfer::next
I: RecvConstant::next
D: received message: db9e6b1b978fc51273c47b8d5c5d6b0f6c4a3b4e764463d35c67dc869c0d6e3a4c16f2f5c67e3becfa47aa382086bf29dc791200fa5540dc08623ee76823a5e3cf98fac906b6f75b97435831100cc5441dda9cab0df8c6f59cb48f1f10936f471902870a85755d2e5cf509a75c7d5d816583d066273c518947696ee5c8127ea3571b2fbf34176c862eafba07315fd0670b08034c78da7584ed1a952d9a9ee8d7c5ab93f748b3da14142fca0693fed6d9c37612e733d7c6705cc446301305822d765a6eaad11e4eadef4209a84aceb500eeb838d57e93046d84ee64f61d075a02846be74f4366daa824cdb6bfc4403edf30eeb44adfd9dfa15e5b279e0964f7eb
I: MonitorObliviousTransfer::next
I: GeneratePublicKey::next
D:  sending message (size 0.000512 MB)
I: MonitorObliviousTransfer::next
I: SendPublicKey::next
I: MonitorObliviousTransfer::next
I: RecvEncryptedMessages::next
I: MonitorObliviousTransfer::next
I: DecryptChosenMessage::next
I: MonitorObliviousTransfer::next
I: ChooserDone::next
I: MonitorObliviousTransfer::next
I: MonitorObliviousTransfer::next
I: InitChooser::next
I: MonitorObliviousTransfer::next
I: RecvConstant::next
D: received message: 839ec011a2bb8ebeaf3890347f17d270b9c38eb1e1f895b46a46aaa69e56909789fa3c6a101ae15d3802974565526767ea91c7ba9bf3c9a13f3ce3072d67253c95cc9a5fdbaa8f8391c1cf8875fa0470a79e0a867fc2db879107ab56f3962bbde3907b0eb854dd96a1f818c3f80fee24b2071bc20217e110608ad8b62b8b47a7d16272c737e962bcade01c571fe92a117e9ff6abf39d8b989eaf52c82d0956543635880c876691cefc8ac95064d85754f73c28d09d52d24d33ba00c0530a3cd9a542003738a23ceeea8dfd3fc788374689c5f047816e7b516dc9bbfcc76ad2a52e950eddc622480c045e4addf131383b4ac68ea90a6e67440e64b9a2dde74ec9
I: MonitorObliviousTransfer::next
I: GeneratePublicKey::next
D:  sending message (size 0.000512 MB)
I: MonitorObliviousTransfer::next
I: SendPublicKey::next
I: MonitorObliviousTransfer::next
I: RecvEncryptedMessages::next
I: MonitorObliviousTransfer::next
I: DecryptChosenMessage::next
I: MonitorObliviousTransfer::next
I: ChooserDone::next
I: MonitorObliviousTransfer::next
I: MonitorObliviousTransfer::next
I: InitChooser::next
I: MonitorObliviousTransfer::next
I: RecvConstant::next
D: received message: 10ad44b4050fd2c2d0ec9d02bb5307df2b427c850a1a188fd6adb9be79c6a0d71c45c6cb88086611b768c22d08b3ea89652a5cb2d53b75f5a8f79657b4c877af20ac1417de0cf5f162c99f81202a5e1aab1389e59254d9c9900f7056bb6d4cc5c7608944b2dfa2aac4781784c7abd51164b031bdbdd3b7de4c5d715afa818fe4cd5b9044b8c67a27c45553810e39e819ea6a22a482bf80b95a1d2f50d1c0c63f798f789a6519473b224a36b5539fc130cfd699dad3104063899df8c57eb03f7a2923953791e42fcf9f134e3aeae8ad5ccafccde4be0d2e405b27685b5bccc1c075f691e3c1ea6377584672636532cc9fa42af251b755ffcfe1282bc98d7f20b8
I: MonitorObliviousTransfer::next
I: GeneratePublicKey::next
D:  sending message (size 0.000512 MB)
I: MonitorObliviousTransfer::next
I: SendPublicKey::next
I: MonitorObliviousTransfer::next
I: RecvEncryptedMessages::next
I: MonitorObliviousTransfer::next
I: DecryptChosenMessage::next
I: MonitorObliviousTransfer::next
I: ChooserDone::next
I: MonitorObliviousTransfer::next
I: MonitorObliviousTransfer::next
I: InitChooser::next
I: MonitorObliviousTransfer::next
I: RecvConstant::next
D: received message: 79512447160eb3513de94e9c2a00d3f2e2f291fdddb030e70a311704ffc4ddf39478b8c1c70e3e1a4714c9f958dc856c60ec3f2becc65cc1ea9797fa6d69c7c25732eb8c6544a861e1755b3d46962fcbdacc9c57a1a8e5caef4b8977bd1428ecf20075993983ed6fd11965e2155be9dc28be14cc697ae5177f703db25dfba53be4b5089cbd436377e8150040d0faf21cc95a301cf9e4cd0bc0e86846aa9ae01a675e17da80d0e7b217f4183f49355e90eee7caaa6cd36d4cf8eca54d192ecb5023c24d70127402576d15f2fa9cb07fbe7a9c96e8cb0b385c7ea526e68fde09965d332bccf56b5db12817caa9e7c5151028b05e2f35a690041356fb0d4cb76113
I: MonitorObliviousTransfer::next
I: GeneratePublicKey::next
D:  sending message (size 0.000512 MB)
I: MonitorObliviousTransfer::next
I: SendPublicKey::next
I: MonitorObliviousTransfer::next
I: RecvEncryptedMessages::next
I: MonitorObliviousTransfer::next
I: DecryptChosenMessage::next
I: MonitorObliviousTransfer::next
I: ChooserDone::next
I: MonitorObliviousTransfer::next
I: MonitorObliviousTransfer::next
I: InitChooser::next
I: MonitorObliviousTransfer::next
I: RecvConstant::next
D: received message: 5d6ec9455722afb80dee1b32419d4e8df37b74ff7253f660d1c89b58fc253085172df01cd1c54f1994743173d5216552d9bcaf06ad04b02eb67ae2e8f55ba216b64ffe2317ef401d493454d435a1a7c165df4a1287dd2ba17915997a72808633495920d6af0e5a56556ad354818fe57b54fb4e2f2a7ee9493107c1960aac7b561797083ade0cd836f9b5cf760215c63d5db29ad5da2ffb9fede0294139da58dae18c0750650841e35020a46bc46f3ea745b4731d59250dcbf15dfda1b0b76cfc2c6d6c72143dcb8f89712c3df99a90457cc4f21508d2599731e9a70b276c7bd44fa211b2c009b6a7ae2e6e1ecfb6c5513051a70d7a8f129418fedc2fb525aa83
I: MonitorObliviousTransfer::next
I: GeneratePublicKey::next
D:  sending message (size 0.000512 MB)
I: MonitorObliviousTransfer::next
I: SendPublicKey::next
I: MonitorObliviousTransfer::next
I: RecvEncryptedMessages::next
I: MonitorObliviousTransfer::next
I: DecryptChosenMessage::next
I: MonitorObliviousTransfer::next
I: ChooserDone::next
I: MonitorObliviousTransfer::next
I: MonitorObliviousTransfer::next
I: InitChooser::next
I: MonitorObliviousTransfer::next
I: RecvConstant::next
D: received message: cab576d4c1c218e032e774c4f2a670295a2525dc045dcaafda0a07b95655717cb027c7428a5da5ff96c873aacbde03a5ded93516385fffe002a15aa1dd43773bc3fe3d950128c566f981b4d18ddee7c743768b8e094485196d6ac7ec726212e80140b942ec539f31793c3b7db69a82817e69efc717616fa6878790f3698509c3f293c58aabea051d5e3d28a44cb67baede26ea6fec590e775300fef013178eeceae8a116cbb440114ee103eca14ebccfad22f02e55f84e9ee6a9edbd35b9f97797fe384b8a31276cd6d581c157edf042a9448b88ab02b97841065cccf736c520b596789c4540fba5510600c6c133e8589f2fa6f6bd0593fff003f6628833dbd
I: MonitorObliviousTransfer::next
I: GeneratePublicKey::next
D:  sending message (size 0.000511 MB)
I: MonitorObliviousTransfer::next
I: SendPublicKey::next
I: MonitorObliviousTransfer::next
I: RecvEncryptedMessages::next
I: MonitorObliviousTransfer::next
I: DecryptChosenMessage::next
I: MonitorObliviousTransfer::next
I: ChooserDone::next
I: MonitorObliviousTransfer::next
I: MonitorObliviousTransfer::next
I: InitChooser::next
I: MonitorObliviousTransfer::next
I: RecvConstant::next
D: received message: 6a20c96deccbb17884669382084f34d04e9005b6f7020e529b6fff3705ab3e643e8470a8e7623a08aa43e3a42e9f9438c2a543b15158fa2b25ab6cead7a3d84e7660ae5e67055a31ae71dcbdb95736e1894f628e9b5e042cc755e97e9289eff54880741140fa7fc000fd8034df8b4f49f8b07943c1ee9ae58766428031bd23db54f8dee80511e405e750ab51e714331b48cbd95b7569c90e0624c763c92d710cbafcc5ac00bc912252e76bd77fd339771e32215d324eff4132aa646efba69102739f5b900a3a6b5668e5cf50d750e5fc9539750f414761dcc67520fc164d5d3f116eb63169cf9fb429b592e97ce489b7d0fe00518295be1e26196584317574e7
I: MonitorObliviousTransfer::next
I: GeneratePublicKey::next
D:  sending message (size 0.000512 MB)
I: MonitorObliviousTransfer::next
I: SendPublicKey::next
I: MonitorObliviousTransfer::next
I: RecvEncryptedMessages::next
I: MonitorObliviousTransfer::next
I: DecryptChosenMessage::next
I: MonitorObliviousTransfer::next
I: ChooserDone::next
I: MonitorObliviousTransfer::next
I: MonitorObliviousTransfer::next
I: InitChooser::next
I: MonitorObliviousTransfer::next
I: RecvConstant::next
D: received message: 7ee5e56c4cdd39461eda0c79a339908b121fc84fbf1ab567e2147056274b9e7c9478cea648fd5780d2ec0ad11972f85a8814ffc4eea5c8612988e916d66702daa59d4c3c15c8e494fac8df3ad23a98308f6864087034376a92ab9ae12133a2801f564469bfd6b2cd5c8ed1436e33c68d2f5f229a673e7c44692e1b6823e435a783baa43454c268311a8eaf05dbb6e6d02e6eb0d89a05887d68391be96b8502919afb4a85893b9569ef37c035161db64ebad0bc739c5c7b66797751fa4633c4e186066142635b21e5e5d6bd516f95704f83e9b4171b4720945a38e13c078bee020286a51965cd2744323a0a99fce1771d5a9b6abb42a1f0c29d83b9c799e57900
I: MonitorObliviousTransfer::next
I: GeneratePublicKey::next
D:  sending message (size 0.000512 MB)
I: MonitorObliviousTransfer::next
I: SendPublicKey::next
I: MonitorObliviousTransfer::next
I: RecvEncryptedMessages::next
I: MonitorObliviousTransfer::next
I: DecryptChosenMessage::next
I: MonitorObliviousTransfer::next
I: ChooserDone::next
I: MonitorObliviousTransfer::next
I: MonitorObliviousTransfer::next
I: InitChooser::next
I: MonitorObliviousTransfer::next
I: RecvConstant::next
D: received message: cf2c72a2b9b90440b9fcd1dab7bdcfba0a6992bc36beee8e820d1de632c9c07dbd513d057abc8c68a3957065ada8acc4f58a86da88a65d21d107a225e9015f9b7d2b6f14eaa4599cc6a877455907a474320e61f308f479d6ca875fcc06c69603d70b5bdb4c91c1a502c2ed2ab1778ac625df1ea20e4ef632c6ad3cdc3337830a95e414310d8e073c57d0f1bddede97b4ab6e8cec46c307373f75f83ceb7ea3eb0acccd14b5665a087cf06de1df3ec3c29bf7901836801dfa38e6d3d01cda8681ad20ed54ca12254d21493c1e5e00eb6fb1fa69502628eabd4b09c3ecd5fed07152257bb852984fc854fa216ae896a22c3f72bad8b60aa21dbb9d9e968c16864
I: MonitorObliviousTransfer::next
I: GeneratePublicKey::next
D:  sending message (size 0.000512 MB)
I: MonitorObliviousTransfer::next
I: SendPublicKey::next
I: MonitorObliviousTransfer::next
I: RecvEncryptedMessages::next
I: MonitorObliviousTransfer::next
I: DecryptChosenMessage::next
I: MonitorObliviousTransfer::next
I: ChooserDone::next
I: MonitorObliviousTransfer::next
I: MonitorObliviousTransfer::next
I: InitChooser::next
I: MonitorObliviousTransfer::next
I: RecvConstant::next
D: received message: 6b8502884e50a3bdd248a07565a88ac4da744d0f40eaa33097f8de436f564dd6477185a146f742e9de6499a3cf056c09da7aa8450645dc4ee1c68b8cc5778ff1c1fdb3cc7596ec356531bffc5f392383450534946af36d946ed5c9cf2c7d31abda48fd6b2efcddc4c15b7f299cb223dae46e87680c21f8d58645f803e9aca93160dae83b1916fa76b4b5620c3ead655e475f0b95b75a6a18c4c18626ae3824f59771a7702402265a4f39cc59152be945aeb1a2057a738fa81b303f8a28397eb4818d507363a7fdcacad8465d60211e30ccb1400f1ebeba32ee72b8ed6af979f1da6dc2f5c32f16aa92232a1ddf55003ae443f78959d594fb65d4e6c46af8c511
I: MonitorObliviousTransfer::next
I: GeneratePublicKey::next
D:  sending message (size 0.000512 MB)
I: MonitorObliviousTransfer::next
I: SendPublicKey::next
I: MonitorObliviousTransfer::next
I: RecvEncryptedMessages::next
I: MonitorObliviousTransfer::next
I: DecryptChosenMessage::next
I: MonitorObliviousTransfer::next
I: ChooserDone::next
I: MonitorObliviousTransfer::next
I: MonitorObliviousTransfer::next
I: InitChooser::next
I: MonitorObliviousTransfer::next
I: RecvConstant::next
D: received message: 9b1e66926a0f8b954fe88f37a49763ce5964adc77b31725a3bd138b8b7f2b67deca503097ea88f84626a201ba084e5579dffd5ff844cc67d843c07e5e46c2a722ef5597845204dd52e018008013f09c74a8a371ecb136b442c06271565fc3438973bcec326b335df946ef25e7713ec90aadbcd8c28ced4fcb924b87db5d272a3ddce15445dbbde048ad2a01efd8f7671ae0add90b7af2950a9f09a48fcd7eb621a3d850de4c7b6c0f2380aefc0f159d8bc32cdfff88d921a2d7b9dd63baade14e5cd96128c97b845ee430edda9899ec51d7ee1adb874591f10e2ffa2d3aa03b997c5fb80abca6ad65ff77e80f9912a3d883854277c3985611238358f99d8110b
I: MonitorObliviousTransfer::next
I: GeneratePublicKey::next
D:  sending message (size 0.000512 MB)
I: MonitorObliviousTransfer::next
I: SendPublicKey::next
I: MonitorObliviousTransfer::next
I: RecvEncryptedMessages::next
I: MonitorObliviousTransfer::next
I: DecryptChosenMessage::next
I: MonitorObliviousTransfer::next
I: ChooserDone::next
I: MonitorObliviousTransfer::next
I: MonitorObliviousTransfer::next
I: InitChooser::next
I: MonitorObliviousTransfer::next
I: RecvConstant::next
D: received message: e1532bc42b7e7c085010eaf06fe70e558146644f2edd49fb92b89b8ea85bb87a8bbfb80ee75dfa460460682b1cc9eed5a85087f6f50bba82eeb610952957c2eb87ca78a2ba6ead6112089117eeac8f1491cdfffaad01684f082aea59ac6729664f73dada7cf7ecebfd8537fdeccbf3eda6e3cb5b5f3399eb74edbd3a48a9eb1485579a0297e23e51bb08410b14725f23e92613eeeebdc7badaab4518c766ccf25bf0eccb4141c34c49352991436590e05cc4d04476efe20200cfe2392e27d49c15cd799fdc84af27ef0d2c36786fea2545ee5b0a7973a7ac12d87c41256ff7cae84fbd05e79a65faf18d759f18cb3ebe14c00b4acfc48b80c1f0c3b29e71f2b0
I: MonitorObliviousTransfer::next
I: GeneratePublicKey::next
D:  sending message (size 0.000512 MB)
I: MonitorObliviousTransfer::next
I: SendPublicKey::next
I: MonitorObliviousTransfer::next
I: RecvEncryptedMessages::next
I: MonitorObliviousTransfer::next
I: DecryptChosenMessage::next
I: MonitorObliviousTransfer::next
I: ChooserDone::next
I: MonitorObliviousTransfer::next
I: MonitorObliviousTransfer::next
I: InitChooser::next
I: MonitorObliviousTransfer::next
I: RecvConstant::next
D: received message: c5695869f9387d1a09be03486e839247e4732bdb11bf24f080763848019b87eacb41aff5fb9954f47cd93247a60bb4dc4c8523abbb79c94307ec459ed51566c3b175b6ebb844f0753370aaa668d63c6ea2c63b1e2e7cb4befd395fd361638d26221ca77a76d5806625a93deebbd14f2f799386061f2045c547ba6f9212e3178ff9ffa64b55783aacff90e33e6561fabfa6c85addb73a7b77ba40b123a48efab1f7302d1ac233bdf1504a096bd53005096a1e24e4b8f7bfd6d2eb88084a42bb41fe1f44a47802e979c6f8dd729ecea7ecf4330e6137f7a260a22e58557d482c399d0b5dfdc6e567124dd7cf5e158cf83d725bbce4431b500610abf16503f7be12
I: MonitorObliviousTransfer::next
I: GeneratePublicKey::next
D:  sending message (size 0.000512 MB)
I: MonitorObliviousTransfer::next
I: SendPublicKey::next
I: MonitorObliviousTransfer::next
I: RecvEncryptedMessages::next
I: MonitorObliviousTransfer::next
I: DecryptChosenMessage::next
I: MonitorObliviousTransfer::next
I: ChooserDone::next
I: MonitorObliviousTransfer::next
I: MonitorObliviousTransfer::next
I: InitChooser::next
I: MonitorObliviousTransfer::next
I: RecvConstant::next
D: received message: e8868093ae85f5c91d2f52bb93574cb8514a2ef08656a47f55d7f8821c5658453ce9bdf57ce8290380ebad4ff6b94d4a302dc7bf88c0aed4d33d8d10bbac88a29d13ce6115978a881312071ab79cd25e2dcf43b8b97019a54ed588196e723a39cac1aa0c291e26e25b0fca028a1531ed8bf447d653c6723d154bc47746a207f8d25f3f7791345c3da22f4ad502b53131577517d8bfa74164af35b6b67f01b690e8a9c74d41dd2b4803002b0ce939e3b4fffdeac7f255130be8264dc0ae4a35f76ab00924dac5c267430becf9941e17b235c6d2dd1a5a036e5a003a756b2ae713c04c206359c1d645d3cc1b06e43a5e7f7e8c7b4c84afe50c4b257b8ebd1d7230
I: MonitorObliviousTransfer::next
I: GeneratePublicKey::next
D:  sending message (size 0.000512 MB)
I: MonitorObliviousTransfer::next
I: SendPublicKey::next
I: MonitorObliviousTransfer::next
I: RecvEncryptedMessages::next
I: MonitorObliviousTransfer::next
I: DecryptChosenMessage::next
I: MonitorObliviousTransfer::next
I: ChooserDone::next
I: MonitorObliviousTransfer::next
I: MonitorObliviousTransfer::next
I: InitChooser::next
I: MonitorObliviousTransfer::next
I: RecvConstant::next
D: received message: 8638c1d83ea5deef927288e5df00af1e2445edc65af483e9f65b575684887869858d09632cbf5b79a012bd266339f1f806d299adb7eeb0085fc082da4f96452db6aef36928abfe1108150596b18ead4d42409a87d147ff6b3b86c1e96d69fec55386b43d59f713ec7429f9eff5de37f40142ad82c4b184db586064c235205e307265f55a165f8d0696504aafcee4f4709722d43144b0d31262add8a05877b45fabdf19957e704c8486ab31f1d56301c76b7e4383b98607dff1148fc29b469bf6b2e77b57d29bb97023390c7628e404003b1f848019a37ffa6da9178a39a7a556f6aca51b211af9ee60a420e69917bfbe20d0f0cb8ee7aaa04fa7d0fdb928fdde
I: MonitorObliviousTransfer::next
I: GeneratePublicKey::next
D:  sending message (size 0.000512 MB)
I: MonitorObliviousTransfer::next
I: SendPublicKey::next
I: MonitorObliviousTransfer::next
I: RecvEncryptedMessages::next
I: MonitorObliviousTransfer::next
I: DecryptChosenMessage::next
I: MonitorObliviousTransfer::next
I: ChooserDone::next
I: MonitorObliviousTransfer::next
I: MonitorObliviousTransfer::next
I: InitChooser::next
I: MonitorObliviousTransfer::next
I: RecvConstant::next
D: received message: c492c6a64c57d84035f3d031b73b9edf1d06371a4499f1a61d1139f3db2c410c43fe99e38dffc27c117e1f3c6a2de769767d9051bc424c9e13ec6b815268f6afbf7e46a9ccb9a2d5ca53ff979cdf2a6ed1960877ce39b54f91289e58133fb57a32934b7ddda76f655faf2a02fd63672e0b6be85798312a164a4623b03332b384ef1289b70f3fbc2b24c8ac8092d9c468a651d2c9be91521fe7bd62f6d3db49f59ccaeea56e6a47edc13e74f4b1122452d6ecf793ce064f6bd666a28a7e9e436311a76d33b86a07a1842b93e345795fe8d3f9e2be5dd2230537dafd630ab60bfeb5fb98d25e162cb7c7d0c5af26b8223ffe5ebffd7ac8e2bcd2a341420a105616
I: MonitorObliviousTransfer::next
I: GeneratePublicKey::next
D:  sending message (size 0.000512 MB)
I: MonitorObliviousTransfer::next
I: SendPublicKey::next
I: MonitorObliviousTransfer::next
I: RecvEncryptedMessages::next
I: MonitorObliviousTransfer::next
I: DecryptChosenMessage::next
I: MonitorObliviousTransfer::next
I: ChooserDone::next
I: MonitorObliviousTransfer::next
I: MonitorObliviousTransfer::next
I: InitChooser::next
I: MonitorObliviousTransfer::next
I: RecvConstant::next
D: received message: 211dbb288f69ab182465e59e746ef706d141f56af9764a1bc7f2d2bb4c30f5eae10c81a099afc08bd66e93c2f0198b0938f11be145f4fff6aa5020ba9eba41c706c928ec5c9db61d0870865e73f480aa63619d84af4d55569e4fddfefe1eed0c855c0faef8623a2c5da932fd7892cf88616abc2418777a8bc188c43ade2818bf627316a6186bf32ec4a4cbf83ade71552ae1c2afd797b2f5ae1c8703e3cb55b6149bf33c0ce131a8635f9a3156dfa9f3ab7667728505fd342be8faf6f697fe7a9b755d9a2c37b027d304d6c65f4f423ac2c6365b1be16307b5271151229fd60f4fe80dc29ef42c17887ac8660e15b1878f9ca37f48702cd282531b174bb07b5f
I: MonitorObliviousTransfer::next
I: GeneratePublicKey::next
D:  sending message (size 0.000512 MB)
I: MonitorObliviousTransfer::next
I: SendPublicKey::next
I: MonitorObliviousTransfer::next
I: RecvEncryptedMessages::next
I: MonitorObliviousTransfer::next
I: DecryptChosenMessage::next
I: MonitorObliviousTransfer::next
I: ChooserDone::next
I: MonitorObliviousTransfer::next
I: MonitorObliviousTransfer::next
I: InitChooser::next
I: MonitorObliviousTransfer::next
I: RecvConstant::next
D: received message: 9d861437ffc436e7e435d849dcf02b05147ed52707be277204bbb3d10c9534b3d7a84395f5bdb63df75de635d1d036015b1f7d617899b9164948125426c545bd5a2d2d9c1a8f381c6209692ce5b8d98f0fdcb27591f887a44fc3062b95adba0cb6e01d5cd4b9ce9f09a0b23c9ca5561f483f64bcc05e696fe68fedde7449c8bc7567bfc67dc4d8302abdd21a3339e7da2bb43c1bdeb82ff4aa7400779146a49ae793549022a5327e77b650b2ee76eb9f9238aa44402be2867ef9751bf873849ceac7f089cb9edacf22c0c35e3f447d2b4b90e985e24d08d6bb91a27310caa32c2d3e4a81ce544351260eb3c6c01c8796e4d659a88c59f530730e82093fee6f74
I: MonitorObliviousTransfer::next
I: GeneratePublicKey::next
D:  sending message (size 0.000512 MB)
I: MonitorObliviousTransfer::next
I: SendPublicKey::next
I: MonitorObliviousTransfer::next
I: RecvEncryptedMessages::next
I: MonitorObliviousTransfer::next
I: DecryptChosenMessage::next
I: MonitorObliviousTransfer::next
I: ChooserDone::next
I: MonitorObliviousTransfer::next
I: MonitorObliviousTransfer::next
I: InitChooser::next
I: MonitorObliviousTransfer::next
I: RecvConstant::next
D: received message: 362ab1487dbbdfa884ae9b64fa07c737ffa3bc0f23e943d3e650cdfb1ae2bf48452cb4441591f374566acc7907c452140765d37e048d59723464d233352552fe553598d93499fa5e72eef1fe9c81cfae385ec85caff877be4e937531ee4130635c177b1075eedf7549b74b3349b2a9e165c153ffecd6022a27a0e6bf828542fa0723f638e973813972082fcff3ad0c089d009faa96d0ea9b0597e2fd07d68c383cec5fa8891fcfd9093c63cb7266e87f4d5d3053dd95ee4b67586744742e63d78bfb90ff28b532248b719cb0081b3c5dd15e29a5491a7704446537bd9d8939dc725a1ca7094955b106c899745643d10de6ecfa6e1316ea26274349f072189530
I: MonitorObliviousTransfer::next
I: GeneratePublicKey::next
D:  sending message (size 0.000512 MB)
I: MonitorObliviousTransfer::next
I: SendPublicKey::next
I: MonitorObliviousTransfer::next
I: RecvEncryptedMessages::next
I: MonitorObliviousTransfer::next
I: DecryptChosenMessage::next
I: MonitorObliviousTransfer::next
I: ChooserDone::next
I: MonitorObliviousTransfer::next
I: MonitorObliviousTransfer::next
I: InitChooser::next
I: MonitorObliviousTransfer::next
I: RecvConstant::next
D: received message: c8b49a931e669feef6fd0a6dacf4c9471bb31c21e403057340c4a9b976a4d1a80c13f2326442c5ebebdb90f9f1b924690ff8d86cd64c24018ef4a47faf94f9bbe26bf03dea20147d7f0d4194ccfb6f66703364b489cc725bdd755fbb153414ffd21ccedf9f66c523a37e9a71d5a9f5f4b4a79935c53ed0c06a1cd34abbf6f28b5da23e264c1fa146fb1f90a2057d507bf6216aecfa3af36149ad852d6c9d32da1f1774cc36a9011e16de5e2521caaa3cccb312b9deca09fa805b7603384fcf5bbfc26ba0914a602af5101493313b96b51ad55d0fcd186cfee35cdb81f84cdffbe0c64529214bafa3e1218d657881820b5ecda1925a279472e2d788d18ffe6930
I: MonitorObliviousTransfer::next
I: GeneratePublicKey::next
D:  sending message (size 0.000512 MB)
I: MonitorObliviousTransfer::next
I: SendPublicKey::next
I: MonitorObliviousTransfer::next
I: RecvEncryptedMessages::next
I: MonitorObliviousTransfer::next
I: DecryptChosenMessage::next
I: MonitorObliviousTransfer::next
I: ChooserDone::next
I: MonitorObliviousTransfer::next
I: MonitorObliviousTransfer::next
I: InitChooser::next
I: MonitorObliviousTransfer::next
I: RecvConstant::next
D: received message: 9c8d76eadb8da98489111f7962d09d0e4e8e127483c5524affaa9d526ce000f248390e1db68f2417fd1ae9d43dbb88ee4330a039a6c66997a9bb8681f3f67a75a9ffa801159420583af7421d817ef368f60267ebbee740e57302573618488ad6840bd11cdcc9a0d10107bc5bdd65190a10ff3c8be014cb6a56fccc7334a6751294331819d82ad7e8fe07edb4f677632189072f6f3d1dfc91426de93cbe43a3c0ec640659802308e1eed7b77722a59d23744d62f06b543ac73dbfd7ceb8233af64d17621e66e7f270464bb9e4201bd765a7899813a4185eb3b6a914c3c73438cef70bb1aa0b13cbc847e308e2bfa06b3c80f1494d78af88a49634a880fb0750f3
I: MonitorObliviousTransfer::next
I: GeneratePublicKey::next
D:  sending message (size 0.000512 MB)
I: MonitorObliviousTransfer::next
I: SendPublicKey::next
I: MonitorObliviousTransfer::next
I: RecvEncryptedMessages::next
I: MonitorObliviousTransfer::next
I: DecryptChosenMessage::next
I: MonitorObliviousTransfer::next
I: ChooserDone::next
I: MonitorObliviousTransfer::next
I: MonitorObliviousTransfer::next
I: InitChooser::next
I: MonitorObliviousTransfer::next
I: RecvConstant::next
D: received message: baf03be89b88cd6e13b11a17a84487f3a50ffd390d1d1fbd387153980cc14402b53272cbfe4a07ecc1764d76deaa7565ee6189bb9f2f8582ca0c471351273d1293533c3e5a4b9af4520dd8f3c5f68605419ddb6a9e6b18ff6fde1aef7fd683b1ccfeefcb43645191f9edf9bac841cb6250dd394914ee4ce12b1656491117a6c9772cdc31b22a08b92936f9936ba4abb77d280a2c94ca93032b43b297e4bc899c8a6373d2fa09128d6227ffb1cb13ae348f17e4511eaa0dcc24255eadf6fce3925bb4f31f839d9ac6b0a2409409c0faa50e621284ee9dacf28b230c82578d0ab6a95d6066205b12747b23b7ad8f46552c475b03125ff485c3e25fd1c3e4e20176
I: MonitorObliviousTransfer::next
I: GeneratePublicKey::next
D:  sending message (size 0.000512 MB)
I: MonitorObliviousTransfer::next
I: SendPublicKey::next
I: MonitorObliviousTransfer::next
I: RecvEncryptedMessages::next
I: MonitorObliviousTransfer::next
I: DecryptChosenMessage::next
I: MonitorObliviousTransfer::next
I: ChooserDone::next
I: MonitorObliviousTransfer::next
I: MonitorObliviousTransfer::next
I: InitChooser::next
I: MonitorObliviousTransfer::next
I: RecvConstant::next
D: received message: 94b32c3625ce536e6ec99f6f26f2d8cb48321b479deb417b9f671a2b3dbff3fdafdaf53b0ba2ff525d09474a9ffad931bb528a3d9eafc5f13967c004e6e518f25019704f45ad01ae9d51d189c8c90a5c28185ea1a5b8245fcd9c94f3d8eaa2a6c5c9958b0097670c014fcbce14277439c0f2f8948a8cbbeb13b38af9d67a93f2243dec57a82b7eb39ca82f8c4b05f76c082ed2344cc6c65b13fd1511cfc41aaa0c85548e9a176ff8028c4ecdb5459eb7b1f1cd0d86f122e8d7f51f7e0271fee3e019689870b752d50e58322d663752acb959c6555585bb207ae06a256f33791e5c133e0f205697cdadfce164699820326a7e941070d76c65f8c475d7dc5cb91a
I: MonitorObliviousTransfer::next
I: GeneratePublicKey::next
D:  sending message (size 0.000512 MB)
I: MonitorObliviousTransfer::next
I: SendPublicKey::next
I: MonitorObliviousTransfer::next
I: RecvEncryptedMessages::next
I: MonitorObliviousTransfer::next
I: DecryptChosenMessage::next
I: MonitorObliviousTransfer::next
I: ChooserDone::next
I: MonitorObliviousTransfer::next
I: MonitorObliviousTransfer::next
I: InitChooser::next
I: MonitorObliviousTransfer::next
I: RecvConstant::next
D: received message: d5880e8039d399b606de400e8fa0f721eca169b2d108d54fe14f209702cc6bd30d77b6ed7090c85567361f221183241c2085ef925769e8dcdae65e36eb0631552f2698f54f715391f059ebf1a18c70570f759443da58ec6410d899c195468370ca03a732416382a1597e25980d8dc23b3aae6d053acafe495ffc64ace1aa13d99774d727ff1302ef52792a1fcd070635622ea7c824392e02c92b4c6a157cc5ef43af75eb4b95dafad4467bb20c6371ceb1d9ce48bbe89386b93a2f2b10eae16c4bee7c2ee5a4453083216e1f0ba799def61c2c2cfb5f22f91c8fd27275027911cab6e4f4b125fe13642ae5e1cfbc6166afd76c993e9b34f83988cf1e7ba2634c
I: MonitorObliviousTransfer::next
I: GeneratePublicKey::next
D:  sending message (size 0.000512 MB)
I: MonitorObliviousTransfer::next
I: SendPublicKey::next
I: MonitorObliviousTransfer::next
I: RecvEncryptedMessages::next
I: MonitorObliviousTransfer::next
I: DecryptChosenMessage::next
I: MonitorObliviousTransfer::next
I: ChooserDone::next
I: MonitorObliviousTransfer::next
I: MonitorObliviousTransfer::next
I: InitChooser::next
I: MonitorObliviousTransfer::next
I: RecvConstant::next
D: received message: ba251301847f82db6e0d52e13865dc1b738c81bb9409780ce81517c8f39ed8b2b640869520973f8cb0f3487242a31393a2161b6538eb1d981536a107db64dfa99da3ca19a71f24aac778d3ea448686e91d96bdc7e09851ef570046d95878da320e54dfd3118ae0efb1256a99a582851661d36788be9a2adaa3176b2078343cca53db3ececab50ca6c86af49bb668fa330aa39d4906d1d42971db8fc45b10632e5281fa92b3da1b84d42b2a1a75338749b06bb0b1be0636b66c93b75d566feb0c6b6af163673c414e663f9abf591afdbeca62ac87a4ad759f67cdc10c491b34464501ae447bf22974d5a02289e21b095fb77dc48dd4c058eeb36df5244f67daf1
I: MonitorObliviousTransfer::next
I: GeneratePublicKey::next
D:  sending message (size 0.000512 MB)
I: MonitorObliviousTransfer::next
I: SendPublicKey::next
I: MonitorObliviousTransfer::next
I: RecvEncryptedMessages::next
I: MonitorObliviousTransfer::next
I: DecryptChosenMessage::next
I: MonitorObliviousTransfer::next
I: ChooserDone::next
I: MonitorObliviousTransfer::next
I: MonitorObliviousTransfer::next
I: InitChooser::next
I: MonitorObliviousTransfer::next
I: RecvConstant::next
D: received message: 8c1f933fc7823daf27b6f4506e3debb41ce312d505ad6b2fd8da0bd888f4be9ff601c1ee5868e1a214c1dd3250f28ea4896d8e97dc1db81b53cfcc0ac5ea371ca0b10bffa8f3a35f20e9dc75506ca775d022f9062e46c99809e74ad0d78b08e557ecc5b53a26c3beb554ee7c2825fd12a1733f2e16a782fc276000ce982774f490cb2b0d7a6d3ebcbe7a89b35be32e2bef400090d8e24869540a102e715bfb3ebf8c3ff3153d464e2857c0dcf050d4672947d7543dee711e63d8c32b2eac20cfe55acfa74fb7bc7a1b2bc61e1d81b809992cc7ef3a3e4b6d08697d0a8d1afe266d76f2d1838f5be4e66515b06cf6684a55fc2aa1d05f929308558d1785275db3
I: MonitorObliviousTransfer::next
I: GeneratePublicKey::next
D:  sending message (size 0.000512 MB)
I: MonitorObliviousTransfer::next
I: SendPublicKey::next
I: MonitorObliviousTransfer::next
I: RecvEncryptedMessages::next
I: MonitorObliviousTransfer::next
I: DecryptChosenMessage::next
I: MonitorObliviousTransfer::next
I: ChooserDone::next
I: MonitorObliviousTransfer::next
I: MonitorObliviousTransfer::next
I: InitChooser::next
I: MonitorObliviousTransfer::next
I: RecvConstant::next
D: received message: a624793a2bfcdc337674823089040ee15506b3e756b3bc18b444c4fbaaa2a63aeadcdbf5eca0a8d267fed99d035f92817c9b2f73fac157de0541d1773422d27c6a8bc5bb11329db00ab8d9d4f98939e32e1f237361d5ba79b6327ef92d610f082ac795a450c26728a32f6f90eba006898b8c9b1c59d39ad2a9b0fdae03977e829e9d995af519c6be1a9398ac1bbe14d837c5fc2136a25feff641a7cf404eab922cde0c2b893fb4c5f174409cd428d3df11f85fba7effacbb858fd02e2ce1c6248e1ab4c8fb6bce136d7aced693e00041e9230bb79a6ea255ecbe9d33bbaa744295d02d10e22bad0344c984e25b3eb081c9e41b715ec0998e1632f4ac34b497c3
I: MonitorObliviousTransfer::next
I: GeneratePublicKey::next
D:  sending message (size 0.000512 MB)
I: MonitorObliviousTransfer::next
I: SendPublicKey::next
I: MonitorObliviousTransfer::next
I: RecvEncryptedMessages::next
I: MonitorObliviousTransfer::next
I: DecryptChosenMessage::next
I: MonitorObliviousTransfer::next
I: ChooserDone::next
I: MonitorObliviousTransfer::next
I: MonitorObliviousTransfer::next
I: InitChooser::next
I: MonitorObliviousTransfer::next
I: RecvConstant::next
D: received message: c327523badd01984da713651030dca24f105d3fd3c8837297607377ac1d212b01c828a65365a0a9b4b7b9e1ed797077eb7708dead5049ab2a11e613bb6e939db9c950e84425c647282968cd9ba2da64a285ec0cb19f52cdd7cd178663ba4544b51cb448d504b1ca9ce17f01e930e5f69897d022792d98dea22ef210a98cabca2804d2eeb1df21a6fbdad393b293b0d67644965fd4e83deea9e02679a9cae2eea0817e5a277141ada9fa8ce455cbd383e7524cd6bfcd8818fe15706c2063d99be80d5fbebaffe7c4f17ae72ae2ef06b0c7da1fc53511ec58fb7ed5234d21d7a60fc85aad29ff56f0c3d6585de6f37c099c80cb9e23efa0e1fb31c4c5f96f1d485
I: MonitorObliviousTransfer::next
I: GeneratePublicKey::next
D:  sending message (size 0.000512 MB)
I: MonitorObliviousTransfer::next
I: SendPublicKey::next
I: MonitorObliviousTransfer::next
I: RecvEncryptedMessages::next
I: MonitorObliviousTransfer::next
I: DecryptChosenMessage::next
I: MonitorObliviousTransfer::next
I: ChooserDone::next
I: MonitorObliviousTransfer::next
I: MonitorObliviousTransfer::next
I: InitChooser::next
I: MonitorObliviousTransfer::next
I: RecvConstant::next
D: received message: d796303c3ed5227a74988f41898ca975059feed1d00114e7c4be93e0ed3b66afaf235b40ff05952f534582533dcf30753b1da9e9cd41e3446c0543efde20c15947bbf55e404811b5b4e9d2f3dc68ab7dab2d55d408d3d5f8db89c6d1f49b28837a687dbd0e186026a98efbe9fec7d070bdbec3ffb57d21fed860a74098b13abbaafc69e96ac8b3a3195d4faca5d690f218d1695b6f1504eef641e4f63c66e6af02b8acd2be4d27f76cdd530b06872435fe7fd25751b613ad0c4508e50dc79332e054bf00bab3e3cc9c3c43ec9956d38437aac2c0c48e5f8afcb23cca71d0294ddd32490953310676f0a843085e875a27ac867daeb67396dc4c6fbf4d2922b472
I: MonitorObliviousTransfer::next
I: GeneratePublicKey::next
D:  sending message (size 0.000512 MB)
I: MonitorObliviousTransfer::next
I: SendPublicKey::next
I: MonitorObliviousTransfer::next
I: RecvEncryptedMessages::next
I: MonitorObliviousTransfer::next
I: DecryptChosenMessage::next
I: MonitorObliviousTransfer::next
I: ChooserDone::next
I: MonitorObliviousTransfer::next
I: MonitorObliviousTransfer::next
I: InitChooser::next
I: MonitorObliviousTransfer::next
I: RecvConstant::next
D: received message: fd3c149a3b4ec760ca6093bd94a539d02b5f6815e323669b900ff58f000cdc51f9606983a57fa14bbd50a3c1b5c0a857e1af2194d8223bb647b71ae2de3ac27e04b153b62356b3f75d7ff3edb80784e4dc962b05ca2ec2e1203f3a2ed072114d5ffc014932a083c677fa47dc1bc9a705ddc52da00789fcf720af825bf007d7044daa7d810b71966ff85ad0a120ba48b8cfbd8c517af699d1e0ec1ac9fcbb496fc40a57f7e09da011c3f2bb3367b008b68d5eef190f55509d94d73e65810f32f77090085625a43512ab89b69e84c81fe279411d388bd860a4c22546d19fddc351bd5dcaeae9dcb17d980f270ca5a6b60219abcf090044a6e7caedf4a23d38d97b
I: MonitorObliviousTransfer::next
I: GeneratePublicKey::next
D:  sending message (size 0.000512 MB)
I: MonitorObliviousTransfer::next
I: SendPublicKey::next
I: MonitorObliviousTransfer::next
I: RecvEncryptedMessages::next
I: MonitorObliviousTransfer::next
I: DecryptChosenMessage::next
I: MonitorObliviousTransfer::next
I: ChooserDone::next
I: MonitorObliviousTransfer::next
I: MonitorObliviousTransfer::next
I: InitChooser::next
I: MonitorObliviousTransfer::next
I: RecvConstant::next
D: received message: 8d2b0666b2f37d854b7b1a6e0657a68351521bd894b99bd2d726c075767dd99f7a6a9df730798081f70d1c2611226b4066c894005a40694dffe99a972b5d7c5dff3629639b3a72c3ae69b66d6a2937ed2e5ac66a0eb241bbb8ce7668147aca0ff1e203c3c8da66bfb91097ba7db4a1519f458bb0630ccfe75dd63f8b2f57fb242d28df71e6b70ded40287503afb06e4eb117e0385e58a9c20bb8ce072460ab6efd5916e6c5e587c7dc5534b4754cb25aed300f08d518e589d3f27c657cc34dccde91ca7175c32d4c88f2c4ba0ea6c10e58373cdbc4f2993756f122823f97c360182433006325541340f3815b2c7383bad38d41358b20f5f4492b402bbd6e1247
I: MonitorObliviousTransfer::next
I: GeneratePublicKey::next
D:  sending message (size 0.000512 MB)
I: MonitorObliviousTransfer::next
I: SendPublicKey::next
I: MonitorObliviousTransfer::next
I: RecvEncryptedMessages::next
I: MonitorObliviousTransfer::next
I: DecryptChosenMessage::next
I: MonitorObliviousTransfer::next
I: ChooserDone::next
I: MonitorObliviousTransfer::next
I: MonitorObliviousTransfer::next
I: InitChooser::next
I: MonitorObliviousTransfer::next
I: RecvConstant::next
D: received message: cb835ceff7cd8b0226f9b0c23078057899fea064ab7ba089c420b32304a856716bb1408508a89fede6ec6a44b616cc68197f619a256a010e5bc029b4dc43b9f0d28f2b98247f89f09aff686b3185814c3bcff99ef74ba5ec21fa3801527bee31688e4bdb3a6a436895e042c49c4a3233ffae1b063d0f2106737e7d225b67b7098fa8ec72b1c7800235425c0c0b521a36478c07344bfc4adc25032d397d090341f83846fde571e32b14b15d2f175f2c9a269cb9b93a0e146f60aa4012eb95b5bb6811716f9f293fb9d5f7e6fd15bd575529a060bfbc232fad91e0cd0b77df76294d610597773f8eb92ce1131a495544a8de6f70bffce8dc28ecd36504f4ef04a6
I: MonitorObliviousTransfer::next
I: GeneratePublicKey::next
D:  sending message (size 0.000512 MB)
I: MonitorObliviousTransfer::next
I: SendPublicKey::next
I: MonitorObliviousTransfer::next
I: RecvEncryptedMessages::next
I: MonitorObliviousTransfer::next
I: DecryptChosenMessage::next
I: MonitorObliviousTransfer::next
I: ChooserDone::next
I: MonitorObliviousTransfer::next
I: MonitorObliviousTransfer::next
I: InitChooser::next
I: MonitorObliviousTransfer::next
I: RecvConstant::next
D: received message: cb1e3fc37df1e9a85c8f3fb01942bbae744693a6944038daafc9fd3093dd1a4d22ff3da98d00353ee8f3be88b29d5d8a88dd4faf83f7a7a931d92b83a39e61d47e011d1dca00594be37326264fc653d6b336366da535aa5c4c5db528cd3b947f384e78dc13ffc4a5ddccc931d454504f3c5b477eb21a14c2c470b51472776b986e63595f613b151a9faa8d29093993e6584246354784b556f07b1bab25b8f77f0644edc851dfd3346da30cb9c07de9d805fdbb93aefff10a115278d6dd5879a2c63332faee464ae1ada0ecb9a6e92cb31f52ea0f6df5cf84d0108cb87d37b2e59a64c6f4f417f51ebf5e0d408d2c0a3768421a3328a3a3902b647dbfd77836c2
I: MonitorObliviousTransfer::next
I: GeneratePublicKey::next
D:  sending message (size 0.000512 MB)
I: MonitorObliviousTransfer::next
I: SendPublicKey::next
I: MonitorObliviousTransfer::next
I: RecvEncryptedMessages::next
I: MonitorObliviousTransfer::next
I: DecryptChosenMessage::next
I: MonitorObliviousTransfer::next
I: ChooserDone::next
I: MonitorObliviousTransfer::next
I: MonitorObliviousTransfer::next
I: InitChooser::next
I: MonitorObliviousTransfer::next
I: RecvConstant::next
D: received message: 7040acf121f3f94be6aea3faf5cf4a0fa813007022e5d3750d0eac775491fa571cc42c74900c2c9cea6cf8289f8e2976df6c365a6719c0c06c6c82ebff8307323606988687ff46b9f469af312d1ea218e4acde70bc24abb3d779268608e0e9ef51be9b5fd6d363646407bb976a8309d308487aa0c29d1f59e7f32baeb387f8bb1dad04cbf1dc4c381ef07bffb3d1b8b96815788af7ebe7155268b0fafeb592f45a23ccbbbb7eaf35f58d617f710342e38c76643c048ff1af0d4f346b7aab96d5b0ee7bca6d703b9439c9867fa8ae675bc35ce32bbd5d97d17886dee4546eefa3fdbb3b51863124903932e8ddd48aafefe278e9b3917490fc1991243f828a4526
I: MonitorObliviousTransfer::next
I: GeneratePublicKey::next
D:  sending message (size 0.000512 MB)
I: MonitorObliviousTransfer::next
I: SendPublicKey::next
I: MonitorObliviousTransfer::next
I: RecvEncryptedMessages::next
I: MonitorObliviousTransfer::next
I: DecryptChosenMessage::next
I: MonitorObliviousTransfer::next
I: ChooserDone::next
I: MonitorObliviousTransfer::next
I: MonitorObliviousTransfer::next
I: InitChooser::next
I: MonitorObliviousTransfer::next
I: RecvConstant::next
D: received message: 1e0cbc806a0c6836c03f3e70ca99301d6e0184c3b6f1c7e61210de85ef44cdf74fcc086aad7a2ab6a50fa58f1e26d555c6127c0fa7eaac02e754340db2150acb086ab59b4ac9476b33ebf5cbec4e908f380a58d09faaabfdc71cab0889a8fe123129cbb6dff35a039526578af2e91a16196556d21e86a4b3d8f361ae6b8f85be6fb845351293054d0319acb904a44103d645155db7bed3e0a22e1a27da4fdef98166eb854c73f3679e0a7e646822ee2daab8ec450c69cb11236c8dbf2ec37ce33dcba643da96421959628aa1e6c0a8feed486f31153ca4229b8e89515bf436bf2eb86ad91e5b1f2dbcf39958855abd2a0b1d5d726b2e0c7b74a54106a0090bc6
I: MonitorObliviousTransfer::next
I: GeneratePublicKey::next
D:  sending message (size 0.000512 MB)
I: MonitorObliviousTransfer::next
I: SendPublicKey::next
I: MonitorObliviousTransfer::next
I: RecvEncryptedMessages::next
I: MonitorObliviousTransfer::next
I: DecryptChosenMessage::next
I: MonitorObliviousTransfer::next
I: ChooserDone::next
I: MonitorObliviousTransfer::next
I: MonitorObliviousTransfer::next
I: InitChooser::next
I: MonitorObliviousTransfer::next
I: RecvConstant::next
D: received message: e494bd3693dbd98216bd51d1f7c7221f896bd5e0cdc30358750b91536b95df50aee70a856c0a17c673ef1aebbf62b23c781a181b070460bbe3d5d5e177f73b292ee19544547ea889758a22201ad857dde33319a235a7db6c9432cf75007fb1170cf4d33d3be6e5e12f01d0ecf59cb81bbf0c5386c591049fc7f5e85d6dd9a897fe761d9e01b7badd69e3169f2ff7dd0bdc613d7fb75a42e60ba591c1a09236834e55cb4287b62a8ecd3231a40cf436cdc402cc04b0cb35345b2a2a248feeff3eeb90f994f4574ac29df8cca739069dfd7859580b0228f86ccfe8e3ea3421c412956a10ac23223a8c3622c9bcf400dc9d405b27f659353c5ea13c3b352b979598
I: MonitorObliviousTransfer::next
I: GeneratePublicKey::next
D:  sending message (size 0.000512 MB)
I: MonitorObliviousTransfer::next
I: SendPublicKey::next
I: MonitorObliviousTransfer::next
I: RecvEncryptedMessages::next
I: MonitorObliviousTransfer::next
I: DecryptChosenMessage::next
I: MonitorObliviousTransfer::next
I: ChooserDone::next
I: MonitorObliviousTransfer::next
I: MonitorObliviousTransfer::next
I: InitChooser::next
I: MonitorObliviousTransfer::next
I: RecvConstant::next
D: received message: 19c94fc247b9aa5d115d68c0af899f6214405f45951132978d581b30f137b42138359af28f971cdce3d1c24bc734abf670e74cd4249ff6a06cf18817ded42d6ca330ea205bb28fda6cf9ab5cde5b38b8c8d65f695a342ccdeeb35a0aa88c5aa7ee23015085c475becb9029fd3140610b18ddf116c77d483ed7e725693919233b427e151748b315aa0e570507de29f54ee425d12e3ffc789f20b73203372fa1057dfd77c542639f445793a27735db7d0477364214406bd2b580872037859433ac80c617c3e220b476cd93237f5693e395fe0b55519784ff1831731cb9b4105713c820d3185f8e79b007f165acf5da2e231b70bf03db7801fb43e8b050e307044e
I: MonitorObliviousTransfer::next
I: GeneratePublicKey::next
D:  sending message (size 0.000512 MB)
I: MonitorObliviousTransfer::next
I: SendPublicKey::next
I: MonitorObliviousTransfer::next
I: RecvEncryptedMessages::next
I: MonitorObliviousTransfer::next
I: DecryptChosenMessage::next
I: MonitorObliviousTransfer::next
I: ChooserDone::next
I: MonitorObliviousTransfer::next
I: MonitorObliviousTransfer::next
I: InitChooser::next
I: MonitorObliviousTransfer::next
I: RecvConstant::next
D: received message: 7e20904724d6ba0bd0f73c4c456d3e625422158112a543e5f8709d991d3237f1a79afcc6860c3a3864b2f94d893bc9b42df22a39042521fd3846878738083f33be7daf912e0666fa7f561813e55cff15266f1a46ea7937a8293352c7f708e526dc41438854e09a3113e0a91acd6258bda56796ef7f610cf358ca2202637835196f49d40884ada27966c0a7f4d0ac434d257514de635404ece2269950366a4d7eec3e665b74361e22614e13d55f9cdc48122978b3546838e4e0e3218da94a0cd4fa51bc1856ae52b64c0ec02da92303e4baaf6b60d49621f802d46777ad8ee2c36250dbdd2c7b835812807e9827fac8e84ba50ca359f4fa1a62be7d8d445751a
I: MonitorObliviousTransfer::next
I: GeneratePublicKey::next
D:  sending message (size 0.000512 MB)
I: MonitorObliviousTransfer::next
I: SendPublicKey::next
I: MonitorObliviousTransfer::next
I: RecvEncryptedMessages::next
I: MonitorObliviousTransfer::next
I: DecryptChosenMessage::next
I: MonitorObliviousTransfer::next
I: ChooserDone::next
I: MonitorObliviousTransfer::next
I: MonitorObliviousTransfer::next
I: InitChooser::next
I: MonitorObliviousTransfer::next
I: RecvConstant::next
D: received message: 471ad9ad30d22cd479f278543681a7b76c988cd39d07dce66a32ad060daf1c8648adc4050b6e787587e93cb0974c5319221748a5103d2354388b52e005b5ae96fd154859d89fba3c4500f889bac3fe6f717e52145bea9f138da666f3f0038804e2fa4e934f4373e81e7383a3278be07d2988ddae8d2a6c9fb4e69da8c05673805c48b458fac9f9ff0a61c81d91cc60b68cc6a1a22cdeaa5c22f269752cbe5f2de541fb5afdf4d2fb0645282daad151c9ccd747f918e5565818ad482533e50149f7240ec10390cb053b704f674301dd26204ca7f1d32c73bad0f330b26dd668212c57d8bbc416d97147896707998770edcc994785492536f907b033cf993cd6b4
I: MonitorObliviousTransfer::next
I: GeneratePublicKey::next
D:  sending message (size 0.000511 MB)
I: MonitorObliviousTransfer::next
I: SendPublicKey::next
I: MonitorObliviousTransfer::next
I: RecvEncryptedMessages::next
I: MonitorObliviousTransfer::next
I: DecryptChosenMessage::next
I: MonitorObliviousTransfer::next
I: ChooserDone::next
I: MonitorObliviousTransfer::next
I: MonitorObliviousTransfer::next
I: EvaluateCircuit::next
D:  sending message (size 0.000001 MB)
I: SendFlagBit::next
I: ==== round duration: 14221.359375 ms ====
I: MonitorCopyMonitorStateLabels::next
I: RecvGarbledGates::next
I: RecvSystemInputLabels::next
I: RecvFlagBitLabels::next
I: EvaluateCircuit::next
D:  sending message (size 0.000001 MB)
I: SendFlagBit::next
I: ==== round duration: 14009.205078 ms ====
I: MonitorCopyMonitorStateLabels::next
I: RecvGarbledGates::next
I: RecvSystemInputLabels::next
I: RecvFlagBitLabels::next
I: EvaluateCircuit::next
D:  sending message (size 0.000001 MB)
I: SendFlagBit::next
I: ==== round duration: 13924.771484 ms ====
I: FaultObserved::next
I: MonitorDone::next
