I: parsing spec file timekeeper.v...
skipping synthesis, BLIF file already exists.
I: parsing BLIF file synth.blif...
D: inputs and outputs parsed.
D: circuit initialized.
D: connections (#2018) parsed.
D: gates (#20547) parsed.
D: outputs: 22407 22410 22413 22416 22419 22422 22425 22428 22431 22434 22437 22440 22443 22446 22449 22452 22455 22458 22461 22464 22467 22470 22473 22476 22479 22482 22485 22488 22491 22494 22497 22503 22405 
D: circuit size: 22504
D: adding identity gates for outputs...
D: outputs after identity: 22537 22538 22539 22540 22541 22542 22543 22544 22545 22546 22547 22548 22549 22550 22551 22552 22553 22554 22555 22556 22557 22558 22559 22560 22561 22562 22563 22564 22565 22566 22567 22568 22569 
D: circuit size after identity: 22570
I: initializing safe primes...
I: using prime modulus 179769313486231590770839156793787453197860296048756011706444423684197180216158519368947833795864925541502180565485980503646440548199239100050792877003355816639229553136239076508735759914822574862575007425302077447712589550957937778424442426617334727629299387668709205606050270810842907692932019128194467627007
D:  sending message (size 0.000005 MB)
I: InitMonitor::next
D:  sending message (size 0.339769 MB)
I: SendCircuit::next
I: RecvGarbledGates::next
I: RecvSystemInputLabels::next
I: RecvFlagBitLabels::next
I: MonitorObliviousTransfer::next
I: InitChooser::next
I: MonitorObliviousTransfer::next
I: RecvConstant::next
D: received message: a3c356ecf4e1107bf003d76c7f49fc2ba59c8d2b6028141f2f9f5315b4a1d5e808d473e37f002cfe075f7056c8524bef357d7c09189c65fca37b48590121df4db3b27e80afd3efb0a197fe4cfd1ff68fcd99525b8367b0d2ad8a8d255972c9830f55e63f65c2f7f0c321564ab1da8c2770a76788dc930f9c7d1664297b18fb4f
I: MonitorObliviousTransfer::next
I: GeneratePublicKey::next
D:  sending message (size 0.000256 MB)
I: MonitorObliviousTransfer::next
I: SendPublicKey::next
I: MonitorObliviousTransfer::next
I: RecvEncryptedMessages::next
I: MonitorObliviousTransfer::next
I: DecryptChosenMessage::next
I: MonitorObliviousTransfer::next
I: ChooserDone::next
I: MonitorObliviousTransfer::next
I: MonitorObliviousTransfer::next
I: InitChooser::next
I: MonitorObliviousTransfer::next
I: RecvConstant::next
D: received message: 75b7bc67694bc380fb94c69a180969932effe0f00c102fd5961d09e94cbd2dc63c198b68856e3d1464ba44d5874feba07d67b80959034088b72bd5176e77b3c71d523439643c7d05eb1a895800e85e275a339907fa00c99617ec02d120dd1d64ee1ab286d50caef932138db1d35819aaa58bbf10ad3a66c742c14c11a8fe255b
I: MonitorObliviousTransfer::next
I: GeneratePublicKey::next
D:  sending message (size 0.000256 MB)
I: MonitorObliviousTransfer::next
I: SendPublicKey::next
I: MonitorObliviousTransfer::next
I: RecvEncryptedMessages::next
I: MonitorObliviousTransfer::next
I: DecryptChosenMessage::next
I: MonitorObliviousTransfer::next
I: ChooserDone::next
I: MonitorObliviousTransfer::next
I: MonitorObliviousTransfer::next
I: InitChooser::next
I: MonitorObliviousTransfer::next
I: RecvConstant::next
D: received message: a30ea1fb398f3c7b595c949399c69eb43ea869b8bf9b26f79b47a8db821e00e848dd3461d7ecf9dd11475279f8ac5dd8d0967d9d261f9b1cdb6271ae5df4b847c1c5739555de3a5a50d9daef4a9603981ca5460cdf70112fdb3a256705ecc3c65ae455d4386bb9ee77b3a4d50b5cf5121121331532dc1b363bf1b9f7c727a252
I: MonitorObliviousTransfer::next
I: GeneratePublicKey::next
D:  sending message (size 0.000256 MB)
I: MonitorObliviousTransfer::next
I: SendPublicKey::next
I: MonitorObliviousTransfer::next
I: RecvEncryptedMessages::next
I: MonitorObliviousTransfer::next
I: DecryptChosenMessage::next
I: MonitorObliviousTransfer::next
I: ChooserDone::next
I: MonitorObliviousTransfer::next
I: MonitorObliviousTransfer::next
I: InitChooser::next
I: MonitorObliviousTransfer::next
I: RecvConstant::next
D: received message: 73b0ec1fc57417d3c0189680a1bcb559c8100b4fbe16ba598cc141099e6782dd7ce7e92628152b044d587bcfaabd57dd59a1a0f5d18f12ece9fd8a47a8eb072d30b2fe44e183b7d7d1a4fc25b2c31b4426fe5105509a9cd78c72dd2550d2219024e9ee13e6727749852bb019776c9c04dc462efec9d79f09d7922fd9b3d3661a
I: MonitorObliviousTransfer::next
I: GeneratePublicKey::next
D:  sending message (size 0.000256 MB)
I: MonitorObliviousTransfer::next
I: SendPublicKey::next
I: MonitorObliviousTransfer::next
I: RecvEncryptedMessages::next
I: MonitorObliviousTransfer::next
I: DecryptChosenMessage::next
I: MonitorObliviousTransfer::next
I: ChooserDone::next
I: MonitorObliviousTransfer::next
I: MonitorObliviousTransfer::next
I: InitChooser::next
I: MonitorObliviousTransfer::next
I: RecvConstant::next
D: received message: ffc3ab3e8ec6120d165f1726e00b184401d296108959175b50c5772d8301f56c13a615b31db0b72fd3be6fb498c1fc2130391baa3654ca5aaf59f2171e57a5f7d1eec2a21c1c03628e0bad2b9d0ee4780fc8f34d4ffe6c19ab40a086030592ebc3cc5530d325bf02555ab1fe369ed406bc7f27f5bce060dc62b069f566f87bd4
I: MonitorObliviousTransfer::next
I: GeneratePublicKey::next
D:  sending message (size 0.000256 MB)
I: MonitorObliviousTransfer::next
I: SendPublicKey::next
I: MonitorObliviousTransfer::next
I: RecvEncryptedMessages::next
I: MonitorObliviousTransfer::next
I: DecryptChosenMessage::next
I: MonitorObliviousTransfer::next
I: ChooserDone::next
I: MonitorObliviousTransfer::next
I: MonitorObliviousTransfer::next
I: InitChooser::next
I: MonitorObliviousTransfer::next
I: RecvConstant::next
D: received message: 1fe0a010891cf8d0119f046717e482defb56d04dd3694fae5845b9860915064737e86ff441f1bed0e8e895bd609c0b6e0a999bb53747a77e9499760cfcdf14cbb1894f9f42528e178f8416b2c71ed4997baf7148b74d1e2c0e091f6c05a51918bf2067640cd5eace8ea1f16632e717e7ecf3f8253f4ee2840878b9fb06a428e9
I: MonitorObliviousTransfer::next
I: GeneratePublicKey::next
D:  sending message (size 0.000256 MB)
I: MonitorObliviousTransfer::next
I: SendPublicKey::next
I: MonitorObliviousTransfer::next
I: RecvEncryptedMessages::next
I: MonitorObliviousTransfer::next
I: DecryptChosenMessage::next
I: MonitorObliviousTransfer::next
I: ChooserDone::next
I: MonitorObliviousTransfer::next
I: MonitorObliviousTransfer::next
I: InitChooser::next
I: MonitorObliviousTransfer::next
I: RecvConstant::next
D: received message: 52f28affa9a92cbd3f3f0dcc88ba85c802344506c20ce2f697f9874a7df969aad28bbf56faca20f9960f98617d631cd8b493e6baf70288d1f67fd994cfa7c2788e1b9c37099e819fec17321663e1fce72e3e9ff2cc70265de7ac32459092957fdfa470690ccf77fd487f7614b143b464f3210be4101d5db01a6efed1eb5e67ea
I: MonitorObliviousTransfer::next
I: GeneratePublicKey::next
D:  sending message (size 0.000256 MB)
I: MonitorObliviousTransfer::next
I: SendPublicKey::next
I: MonitorObliviousTransfer::next
I: RecvEncryptedMessages::next
I: MonitorObliviousTransfer::next
I: DecryptChosenMessage::next
I: MonitorObliviousTransfer::next
I: ChooserDone::next
I: MonitorObliviousTransfer::next
I: MonitorObliviousTransfer::next
I: InitChooser::next
I: MonitorObliviousTransfer::next
I: RecvConstant::next
D: received message: 954edd0f7f2ef1a378c38e93589311401fc86127d379d15cabcc9bd72572d8018a20f80c432f492e336bc7fb4952e90286d392007f93c30fc6ff06bbd7e1f666bcead01ca15b2dd1205dd8ab6da428b7ad587ddf785fd7afec129f83b0b8e204264192cd245a0c44b242295df9749dea182679150e5e60daaccf6fe720dc9fde
I: MonitorObliviousTransfer::next
I: GeneratePublicKey::next
D:  sending message (size 0.000255 MB)
I: MonitorObliviousTransfer::next
I: SendPublicKey::next
I: MonitorObliviousTransfer::next
I: RecvEncryptedMessages::next
I: MonitorObliviousTransfer::next
I: DecryptChosenMessage::next
I: MonitorObliviousTransfer::next
I: ChooserDone::next
I: MonitorObliviousTransfer::next
I: MonitorObliviousTransfer::next
I: InitChooser::next
I: MonitorObliviousTransfer::next
I: RecvConstant::next
D: received message: 935ac9d8c85a5b9f6fa9ee659720d9d3f0e5e1688745665412d463cafb18207850608130beef1de2aa58e9c6aa9daf122b730897700fdbd4fc27e5a7417614cacd1f02bbcbfaa80c3c186dcb8fb1ba39f9ccf98fb47dc423b2618b2fa9efd02b39dee89adc5c2838aceb0402b2e8abaa95bfb4203309ea6a4239c9f1ea975577
I: MonitorObliviousTransfer::next
I: GeneratePublicKey::next
D:  sending message (size 0.000256 MB)
I: MonitorObliviousTransfer::next
I: SendPublicKey::next
I: MonitorObliviousTransfer::next
I: RecvEncryptedMessages::next
I: MonitorObliviousTransfer::next
I: DecryptChosenMessage::next
I: MonitorObliviousTransfer::next
I: ChooserDone::next
I: MonitorObliviousTransfer::next
I: MonitorObliviousTransfer::next
I: InitChooser::next
I: MonitorObliviousTransfer::next
I: RecvConstant::next
D: received message: a8003f51ab3a11caea8d509a3be463d71cac07cb43cdc7b3dbbdad559314c00d0631f3601d1eed817225121f5bb981cf4a2d322222874295167f00389c55f466bdca48b9ec9e046141a7c378b78b1d83d9cf1e58a40a583f79101b598125e6719ddac207061f7d81710f4539de0493ebfc12410a591a0824c61cb2236e73a4ab
I: MonitorObliviousTransfer::next
I: GeneratePublicKey::next
D:  sending message (size 0.000256 MB)
I: MonitorObliviousTransfer::next
I: SendPublicKey::next
I: MonitorObliviousTransfer::next
I: RecvEncryptedMessages::next
I: MonitorObliviousTransfer::next
I: DecryptChosenMessage::next
I: MonitorObliviousTransfer::next
I: ChooserDone::next
I: MonitorObliviousTransfer::next
I: MonitorObliviousTransfer::next
I: InitChooser::next
I: MonitorObliviousTransfer::next
I: RecvConstant::next
D: received message: b3ff6589e123d45e956989c0ecb1325ae6857cce37487ad449e74cd18cea057cfcbbfa3932be843e12efd03cff9e310fe3104ce50622815db83d25c311f1d771200bad0fb7d0c2734532de48b840c768b69ea59ab1a59f58160c5ae453fd50bee82299fb100cb6e328575a95f0461a1434787a60d15499ea22feb10d3ed79e26
I: MonitorObliviousTransfer::next
I: GeneratePublicKey::next
D:  sending message (size 0.000256 MB)
I: MonitorObliviousTransfer::next
I: SendPublicKey::next
I: MonitorObliviousTransfer::next
I: RecvEncryptedMessages::next
I: MonitorObliviousTransfer::next
I: DecryptChosenMessage::next
I: MonitorObliviousTransfer::next
I: ChooserDone::next
I: MonitorObliviousTransfer::next
I: MonitorObliviousTransfer::next
I: InitChooser::next
I: MonitorObliviousTransfer::next
I: RecvConstant::next
D: received message: 91a67da205fc1b0881d3e50a5496982a4ad5393927241cb8fb28269e10a6290aa98eedffd2911f339d71916c3a418dda7292ace43ecb81298ba86a105bae8a729ab1ecf9ef90a3ab73e54b66e64af9fa955d002f3045a5ec2c1fa7f7c0bb6cf16c9114eb523f350d822ca34b032cef3921a428dba3825ae654eb24d617c80ee
I: MonitorObliviousTransfer::next
I: GeneratePublicKey::next
D:  sending message (size 0.000256 MB)
I: MonitorObliviousTransfer::next
I: SendPublicKey::next
I: MonitorObliviousTransfer::next
I: RecvEncryptedMessages::next
I: MonitorObliviousTransfer::next
I: DecryptChosenMessage::next
I: MonitorObliviousTransfer::next
I: ChooserDone::next
I: MonitorObliviousTransfer::next
I: MonitorObliviousTransfer::next
I: InitChooser::next
I: MonitorObliviousTransfer::next
I: RecvConstant::next
D: received message: 6a6508a1d20cd000d7d8ab56ea47f0ee722f9fe9a16e970987b0fd2c995839d66ebfa77f9e780516787013ebcd2cbd40e3a46b42bcb404b39157a1106d11df477e9f1f35859ac0a25765173f446fd358404bfb32f5d8289e08503a38baa999821bf78f51f62d983f75e51cb5468cb569f5e18aaedaac0a6e4b76fb9ac1c670ca
I: MonitorObliviousTransfer::next
I: GeneratePublicKey::next
D:  sending message (size 0.000256 MB)
I: MonitorObliviousTransfer::next
I: SendPublicKey::next
I: MonitorObliviousTransfer::next
I: RecvEncryptedMessages::next
I: MonitorObliviousTransfer::next
I: DecryptChosenMessage::next
I: MonitorObliviousTransfer::next
I: ChooserDone::next
I: MonitorObliviousTransfer::next
I: MonitorObliviousTransfer::next
I: InitChooser::next
I: MonitorObliviousTransfer::next
I: RecvConstant::next
D: received message: 3b6ce7ff4833eac90b176fac83fdf95aa886994d4b597c380ba35db9fe575fd53fb0dc33841ae173db4534337a8bdf448e47119930c345191fdf580dda6b6852f76968111b5e51d4c9ffe53516da6bca7624aac2799bd38db9de86b4e34061d6298e6f71b87b624559f9124642a0c0258cb28e7f9abebabb567cc6ff1c59322
I: MonitorObliviousTransfer::next
I: GeneratePublicKey::next
D:  sending message (size 0.000256 MB)
I: MonitorObliviousTransfer::next
I: SendPublicKey::next
I: MonitorObliviousTransfer::next
I: RecvEncryptedMessages::next
I: MonitorObliviousTransfer::next
I: DecryptChosenMessage::next
I: MonitorObliviousTransfer::next
I: ChooserDone::next
I: MonitorObliviousTransfer::next
I: MonitorObliviousTransfer::next
I: InitChooser::next
I: MonitorObliviousTransfer::next
I: RecvConstant::next
D: received message: 1bda19548fcd220412d6c194efb1bb22d89d1e4ddd83c1a018b689d9fe679b0d31fa7a652a1a4e92c030691e418c06bc55069180fcbc540421736fa9c9ed0ab700cd650aef66d6f12134fcc1aa68904dea637a6d016c05d32e018681570d5b46edf45d4dd5d21b31dc5243862d113e7e7253cc60eaa1ce4447d9709c8c50664e
I: MonitorObliviousTransfer::next
I: GeneratePublicKey::next
D:  sending message (size 0.000256 MB)
I: MonitorObliviousTransfer::next
I: SendPublicKey::next
I: MonitorObliviousTransfer::next
I: RecvEncryptedMessages::next
I: MonitorObliviousTransfer::next
I: DecryptChosenMessage::next
I: MonitorObliviousTransfer::next
I: ChooserDone::next
I: MonitorObliviousTransfer::next
I: MonitorObliviousTransfer::next
I: InitChooser::next
I: MonitorObliviousTransfer::next
I: RecvConstant::next
D: received message: ebe3a1480f8063ad2159688374c067ff16c79a064c9020acab5da8cdce30fea4689a3ddc0f6ac45ddc54ea617bf3b7262836b899f49111830d434cc1bc0651a2b0d97fecf677debefd0b0f17e9ab1bda8ae4c1533fc5aa2ccf1aa096140fd73155f245f5040daf109a5be0c695c5d5a0a291b321ffc30db235b015e9c2d9090e
I: MonitorObliviousTransfer::next
I: GeneratePublicKey::next
D:  sending message (size 0.000256 MB)
I: MonitorObliviousTransfer::next
I: SendPublicKey::next
I: MonitorObliviousTransfer::next
I: RecvEncryptedMessages::next
I: MonitorObliviousTransfer::next
I: DecryptChosenMessage::next
I: MonitorObliviousTransfer::next
I: ChooserDone::next
I: MonitorObliviousTransfer::next
I: MonitorObliviousTransfer::next
I: InitChooser::next
I: MonitorObliviousTransfer::next
I: RecvConstant::next
D: received message: 4ee03bcdb98575e66bb00f16faafb60b558b9c7b7ce946e62d48128207b92a0fb6a1f3b14bfc3eb26b0426df16ce41dc271816fc583c29c9b79717b985c95deade34e2567bd1854a70aa60947ddd6498dc5d1c6b52094b13b8117f8c5efbdd1db6c437c2519eea57f9c91483963f38b30f50cbdb2f351b56847288e10845c8e6
I: MonitorObliviousTransfer::next
I: GeneratePublicKey::next
D:  sending message (size 0.000256 MB)
I: MonitorObliviousTransfer::next
I: SendPublicKey::next
I: MonitorObliviousTransfer::next
I: RecvEncryptedMessages::next
I: MonitorObliviousTransfer::next
I: DecryptChosenMessage::next
I: MonitorObliviousTransfer::next
I: ChooserDone::next
I: MonitorObliviousTransfer::next
I: MonitorObliviousTransfer::next
I: InitChooser::next
I: MonitorObliviousTransfer::next
I: RecvConstant::next
D: received message: e91db97d762e11ea67d0f89334f651881ba241079dd7e1ca648e6b5c1cce2035cbe2bb7c3e13b7f54804912fc677f604cc0515e24b745f06a856cf8b70d12584a0c18d1b7d95d909069d8a7c31b802a0c5617c1f1e985045ac7245bad37ac2a0d14728383fd2fecc453fff1deb805e9cdb423a9a843397efd322814efad32954
I: MonitorObliviousTransfer::next
I: GeneratePublicKey::next
D:  sending message (size 0.000256 MB)
I: MonitorObliviousTransfer::next
I: SendPublicKey::next
I: MonitorObliviousTransfer::next
I: RecvEncryptedMessages::next
I: MonitorObliviousTransfer::next
I: DecryptChosenMessage::next
I: MonitorObliviousTransfer::next
I: ChooserDone::next
I: MonitorObliviousTransfer::next
I: MonitorObliviousTransfer::next
I: InitChooser::next
I: MonitorObliviousTransfer::next
I: RecvConstant::next
D: received message: da359bcd0b04777d9e4f4545f29258fd56bc84d14919d93ca61d90973ef05f13dae34c1ef67e7005a54690dafee9ba165a03f36286721355ce0509aebb05e994c27596996bc5268c08c47711ca04597bed7d1b596ee1cd4b919d4bc01459fa02b621465fbfe6e354b87e73c893d9056dae09187874a0b77cdc72d47e6381738d
I: MonitorObliviousTransfer::next
I: GeneratePublicKey::next
D:  sending message (size 0.000256 MB)
I: MonitorObliviousTransfer::next
I: SendPublicKey::next
I: MonitorObliviousTransfer::next
I: RecvEncryptedMessages::next
I: MonitorObliviousTransfer::next
I: DecryptChosenMessage::next
I: MonitorObliviousTransfer::next
I: ChooserDone::next
I: MonitorObliviousTransfer::next
I: MonitorObliviousTransfer::next
I: InitChooser::next
I: MonitorObliviousTransfer::next
I: RecvConstant::next
D: received message: f2dd7639e2e83eeb2b0dc3d5141cf8004191d574848c26b870eacd8f37e6b6784ab6ab285977127212a2c611b22b4ea502c0f66fcf4abac3114c2fcd413d768893bd638f9b6359002f154412319dfb5acfe53a2769e179b3d9ff6f3fac269728e12c360d12b75b3ed19043914ddb995e654125213fb92e74aad142d2a69a0951
I: MonitorObliviousTransfer::next
I: GeneratePublicKey::next
D:  sending message (size 0.000256 MB)
I: MonitorObliviousTransfer::next
I: SendPublicKey::next
I: MonitorObliviousTransfer::next
I: RecvEncryptedMessages::next
I: MonitorObliviousTransfer::next
I: DecryptChosenMessage::next
I: MonitorObliviousTransfer::next
I: ChooserDone::next
I: MonitorObliviousTransfer::next
I: MonitorObliviousTransfer::next
I: InitChooser::next
I: MonitorObliviousTransfer::next
I: RecvConstant::next
D: received message: ba614f86f6e3ca0bd0c072b81b55d56f1c3c9d87d7cb64ff6a06864b4762925d54ff46f990090389129a603a4aa1366c2be558e8b4bfd8c8f38f5dd5c110bd3bab9cf33b7d20a1539843834131f2490a6f8124a32a0dd95a98b3abb03ffdfdcef8c8fcb7124f302ed0c3ce2125f461212ee42a2e2f0211992edf92475048bc6b
I: MonitorObliviousTransfer::next
I: GeneratePublicKey::next
D:  sending message (size 0.000256 MB)
I: MonitorObliviousTransfer::next
I: SendPublicKey::next
I: MonitorObliviousTransfer::next
I: RecvEncryptedMessages::next
I: MonitorObliviousTransfer::next
I: DecryptChosenMessage::next
I: MonitorObliviousTransfer::next
I: ChooserDone::next
I: MonitorObliviousTransfer::next
I: MonitorObliviousTransfer::next
I: InitChooser::next
I: MonitorObliviousTransfer::next
I: RecvConstant::next
D: received message: d8776ae06c558807139a30d1c19b8ea82d8fbbff493f59006660c84a10a33f91ced39db769b4d803f69d7c119edb974b2113b6f1af6d7bae41d301e71a5c29caf557ec0a8d7ec8807f13413e4f23651a2438b9bbd5364bb9beaab4feef520e05f101df2a35869b22d78fcb8975a8749538fa50f636a298e3ba110b2b22e1e3df
I: MonitorObliviousTransfer::next
I: GeneratePublicKey::next
D:  sending message (size 0.000256 MB)
I: MonitorObliviousTransfer::next
I: SendPublicKey::next
I: MonitorObliviousTransfer::next
I: RecvEncryptedMessages::next
I: MonitorObliviousTransfer::next
I: DecryptChosenMessage::next
I: MonitorObliviousTransfer::next
I: ChooserDone::next
I: MonitorObliviousTransfer::next
I: MonitorObliviousTransfer::next
I: InitChooser::next
I: MonitorObliviousTransfer::next
I: RecvConstant::next
D: received message: ca3de7251cb6df186a09e8518c6b9495ef447ee81b9fedb4b1809f69d716b957ad27f479cfdb43646da09894384665fc9413c6f3fe7b90635eb3ce3b42ddca31deffdeea8e1429ef72c8b6409e534d9089e193025d42c8f494fbe29527df1dceec4b8093b8d165bdce9f8f4a2893fc8994c408d3b2a38bb927ee2d178dc65d35
I: MonitorObliviousTransfer::next
I: GeneratePublicKey::next
D:  sending message (size 0.000256 MB)
I: MonitorObliviousTransfer::next
I: SendPublicKey::next
I: MonitorObliviousTransfer::next
I: RecvEncryptedMessages::next
I: MonitorObliviousTransfer::next
I: DecryptChosenMessage::next
I: MonitorObliviousTransfer::next
I: ChooserDone::next
I: MonitorObliviousTransfer::next
I: MonitorObliviousTransfer::next
I: InitChooser::next
I: MonitorObliviousTransfer::next
I: RecvConstant::next
D: received message: b93037b68f6d460fa0773c67b0fb32ba0dfee5121ac63f94c3a8dfa0379295c366520443a26c456d859371979c8d193238e704ad59f6b25aadcc603d65510f9b024314714cb514629e47ee4c3dce0bdb91cddab6684517e1a03b42d40177a7fd439eacb06167750bb8fbb1bac65782a19250bada62120893c91e529304f6cd24
I: MonitorObliviousTransfer::next
I: GeneratePublicKey::next
D:  sending message (size 0.000256 MB)
I: MonitorObliviousTransfer::next
I: SendPublicKey::next
I: MonitorObliviousTransfer::next
I: RecvEncryptedMessages::next
I: MonitorObliviousTransfer::next
I: DecryptChosenMessage::next
I: MonitorObliviousTransfer::next
I: ChooserDone::next
I: MonitorObliviousTransfer::next
I: MonitorObliviousTransfer::next
I: InitChooser::next
I: MonitorObliviousTransfer::next
I: RecvConstant::next
D: received message: a4d2bbad8eeddbc4d9266081e49a26bb5ad45bc75dd6eb5c3e074a3aebfe700ea0f125cf012bc7c3cd111afe059b1a354c569eea237d01e7dad3d9be1154a51f99dff4049b7536b3129ff0cbbca7ae64bd0087dca825dd7d59ec8abe7af1516c114ca1c7304522aced7c97c77db47e26cbb934b21c869720b90ba84079e2e64
I: MonitorObliviousTransfer::next
I: GeneratePublicKey::next
D:  sending message (size 0.000256 MB)
I: MonitorObliviousTransfer::next
I: SendPublicKey::next
I: MonitorObliviousTransfer::next
I: RecvEncryptedMessages::next
I: MonitorObliviousTransfer::next
I: DecryptChosenMessage::next
I: MonitorObliviousTransfer::next
I: ChooserDone::next
I: MonitorObliviousTransfer::next
I: MonitorObliviousTransfer::next
I: InitChooser::next
I: MonitorObliviousTransfer::next
I: RecvConstant::next
D: received message: 871fbcc96708383126f4152ea8676324c40e3d2ad2922d0226fbf4f90a847b59b984e8742ff12d1d1a5d29e22da0a3b9a27b14cefabac0367b31caced11aec717d6e317ec68ce3b2ec797e352058bc07fd433d9df1ed8908ab260e489a2cafe18a5f05f96ed8eb96024fc1bfaf97fa7d192d8ceab0afae4a458fd36789a022dd
I: MonitorObliviousTransfer::next
I: GeneratePublicKey::next
D:  sending message (size 0.000256 MB)
I: MonitorObliviousTransfer::next
I: SendPublicKey::next
I: MonitorObliviousTransfer::next
I: RecvEncryptedMessages::next
I: MonitorObliviousTransfer::next
I: DecryptChosenMessage::next
I: MonitorObliviousTransfer::next
I: ChooserDone::next
I: MonitorObliviousTransfer::next
I: MonitorObliviousTransfer::next
I: InitChooser::next
I: MonitorObliviousTransfer::next
I: RecvConstant::next
D: received message: 7c79101833a3da9fefbf2973f544208704c71ddc85b2747ac545ae1924e3527e3e8efd20f3d04ccb9ad4eec752363b4d92e70092705481df328dc6bac6f65163b80af143c94192e92f3431f1b9689eef86bbadc43bb256fd73b82df730013ed544c666b4eb6f0dbea08db279e8057016cf687dfbfd4dc8edc887466637d9d6ab
I: MonitorObliviousTransfer::next
I: GeneratePublicKey::next
D:  sending message (size 0.000256 MB)
I: MonitorObliviousTransfer::next
I: SendPublicKey::next
I: MonitorObliviousTransfer::next
I: RecvEncryptedMessages::next
I: MonitorObliviousTransfer::next
I: DecryptChosenMessage::next
I: MonitorObliviousTransfer::next
I: ChooserDone::next
I: MonitorObliviousTransfer::next
I: MonitorObliviousTransfer::next
I: InitChooser::next
I: MonitorObliviousTransfer::next
I: RecvConstant::next
D: received message: f6211572f3613dd34015ba6edabb79b55c80873abbb41b9db802c2f6949df5dce0164ba6048b38c04fe6eb9bbdea1b547aa112e5c80dad05e0587abb27abb72ee30453448d3a70c8359009052d0be0ed4c1dd2dc12c714b1b0a3c0fe08af1fa3843f3448c39772ca13a6bc9b36f5811e2cba027df50bfe585f5eeb0ef97bbe69
I: MonitorObliviousTransfer::next
I: GeneratePublicKey::next
D:  sending message (size 0.000256 MB)
I: MonitorObliviousTransfer::next
I: SendPublicKey::next
I: MonitorObliviousTransfer::next
I: RecvEncryptedMessages::next
I: MonitorObliviousTransfer::next
I: DecryptChosenMessage::next
I: MonitorObliviousTransfer::next
I: ChooserDone::next
I: MonitorObliviousTransfer::next
I: MonitorObliviousTransfer::next
I: InitChooser::next
I: MonitorObliviousTransfer::next
I: RecvConstant::next
D: received message: a0fc9c681e89ed1b5ada992fee0e21f4eab577512fa21e349ce452b28daa5732dad11eeb29c3fc022b8db7ac9e80703c1c1c54ddc2fcdbc0849be36f4e250ec4bf26c7d1a9f73fdf44a8ab0fc666c495e4cae267a073951b2611e162162b7c508495c44d57d581f2b09a2586b2dd0cafdfdcceef38a48b11b99c7b69433d7976
I: MonitorObliviousTransfer::next
I: GeneratePublicKey::next
D:  sending message (size 0.000256 MB)
I: MonitorObliviousTransfer::next
I: SendPublicKey::next
I: MonitorObliviousTransfer::next
I: RecvEncryptedMessages::next
I: MonitorObliviousTransfer::next
I: DecryptChosenMessage::next
I: MonitorObliviousTransfer::next
I: ChooserDone::next
I: MonitorObliviousTransfer::next
I: MonitorObliviousTransfer::next
I: InitChooser::next
I: MonitorObliviousTransfer::next
I: RecvConstant::next
D: received message: 36c47de32f37c7726c4668fc6277319beb1e4952a31b66e484502f630f6697f449eddb5540f4800e1d0cbc0f98afe68b71a39d4944a3af267b1fad98edb34bab22ca04a958532df4fc3cd070a3429c472b7695530e2055c9dd19a2447cb783ed9d9d36acf4fc112812f0e6e83ab46a47890a2c83f7f037c6eb566f08dccc95a9
I: MonitorObliviousTransfer::next
I: GeneratePublicKey::next
D:  sending message (size 0.000256 MB)
I: MonitorObliviousTransfer::next
I: SendPublicKey::next
I: MonitorObliviousTransfer::next
I: RecvEncryptedMessages::next
I: MonitorObliviousTransfer::next
I: DecryptChosenMessage::next
I: MonitorObliviousTransfer::next
I: ChooserDone::next
I: MonitorObliviousTransfer::next
I: MonitorObliviousTransfer::next
I: InitChooser::next
I: MonitorObliviousTransfer::next
I: RecvConstant::next
D: received message: ec40e0a1315c74557388ac102e8f8186351e139b6c3f908c6bcf0f5ba589c35555403f645973cd02beee3c2c262eaac3c86064fa3e97e0293593652819b65ae80d54e0e9e3550fa99cbf54ea62c0d4063d7bf9d48b738f313387b56f2e47fd5f3adcd9137cb023e8db93584918dd70584561da1de8c4067dead74e76f79d1116
I: MonitorObliviousTransfer::next
I: GeneratePublicKey::next
D:  sending message (size 0.000256 MB)
I: MonitorObliviousTransfer::next
I: SendPublicKey::next
I: MonitorObliviousTransfer::next
I: RecvEncryptedMessages::next
I: MonitorObliviousTransfer::next
I: DecryptChosenMessage::next
I: MonitorObliviousTransfer::next
I: ChooserDone::next
I: MonitorObliviousTransfer::next
I: MonitorObliviousTransfer::next
I: InitChooser::next
I: MonitorObliviousTransfer::next
I: RecvConstant::next
D: received message: fcb5d614adf14331fd7a7ea6c10e8991bc9ef8e84099162fbe7e167d56e58a27fc8bdde5d2275617456ca8df5933b57867a6c913004a3a91a933ea7a8b7f6ddcda57585b2b291bcbcd0df7ae3d81c093d356abbc6e990777e7b83cfd5ae2b1bb9969db0851bdfc23d8f1e971ab6fee59673f2214c772d3c809d95811e93440ac
I: MonitorObliviousTransfer::next
I: GeneratePublicKey::next
D:  sending message (size 0.000256 MB)
I: MonitorObliviousTransfer::next
I: SendPublicKey::next
I: MonitorObliviousTransfer::next
I: RecvEncryptedMessages::next
I: MonitorObliviousTransfer::next
I: DecryptChosenMessage::next
I: MonitorObliviousTransfer::next
I: ChooserDone::next
I: MonitorObliviousTransfer::next
I: MonitorObliviousTransfer::next
I: EvaluateCircuit::next
D:  sending message (size 0.000001 MB)
I: SendFlagBit::next
I: ==== round duration: 3837.289551 ms ====
I: MonitorCopyMonitorStateLabels::next
I: RecvGarbledGates::next
I: RecvSystemInputLabels::next
I: RecvFlagBitLabels::next
I: EvaluateCircuit::next
D:  sending message (size 0.000001 MB)
I: SendFlagBit::next
I: ==== round duration: 5507.465332 ms ====
I: MonitorCopyMonitorStateLabels::next
I: RecvGarbledGates::next
I: RecvSystemInputLabels::next
I: RecvFlagBitLabels::next
I: EvaluateCircuit::next
D:  sending message (size 0.000001 MB)
I: SendFlagBit::next
I: ==== round duration: 3789.437988 ms ====
I: FaultObserved::next
I: MonitorDone::next
