I: parsing spec file timekeeper.v...
skipping synthesis, BLIF file already exists.
I: parsing BLIF file synth.blif...
D: inputs and outputs parsed.
D: circuit initialized.
D: connections (#738) parsed.
D: gates (#7056) parsed.
D: outputs: 7640 7643 7646 7649 7652 7655 7658 7661 7664 7667 7670 7673 7676 7679 7682 7685 7688 7691 7694 7697 7700 7703 7706 7709 7712 7715 7718 7721 7724 7727 7730 7732 7638 
D: circuit size: 7733
D: adding identity gates for outputs...
D: outputs after identity: 7766 7767 7768 7769 7770 7771 7772 7773 7774 7775 7776 7777 7778 7779 7780 7781 7782 7783 7784 7785 7786 7787 7788 7789 7790 7791 7792 7793 7794 7795 7796 7797 7798 
D: circuit size after identity: 7799
I: initializing safe primes...
I: using prime modulus 179769313486231590770839156793787453197860296048756011706444423684197180216158519368947833795864925541502180565485980503646440548199239100050792877003355816639229553136239076508735759914822574862575007425302077447712589550957937778424442426617334727629299387668709205606050270810842907692932019128194467627007
D:  sending message (size 0.000004 MB)
I: InitMonitor::next
D:  sending message (size 0.103541 MB)
I: SendCircuit::next
I: RecvGarbledGates::next
I: RecvSystemInputLabels::next
I: RecvFlagBitLabels::next
I: MonitorObliviousTransfer::next
I: InitChooser::next
I: MonitorObliviousTransfer::next
I: RecvConstant::next
D: received message: 91f3b34d6f8c67cc832de622ce2f374e1a2dc18d650146a1a0967e6f4e9fa38320031d7108895e28a25434cb2c66e9a6edb196743787c3b62c9a405e03152f50f48cca854edd67e51ff2c9b94eee2694819d8ab8d4a49e09d2eae60e79f024ba75f2eb0dc097a0d9ae7a8f95d72048e6c41ae320b2230308758777a5116531fe
I: MonitorObliviousTransfer::next
I: GeneratePublicKey::next
D:  sending message (size 0.000256 MB)
I: MonitorObliviousTransfer::next
I: SendPublicKey::next
I: MonitorObliviousTransfer::next
I: RecvEncryptedMessages::next
I: MonitorObliviousTransfer::next
I: DecryptChosenMessage::next
I: MonitorObliviousTransfer::next
I: ChooserDone::next
I: MonitorObliviousTransfer::next
I: MonitorObliviousTransfer::next
I: InitChooser::next
I: MonitorObliviousTransfer::next
I: RecvConstant::next
D: received message: 35c66796412dc1581b1f968433479f1de0a9bfadc0bd5ccf3f93e11e6d8c98c8eed02159c50579d80ab4cf67e1ff5e7b9b3094a2ebe90e0739609d0f2e88056ffc46ab42cb449ceb6a11472ff507882674be32bf00a23bcdc6a7c3dfc9e68c89285d06e84e5aeb479a5a8cf4bc791e1863db8006c4f48dd3d59566787b8eac8c
I: MonitorObliviousTransfer::next
I: GeneratePublicKey::next
D:  sending message (size 0.000255 MB)
I: MonitorObliviousTransfer::next
I: SendPublicKey::next
I: MonitorObliviousTransfer::next
I: RecvEncryptedMessages::next
I: MonitorObliviousTransfer::next
I: DecryptChosenMessage::next
I: MonitorObliviousTransfer::next
I: ChooserDone::next
I: MonitorObliviousTransfer::next
I: MonitorObliviousTransfer::next
I: InitChooser::next
I: MonitorObliviousTransfer::next
I: RecvConstant::next
D: received message: b47bdc056fb12a50380724d8552b3c8dd1ddc030ad54f3e3b32c5a4d7ee0647c39e576c460cd217d4e0cfdb4b75d59579366cc34bfd8395ea7e194d395c23785babb5ce3ba587847065f738f4822ab6891797af215c9f9964bdd257c25d70312e77359d2f29891b362427be8809fe641774d3903ce9c9b35b855ecfa0575dcb0
I: MonitorObliviousTransfer::next
I: GeneratePublicKey::next
D:  sending message (size 0.000256 MB)
I: MonitorObliviousTransfer::next
I: SendPublicKey::next
I: MonitorObliviousTransfer::next
I: RecvEncryptedMessages::next
I: MonitorObliviousTransfer::next
I: DecryptChosenMessage::next
I: MonitorObliviousTransfer::next
I: ChooserDone::next
I: MonitorObliviousTransfer::next
I: MonitorObliviousTransfer::next
I: InitChooser::next
I: MonitorObliviousTransfer::next
I: RecvConstant::next
D: received message: cd8cbc5067b2000f1f177dbca1611756ab077bc2d89cce97dc2419e8086bb62f29a8725a7ffecb73287ba859dc31275d785b9b14b02341fb027f78b7f63db1b6c385934e701e5e6cb764bb1411e496ee1d8c97d8a98b38df239c3725d70eb41bfa4c2d2748e203441614b824526fba62e16c690571f9673706087c76389cc718
I: MonitorObliviousTransfer::next
I: GeneratePublicKey::next
D:  sending message (size 0.000256 MB)
I: MonitorObliviousTransfer::next
I: SendPublicKey::next
I: MonitorObliviousTransfer::next
I: RecvEncryptedMessages::next
I: MonitorObliviousTransfer::next
I: DecryptChosenMessage::next
I: MonitorObliviousTransfer::next
I: ChooserDone::next
I: MonitorObliviousTransfer::next
I: MonitorObliviousTransfer::next
I: InitChooser::next
I: MonitorObliviousTransfer::next
I: RecvConstant::next
D: received message: ff7547443f933364b2f417618dc923ea5eb1d4031d45ebb90a2278d913165b87fd5d7985636ffe0b294e3841aefe13997e39151f661ac71d8880e984fae71c4b890d842bd259baf6ef9f3504275588eef7e261f82c1d7725d4659c034f17ab66aa6eb2a3659668411421f7d0d64cc5a93c931374fb48af88e8f9afb4968ad6a5
I: MonitorObliviousTransfer::next
I: GeneratePublicKey::next
D:  sending message (size 0.000256 MB)
I: MonitorObliviousTransfer::next
I: SendPublicKey::next
I: MonitorObliviousTransfer::next
I: RecvEncryptedMessages::next
I: MonitorObliviousTransfer::next
I: DecryptChosenMessage::next
I: MonitorObliviousTransfer::next
I: ChooserDone::next
I: MonitorObliviousTransfer::next
I: MonitorObliviousTransfer::next
I: InitChooser::next
I: MonitorObliviousTransfer::next
I: RecvConstant::next
D: received message: cea5cc5d1084a6f0a7a0b091f1f61de5a99779f404fb468afe961dd792dccc15013253c8a7b3be206ca65d1889e8c7edd614820939e907a5a2319dd83ea98d2009f2f72fe995ca9021491777809972de7bfd8b59ea4203e6f05374c539efb410924485a89f85e6d6a64c1253ef9dbc8498c9bb7520627ada4e3f60a6bdfe7706
I: MonitorObliviousTransfer::next
I: GeneratePublicKey::next
D:  sending message (size 0.000256 MB)
I: MonitorObliviousTransfer::next
I: SendPublicKey::next
I: MonitorObliviousTransfer::next
I: RecvEncryptedMessages::next
I: MonitorObliviousTransfer::next
I: DecryptChosenMessage::next
I: MonitorObliviousTransfer::next
I: ChooserDone::next
I: MonitorObliviousTransfer::next
I: MonitorObliviousTransfer::next
I: InitChooser::next
I: MonitorObliviousTransfer::next
I: RecvConstant::next
D: received message: 5b643b83a82a79151f8e2e7c4e254cd2407f68804ed66cc9201fac8c759a9e8fdd8363be610766c9b9d3ae335b63e1b82fcf4069796265b83347a7ef3cc796b4e189a8aa579442192cf6f87cb1d98f131e11c2f2d61fc73c88b29b6b6a3e80f3c511be095d06b1ccc37a2844d233945dbc55d6e426562994a0453e23242a3e49
I: MonitorObliviousTransfer::next
I: GeneratePublicKey::next
D:  sending message (size 0.000256 MB)
I: MonitorObliviousTransfer::next
I: SendPublicKey::next
I: MonitorObliviousTransfer::next
I: RecvEncryptedMessages::next
I: MonitorObliviousTransfer::next
I: DecryptChosenMessage::next
I: MonitorObliviousTransfer::next
I: ChooserDone::next
I: MonitorObliviousTransfer::next
I: MonitorObliviousTransfer::next
I: InitChooser::next
I: MonitorObliviousTransfer::next
I: RecvConstant::next
D: received message: 4e6e3255b826b8346c2b392033749b92652fa90e962528a0ff4379f48cff149a00c7464139e169a2c9ed46abf6def191b08b201c1677eb2963e6bce6f760fa10cd6a1b8a9a16255d6905e94304e8344fe35fb60af96751492e05358fb27f3f75205d9888db50ac9d5c0a56303c88707f708cade281dee81775629a64d4902933
I: MonitorObliviousTransfer::next
I: GeneratePublicKey::next
D:  sending message (size 0.000256 MB)
I: MonitorObliviousTransfer::next
I: SendPublicKey::next
I: MonitorObliviousTransfer::next
I: RecvEncryptedMessages::next
I: MonitorObliviousTransfer::next
I: DecryptChosenMessage::next
I: MonitorObliviousTransfer::next
I: ChooserDone::next
I: MonitorObliviousTransfer::next
I: MonitorObliviousTransfer::next
I: InitChooser::next
I: MonitorObliviousTransfer::next
I: RecvConstant::next
D: received message: d87d10e371c9259c1ad7f7b74aaf469c6279ab0b433a79edac0853907eac55dbe334a394a403de87d1d3425e8abd048676d3a696c1c369cacbc75c615bb745faad1a858e943b6a4f3c8bb8de2b62ed71552948742cef1086ea876ba0c178899dc38cc4d109ca8cadd21008001a13543a69f2142db656e6d81c17059e17213852
I: MonitorObliviousTransfer::next
I: GeneratePublicKey::next
D:  sending message (size 0.000256 MB)
I: MonitorObliviousTransfer::next
I: SendPublicKey::next
I: MonitorObliviousTransfer::next
I: RecvEncryptedMessages::next
I: MonitorObliviousTransfer::next
I: DecryptChosenMessage::next
I: MonitorObliviousTransfer::next
I: ChooserDone::next
I: MonitorObliviousTransfer::next
I: MonitorObliviousTransfer::next
I: InitChooser::next
I: MonitorObliviousTransfer::next
I: RecvConstant::next
D: received message: dff5bb60d7589e5c8e9316ef752995c8c7520b77910d9bf0ceba6858abe379a43c814f28e5dee19dc44688904d6e6216bf663488ad5a4a76fc52ddef591ca767c4f49eff45e3bbb111afb48a0522b112ad5382202650b85125d383275abdc85bf65105fbb89d115a256a92691ff7774426d0917ef4bf3b6f494d7812a1bb1935
I: MonitorObliviousTransfer::next
I: GeneratePublicKey::next
D:  sending message (size 0.000256 MB)
I: MonitorObliviousTransfer::next
I: SendPublicKey::next
I: MonitorObliviousTransfer::next
I: RecvEncryptedMessages::next
I: MonitorObliviousTransfer::next
I: DecryptChosenMessage::next
I: MonitorObliviousTransfer::next
I: ChooserDone::next
I: MonitorObliviousTransfer::next
I: MonitorObliviousTransfer::next
I: InitChooser::next
I: MonitorObliviousTransfer::next
I: RecvConstant::next
D: received message: 23fef6f594ede43b03d602a26070c833ef7420aa6f1edf40db133cd9151205659427cc6583810375f90a9c5b0f3214ea59274f73a1039be61f87c0f10170747c906547462d451984b7f6fb13921e6bb4bc17e9a164007c981d569b51b26e4d6d5addc12d8be4e32a7c904d63544f21b1f5c6435c9bd03778dadeb7d6faa4c509
I: MonitorObliviousTransfer::next
I: GeneratePublicKey::next
D:  sending message (size 0.000256 MB)
I: MonitorObliviousTransfer::next
I: SendPublicKey::next
I: MonitorObliviousTransfer::next
I: RecvEncryptedMessages::next
I: MonitorObliviousTransfer::next
I: DecryptChosenMessage::next
I: MonitorObliviousTransfer::next
I: ChooserDone::next
I: MonitorObliviousTransfer::next
I: MonitorObliviousTransfer::next
I: InitChooser::next
I: MonitorObliviousTransfer::next
I: RecvConstant::next
D: received message: 4489c73e77f93b2ebeca4a96f6b77e4e7e70060364a1bf23d47bb2bb14bdf13ac9432122776112308e1022c122e5345b75aa13a7eca6faab2e258a482ff80a899e54d8fab3467b1ebd9bcd29c8bb09f66f35ee5b81d8178a3a395fb43a2d84a55b314a4940cc647980b94f3731e72eb32754793351ad97fb1361424f79abef73
I: MonitorObliviousTransfer::next
I: GeneratePublicKey::next
D:  sending message (size 0.000256 MB)
I: MonitorObliviousTransfer::next
I: SendPublicKey::next
I: MonitorObliviousTransfer::next
I: RecvEncryptedMessages::next
I: MonitorObliviousTransfer::next
I: DecryptChosenMessage::next
I: MonitorObliviousTransfer::next
I: ChooserDone::next
I: MonitorObliviousTransfer::next
I: MonitorObliviousTransfer::next
I: InitChooser::next
I: MonitorObliviousTransfer::next
I: RecvConstant::next
D: received message: a410c45ff06e5ed698ce7f29905099b9a1dc34ae38f636ed329ee307cfdb5679d97b3e3c433b9954fc209986a71e285e73e685025ce6acd5507566bfe984c8d00869811f686a9398584ad90b1c609ad798291b8eb706f99dab57527fe72d1478d3ff0a4cb3bfd277b42e3d62a5e45b522fd8865eab5d697abaf24d296fcecae1
I: MonitorObliviousTransfer::next
I: GeneratePublicKey::next
D:  sending message (size 0.000256 MB)
I: MonitorObliviousTransfer::next
I: SendPublicKey::next
I: MonitorObliviousTransfer::next
I: RecvEncryptedMessages::next
I: MonitorObliviousTransfer::next
I: DecryptChosenMessage::next
I: MonitorObliviousTransfer::next
I: ChooserDone::next
I: MonitorObliviousTransfer::next
I: MonitorObliviousTransfer::next
I: InitChooser::next
I: MonitorObliviousTransfer::next
I: RecvConstant::next
D: received message: ae373cfe7cf5cb91c4d0e0195b6e9e4437a0001d5d398ed5c86c745eb76bdb6a3238557588e27137716e1f59d1645662f7b80ba3cab58dc84298239a5bc763c224af2ee56618e891830cfabdd454698bff069f950b0c1220c7cef44ebe36253eb1c0aa1b3e7e7a6d2b42834901ad5ec06f523b91b5041489386be4f8cf456ec8
I: MonitorObliviousTransfer::next
I: GeneratePublicKey::next
D:  sending message (size 0.000256 MB)
I: MonitorObliviousTransfer::next
I: SendPublicKey::next
I: MonitorObliviousTransfer::next
I: RecvEncryptedMessages::next
I: MonitorObliviousTransfer::next
I: DecryptChosenMessage::next
I: MonitorObliviousTransfer::next
I: ChooserDone::next
I: MonitorObliviousTransfer::next
I: MonitorObliviousTransfer::next
I: InitChooser::next
I: MonitorObliviousTransfer::next
I: RecvConstant::next
D: received message: a9be6e6337eedad07b95e380bb281f291bd345d9bdaf23de9f37c797362781e73798d6de7551138464d5670c2ad6b02e8460bbdbdaa4c7ae4e5f9f6515ef8d8a802db1e1c24cea4049646dda3212d8e913452b846fcfae1c74b9f9133f278e0ed2bbd7c2d709fdbc30551955ee007be898d4e2c9120ead3640a6879073043346
I: MonitorObliviousTransfer::next
I: GeneratePublicKey::next
D:  sending message (size 0.000255 MB)
I: MonitorObliviousTransfer::next
I: SendPublicKey::next
I: MonitorObliviousTransfer::next
I: RecvEncryptedMessages::next
I: MonitorObliviousTransfer::next
I: DecryptChosenMessage::next
I: MonitorObliviousTransfer::next
I: ChooserDone::next
I: MonitorObliviousTransfer::next
I: MonitorObliviousTransfer::next
I: InitChooser::next
I: MonitorObliviousTransfer::next
I: RecvConstant::next
D: received message: dd7ca6afdc37fd29b9859c4579cc7215f9d24d315039dc56a2e8c041c3b2daeece671a66e05a53efb1d4ff323016a1d17a50c981774f12776ad60fd9b02f58297f18cc62956f525659abc0abf3df5be03c15d26f8114855e52f518984a8be5ed656978a8eaf5895678c5ce8073dbf61c5d55252f1f97b91c4f2e6c70b0b199ba
I: MonitorObliviousTransfer::next
I: GeneratePublicKey::next
D:  sending message (size 0.000256 MB)
I: MonitorObliviousTransfer::next
I: SendPublicKey::next
I: MonitorObliviousTransfer::next
I: RecvEncryptedMessages::next
I: MonitorObliviousTransfer::next
I: DecryptChosenMessage::next
I: MonitorObliviousTransfer::next
I: ChooserDone::next
I: MonitorObliviousTransfer::next
I: MonitorObliviousTransfer::next
I: InitChooser::next
I: MonitorObliviousTransfer::next
I: RecvConstant::next
D: received message: 451c162fde8499ebc73aa199aaf05b730277bab8b1672c38c6f50e3b7ba94cba844d5a27fa75c0198d152567414e20ee1f4e118a27a45f1402d5710d45f689637fe3949b13ce4ff1c01f08263b8d70372ff029b53bc05e1b5ca86701b364d014b1203bcb07530944e109a413e5f11dbf4562b326c05010fa6d0847be8ca5c61e
I: MonitorObliviousTransfer::next
I: GeneratePublicKey::next
D:  sending message (size 0.000256 MB)
I: MonitorObliviousTransfer::next
I: SendPublicKey::next
I: MonitorObliviousTransfer::next
I: RecvEncryptedMessages::next
I: MonitorObliviousTransfer::next
I: DecryptChosenMessage::next
I: MonitorObliviousTransfer::next
I: ChooserDone::next
I: MonitorObliviousTransfer::next
I: MonitorObliviousTransfer::next
I: InitChooser::next
I: MonitorObliviousTransfer::next
I: RecvConstant::next
D: received message: 6663903a4b50be56d6493aea2f0027171580b3792b2b51e51c0cd58c1261d14641aaa90c3ac7f83ed600afb7d77917e1f5a6a77d9e85d0c6d9d9895eb95d9419a7fc6fcc3e9cd04342d05591a509bf16e32ef1d3d103c47621457fba580f55985fded1016b2cebd6c9506887b6d2011435d928513ab48ca37ae1e731616847ce
I: MonitorObliviousTransfer::next
I: GeneratePublicKey::next
D:  sending message (size 0.000256 MB)
I: MonitorObliviousTransfer::next
I: SendPublicKey::next
I: MonitorObliviousTransfer::next
I: RecvEncryptedMessages::next
I: MonitorObliviousTransfer::next
I: DecryptChosenMessage::next
I: MonitorObliviousTransfer::next
I: ChooserDone::next
I: MonitorObliviousTransfer::next
I: MonitorObliviousTransfer::next
I: InitChooser::next
I: MonitorObliviousTransfer::next
I: RecvConstant::next
D: received message: 9295ee5a678f757b4db73f1b634592b3d5194db24a2fb9d7e511c2e33cf312a371b2d929cc484252ce97670b23078c8c40ecf80244cbdb778a6e0ecc96d236ed58d948ab74964d70b2be0a31c6d8e61f5773d0623cc3422672fbe5db8bf9e5f513bd96cdf5dc1a29aa9b1a280f1d1f223c89389dd9940c0f8c444a71a12ede5a
I: MonitorObliviousTransfer::next
I: GeneratePublicKey::next
D:  sending message (size 0.000256 MB)
I: MonitorObliviousTransfer::next
I: SendPublicKey::next
I: MonitorObliviousTransfer::next
I: RecvEncryptedMessages::next
I: MonitorObliviousTransfer::next
I: DecryptChosenMessage::next
I: MonitorObliviousTransfer::next
I: ChooserDone::next
I: MonitorObliviousTransfer::next
I: MonitorObliviousTransfer::next
I: InitChooser::next
I: MonitorObliviousTransfer::next
I: RecvConstant::next
D: received message: 1527e2340bd8b60614df273d317f294793455704496ed6b3fd0948b08afc97e77b6a6716d7ec57ff70d10fcc67d011c44817334bc197a56335b8b660b3fce6778d83fb08272b068e45ed859c3018c9ca64c4ea8ba2bd618ec7762347c2588126ed6468c61fc3c6f67791eacb044c9e57ffcc5f39b543a81ee4c54c8f50e1f026
I: MonitorObliviousTransfer::next
I: GeneratePublicKey::next
D:  sending message (size 0.000256 MB)
I: MonitorObliviousTransfer::next
I: SendPublicKey::next
I: MonitorObliviousTransfer::next
I: RecvEncryptedMessages::next
I: MonitorObliviousTransfer::next
I: DecryptChosenMessage::next
I: MonitorObliviousTransfer::next
I: ChooserDone::next
I: MonitorObliviousTransfer::next
I: MonitorObliviousTransfer::next
I: InitChooser::next
I: MonitorObliviousTransfer::next
I: RecvConstant::next
D: received message: 346858ca91a34c2571ef29b73e5de2ae79e43fee3b0558451c4514b3775813aab1f8a2a8ceecca06f353f90f1b3f39d1563f2788d573d574d7a361e201c9318637d208b5f47be2d3aba4fba9b53cd12531094d8dae6921b553326d512128c166c21a633f1e6d5b08990b02cbb7b26a49b43adf82e6d0041141fc8a289832236c
I: MonitorObliviousTransfer::next
I: GeneratePublicKey::next
D:  sending message (size 0.000256 MB)
I: MonitorObliviousTransfer::next
I: SendPublicKey::next
I: MonitorObliviousTransfer::next
I: RecvEncryptedMessages::next
I: MonitorObliviousTransfer::next
I: DecryptChosenMessage::next
I: MonitorObliviousTransfer::next
I: ChooserDone::next
I: MonitorObliviousTransfer::next
I: MonitorObliviousTransfer::next
I: InitChooser::next
I: MonitorObliviousTransfer::next
I: RecvConstant::next
D: received message: f1f369f746a01c9f4b9766a7ac64b159f14329298f630d8627be2189379c1f94ba4aa9bce87dc50bd1ecc7ad60e66a6a901b4bf8d4935a129f4aa54305a7bc2525be5b3b52abfaab3b1a10ae94eca9da85c4ccf39870933751e79499419e4bc0685ba8063756de14aba6e5a4fba0e92a8281cb4559dd4c4bf430aa29719bfa42
I: MonitorObliviousTransfer::next
I: GeneratePublicKey::next
D:  sending message (size 0.000256 MB)
I: MonitorObliviousTransfer::next
I: SendPublicKey::next
I: MonitorObliviousTransfer::next
I: RecvEncryptedMessages::next
I: MonitorObliviousTransfer::next
I: DecryptChosenMessage::next
I: MonitorObliviousTransfer::next
I: ChooserDone::next
I: MonitorObliviousTransfer::next
I: MonitorObliviousTransfer::next
I: InitChooser::next
I: MonitorObliviousTransfer::next
I: RecvConstant::next
D: received message: 656b99ecb5f9d2f961d20b1ff39be11888f5573f3deceb4c4841764ef7ce521567d98289338ad4ed7f221be8f6af96c424c0ea2128322d63f2ac4aef576d35d83ffd8a77e317d343ba78827c3232bed1368c5a64f074cc8f5bf18ccf586a2c840384bf91f23ffaf163c533466e28073f6a6600af453628ad67b9fa3093ee09ac
I: MonitorObliviousTransfer::next
I: GeneratePublicKey::next
D:  sending message (size 0.000256 MB)
I: MonitorObliviousTransfer::next
I: SendPublicKey::next
I: MonitorObliviousTransfer::next
I: RecvEncryptedMessages::next
I: MonitorObliviousTransfer::next
I: DecryptChosenMessage::next
I: MonitorObliviousTransfer::next
I: ChooserDone::next
I: MonitorObliviousTransfer::next
I: MonitorObliviousTransfer::next
I: InitChooser::next
I: MonitorObliviousTransfer::next
I: RecvConstant::next
D: received message: 99a5645e354e9e3f68ddf8fc446d8b79855a7b685bffe7ad9350eda3f60c5afc0c3626c0506635f9e313998c205de7b370574729ed1357cf9afc2cd1bcfb4363eed971dfe9cf6f7abc55ab2bdef9ac6d0b57cef00e79372a71e2f3abd0fdfa772d95d92a24de0607eac7ee80fc2e33a8ad41a63a6b2f5806625bf086ddb64659
I: MonitorObliviousTransfer::next
I: GeneratePublicKey::next
D:  sending message (size 0.000256 MB)
I: MonitorObliviousTransfer::next
I: SendPublicKey::next
I: MonitorObliviousTransfer::next
I: RecvEncryptedMessages::next
I: MonitorObliviousTransfer::next
I: DecryptChosenMessage::next
I: MonitorObliviousTransfer::next
I: ChooserDone::next
I: MonitorObliviousTransfer::next
I: MonitorObliviousTransfer::next
I: InitChooser::next
I: MonitorObliviousTransfer::next
I: RecvConstant::next
D: received message: 9a729a0f075bd5e15d39da9120cefdaaf076cd0ff4c885e6f85d9c52781385595d2670d50575880ffd8302236931eb76fb3d6179c16e8db718ffc4ac803e3ca7003d78124a70fab4ccb7a3b9580f2f579ed9b9b05f361160aa74a6245e2368086f52e805311a2327f8b29c8386e8cd4a6178ac7abeae20bf2fca0b692ebce5b
I: MonitorObliviousTransfer::next
I: GeneratePublicKey::next
D:  sending message (size 0.000256 MB)
I: MonitorObliviousTransfer::next
I: SendPublicKey::next
I: MonitorObliviousTransfer::next
I: RecvEncryptedMessages::next
I: MonitorObliviousTransfer::next
I: DecryptChosenMessage::next
I: MonitorObliviousTransfer::next
I: ChooserDone::next
I: MonitorObliviousTransfer::next
I: MonitorObliviousTransfer::next
I: InitChooser::next
I: MonitorObliviousTransfer::next
I: RecvConstant::next
D: received message: 59ac9661c57a0cc13af5e6557c9832eb948dc92e3923b841ffb0917b0b0c91a074d0fd88a59cc850d1e8df0cf083ab2f65e34699672574fa876ca271f3f5f0038a3b2c79dbfa9e67fd6f69db73283c5b5f0258d57f99d45bd211f7dee261055d6b447ac128de53a86e545633299fb98625d645dee28d814ea125e39cef851a6e
I: MonitorObliviousTransfer::next
I: GeneratePublicKey::next
D:  sending message (size 0.000256 MB)
I: MonitorObliviousTransfer::next
I: SendPublicKey::next
I: MonitorObliviousTransfer::next
I: RecvEncryptedMessages::next
I: MonitorObliviousTransfer::next
I: DecryptChosenMessage::next
I: MonitorObliviousTransfer::next
I: ChooserDone::next
I: MonitorObliviousTransfer::next
I: MonitorObliviousTransfer::next
I: InitChooser::next
I: MonitorObliviousTransfer::next
I: RecvConstant::next
D: received message: fb18f5eec61aaff0b3367547434a4b2d05833e68a60fe0db654cbd0e5025fa2d09ebece7a4183a97357953993250926542740291b0f1c87cf90291caeafa4e383dcc065d2cef48b2f2b5a9389eb279dd8e551dcac79e55ed00457f91332b8487bf247d967186d1c8f075e7edabb2ab868fab0878aee9bcc4abf345326ae0025c
I: MonitorObliviousTransfer::next
I: GeneratePublicKey::next
D:  sending message (size 0.000256 MB)
I: MonitorObliviousTransfer::next
I: SendPublicKey::next
I: MonitorObliviousTransfer::next
I: RecvEncryptedMessages::next
I: MonitorObliviousTransfer::next
I: DecryptChosenMessage::next
I: MonitorObliviousTransfer::next
I: ChooserDone::next
I: MonitorObliviousTransfer::next
I: MonitorObliviousTransfer::next
I: InitChooser::next
I: MonitorObliviousTransfer::next
I: RecvConstant::next
D: received message: 2dbaeb65ee29d50278db4fb21fe4abfb5390fd59a96f19ea38cbf9ecbd2a277c5b26e4568f245c73d85e6179d14149afc4c085e6939a4d7fd729dd9c6183bc4b6066d1230d40acf906f8b891175e4cb6d7fca4a213b4b0f46af72f6afa311dbc1cd999b2522798c6c48ed9319bcda7db75a1549a24d71a60e2e74846447d7fb2
I: MonitorObliviousTransfer::next
I: GeneratePublicKey::next
D:  sending message (size 0.000256 MB)
I: MonitorObliviousTransfer::next
I: SendPublicKey::next
I: MonitorObliviousTransfer::next
I: RecvEncryptedMessages::next
I: MonitorObliviousTransfer::next
I: DecryptChosenMessage::next
I: MonitorObliviousTransfer::next
I: ChooserDone::next
I: MonitorObliviousTransfer::next
I: MonitorObliviousTransfer::next
I: InitChooser::next
I: MonitorObliviousTransfer::next
I: RecvConstant::next
D: received message: fd512da4733322ec0a2902ff33eb928fbcbdd2c9e299debe320cf5cc9b354ba08b643fb1f289db471bc38741124861e87acef7ff4bce382b7078f311b5edc3451788bbd952cd8fc7cabce670d783fe3e752b9f7026d82a4a4ad8a29d6db890d0282161067ba1b5cf1f602ff7004403fb7bc41dc5dcc24bff44ff602d16720238
I: MonitorObliviousTransfer::next
I: GeneratePublicKey::next
D:  sending message (size 0.000256 MB)
I: MonitorObliviousTransfer::next
I: SendPublicKey::next
I: MonitorObliviousTransfer::next
I: RecvEncryptedMessages::next
I: MonitorObliviousTransfer::next
I: DecryptChosenMessage::next
I: MonitorObliviousTransfer::next
I: ChooserDone::next
I: MonitorObliviousTransfer::next
I: MonitorObliviousTransfer::next
I: InitChooser::next
I: MonitorObliviousTransfer::next
I: RecvConstant::next
D: received message: 73a4b14fca3276ae1d844fbf339eb0f27ee5d6c8fd194dfe0fd783300d927e569b31150e219e7f281cec6b8e6996394fb2d04c1fc070410788d338594da0c3cfd30e92236d3f72133bcd940c923354a087c4ba157aa0e660af083cd373036e1ae937ac9ae807ef9cb0d8b517faffac80b246852bbc4b1d9f9d7e410e8a2e8b55
I: MonitorObliviousTransfer::next
I: GeneratePublicKey::next
D:  sending message (size 0.000256 MB)
I: MonitorObliviousTransfer::next
I: SendPublicKey::next
I: MonitorObliviousTransfer::next
I: RecvEncryptedMessages::next
I: MonitorObliviousTransfer::next
I: DecryptChosenMessage::next
I: MonitorObliviousTransfer::next
I: ChooserDone::next
I: MonitorObliviousTransfer::next
I: MonitorObliviousTransfer::next
I: InitChooser::next
I: MonitorObliviousTransfer::next
I: RecvConstant::next
D: received message: 8cd5149e183396ca273140ecc5b8952d3fc7d2996cc67d619ceff3cf5d2a70616f3c2622d0693a63fd771fe214c667d5020ca8345b0f4671d82df6fabd3eb932b6a3d12f8418168799561d0a6bfa4063bcdb6a1141751d9faab08ef773ab3c0f7ba3701890d1952d8e4701372086b7024352bf7c2218a52717b1d8ad071a0433
I: MonitorObliviousTransfer::next
I: GeneratePublicKey::next
D:  sending message (size 0.000256 MB)
I: MonitorObliviousTransfer::next
I: SendPublicKey::next
I: MonitorObliviousTransfer::next
I: RecvEncryptedMessages::next
I: MonitorObliviousTransfer::next
I: DecryptChosenMessage::next
I: MonitorObliviousTransfer::next
I: ChooserDone::next
I: MonitorObliviousTransfer::next
I: MonitorObliviousTransfer::next
I: InitChooser::next
I: MonitorObliviousTransfer::next
I: RecvConstant::next
D: received message: bb8724887ee7a22930fda24e46974dd0f6156051c28ae473718464132e5e7917221a1829119403dcba9c5cea9a32f9697b0baf230473067d604b6315879f37f2d17fbc2ab399d3011a09fb44c54b81518f506b1b087237facca770ec9d349b1290b828b7d034a33f99ce45f6438fd632372d416d2c59236ce84f9a9bff167b93
I: MonitorObliviousTransfer::next
I: GeneratePublicKey::next
D:  sending message (size 0.000256 MB)
I: MonitorObliviousTransfer::next
I: SendPublicKey::next
I: MonitorObliviousTransfer::next
I: RecvEncryptedMessages::next
I: MonitorObliviousTransfer::next
I: DecryptChosenMessage::next
I: MonitorObliviousTransfer::next
I: ChooserDone::next
I: MonitorObliviousTransfer::next
I: MonitorObliviousTransfer::next
I: EvaluateCircuit::next
D:  sending message (size 0.000001 MB)
I: SendFlagBit::next
I: ==== round duration: 1750.660400 ms ====
I: MonitorCopyMonitorStateLabels::next
I: RecvGarbledGates::next
I: RecvSystemInputLabels::next
I: RecvFlagBitLabels::next
I: EvaluateCircuit::next
D:  sending message (size 0.000001 MB)
I: SendFlagBit::next
I: ==== round duration: 1749.284058 ms ====
I: MonitorCopyMonitorStateLabels::next
I: RecvGarbledGates::next
I: RecvSystemInputLabels::next
I: RecvFlagBitLabels::next
I: EvaluateCircuit::next
D:  sending message (size 0.000001 MB)
I: SendFlagBit::next
I: ==== round duration: 1631.390991 ms ====
I: FaultObserved::next
I: MonitorDone::next
