I: parsing spec file timekeeper.v...
I: parsing BLIF file synth.blif...
D: inputs and outputs parsed.
D: circuit initialized.
D: connections (#12994) parsed.
D: gates (#138661) parsed.
D: outputs: 151340 151343 151346 151349 151352 151355 151358 151361 151364 151367 151370 151373 151376 151379 151382 151385 151388 151391 151394 151397 151400 151403 151406 151409 151412 151415 151418 151421 151424 151427 151430 151433 151436 151439 151442 151445 151448 151451 151454 151457 151460 151463 151466 151469 151472 151475 151478 151481 151484 151487 151490 151493 151496 151499 151502 151505 151508 151511 151514 151517 151520 151523 151526 151529 151336 
D: circuit size: 151530
D: adding identity gates for outputs...
D: outputs after identity: 151595 151596 151597 151598 151599 151600 151601 151602 151603 151604 151605 151606 151607 151608 151609 151610 151611 151612 151613 151614 151615 151616 151617 151618 151619 151620 151621 151622 151623 151624 151625 151626 151627 151628 151629 151630 151631 151632 151633 151634 151635 151636 151637 151638 151639 151640 151641 151642 151643 151644 151645 151646 151647 151648 151649 151650 151651 151652 151653 151654 151655 151656 151657 151658 151659 
D: circuit size after identity: 151660
I: initializing safe primes...
I: using prime modulus 1552518092300708935130918131258481755631334049434514313202351194902966239949102107258669453876591642442910007680288864229150803718918046342632727613031282983744380820890196288509170691316593175367469551763119843371637221007210577919
D:  sending message (size 0.000006 MB)
I: InitMonitor::next
D:  sending message (size 2.605196 MB)
I: SendCircuit::next
I: RecvGarbledGates::next
I: RecvSystemInputLabels::next
I: RecvFlagBitLabels::next
I: MonitorObliviousTransfer::next
I: InitChooser::next
I: MonitorObliviousTransfer::next
I: RecvConstant::next
D: received message: 13d1d3c38e4dc3081b1fc4eccf56eb4e87c96d37bcb28c9a49a8441e31f893e01c8850a623216587c75be2fdaeba469758f16a192195ab187ab25232c3870343ac35b9806b5b27bdb6d79786a6da51f7f3047faf62afcf1685ea31db38ed192f
I: MonitorObliviousTransfer::next
I: GeneratePublicKey::next
D:  sending message (size 0.000192 MB)
I: MonitorObliviousTransfer::next
I: SendPublicKey::next
I: MonitorObliviousTransfer::next
I: RecvEncryptedMessages::next
I: MonitorObliviousTransfer::next
I: DecryptChosenMessage::next
I: MonitorObliviousTransfer::next
I: ChooserDone::next
I: MonitorObliviousTransfer::next
I: MonitorObliviousTransfer::next
I: InitChooser::next
I: MonitorObliviousTransfer::next
I: RecvConstant::next
D: received message: eea3ee9fbfb41e76147c6cff5f2f2c8c938d726b9684491bf1b4c2505c6c3aeb44b0c2b7af0a6ff0c47139977794209c297f1ec2443e1455bcc699d3a1bd00b3227758f9c4e10e0a3e874e87bd6e91ca0c6d62108f9a56d8716f7e0372691dd6
I: MonitorObliviousTransfer::next
I: GeneratePublicKey::next
D:  sending message (size 0.000192 MB)
I: MonitorObliviousTransfer::next
I: SendPublicKey::next
I: MonitorObliviousTransfer::next
I: RecvEncryptedMessages::next
I: MonitorObliviousTransfer::next
I: DecryptChosenMessage::next
I: MonitorObliviousTransfer::next
I: ChooserDone::next
I: MonitorObliviousTransfer::next
I: MonitorObliviousTransfer::next
I: InitChooser::next
I: MonitorObliviousTransfer::next
I: RecvConstant::next
D: received message: fcca3ad6cef9dc50369f4a9068a52d63bd91ce2e81d2f922c0ad31c7fcba3d99aa087c55ee7c28d2a7e10767c3404b9d3ddd5467c633d6152da66e59bf8f7db391a255757d324359a8003253bc35095937a744c9c89ffc56aa69d35255bb6baf
I: MonitorObliviousTransfer::next
I: GeneratePublicKey::next
D:  sending message (size 0.000192 MB)
I: MonitorObliviousTransfer::next
I: SendPublicKey::next
I: MonitorObliviousTransfer::next
I: RecvEncryptedMessages::next
I: MonitorObliviousTransfer::next
I: DecryptChosenMessage::next
I: MonitorObliviousTransfer::next
I: ChooserDone::next
I: MonitorObliviousTransfer::next
I: MonitorObliviousTransfer::next
I: InitChooser::next
I: MonitorObliviousTransfer::next
I: RecvConstant::next
D: received message: 7f1f76450ddb3edcfec82f3bed847fa16cde16271a1e84eb20d2291fdedd9efc6885aeb7e64025855042b4a2bf304dea1ebc0c1d61ed6aaef2332070587fb7b0ff5181b681b41704876232c23b10b1fe9d6b4760534b201a9fa654c6d1db2fae
I: MonitorObliviousTransfer::next
I: GeneratePublicKey::next
D:  sending message (size 0.000192 MB)
I: MonitorObliviousTransfer::next
I: SendPublicKey::next
I: MonitorObliviousTransfer::next
I: RecvEncryptedMessages::next
I: MonitorObliviousTransfer::next
I: DecryptChosenMessage::next
I: MonitorObliviousTransfer::next
I: ChooserDone::next
I: MonitorObliviousTransfer::next
I: MonitorObliviousTransfer::next
I: InitChooser::next
I: MonitorObliviousTransfer::next
I: RecvConstant::next
D: received message: e6ccaed24fb00aff1a7efcedcf53abef04bb6a20b1835c26ebc4a8d4279b22e12b84b626a6b8863eb135344d5141e2b43666d75637c346c91bd75c03a5dc648f38d41f589a9ed2d0070f3ea0c3d4dce58e5a3278a4a9a3f480c2ae1dd2906b91
I: MonitorObliviousTransfer::next
I: GeneratePublicKey::next
D:  sending message (size 0.000192 MB)
I: MonitorObliviousTransfer::next
I: SendPublicKey::next
I: MonitorObliviousTransfer::next
I: RecvEncryptedMessages::next
I: MonitorObliviousTransfer::next
I: DecryptChosenMessage::next
I: MonitorObliviousTransfer::next
I: ChooserDone::next
I: MonitorObliviousTransfer::next
I: MonitorObliviousTransfer::next
I: InitChooser::next
I: MonitorObliviousTransfer::next
I: RecvConstant::next
D: received message: c503a79c37df976ef0e013d61c7e9e0ab43bbacb3119cdfebe18ac77a3e4b31993043422a86b2ea4faf5e559ad661840c6ee213d2b12dc64493d5f24dada9083112cd2b6f58a603872dd24475a599da70883082ca74ef1c2d9bf96b339049fa0
I: MonitorObliviousTransfer::next
I: GeneratePublicKey::next
D:  sending message (size 0.000192 MB)
I: MonitorObliviousTransfer::next
I: SendPublicKey::next
I: MonitorObliviousTransfer::next
I: RecvEncryptedMessages::next
I: MonitorObliviousTransfer::next
I: DecryptChosenMessage::next
I: MonitorObliviousTransfer::next
I: ChooserDone::next
I: MonitorObliviousTransfer::next
I: MonitorObliviousTransfer::next
I: InitChooser::next
I: MonitorObliviousTransfer::next
I: RecvConstant::next
D: received message: 6e0e78fc2f4c05e08e780b84e75d2ec3bd505c4058b3c2f0c99d865c2b222a4537ca5f56d2c5d4d36543516ecdef8e1a17c262a944dc69be3c8890833324250247f2dbdf3091bae65de3cece1a9ea4e245f0a3d9eb826cc48ab45118874f7b0a
I: MonitorObliviousTransfer::next
I: GeneratePublicKey::next
D:  sending message (size 0.000192 MB)
I: MonitorObliviousTransfer::next
I: SendPublicKey::next
I: MonitorObliviousTransfer::next
I: RecvEncryptedMessages::next
I: MonitorObliviousTransfer::next
I: DecryptChosenMessage::next
I: MonitorObliviousTransfer::next
I: ChooserDone::next
I: MonitorObliviousTransfer::next
I: MonitorObliviousTransfer::next
I: InitChooser::next
I: MonitorObliviousTransfer::next
I: RecvConstant::next
D: received message: ac690b03fddab529b090daa94a27d65b1b4c1dfe6a4b305e78ff8a3acd377070b42445a9ee64090d92ff4f32f4cb1a232cfcc1e629e2a0d3fdec6b2ef64d9cdfa11e40cd8e3066a25e72102b2e14e2380d8def1a5025b8d091f38df265fe5ef8
I: MonitorObliviousTransfer::next
I: GeneratePublicKey::next
D:  sending message (size 0.000192 MB)
I: MonitorObliviousTransfer::next
I: SendPublicKey::next
I: MonitorObliviousTransfer::next
I: RecvEncryptedMessages::next
I: MonitorObliviousTransfer::next
I: DecryptChosenMessage::next
I: MonitorObliviousTransfer::next
I: ChooserDone::next
I: MonitorObliviousTransfer::next
I: MonitorObliviousTransfer::next
I: InitChooser::next
I: MonitorObliviousTransfer::next
I: RecvConstant::next
D: received message: bb4dbb6bcf0f5c29048862c3b9bd95231dfdf1c8552b62674a84a56a922ce4b119d4b6cacbcfe0e09096ee8fc26dfeb5aec7082167ee4c7c065965b3c52ca57d731477c8f6210952e710de1e8f4cebc806ef3a179f004abb58bdf81e4c4f2d8
I: MonitorObliviousTransfer::next
I: GeneratePublicKey::next
D:  sending message (size 0.000192 MB)
I: MonitorObliviousTransfer::next
I: SendPublicKey::next
I: MonitorObliviousTransfer::next
I: RecvEncryptedMessages::next
I: MonitorObliviousTransfer::next
I: DecryptChosenMessage::next
I: MonitorObliviousTransfer::next
I: ChooserDone::next
I: MonitorObliviousTransfer::next
I: MonitorObliviousTransfer::next
I: InitChooser::next
I: MonitorObliviousTransfer::next
I: RecvConstant::next
D: received message: 421bb555029ccb5909c0a2474441ae85ea8ecca2ff48b377d8947a814c2a4d4b0dfe1b2f8233492ef99bee07b9ff9bf755429af216bff6bab1a7233d53fe278e6ba568b7f92a4902c5e8206718834d830bd57768ab7e7d74c309531a18ed70f6
I: MonitorObliviousTransfer::next
I: GeneratePublicKey::next
D:  sending message (size 0.000192 MB)
I: MonitorObliviousTransfer::next
I: SendPublicKey::next
I: MonitorObliviousTransfer::next
I: RecvEncryptedMessages::next
I: MonitorObliviousTransfer::next
I: DecryptChosenMessage::next
I: MonitorObliviousTransfer::next
I: ChooserDone::next
I: MonitorObliviousTransfer::next
I: MonitorObliviousTransfer::next
I: InitChooser::next
I: MonitorObliviousTransfer::next
I: RecvConstant::next
D: received message: 53a2035ea17bb36ca7e0b5c5cd99a7d1023437f6b0d8be44d9c3ec57fe674eeba3f9160532b6a74697c9a6dfda4d5cdd2ae49c1fa22ccc02f689a172134cff79d66c878cf6386e43c2c3774387a0d8d12a325fde2d8d97978027c886cf3cf078
I: MonitorObliviousTransfer::next
I: GeneratePublicKey::next
D:  sending message (size 0.000192 MB)
I: MonitorObliviousTransfer::next
I: SendPublicKey::next
I: MonitorObliviousTransfer::next
I: RecvEncryptedMessages::next
I: MonitorObliviousTransfer::next
I: DecryptChosenMessage::next
I: MonitorObliviousTransfer::next
I: ChooserDone::next
I: MonitorObliviousTransfer::next
I: MonitorObliviousTransfer::next
I: InitChooser::next
I: MonitorObliviousTransfer::next
I: RecvConstant::next
D: received message: 47ef3c96f47e057d2d47463c2a54f609d28367a952a404ac313781317fb2a35efd13f6a736c39740100c65ee4be45baf710d48e257da8fc10785b51f5ac84f4bd594d57c22cc6738bc21b461c0b612407250a669161a20f4b2c21aa777e4dfb7
I: MonitorObliviousTransfer::next
I: GeneratePublicKey::next
D:  sending message (size 0.000192 MB)
I: MonitorObliviousTransfer::next
I: SendPublicKey::next
I: MonitorObliviousTransfer::next
I: RecvEncryptedMessages::next
I: MonitorObliviousTransfer::next
I: DecryptChosenMessage::next
I: MonitorObliviousTransfer::next
I: ChooserDone::next
I: MonitorObliviousTransfer::next
I: MonitorObliviousTransfer::next
I: InitChooser::next
I: MonitorObliviousTransfer::next
I: RecvConstant::next
D: received message: f61e12ff21fd9f1192fb16c79984f8bd94dab12672917582a8bcd3ecfb5662952c00ec271bc745271912bd9ea890d78cd3ab66c7e0e91773215f2637abab1a2e81224280b902de11f6dc0dd0cde46ce138bf5c1272a714cf50e678b0775063fe
I: MonitorObliviousTransfer::next
I: GeneratePublicKey::next
D:  sending message (size 0.000192 MB)
I: MonitorObliviousTransfer::next
I: SendPublicKey::next
I: MonitorObliviousTransfer::next
I: RecvEncryptedMessages::next
I: MonitorObliviousTransfer::next
I: DecryptChosenMessage::next
I: MonitorObliviousTransfer::next
I: ChooserDone::next
I: MonitorObliviousTransfer::next
I: MonitorObliviousTransfer::next
I: InitChooser::next
I: MonitorObliviousTransfer::next
I: RecvConstant::next
D: received message: 1d6399bf38c1f3484d5eac0c5320f2e7ca250ee56a0495dd9a83c37d4e5c71ae94109b069edc30ca75c0b015b5e96912bda1a4b1627b36237d1669ffabc68e52521e9520b2de11d2985eab9de3bf001b1a7c1405b09f7b168b93ba119b56d52c
I: MonitorObliviousTransfer::next
I: GeneratePublicKey::next
D:  sending message (size 0.000192 MB)
I: MonitorObliviousTransfer::next
I: SendPublicKey::next
I: MonitorObliviousTransfer::next
I: RecvEncryptedMessages::next
I: MonitorObliviousTransfer::next
I: DecryptChosenMessage::next
I: MonitorObliviousTransfer::next
I: ChooserDone::next
I: MonitorObliviousTransfer::next
I: MonitorObliviousTransfer::next
I: InitChooser::next
I: MonitorObliviousTransfer::next
I: RecvConstant::next
D: received message: a1ec10777e6f8aa52275ad58e50f9a2a423f156fecc8881aa1482a294e41b42e497f4b873f704763fbd6d91add44c9d0b26a0106a803739beebe1c7c6e8394de00a0efe8bf6b6b05aee93d1ab5ba2ba4444f066ae33cab7449aa770c0025d103
I: MonitorObliviousTransfer::next
I: GeneratePublicKey::next
D:  sending message (size 0.000192 MB)
I: MonitorObliviousTransfer::next
I: SendPublicKey::next
I: MonitorObliviousTransfer::next
I: RecvEncryptedMessages::next
I: MonitorObliviousTransfer::next
I: DecryptChosenMessage::next
I: MonitorObliviousTransfer::next
I: ChooserDone::next
I: MonitorObliviousTransfer::next
I: MonitorObliviousTransfer::next
I: InitChooser::next
I: MonitorObliviousTransfer::next
I: RecvConstant::next
D: received message: 4c9c50fa0e2cf07dfa245961fccf24beef90f07f30c0d25b202f4800fc758568f3d950f98c19ee0dc60c12e1251bcb5a61f5e99a22f098df90a3dd79050a2eaf2337ccf649fa5c2088b9ddb5719a4ed8bbea2b436a8f465db90a354d533f14d
I: MonitorObliviousTransfer::next
I: GeneratePublicKey::next
D:  sending message (size 0.000192 MB)
I: MonitorObliviousTransfer::next
I: SendPublicKey::next
I: MonitorObliviousTransfer::next
I: RecvEncryptedMessages::next
I: MonitorObliviousTransfer::next
I: DecryptChosenMessage::next
I: MonitorObliviousTransfer::next
I: ChooserDone::next
I: MonitorObliviousTransfer::next
I: MonitorObliviousTransfer::next
I: InitChooser::next
I: MonitorObliviousTransfer::next
I: RecvConstant::next
D: received message: 56213c31c9b2b2ae833c3c86a8606a60310d5e6de4428f5fa1459bf7fdd814fd25d9f14bfeaaf07329f13ce21900914b0b9116d463fd67c07c2a5360684400cb746af0b60cb1a32a7ddd65f31d30c84452fe975efe92be94878e63495f3e9911
I: MonitorObliviousTransfer::next
I: GeneratePublicKey::next
D:  sending message (size 0.000192 MB)
I: MonitorObliviousTransfer::next
I: SendPublicKey::next
I: MonitorObliviousTransfer::next
I: RecvEncryptedMessages::next
I: MonitorObliviousTransfer::next
I: DecryptChosenMessage::next
I: MonitorObliviousTransfer::next
I: ChooserDone::next
I: MonitorObliviousTransfer::next
I: MonitorObliviousTransfer::next
I: InitChooser::next
I: MonitorObliviousTransfer::next
I: RecvConstant::next
D: received message: 8b9f38ea50a1c120d98ed64d007934bd61e6a017b2065266428afa3f3a9e52844e082446edf3c4d8c5446a1afbfb6ea7e47160ac950f32774c2ec0fe6e3ded494efff9e20285e911d06f95d243ffa7eae46747d7868aa940dd2e43e4c877f122
I: MonitorObliviousTransfer::next
I: GeneratePublicKey::next
D:  sending message (size 0.000192 MB)
I: MonitorObliviousTransfer::next
I: SendPublicKey::next
I: MonitorObliviousTransfer::next
I: RecvEncryptedMessages::next
I: MonitorObliviousTransfer::next
I: DecryptChosenMessage::next
I: MonitorObliviousTransfer::next
I: ChooserDone::next
I: MonitorObliviousTransfer::next
I: MonitorObliviousTransfer::next
I: InitChooser::next
I: MonitorObliviousTransfer::next
I: RecvConstant::next
D: received message: f661bd559bc5c0f8ec95c1e561963c8791c961ef3886e8126197dc0a7b15c870659905ee123ff8342a93bada06c283eb803aa5a28e751c1ad3ee3e4d4e1c558b5df3174b2bc0510a3a0b55cf5d3c0a9c5eb5a961b2cf25b99fa5af24e907aa73
I: MonitorObliviousTransfer::next
I: GeneratePublicKey::next
D:  sending message (size 0.000192 MB)
I: MonitorObliviousTransfer::next
I: SendPublicKey::next
I: MonitorObliviousTransfer::next
I: RecvEncryptedMessages::next
I: MonitorObliviousTransfer::next
I: DecryptChosenMessage::next
I: MonitorObliviousTransfer::next
I: ChooserDone::next
I: MonitorObliviousTransfer::next
I: MonitorObliviousTransfer::next
I: InitChooser::next
I: MonitorObliviousTransfer::next
I: RecvConstant::next
D: received message: 100d7d3d457d257152f22d52d6d87fc896d8bb71a1a6d15a362d8340f573fbcfb4681a223c907aa375b5a500629e7e0124149ab5caad2323e7ce9487e901710d15075be40b0641c787c8f33a1c01bac237872c1155e404468dc4fecdb7f49373
I: MonitorObliviousTransfer::next
I: GeneratePublicKey::next
D:  sending message (size 0.000191 MB)
I: MonitorObliviousTransfer::next
I: SendPublicKey::next
I: MonitorObliviousTransfer::next
I: RecvEncryptedMessages::next
I: MonitorObliviousTransfer::next
I: DecryptChosenMessage::next
I: MonitorObliviousTransfer::next
I: ChooserDone::next
I: MonitorObliviousTransfer::next
I: MonitorObliviousTransfer::next
I: InitChooser::next
I: MonitorObliviousTransfer::next
I: RecvConstant::next
D: received message: 341d23b26f95a85aa8a716166d5da74930f0c99811f7e9c5819325ab561eedda9b04bb725b45e266b05a2625cac95566a250366bf1e38eed0942f19672093ff8e240a9b055ef58af25ad9a33c1b505eb4f68816987c2cd53c09dd0ebbbcdf54c
I: MonitorObliviousTransfer::next
I: GeneratePublicKey::next
D:  sending message (size 0.000192 MB)
I: MonitorObliviousTransfer::next
I: SendPublicKey::next
I: MonitorObliviousTransfer::next
I: RecvEncryptedMessages::next
I: MonitorObliviousTransfer::next
I: DecryptChosenMessage::next
I: MonitorObliviousTransfer::next
I: ChooserDone::next
I: MonitorObliviousTransfer::next
I: MonitorObliviousTransfer::next
I: InitChooser::next
I: MonitorObliviousTransfer::next
I: RecvConstant::next
D: received message: 32d5aa0078be47cba939b7002a5d115847276d3b9f765c5829eae010699a95dbe5fd5aee0c737eeab3b341b7c00685a9e899b317fa1093aef855b1c702066dd4dcb718d381e43b0646761b6b61a811fbde12805349adcd6beb5dc73137e5c6ba
I: MonitorObliviousTransfer::next
I: GeneratePublicKey::next
D:  sending message (size 0.000192 MB)
I: MonitorObliviousTransfer::next
I: SendPublicKey::next
I: MonitorObliviousTransfer::next
I: RecvEncryptedMessages::next
I: MonitorObliviousTransfer::next
I: DecryptChosenMessage::next
I: MonitorObliviousTransfer::next
I: ChooserDone::next
I: MonitorObliviousTransfer::next
I: MonitorObliviousTransfer::next
I: InitChooser::next
I: MonitorObliviousTransfer::next
I: RecvConstant::next
D: received message: c42b8b91dc4645226320027bd649ad624cd1b101eb73bd5d37b3ec0c0464c416bf4d5750102e164e493568b5fa670a56d7d8b2aa65dfa2ccd07f403da5cddd912e51503818b3f71f18b8b3f9576c736af4188eb5f4e70347a1fdfeb956f32f93
I: MonitorObliviousTransfer::next
I: GeneratePublicKey::next
D:  sending message (size 0.000191 MB)
I: MonitorObliviousTransfer::next
I: SendPublicKey::next
I: MonitorObliviousTransfer::next
I: RecvEncryptedMessages::next
I: MonitorObliviousTransfer::next
I: DecryptChosenMessage::next
I: MonitorObliviousTransfer::next
I: ChooserDone::next
I: MonitorObliviousTransfer::next
I: MonitorObliviousTransfer::next
I: InitChooser::next
I: MonitorObliviousTransfer::next
I: RecvConstant::next
D: received message: ae53ee9b2b11d8b89c33c5e9daee7c7cf1e64bbcbdf47b8aaecdb3b0cdefabddb5a6d65b376d048efff8ab31377aa42094f40726c7add8c3013428aaefca1ceb3fc04d3cd3ad1fafc00ab3775be8fcdecf5a9db2c5621b75aacc46826517c2cb
I: MonitorObliviousTransfer::next
I: GeneratePublicKey::next
D:  sending message (size 0.000192 MB)
I: MonitorObliviousTransfer::next
I: SendPublicKey::next
I: MonitorObliviousTransfer::next
I: RecvEncryptedMessages::next
I: MonitorObliviousTransfer::next
I: DecryptChosenMessage::next
I: MonitorObliviousTransfer::next
I: ChooserDone::next
I: MonitorObliviousTransfer::next
I: MonitorObliviousTransfer::next
I: InitChooser::next
I: MonitorObliviousTransfer::next
I: RecvConstant::next
D: received message: 6414ef97235490a58b856c8a7fe265be8688ce2e26085bd93da0d5859ca8d47cb9a3040088420106621d1b3c8d0768b48b55bd41a9572d0f5100c29ffb2bf877c048479dd7ab3535fe797442cb086220023a3a31f03f200546b7811a52c223d9
I: MonitorObliviousTransfer::next
I: GeneratePublicKey::next
D:  sending message (size 0.000192 MB)
I: MonitorObliviousTransfer::next
I: SendPublicKey::next
I: MonitorObliviousTransfer::next
I: RecvEncryptedMessages::next
I: MonitorObliviousTransfer::next
I: DecryptChosenMessage::next
I: MonitorObliviousTransfer::next
I: ChooserDone::next
I: MonitorObliviousTransfer::next
I: MonitorObliviousTransfer::next
I: InitChooser::next
I: MonitorObliviousTransfer::next
I: RecvConstant::next
D: received message: a895b75ec51127212339ec1461f90dda1dc8eac630f75ef703d35949e1f6eef016076c74aa1a70a9e97c0041cb28542cd91d187a161e8113627d0f6714101fd8959df99735f24d23257debfdf97a55a9ca8719188597f0ed4fd17e4a49af55f2
I: MonitorObliviousTransfer::next
I: GeneratePublicKey::next
D:  sending message (size 0.000192 MB)
I: MonitorObliviousTransfer::next
I: SendPublicKey::next
I: MonitorObliviousTransfer::next
I: RecvEncryptedMessages::next
I: MonitorObliviousTransfer::next
I: DecryptChosenMessage::next
I: MonitorObliviousTransfer::next
I: ChooserDone::next
I: MonitorObliviousTransfer::next
I: MonitorObliviousTransfer::next
I: InitChooser::next
I: MonitorObliviousTransfer::next
I: RecvConstant::next
D: received message: 877cf3896c69fed7f9cf126209b22a3003f915538fbc8b51bdda56d47a6af48819c31a745d16fa743e39800c2b82d720ad6ab7f5f864d27221cbccd5ba605d03fb35d51e6fd384410ea0b53f3cf916a484d9871ba9a0b357b67b8d2d38c5ef47
I: MonitorObliviousTransfer::next
I: GeneratePublicKey::next
D:  sending message (size 0.000192 MB)
I: MonitorObliviousTransfer::next
I: SendPublicKey::next
I: MonitorObliviousTransfer::next
I: RecvEncryptedMessages::next
I: MonitorObliviousTransfer::next
I: DecryptChosenMessage::next
I: MonitorObliviousTransfer::next
I: ChooserDone::next
I: MonitorObliviousTransfer::next
I: MonitorObliviousTransfer::next
I: InitChooser::next
I: MonitorObliviousTransfer::next
I: RecvConstant::next
D: received message: 7f569d04025691945128e80617bf89e34756263faf4a14b57deb607176a827357c554fb24525fe3b570d9274b0e9e3585cb3b26d38c290d7e5146fc077253c0abd8226c9549b604fd7abd697c5e75b6121a5cbf2c3939343f479b35120f7746b
I: MonitorObliviousTransfer::next
I: GeneratePublicKey::next
D:  sending message (size 0.000191 MB)
I: MonitorObliviousTransfer::next
I: SendPublicKey::next
I: MonitorObliviousTransfer::next
I: RecvEncryptedMessages::next
I: MonitorObliviousTransfer::next
I: DecryptChosenMessage::next
I: MonitorObliviousTransfer::next
I: ChooserDone::next
I: MonitorObliviousTransfer::next
I: MonitorObliviousTransfer::next
I: InitChooser::next
I: MonitorObliviousTransfer::next
I: RecvConstant::next
D: received message: 4c01a03b5be3ded53876073ee2b0ef95e3f35a0058ad2b56aee5bcecb44b0c1858c4027b4b655b969ba6fe6dc5f5d24e8f1a25e3f6d594ef1e5a5eaa995e9f4b23612e9c3d6b29f3d1ce9d0a547b37331c333e5a4c31a37b36fe34cf202610d6
I: MonitorObliviousTransfer::next
I: GeneratePublicKey::next
D:  sending message (size 0.000192 MB)
I: MonitorObliviousTransfer::next
I: SendPublicKey::next
I: MonitorObliviousTransfer::next
I: RecvEncryptedMessages::next
I: MonitorObliviousTransfer::next
I: DecryptChosenMessage::next
I: MonitorObliviousTransfer::next
I: ChooserDone::next
I: MonitorObliviousTransfer::next
I: MonitorObliviousTransfer::next
I: InitChooser::next
I: MonitorObliviousTransfer::next
I: RecvConstant::next
D: received message: 5e64fd141b20b4a071dd484bf1f4b3088fb672460ba39ecc234e3566a8f3a0a983a34b6a5448dacb19621bfdc2b4c942e627eb8cc01d49938a518dad11a82cb84dd0779388db973aac04a2bb94ee8633f6d2cf52e71cc517be8178fb6e379635
I: MonitorObliviousTransfer::next
I: GeneratePublicKey::next
D:  sending message (size 0.000192 MB)
I: MonitorObliviousTransfer::next
I: SendPublicKey::next
I: MonitorObliviousTransfer::next
I: RecvEncryptedMessages::next
I: MonitorObliviousTransfer::next
I: DecryptChosenMessage::next
I: MonitorObliviousTransfer::next
I: ChooserDone::next
I: MonitorObliviousTransfer::next
I: MonitorObliviousTransfer::next
I: InitChooser::next
I: MonitorObliviousTransfer::next
I: RecvConstant::next
D: received message: 5f24ae24ce397fabd3071fcd74a2649f22aa3fff7b2dd2943c08d4ea06d84e5dff06fc798f1f1f868557fc6993452af6d8444d7497925f014526273777d6cea059bc6fb4e27d94f777264fc45a6fe514b2c24d5dc783ec6a76015ac6b198b9b6
I: MonitorObliviousTransfer::next
I: GeneratePublicKey::next
D:  sending message (size 0.000192 MB)
I: MonitorObliviousTransfer::next
I: SendPublicKey::next
I: MonitorObliviousTransfer::next
I: RecvEncryptedMessages::next
I: MonitorObliviousTransfer::next
I: DecryptChosenMessage::next
I: MonitorObliviousTransfer::next
I: ChooserDone::next
I: MonitorObliviousTransfer::next
I: MonitorObliviousTransfer::next
I: InitChooser::next
I: MonitorObliviousTransfer::next
I: RecvConstant::next
D: received message: a64e1730d5a0b8a40b45ea0f0a97bbe2466a9023ead2f05765c8fbe619ab156fcf1b0e9836ecf26102ee9974aab53be3887628f9ff2078f609307a507329d0aff4c8ad6e28c396450bf2271b5412c22a1024215e0ebc727dd462c67027b67848
I: MonitorObliviousTransfer::next
I: GeneratePublicKey::next
D:  sending message (size 0.000192 MB)
I: MonitorObliviousTransfer::next
I: SendPublicKey::next
I: MonitorObliviousTransfer::next
I: RecvEncryptedMessages::next
I: MonitorObliviousTransfer::next
I: DecryptChosenMessage::next
I: MonitorObliviousTransfer::next
I: ChooserDone::next
I: MonitorObliviousTransfer::next
I: MonitorObliviousTransfer::next
I: InitChooser::next
I: MonitorObliviousTransfer::next
I: RecvConstant::next
D: received message: 8c2ca3b8058aa431593399b4174d7e4930ae7a918c0e46607997d13f454e504634cab18d1ba5c75b6f0f74144b72208d769c48a51c708b6d532190460a37f053321da3f213e1a4bdbcf890310f1e2e245142591aecf8d58f857abe66bbcc265b
I: MonitorObliviousTransfer::next
I: GeneratePublicKey::next
D:  sending message (size 0.000192 MB)
I: MonitorObliviousTransfer::next
I: SendPublicKey::next
I: MonitorObliviousTransfer::next
I: RecvEncryptedMessages::next
I: MonitorObliviousTransfer::next
I: DecryptChosenMessage::next
I: MonitorObliviousTransfer::next
I: ChooserDone::next
I: MonitorObliviousTransfer::next
I: MonitorObliviousTransfer::next
I: InitChooser::next
I: MonitorObliviousTransfer::next
I: RecvConstant::next
D: received message: 3b49f26e96ba4d673e8e7bc1cf47a2c971a9a5fece7a7a97b111937ff59b0f6f4f53277f19b4344be22e7ee7ffbfdf199d3621764ca40f0420702cfd8e39412d54cfd6bb649de146541a00142747d7259ebc8428cf7878c9c42bb6b0c1abc619
I: MonitorObliviousTransfer::next
I: GeneratePublicKey::next
D:  sending message (size 0.000192 MB)
I: MonitorObliviousTransfer::next
I: SendPublicKey::next
I: MonitorObliviousTransfer::next
I: RecvEncryptedMessages::next
I: MonitorObliviousTransfer::next
I: DecryptChosenMessage::next
I: MonitorObliviousTransfer::next
I: ChooserDone::next
I: MonitorObliviousTransfer::next
I: MonitorObliviousTransfer::next
I: InitChooser::next
I: MonitorObliviousTransfer::next
I: RecvConstant::next
D: received message: c3ff9695072d668e401575a574805744f62f7be8b168ce331314d4c113ffaf649ae961feb91f1d6030919990eaba88cf7a679c85718878eace6b777738e14329336db2eda61125955141ace93e941aed37c2161c6ec62b396bf13d39c4a6cc43
I: MonitorObliviousTransfer::next
I: GeneratePublicKey::next
D:  sending message (size 0.000192 MB)
I: MonitorObliviousTransfer::next
I: SendPublicKey::next
I: MonitorObliviousTransfer::next
I: RecvEncryptedMessages::next
I: MonitorObliviousTransfer::next
I: DecryptChosenMessage::next
I: MonitorObliviousTransfer::next
I: ChooserDone::next
I: MonitorObliviousTransfer::next
I: MonitorObliviousTransfer::next
I: InitChooser::next
I: MonitorObliviousTransfer::next
I: RecvConstant::next
D: received message: bfddbfd89c7472320141505a0e11d43c7b5d83aa0ce323634dc304eb94b238760d5a8bb692f0a5a6d1a6ced31a3df793edba51559ea612b3cf16dda2543ab95a4a08246bd9f4f423a2f2f56b5c1d21508bf7b83f6f5e4dbdcbc2a16bbea39a48
I: MonitorObliviousTransfer::next
I: GeneratePublicKey::next
D:  sending message (size 0.000191 MB)
I: MonitorObliviousTransfer::next
I: SendPublicKey::next
I: MonitorObliviousTransfer::next
I: RecvEncryptedMessages::next
I: MonitorObliviousTransfer::next
I: DecryptChosenMessage::next
I: MonitorObliviousTransfer::next
I: ChooserDone::next
I: MonitorObliviousTransfer::next
I: MonitorObliviousTransfer::next
I: InitChooser::next
I: MonitorObliviousTransfer::next
I: RecvConstant::next
D: received message: 515421334f989a0d334fd53b8c6581adbae31a2d019dc34e0e43c98adf7f5bd9ccc2d350d6cb4763e92d2183f3a29f5311cac052d1d36b5622f0ede7b845859a7c2c5a0acdc08c67044ef24bd3a64776b08ed6e3a3e116cc8c6f464ad071fd7b
I: MonitorObliviousTransfer::next
I: GeneratePublicKey::next
D:  sending message (size 0.000191 MB)
I: MonitorObliviousTransfer::next
I: SendPublicKey::next
I: MonitorObliviousTransfer::next
I: RecvEncryptedMessages::next
I: MonitorObliviousTransfer::next
I: DecryptChosenMessage::next
I: MonitorObliviousTransfer::next
I: ChooserDone::next
I: MonitorObliviousTransfer::next
I: MonitorObliviousTransfer::next
I: InitChooser::next
I: MonitorObliviousTransfer::next
I: RecvConstant::next
D: received message: 7179da8668ec2789cd285cccf186fdc69d28fd36a678d80926fb7c0a57146b8516faac5ba7bfcdd270a8cfd2a43bd021b598cc3612823e6c0e834cc27f20ea3ad3ef598fafd372e9396c64015fc77d754afff1eb801c3a4ed0d76c83cb6683a9
I: MonitorObliviousTransfer::next
I: GeneratePublicKey::next
D:  sending message (size 0.000192 MB)
I: MonitorObliviousTransfer::next
I: SendPublicKey::next
I: MonitorObliviousTransfer::next
I: RecvEncryptedMessages::next
I: MonitorObliviousTransfer::next
I: DecryptChosenMessage::next
I: MonitorObliviousTransfer::next
I: ChooserDone::next
I: MonitorObliviousTransfer::next
I: MonitorObliviousTransfer::next
I: InitChooser::next
I: MonitorObliviousTransfer::next
I: RecvConstant::next
D: received message: 8b85972ccd8fd07ebfefb60627ae73c2c9e407a903cb8f2dd02f2e826d9226072ab347587f1ba063ad554b8075916aee8c1794ffb20d1e3f6b670851a7f0cb9003cfb450907fac05784cb647f171632049d83ebfd432eb8d14d6a5dfc5fc7eac
I: MonitorObliviousTransfer::next
I: GeneratePublicKey::next
D:  sending message (size 0.000192 MB)
I: MonitorObliviousTransfer::next
I: SendPublicKey::next
I: MonitorObliviousTransfer::next
I: RecvEncryptedMessages::next
I: MonitorObliviousTransfer::next
I: DecryptChosenMessage::next
I: MonitorObliviousTransfer::next
I: ChooserDone::next
I: MonitorObliviousTransfer::next
I: MonitorObliviousTransfer::next
I: InitChooser::next
I: MonitorObliviousTransfer::next
I: RecvConstant::next
D: received message: a2fbedcf3f2de5ff33fcc1d10e5f1d35821388caf9f3d0cbd243cfa7c3ad90c89cfd17bca34338a7d31130741627f883910c51a74aa792f89c161488fba17e69257d9925e9008836488d6cd6d1f0d3d641e35e07514f30514bd34eef22cb5a94
I: MonitorObliviousTransfer::next
I: GeneratePublicKey::next
D:  sending message (size 0.000192 MB)
I: MonitorObliviousTransfer::next
I: SendPublicKey::next
I: MonitorObliviousTransfer::next
I: RecvEncryptedMessages::next
I: MonitorObliviousTransfer::next
I: DecryptChosenMessage::next
I: MonitorObliviousTransfer::next
I: ChooserDone::next
I: MonitorObliviousTransfer::next
I: MonitorObliviousTransfer::next
I: InitChooser::next
I: MonitorObliviousTransfer::next
I: RecvConstant::next
D: received message: fa93884e2e1a212df10872b05ee4fac1bfba62da173d2b3603e3a113917fff7322cd5b24053c5f2a7c96634851daf6ac2950b8f990582b4b1c6fcb15941b553ca89d8deac852e42092af2109c4102ea65c7c1a1da9c9377f4c3950cc4651a23d
I: MonitorObliviousTransfer::next
I: GeneratePublicKey::next
D:  sending message (size 0.000192 MB)
I: MonitorObliviousTransfer::next
I: SendPublicKey::next
I: MonitorObliviousTransfer::next
I: RecvEncryptedMessages::next
I: MonitorObliviousTransfer::next
I: DecryptChosenMessage::next
I: MonitorObliviousTransfer::next
I: ChooserDone::next
I: MonitorObliviousTransfer::next
I: MonitorObliviousTransfer::next
I: InitChooser::next
I: MonitorObliviousTransfer::next
I: RecvConstant::next
D: received message: cd7f90e319ab0ff53f00a1bb0806fc055b0c58de9bbdc281d7082f0a038af5a4ad7e6a409efac4d180f57c5c50eefd517f9ec1ca0bd013a09d15ac56de1e2984bbe1e68a07683396c1f47aafacee286f1ea71526d0fae16752dd51b466cdfed4
I: MonitorObliviousTransfer::next
I: GeneratePublicKey::next
D:  sending message (size 0.000192 MB)
I: MonitorObliviousTransfer::next
I: SendPublicKey::next
I: MonitorObliviousTransfer::next
I: RecvEncryptedMessages::next
I: MonitorObliviousTransfer::next
I: DecryptChosenMessage::next
I: MonitorObliviousTransfer::next
I: ChooserDone::next
I: MonitorObliviousTransfer::next
I: MonitorObliviousTransfer::next
I: InitChooser::next
I: MonitorObliviousTransfer::next
I: RecvConstant::next
D: received message: 3bbbb19db27cfad200b82374b11f5cc4a01511ec5551a21746ed974578622d33f143ac109f9ac91531adbfda6d427f486b004e94a7b7e8dc4b7a9ed696f1a5f22102a0f91dc05eedbffbd1904fed3686588cdfc5ad36d12eb2de749ddbd37d08
I: MonitorObliviousTransfer::next
I: GeneratePublicKey::next
D:  sending message (size 0.000192 MB)
I: MonitorObliviousTransfer::next
I: SendPublicKey::next
I: MonitorObliviousTransfer::next
I: RecvEncryptedMessages::next
I: MonitorObliviousTransfer::next
I: DecryptChosenMessage::next
I: MonitorObliviousTransfer::next
I: ChooserDone::next
I: MonitorObliviousTransfer::next
I: MonitorObliviousTransfer::next
I: InitChooser::next
I: MonitorObliviousTransfer::next
I: RecvConstant::next
D: received message: 726ebe4eb7b2fa10c16b4505892c334fb3c37de4bee2fadca6d9401a2fa73c1ac9a6a9f4f15e9fdfc8ab2de498b77842a120bba0347cc0ce36d1f8308912820f3d13c8efd1e9a1b7d13ef039d51a7608458168063025ae3933cf28ce8156a591
I: MonitorObliviousTransfer::next
I: GeneratePublicKey::next
D:  sending message (size 0.000192 MB)
I: MonitorObliviousTransfer::next
I: SendPublicKey::next
I: MonitorObliviousTransfer::next
I: RecvEncryptedMessages::next
I: MonitorObliviousTransfer::next
I: DecryptChosenMessage::next
I: MonitorObliviousTransfer::next
I: ChooserDone::next
I: MonitorObliviousTransfer::next
I: MonitorObliviousTransfer::next
I: InitChooser::next
I: MonitorObliviousTransfer::next
I: RecvConstant::next
D: received message: f7aee5418758769b5204ada078eca813e1a67c9bd47bef3d9e595a6e723c0d7654ca09cbd2d9f915226cf20ea3610751b546d38195b43a587d1b440dcc9f5baf4a29c065d8f5adf86a6e4ff39f34b8e909eeae4bbe012a7a603b8e4b71fe1c5
I: MonitorObliviousTransfer::next
I: GeneratePublicKey::next
D:  sending message (size 0.000192 MB)
I: MonitorObliviousTransfer::next
I: SendPublicKey::next
I: MonitorObliviousTransfer::next
I: RecvEncryptedMessages::next
I: MonitorObliviousTransfer::next
I: DecryptChosenMessage::next
I: MonitorObliviousTransfer::next
I: ChooserDone::next
I: MonitorObliviousTransfer::next
I: MonitorObliviousTransfer::next
I: InitChooser::next
I: MonitorObliviousTransfer::next
I: RecvConstant::next
D: received message: cc7fdd6564c51cb2fc56c25ca7a6447c4241a4b5996a0e45ac09d1c679f309ee07839ba22d9a53d72dc92b4392b61f3fa3c36666bfa36261994eea4c374c2cd57d8c52f7c9b23d9ff20a428665e64f15624449ca157de7ee4543a89b80c5283c
I: MonitorObliviousTransfer::next
I: GeneratePublicKey::next
D:  sending message (size 0.000192 MB)
I: MonitorObliviousTransfer::next
I: SendPublicKey::next
I: MonitorObliviousTransfer::next
I: RecvEncryptedMessages::next
I: MonitorObliviousTransfer::next
I: DecryptChosenMessage::next
I: MonitorObliviousTransfer::next
I: ChooserDone::next
I: MonitorObliviousTransfer::next
I: MonitorObliviousTransfer::next
I: InitChooser::next
I: MonitorObliviousTransfer::next
I: RecvConstant::next
D: received message: ae0f5da6ef0d9300fb0a73bb7c37d8a4e0180922a8c780bf8827ebfdab2a161f25b8330337ed320054d9cdf879e1b649d69c1a2758853296b9efab0be9aa27744317ff549e912f90b2f2b6ebd00de2b642267080f7b8db7c0ee1ac004b08f685
I: MonitorObliviousTransfer::next
I: GeneratePublicKey::next
D:  sending message (size 0.000192 MB)
I: MonitorObliviousTransfer::next
I: SendPublicKey::next
I: MonitorObliviousTransfer::next
I: RecvEncryptedMessages::next
I: MonitorObliviousTransfer::next
I: DecryptChosenMessage::next
I: MonitorObliviousTransfer::next
I: ChooserDone::next
I: MonitorObliviousTransfer::next
I: MonitorObliviousTransfer::next
I: InitChooser::next
I: MonitorObliviousTransfer::next
I: RecvConstant::next
D: received message: 3fe2e2f8e4f9f1e2066bcba830ece6351e6cab4981a3cb2c311f9b3eb33cfea3fadad918e2f922259dacc593dfac008a635caaa3cadcfa32168f69fa8fe29674f2bd5d0f302714db1401880ca055f288ae826d661a2168094bdebc033e1388ad
I: MonitorObliviousTransfer::next
I: GeneratePublicKey::next
D:  sending message (size 0.000192 MB)
I: MonitorObliviousTransfer::next
I: SendPublicKey::next
I: MonitorObliviousTransfer::next
I: RecvEncryptedMessages::next
I: MonitorObliviousTransfer::next
I: DecryptChosenMessage::next
I: MonitorObliviousTransfer::next
I: ChooserDone::next
I: MonitorObliviousTransfer::next
I: MonitorObliviousTransfer::next
I: InitChooser::next
I: MonitorObliviousTransfer::next
I: RecvConstant::next
D: received message: 5d4ce0cf015fa2dade2a3066b6a4182ab17c185c8a19cab615bdaa5bd7805d66bdbba0949a5735fa6006d12203de6292ca6489e4438ae7c5d355a1f30c8cb5c300ba699fbbcd986c0b4abfa2ef310d7badcfc7db9a133bf89350b0560c1d942d
I: MonitorObliviousTransfer::next
I: GeneratePublicKey::next
D:  sending message (size 0.000192 MB)
I: MonitorObliviousTransfer::next
I: SendPublicKey::next
I: MonitorObliviousTransfer::next
I: RecvEncryptedMessages::next
I: MonitorObliviousTransfer::next
I: DecryptChosenMessage::next
I: MonitorObliviousTransfer::next
I: ChooserDone::next
I: MonitorObliviousTransfer::next
I: MonitorObliviousTransfer::next
I: InitChooser::next
I: MonitorObliviousTransfer::next
I: RecvConstant::next
D: received message: 48dfec81080e4eed4dee0fc485236c2647567ceb1fed263f7bb739d22922292c1ebe2f57528b56dcb6fcd7e041b402a9da164d2149fd430f5a7918f0e6a7a0a731d65ccf2bc80f153e4ff0095916a603bd2df1c6287c850c444d5fe6f5b21f2e
I: MonitorObliviousTransfer::next
I: GeneratePublicKey::next
D:  sending message (size 0.000192 MB)
I: MonitorObliviousTransfer::next
I: SendPublicKey::next
I: MonitorObliviousTransfer::next
I: RecvEncryptedMessages::next
I: MonitorObliviousTransfer::next
I: DecryptChosenMessage::next
I: MonitorObliviousTransfer::next
I: ChooserDone::next
I: MonitorObliviousTransfer::next
I: MonitorObliviousTransfer::next
I: InitChooser::next
I: MonitorObliviousTransfer::next
I: RecvConstant::next
D: received message: f5891ecb11aadd5c4a428ba0aaf871cb5e2e9e4484331fb552baa3a537e61bc66dec4c7c4d40cd8c5dba5385a7a226b7d3c01e8bd5e0caf757bd63aef162a85de8f212eccd5b1219d89c131de8950db99cb336b2445de431e33de3b4ef1c1b1f
I: MonitorObliviousTransfer::next
I: GeneratePublicKey::next
D:  sending message (size 0.000192 MB)
I: MonitorObliviousTransfer::next
I: SendPublicKey::next
I: MonitorObliviousTransfer::next
I: RecvEncryptedMessages::next
I: MonitorObliviousTransfer::next
I: DecryptChosenMessage::next
I: MonitorObliviousTransfer::next
I: ChooserDone::next
I: MonitorObliviousTransfer::next
I: MonitorObliviousTransfer::next
I: InitChooser::next
I: MonitorObliviousTransfer::next
I: RecvConstant::next
D: received message: 6f798cf6f114a4a4a23efdfae14b6a5deec3192b4d6e427b0844681e861e41626b9b534681c998f65234868dc12532bb33b84533e21b0fc4ad5f8be8d78af86f8d8996e363bdbbec48110e727d572946dbd5f2b3eb0fcd3069bdac784dac3e68
I: MonitorObliviousTransfer::next
I: GeneratePublicKey::next
D:  sending message (size 0.000192 MB)
I: MonitorObliviousTransfer::next
I: SendPublicKey::next
I: MonitorObliviousTransfer::next
I: RecvEncryptedMessages::next
I: MonitorObliviousTransfer::next
I: DecryptChosenMessage::next
I: MonitorObliviousTransfer::next
I: ChooserDone::next
I: MonitorObliviousTransfer::next
I: MonitorObliviousTransfer::next
I: InitChooser::next
I: MonitorObliviousTransfer::next
I: RecvConstant::next
D: received message: 135aa1e2c4531b5327342a99133856e656586e7b1d60c832c1d7cb10a8229b702226f8d724e3b760a324ab18ca08ddb93a88e87fbfdfd34acb133f1bd9eb1ca0a451e4992e516fb861333350954f16708f77f652285d1736556e2aac6466cfbf
I: MonitorObliviousTransfer::next
I: GeneratePublicKey::next
D:  sending message (size 0.000192 MB)
I: MonitorObliviousTransfer::next
I: SendPublicKey::next
I: MonitorObliviousTransfer::next
I: RecvEncryptedMessages::next
I: MonitorObliviousTransfer::next
I: DecryptChosenMessage::next
I: MonitorObliviousTransfer::next
I: ChooserDone::next
I: MonitorObliviousTransfer::next
I: MonitorObliviousTransfer::next
I: InitChooser::next
I: MonitorObliviousTransfer::next
I: RecvConstant::next
D: received message: c4d18ea292606705da7e89967eff99f86c88d24ea583588b7c80007325ef225518f256a855256470dc14dc7a0c8a371b79b695ca2cbd40c461bade5a92d548e2b043a12b6d270cea0ab387da7a7dd7508e717e70fb6ce77abde5ae14acdfbf3d
I: MonitorObliviousTransfer::next
I: GeneratePublicKey::next
D:  sending message (size 0.000192 MB)
I: MonitorObliviousTransfer::next
I: SendPublicKey::next
I: MonitorObliviousTransfer::next
I: RecvEncryptedMessages::next
I: MonitorObliviousTransfer::next
I: DecryptChosenMessage::next
I: MonitorObliviousTransfer::next
I: ChooserDone::next
I: MonitorObliviousTransfer::next
I: MonitorObliviousTransfer::next
I: InitChooser::next
I: MonitorObliviousTransfer::next
I: RecvConstant::next
D: received message: 1b24b06c88e463ad526e43e67115b75decca67844965490ab4545e622c191accb9599f63fc561efb69e58e86338e4b1ceedbeb948ca3717268bddfeef930841ffeb6793283acf058b6d86bdce2b5bded00cc8a8093746bdf940c041116d086f5
I: MonitorObliviousTransfer::next
I: GeneratePublicKey::next
D:  sending message (size 0.000192 MB)
I: MonitorObliviousTransfer::next
I: SendPublicKey::next
I: MonitorObliviousTransfer::next
I: RecvEncryptedMessages::next
I: MonitorObliviousTransfer::next
I: DecryptChosenMessage::next
I: MonitorObliviousTransfer::next
I: ChooserDone::next
I: MonitorObliviousTransfer::next
I: MonitorObliviousTransfer::next
I: InitChooser::next
I: MonitorObliviousTransfer::next
I: RecvConstant::next
D: received message: a5d37cfef43f8676b34c0e61ecf8301b351e4aa8a7eb67a3375174168afefe4ef7143e4d132f1e22cc358741a2d100cc148f279047da140da6cf558296db460e3a3a124895783c3d29568424b932ec2728c3f75b0390e1ba5f4beecd441dd1e2
I: MonitorObliviousTransfer::next
I: GeneratePublicKey::next
D:  sending message (size 0.000192 MB)
I: MonitorObliviousTransfer::next
I: SendPublicKey::next
I: MonitorObliviousTransfer::next
I: RecvEncryptedMessages::next
I: MonitorObliviousTransfer::next
I: DecryptChosenMessage::next
I: MonitorObliviousTransfer::next
I: ChooserDone::next
I: MonitorObliviousTransfer::next
I: MonitorObliviousTransfer::next
I: InitChooser::next
I: MonitorObliviousTransfer::next
I: RecvConstant::next
D: received message: 2e78caa66115fd40e5a7f853880fb1f39d6c14b1b6dc842abe8dc95eeac6e8a418295c89df5d8d8b602484e0b8678dcf639fafbb167c1ba6f28d6e2b8dcf508f38adcaaa649f6b0a6a9a4ee262d682e9dc1947cd94fa4ca989d8d86edf0503f7
I: MonitorObliviousTransfer::next
I: GeneratePublicKey::next
D:  sending message (size 0.000192 MB)
I: MonitorObliviousTransfer::next
I: SendPublicKey::next
I: MonitorObliviousTransfer::next
I: RecvEncryptedMessages::next
I: MonitorObliviousTransfer::next
I: DecryptChosenMessage::next
I: MonitorObliviousTransfer::next
I: ChooserDone::next
I: MonitorObliviousTransfer::next
I: MonitorObliviousTransfer::next
I: InitChooser::next
I: MonitorObliviousTransfer::next
I: RecvConstant::next
D: received message: 2432054038070b21361a074a48ae9a730ee7c3585205ad23754165e71a0ab6f2e9410608807d1d30b2a7d6d11422f23f5542704b51c0c9b4a07279751d62c14dd5d4105d076a8bc8b1163a4aa949237849c425c0cfd7a7b1728f0d5e701b78f5
I: MonitorObliviousTransfer::next
I: GeneratePublicKey::next
D:  sending message (size 0.000192 MB)
I: MonitorObliviousTransfer::next
I: SendPublicKey::next
I: MonitorObliviousTransfer::next
I: RecvEncryptedMessages::next
I: MonitorObliviousTransfer::next
I: DecryptChosenMessage::next
I: MonitorObliviousTransfer::next
I: ChooserDone::next
I: MonitorObliviousTransfer::next
I: MonitorObliviousTransfer::next
I: InitChooser::next
I: MonitorObliviousTransfer::next
I: RecvConstant::next
D: received message: 1c548a3c67fa2c1cfb795f4b5a9607c4709b69e32c8acf102c1320cb1bc709fc121bdbc0341fcb85331afdefd38d79f2de994cf276ee82d5e9b86a4385566330c733b6a36b92e4ba41d7735ae5972b4294d5f31b1db39d4082f68406f19b10ab
I: MonitorObliviousTransfer::next
I: GeneratePublicKey::next
D:  sending message (size 0.000191 MB)
I: MonitorObliviousTransfer::next
I: SendPublicKey::next
I: MonitorObliviousTransfer::next
I: RecvEncryptedMessages::next
I: MonitorObliviousTransfer::next
I: DecryptChosenMessage::next
I: MonitorObliviousTransfer::next
I: ChooserDone::next
I: MonitorObliviousTransfer::next
I: MonitorObliviousTransfer::next
I: InitChooser::next
I: MonitorObliviousTransfer::next
I: RecvConstant::next
D: received message: f156872b3372c2f9faaf505fb77abc7805d9fc9565bfabe59bdd226a2270b2c75c390cbbfdc037a45cdab9cf622c91d4d42977c9a4089c8dda921cc49cc6569d3adb2d9eec27554cf6e4d14d70a2399a95ed33373b58730bcab5054ca141262a
I: MonitorObliviousTransfer::next
I: GeneratePublicKey::next
D:  sending message (size 0.000192 MB)
I: MonitorObliviousTransfer::next
I: SendPublicKey::next
I: MonitorObliviousTransfer::next
I: RecvEncryptedMessages::next
I: MonitorObliviousTransfer::next
I: DecryptChosenMessage::next
I: MonitorObliviousTransfer::next
I: ChooserDone::next
I: MonitorObliviousTransfer::next
I: MonitorObliviousTransfer::next
I: InitChooser::next
I: MonitorObliviousTransfer::next
I: RecvConstant::next
D: received message: 31f4290cb1868658814ae758bd32c658170d9c765bcb550c4aaba6c6f665b0f7fbbddca652dcf65dbab6d991d97ee24e1c7060f82ff115c951bf18214c87fa00b02a912a529024176859b33b770cf01854844e350e04220e8ec485089decdb6a
I: MonitorObliviousTransfer::next
I: GeneratePublicKey::next
D:  sending message (size 0.000192 MB)
I: MonitorObliviousTransfer::next
I: SendPublicKey::next
I: MonitorObliviousTransfer::next
I: RecvEncryptedMessages::next
I: MonitorObliviousTransfer::next
I: DecryptChosenMessage::next
I: MonitorObliviousTransfer::next
I: ChooserDone::next
I: MonitorObliviousTransfer::next
I: MonitorObliviousTransfer::next
I: InitChooser::next
I: MonitorObliviousTransfer::next
I: RecvConstant::next
D: received message: d2841b14eb779afbdd9fcd0f67e2daa9506a559d4c5481dd10e4ea910c47b00a888d4b33949b39524192fe688b18889e8863a6a5cd81277e18682e81d3d8514366c48fcff569a8185aea808052cfa6ce1b6d5c5c4ed942a416b5c5a80d8607a4
I: MonitorObliviousTransfer::next
I: GeneratePublicKey::next
D:  sending message (size 0.000192 MB)
I: MonitorObliviousTransfer::next
I: SendPublicKey::next
I: MonitorObliviousTransfer::next
I: RecvEncryptedMessages::next
I: MonitorObliviousTransfer::next
I: DecryptChosenMessage::next
I: MonitorObliviousTransfer::next
I: ChooserDone::next
I: MonitorObliviousTransfer::next
I: MonitorObliviousTransfer::next
I: InitChooser::next
I: MonitorObliviousTransfer::next
I: RecvConstant::next
D: received message: 29cdfadef3867e793d73720415c5666b3039dd744839c623c695502fe57894c8a80c1ffdafa1da911272fefc4764f2b8774760d80dfeb4dd794c03fbcb92bdf663373c8392694af306b5e06d136263e3b04aa3dadecbe552b78c2c4eb5e7b241
I: MonitorObliviousTransfer::next
I: GeneratePublicKey::next
D:  sending message (size 0.000192 MB)
I: MonitorObliviousTransfer::next
I: SendPublicKey::next
I: MonitorObliviousTransfer::next
I: RecvEncryptedMessages::next
I: MonitorObliviousTransfer::next
I: DecryptChosenMessage::next
I: MonitorObliviousTransfer::next
I: ChooserDone::next
I: MonitorObliviousTransfer::next
I: MonitorObliviousTransfer::next
I: InitChooser::next
I: MonitorObliviousTransfer::next
I: RecvConstant::next
D: received message: eef5059564f33253f6aae2531bd25f46223a56c1be04a20773ff91b542d715ec875a5a4ada532ccb6584dd275aeb3574056cb362925043648dd4a66d5e6d2a55ae4439714eee5a4805fa8fa2caa6e5ed4f45507ea5c671a3ff8907f6c56d9a5c
I: MonitorObliviousTransfer::next
I: GeneratePublicKey::next
D:  sending message (size 0.000190 MB)
I: MonitorObliviousTransfer::next
I: SendPublicKey::next
I: MonitorObliviousTransfer::next
I: RecvEncryptedMessages::next
I: MonitorObliviousTransfer::next
I: DecryptChosenMessage::next
I: MonitorObliviousTransfer::next
I: ChooserDone::next
I: MonitorObliviousTransfer::next
I: MonitorObliviousTransfer::next
I: EvaluateCircuit::next
D:  sending message (size 0.000001 MB)
I: SendFlagBit::next
I: ==== round duration: 20507.957031 ms ====
I: MonitorCopyMonitorStateLabels::next
I: RecvGarbledGates::next
I: RecvSystemInputLabels::next
I: RecvFlagBitLabels::next
I: EvaluateCircuit::next
D:  sending message (size 0.000001 MB)
I: SendFlagBit::next
I: ==== round duration: 18990.558594 ms ====
I: MonitorCopyMonitorStateLabels::next
I: RecvGarbledGates::next
I: RecvSystemInputLabels::next
I: RecvFlagBitLabels::next
I: EvaluateCircuit::next
D:  sending message (size 0.000001 MB)
I: SendFlagBit::next
I: ==== round duration: 19815.173828 ms ====
I: FaultObserved::next
I: MonitorDone::next
