I: initializing safe primes...
I: using prime modulus 2410312426921032588552076022197566074856950548502459942654116941958108831682612228890093858261341614673227141477904012196503648957050582631942730706805009223062734745341073406696246014589361659774041027169249453200378729434170325843778659198143763193776859869524088940195577346119843545301547043747207749969763750084308926339295559968882457872412993810129130294592999947926365264059284647209730384947211681434464714438488520940127459844288859336526896320919633919
I: received gate count 20618
I: InitSystem::next
D: SystemInterface: time after state::next: 0.031550 ms
I: RecvCircuit::next
D: ---- circuit parsing time: 6301.872070 ms
D: SystemInterface: time after state::next: 0.003157 ms
I: InitMonitorStateLabels::next
D: refilling hex generator buffer (took 1.936886 ms)
D: SystemInterface: time after state::next: 2.582703 ms
I: GenerateGarbledGates::next
D: refilling hex generator buffer (took 1.925084 ms)
D: refilling hex generator buffer (took 1.881288 ms)
D: refilling hex generator buffer (took 1.938254 ms)
D: refilling hex generator buffer (took 1.938841 ms)
D: refilling hex generator buffer (took 2.011353 ms)
D: refilling hex generator buffer (took 1.958068 ms)
D: refilling hex generator buffer (took 2.009172 ms)
D: refilling hex generator buffer (took 1.976996 ms)
D: refilling hex generator buffer (took 1.992149 ms)
D: refilling hex generator buffer (took 1.978882 ms)
D: refilling hex generator buffer (took 2.029800 ms)
D: refilling hex generator buffer (took 1.962443 ms)
D: refilling hex generator buffer (took 1.999167 ms)
D: refilling hex generator buffer (took 2.012104 ms)
D: refilling hex generator buffer (took 1.992819 ms)
D: refilling hex generator buffer (took 1.978828 ms)
D: SystemInterface: time after state::next: 5465.534668 ms
D:  sending message (size 65.482768 MB)
I: SendGarbledGates::next
D: SystemInterface: time after state::next: 5465.700195 ms
D:  sending message (size 1.476480 MB)
I: SendSystemInputLabels::next
D: SystemInterface: time after state::next: 5465.739746 ms
D:  sending message (size 0.001538 MB)
I: SendFlagBitLabels::next
D: ctor: starting OT timer...
D: ctor: pausing OT timer...
D: SystemInterface: time after state::next: 5465.776855 ms
I: SystemObliviousTransfer::next
I: InitSender::next
D: SystemInterface: time after state::next: 5465.827637 ms
I: SystemObliviousTransfer::next
I: GenerateConstant::next
D: SystemInterface: time after state::next: 5467.326172 ms
D: message: resuming OT timer...
D: message: pausing OT timer...
D:  sending message (size 0.000384 MB)
I: SystemObliviousTransfer::next
I: SendConstant::next
D: SystemInterface: time after state::next: 5467.361816 ms
I: SystemObliviousTransfer::next
I: RecvPublicKey::next
D: SystemInterface: time after state::next: 5467.397949 ms
I: SystemObliviousTransfer::next
I: EncryptMessages::next
D: SystemInterface: time after state::next: 5471.662109 ms
D: message: resuming OT timer...
D: message: pausing OT timer...
D:  sending message (size 0.002307 MB)
I: SystemObliviousTransfer::next
I: SendEncryptedMessages::next
D: SystemInterface: time after state::next: 5471.681152 ms
I: SystemObliviousTransfer::next
I: SenderDone::next
D: SystemInterface: time after state::next: 5471.689453 ms
I: SystemObliviousTransfer::next
D: SystemInterface: time after state::next: 5471.696777 ms
I: SystemObliviousTransfer::next
I: InitSender::next
D: SystemInterface: time after state::next: 5471.702637 ms
I: SystemObliviousTransfer::next
I: GenerateConstant::next
D: SystemInterface: time after state::next: 5473.180176 ms
D: message: resuming OT timer...
D: message: pausing OT timer...
D:  sending message (size 0.000384 MB)
I: SystemObliviousTransfer::next
I: SendConstant::next
D: SystemInterface: time after state::next: 5473.198242 ms
I: SystemObliviousTransfer::next
I: RecvPublicKey::next
D: SystemInterface: time after state::next: 5473.238281 ms
I: SystemObliviousTransfer::next
I: EncryptMessages::next
D: SystemInterface: time after state::next: 5477.503418 ms
D: message: resuming OT timer...
D: message: pausing OT timer...
D:  sending message (size 0.002307 MB)
I: SystemObliviousTransfer::next
I: SendEncryptedMessages::next
D: SystemInterface: time after state::next: 5477.525879 ms
I: SystemObliviousTransfer::next
I: SenderDone::next
D: SystemInterface: time after state::next: 5477.532227 ms
I: SystemObliviousTransfer::next
D: SystemInterface: time after state::next: 5477.539062 ms
I: SystemObliviousTransfer::next
I: InitSender::next
D: SystemInterface: time after state::next: 5477.544922 ms
I: SystemObliviousTransfer::next
I: GenerateConstant::next
D: SystemInterface: time after state::next: 5479.011230 ms
D: message: resuming OT timer...
D: message: pausing OT timer...
D:  sending message (size 0.000384 MB)
I: SystemObliviousTransfer::next
I: SendConstant::next
D: SystemInterface: time after state::next: 5479.029297 ms
I: SystemObliviousTransfer::next
I: RecvPublicKey::next
D: SystemInterface: time after state::next: 5479.068359 ms
I: SystemObliviousTransfer::next
I: EncryptMessages::next
D: SystemInterface: time after state::next: 5483.384766 ms
D: message: resuming OT timer...
D: message: pausing OT timer...
D:  sending message (size 0.002307 MB)
I: SystemObliviousTransfer::next
I: SendEncryptedMessages::next
D: SystemInterface: time after state::next: 5483.403809 ms
I: SystemObliviousTransfer::next
I: SenderDone::next
D: SystemInterface: time after state::next: 5483.412109 ms
I: SystemObliviousTransfer::next
D: SystemInterface: time after state::next: 5483.419434 ms
I: SystemObliviousTransfer::next
I: InitSender::next
D: SystemInterface: time after state::next: 5483.425781 ms
I: SystemObliviousTransfer::next
I: GenerateConstant::next
D: SystemInterface: time after state::next: 5484.898438 ms
D: message: resuming OT timer...
D: message: pausing OT timer...
D:  sending message (size 0.000384 MB)
I: SystemObliviousTransfer::next
I: SendConstant::next
D: SystemInterface: time after state::next: 5484.915527 ms
I: SystemObliviousTransfer::next
I: RecvPublicKey::next
D: SystemInterface: time after state::next: 5484.953613 ms
I: SystemObliviousTransfer::next
I: EncryptMessages::next
D: SystemInterface: time after state::next: 5489.191406 ms
D: message: resuming OT timer...
D: message: pausing OT timer...
D:  sending message (size 0.002307 MB)
I: SystemObliviousTransfer::next
I: SendEncryptedMessages::next
D: SystemInterface: time after state::next: 5489.208496 ms
I: SystemObliviousTransfer::next
I: SenderDone::next
D: SystemInterface: time after state::next: 5489.216797 ms
I: SystemObliviousTransfer::next
D: SystemInterface: time after state::next: 5489.223633 ms
I: SystemObliviousTransfer::next
I: InitSender::next
D: SystemInterface: time after state::next: 5489.229492 ms
I: SystemObliviousTransfer::next
I: GenerateConstant::next
D: SystemInterface: time after state::next: 5490.705078 ms
D: message: resuming OT timer...
D: message: pausing OT timer...
D:  sending message (size 0.000384 MB)
I: SystemObliviousTransfer::next
I: SendConstant::next
D: SystemInterface: time after state::next: 5490.721680 ms
I: SystemObliviousTransfer::next
I: RecvPublicKey::next
D: SystemInterface: time after state::next: 5490.759277 ms
I: SystemObliviousTransfer::next
I: EncryptMessages::next
D: SystemInterface: time after state::next: 5494.999512 ms
D: message: resuming OT timer...
D: message: pausing OT timer...
D:  sending message (size 0.002306 MB)
I: SystemObliviousTransfer::next
I: SendEncryptedMessages::next
D: SystemInterface: time after state::next: 5495.016602 ms
I: SystemObliviousTransfer::next
I: SenderDone::next
D: SystemInterface: time after state::next: 5495.024414 ms
I: SystemObliviousTransfer::next
D: SystemInterface: time after state::next: 5495.031738 ms
I: SystemObliviousTransfer::next
I: InitSender::next
D: SystemInterface: time after state::next: 5495.037598 ms
I: SystemObliviousTransfer::next
I: GenerateConstant::next
D: SystemInterface: time after state::next: 5496.519043 ms
D: message: resuming OT timer...
D: message: pausing OT timer...
D:  sending message (size 0.000384 MB)
I: SystemObliviousTransfer::next
I: SendConstant::next
D: SystemInterface: time after state::next: 5496.536133 ms
I: SystemObliviousTransfer::next
I: RecvPublicKey::next
D: SystemInterface: time after state::next: 5496.583984 ms
I: SystemObliviousTransfer::next
I: EncryptMessages::next
D: SystemInterface: time after state::next: 5500.822754 ms
D: message: resuming OT timer...
D: message: pausing OT timer...
D:  sending message (size 0.002307 MB)
I: SystemObliviousTransfer::next
I: SendEncryptedMessages::next
D: SystemInterface: time after state::next: 5500.839844 ms
I: SystemObliviousTransfer::next
I: SenderDone::next
D: SystemInterface: time after state::next: 5500.847656 ms
I: SystemObliviousTransfer::next
D: SystemInterface: time after state::next: 5500.854980 ms
I: SystemObliviousTransfer::next
I: InitSender::next
D: SystemInterface: time after state::next: 5500.860840 ms
I: SystemObliviousTransfer::next
I: GenerateConstant::next
D: SystemInterface: time after state::next: 5502.331055 ms
D: message: resuming OT timer...
D: message: pausing OT timer...
D:  sending message (size 0.000384 MB)
I: SystemObliviousTransfer::next
I: SendConstant::next
D: SystemInterface: time after state::next: 5502.347656 ms
I: SystemObliviousTransfer::next
I: RecvPublicKey::next
D: SystemInterface: time after state::next: 5502.385254 ms
I: SystemObliviousTransfer::next
I: EncryptMessages::next
D: SystemInterface: time after state::next: 5506.624512 ms
D: message: resuming OT timer...
D: message: pausing OT timer...
D:  sending message (size 0.002307 MB)
I: SystemObliviousTransfer::next
I: SendEncryptedMessages::next
D: SystemInterface: time after state::next: 5506.641602 ms
I: SystemObliviousTransfer::next
I: SenderDone::next
D: SystemInterface: time after state::next: 5506.649902 ms
I: SystemObliviousTransfer::next
D: SystemInterface: time after state::next: 5506.656738 ms
I: SystemObliviousTransfer::next
I: InitSender::next
D: SystemInterface: time after state::next: 5506.663086 ms
I: SystemObliviousTransfer::next
I: GenerateConstant::next
D: SystemInterface: time after state::next: 5508.135254 ms
D: message: resuming OT timer...
D: message: pausing OT timer...
D:  sending message (size 0.000384 MB)
I: SystemObliviousTransfer::next
I: SendConstant::next
D: SystemInterface: time after state::next: 5508.152832 ms
I: SystemObliviousTransfer::next
I: RecvPublicKey::next
D: SystemInterface: time after state::next: 5508.188965 ms
I: SystemObliviousTransfer::next
I: EncryptMessages::next
D: SystemInterface: time after state::next: 5512.424805 ms
D: message: resuming OT timer...
D: message: pausing OT timer...
D:  sending message (size 0.002307 MB)
I: SystemObliviousTransfer::next
I: SendEncryptedMessages::next
D: SystemInterface: time after state::next: 5512.447754 ms
I: SystemObliviousTransfer::next
I: SenderDone::next
D: SystemInterface: time after state::next: 5512.459961 ms
I: SystemObliviousTransfer::next
D: SystemInterface: time after state::next: 5512.471680 ms
I: SystemObliviousTransfer::next
I: InitSender::next
D: SystemInterface: time after state::next: 5512.481445 ms
I: SystemObliviousTransfer::next
I: GenerateConstant::next
D: SystemInterface: time after state::next: 5515.812988 ms
D: message: resuming OT timer...
D: message: pausing OT timer...
D:  sending message (size 0.000384 MB)
I: SystemObliviousTransfer::next
I: SendConstant::next
D: SystemInterface: time after state::next: 5515.838867 ms
I: SystemObliviousTransfer::next
I: RecvPublicKey::next
D: SystemInterface: time after state::next: 5515.892578 ms
I: SystemObliviousTransfer::next
I: EncryptMessages::next
D: SystemInterface: time after state::next: 5525.685547 ms
D: message: resuming OT timer...
D: message: pausing OT timer...
D:  sending message (size 0.002307 MB)
I: SystemObliviousTransfer::next
I: SendEncryptedMessages::next
D: SystemInterface: time after state::next: 5525.716309 ms
I: SystemObliviousTransfer::next
I: SenderDone::next
D: SystemInterface: time after state::next: 5525.729492 ms
I: SystemObliviousTransfer::next
D: SystemInterface: time after state::next: 5525.742188 ms
I: SystemObliviousTransfer::next
I: InitSender::next
D: SystemInterface: time after state::next: 5525.769043 ms
I: SystemObliviousTransfer::next
I: GenerateConstant::next
D: SystemInterface: time after state::next: 5530.749023 ms
D: message: resuming OT timer...
D: message: pausing OT timer...
D:  sending message (size 0.000384 MB)
I: SystemObliviousTransfer::next
I: SendConstant::next
D: SystemInterface: time after state::next: 5530.791016 ms
I: SystemObliviousTransfer::next
I: RecvPublicKey::next
D: SystemInterface: time after state::next: 5530.890625 ms
I: SystemObliviousTransfer::next
I: EncryptMessages::next
D: SystemInterface: time after state::next: 5541.139648 ms
D: message: resuming OT timer...
D: message: pausing OT timer...
D:  sending message (size 0.002306 MB)
I: SystemObliviousTransfer::next
I: SendEncryptedMessages::next
D: SystemInterface: time after state::next: 5541.171875 ms
I: SystemObliviousTransfer::next
I: SenderDone::next
D: SystemInterface: time after state::next: 5541.186035 ms
I: SystemObliviousTransfer::next
D: SystemInterface: time after state::next: 5541.198730 ms
I: SystemObliviousTransfer::next
I: InitSender::next
D: SystemInterface: time after state::next: 5541.209473 ms
I: SystemObliviousTransfer::next
I: GenerateConstant::next
D: SystemInterface: time after state::next: 5544.515137 ms
D: message: resuming OT timer...
D: message: pausing OT timer...
D:  sending message (size 0.000384 MB)
I: SystemObliviousTransfer::next
I: SendConstant::next
D: SystemInterface: time after state::next: 5544.528320 ms
I: SystemObliviousTransfer::next
I: RecvPublicKey::next
D: SystemInterface: time after state::next: 5544.638672 ms
I: SystemObliviousTransfer::next
I: EncryptMessages::next
D: SystemInterface: time after state::next: 5551.844727 ms
D: message: resuming OT timer...
D: message: pausing OT timer...
D:  sending message (size 0.002307 MB)
I: SystemObliviousTransfer::next
I: SendEncryptedMessages::next
D: SystemInterface: time after state::next: 5551.874023 ms
I: SystemObliviousTransfer::next
I: SenderDone::next
D: SystemInterface: time after state::next: 5551.884766 ms
I: SystemObliviousTransfer::next
D: SystemInterface: time after state::next: 5551.895508 ms
I: SystemObliviousTransfer::next
I: InitSender::next
D: SystemInterface: time after state::next: 5551.903809 ms
I: SystemObliviousTransfer::next
I: GenerateConstant::next
D: SystemInterface: time after state::next: 5553.620605 ms
D: message: resuming OT timer...
D: message: pausing OT timer...
D:  sending message (size 0.000384 MB)
I: SystemObliviousTransfer::next
I: SendConstant::next
D: SystemInterface: time after state::next: 5553.640137 ms
I: SystemObliviousTransfer::next
I: RecvPublicKey::next
D: SystemInterface: time after state::next: 5553.692383 ms
I: SystemObliviousTransfer::next
I: EncryptMessages::next
D: SystemInterface: time after state::next: 5558.341309 ms
D: message: resuming OT timer...
D: message: pausing OT timer...
D:  sending message (size 0.002307 MB)
I: SystemObliviousTransfer::next
I: SendEncryptedMessages::next
D: SystemInterface: time after state::next: 5558.375488 ms
I: SystemObliviousTransfer::next
I: SenderDone::next
D: SystemInterface: time after state::next: 5558.388184 ms
I: SystemObliviousTransfer::next
D: SystemInterface: time after state::next: 5558.401367 ms
I: SystemObliviousTransfer::next
I: InitSender::next
D: SystemInterface: time after state::next: 5558.412109 ms
I: SystemObliviousTransfer::next
I: GenerateConstant::next
D: SystemInterface: time after state::next: 5561.873047 ms
D: message: resuming OT timer...
D: message: pausing OT timer...
D:  sending message (size 0.000384 MB)
I: SystemObliviousTransfer::next
I: SendConstant::next
D: SystemInterface: time after state::next: 5561.904297 ms
I: SystemObliviousTransfer::next
I: RecvPublicKey::next
D: SystemInterface: time after state::next: 5561.973633 ms
I: SystemObliviousTransfer::next
I: EncryptMessages::next
D: SystemInterface: time after state::next: 5567.587402 ms
D: message: resuming OT timer...
D: message: pausing OT timer...
D:  sending message (size 0.002307 MB)
I: SystemObliviousTransfer::next
I: SendEncryptedMessages::next
D: SystemInterface: time after state::next: 5567.638184 ms
I: SystemObliviousTransfer::next
I: SenderDone::next
D: SystemInterface: time after state::next: 5567.650879 ms
I: SystemObliviousTransfer::next
D: SystemInterface: time after state::next: 5567.662598 ms
I: SystemObliviousTransfer::next
I: InitSender::next
D: SystemInterface: time after state::next: 5567.672852 ms
I: SystemObliviousTransfer::next
I: GenerateConstant::next
D: SystemInterface: time after state::next: 5571.116211 ms
D: message: resuming OT timer...
D: message: pausing OT timer...
D:  sending message (size 0.000384 MB)
I: SystemObliviousTransfer::next
I: SendConstant::next
D: SystemInterface: time after state::next: 5571.143066 ms
I: SystemObliviousTransfer::next
I: RecvPublicKey::next
D: SystemInterface: time after state::next: 5571.206543 ms
I: SystemObliviousTransfer::next
I: EncryptMessages::next
D: SystemInterface: time after state::next: 5577.010742 ms
D: message: resuming OT timer...
D: message: pausing OT timer...
D:  sending message (size 0.002307 MB)
I: SystemObliviousTransfer::next
I: SendEncryptedMessages::next
D: SystemInterface: time after state::next: 5577.036133 ms
I: SystemObliviousTransfer::next
I: SenderDone::next
D: SystemInterface: time after state::next: 5577.048828 ms
I: SystemObliviousTransfer::next
D: SystemInterface: time after state::next: 5577.061523 ms
I: SystemObliviousTransfer::next
I: InitSender::next
D: SystemInterface: time after state::next: 5577.071777 ms
I: SystemObliviousTransfer::next
I: GenerateConstant::next
D: SystemInterface: time after state::next: 5579.129395 ms
D: message: resuming OT timer...
D: message: pausing OT timer...
D:  sending message (size 0.000384 MB)
I: SystemObliviousTransfer::next
I: SendConstant::next
D: SystemInterface: time after state::next: 5579.150391 ms
I: SystemObliviousTransfer::next
I: RecvPublicKey::next
D: SystemInterface: time after state::next: 5579.198730 ms
I: SystemObliviousTransfer::next
I: EncryptMessages::next
D: SystemInterface: time after state::next: 5583.713379 ms
D: message: resuming OT timer...
D: message: pausing OT timer...
D:  sending message (size 0.002307 MB)
I: SystemObliviousTransfer::next
I: SendEncryptedMessages::next
D: SystemInterface: time after state::next: 5583.736328 ms
I: SystemObliviousTransfer::next
I: SenderDone::next
D: SystemInterface: time after state::next: 5583.748535 ms
I: SystemObliviousTransfer::next
D: SystemInterface: time after state::next: 5583.761230 ms
I: SystemObliviousTransfer::next
I: InitSender::next
D: SystemInterface: time after state::next: 5583.770996 ms
I: SystemObliviousTransfer::next
I: GenerateConstant::next
D: SystemInterface: time after state::next: 5587.229004 ms
D: message: resuming OT timer...
D: message: pausing OT timer...
D:  sending message (size 0.000384 MB)
I: SystemObliviousTransfer::next
I: SendConstant::next
D: SystemInterface: time after state::next: 5587.251953 ms
I: SystemObliviousTransfer::next
I: RecvPublicKey::next
D: SystemInterface: time after state::next: 5587.296387 ms
I: SystemObliviousTransfer::next
I: EncryptMessages::next
D: SystemInterface: time after state::next: 5592.638672 ms
D: message: resuming OT timer...
D: message: pausing OT timer...
D:  sending message (size 0.002307 MB)
I: SystemObliviousTransfer::next
I: SendEncryptedMessages::next
D: SystemInterface: time after state::next: 5592.666016 ms
I: SystemObliviousTransfer::next
I: SenderDone::next
D: SystemInterface: time after state::next: 5592.678223 ms
I: SystemObliviousTransfer::next
D: SystemInterface: time after state::next: 5592.689941 ms
I: SystemObliviousTransfer::next
I: InitSender::next
D: SystemInterface: time after state::next: 5592.699707 ms
I: SystemObliviousTransfer::next
I: GenerateConstant::next
D: SystemInterface: time after state::next: 5596.151367 ms
D: message: resuming OT timer...
D: message: pausing OT timer...
D:  sending message (size 0.000384 MB)
I: SystemObliviousTransfer::next
I: SendConstant::next
D: SystemInterface: time after state::next: 5596.174805 ms
I: SystemObliviousTransfer::next
I: RecvPublicKey::next
D: SystemInterface: time after state::next: 5596.239258 ms
I: SystemObliviousTransfer::next
I: EncryptMessages::next
D: SystemInterface: time after state::next: 5601.749023 ms
D: message: resuming OT timer...
D: message: pausing OT timer...
D:  sending message (size 0.002307 MB)
I: SystemObliviousTransfer::next
I: SendEncryptedMessages::next
D: SystemInterface: time after state::next: 5601.771973 ms
I: SystemObliviousTransfer::next
I: SenderDone::next
D: SystemInterface: time after state::next: 5601.780762 ms
I: SystemObliviousTransfer::next
D: SystemInterface: time after state::next: 5601.788574 ms
I: SystemObliviousTransfer::next
I: InitSender::next
D: SystemInterface: time after state::next: 5601.794922 ms
I: SystemObliviousTransfer::next
I: GenerateConstant::next
D: SystemInterface: time after state::next: 5603.355469 ms
D: message: resuming OT timer...
D: message: pausing OT timer...
D:  sending message (size 0.000384 MB)
I: SystemObliviousTransfer::next
I: SendConstant::next
D: SystemInterface: time after state::next: 5603.373535 ms
I: SystemObliviousTransfer::next
I: RecvPublicKey::next
D: SystemInterface: time after state::next: 5603.411133 ms
I: SystemObliviousTransfer::next
I: EncryptMessages::next
D: SystemInterface: time after state::next: 5607.912109 ms
D: message: resuming OT timer...
D: message: pausing OT timer...
D:  sending message (size 0.002306 MB)
I: SystemObliviousTransfer::next
I: SendEncryptedMessages::next
D: SystemInterface: time after state::next: 5607.930664 ms
I: SystemObliviousTransfer::next
I: SenderDone::next
D: SystemInterface: time after state::next: 5607.938965 ms
I: SystemObliviousTransfer::next
D: SystemInterface: time after state::next: 5607.946777 ms
I: SystemObliviousTransfer::next
I: InitSender::next
D: SystemInterface: time after state::next: 5607.953125 ms
I: SystemObliviousTransfer::next
I: GenerateConstant::next
D: SystemInterface: time after state::next: 5609.534668 ms
D: message: resuming OT timer...
D: message: pausing OT timer...
D:  sending message (size 0.000384 MB)
I: SystemObliviousTransfer::next
I: SendConstant::next
D: SystemInterface: time after state::next: 5609.552246 ms
I: SystemObliviousTransfer::next
I: RecvPublicKey::next
D: SystemInterface: time after state::next: 5609.592773 ms
I: SystemObliviousTransfer::next
I: EncryptMessages::next
D: SystemInterface: time after state::next: 5614.109863 ms
D: message: resuming OT timer...
D: message: pausing OT timer...
D:  sending message (size 0.002307 MB)
I: SystemObliviousTransfer::next
I: SendEncryptedMessages::next
D: SystemInterface: time after state::next: 5614.133789 ms
I: SystemObliviousTransfer::next
I: SenderDone::next
D: SystemInterface: time after state::next: 5614.146484 ms
I: SystemObliviousTransfer::next
D: SystemInterface: time after state::next: 5614.158691 ms
I: SystemObliviousTransfer::next
I: InitSender::next
D: SystemInterface: time after state::next: 5614.168945 ms
I: SystemObliviousTransfer::next
I: GenerateConstant::next
D: SystemInterface: time after state::next: 5617.618164 ms
D: message: resuming OT timer...
D: message: pausing OT timer...
D:  sending message (size 0.000384 MB)
I: SystemObliviousTransfer::next
I: SendConstant::next
D: SystemInterface: time after state::next: 5617.640137 ms
I: SystemObliviousTransfer::next
I: RecvPublicKey::next
D: SystemInterface: time after state::next: 5617.683594 ms
I: SystemObliviousTransfer::next
I: EncryptMessages::next
D: SystemInterface: time after state::next: 5627.615234 ms
D: message: resuming OT timer...
D: message: pausing OT timer...
D:  sending message (size 0.002307 MB)
I: SystemObliviousTransfer::next
I: SendEncryptedMessages::next
D: SystemInterface: time after state::next: 5627.639160 ms
I: SystemObliviousTransfer::next
I: SenderDone::next
D: SystemInterface: time after state::next: 5627.651367 ms
I: SystemObliviousTransfer::next
D: SystemInterface: time after state::next: 5627.664062 ms
I: SystemObliviousTransfer::next
I: InitSender::next
D: SystemInterface: time after state::next: 5627.674805 ms
I: SystemObliviousTransfer::next
I: GenerateConstant::next
D: SystemInterface: time after state::next: 5631.137695 ms
D: message: resuming OT timer...
D: message: pausing OT timer...
D:  sending message (size 0.000384 MB)
I: SystemObliviousTransfer::next
I: SendConstant::next
D: SystemInterface: time after state::next: 5631.161621 ms
I: SystemObliviousTransfer::next
I: RecvPublicKey::next
D: SystemInterface: time after state::next: 5631.211914 ms
I: SystemObliviousTransfer::next
I: EncryptMessages::next
D: SystemInterface: time after state::next: 5641.412598 ms
D: message: resuming OT timer...
D: message: pausing OT timer...
D:  sending message (size 0.002307 MB)
I: SystemObliviousTransfer::next
I: SendEncryptedMessages::next
D: SystemInterface: time after state::next: 5641.439453 ms
I: SystemObliviousTransfer::next
I: SenderDone::next
D: SystemInterface: time after state::next: 5641.451660 ms
I: SystemObliviousTransfer::next
D: SystemInterface: time after state::next: 5641.464355 ms
I: SystemObliviousTransfer::next
I: InitSender::next
D: SystemInterface: time after state::next: 5641.475098 ms
I: SystemObliviousTransfer::next
I: GenerateConstant::next
D: SystemInterface: time after state::next: 5644.936523 ms
D: message: resuming OT timer...
D: message: pausing OT timer...
D:  sending message (size 0.000384 MB)
I: SystemObliviousTransfer::next
I: SendConstant::next
D: SystemInterface: time after state::next: 5644.963379 ms
I: SystemObliviousTransfer::next
I: RecvPublicKey::next
D: SystemInterface: time after state::next: 5645.017578 ms
I: SystemObliviousTransfer::next
I: EncryptMessages::next
D: SystemInterface: time after state::next: 5655.506836 ms
D: message: resuming OT timer...
D: message: pausing OT timer...
D:  sending message (size 0.002307 MB)
I: SystemObliviousTransfer::next
I: SendEncryptedMessages::next
D: SystemInterface: time after state::next: 5655.546875 ms
I: SystemObliviousTransfer::next
I: SenderDone::next
D: SystemInterface: time after state::next: 5655.561523 ms
I: SystemObliviousTransfer::next
D: SystemInterface: time after state::next: 5655.572754 ms
I: SystemObliviousTransfer::next
I: InitSender::next
D: SystemInterface: time after state::next: 5655.581055 ms
I: SystemObliviousTransfer::next
I: GenerateConstant::next
D: SystemInterface: time after state::next: 5658.381836 ms
D: message: resuming OT timer...
D: message: pausing OT timer...
D:  sending message (size 0.000384 MB)
I: SystemObliviousTransfer::next
I: SendConstant::next
D: SystemInterface: time after state::next: 5658.402344 ms
I: SystemObliviousTransfer::next
I: RecvPublicKey::next
D: SystemInterface: time after state::next: 5658.492676 ms
I: SystemObliviousTransfer::next
I: EncryptMessages::next
D: SystemInterface: time after state::next: 5665.966309 ms
D: message: resuming OT timer...
D: message: pausing OT timer...
D:  sending message (size 0.002307 MB)
I: SystemObliviousTransfer::next
I: SendEncryptedMessages::next
D: SystemInterface: time after state::next: 5665.997070 ms
I: SystemObliviousTransfer::next
I: SenderDone::next
D: SystemInterface: time after state::next: 5666.006348 ms
I: SystemObliviousTransfer::next
D: SystemInterface: time after state::next: 5666.015137 ms
I: SystemObliviousTransfer::next
I: InitSender::next
D: SystemInterface: time after state::next: 5666.021973 ms
I: SystemObliviousTransfer::next
I: GenerateConstant::next
D: SystemInterface: time after state::next: 5667.708008 ms
D: message: resuming OT timer...
D: message: pausing OT timer...
D:  sending message (size 0.000384 MB)
I: SystemObliviousTransfer::next
I: SendConstant::next
D: SystemInterface: time after state::next: 5667.729004 ms
I: SystemObliviousTransfer::next
I: RecvPublicKey::next
D: SystemInterface: time after state::next: 5667.887695 ms
I: SystemObliviousTransfer::next
I: EncryptMessages::next
D: SystemInterface: time after state::next: 5672.886230 ms
D: message: resuming OT timer...
D: message: pausing OT timer...
D:  sending message (size 0.002307 MB)
I: SystemObliviousTransfer::next
I: SendEncryptedMessages::next
D: SystemInterface: time after state::next: 5672.911621 ms
I: SystemObliviousTransfer::next
I: SenderDone::next
D: SystemInterface: time after state::next: 5672.938477 ms
I: SystemObliviousTransfer::next
D: SystemInterface: time after state::next: 5672.948242 ms
I: SystemObliviousTransfer::next
I: InitSender::next
D: SystemInterface: time after state::next: 5672.955566 ms
I: SystemObliviousTransfer::next
I: GenerateConstant::next
D: SystemInterface: time after state::next: 5674.682129 ms
D: message: resuming OT timer...
D: message: pausing OT timer...
D:  sending message (size 0.000384 MB)
I: SystemObliviousTransfer::next
I: SendConstant::next
D: SystemInterface: time after state::next: 5674.701660 ms
I: SystemObliviousTransfer::next
I: RecvPublicKey::next
D: SystemInterface: time after state::next: 5674.749023 ms
I: SystemObliviousTransfer::next
I: EncryptMessages::next
D: SystemInterface: time after state::next: 5679.615234 ms
D: message: resuming OT timer...
D: message: pausing OT timer...
D:  sending message (size 0.002307 MB)
I: SystemObliviousTransfer::next
I: SendEncryptedMessages::next
D: SystemInterface: time after state::next: 5679.636230 ms
I: SystemObliviousTransfer::next
I: SenderDone::next
D: SystemInterface: time after state::next: 5679.645508 ms
I: SystemObliviousTransfer::next
D: SystemInterface: time after state::next: 5679.654297 ms
I: SystemObliviousTransfer::next
I: InitSender::next
D: SystemInterface: time after state::next: 5679.660645 ms
I: SystemObliviousTransfer::next
I: GenerateConstant::next
D: SystemInterface: time after state::next: 5681.331055 ms
D: message: resuming OT timer...
D: message: pausing OT timer...
D:  sending message (size 0.000384 MB)
I: SystemObliviousTransfer::next
I: SendConstant::next
D: SystemInterface: time after state::next: 5681.352539 ms
I: SystemObliviousTransfer::next
I: RecvPublicKey::next
D: SystemInterface: time after state::next: 5681.394531 ms
I: SystemObliviousTransfer::next
I: EncryptMessages::next
D: SystemInterface: time after state::next: 5686.225098 ms
D: message: resuming OT timer...
D: message: pausing OT timer...
D:  sending message (size 0.002307 MB)
I: SystemObliviousTransfer::next
I: SendEncryptedMessages::next
D: SystemInterface: time after state::next: 5686.245117 ms
I: SystemObliviousTransfer::next
I: SenderDone::next
D: SystemInterface: time after state::next: 5686.253906 ms
I: SystemObliviousTransfer::next
D: SystemInterface: time after state::next: 5686.261719 ms
I: SystemObliviousTransfer::next
I: InitSender::next
D: SystemInterface: time after state::next: 5686.268555 ms
I: SystemObliviousTransfer::next
I: GenerateConstant::next
D: SystemInterface: time after state::next: 5687.926270 ms
D: message: resuming OT timer...
D: message: pausing OT timer...
D:  sending message (size 0.000384 MB)
I: SystemObliviousTransfer::next
I: SendConstant::next
D: SystemInterface: time after state::next: 5687.945312 ms
I: SystemObliviousTransfer::next
I: RecvPublicKey::next
D: SystemInterface: time after state::next: 5687.989258 ms
I: SystemObliviousTransfer::next
I: EncryptMessages::next
D: SystemInterface: time after state::next: 5692.803223 ms
D: message: resuming OT timer...
D: message: pausing OT timer...
D:  sending message (size 0.002306 MB)
I: SystemObliviousTransfer::next
I: SendEncryptedMessages::next
D: SystemInterface: time after state::next: 5692.828613 ms
I: SystemObliviousTransfer::next
I: SenderDone::next
D: SystemInterface: time after state::next: 5692.838379 ms
I: SystemObliviousTransfer::next
D: SystemInterface: time after state::next: 5692.846680 ms
I: SystemObliviousTransfer::next
I: InitSender::next
D: SystemInterface: time after state::next: 5692.853516 ms
I: SystemObliviousTransfer::next
I: GenerateConstant::next
D: SystemInterface: time after state::next: 5694.519531 ms
D: message: resuming OT timer...
D: message: pausing OT timer...
D:  sending message (size 0.000384 MB)
I: SystemObliviousTransfer::next
I: SendConstant::next
D: SystemInterface: time after state::next: 5694.537109 ms
I: SystemObliviousTransfer::next
I: RecvPublicKey::next
D: SystemInterface: time after state::next: 5694.583984 ms
I: SystemObliviousTransfer::next
I: EncryptMessages::next
D: SystemInterface: time after state::next: 5699.403320 ms
D: message: resuming OT timer...
D: message: pausing OT timer...
D:  sending message (size 0.002307 MB)
I: SystemObliviousTransfer::next
I: SendEncryptedMessages::next
D: SystemInterface: time after state::next: 5699.424316 ms
I: SystemObliviousTransfer::next
I: SenderDone::next
D: SystemInterface: time after state::next: 5699.433105 ms
I: SystemObliviousTransfer::next
D: SystemInterface: time after state::next: 5699.441895 ms
I: SystemObliviousTransfer::next
I: InitSender::next
D: SystemInterface: time after state::next: 5699.448730 ms
I: SystemObliviousTransfer::next
I: GenerateConstant::next
D: SystemInterface: time after state::next: 5701.121094 ms
D: message: resuming OT timer...
D: message: pausing OT timer...
D:  sending message (size 0.000384 MB)
I: SystemObliviousTransfer::next
I: SendConstant::next
D: SystemInterface: time after state::next: 5701.141113 ms
I: SystemObliviousTransfer::next
I: RecvPublicKey::next
D: SystemInterface: time after state::next: 5701.189453 ms
I: SystemObliviousTransfer::next
I: EncryptMessages::next
D: SystemInterface: time after state::next: 5705.996094 ms
D: message: resuming OT timer...
D: message: pausing OT timer...
D:  sending message (size 0.002307 MB)
I: SystemObliviousTransfer::next
I: SendEncryptedMessages::next
D: SystemInterface: time after state::next: 5706.019043 ms
I: SystemObliviousTransfer::next
I: SenderDone::next
D: SystemInterface: time after state::next: 5706.030273 ms
I: SystemObliviousTransfer::next
D: SystemInterface: time after state::next: 5706.041016 ms
I: SystemObliviousTransfer::next
I: InitSender::next
D: SystemInterface: time after state::next: 5706.047852 ms
I: SystemObliviousTransfer::next
I: GenerateConstant::next
D: SystemInterface: time after state::next: 5707.706543 ms
D: message: resuming OT timer...
D: message: pausing OT timer...
D:  sending message (size 0.000384 MB)
I: SystemObliviousTransfer::next
I: SendConstant::next
D: SystemInterface: time after state::next: 5707.732422 ms
I: SystemObliviousTransfer::next
I: RecvPublicKey::next
D: SystemInterface: time after state::next: 5707.776855 ms
I: SystemObliviousTransfer::next
I: EncryptMessages::next
D: SystemInterface: time after state::next: 5712.601074 ms
D: message: resuming OT timer...
D: message: pausing OT timer...
D:  sending message (size 0.002307 MB)
I: SystemObliviousTransfer::next
I: SendEncryptedMessages::next
D: SystemInterface: time after state::next: 5712.621094 ms
I: SystemObliviousTransfer::next
I: SenderDone::next
D: SystemInterface: time after state::next: 5712.629883 ms
I: SystemObliviousTransfer::next
D: SystemInterface: time after state::next: 5712.638184 ms
I: SystemObliviousTransfer::next
I: InitSender::next
D: SystemInterface: time after state::next: 5712.645020 ms
I: SystemObliviousTransfer::next
I: GenerateConstant::next
D: SystemInterface: time after state::next: 5714.312500 ms
D: message: resuming OT timer...
D: message: pausing OT timer...
D:  sending message (size 0.000384 MB)
I: SystemObliviousTransfer::next
I: SendConstant::next
D: SystemInterface: time after state::next: 5714.331543 ms
I: SystemObliviousTransfer::next
I: RecvPublicKey::next
D: SystemInterface: time after state::next: 5714.371582 ms
I: SystemObliviousTransfer::next
I: EncryptMessages::next
D: SystemInterface: time after state::next: 5719.203613 ms
D: message: resuming OT timer...
D: message: pausing OT timer...
D:  sending message (size 0.002307 MB)
I: SystemObliviousTransfer::next
I: SendEncryptedMessages::next
D: SystemInterface: time after state::next: 5719.222168 ms
I: SystemObliviousTransfer::next
I: SenderDone::next
D: SystemInterface: time after state::next: 5719.230957 ms
I: SystemObliviousTransfer::next
D: SystemInterface: time after state::next: 5719.239258 ms
I: SystemObliviousTransfer::next
I: InitSender::next
D: SystemInterface: time after state::next: 5719.246094 ms
I: SystemObliviousTransfer::next
I: GenerateConstant::next
D: SystemInterface: time after state::next: 5720.910156 ms
D: message: resuming OT timer...
D: message: pausing OT timer...
D:  sending message (size 0.000384 MB)
I: SystemObliviousTransfer::next
I: SendConstant::next
D: SystemInterface: time after state::next: 5720.929199 ms
I: SystemObliviousTransfer::next
I: RecvPublicKey::next
D: SystemInterface: time after state::next: 5720.996582 ms
I: SystemObliviousTransfer::next
I: EncryptMessages::next
D: SystemInterface: time after state::next: 5731.929199 ms
D: message: resuming OT timer...
D: message: pausing OT timer...
D:  sending message (size 0.002307 MB)
I: SystemObliviousTransfer::next
I: SendEncryptedMessages::next
D: SystemInterface: time after state::next: 5731.958496 ms
I: SystemObliviousTransfer::next
I: SenderDone::next
D: SystemInterface: time after state::next: 5731.972656 ms
I: SystemObliviousTransfer::next
D: SystemInterface: time after state::next: 5731.985352 ms
I: SystemObliviousTransfer::next
I: ---- OT duration: 262.689117 ms
D: SystemInterface: time after state::next: 5731.996582 ms
I: RecvFlagBit::next
D: ==== round duration: 5732.050293 ms ====
D: SystemInterface: time after state::next: 0.003126 ms
I: UpdateSystem::next
D: SystemInterface: time after state::next: 0.013255 ms
I: SystemCopyMonitorStateLabels::next
D: SystemInterface: time after state::next: 2.961915 ms
I: GenerateGarbledGates::next
D: refilling hex generator buffer (took 1.979873 ms)
D: refilling hex generator buffer (took 1.975660 ms)
D: refilling hex generator buffer (took 2.047880 ms)
D: refilling hex generator buffer (took 2.051696 ms)
D: refilling hex generator buffer (took 2.017542 ms)
D: refilling hex generator buffer (took 2.039143 ms)
D: refilling hex generator buffer (took 2.058805 ms)
D: refilling hex generator buffer (took 2.119031 ms)
D: refilling hex generator buffer (took 2.142854 ms)
D: refilling hex generator buffer (took 2.055060 ms)
D: refilling hex generator buffer (took 2.089713 ms)
D: refilling hex generator buffer (took 2.047218 ms)
D: refilling hex generator buffer (took 2.087495 ms)
D: refilling hex generator buffer (took 2.035901 ms)
D: refilling hex generator buffer (took 2.049592 ms)
D: refilling hex generator buffer (took 2.035818 ms)
D: refilling hex generator buffer (took 2.047641 ms)
D: SystemInterface: time after state::next: 5560.007324 ms
D:  sending message (size 65.482768 MB)
I: SendGarbledGates::next
D: SystemInterface: time after state::next: 5560.062500 ms
D:  sending message (size 1.476480 MB)
I: SendSystemInputLabels::next
D: SystemInterface: time after state::next: 5560.101562 ms
D:  sending message (size 0.001538 MB)
I: SendFlagBitLabels::next
D: SystemInterface: time after state::next: 5560.128906 ms
I: RecvFlagBit::next
D: ==== round duration: 5560.172363 ms ====
D: SystemInterface: time after state::next: 0.003226 ms
I: UpdateSystem::next
D: SystemInterface: time after state::next: 0.009852 ms
I: SystemCopyMonitorStateLabels::next
D: SystemInterface: time after state::next: 2.043809 ms
I: GenerateGarbledGates::next
D: refilling hex generator buffer (took 2.034165 ms)
D: refilling hex generator buffer (took 2.079770 ms)
D: refilling hex generator buffer (took 2.040943 ms)
D: refilling hex generator buffer (took 1.982726 ms)
D: refilling hex generator buffer (took 2.068016 ms)
D: refilling hex generator buffer (took 2.102597 ms)
D: refilling hex generator buffer (took 2.048877 ms)
D: refilling hex generator buffer (took 2.043187 ms)
D: refilling hex generator buffer (took 2.074631 ms)
D: refilling hex generator buffer (took 2.050164 ms)
D: refilling hex generator buffer (took 2.075378 ms)
D: refilling hex generator buffer (took 2.036412 ms)
D: refilling hex generator buffer (took 2.084637 ms)
D: refilling hex generator buffer (took 2.010780 ms)
D: refilling hex generator buffer (took 2.042405 ms)
D: refilling hex generator buffer (took 2.051603 ms)
D: SystemInterface: time after state::next: 5836.039551 ms
D:  sending message (size 65.482768 MB)
I: SendGarbledGates::next
D: SystemInterface: time after state::next: 5836.086426 ms
D:  sending message (size 1.476480 MB)
I: SendSystemInputLabels::next
D: SystemInterface: time after state::next: 5836.207520 ms
D:  sending message (size 0.001538 MB)
I: SendFlagBitLabels::next
D: SystemInterface: time after state::next: 5836.241699 ms
I: RecvFlagBit::next
D: ==== round duration: 5836.279785 ms ====
D: SystemInterface: time after state::next: 0.002740 ms
I: SystemDone::next
D: SystemInterface: time after state::next: 0.008929 ms
