I: initializing safe primes...
I: using prime modulus 1552518092300708935130918131258481755631334049434514313202351194902966239949102107258669453876591642442910007680288864229150803718918046342632727613031282983744380820890196288509170691316593175367469551763119843371637221007210577919
I: received gate count 7127
I: InitSystem::next
D: SystemInterface: time after state::next: 0.028079 ms
I: RecvCircuit::next
D: ---- circuit parsing time: 872.943604 ms
D: SystemInterface: time after state::next: 0.009445 ms
I: InitMonitorStateLabels::next
D: refilling hex generator buffer (took 2.132440 ms)
D: SystemInterface: time after state::next: 2.631680 ms
I: GenerateGarbledGates::next
D: refilling hex generator buffer (took 2.142724 ms)
D: refilling hex generator buffer (took 2.176487 ms)
D: SystemInterface: time after state::next: 1115.620850 ms
D:  sending message (size 11.688280 MB)
I: SendGarbledGates::next
D: SystemInterface: time after state::next: 1115.666382 ms
D:  sending message (size 0.246400 MB)
I: SendSystemInputLabels::next
D: SystemInterface: time after state::next: 1115.710693 ms
D:  sending message (size 0.000770 MB)
I: SendFlagBitLabels::next
D: ctor: starting OT timer...
D: ctor: pausing OT timer...
D: SystemInterface: time after state::next: 1115.740112 ms
I: SystemObliviousTransfer::next
I: InitSender::next
D: SystemInterface: time after state::next: 1115.760376 ms
I: SystemObliviousTransfer::next
I: GenerateConstant::next
D: SystemInterface: time after state::next: 1116.453491 ms
D: message: resuming OT timer...
D: message: pausing OT timer...
D:  sending message (size 0.000192 MB)
I: SystemObliviousTransfer::next
I: SendConstant::next
D: SystemInterface: time after state::next: 1116.478394 ms
I: SystemObliviousTransfer::next
I: RecvPublicKey::next
D: SystemInterface: time after state::next: 1116.507202 ms
I: SystemObliviousTransfer::next
I: EncryptMessages::next
D: SystemInterface: time after state::next: 1117.656494 ms
D: message: resuming OT timer...
D: message: pausing OT timer...
D:  sending message (size 0.001155 MB)
I: SystemObliviousTransfer::next
I: SendEncryptedMessages::next
D: SystemInterface: time after state::next: 1117.674194 ms
I: SystemObliviousTransfer::next
I: SenderDone::next
D: SystemInterface: time after state::next: 1117.682007 ms
I: SystemObliviousTransfer::next
D: SystemInterface: time after state::next: 1117.689209 ms
I: SystemObliviousTransfer::next
I: InitSender::next
D: SystemInterface: time after state::next: 1117.695190 ms
I: SystemObliviousTransfer::next
I: GenerateConstant::next
D: SystemInterface: time after state::next: 1118.383301 ms
D: message: resuming OT timer...
D: message: pausing OT timer...
D:  sending message (size 0.000192 MB)
I: SystemObliviousTransfer::next
I: SendConstant::next
D: SystemInterface: time after state::next: 1118.402832 ms
I: SystemObliviousTransfer::next
I: RecvPublicKey::next
D: SystemInterface: time after state::next: 1118.432739 ms
I: SystemObliviousTransfer::next
I: EncryptMessages::next
D: SystemInterface: time after state::next: 1119.584961 ms
D: message: resuming OT timer...
D: message: pausing OT timer...
D:  sending message (size 0.001155 MB)
I: SystemObliviousTransfer::next
I: SendEncryptedMessages::next
D: SystemInterface: time after state::next: 1119.602417 ms
I: SystemObliviousTransfer::next
I: SenderDone::next
D: SystemInterface: time after state::next: 1119.610474 ms
I: SystemObliviousTransfer::next
D: SystemInterface: time after state::next: 1119.617920 ms
I: SystemObliviousTransfer::next
I: InitSender::next
D: SystemInterface: time after state::next: 1119.623779 ms
I: SystemObliviousTransfer::next
I: GenerateConstant::next
D: SystemInterface: time after state::next: 1120.311768 ms
D: message: resuming OT timer...
D: message: pausing OT timer...
D:  sending message (size 0.000192 MB)
I: SystemObliviousTransfer::next
I: SendConstant::next
D: SystemInterface: time after state::next: 1120.330566 ms
I: SystemObliviousTransfer::next
I: RecvPublicKey::next
D: SystemInterface: time after state::next: 1120.358398 ms
I: SystemObliviousTransfer::next
I: EncryptMessages::next
D: SystemInterface: time after state::next: 1121.519653 ms
D: message: resuming OT timer...
D: message: pausing OT timer...
D:  sending message (size 0.001155 MB)
I: SystemObliviousTransfer::next
I: SendEncryptedMessages::next
D: SystemInterface: time after state::next: 1121.537109 ms
I: SystemObliviousTransfer::next
I: SenderDone::next
D: SystemInterface: time after state::next: 1121.545044 ms
I: SystemObliviousTransfer::next
D: SystemInterface: time after state::next: 1121.552246 ms
I: SystemObliviousTransfer::next
I: InitSender::next
D: SystemInterface: time after state::next: 1121.558228 ms
I: SystemObliviousTransfer::next
I: GenerateConstant::next
D: SystemInterface: time after state::next: 1122.246216 ms
D: message: resuming OT timer...
D: message: pausing OT timer...
D:  sending message (size 0.000192 MB)
I: SystemObliviousTransfer::next
I: SendConstant::next
D: SystemInterface: time after state::next: 1122.265015 ms
I: SystemObliviousTransfer::next
I: RecvPublicKey::next
D: SystemInterface: time after state::next: 1122.292847 ms
I: SystemObliviousTransfer::next
I: EncryptMessages::next
D: SystemInterface: time after state::next: 1123.430664 ms
D: message: resuming OT timer...
D: message: pausing OT timer...
D:  sending message (size 0.001155 MB)
I: SystemObliviousTransfer::next
I: SendEncryptedMessages::next
D: SystemInterface: time after state::next: 1123.448120 ms
I: SystemObliviousTransfer::next
I: SenderDone::next
D: SystemInterface: time after state::next: 1123.456055 ms
I: SystemObliviousTransfer::next
D: SystemInterface: time after state::next: 1123.463501 ms
I: SystemObliviousTransfer::next
I: InitSender::next
D: SystemInterface: time after state::next: 1123.469360 ms
I: SystemObliviousTransfer::next
I: GenerateConstant::next
D: SystemInterface: time after state::next: 1124.156738 ms
D: message: resuming OT timer...
D: message: pausing OT timer...
D:  sending message (size 0.000192 MB)
I: SystemObliviousTransfer::next
I: SendConstant::next
D: SystemInterface: time after state::next: 1124.172852 ms
I: SystemObliviousTransfer::next
I: RecvPublicKey::next
D: SystemInterface: time after state::next: 1124.203613 ms
I: SystemObliviousTransfer::next
I: EncryptMessages::next
D: SystemInterface: time after state::next: 1125.343018 ms
D: message: resuming OT timer...
D: message: pausing OT timer...
D:  sending message (size 0.001155 MB)
I: SystemObliviousTransfer::next
I: SendEncryptedMessages::next
D: SystemInterface: time after state::next: 1125.360596 ms
I: SystemObliviousTransfer::next
I: SenderDone::next
D: SystemInterface: time after state::next: 1125.368408 ms
I: SystemObliviousTransfer::next
D: SystemInterface: time after state::next: 1125.375854 ms
I: SystemObliviousTransfer::next
I: InitSender::next
D: SystemInterface: time after state::next: 1125.381836 ms
I: SystemObliviousTransfer::next
I: GenerateConstant::next
D: SystemInterface: time after state::next: 1126.068970 ms
D: message: resuming OT timer...
D: message: pausing OT timer...
D:  sending message (size 0.000192 MB)
I: SystemObliviousTransfer::next
I: SendConstant::next
D: SystemInterface: time after state::next: 1126.085815 ms
I: SystemObliviousTransfer::next
I: RecvPublicKey::next
D: SystemInterface: time after state::next: 1126.115601 ms
I: SystemObliviousTransfer::next
I: EncryptMessages::next
D: SystemInterface: time after state::next: 1127.256470 ms
D: message: resuming OT timer...
D: message: pausing OT timer...
D:  sending message (size 0.001155 MB)
I: SystemObliviousTransfer::next
I: SendEncryptedMessages::next
D: SystemInterface: time after state::next: 1127.273804 ms
I: SystemObliviousTransfer::next
I: SenderDone::next
D: SystemInterface: time after state::next: 1127.281494 ms
I: SystemObliviousTransfer::next
D: SystemInterface: time after state::next: 1127.289062 ms
I: SystemObliviousTransfer::next
I: InitSender::next
D: SystemInterface: time after state::next: 1127.295044 ms
I: SystemObliviousTransfer::next
I: GenerateConstant::next
D: SystemInterface: time after state::next: 1127.980469 ms
D: message: resuming OT timer...
D: message: pausing OT timer...
D:  sending message (size 0.000192 MB)
I: SystemObliviousTransfer::next
I: SendConstant::next
D: SystemInterface: time after state::next: 1127.997314 ms
I: SystemObliviousTransfer::next
I: RecvPublicKey::next
D: SystemInterface: time after state::next: 1128.026855 ms
I: SystemObliviousTransfer::next
I: EncryptMessages::next
D: SystemInterface: time after state::next: 1129.164429 ms
D: message: resuming OT timer...
D: message: pausing OT timer...
D:  sending message (size 0.001155 MB)
I: SystemObliviousTransfer::next
I: SendEncryptedMessages::next
D: SystemInterface: time after state::next: 1129.181885 ms
I: SystemObliviousTransfer::next
I: SenderDone::next
D: SystemInterface: time after state::next: 1129.189575 ms
I: SystemObliviousTransfer::next
D: SystemInterface: time after state::next: 1129.197266 ms
I: SystemObliviousTransfer::next
I: InitSender::next
D: SystemInterface: time after state::next: 1129.203247 ms
I: SystemObliviousTransfer::next
I: GenerateConstant::next
D: SystemInterface: time after state::next: 1129.889893 ms
D: message: resuming OT timer...
D: message: pausing OT timer...
D:  sending message (size 0.000192 MB)
I: SystemObliviousTransfer::next
I: SendConstant::next
D: SystemInterface: time after state::next: 1129.906860 ms
I: SystemObliviousTransfer::next
I: RecvPublicKey::next
D: SystemInterface: time after state::next: 1129.937256 ms
I: SystemObliviousTransfer::next
I: EncryptMessages::next
D: SystemInterface: time after state::next: 1131.072632 ms
D: message: resuming OT timer...
D: message: pausing OT timer...
D:  sending message (size 0.001155 MB)
I: SystemObliviousTransfer::next
I: SendEncryptedMessages::next
D: SystemInterface: time after state::next: 1131.089966 ms
I: SystemObliviousTransfer::next
I: SenderDone::next
D: SystemInterface: time after state::next: 1131.097900 ms
I: SystemObliviousTransfer::next
D: SystemInterface: time after state::next: 1131.105469 ms
I: SystemObliviousTransfer::next
I: InitSender::next
D: SystemInterface: time after state::next: 1131.111450 ms
I: SystemObliviousTransfer::next
I: GenerateConstant::next
D: SystemInterface: time after state::next: 1131.798340 ms
D: message: resuming OT timer...
D: message: pausing OT timer...
D:  sending message (size 0.000192 MB)
I: SystemObliviousTransfer::next
I: SendConstant::next
D: SystemInterface: time after state::next: 1131.815063 ms
I: SystemObliviousTransfer::next
I: RecvPublicKey::next
D: SystemInterface: time after state::next: 1131.844971 ms
I: SystemObliviousTransfer::next
I: EncryptMessages::next
D: SystemInterface: time after state::next: 1132.983154 ms
D: message: resuming OT timer...
D: message: pausing OT timer...
D:  sending message (size 0.001155 MB)
I: SystemObliviousTransfer::next
I: SendEncryptedMessages::next
D: SystemInterface: time after state::next: 1133.000854 ms
I: SystemObliviousTransfer::next
I: SenderDone::next
D: SystemInterface: time after state::next: 1133.008545 ms
I: SystemObliviousTransfer::next
D: SystemInterface: time after state::next: 1133.015991 ms
I: SystemObliviousTransfer::next
I: InitSender::next
D: SystemInterface: time after state::next: 1133.021851 ms
I: SystemObliviousTransfer::next
I: GenerateConstant::next
D: SystemInterface: time after state::next: 1133.710083 ms
D: message: resuming OT timer...
D: message: pausing OT timer...
D:  sending message (size 0.000192 MB)
I: SystemObliviousTransfer::next
I: SendConstant::next
D: SystemInterface: time after state::next: 1133.726807 ms
I: SystemObliviousTransfer::next
I: RecvPublicKey::next
D: SystemInterface: time after state::next: 1133.746338 ms
I: SystemObliviousTransfer::next
I: EncryptMessages::next
D: SystemInterface: time after state::next: 1134.890137 ms
D: message: resuming OT timer...
D: message: pausing OT timer...
D:  sending message (size 0.001155 MB)
I: SystemObliviousTransfer::next
I: SendEncryptedMessages::next
D: SystemInterface: time after state::next: 1134.927734 ms
I: SystemObliviousTransfer::next
I: SenderDone::next
D: SystemInterface: time after state::next: 1134.933594 ms
I: SystemObliviousTransfer::next
D: SystemInterface: time after state::next: 1134.950806 ms
I: SystemObliviousTransfer::next
I: InitSender::next
D: SystemInterface: time after state::next: 1134.956909 ms
I: SystemObliviousTransfer::next
I: GenerateConstant::next
D: SystemInterface: time after state::next: 1135.635132 ms
D: message: resuming OT timer...
D: message: pausing OT timer...
D:  sending message (size 0.000192 MB)
I: SystemObliviousTransfer::next
I: SendConstant::next
D: SystemInterface: time after state::next: 1135.671387 ms
I: SystemObliviousTransfer::next
I: RecvPublicKey::next
D: SystemInterface: time after state::next: 1135.697998 ms
I: SystemObliviousTransfer::next
I: EncryptMessages::next
D: SystemInterface: time after state::next: 1136.842529 ms
D: message: resuming OT timer...
D: message: pausing OT timer...
D:  sending message (size 0.001154 MB)
I: SystemObliviousTransfer::next
I: SendEncryptedMessages::next
D: SystemInterface: time after state::next: 1136.859985 ms
I: SystemObliviousTransfer::next
I: SenderDone::next
D: SystemInterface: time after state::next: 1136.867676 ms
I: SystemObliviousTransfer::next
D: SystemInterface: time after state::next: 1136.875244 ms
I: SystemObliviousTransfer::next
I: InitSender::next
D: SystemInterface: time after state::next: 1136.881104 ms
I: SystemObliviousTransfer::next
I: GenerateConstant::next
D: SystemInterface: time after state::next: 1137.568970 ms
D: message: resuming OT timer...
D: message: pausing OT timer...
D:  sending message (size 0.000192 MB)
I: SystemObliviousTransfer::next
I: SendConstant::next
D: SystemInterface: time after state::next: 1137.585938 ms
I: SystemObliviousTransfer::next
I: RecvPublicKey::next
D: SystemInterface: time after state::next: 1137.613403 ms
I: SystemObliviousTransfer::next
I: EncryptMessages::next
D: SystemInterface: time after state::next: 1138.754395 ms
D: message: resuming OT timer...
D: message: pausing OT timer...
D:  sending message (size 0.001155 MB)
I: SystemObliviousTransfer::next
I: SendEncryptedMessages::next
D: SystemInterface: time after state::next: 1138.771729 ms
I: SystemObliviousTransfer::next
I: SenderDone::next
D: SystemInterface: time after state::next: 1138.779419 ms
I: SystemObliviousTransfer::next
D: SystemInterface: time after state::next: 1138.786865 ms
I: SystemObliviousTransfer::next
I: InitSender::next
D: SystemInterface: time after state::next: 1138.792847 ms
I: SystemObliviousTransfer::next
I: GenerateConstant::next
D: SystemInterface: time after state::next: 1139.479858 ms
D: message: resuming OT timer...
D: message: pausing OT timer...
D:  sending message (size 0.000192 MB)
I: SystemObliviousTransfer::next
I: SendConstant::next
D: SystemInterface: time after state::next: 1139.496460 ms
I: SystemObliviousTransfer::next
I: RecvPublicKey::next
D: SystemInterface: time after state::next: 1139.524170 ms
I: SystemObliviousTransfer::next
I: EncryptMessages::next
D: SystemInterface: time after state::next: 1140.667603 ms
D: message: resuming OT timer...
D: message: pausing OT timer...
D:  sending message (size 0.001155 MB)
I: SystemObliviousTransfer::next
I: SendEncryptedMessages::next
D: SystemInterface: time after state::next: 1140.688599 ms
I: SystemObliviousTransfer::next
I: SenderDone::next
D: SystemInterface: time after state::next: 1140.700073 ms
I: SystemObliviousTransfer::next
D: SystemInterface: time after state::next: 1140.711426 ms
I: SystemObliviousTransfer::next
I: InitSender::next
D: SystemInterface: time after state::next: 1140.720947 ms
I: SystemObliviousTransfer::next
I: GenerateConstant::next
D: SystemInterface: time after state::next: 1142.193237 ms
D: message: resuming OT timer...
D: message: pausing OT timer...
D:  sending message (size 0.000192 MB)
I: SystemObliviousTransfer::next
I: SendConstant::next
D: SystemInterface: time after state::next: 1142.205566 ms
I: SystemObliviousTransfer::next
I: RecvPublicKey::next
D: SystemInterface: time after state::next: 1142.228760 ms
I: SystemObliviousTransfer::next
I: EncryptMessages::next
D: SystemInterface: time after state::next: 1144.245483 ms
D: message: resuming OT timer...
D: message: pausing OT timer...
D:  sending message (size 0.001155 MB)
I: SystemObliviousTransfer::next
I: SendEncryptedMessages::next
D: SystemInterface: time after state::next: 1144.265625 ms
I: SystemObliviousTransfer::next
I: SenderDone::next
D: SystemInterface: time after state::next: 1144.276978 ms
I: SystemObliviousTransfer::next
D: SystemInterface: time after state::next: 1144.287842 ms
I: SystemObliviousTransfer::next
I: InitSender::next
D: SystemInterface: time after state::next: 1144.297363 ms
I: SystemObliviousTransfer::next
I: GenerateConstant::next
D: SystemInterface: time after state::next: 1145.769775 ms
D: message: resuming OT timer...
D: message: pausing OT timer...
D:  sending message (size 0.000192 MB)
I: SystemObliviousTransfer::next
I: SendConstant::next
D: SystemInterface: time after state::next: 1145.786987 ms
I: SystemObliviousTransfer::next
I: RecvPublicKey::next
D: SystemInterface: time after state::next: 1145.817139 ms
I: SystemObliviousTransfer::next
I: EncryptMessages::next
D: SystemInterface: time after state::next: 1148.157471 ms
D: message: resuming OT timer...
D: message: pausing OT timer...
D:  sending message (size 0.001155 MB)
I: SystemObliviousTransfer::next
I: SendEncryptedMessages::next
D: SystemInterface: time after state::next: 1148.175171 ms
I: SystemObliviousTransfer::next
I: SenderDone::next
D: SystemInterface: time after state::next: 1148.186279 ms
I: SystemObliviousTransfer::next
D: SystemInterface: time after state::next: 1148.197144 ms
I: SystemObliviousTransfer::next
I: InitSender::next
D: SystemInterface: time after state::next: 1148.206665 ms
I: SystemObliviousTransfer::next
I: GenerateConstant::next
D: SystemInterface: time after state::next: 1149.677002 ms
D: message: resuming OT timer...
D: message: pausing OT timer...
D:  sending message (size 0.000192 MB)
I: SystemObliviousTransfer::next
I: SendConstant::next
D: SystemInterface: time after state::next: 1149.694824 ms
I: SystemObliviousTransfer::next
I: RecvPublicKey::next
D: SystemInterface: time after state::next: 1149.731323 ms
I: SystemObliviousTransfer::next
I: EncryptMessages::next
D: SystemInterface: time after state::next: 1152.066040 ms
D: message: resuming OT timer...
D: message: pausing OT timer...
D:  sending message (size 0.001155 MB)
I: SystemObliviousTransfer::next
I: SendEncryptedMessages::next
D: SystemInterface: time after state::next: 1152.087646 ms
I: SystemObliviousTransfer::next
I: SenderDone::next
D: SystemInterface: time after state::next: 1152.098755 ms
I: SystemObliviousTransfer::next
D: SystemInterface: time after state::next: 1152.110474 ms
I: SystemObliviousTransfer::next
I: InitSender::next
D: SystemInterface: time after state::next: 1152.120117 ms
I: SystemObliviousTransfer::next
I: GenerateConstant::next
D: SystemInterface: time after state::next: 1153.503784 ms
D: message: resuming OT timer...
D: message: pausing OT timer...
D:  sending message (size 0.000192 MB)
I: SystemObliviousTransfer::next
I: SendConstant::next
D: SystemInterface: time after state::next: 1153.520874 ms
I: SystemObliviousTransfer::next
I: RecvPublicKey::next
D: SystemInterface: time after state::next: 1153.539551 ms
I: SystemObliviousTransfer::next
I: EncryptMessages::next
D: SystemInterface: time after state::next: 1154.643799 ms
D: message: resuming OT timer...
D: message: pausing OT timer...
D:  sending message (size 0.001155 MB)
I: SystemObliviousTransfer::next
I: SendEncryptedMessages::next
D: SystemInterface: time after state::next: 1154.685181 ms
I: SystemObliviousTransfer::next
I: SenderDone::next
D: SystemInterface: time after state::next: 1154.691040 ms
I: SystemObliviousTransfer::next
D: SystemInterface: time after state::next: 1154.698364 ms
I: SystemObliviousTransfer::next
I: InitSender::next
D: SystemInterface: time after state::next: 1154.704102 ms
I: SystemObliviousTransfer::next
I: GenerateConstant::next
D: SystemInterface: time after state::next: 1155.361572 ms
D: message: resuming OT timer...
D: message: pausing OT timer...
D:  sending message (size 0.000191 MB)
I: SystemObliviousTransfer::next
I: SendConstant::next
D: SystemInterface: time after state::next: 1155.378174 ms
I: SystemObliviousTransfer::next
I: RecvPublicKey::next
D: SystemInterface: time after state::next: 1155.419189 ms
I: SystemObliviousTransfer::next
I: EncryptMessages::next
D: SystemInterface: time after state::next: 1156.500610 ms
D: message: resuming OT timer...
D: message: pausing OT timer...
D:  sending message (size 0.001155 MB)
I: SystemObliviousTransfer::next
I: SendEncryptedMessages::next
D: SystemInterface: time after state::next: 1156.517212 ms
I: SystemObliviousTransfer::next
I: SenderDone::next
D: SystemInterface: time after state::next: 1156.524902 ms
I: SystemObliviousTransfer::next
D: SystemInterface: time after state::next: 1156.531982 ms
I: SystemObliviousTransfer::next
I: InitSender::next
D: SystemInterface: time after state::next: 1156.537842 ms
I: SystemObliviousTransfer::next
I: GenerateConstant::next
D: SystemInterface: time after state::next: 1157.206299 ms
D: message: resuming OT timer...
D: message: pausing OT timer...
D:  sending message (size 0.000192 MB)
I: SystemObliviousTransfer::next
I: SendConstant::next
D: SystemInterface: time after state::next: 1157.222900 ms
I: SystemObliviousTransfer::next
I: RecvPublicKey::next
D: SystemInterface: time after state::next: 1157.252075 ms
I: SystemObliviousTransfer::next
I: EncryptMessages::next
D: SystemInterface: time after state::next: 1158.356079 ms
D: message: resuming OT timer...
D: message: pausing OT timer...
D:  sending message (size 0.001155 MB)
I: SystemObliviousTransfer::next
I: SendEncryptedMessages::next
D: SystemInterface: time after state::next: 1158.373047 ms
I: SystemObliviousTransfer::next
I: SenderDone::next
D: SystemInterface: time after state::next: 1158.380615 ms
I: SystemObliviousTransfer::next
D: SystemInterface: time after state::next: 1158.387939 ms
I: SystemObliviousTransfer::next
I: InitSender::next
D: SystemInterface: time after state::next: 1158.393799 ms
I: SystemObliviousTransfer::next
I: GenerateConstant::next
D: SystemInterface: time after state::next: 1159.062012 ms
D: message: resuming OT timer...
D: message: pausing OT timer...
D:  sending message (size 0.000192 MB)
I: SystemObliviousTransfer::next
I: SendConstant::next
D: SystemInterface: time after state::next: 1159.078491 ms
I: SystemObliviousTransfer::next
I: RecvPublicKey::next
D: SystemInterface: time after state::next: 1159.107544 ms
I: SystemObliviousTransfer::next
I: EncryptMessages::next
D: SystemInterface: time after state::next: 1160.213135 ms
D: message: resuming OT timer...
D: message: pausing OT timer...
D:  sending message (size 0.001155 MB)
I: SystemObliviousTransfer::next
I: SendEncryptedMessages::next
D: SystemInterface: time after state::next: 1160.229980 ms
I: SystemObliviousTransfer::next
I: SenderDone::next
D: SystemInterface: time after state::next: 1160.237549 ms
I: SystemObliviousTransfer::next
D: SystemInterface: time after state::next: 1160.244873 ms
I: SystemObliviousTransfer::next
I: InitSender::next
D: SystemInterface: time after state::next: 1160.250854 ms
I: SystemObliviousTransfer::next
I: GenerateConstant::next
D: SystemInterface: time after state::next: 1160.921143 ms
D: message: resuming OT timer...
D: message: pausing OT timer...
D:  sending message (size 0.000192 MB)
I: SystemObliviousTransfer::next
I: SendConstant::next
D: SystemInterface: time after state::next: 1160.953125 ms
I: SystemObliviousTransfer::next
I: RecvPublicKey::next
D: SystemInterface: time after state::next: 1160.982422 ms
I: SystemObliviousTransfer::next
I: EncryptMessages::next
D: SystemInterface: time after state::next: 1162.088013 ms
D: message: resuming OT timer...
D: message: pausing OT timer...
D:  sending message (size 0.001155 MB)
I: SystemObliviousTransfer::next
I: SendEncryptedMessages::next
D: SystemInterface: time after state::next: 1162.105225 ms
I: SystemObliviousTransfer::next
I: SenderDone::next
D: SystemInterface: time after state::next: 1162.112671 ms
I: SystemObliviousTransfer::next
D: SystemInterface: time after state::next: 1162.119995 ms
I: SystemObliviousTransfer::next
I: InitSender::next
D: SystemInterface: time after state::next: 1162.136108 ms
I: SystemObliviousTransfer::next
I: GenerateConstant::next
D: SystemInterface: time after state::next: 1162.802734 ms
D: message: resuming OT timer...
D: message: pausing OT timer...
D:  sending message (size 0.000192 MB)
I: SystemObliviousTransfer::next
I: SendConstant::next
D: SystemInterface: time after state::next: 1162.819336 ms
I: SystemObliviousTransfer::next
I: RecvPublicKey::next
D: SystemInterface: time after state::next: 1162.848511 ms
I: SystemObliviousTransfer::next
I: EncryptMessages::next
D: SystemInterface: time after state::next: 1163.954224 ms
D: message: resuming OT timer...
D: message: pausing OT timer...
D:  sending message (size 0.001155 MB)
I: SystemObliviousTransfer::next
I: SendEncryptedMessages::next
D: SystemInterface: time after state::next: 1163.971436 ms
I: SystemObliviousTransfer::next
I: SenderDone::next
D: SystemInterface: time after state::next: 1163.978882 ms
I: SystemObliviousTransfer::next
D: SystemInterface: time after state::next: 1163.986206 ms
I: SystemObliviousTransfer::next
I: InitSender::next
D: SystemInterface: time after state::next: 1163.992188 ms
I: SystemObliviousTransfer::next
I: GenerateConstant::next
D: SystemInterface: time after state::next: 1164.659668 ms
D: message: resuming OT timer...
D: message: pausing OT timer...
D:  sending message (size 0.000192 MB)
I: SystemObliviousTransfer::next
I: SendConstant::next
D: SystemInterface: time after state::next: 1164.676270 ms
I: SystemObliviousTransfer::next
I: RecvPublicKey::next
D: SystemInterface: time after state::next: 1164.703369 ms
I: SystemObliviousTransfer::next
I: EncryptMessages::next
D: SystemInterface: time after state::next: 1165.820190 ms
D: message: resuming OT timer...
D: message: pausing OT timer...
D:  sending message (size 0.001155 MB)
I: SystemObliviousTransfer::next
I: SendEncryptedMessages::next
D: SystemInterface: time after state::next: 1165.837402 ms
I: SystemObliviousTransfer::next
I: SenderDone::next
D: SystemInterface: time after state::next: 1165.844849 ms
I: SystemObliviousTransfer::next
D: SystemInterface: time after state::next: 1165.852173 ms
I: SystemObliviousTransfer::next
I: InitSender::next
D: SystemInterface: time after state::next: 1165.858032 ms
I: SystemObliviousTransfer::next
I: GenerateConstant::next
D: SystemInterface: time after state::next: 1166.524780 ms
D: message: resuming OT timer...
D: message: pausing OT timer...
D:  sending message (size 0.000192 MB)
I: SystemObliviousTransfer::next
I: SendConstant::next
D: SystemInterface: time after state::next: 1166.556519 ms
I: SystemObliviousTransfer::next
I: RecvPublicKey::next
D: SystemInterface: time after state::next: 1166.574829 ms
I: SystemObliviousTransfer::next
I: EncryptMessages::next
D: SystemInterface: time after state::next: 1167.685547 ms
D: message: resuming OT timer...
D: message: pausing OT timer...
D:  sending message (size 0.001155 MB)
I: SystemObliviousTransfer::next
I: SendEncryptedMessages::next
D: SystemInterface: time after state::next: 1167.702271 ms
I: SystemObliviousTransfer::next
I: SenderDone::next
D: SystemInterface: time after state::next: 1167.709717 ms
I: SystemObliviousTransfer::next
D: SystemInterface: time after state::next: 1167.717163 ms
I: SystemObliviousTransfer::next
I: InitSender::next
D: SystemInterface: time after state::next: 1167.723145 ms
I: SystemObliviousTransfer::next
I: GenerateConstant::next
D: SystemInterface: time after state::next: 1168.389526 ms
D: message: resuming OT timer...
D: message: pausing OT timer...
D:  sending message (size 0.000192 MB)
I: SystemObliviousTransfer::next
I: SendConstant::next
D: SystemInterface: time after state::next: 1168.405884 ms
I: SystemObliviousTransfer::next
I: RecvPublicKey::next
D: SystemInterface: time after state::next: 1168.424561 ms
I: SystemObliviousTransfer::next
I: EncryptMessages::next
D: SystemInterface: time after state::next: 1169.532593 ms
D: message: resuming OT timer...
D: message: pausing OT timer...
D:  sending message (size 0.001155 MB)
I: SystemObliviousTransfer::next
I: SendEncryptedMessages::next
D: SystemInterface: time after state::next: 1169.549316 ms
I: SystemObliviousTransfer::next
I: SenderDone::next
D: SystemInterface: time after state::next: 1169.556885 ms
I: SystemObliviousTransfer::next
D: SystemInterface: time after state::next: 1169.564087 ms
I: SystemObliviousTransfer::next
I: InitSender::next
D: SystemInterface: time after state::next: 1169.569946 ms
I: SystemObliviousTransfer::next
I: GenerateConstant::next
D: SystemInterface: time after state::next: 1170.237427 ms
D: message: resuming OT timer...
D: message: pausing OT timer...
D:  sending message (size 0.000192 MB)
I: SystemObliviousTransfer::next
I: SendConstant::next
D: SystemInterface: time after state::next: 1170.253784 ms
I: SystemObliviousTransfer::next
I: RecvPublicKey::next
D: SystemInterface: time after state::next: 1170.272339 ms
I: SystemObliviousTransfer::next
I: EncryptMessages::next
D: SystemInterface: time after state::next: 1171.377075 ms
D: message: resuming OT timer...
D: message: pausing OT timer...
D:  sending message (size 0.001155 MB)
I: SystemObliviousTransfer::next
I: SendEncryptedMessages::next
D: SystemInterface: time after state::next: 1171.396118 ms
I: SystemObliviousTransfer::next
I: SenderDone::next
D: SystemInterface: time after state::next: 1171.403687 ms
I: SystemObliviousTransfer::next
D: SystemInterface: time after state::next: 1171.411011 ms
I: SystemObliviousTransfer::next
I: InitSender::next
D: SystemInterface: time after state::next: 1171.416992 ms
I: SystemObliviousTransfer::next
I: GenerateConstant::next
D: SystemInterface: time after state::next: 1172.083496 ms
D: message: resuming OT timer...
D: message: pausing OT timer...
D:  sending message (size 0.000192 MB)
I: SystemObliviousTransfer::next
I: SendConstant::next
D: SystemInterface: time after state::next: 1172.099976 ms
I: SystemObliviousTransfer::next
I: RecvPublicKey::next
D: SystemInterface: time after state::next: 1172.127319 ms
I: SystemObliviousTransfer::next
I: EncryptMessages::next
D: SystemInterface: time after state::next: 1173.232422 ms
D: message: resuming OT timer...
D: message: pausing OT timer...
D:  sending message (size 0.001155 MB)
I: SystemObliviousTransfer::next
I: SendEncryptedMessages::next
D: SystemInterface: time after state::next: 1173.249512 ms
I: SystemObliviousTransfer::next
I: SenderDone::next
D: SystemInterface: time after state::next: 1173.257080 ms
I: SystemObliviousTransfer::next
D: SystemInterface: time after state::next: 1173.264526 ms
I: SystemObliviousTransfer::next
I: InitSender::next
D: SystemInterface: time after state::next: 1173.270386 ms
I: SystemObliviousTransfer::next
I: GenerateConstant::next
D: SystemInterface: time after state::next: 1173.943359 ms
D: message: resuming OT timer...
D: message: pausing OT timer...
D:  sending message (size 0.000192 MB)
I: SystemObliviousTransfer::next
I: SendConstant::next
D: SystemInterface: time after state::next: 1173.959961 ms
I: SystemObliviousTransfer::next
I: RecvPublicKey::next
D: SystemInterface: time after state::next: 1173.987061 ms
I: SystemObliviousTransfer::next
I: EncryptMessages::next
D: SystemInterface: time after state::next: 1175.092773 ms
D: message: resuming OT timer...
D: message: pausing OT timer...
D:  sending message (size 0.001155 MB)
I: SystemObliviousTransfer::next
I: SendEncryptedMessages::next
D: SystemInterface: time after state::next: 1175.109863 ms
I: SystemObliviousTransfer::next
I: SenderDone::next
D: SystemInterface: time after state::next: 1175.117310 ms
I: SystemObliviousTransfer::next
D: SystemInterface: time after state::next: 1175.124634 ms
I: SystemObliviousTransfer::next
I: InitSender::next
D: SystemInterface: time after state::next: 1175.130615 ms
I: SystemObliviousTransfer::next
I: GenerateConstant::next
D: SystemInterface: time after state::next: 1175.806152 ms
D: message: resuming OT timer...
D: message: pausing OT timer...
D:  sending message (size 0.000192 MB)
I: SystemObliviousTransfer::next
I: SendConstant::next
D: SystemInterface: time after state::next: 1175.847900 ms
I: SystemObliviousTransfer::next
I: RecvPublicKey::next
D: SystemInterface: time after state::next: 1175.885010 ms
I: SystemObliviousTransfer::next
I: EncryptMessages::next
D: SystemInterface: time after state::next: 1176.989380 ms
D: message: resuming OT timer...
D: message: pausing OT timer...
D:  sending message (size 0.001155 MB)
I: SystemObliviousTransfer::next
I: SendEncryptedMessages::next
D: SystemInterface: time after state::next: 1177.006348 ms
I: SystemObliviousTransfer::next
I: SenderDone::next
D: SystemInterface: time after state::next: 1177.013794 ms
I: SystemObliviousTransfer::next
D: SystemInterface: time after state::next: 1177.021118 ms
I: SystemObliviousTransfer::next
I: InitSender::next
D: SystemInterface: time after state::next: 1177.026978 ms
I: SystemObliviousTransfer::next
I: GenerateConstant::next
D: SystemInterface: time after state::next: 1177.694702 ms
D: message: resuming OT timer...
D: message: pausing OT timer...
D:  sending message (size 0.000192 MB)
I: SystemObliviousTransfer::next
I: SendConstant::next
D: SystemInterface: time after state::next: 1177.701050 ms
I: SystemObliviousTransfer::next
I: RecvPublicKey::next
D: SystemInterface: time after state::next: 1177.729004 ms
I: SystemObliviousTransfer::next
I: EncryptMessages::next
D: SystemInterface: time after state::next: 1178.837280 ms
D: message: resuming OT timer...
D: message: pausing OT timer...
D:  sending message (size 0.001155 MB)
I: SystemObliviousTransfer::next
I: SendEncryptedMessages::next
D: SystemInterface: time after state::next: 1178.844116 ms
I: SystemObliviousTransfer::next
I: SenderDone::next
D: SystemInterface: time after state::next: 1178.850098 ms
I: SystemObliviousTransfer::next
D: SystemInterface: time after state::next: 1178.856812 ms
I: SystemObliviousTransfer::next
I: InitSender::next
D: SystemInterface: time after state::next: 1178.862549 ms
I: SystemObliviousTransfer::next
I: GenerateConstant::next
D: SystemInterface: time after state::next: 1179.520142 ms
D: message: resuming OT timer...
D: message: pausing OT timer...
D:  sending message (size 0.000192 MB)
I: SystemObliviousTransfer::next
I: SendConstant::next
D: SystemInterface: time after state::next: 1179.536499 ms
I: SystemObliviousTransfer::next
I: RecvPublicKey::next
D: SystemInterface: time after state::next: 1179.580444 ms
I: SystemObliviousTransfer::next
I: EncryptMessages::next
D: SystemInterface: time after state::next: 1180.683228 ms
D: message: resuming OT timer...
D: message: pausing OT timer...
D:  sending message (size 0.001154 MB)
I: SystemObliviousTransfer::next
I: SendEncryptedMessages::next
D: SystemInterface: time after state::next: 1180.690186 ms
I: SystemObliviousTransfer::next
I: SenderDone::next
D: SystemInterface: time after state::next: 1180.696045 ms
I: SystemObliviousTransfer::next
D: SystemInterface: time after state::next: 1180.702881 ms
I: SystemObliviousTransfer::next
I: InitSender::next
D: SystemInterface: time after state::next: 1180.708862 ms
I: SystemObliviousTransfer::next
I: GenerateConstant::next
D: SystemInterface: time after state::next: 1181.367188 ms
D: message: resuming OT timer...
D: message: pausing OT timer...
D:  sending message (size 0.000191 MB)
I: SystemObliviousTransfer::next
I: SendConstant::next
D: SystemInterface: time after state::next: 1181.373413 ms
I: SystemObliviousTransfer::next
I: RecvPublicKey::next
D: SystemInterface: time after state::next: 1181.391968 ms
I: SystemObliviousTransfer::next
I: EncryptMessages::next
D: SystemInterface: time after state::next: 1182.479858 ms
D: message: resuming OT timer...
D: message: pausing OT timer...
D:  sending message (size 0.001155 MB)
I: SystemObliviousTransfer::next
I: SendEncryptedMessages::next
D: SystemInterface: time after state::next: 1182.496338 ms
I: SystemObliviousTransfer::next
I: SenderDone::next
D: SystemInterface: time after state::next: 1182.503784 ms
I: SystemObliviousTransfer::next
D: SystemInterface: time after state::next: 1182.511353 ms
I: SystemObliviousTransfer::next
I: ---- OT duration: 64.227600 ms
D: SystemInterface: time after state::next: 1182.526855 ms
I: RecvFlagBit::next
D: ==== round duration: 1182.599731 ms ====
D: SystemInterface: time after state::next: 0.006902 ms
I: UpdateSystem::next
D: SystemInterface: time after state::next: 0.015101 ms
I: SystemCopyMonitorStateLabels::next
D: SystemInterface: time after state::next: 3.107650 ms
I: GenerateGarbledGates::next
D: refilling hex generator buffer (took 2.276812 ms)
D: refilling hex generator buffer (took 2.325592 ms)
D: refilling hex generator buffer (took 2.343091 ms)
D: SystemInterface: time after state::next: 1163.798096 ms
D:  sending message (size 11.688280 MB)
I: SendGarbledGates::next
D: SystemInterface: time after state::next: 1163.986694 ms
D:  sending message (size 0.246400 MB)
I: SendSystemInputLabels::next
D: SystemInterface: time after state::next: 1164.034668 ms
D:  sending message (size 0.000770 MB)
I: SendFlagBitLabels::next
D: SystemInterface: time after state::next: 1164.057983 ms
I: RecvFlagBit::next
D: ==== round duration: 1164.156250 ms ====
D: SystemInterface: time after state::next: 0.010202 ms
I: UpdateSystem::next
D: SystemInterface: time after state::next: 0.023378 ms
I: SystemCopyMonitorStateLabels::next
D: SystemInterface: time after state::next: 1.856430 ms
I: GenerateGarbledGates::next
D: refilling hex generator buffer (took 2.486316 ms)
D: refilling hex generator buffer (took 2.501088 ms)
D: refilling hex generator buffer (took 2.581865 ms)
D: SystemInterface: time after state::next: 1364.403076 ms
D:  sending message (size 11.688280 MB)
I: SendGarbledGates::next
D: SystemInterface: time after state::next: 1364.523438 ms
D:  sending message (size 0.246400 MB)
I: SendSystemInputLabels::next
D: SystemInterface: time after state::next: 1364.593872 ms
D:  sending message (size 0.000770 MB)
I: SendFlagBitLabels::next
D: SystemInterface: time after state::next: 1364.624634 ms
I: RecvFlagBit::next
D: ==== round duration: 1364.685669 ms ====
D: SystemInterface: time after state::next: 0.005674 ms
I: SystemDone::next
D: SystemInterface: time after state::next: 0.017850 ms
