I: initializing safe primes...
I: using prime modulus 2410312426921032588552076022197566074856950548502459942654116941958108831682612228890093858261341614673227141477904012196503648957050582631942730706805009223062734745341073406696246014589361659774041027169249453200378729434170325843778659198143763193776859869524088940195577346119843545301547043747207749969763750084308926339295559968882457872412993810129130294592999947926365264059284647209730384947211681434464714438488520940127459844288859336526896320919633919
I: received gate count 14542
I: InitSystem::next
D: SystemInterface: time after state::next: 0.040325 ms
I: RecvCircuit::next
D: ---- circuit parsing time: 3147.538330 ms
D: SystemInterface: time after state::next: 0.003110 ms
I: InitMonitorStateLabels::next
D: refilling hex generator buffer (took 1.991684 ms)
D: SystemInterface: time after state::next: 3.250707 ms
I: GenerateGarbledGates::next
D: refilling hex generator buffer (took 1.940489 ms)
D: refilling hex generator buffer (took 1.959081 ms)
D: refilling hex generator buffer (took 1.993345 ms)
D: refilling hex generator buffer (took 2.043233 ms)
D: refilling hex generator buffer (took 2.076392 ms)
D: refilling hex generator buffer (took 2.043211 ms)
D: refilling hex generator buffer (took 2.047910 ms)
D: refilling hex generator buffer (took 2.026625 ms)
D: refilling hex generator buffer (took 2.083987 ms)
D: refilling hex generator buffer (took 2.054865 ms)
D: refilling hex generator buffer (took 2.063930 ms)
D: SystemInterface: time after state::next: 4520.750000 ms
D:  sending message (size 46.185392 MB)
I: SendGarbledGates::next
D: SystemInterface: time after state::next: 4520.799805 ms
D:  sending message (size 0.984320 MB)
I: SendSystemInputLabels::next
D: SystemInterface: time after state::next: 4520.845215 ms
D:  sending message (size 0.001538 MB)
I: SendFlagBitLabels::next
D: ctor: starting OT timer...
D: ctor: pausing OT timer...
D: SystemInterface: time after state::next: 4520.883301 ms
I: SystemObliviousTransfer::next
I: InitSender::next
D: SystemInterface: time after state::next: 4520.928711 ms
I: SystemObliviousTransfer::next
I: GenerateConstant::next
D: SystemInterface: time after state::next: 4522.401367 ms
D: message: resuming OT timer...
D: message: pausing OT timer...
D:  sending message (size 0.000384 MB)
I: SystemObliviousTransfer::next
I: SendConstant::next
D: SystemInterface: time after state::next: 4522.435059 ms
I: SystemObliviousTransfer::next
I: RecvPublicKey::next
D: SystemInterface: time after state::next: 4522.474121 ms
I: SystemObliviousTransfer::next
I: EncryptMessages::next
D: SystemInterface: time after state::next: 4526.725098 ms
D: message: resuming OT timer...
D: message: pausing OT timer...
D:  sending message (size 0.002305 MB)
I: SystemObliviousTransfer::next
I: SendEncryptedMessages::next
D: SystemInterface: time after state::next: 4526.744141 ms
I: SystemObliviousTransfer::next
I: SenderDone::next
D: SystemInterface: time after state::next: 4526.752441 ms
I: SystemObliviousTransfer::next
D: SystemInterface: time after state::next: 4526.760254 ms
I: SystemObliviousTransfer::next
I: InitSender::next
D: SystemInterface: time after state::next: 4526.766113 ms
I: SystemObliviousTransfer::next
I: GenerateConstant::next
D: SystemInterface: time after state::next: 4528.220215 ms
D: message: resuming OT timer...
D: message: pausing OT timer...
D:  sending message (size 0.000384 MB)
I: SystemObliviousTransfer::next
I: SendConstant::next
D: SystemInterface: time after state::next: 4528.229492 ms
I: SystemObliviousTransfer::next
I: RecvPublicKey::next
D: SystemInterface: time after state::next: 4528.264160 ms
I: SystemObliviousTransfer::next
I: EncryptMessages::next
D: SystemInterface: time after state::next: 4532.497559 ms
D: message: resuming OT timer...
D: message: pausing OT timer...
D:  sending message (size 0.002307 MB)
I: SystemObliviousTransfer::next
I: SendEncryptedMessages::next
D: SystemInterface: time after state::next: 4532.520508 ms
I: SystemObliviousTransfer::next
I: SenderDone::next
D: SystemInterface: time after state::next: 4532.532227 ms
I: SystemObliviousTransfer::next
D: SystemInterface: time after state::next: 4532.562012 ms
I: SystemObliviousTransfer::next
I: InitSender::next
D: SystemInterface: time after state::next: 4532.572266 ms
I: SystemObliviousTransfer::next
I: GenerateConstant::next
D: SystemInterface: time after state::next: 4535.897949 ms
D: message: resuming OT timer...
D: message: pausing OT timer...
D:  sending message (size 0.000384 MB)
I: SystemObliviousTransfer::next
I: SendConstant::next
D: SystemInterface: time after state::next: 4535.924805 ms
I: SystemObliviousTransfer::next
I: RecvPublicKey::next
D: SystemInterface: time after state::next: 4535.979004 ms
I: SystemObliviousTransfer::next
I: EncryptMessages::next
D: SystemInterface: time after state::next: 4545.759766 ms
D: message: resuming OT timer...
D: message: pausing OT timer...
D:  sending message (size 0.002307 MB)
I: SystemObliviousTransfer::next
I: SendEncryptedMessages::next
D: SystemInterface: time after state::next: 4545.780273 ms
I: SystemObliviousTransfer::next
I: SenderDone::next
D: SystemInterface: time after state::next: 4545.791016 ms
I: SystemObliviousTransfer::next
D: SystemInterface: time after state::next: 4545.803223 ms
I: SystemObliviousTransfer::next
I: InitSender::next
D: SystemInterface: time after state::next: 4545.812988 ms
I: SystemObliviousTransfer::next
I: GenerateConstant::next
D: SystemInterface: time after state::next: 4548.876465 ms
D: message: resuming OT timer...
D: message: pausing OT timer...
D:  sending message (size 0.000384 MB)
I: SystemObliviousTransfer::next
I: SendConstant::next
D: SystemInterface: time after state::next: 4548.900391 ms
I: SystemObliviousTransfer::next
I: RecvPublicKey::next
D: SystemInterface: time after state::next: 4548.947754 ms
I: SystemObliviousTransfer::next
I: EncryptMessages::next
D: SystemInterface: time after state::next: 4553.284668 ms
D: message: resuming OT timer...
D: message: pausing OT timer...
D:  sending message (size 0.002307 MB)
I: SystemObliviousTransfer::next
I: SendEncryptedMessages::next
D: SystemInterface: time after state::next: 4553.301758 ms
I: SystemObliviousTransfer::next
I: SenderDone::next
D: SystemInterface: time after state::next: 4553.309082 ms
I: SystemObliviousTransfer::next
D: SystemInterface: time after state::next: 4553.317383 ms
I: SystemObliviousTransfer::next
I: InitSender::next
D: SystemInterface: time after state::next: 4553.323730 ms
I: SystemObliviousTransfer::next
I: GenerateConstant::next
D: SystemInterface: time after state::next: 4554.774414 ms
D: message: resuming OT timer...
D: message: pausing OT timer...
D:  sending message (size 0.000384 MB)
I: SystemObliviousTransfer::next
I: SendConstant::next
D: SystemInterface: time after state::next: 4554.791016 ms
I: SystemObliviousTransfer::next
I: RecvPublicKey::next
D: SystemInterface: time after state::next: 4554.832031 ms
I: SystemObliviousTransfer::next
I: EncryptMessages::next
D: SystemInterface: time after state::next: 4559.099121 ms
D: message: resuming OT timer...
D: message: pausing OT timer...
D:  sending message (size 0.002306 MB)
I: SystemObliviousTransfer::next
I: SendEncryptedMessages::next
D: SystemInterface: time after state::next: 4559.116211 ms
I: SystemObliviousTransfer::next
I: SenderDone::next
D: SystemInterface: time after state::next: 4559.124512 ms
I: SystemObliviousTransfer::next
D: SystemInterface: time after state::next: 4559.131348 ms
I: SystemObliviousTransfer::next
I: InitSender::next
D: SystemInterface: time after state::next: 4559.137207 ms
I: SystemObliviousTransfer::next
I: GenerateConstant::next
D: SystemInterface: time after state::next: 4560.594238 ms
D: message: resuming OT timer...
D: message: pausing OT timer...
D:  sending message (size 0.000383 MB)
I: SystemObliviousTransfer::next
I: SendConstant::next
D: SystemInterface: time after state::next: 4560.611816 ms
I: SystemObliviousTransfer::next
I: RecvPublicKey::next
D: SystemInterface: time after state::next: 4560.648438 ms
I: SystemObliviousTransfer::next
I: EncryptMessages::next
D: SystemInterface: time after state::next: 4564.893555 ms
D: message: resuming OT timer...
D: message: pausing OT timer...
D:  sending message (size 0.002307 MB)
I: SystemObliviousTransfer::next
I: SendEncryptedMessages::next
D: SystemInterface: time after state::next: 4564.911133 ms
I: SystemObliviousTransfer::next
I: SenderDone::next
D: SystemInterface: time after state::next: 4564.918945 ms
I: SystemObliviousTransfer::next
D: SystemInterface: time after state::next: 4564.926270 ms
I: SystemObliviousTransfer::next
I: InitSender::next
D: SystemInterface: time after state::next: 4564.932129 ms
I: SystemObliviousTransfer::next
I: GenerateConstant::next
D: SystemInterface: time after state::next: 4566.379883 ms
D: message: resuming OT timer...
D: message: pausing OT timer...
D:  sending message (size 0.000384 MB)
I: SystemObliviousTransfer::next
I: SendConstant::next
D: SystemInterface: time after state::next: 4566.398926 ms
I: SystemObliviousTransfer::next
I: RecvPublicKey::next
D: SystemInterface: time after state::next: 4566.438477 ms
I: SystemObliviousTransfer::next
I: EncryptMessages::next
D: SystemInterface: time after state::next: 4570.682129 ms
D: message: resuming OT timer...
D: message: pausing OT timer...
D:  sending message (size 0.002307 MB)
I: SystemObliviousTransfer::next
I: SendEncryptedMessages::next
D: SystemInterface: time after state::next: 4570.699219 ms
I: SystemObliviousTransfer::next
I: SenderDone::next
D: SystemInterface: time after state::next: 4570.708008 ms
I: SystemObliviousTransfer::next
D: SystemInterface: time after state::next: 4570.715332 ms
I: SystemObliviousTransfer::next
I: InitSender::next
D: SystemInterface: time after state::next: 4570.721191 ms
I: SystemObliviousTransfer::next
I: GenerateConstant::next
D: SystemInterface: time after state::next: 4572.186523 ms
D: message: resuming OT timer...
D: message: pausing OT timer...
D:  sending message (size 0.000384 MB)
I: SystemObliviousTransfer::next
I: SendConstant::next
D: SystemInterface: time after state::next: 4572.208008 ms
I: SystemObliviousTransfer::next
I: RecvPublicKey::next
D: SystemInterface: time after state::next: 4572.253906 ms
I: SystemObliviousTransfer::next
I: EncryptMessages::next
D: SystemInterface: time after state::next: 4577.717773 ms
D: message: resuming OT timer...
D: message: pausing OT timer...
D:  sending message (size 0.002307 MB)
I: SystemObliviousTransfer::next
I: SendEncryptedMessages::next
D: SystemInterface: time after state::next: 4577.742676 ms
I: SystemObliviousTransfer::next
I: SenderDone::next
D: SystemInterface: time after state::next: 4577.750977 ms
I: SystemObliviousTransfer::next
D: SystemInterface: time after state::next: 4577.759277 ms
I: SystemObliviousTransfer::next
I: InitSender::next
D: SystemInterface: time after state::next: 4577.765137 ms
I: SystemObliviousTransfer::next
I: GenerateConstant::next
D: SystemInterface: time after state::next: 4579.229492 ms
D: message: resuming OT timer...
D: message: pausing OT timer...
D:  sending message (size 0.000384 MB)
I: SystemObliviousTransfer::next
I: SendConstant::next
D: SystemInterface: time after state::next: 4579.246582 ms
I: SystemObliviousTransfer::next
I: RecvPublicKey::next
D: SystemInterface: time after state::next: 4579.285645 ms
I: SystemObliviousTransfer::next
I: EncryptMessages::next
D: SystemInterface: time after state::next: 4583.539062 ms
D: message: resuming OT timer...
D: message: pausing OT timer...
D:  sending message (size 0.002307 MB)
I: SystemObliviousTransfer::next
I: SendEncryptedMessages::next
D: SystemInterface: time after state::next: 4583.559082 ms
I: SystemObliviousTransfer::next
I: SenderDone::next
D: SystemInterface: time after state::next: 4583.567383 ms
I: SystemObliviousTransfer::next
D: SystemInterface: time after state::next: 4583.574219 ms
I: SystemObliviousTransfer::next
I: InitSender::next
D: SystemInterface: time after state::next: 4583.580566 ms
I: SystemObliviousTransfer::next
I: GenerateConstant::next
D: SystemInterface: time after state::next: 4585.026367 ms
D: message: resuming OT timer...
D: message: pausing OT timer...
D:  sending message (size 0.000383 MB)
I: SystemObliviousTransfer::next
I: SendConstant::next
D: SystemInterface: time after state::next: 4585.043457 ms
I: SystemObliviousTransfer::next
I: RecvPublicKey::next
D: SystemInterface: time after state::next: 4585.080078 ms
I: SystemObliviousTransfer::next
I: EncryptMessages::next
D: SystemInterface: time after state::next: 4589.335938 ms
D: message: resuming OT timer...
D: message: pausing OT timer...
D:  sending message (size 0.002307 MB)
I: SystemObliviousTransfer::next
I: SendEncryptedMessages::next
D: SystemInterface: time after state::next: 4589.355957 ms
I: SystemObliviousTransfer::next
I: SenderDone::next
D: SystemInterface: time after state::next: 4589.364258 ms
I: SystemObliviousTransfer::next
D: SystemInterface: time after state::next: 4589.371582 ms
I: SystemObliviousTransfer::next
I: InitSender::next
D: SystemInterface: time after state::next: 4589.377441 ms
I: SystemObliviousTransfer::next
I: GenerateConstant::next
D: SystemInterface: time after state::next: 4590.828125 ms
D: message: resuming OT timer...
D: message: pausing OT timer...
D:  sending message (size 0.000384 MB)
I: SystemObliviousTransfer::next
I: SendConstant::next
D: SystemInterface: time after state::next: 4590.844238 ms
I: SystemObliviousTransfer::next
I: RecvPublicKey::next
D: SystemInterface: time after state::next: 4590.879395 ms
I: SystemObliviousTransfer::next
I: EncryptMessages::next
D: SystemInterface: time after state::next: 4595.140625 ms
D: message: resuming OT timer...
D: message: pausing OT timer...
D:  sending message (size 0.002307 MB)
I: SystemObliviousTransfer::next
I: SendEncryptedMessages::next
D: SystemInterface: time after state::next: 4595.158203 ms
I: SystemObliviousTransfer::next
I: SenderDone::next
D: SystemInterface: time after state::next: 4595.166016 ms
I: SystemObliviousTransfer::next
D: SystemInterface: time after state::next: 4595.173340 ms
I: SystemObliviousTransfer::next
I: InitSender::next
D: SystemInterface: time after state::next: 4595.179688 ms
I: SystemObliviousTransfer::next
I: GenerateConstant::next
D: SystemInterface: time after state::next: 4596.633789 ms
D: message: resuming OT timer...
D: message: pausing OT timer...
D:  sending message (size 0.000384 MB)
I: SystemObliviousTransfer::next
I: SendConstant::next
D: SystemInterface: time after state::next: 4596.651855 ms
I: SystemObliviousTransfer::next
I: RecvPublicKey::next
D: SystemInterface: time after state::next: 4596.689941 ms
I: SystemObliviousTransfer::next
I: EncryptMessages::next
D: SystemInterface: time after state::next: 4600.949219 ms
D: message: resuming OT timer...
D: message: pausing OT timer...
D:  sending message (size 0.002306 MB)
I: SystemObliviousTransfer::next
I: SendEncryptedMessages::next
D: SystemInterface: time after state::next: 4600.966797 ms
I: SystemObliviousTransfer::next
I: SenderDone::next
D: SystemInterface: time after state::next: 4600.974609 ms
I: SystemObliviousTransfer::next
D: SystemInterface: time after state::next: 4600.981934 ms
I: SystemObliviousTransfer::next
I: InitSender::next
D: SystemInterface: time after state::next: 4600.988281 ms
I: SystemObliviousTransfer::next
I: GenerateConstant::next
D: SystemInterface: time after state::next: 4602.440918 ms
D: message: resuming OT timer...
D: message: pausing OT timer...
D:  sending message (size 0.000383 MB)
I: SystemObliviousTransfer::next
I: SendConstant::next
D: SystemInterface: time after state::next: 4602.458008 ms
I: SystemObliviousTransfer::next
I: RecvPublicKey::next
D: SystemInterface: time after state::next: 4602.495605 ms
I: SystemObliviousTransfer::next
I: EncryptMessages::next
D: SystemInterface: time after state::next: 4606.766113 ms
D: message: resuming OT timer...
D: message: pausing OT timer...
D:  sending message (size 0.002307 MB)
I: SystemObliviousTransfer::next
I: SendEncryptedMessages::next
D: SystemInterface: time after state::next: 4606.783691 ms
I: SystemObliviousTransfer::next
I: SenderDone::next
D: SystemInterface: time after state::next: 4606.791992 ms
I: SystemObliviousTransfer::next
D: SystemInterface: time after state::next: 4606.799316 ms
I: SystemObliviousTransfer::next
I: InitSender::next
D: SystemInterface: time after state::next: 4606.817383 ms
I: SystemObliviousTransfer::next
I: GenerateConstant::next
D: SystemInterface: time after state::next: 4608.270508 ms
D: message: resuming OT timer...
D: message: pausing OT timer...
D:  sending message (size 0.000384 MB)
I: SystemObliviousTransfer::next
I: SendConstant::next
D: SystemInterface: time after state::next: 4608.287598 ms
I: SystemObliviousTransfer::next
I: RecvPublicKey::next
D: SystemInterface: time after state::next: 4608.326660 ms
I: SystemObliviousTransfer::next
I: EncryptMessages::next
D: SystemInterface: time after state::next: 4612.578613 ms
D: message: resuming OT timer...
D: message: pausing OT timer...
D:  sending message (size 0.002307 MB)
I: SystemObliviousTransfer::next
I: SendEncryptedMessages::next
D: SystemInterface: time after state::next: 4612.596191 ms
I: SystemObliviousTransfer::next
I: SenderDone::next
D: SystemInterface: time after state::next: 4612.604004 ms
I: SystemObliviousTransfer::next
D: SystemInterface: time after state::next: 4612.611328 ms
I: SystemObliviousTransfer::next
I: InitSender::next
D: SystemInterface: time after state::next: 4612.617676 ms
I: SystemObliviousTransfer::next
I: GenerateConstant::next
D: SystemInterface: time after state::next: 4614.066406 ms
D: message: resuming OT timer...
D: message: pausing OT timer...
D:  sending message (size 0.000384 MB)
I: SystemObliviousTransfer::next
I: SendConstant::next
D: SystemInterface: time after state::next: 4614.083496 ms
I: SystemObliviousTransfer::next
I: RecvPublicKey::next
D: SystemInterface: time after state::next: 4614.121582 ms
I: SystemObliviousTransfer::next
I: EncryptMessages::next
D: SystemInterface: time after state::next: 4618.368164 ms
D: message: resuming OT timer...
D: message: pausing OT timer...
D:  sending message (size 0.002307 MB)
I: SystemObliviousTransfer::next
I: SendEncryptedMessages::next
D: SystemInterface: time after state::next: 4618.386230 ms
I: SystemObliviousTransfer::next
I: SenderDone::next
D: SystemInterface: time after state::next: 4618.394043 ms
I: SystemObliviousTransfer::next
D: SystemInterface: time after state::next: 4618.401367 ms
I: SystemObliviousTransfer::next
I: InitSender::next
D: SystemInterface: time after state::next: 4618.407227 ms
I: SystemObliviousTransfer::next
I: GenerateConstant::next
D: SystemInterface: time after state::next: 4619.856934 ms
D: message: resuming OT timer...
D: message: pausing OT timer...
D:  sending message (size 0.000384 MB)
I: SystemObliviousTransfer::next
I: SendConstant::next
D: SystemInterface: time after state::next: 4619.874023 ms
I: SystemObliviousTransfer::next
I: RecvPublicKey::next
D: SystemInterface: time after state::next: 4619.912109 ms
I: SystemObliviousTransfer::next
I: EncryptMessages::next
D: SystemInterface: time after state::next: 4624.164062 ms
D: message: resuming OT timer...
D: message: pausing OT timer...
D:  sending message (size 0.002307 MB)
I: SystemObliviousTransfer::next
I: SendEncryptedMessages::next
D: SystemInterface: time after state::next: 4624.183594 ms
I: SystemObliviousTransfer::next
I: SenderDone::next
D: SystemInterface: time after state::next: 4624.191406 ms
I: SystemObliviousTransfer::next
D: SystemInterface: time after state::next: 4624.198730 ms
I: SystemObliviousTransfer::next
I: InitSender::next
D: SystemInterface: time after state::next: 4624.204590 ms
I: SystemObliviousTransfer::next
I: GenerateConstant::next
D: SystemInterface: time after state::next: 4625.657227 ms
D: message: resuming OT timer...
D: message: pausing OT timer...
D:  sending message (size 0.000384 MB)
I: SystemObliviousTransfer::next
I: SendConstant::next
D: SystemInterface: time after state::next: 4625.674805 ms
I: SystemObliviousTransfer::next
I: RecvPublicKey::next
D: SystemInterface: time after state::next: 4625.712402 ms
I: SystemObliviousTransfer::next
I: EncryptMessages::next
D: SystemInterface: time after state::next: 4629.975098 ms
D: message: resuming OT timer...
D: message: pausing OT timer...
D:  sending message (size 0.002305 MB)
I: SystemObliviousTransfer::next
I: SendEncryptedMessages::next
D: SystemInterface: time after state::next: 4629.992188 ms
I: SystemObliviousTransfer::next
I: SenderDone::next
D: SystemInterface: time after state::next: 4630.000000 ms
I: SystemObliviousTransfer::next
D: SystemInterface: time after state::next: 4630.007812 ms
I: SystemObliviousTransfer::next
I: InitSender::next
D: SystemInterface: time after state::next: 4630.013672 ms
I: SystemObliviousTransfer::next
I: GenerateConstant::next
D: SystemInterface: time after state::next: 4631.463867 ms
D: message: resuming OT timer...
D: message: pausing OT timer...
D:  sending message (size 0.000384 MB)
I: SystemObliviousTransfer::next
I: SendConstant::next
D: SystemInterface: time after state::next: 4631.479980 ms
I: SystemObliviousTransfer::next
I: RecvPublicKey::next
D: SystemInterface: time after state::next: 4631.525391 ms
I: SystemObliviousTransfer::next
I: EncryptMessages::next
D: SystemInterface: time after state::next: 4635.762695 ms
D: message: resuming OT timer...
D: message: pausing OT timer...
D:  sending message (size 0.002307 MB)
I: SystemObliviousTransfer::next
I: SendEncryptedMessages::next
D: SystemInterface: time after state::next: 4635.780273 ms
I: SystemObliviousTransfer::next
I: SenderDone::next
D: SystemInterface: time after state::next: 4635.788086 ms
I: SystemObliviousTransfer::next
D: SystemInterface: time after state::next: 4635.795898 ms
I: SystemObliviousTransfer::next
I: InitSender::next
D: SystemInterface: time after state::next: 4635.801758 ms
I: SystemObliviousTransfer::next
I: GenerateConstant::next
D: SystemInterface: time after state::next: 4637.256836 ms
D: message: resuming OT timer...
D: message: pausing OT timer...
D:  sending message (size 0.000384 MB)
I: SystemObliviousTransfer::next
I: SendConstant::next
D: SystemInterface: time after state::next: 4637.273926 ms
I: SystemObliviousTransfer::next
I: RecvPublicKey::next
D: SystemInterface: time after state::next: 4637.311523 ms
I: SystemObliviousTransfer::next
I: EncryptMessages::next
D: SystemInterface: time after state::next: 4641.564453 ms
D: message: resuming OT timer...
D: message: pausing OT timer...
D:  sending message (size 0.002307 MB)
I: SystemObliviousTransfer::next
I: SendEncryptedMessages::next
D: SystemInterface: time after state::next: 4641.582031 ms
I: SystemObliviousTransfer::next
I: SenderDone::next
D: SystemInterface: time after state::next: 4641.589844 ms
I: SystemObliviousTransfer::next
D: SystemInterface: time after state::next: 4641.597168 ms
I: SystemObliviousTransfer::next
I: InitSender::next
D: SystemInterface: time after state::next: 4641.603027 ms
I: SystemObliviousTransfer::next
I: GenerateConstant::next
D: SystemInterface: time after state::next: 4643.053711 ms
D: message: resuming OT timer...
D: message: pausing OT timer...
D:  sending message (size 0.000384 MB)
I: SystemObliviousTransfer::next
I: SendConstant::next
D: SystemInterface: time after state::next: 4643.070801 ms
I: SystemObliviousTransfer::next
I: RecvPublicKey::next
D: SystemInterface: time after state::next: 4643.108398 ms
I: SystemObliviousTransfer::next
I: EncryptMessages::next
D: SystemInterface: time after state::next: 4647.364746 ms
D: message: resuming OT timer...
D: message: pausing OT timer...
D:  sending message (size 0.002307 MB)
I: SystemObliviousTransfer::next
I: SendEncryptedMessages::next
D: SystemInterface: time after state::next: 4647.381836 ms
I: SystemObliviousTransfer::next
I: SenderDone::next
D: SystemInterface: time after state::next: 4647.390137 ms
I: SystemObliviousTransfer::next
D: SystemInterface: time after state::next: 4647.397461 ms
I: SystemObliviousTransfer::next
I: InitSender::next
D: SystemInterface: time after state::next: 4647.403320 ms
I: SystemObliviousTransfer::next
I: GenerateConstant::next
D: SystemInterface: time after state::next: 4648.854980 ms
D: message: resuming OT timer...
D: message: pausing OT timer...
D:  sending message (size 0.000383 MB)
I: SystemObliviousTransfer::next
I: SendConstant::next
D: SystemInterface: time after state::next: 4648.884277 ms
I: SystemObliviousTransfer::next
I: RecvPublicKey::next
D: SystemInterface: time after state::next: 4648.922363 ms
I: SystemObliviousTransfer::next
I: EncryptMessages::next
D: SystemInterface: time after state::next: 4653.163574 ms
D: message: resuming OT timer...
D: message: pausing OT timer...
D:  sending message (size 0.002307 MB)
I: SystemObliviousTransfer::next
I: SendEncryptedMessages::next
D: SystemInterface: time after state::next: 4653.181641 ms
I: SystemObliviousTransfer::next
I: SenderDone::next
D: SystemInterface: time after state::next: 4653.189941 ms
I: SystemObliviousTransfer::next
D: SystemInterface: time after state::next: 4653.197266 ms
I: SystemObliviousTransfer::next
I: InitSender::next
D: SystemInterface: time after state::next: 4653.203125 ms
I: SystemObliviousTransfer::next
I: GenerateConstant::next
D: SystemInterface: time after state::next: 4654.655273 ms
D: message: resuming OT timer...
D: message: pausing OT timer...
D:  sending message (size 0.000384 MB)
I: SystemObliviousTransfer::next
I: SendConstant::next
D: SystemInterface: time after state::next: 4654.672363 ms
I: SystemObliviousTransfer::next
I: RecvPublicKey::next
D: SystemInterface: time after state::next: 4654.710938 ms
I: SystemObliviousTransfer::next
I: EncryptMessages::next
D: SystemInterface: time after state::next: 4658.951660 ms
D: message: resuming OT timer...
D: message: pausing OT timer...
D:  sending message (size 0.002307 MB)
I: SystemObliviousTransfer::next
I: SendEncryptedMessages::next
D: SystemInterface: time after state::next: 4658.969238 ms
I: SystemObliviousTransfer::next
I: SenderDone::next
D: SystemInterface: time after state::next: 4658.977051 ms
I: SystemObliviousTransfer::next
D: SystemInterface: time after state::next: 4658.984375 ms
I: SystemObliviousTransfer::next
I: InitSender::next
D: SystemInterface: time after state::next: 4658.990234 ms
I: SystemObliviousTransfer::next
I: GenerateConstant::next
D: SystemInterface: time after state::next: 4660.442383 ms
D: message: resuming OT timer...
D: message: pausing OT timer...
D:  sending message (size 0.000383 MB)
I: SystemObliviousTransfer::next
I: SendConstant::next
D: SystemInterface: time after state::next: 4660.459473 ms
I: SystemObliviousTransfer::next
I: RecvPublicKey::next
D: SystemInterface: time after state::next: 4660.497559 ms
I: SystemObliviousTransfer::next
I: EncryptMessages::next
D: SystemInterface: time after state::next: 4664.738281 ms
D: message: resuming OT timer...
D: message: pausing OT timer...
D:  sending message (size 0.002305 MB)
I: SystemObliviousTransfer::next
I: SendEncryptedMessages::next
D: SystemInterface: time after state::next: 4664.755859 ms
I: SystemObliviousTransfer::next
I: SenderDone::next
D: SystemInterface: time after state::next: 4664.764160 ms
I: SystemObliviousTransfer::next
D: SystemInterface: time after state::next: 4664.771484 ms
I: SystemObliviousTransfer::next
I: InitSender::next
D: SystemInterface: time after state::next: 4664.777344 ms
I: SystemObliviousTransfer::next
I: GenerateConstant::next
D: SystemInterface: time after state::next: 4666.228516 ms
D: message: resuming OT timer...
D: message: pausing OT timer...
D:  sending message (size 0.000384 MB)
I: SystemObliviousTransfer::next
I: SendConstant::next
D: SystemInterface: time after state::next: 4666.245117 ms
I: SystemObliviousTransfer::next
I: RecvPublicKey::next
D: SystemInterface: time after state::next: 4666.282715 ms
I: SystemObliviousTransfer::next
I: EncryptMessages::next
D: SystemInterface: time after state::next: 4670.525391 ms
D: message: resuming OT timer...
D: message: pausing OT timer...
D:  sending message (size 0.002307 MB)
I: SystemObliviousTransfer::next
I: SendEncryptedMessages::next
D: SystemInterface: time after state::next: 4670.542969 ms
I: SystemObliviousTransfer::next
I: SenderDone::next
D: SystemInterface: time after state::next: 4670.550781 ms
I: SystemObliviousTransfer::next
D: SystemInterface: time after state::next: 4670.558105 ms
I: SystemObliviousTransfer::next
I: InitSender::next
D: SystemInterface: time after state::next: 4670.578125 ms
I: SystemObliviousTransfer::next
I: GenerateConstant::next
D: SystemInterface: time after state::next: 4672.028320 ms
D: message: resuming OT timer...
D: message: pausing OT timer...
D:  sending message (size 0.000384 MB)
I: SystemObliviousTransfer::next
I: SendConstant::next
D: SystemInterface: time after state::next: 4672.045410 ms
I: SystemObliviousTransfer::next
I: RecvPublicKey::next
D: SystemInterface: time after state::next: 4672.083496 ms
I: SystemObliviousTransfer::next
I: EncryptMessages::next
D: SystemInterface: time after state::next: 4676.320312 ms
D: message: resuming OT timer...
D: message: pausing OT timer...
D:  sending message (size 0.002307 MB)
I: SystemObliviousTransfer::next
I: SendEncryptedMessages::next
D: SystemInterface: time after state::next: 4676.344238 ms
I: SystemObliviousTransfer::next
I: SenderDone::next
D: SystemInterface: time after state::next: 4676.352051 ms
I: SystemObliviousTransfer::next
D: SystemInterface: time after state::next: 4676.359375 ms
I: SystemObliviousTransfer::next
I: InitSender::next
D: SystemInterface: time after state::next: 4676.365234 ms
I: SystemObliviousTransfer::next
I: GenerateConstant::next
D: SystemInterface: time after state::next: 4677.817871 ms
D: message: resuming OT timer...
D: message: pausing OT timer...
D:  sending message (size 0.000383 MB)
I: SystemObliviousTransfer::next
I: SendConstant::next
D: SystemInterface: time after state::next: 4677.834473 ms
I: SystemObliviousTransfer::next
I: RecvPublicKey::next
D: SystemInterface: time after state::next: 4677.861328 ms
I: SystemObliviousTransfer::next
I: EncryptMessages::next
D: SystemInterface: time after state::next: 4682.116211 ms
D: message: resuming OT timer...
D: message: pausing OT timer...
D:  sending message (size 0.002307 MB)
I: SystemObliviousTransfer::next
I: SendEncryptedMessages::next
D: SystemInterface: time after state::next: 4682.138184 ms
I: SystemObliviousTransfer::next
I: SenderDone::next
D: SystemInterface: time after state::next: 4682.149902 ms
I: SystemObliviousTransfer::next
D: SystemInterface: time after state::next: 4682.161133 ms
I: SystemObliviousTransfer::next
I: InitSender::next
D: SystemInterface: time after state::next: 4682.170898 ms
I: SystemObliviousTransfer::next
I: GenerateConstant::next
D: SystemInterface: time after state::next: 4685.494141 ms
D: message: resuming OT timer...
D: message: pausing OT timer...
D:  sending message (size 0.000384 MB)
I: SystemObliviousTransfer::next
I: SendConstant::next
D: SystemInterface: time after state::next: 4685.517090 ms
I: SystemObliviousTransfer::next
I: RecvPublicKey::next
D: SystemInterface: time after state::next: 4685.558594 ms
I: SystemObliviousTransfer::next
I: EncryptMessages::next
D: SystemInterface: time after state::next: 4695.361328 ms
D: message: resuming OT timer...
D: message: pausing OT timer...
D:  sending message (size 0.002307 MB)
I: SystemObliviousTransfer::next
I: SendEncryptedMessages::next
D: SystemInterface: time after state::next: 4695.383789 ms
I: SystemObliviousTransfer::next
I: SenderDone::next
D: SystemInterface: time after state::next: 4695.395508 ms
I: SystemObliviousTransfer::next
D: SystemInterface: time after state::next: 4695.406738 ms
I: SystemObliviousTransfer::next
I: InitSender::next
D: SystemInterface: time after state::next: 4695.416016 ms
I: SystemObliviousTransfer::next
I: GenerateConstant::next
D: SystemInterface: time after state::next: 4698.738770 ms
D: message: resuming OT timer...
D: message: pausing OT timer...
D:  sending message (size 0.000384 MB)
I: SystemObliviousTransfer::next
I: SendConstant::next
D: SystemInterface: time after state::next: 4698.756836 ms
I: SystemObliviousTransfer::next
I: RecvPublicKey::next
D: SystemInterface: time after state::next: 4698.807617 ms
I: SystemObliviousTransfer::next
I: EncryptMessages::next
D: SystemInterface: time after state::next: 4708.753906 ms
D: message: resuming OT timer...
D: message: pausing OT timer...
D:  sending message (size 0.002307 MB)
I: SystemObliviousTransfer::next
I: SendEncryptedMessages::next
D: SystemInterface: time after state::next: 4708.787109 ms
I: SystemObliviousTransfer::next
I: SenderDone::next
D: SystemInterface: time after state::next: 4708.798340 ms
I: SystemObliviousTransfer::next
D: SystemInterface: time after state::next: 4708.809570 ms
I: SystemObliviousTransfer::next
I: InitSender::next
D: SystemInterface: time after state::next: 4708.820312 ms
I: SystemObliviousTransfer::next
I: GenerateConstant::next
D: SystemInterface: time after state::next: 4710.729492 ms
D: message: resuming OT timer...
D: message: pausing OT timer...
D:  sending message (size 0.000383 MB)
I: SystemObliviousTransfer::next
I: SendConstant::next
D: SystemInterface: time after state::next: 4710.750000 ms
I: SystemObliviousTransfer::next
I: RecvPublicKey::next
D: SystemInterface: time after state::next: 4710.791992 ms
I: SystemObliviousTransfer::next
I: EncryptMessages::next
D: SystemInterface: time after state::next: 4715.169434 ms
D: message: resuming OT timer...
D: message: pausing OT timer...
D:  sending message (size 0.002307 MB)
I: SystemObliviousTransfer::next
I: SendEncryptedMessages::next
D: SystemInterface: time after state::next: 4715.188965 ms
I: SystemObliviousTransfer::next
I: SenderDone::next
D: SystemInterface: time after state::next: 4715.197754 ms
I: SystemObliviousTransfer::next
D: SystemInterface: time after state::next: 4715.205566 ms
I: SystemObliviousTransfer::next
I: InitSender::next
D: SystemInterface: time after state::next: 4715.211426 ms
I: SystemObliviousTransfer::next
I: GenerateConstant::next
D: SystemInterface: time after state::next: 4716.706543 ms
D: message: resuming OT timer...
D: message: pausing OT timer...
D:  sending message (size 0.000384 MB)
I: SystemObliviousTransfer::next
I: SendConstant::next
D: SystemInterface: time after state::next: 4716.724121 ms
I: SystemObliviousTransfer::next
I: RecvPublicKey::next
D: SystemInterface: time after state::next: 4716.764160 ms
I: SystemObliviousTransfer::next
I: EncryptMessages::next
D: SystemInterface: time after state::next: 4721.153320 ms
D: message: resuming OT timer...
D: message: pausing OT timer...
D:  sending message (size 0.002307 MB)
I: SystemObliviousTransfer::next
I: SendEncryptedMessages::next
D: SystemInterface: time after state::next: 4721.170898 ms
I: SystemObliviousTransfer::next
I: SenderDone::next
D: SystemInterface: time after state::next: 4721.179688 ms
I: SystemObliviousTransfer::next
D: SystemInterface: time after state::next: 4721.187012 ms
I: SystemObliviousTransfer::next
I: InitSender::next
D: SystemInterface: time after state::next: 4721.193359 ms
I: SystemObliviousTransfer::next
I: GenerateConstant::next
D: SystemInterface: time after state::next: 4722.709473 ms
D: message: resuming OT timer...
D: message: pausing OT timer...
D:  sending message (size 0.000384 MB)
I: SystemObliviousTransfer::next
I: SendConstant::next
D: SystemInterface: time after state::next: 4722.727051 ms
I: SystemObliviousTransfer::next
I: RecvPublicKey::next
D: SystemInterface: time after state::next: 4722.766602 ms
I: SystemObliviousTransfer::next
I: EncryptMessages::next
D: SystemInterface: time after state::next: 4727.133789 ms
D: message: resuming OT timer...
D: message: pausing OT timer...
D:  sending message (size 0.002307 MB)
I: SystemObliviousTransfer::next
I: SendEncryptedMessages::next
D: SystemInterface: time after state::next: 4727.156738 ms
I: SystemObliviousTransfer::next
I: SenderDone::next
D: SystemInterface: time after state::next: 4727.168945 ms
I: SystemObliviousTransfer::next
D: SystemInterface: time after state::next: 4727.180664 ms
I: SystemObliviousTransfer::next
I: InitSender::next
D: SystemInterface: time after state::next: 4727.190430 ms
I: SystemObliviousTransfer::next
I: GenerateConstant::next
D: SystemInterface: time after state::next: 4730.636230 ms
D: message: resuming OT timer...
D: message: pausing OT timer...
D:  sending message (size 0.000384 MB)
I: SystemObliviousTransfer::next
I: SendConstant::next
D: SystemInterface: time after state::next: 4730.659668 ms
I: SystemObliviousTransfer::next
I: RecvPublicKey::next
D: SystemInterface: time after state::next: 4730.729492 ms
I: SystemObliviousTransfer::next
I: EncryptMessages::next
D: SystemInterface: time after state::next: 4740.117188 ms
D: message: resuming OT timer...
D: message: pausing OT timer...
D:  sending message (size 0.002307 MB)
I: SystemObliviousTransfer::next
I: SendEncryptedMessages::next
D: SystemInterface: time after state::next: 4740.139160 ms
I: SystemObliviousTransfer::next
I: SenderDone::next
D: SystemInterface: time after state::next: 4740.146973 ms
I: SystemObliviousTransfer::next
D: SystemInterface: time after state::next: 4740.154785 ms
I: SystemObliviousTransfer::next
I: InitSender::next
D: SystemInterface: time after state::next: 4740.161133 ms
I: SystemObliviousTransfer::next
I: GenerateConstant::next
D: SystemInterface: time after state::next: 4741.609863 ms
D: message: resuming OT timer...
D: message: pausing OT timer...
D:  sending message (size 0.000384 MB)
I: SystemObliviousTransfer::next
I: SendConstant::next
D: SystemInterface: time after state::next: 4741.626465 ms
I: SystemObliviousTransfer::next
I: RecvPublicKey::next
D: SystemInterface: time after state::next: 4741.664062 ms
I: SystemObliviousTransfer::next
I: EncryptMessages::next
D: SystemInterface: time after state::next: 4745.904297 ms
D: message: resuming OT timer...
D: message: pausing OT timer...
D:  sending message (size 0.002307 MB)
I: SystemObliviousTransfer::next
I: SendEncryptedMessages::next
D: SystemInterface: time after state::next: 4745.921875 ms
I: SystemObliviousTransfer::next
I: SenderDone::next
D: SystemInterface: time after state::next: 4745.929688 ms
I: SystemObliviousTransfer::next
D: SystemInterface: time after state::next: 4745.937012 ms
I: SystemObliviousTransfer::next
I: InitSender::next
D: SystemInterface: time after state::next: 4745.943359 ms
I: SystemObliviousTransfer::next
I: GenerateConstant::next
D: SystemInterface: time after state::next: 4747.392578 ms
D: message: resuming OT timer...
D: message: pausing OT timer...
D:  sending message (size 0.000384 MB)
I: SystemObliviousTransfer::next
I: SendConstant::next
D: SystemInterface: time after state::next: 4747.409668 ms
I: SystemObliviousTransfer::next
I: RecvPublicKey::next
D: SystemInterface: time after state::next: 4747.447754 ms
I: SystemObliviousTransfer::next
I: EncryptMessages::next
D: SystemInterface: time after state::next: 4751.681641 ms
D: message: resuming OT timer...
D: message: pausing OT timer...
D:  sending message (size 0.002307 MB)
I: SystemObliviousTransfer::next
I: SendEncryptedMessages::next
D: SystemInterface: time after state::next: 4751.698242 ms
I: SystemObliviousTransfer::next
I: SenderDone::next
D: SystemInterface: time after state::next: 4751.706055 ms
I: SystemObliviousTransfer::next
D: SystemInterface: time after state::next: 4751.713379 ms
I: SystemObliviousTransfer::next
I: InitSender::next
D: SystemInterface: time after state::next: 4751.719238 ms
I: SystemObliviousTransfer::next
I: GenerateConstant::next
D: SystemInterface: time after state::next: 4753.191406 ms
D: message: resuming OT timer...
D: message: pausing OT timer...
D:  sending message (size 0.000384 MB)
I: SystemObliviousTransfer::next
I: SendConstant::next
D: SystemInterface: time after state::next: 4753.214355 ms
I: SystemObliviousTransfer::next
I: RecvPublicKey::next
D: SystemInterface: time after state::next: 4753.248535 ms
I: SystemObliviousTransfer::next
I: EncryptMessages::next
D: SystemInterface: time after state::next: 4757.496094 ms
D: message: resuming OT timer...
D: message: pausing OT timer...
D:  sending message (size 0.002307 MB)
I: SystemObliviousTransfer::next
I: SendEncryptedMessages::next
D: SystemInterface: time after state::next: 4757.513672 ms
I: SystemObliviousTransfer::next
I: SenderDone::next
D: SystemInterface: time after state::next: 4757.521973 ms
I: SystemObliviousTransfer::next
D: SystemInterface: time after state::next: 4757.528809 ms
I: SystemObliviousTransfer::next
I: InitSender::next
D: SystemInterface: time after state::next: 4757.535156 ms
I: SystemObliviousTransfer::next
I: GenerateConstant::next
D: SystemInterface: time after state::next: 4759.007324 ms
D: message: resuming OT timer...
D: message: pausing OT timer...
D:  sending message (size 0.000384 MB)
I: SystemObliviousTransfer::next
I: SendConstant::next
D: SystemInterface: time after state::next: 4759.024414 ms
I: SystemObliviousTransfer::next
I: RecvPublicKey::next
D: SystemInterface: time after state::next: 4759.060059 ms
I: SystemObliviousTransfer::next
I: EncryptMessages::next
D: SystemInterface: time after state::next: 4763.314453 ms
D: message: resuming OT timer...
D: message: pausing OT timer...
D:  sending message (size 0.002307 MB)
I: SystemObliviousTransfer::next
I: SendEncryptedMessages::next
D: SystemInterface: time after state::next: 4763.332031 ms
I: SystemObliviousTransfer::next
I: SenderDone::next
D: SystemInterface: time after state::next: 4763.340332 ms
I: SystemObliviousTransfer::next
D: SystemInterface: time after state::next: 4763.347168 ms
I: SystemObliviousTransfer::next
I: InitSender::next
D: SystemInterface: time after state::next: 4763.353516 ms
I: SystemObliviousTransfer::next
I: GenerateConstant::next
D: SystemInterface: time after state::next: 4764.852539 ms
D: message: resuming OT timer...
D: message: pausing OT timer...
D:  sending message (size 0.000384 MB)
I: SystemObliviousTransfer::next
I: SendConstant::next
D: SystemInterface: time after state::next: 4764.869629 ms
I: SystemObliviousTransfer::next
I: RecvPublicKey::next
D: SystemInterface: time after state::next: 4764.905762 ms
I: SystemObliviousTransfer::next
I: EncryptMessages::next
D: SystemInterface: time after state::next: 4769.186523 ms
D: message: resuming OT timer...
D: message: pausing OT timer...
D:  sending message (size 0.002307 MB)
I: SystemObliviousTransfer::next
I: SendEncryptedMessages::next
D: SystemInterface: time after state::next: 4769.204102 ms
I: SystemObliviousTransfer::next
I: SenderDone::next
D: SystemInterface: time after state::next: 4769.211914 ms
I: SystemObliviousTransfer::next
D: SystemInterface: time after state::next: 4769.219238 ms
I: SystemObliviousTransfer::next
I: InitSender::next
D: SystemInterface: time after state::next: 4769.225586 ms
I: SystemObliviousTransfer::next
I: GenerateConstant::next
D: SystemInterface: time after state::next: 4770.690918 ms
D: message: resuming OT timer...
D: message: pausing OT timer...
D:  sending message (size 0.000384 MB)
I: SystemObliviousTransfer::next
I: SendConstant::next
D: SystemInterface: time after state::next: 4770.708008 ms
I: SystemObliviousTransfer::next
I: RecvPublicKey::next
D: SystemInterface: time after state::next: 4770.743652 ms
I: SystemObliviousTransfer::next
I: EncryptMessages::next
D: SystemInterface: time after state::next: 4774.996094 ms
D: message: resuming OT timer...
D: message: pausing OT timer...
D:  sending message (size 0.002307 MB)
I: SystemObliviousTransfer::next
I: SendEncryptedMessages::next
D: SystemInterface: time after state::next: 4775.013672 ms
I: SystemObliviousTransfer::next
I: SenderDone::next
D: SystemInterface: time after state::next: 4775.021973 ms
I: SystemObliviousTransfer::next
D: SystemInterface: time after state::next: 4775.028809 ms
I: SystemObliviousTransfer::next
I: InitSender::next
D: SystemInterface: time after state::next: 4775.035156 ms
I: SystemObliviousTransfer::next
I: GenerateConstant::next
D: SystemInterface: time after state::next: 4776.499512 ms
D: message: resuming OT timer...
D: message: pausing OT timer...
D:  sending message (size 0.000384 MB)
I: SystemObliviousTransfer::next
I: SendConstant::next
D: SystemInterface: time after state::next: 4776.516602 ms
I: SystemObliviousTransfer::next
I: RecvPublicKey::next
D: SystemInterface: time after state::next: 4776.551758 ms
I: SystemObliviousTransfer::next
I: EncryptMessages::next
D: SystemInterface: time after state::next: 4780.796875 ms
D: message: resuming OT timer...
D: message: pausing OT timer...
D:  sending message (size 0.002307 MB)
I: SystemObliviousTransfer::next
I: SendEncryptedMessages::next
D: SystemInterface: time after state::next: 4780.813965 ms
I: SystemObliviousTransfer::next
I: SenderDone::next
D: SystemInterface: time after state::next: 4780.834961 ms
I: SystemObliviousTransfer::next
D: SystemInterface: time after state::next: 4780.842285 ms
I: SystemObliviousTransfer::next
I: InitSender::next
D: SystemInterface: time after state::next: 4780.848633 ms
I: SystemObliviousTransfer::next
I: GenerateConstant::next
D: SystemInterface: time after state::next: 4782.312988 ms
D: message: resuming OT timer...
D: message: pausing OT timer...
D:  sending message (size 0.000384 MB)
I: SystemObliviousTransfer::next
I: SendConstant::next
D: SystemInterface: time after state::next: 4782.330078 ms
I: SystemObliviousTransfer::next
I: RecvPublicKey::next
D: SystemInterface: time after state::next: 4782.365234 ms
I: SystemObliviousTransfer::next
I: EncryptMessages::next
D: SystemInterface: time after state::next: 4786.619629 ms
D: message: resuming OT timer...
D: message: pausing OT timer...
D:  sending message (size 0.002306 MB)
I: SystemObliviousTransfer::next
I: SendEncryptedMessages::next
D: SystemInterface: time after state::next: 4786.640625 ms
I: SystemObliviousTransfer::next
I: SenderDone::next
D: SystemInterface: time after state::next: 4786.648926 ms
I: SystemObliviousTransfer::next
D: SystemInterface: time after state::next: 4786.656250 ms
I: SystemObliviousTransfer::next
I: InitSender::next
D: SystemInterface: time after state::next: 4786.662109 ms
I: SystemObliviousTransfer::next
I: GenerateConstant::next
D: SystemInterface: time after state::next: 4788.115234 ms
D: message: resuming OT timer...
D: message: pausing OT timer...
D:  sending message (size 0.000384 MB)
I: SystemObliviousTransfer::next
I: SendConstant::next
D: SystemInterface: time after state::next: 4788.131836 ms
I: SystemObliviousTransfer::next
I: RecvPublicKey::next
D: SystemInterface: time after state::next: 4788.167480 ms
I: SystemObliviousTransfer::next
I: EncryptMessages::next
D: SystemInterface: time after state::next: 4792.396973 ms
D: message: resuming OT timer...
D: message: pausing OT timer...
D:  sending message (size 0.002307 MB)
I: SystemObliviousTransfer::next
I: SendEncryptedMessages::next
D: SystemInterface: time after state::next: 4792.416504 ms
I: SystemObliviousTransfer::next
I: SenderDone::next
D: SystemInterface: time after state::next: 4792.424805 ms
I: SystemObliviousTransfer::next
D: SystemInterface: time after state::next: 4792.432129 ms
I: SystemObliviousTransfer::next
I: InitSender::next
D: SystemInterface: time after state::next: 4792.437988 ms
I: SystemObliviousTransfer::next
I: GenerateConstant::next
D: SystemInterface: time after state::next: 4793.884766 ms
D: message: resuming OT timer...
D: message: pausing OT timer...
D:  sending message (size 0.000384 MB)
I: SystemObliviousTransfer::next
I: SendConstant::next
D: SystemInterface: time after state::next: 4793.901367 ms
I: SystemObliviousTransfer::next
I: RecvPublicKey::next
D: SystemInterface: time after state::next: 4793.937500 ms
I: SystemObliviousTransfer::next
I: EncryptMessages::next
D: SystemInterface: time after state::next: 4798.179688 ms
D: message: resuming OT timer...
D: message: pausing OT timer...
D:  sending message (size 0.002307 MB)
I: SystemObliviousTransfer::next
I: SendEncryptedMessages::next
D: SystemInterface: time after state::next: 4798.196777 ms
I: SystemObliviousTransfer::next
I: SenderDone::next
D: SystemInterface: time after state::next: 4798.205078 ms
I: SystemObliviousTransfer::next
D: SystemInterface: time after state::next: 4798.211914 ms
I: SystemObliviousTransfer::next
I: InitSender::next
D: SystemInterface: time after state::next: 4798.218262 ms
I: SystemObliviousTransfer::next
I: GenerateConstant::next
D: SystemInterface: time after state::next: 4799.669434 ms
D: message: resuming OT timer...
D: message: pausing OT timer...
D:  sending message (size 0.000384 MB)
I: SystemObliviousTransfer::next
I: SendConstant::next
D: SystemInterface: time after state::next: 4799.686523 ms
I: SystemObliviousTransfer::next
I: RecvPublicKey::next
D: SystemInterface: time after state::next: 4799.728027 ms
I: SystemObliviousTransfer::next
I: EncryptMessages::next
D: SystemInterface: time after state::next: 4803.990234 ms
D: message: resuming OT timer...
D: message: pausing OT timer...
D:  sending message (size 0.002307 MB)
I: SystemObliviousTransfer::next
I: SendEncryptedMessages::next
D: SystemInterface: time after state::next: 4804.007812 ms
I: SystemObliviousTransfer::next
I: SenderDone::next
D: SystemInterface: time after state::next: 4804.016113 ms
I: SystemObliviousTransfer::next
D: SystemInterface: time after state::next: 4804.022949 ms
I: SystemObliviousTransfer::next
I: InitSender::next
D: SystemInterface: time after state::next: 4804.029297 ms
I: SystemObliviousTransfer::next
I: GenerateConstant::next
D: SystemInterface: time after state::next: 4805.483398 ms
D: message: resuming OT timer...
D: message: pausing OT timer...
D:  sending message (size 0.000384 MB)
I: SystemObliviousTransfer::next
I: SendConstant::next
D: SystemInterface: time after state::next: 4805.500488 ms
I: SystemObliviousTransfer::next
I: RecvPublicKey::next
D: SystemInterface: time after state::next: 4805.538086 ms
I: SystemObliviousTransfer::next
I: EncryptMessages::next
D: SystemInterface: time after state::next: 4809.791992 ms
D: message: resuming OT timer...
D: message: pausing OT timer...
D:  sending message (size 0.002307 MB)
I: SystemObliviousTransfer::next
I: SendEncryptedMessages::next
D: SystemInterface: time after state::next: 4809.809570 ms
I: SystemObliviousTransfer::next
I: SenderDone::next
D: SystemInterface: time after state::next: 4809.817871 ms
I: SystemObliviousTransfer::next
D: SystemInterface: time after state::next: 4809.824707 ms
I: SystemObliviousTransfer::next
I: InitSender::next
D: SystemInterface: time after state::next: 4809.831055 ms
I: SystemObliviousTransfer::next
I: GenerateConstant::next
D: SystemInterface: time after state::next: 4811.283203 ms
D: message: resuming OT timer...
D: message: pausing OT timer...
D:  sending message (size 0.000384 MB)
I: SystemObliviousTransfer::next
I: SendConstant::next
D: SystemInterface: time after state::next: 4811.300293 ms
I: SystemObliviousTransfer::next
I: RecvPublicKey::next
D: SystemInterface: time after state::next: 4811.338379 ms
I: SystemObliviousTransfer::next
I: EncryptMessages::next
D: SystemInterface: time after state::next: 4815.582520 ms
D: message: resuming OT timer...
D: message: pausing OT timer...
D:  sending message (size 0.002307 MB)
I: SystemObliviousTransfer::next
I: SendEncryptedMessages::next
D: SystemInterface: time after state::next: 4815.600098 ms
I: SystemObliviousTransfer::next
I: SenderDone::next
D: SystemInterface: time after state::next: 4815.608398 ms
I: SystemObliviousTransfer::next
D: SystemInterface: time after state::next: 4815.615234 ms
I: SystemObliviousTransfer::next
I: InitSender::next
D: SystemInterface: time after state::next: 4815.621094 ms
I: SystemObliviousTransfer::next
I: GenerateConstant::next
D: SystemInterface: time after state::next: 4817.066406 ms
D: message: resuming OT timer...
D: message: pausing OT timer...
D:  sending message (size 0.000384 MB)
I: SystemObliviousTransfer::next
I: SendConstant::next
D: SystemInterface: time after state::next: 4817.083496 ms
I: SystemObliviousTransfer::next
I: RecvPublicKey::next
D: SystemInterface: time after state::next: 4817.121094 ms
I: SystemObliviousTransfer::next
I: EncryptMessages::next
D: SystemInterface: time after state::next: 4821.358887 ms
D: message: resuming OT timer...
D: message: pausing OT timer...
D:  sending message (size 0.002307 MB)
I: SystemObliviousTransfer::next
I: SendEncryptedMessages::next
D: SystemInterface: time after state::next: 4821.376465 ms
I: SystemObliviousTransfer::next
I: SenderDone::next
D: SystemInterface: time after state::next: 4821.384277 ms
I: SystemObliviousTransfer::next
D: SystemInterface: time after state::next: 4821.391602 ms
I: SystemObliviousTransfer::next
I: InitSender::next
D: SystemInterface: time after state::next: 4821.397461 ms
I: SystemObliviousTransfer::next
I: GenerateConstant::next
D: SystemInterface: time after state::next: 4822.875488 ms
D: message: resuming OT timer...
D: message: pausing OT timer...
D:  sending message (size 0.000384 MB)
I: SystemObliviousTransfer::next
I: SendConstant::next
D: SystemInterface: time after state::next: 4822.894531 ms
I: SystemObliviousTransfer::next
I: RecvPublicKey::next
D: SystemInterface: time after state::next: 4822.936523 ms
I: SystemObliviousTransfer::next
I: EncryptMessages::next
D: SystemInterface: time after state::next: 4827.186035 ms
D: message: resuming OT timer...
D: message: pausing OT timer...
D:  sending message (size 0.002307 MB)
I: SystemObliviousTransfer::next
I: SendEncryptedMessages::next
D: SystemInterface: time after state::next: 4827.203125 ms
I: SystemObliviousTransfer::next
I: SenderDone::next
D: SystemInterface: time after state::next: 4827.211426 ms
I: SystemObliviousTransfer::next
D: SystemInterface: time after state::next: 4827.218750 ms
I: SystemObliviousTransfer::next
I: InitSender::next
D: SystemInterface: time after state::next: 4827.225098 ms
I: SystemObliviousTransfer::next
I: GenerateConstant::next
D: SystemInterface: time after state::next: 4828.677246 ms
D: message: resuming OT timer...
D: message: pausing OT timer...
D:  sending message (size 0.000384 MB)
I: SystemObliviousTransfer::next
I: SendConstant::next
D: SystemInterface: time after state::next: 4828.694824 ms
I: SystemObliviousTransfer::next
I: RecvPublicKey::next
D: SystemInterface: time after state::next: 4828.732422 ms
I: SystemObliviousTransfer::next
I: EncryptMessages::next
D: SystemInterface: time after state::next: 4832.967773 ms
D: message: resuming OT timer...
D: message: pausing OT timer...
D:  sending message (size 0.002307 MB)
I: SystemObliviousTransfer::next
I: SendEncryptedMessages::next
D: SystemInterface: time after state::next: 4832.985352 ms
I: SystemObliviousTransfer::next
I: SenderDone::next
D: SystemInterface: time after state::next: 4832.993164 ms
I: SystemObliviousTransfer::next
D: SystemInterface: time after state::next: 4833.000488 ms
I: SystemObliviousTransfer::next
I: InitSender::next
D: SystemInterface: time after state::next: 4833.006348 ms
I: SystemObliviousTransfer::next
I: GenerateConstant::next
D: SystemInterface: time after state::next: 4834.468262 ms
D: message: resuming OT timer...
D: message: pausing OT timer...
D:  sending message (size 0.000384 MB)
I: SystemObliviousTransfer::next
I: SendConstant::next
D: SystemInterface: time after state::next: 4834.488281 ms
I: SystemObliviousTransfer::next
I: RecvPublicKey::next
D: SystemInterface: time after state::next: 4834.523926 ms
I: SystemObliviousTransfer::next
I: EncryptMessages::next
D: SystemInterface: time after state::next: 4838.765625 ms
D: message: resuming OT timer...
D: message: pausing OT timer...
D:  sending message (size 0.002307 MB)
I: SystemObliviousTransfer::next
I: SendEncryptedMessages::next
D: SystemInterface: time after state::next: 4838.782715 ms
I: SystemObliviousTransfer::next
I: SenderDone::next
D: SystemInterface: time after state::next: 4838.791016 ms
I: SystemObliviousTransfer::next
D: SystemInterface: time after state::next: 4838.798340 ms
I: SystemObliviousTransfer::next
I: InitSender::next
D: SystemInterface: time after state::next: 4838.804199 ms
I: SystemObliviousTransfer::next
I: GenerateConstant::next
D: SystemInterface: time after state::next: 4840.254883 ms
D: message: resuming OT timer...
D: message: pausing OT timer...
D:  sending message (size 0.000384 MB)
I: SystemObliviousTransfer::next
I: SendConstant::next
D: SystemInterface: time after state::next: 4840.273926 ms
I: SystemObliviousTransfer::next
I: RecvPublicKey::next
D: SystemInterface: time after state::next: 4840.310059 ms
I: SystemObliviousTransfer::next
I: EncryptMessages::next
D: SystemInterface: time after state::next: 4844.556152 ms
D: message: resuming OT timer...
D: message: pausing OT timer...
D:  sending message (size 0.002307 MB)
I: SystemObliviousTransfer::next
I: SendEncryptedMessages::next
D: SystemInterface: time after state::next: 4844.573242 ms
I: SystemObliviousTransfer::next
I: SenderDone::next
D: SystemInterface: time after state::next: 4844.592285 ms
I: SystemObliviousTransfer::next
D: SystemInterface: time after state::next: 4844.599609 ms
I: SystemObliviousTransfer::next
I: InitSender::next
D: SystemInterface: time after state::next: 4844.605469 ms
I: SystemObliviousTransfer::next
I: GenerateConstant::next
D: SystemInterface: time after state::next: 4846.061523 ms
D: message: resuming OT timer...
D: message: pausing OT timer...
D:  sending message (size 0.000384 MB)
I: SystemObliviousTransfer::next
I: SendConstant::next
D: SystemInterface: time after state::next: 4846.080566 ms
I: SystemObliviousTransfer::next
I: RecvPublicKey::next
D: SystemInterface: time after state::next: 4846.116699 ms
I: SystemObliviousTransfer::next
I: EncryptMessages::next
D: SystemInterface: time after state::next: 4850.358398 ms
D: message: resuming OT timer...
D: message: pausing OT timer...
D:  sending message (size 0.002307 MB)
I: SystemObliviousTransfer::next
I: SendEncryptedMessages::next
D: SystemInterface: time after state::next: 4850.375488 ms
I: SystemObliviousTransfer::next
I: SenderDone::next
D: SystemInterface: time after state::next: 4850.383789 ms
I: SystemObliviousTransfer::next
D: SystemInterface: time after state::next: 4850.390625 ms
I: SystemObliviousTransfer::next
I: InitSender::next
D: SystemInterface: time after state::next: 4850.396973 ms
I: SystemObliviousTransfer::next
I: GenerateConstant::next
D: SystemInterface: time after state::next: 4851.851562 ms
D: message: resuming OT timer...
D: message: pausing OT timer...
D:  sending message (size 0.000384 MB)
I: SystemObliviousTransfer::next
I: SendConstant::next
D: SystemInterface: time after state::next: 4851.868652 ms
I: SystemObliviousTransfer::next
I: RecvPublicKey::next
D: SystemInterface: time after state::next: 4851.904297 ms
I: SystemObliviousTransfer::next
I: EncryptMessages::next
D: SystemInterface: time after state::next: 4856.146484 ms
D: message: resuming OT timer...
D: message: pausing OT timer...
D:  sending message (size 0.002307 MB)
I: SystemObliviousTransfer::next
I: SendEncryptedMessages::next
D: SystemInterface: time after state::next: 4856.163574 ms
I: SystemObliviousTransfer::next
I: SenderDone::next
D: SystemInterface: time after state::next: 4856.171387 ms
I: SystemObliviousTransfer::next
D: SystemInterface: time after state::next: 4856.178711 ms
I: SystemObliviousTransfer::next
I: InitSender::next
D: SystemInterface: time after state::next: 4856.184570 ms
I: SystemObliviousTransfer::next
I: GenerateConstant::next
D: SystemInterface: time after state::next: 4857.638184 ms
D: message: resuming OT timer...
D: message: pausing OT timer...
D:  sending message (size 0.000384 MB)
I: SystemObliviousTransfer::next
I: SendConstant::next
D: SystemInterface: time after state::next: 4857.654785 ms
I: SystemObliviousTransfer::next
I: RecvPublicKey::next
D: SystemInterface: time after state::next: 4857.689941 ms
I: SystemObliviousTransfer::next
I: EncryptMessages::next
D: SystemInterface: time after state::next: 4861.935547 ms
D: message: resuming OT timer...
D: message: pausing OT timer...
D:  sending message (size 0.002307 MB)
I: SystemObliviousTransfer::next
I: SendEncryptedMessages::next
D: SystemInterface: time after state::next: 4861.952637 ms
I: SystemObliviousTransfer::next
I: SenderDone::next
D: SystemInterface: time after state::next: 4861.960449 ms
I: SystemObliviousTransfer::next
D: SystemInterface: time after state::next: 4861.967773 ms
I: SystemObliviousTransfer::next
I: InitSender::next
D: SystemInterface: time after state::next: 4861.973633 ms
I: SystemObliviousTransfer::next
I: GenerateConstant::next
D: SystemInterface: time after state::next: 4863.430664 ms
D: message: resuming OT timer...
D: message: pausing OT timer...
D:  sending message (size 0.000384 MB)
I: SystemObliviousTransfer::next
I: SendConstant::next
D: SystemInterface: time after state::next: 4863.447754 ms
I: SystemObliviousTransfer::next
I: RecvPublicKey::next
D: SystemInterface: time after state::next: 4863.483398 ms
I: SystemObliviousTransfer::next
I: EncryptMessages::next
D: SystemInterface: time after state::next: 4867.738770 ms
D: message: resuming OT timer...
D: message: pausing OT timer...
D:  sending message (size 0.002307 MB)
I: SystemObliviousTransfer::next
I: SendEncryptedMessages::next
D: SystemInterface: time after state::next: 4867.756348 ms
I: SystemObliviousTransfer::next
I: SenderDone::next
D: SystemInterface: time after state::next: 4867.764160 ms
I: SystemObliviousTransfer::next
D: SystemInterface: time after state::next: 4867.771484 ms
I: SystemObliviousTransfer::next
I: InitSender::next
D: SystemInterface: time after state::next: 4867.777832 ms
I: SystemObliviousTransfer::next
I: GenerateConstant::next
D: SystemInterface: time after state::next: 4869.233887 ms
D: message: resuming OT timer...
D: message: pausing OT timer...
D:  sending message (size 0.000384 MB)
I: SystemObliviousTransfer::next
I: SendConstant::next
D: SystemInterface: time after state::next: 4869.250488 ms
I: SystemObliviousTransfer::next
I: RecvPublicKey::next
D: SystemInterface: time after state::next: 4869.286133 ms
I: SystemObliviousTransfer::next
I: EncryptMessages::next
D: SystemInterface: time after state::next: 4873.534668 ms
D: message: resuming OT timer...
D: message: pausing OT timer...
D:  sending message (size 0.002307 MB)
I: SystemObliviousTransfer::next
I: SendEncryptedMessages::next
D: SystemInterface: time after state::next: 4873.553711 ms
I: SystemObliviousTransfer::next
I: SenderDone::next
D: SystemInterface: time after state::next: 4873.562012 ms
I: SystemObliviousTransfer::next
D: SystemInterface: time after state::next: 4873.568848 ms
I: SystemObliviousTransfer::next
I: InitSender::next
D: SystemInterface: time after state::next: 4873.574707 ms
I: SystemObliviousTransfer::next
I: GenerateConstant::next
D: SystemInterface: time after state::next: 4875.029785 ms
D: message: resuming OT timer...
D: message: pausing OT timer...
D:  sending message (size 0.000384 MB)
I: SystemObliviousTransfer::next
I: SendConstant::next
D: SystemInterface: time after state::next: 4875.046875 ms
I: SystemObliviousTransfer::next
I: RecvPublicKey::next
D: SystemInterface: time after state::next: 4875.082031 ms
I: SystemObliviousTransfer::next
I: EncryptMessages::next
D: SystemInterface: time after state::next: 4879.332031 ms
D: message: resuming OT timer...
D: message: pausing OT timer...
D:  sending message (size 0.002307 MB)
I: SystemObliviousTransfer::next
I: SendEncryptedMessages::next
D: SystemInterface: time after state::next: 4879.349121 ms
I: SystemObliviousTransfer::next
I: SenderDone::next
D: SystemInterface: time after state::next: 4879.356934 ms
I: SystemObliviousTransfer::next
D: SystemInterface: time after state::next: 4879.364258 ms
I: SystemObliviousTransfer::next
I: InitSender::next
D: SystemInterface: time after state::next: 4879.370117 ms
I: SystemObliviousTransfer::next
I: GenerateConstant::next
D: SystemInterface: time after state::next: 4880.823242 ms
D: message: resuming OT timer...
D: message: pausing OT timer...
D:  sending message (size 0.000384 MB)
I: SystemObliviousTransfer::next
I: SendConstant::next
D: SystemInterface: time after state::next: 4880.845215 ms
I: SystemObliviousTransfer::next
I: RecvPublicKey::next
D: SystemInterface: time after state::next: 4880.890625 ms
I: SystemObliviousTransfer::next
I: EncryptMessages::next
D: SystemInterface: time after state::next: 4889.779297 ms
D: message: resuming OT timer...
D: message: pausing OT timer...
D:  sending message (size 0.002307 MB)
I: SystemObliviousTransfer::next
I: SendEncryptedMessages::next
D: SystemInterface: time after state::next: 4889.798828 ms
I: SystemObliviousTransfer::next
I: SenderDone::next
D: SystemInterface: time after state::next: 4889.806641 ms
I: SystemObliviousTransfer::next
D: SystemInterface: time after state::next: 4889.813965 ms
I: SystemObliviousTransfer::next
I: InitSender::next
D: SystemInterface: time after state::next: 4889.819824 ms
I: SystemObliviousTransfer::next
I: GenerateConstant::next
D: SystemInterface: time after state::next: 4891.268066 ms
D: message: resuming OT timer...
D: message: pausing OT timer...
D:  sending message (size 0.000384 MB)
I: SystemObliviousTransfer::next
I: SendConstant::next
D: SystemInterface: time after state::next: 4891.284668 ms
I: SystemObliviousTransfer::next
I: RecvPublicKey::next
D: SystemInterface: time after state::next: 4891.323242 ms
I: SystemObliviousTransfer::next
I: EncryptMessages::next
D: SystemInterface: time after state::next: 4895.568359 ms
D: message: resuming OT timer...
D: message: pausing OT timer...
D:  sending message (size 0.002307 MB)
I: SystemObliviousTransfer::next
I: SendEncryptedMessages::next
D: SystemInterface: time after state::next: 4895.585449 ms
I: SystemObliviousTransfer::next
I: SenderDone::next
D: SystemInterface: time after state::next: 4895.593750 ms
I: SystemObliviousTransfer::next
D: SystemInterface: time after state::next: 4895.601074 ms
I: SystemObliviousTransfer::next
I: InitSender::next
D: SystemInterface: time after state::next: 4895.606934 ms
I: SystemObliviousTransfer::next
I: GenerateConstant::next
D: SystemInterface: time after state::next: 4897.062988 ms
D: message: resuming OT timer...
D: message: pausing OT timer...
D:  sending message (size 0.000384 MB)
I: SystemObliviousTransfer::next
I: SendConstant::next
D: SystemInterface: time after state::next: 4897.082031 ms
I: SystemObliviousTransfer::next
I: RecvPublicKey::next
D: SystemInterface: time after state::next: 4897.117676 ms
I: SystemObliviousTransfer::next
I: EncryptMessages::next
D: SystemInterface: time after state::next: 4901.367676 ms
D: message: resuming OT timer...
D: message: pausing OT timer...
D:  sending message (size 0.002307 MB)
I: SystemObliviousTransfer::next
I: SendEncryptedMessages::next
D: SystemInterface: time after state::next: 4901.385254 ms
I: SystemObliviousTransfer::next
I: SenderDone::next
D: SystemInterface: time after state::next: 4901.393066 ms
I: SystemObliviousTransfer::next
D: SystemInterface: time after state::next: 4901.400391 ms
I: SystemObliviousTransfer::next
I: InitSender::next
D: SystemInterface: time after state::next: 4901.406738 ms
I: SystemObliviousTransfer::next
I: GenerateConstant::next
D: SystemInterface: time after state::next: 4902.859863 ms
D: message: resuming OT timer...
D: message: pausing OT timer...
D:  sending message (size 0.000384 MB)
I: SystemObliviousTransfer::next
I: SendConstant::next
D: SystemInterface: time after state::next: 4902.878906 ms
I: SystemObliviousTransfer::next
I: RecvPublicKey::next
D: SystemInterface: time after state::next: 4902.914551 ms
I: SystemObliviousTransfer::next
I: EncryptMessages::next
D: SystemInterface: time after state::next: 4907.162598 ms
D: message: resuming OT timer...
D: message: pausing OT timer...
D:  sending message (size 0.002307 MB)
I: SystemObliviousTransfer::next
I: SendEncryptedMessages::next
D: SystemInterface: time after state::next: 4907.180176 ms
I: SystemObliviousTransfer::next
I: SenderDone::next
D: SystemInterface: time after state::next: 4907.188965 ms
I: SystemObliviousTransfer::next
D: SystemInterface: time after state::next: 4907.195801 ms
I: SystemObliviousTransfer::next
I: InitSender::next
D: SystemInterface: time after state::next: 4907.201660 ms
I: SystemObliviousTransfer::next
I: GenerateConstant::next
D: SystemInterface: time after state::next: 4908.671387 ms
D: message: resuming OT timer...
D: message: pausing OT timer...
D:  sending message (size 0.000384 MB)
I: SystemObliviousTransfer::next
I: SendConstant::next
D: SystemInterface: time after state::next: 4908.687988 ms
I: SystemObliviousTransfer::next
I: RecvPublicKey::next
D: SystemInterface: time after state::next: 4908.723633 ms
I: SystemObliviousTransfer::next
I: EncryptMessages::next
D: SystemInterface: time after state::next: 4912.967773 ms
D: message: resuming OT timer...
D: message: pausing OT timer...
D:  sending message (size 0.002307 MB)
I: SystemObliviousTransfer::next
I: SendEncryptedMessages::next
D: SystemInterface: time after state::next: 4912.984863 ms
I: SystemObliviousTransfer::next
I: SenderDone::next
D: SystemInterface: time after state::next: 4912.992676 ms
I: SystemObliviousTransfer::next
D: SystemInterface: time after state::next: 4913.010254 ms
I: SystemObliviousTransfer::next
I: InitSender::next
D: SystemInterface: time after state::next: 4913.016602 ms
I: SystemObliviousTransfer::next
I: GenerateConstant::next
D: SystemInterface: time after state::next: 4914.482422 ms
D: message: resuming OT timer...
D: message: pausing OT timer...
D:  sending message (size 0.000384 MB)
I: SystemObliviousTransfer::next
I: SendConstant::next
D: SystemInterface: time after state::next: 4914.499512 ms
I: SystemObliviousTransfer::next
I: RecvPublicKey::next
D: SystemInterface: time after state::next: 4914.535645 ms
I: SystemObliviousTransfer::next
I: EncryptMessages::next
D: SystemInterface: time after state::next: 4918.783691 ms
D: message: resuming OT timer...
D: message: pausing OT timer...
D:  sending message (size 0.002307 MB)
I: SystemObliviousTransfer::next
I: SendEncryptedMessages::next
D: SystemInterface: time after state::next: 4918.801270 ms
I: SystemObliviousTransfer::next
I: SenderDone::next
D: SystemInterface: time after state::next: 4918.809082 ms
I: SystemObliviousTransfer::next
D: SystemInterface: time after state::next: 4918.816895 ms
I: SystemObliviousTransfer::next
I: InitSender::next
D: SystemInterface: time after state::next: 4918.823242 ms
I: SystemObliviousTransfer::next
I: GenerateConstant::next
D: SystemInterface: time after state::next: 4920.287598 ms
D: message: resuming OT timer...
D: message: pausing OT timer...
D:  sending message (size 0.000384 MB)
I: SystemObliviousTransfer::next
I: SendConstant::next
D: SystemInterface: time after state::next: 4920.304688 ms
I: SystemObliviousTransfer::next
I: RecvPublicKey::next
D: SystemInterface: time after state::next: 4920.340332 ms
I: SystemObliviousTransfer::next
I: EncryptMessages::next
D: SystemInterface: time after state::next: 4924.585449 ms
D: message: resuming OT timer...
D: message: pausing OT timer...
D:  sending message (size 0.002307 MB)
I: SystemObliviousTransfer::next
I: SendEncryptedMessages::next
D: SystemInterface: time after state::next: 4924.605469 ms
I: SystemObliviousTransfer::next
I: SenderDone::next
D: SystemInterface: time after state::next: 4924.613281 ms
I: SystemObliviousTransfer::next
D: SystemInterface: time after state::next: 4924.620605 ms
I: SystemObliviousTransfer::next
I: InitSender::next
D: SystemInterface: time after state::next: 4924.626465 ms
I: SystemObliviousTransfer::next
I: GenerateConstant::next
D: SystemInterface: time after state::next: 4926.079102 ms
D: message: resuming OT timer...
D: message: pausing OT timer...
D:  sending message (size 0.000384 MB)
I: SystemObliviousTransfer::next
I: SendConstant::next
D: SystemInterface: time after state::next: 4926.095703 ms
I: SystemObliviousTransfer::next
I: RecvPublicKey::next
D: SystemInterface: time after state::next: 4926.133789 ms
I: SystemObliviousTransfer::next
I: EncryptMessages::next
D: SystemInterface: time after state::next: 4930.386230 ms
D: message: resuming OT timer...
D: message: pausing OT timer...
D:  sending message (size 0.002306 MB)
I: SystemObliviousTransfer::next
I: SendEncryptedMessages::next
D: SystemInterface: time after state::next: 4930.407715 ms
I: SystemObliviousTransfer::next
I: SenderDone::next
D: SystemInterface: time after state::next: 4930.419434 ms
I: SystemObliviousTransfer::next
D: SystemInterface: time after state::next: 4930.430176 ms
I: SystemObliviousTransfer::next
I: ---- OT duration: 404.277100 ms
D: SystemInterface: time after state::next: 4930.439941 ms
I: RecvFlagBit::next
D: ==== round duration: 4930.479492 ms ====
D: SystemInterface: time after state::next: 0.003370 ms
I: UpdateSystem::next
D: SystemInterface: time after state::next: 0.014538 ms
I: SystemCopyMonitorStateLabels::next
D: SystemInterface: time after state::next: 2.162172 ms
I: GenerateGarbledGates::next
D: refilling hex generator buffer (took 2.250186 ms)
D: refilling hex generator buffer (took 2.234780 ms)
D: refilling hex generator buffer (took 2.289392 ms)
D: refilling hex generator buffer (took 2.249172 ms)
D: refilling hex generator buffer (took 2.173275 ms)
D: refilling hex generator buffer (took 2.197934 ms)
D: refilling hex generator buffer (took 2.229133 ms)
D: refilling hex generator buffer (took 2.232980 ms)
D: refilling hex generator buffer (took 2.168099 ms)
D: refilling hex generator buffer (took 2.113250 ms)
D: refilling hex generator buffer (took 2.113221 ms)
D: refilling hex generator buffer (took 2.111032 ms)
D: SystemInterface: time after state::next: 3959.431396 ms
D:  sending message (size 46.185392 MB)
I: SendGarbledGates::next
D: SystemInterface: time after state::next: 3959.493652 ms
D:  sending message (size 0.984320 MB)
I: SendSystemInputLabels::next
D: SystemInterface: time after state::next: 3959.535156 ms
D:  sending message (size 0.001538 MB)
I: SendFlagBitLabels::next
D: SystemInterface: time after state::next: 3959.560791 ms
I: RecvFlagBit::next
D: ==== round duration: 3959.613525 ms ====
D: SystemInterface: time after state::next: 0.003949 ms
I: UpdateSystem::next
D: SystemInterface: time after state::next: 0.010911 ms
I: SystemCopyMonitorStateLabels::next
D: SystemInterface: time after state::next: 1.607111 ms
I: GenerateGarbledGates::next
D: refilling hex generator buffer (took 2.102174 ms)
D: refilling hex generator buffer (took 2.057111 ms)
D: refilling hex generator buffer (took 2.071739 ms)
D: refilling hex generator buffer (took 2.015876 ms)
D: refilling hex generator buffer (took 2.024445 ms)
D: refilling hex generator buffer (took 2.048600 ms)
D: refilling hex generator buffer (took 2.046555 ms)
D: refilling hex generator buffer (took 2.049093 ms)
D: refilling hex generator buffer (took 2.093709 ms)
D: refilling hex generator buffer (took 2.078906 ms)
D: refilling hex generator buffer (took 2.130383 ms)
D: SystemInterface: time after state::next: 4067.564697 ms
D:  sending message (size 46.185392 MB)
I: SendGarbledGates::next
D: SystemInterface: time after state::next: 4067.691650 ms
D:  sending message (size 0.984320 MB)
I: SendSystemInputLabels::next
D: SystemInterface: time after state::next: 4067.731445 ms
D:  sending message (size 0.001538 MB)
I: SendFlagBitLabels::next
D: SystemInterface: time after state::next: 4067.769531 ms
I: RecvFlagBit::next
D: ==== round duration: 4067.817871 ms ====
D: SystemInterface: time after state::next: 0.003867 ms
I: SystemDone::next
D: SystemInterface: time after state::next: 0.015033 ms
