I: initializing safe primes...
I: using prime modulus 57896044618658097711785492504343953926634992332820282019728792003956565016447
I: received gate count 20618
I: InitSystem::next
D: SystemInterface: time after state::next: 0.034412 ms
I: RecvCircuit::next
D: ---- circuit parsing time: 6376.361816 ms
D: SystemInterface: time after state::next: 0.003193 ms
I: InitMonitorStateLabels::next
D: refilling hex generator buffer (took 1.916554 ms)
D: SystemInterface: time after state::next: 2.089241 ms
I: GenerateGarbledGates::next
D: refilling hex generator buffer (took 1.926232 ms)
D: refilling hex generator buffer (took 1.987220 ms)
D: SystemInterface: time after state::next: 1248.563721 ms
D:  sending message (size 12.700688 MB)
I: SendGarbledGates::next
D: SystemInterface: time after state::next: 1248.610962 ms
D:  sending message (size 0.247680 MB)
I: SendSystemInputLabels::next
D: SystemInterface: time after state::next: 1248.653442 ms
D:  sending message (size 0.000258 MB)
I: SendFlagBitLabels::next
D: ctor: starting OT timer...
D: ctor: pausing OT timer...
D: SystemInterface: time after state::next: 1248.682373 ms
I: SystemObliviousTransfer::next
I: InitSender::next
D: SystemInterface: time after state::next: 1248.728760 ms
I: SystemObliviousTransfer::next
I: GenerateConstant::next
D: SystemInterface: time after state::next: 1249.290649 ms
D: message: resuming OT timer...
D: message: pausing OT timer...
D:  sending message (size 0.000064 MB)
I: SystemObliviousTransfer::next
I: SendConstant::next
D: SystemInterface: time after state::next: 1249.322021 ms
I: SystemObliviousTransfer::next
I: RecvPublicKey::next
D: SystemInterface: time after state::next: 1249.346558 ms
I: SystemObliviousTransfer::next
I: EncryptMessages::next
D: SystemInterface: time after state::next: 1249.950439 ms
D: message: resuming OT timer...
D: message: pausing OT timer...
D:  sending message (size 0.000387 MB)
I: SystemObliviousTransfer::next
I: SendEncryptedMessages::next
D: SystemInterface: time after state::next: 1249.969482 ms
I: SystemObliviousTransfer::next
I: SenderDone::next
D: SystemInterface: time after state::next: 1249.977295 ms
I: SystemObliviousTransfer::next
D: SystemInterface: time after state::next: 1249.984375 ms
I: SystemObliviousTransfer::next
I: InitSender::next
D: SystemInterface: time after state::next: 1249.990112 ms
I: SystemObliviousTransfer::next
I: GenerateConstant::next
D: SystemInterface: time after state::next: 1250.537354 ms
D: message: resuming OT timer...
D: message: pausing OT timer...
D:  sending message (size 0.000064 MB)
I: SystemObliviousTransfer::next
I: SendConstant::next
D: SystemInterface: time after state::next: 1250.578613 ms
I: SystemObliviousTransfer::next
I: RecvPublicKey::next
D: SystemInterface: time after state::next: 1250.600952 ms
I: SystemObliviousTransfer::next
I: EncryptMessages::next
D: SystemInterface: time after state::next: 1251.198853 ms
D: message: resuming OT timer...
D: message: pausing OT timer...
D:  sending message (size 0.000386 MB)
I: SystemObliviousTransfer::next
I: SendEncryptedMessages::next
D: SystemInterface: time after state::next: 1251.222412 ms
I: SystemObliviousTransfer::next
I: SenderDone::next
D: SystemInterface: time after state::next: 1251.234131 ms
I: SystemObliviousTransfer::next
D: SystemInterface: time after state::next: 1251.245361 ms
I: SystemObliviousTransfer::next
I: InitSender::next
D: SystemInterface: time after state::next: 1251.255005 ms
I: SystemObliviousTransfer::next
I: GenerateConstant::next
D: SystemInterface: time after state::next: 1252.478271 ms
D: message: resuming OT timer...
D: message: pausing OT timer...
D:  sending message (size 0.000064 MB)
I: SystemObliviousTransfer::next
I: SendConstant::next
D: SystemInterface: time after state::next: 1252.501099 ms
I: SystemObliviousTransfer::next
I: RecvPublicKey::next
D: SystemInterface: time after state::next: 1252.525879 ms
I: SystemObliviousTransfer::next
I: EncryptMessages::next
D: SystemInterface: time after state::next: 1253.829956 ms
D: message: resuming OT timer...
D: message: pausing OT timer...
D:  sending message (size 0.000387 MB)
I: SystemObliviousTransfer::next
I: SendEncryptedMessages::next
D: SystemInterface: time after state::next: 1253.848389 ms
I: SystemObliviousTransfer::next
I: SenderDone::next
D: SystemInterface: time after state::next: 1253.859497 ms
I: SystemObliviousTransfer::next
D: SystemInterface: time after state::next: 1253.870483 ms
I: SystemObliviousTransfer::next
I: InitSender::next
D: SystemInterface: time after state::next: 1253.880005 ms
I: SystemObliviousTransfer::next
I: GenerateConstant::next
D: SystemInterface: time after state::next: 1255.098999 ms
D: message: resuming OT timer...
D: message: pausing OT timer...
D:  sending message (size 0.000064 MB)
I: SystemObliviousTransfer::next
I: SendConstant::next
D: SystemInterface: time after state::next: 1255.120117 ms
I: SystemObliviousTransfer::next
I: RecvPublicKey::next
D: SystemInterface: time after state::next: 1255.145630 ms
I: SystemObliviousTransfer::next
I: EncryptMessages::next
D: SystemInterface: time after state::next: 1256.445068 ms
D: message: resuming OT timer...
D: message: pausing OT timer...
D:  sending message (size 0.000387 MB)
I: SystemObliviousTransfer::next
I: SendEncryptedMessages::next
D: SystemInterface: time after state::next: 1256.473511 ms
I: SystemObliviousTransfer::next
I: SenderDone::next
D: SystemInterface: time after state::next: 1256.485718 ms
I: SystemObliviousTransfer::next
D: SystemInterface: time after state::next: 1256.497437 ms
I: SystemObliviousTransfer::next
I: InitSender::next
D: SystemInterface: time after state::next: 1256.507202 ms
I: SystemObliviousTransfer::next
I: GenerateConstant::next
D: SystemInterface: time after state::next: 1257.729980 ms
D: message: resuming OT timer...
D: message: pausing OT timer...
D:  sending message (size 0.000064 MB)
I: SystemObliviousTransfer::next
I: SendConstant::next
D: SystemInterface: time after state::next: 1257.749634 ms
I: SystemObliviousTransfer::next
I: RecvPublicKey::next
D: SystemInterface: time after state::next: 1257.786865 ms
I: SystemObliviousTransfer::next
I: EncryptMessages::next
D: SystemInterface: time after state::next: 1259.089844 ms
D: message: resuming OT timer...
D: message: pausing OT timer...
D:  sending message (size 0.000387 MB)
I: SystemObliviousTransfer::next
I: SendEncryptedMessages::next
D: SystemInterface: time after state::next: 1259.119141 ms
I: SystemObliviousTransfer::next
I: SenderDone::next
D: SystemInterface: time after state::next: 1259.131958 ms
I: SystemObliviousTransfer::next
D: SystemInterface: time after state::next: 1259.144287 ms
I: SystemObliviousTransfer::next
I: InitSender::next
D: SystemInterface: time after state::next: 1259.154053 ms
I: SystemObliviousTransfer::next
I: GenerateConstant::next
D: SystemInterface: time after state::next: 1260.377563 ms
D: message: resuming OT timer...
D: message: pausing OT timer...
D:  sending message (size 0.000064 MB)
I: SystemObliviousTransfer::next
I: SendConstant::next
D: SystemInterface: time after state::next: 1260.406982 ms
I: SystemObliviousTransfer::next
I: RecvPublicKey::next
D: SystemInterface: time after state::next: 1260.445068 ms
I: SystemObliviousTransfer::next
I: EncryptMessages::next
D: SystemInterface: time after state::next: 1261.846924 ms
D: message: resuming OT timer...
D: message: pausing OT timer...
D:  sending message (size 0.000387 MB)
I: SystemObliviousTransfer::next
I: SendEncryptedMessages::next
D: SystemInterface: time after state::next: 1261.873779 ms
I: SystemObliviousTransfer::next
I: SenderDone::next
D: SystemInterface: time after state::next: 1261.886108 ms
I: SystemObliviousTransfer::next
D: SystemInterface: time after state::next: 1261.898193 ms
I: SystemObliviousTransfer::next
I: InitSender::next
D: SystemInterface: time after state::next: 1261.907715 ms
I: SystemObliviousTransfer::next
I: GenerateConstant::next
D: SystemInterface: time after state::next: 1263.130493 ms
D: message: resuming OT timer...
D: message: pausing OT timer...
D:  sending message (size 0.000064 MB)
I: SystemObliviousTransfer::next
I: SendConstant::next
D: SystemInterface: time after state::next: 1263.158813 ms
I: SystemObliviousTransfer::next
I: RecvPublicKey::next
D: SystemInterface: time after state::next: 1263.209961 ms
I: SystemObliviousTransfer::next
I: EncryptMessages::next
D: SystemInterface: time after state::next: 1264.518066 ms
D: message: resuming OT timer...
D: message: pausing OT timer...
D:  sending message (size 0.000387 MB)
I: SystemObliviousTransfer::next
I: SendEncryptedMessages::next
D: SystemInterface: time after state::next: 1264.544556 ms
I: SystemObliviousTransfer::next
I: SenderDone::next
D: SystemInterface: time after state::next: 1264.557251 ms
I: SystemObliviousTransfer::next
D: SystemInterface: time after state::next: 1264.569092 ms
I: SystemObliviousTransfer::next
I: InitSender::next
D: SystemInterface: time after state::next: 1264.578613 ms
I: SystemObliviousTransfer::next
I: GenerateConstant::next
D: SystemInterface: time after state::next: 1265.805176 ms
D: message: resuming OT timer...
D: message: pausing OT timer...
D:  sending message (size 0.000064 MB)
I: SystemObliviousTransfer::next
I: SendConstant::next
D: SystemInterface: time after state::next: 1265.833374 ms
I: SystemObliviousTransfer::next
I: RecvPublicKey::next
D: SystemInterface: time after state::next: 1265.868774 ms
I: SystemObliviousTransfer::next
I: EncryptMessages::next
D: SystemInterface: time after state::next: 1267.177002 ms
D: message: resuming OT timer...
D: message: pausing OT timer...
D:  sending message (size 0.000387 MB)
I: SystemObliviousTransfer::next
I: SendEncryptedMessages::next
D: SystemInterface: time after state::next: 1267.203857 ms
I: SystemObliviousTransfer::next
I: SenderDone::next
D: SystemInterface: time after state::next: 1267.216064 ms
I: SystemObliviousTransfer::next
D: SystemInterface: time after state::next: 1267.227783 ms
I: SystemObliviousTransfer::next
I: InitSender::next
D: SystemInterface: time after state::next: 1267.237305 ms
I: SystemObliviousTransfer::next
I: GenerateConstant::next
D: SystemInterface: time after state::next: 1268.460571 ms
D: message: resuming OT timer...
D: message: pausing OT timer...
D:  sending message (size 0.000064 MB)
I: SystemObliviousTransfer::next
I: SendConstant::next
D: SystemInterface: time after state::next: 1268.475220 ms
I: SystemObliviousTransfer::next
I: RecvPublicKey::next
D: SystemInterface: time after state::next: 1268.493896 ms
I: SystemObliviousTransfer::next
I: EncryptMessages::next
D: SystemInterface: time after state::next: 1269.785645 ms
D: message: resuming OT timer...
D: message: pausing OT timer...
D:  sending message (size 0.000387 MB)
I: SystemObliviousTransfer::next
I: SendEncryptedMessages::next
D: SystemInterface: time after state::next: 1269.813354 ms
I: SystemObliviousTransfer::next
I: SenderDone::next
D: SystemInterface: time after state::next: 1269.825562 ms
I: SystemObliviousTransfer::next
D: SystemInterface: time after state::next: 1269.837646 ms
I: SystemObliviousTransfer::next
I: InitSender::next
D: SystemInterface: time after state::next: 1269.846924 ms
I: SystemObliviousTransfer::next
I: GenerateConstant::next
D: SystemInterface: time after state::next: 1271.070068 ms
D: message: resuming OT timer...
D: message: pausing OT timer...
D:  sending message (size 0.000064 MB)
I: SystemObliviousTransfer::next
I: SendConstant::next
D: SystemInterface: time after state::next: 1271.098267 ms
I: SystemObliviousTransfer::next
I: RecvPublicKey::next
D: SystemInterface: time after state::next: 1271.133667 ms
I: SystemObliviousTransfer::next
I: EncryptMessages::next
D: SystemInterface: time after state::next: 1272.441162 ms
D: message: resuming OT timer...
D: message: pausing OT timer...
D:  sending message (size 0.000387 MB)
I: SystemObliviousTransfer::next
I: SendEncryptedMessages::next
D: SystemInterface: time after state::next: 1272.468018 ms
I: SystemObliviousTransfer::next
I: SenderDone::next
D: SystemInterface: time after state::next: 1272.479614 ms
I: SystemObliviousTransfer::next
D: SystemInterface: time after state::next: 1272.491943 ms
I: SystemObliviousTransfer::next
I: InitSender::next
D: SystemInterface: time after state::next: 1272.501221 ms
I: SystemObliviousTransfer::next
I: GenerateConstant::next
D: SystemInterface: time after state::next: 1273.740723 ms
D: message: resuming OT timer...
D: message: pausing OT timer...
D:  sending message (size 0.000064 MB)
I: SystemObliviousTransfer::next
I: SendConstant::next
D: SystemInterface: time after state::next: 1273.760620 ms
I: SystemObliviousTransfer::next
I: RecvPublicKey::next
D: SystemInterface: time after state::next: 1273.796387 ms
I: SystemObliviousTransfer::next
I: EncryptMessages::next
D: SystemInterface: time after state::next: 1275.104736 ms
D: message: resuming OT timer...
D: message: pausing OT timer...
D:  sending message (size 0.000386 MB)
I: SystemObliviousTransfer::next
I: SendEncryptedMessages::next
D: SystemInterface: time after state::next: 1275.131226 ms
I: SystemObliviousTransfer::next
I: SenderDone::next
D: SystemInterface: time after state::next: 1275.143188 ms
I: SystemObliviousTransfer::next
D: SystemInterface: time after state::next: 1275.155151 ms
I: SystemObliviousTransfer::next
I: InitSender::next
D: SystemInterface: time after state::next: 1275.164673 ms
I: SystemObliviousTransfer::next
I: GenerateConstant::next
D: SystemInterface: time after state::next: 1276.388550 ms
D: message: resuming OT timer...
D: message: pausing OT timer...
D:  sending message (size 0.000064 MB)
I: SystemObliviousTransfer::next
I: SendConstant::next
D: SystemInterface: time after state::next: 1276.406738 ms
I: SystemObliviousTransfer::next
I: RecvPublicKey::next
D: SystemInterface: time after state::next: 1276.443970 ms
I: SystemObliviousTransfer::next
I: EncryptMessages::next
D: SystemInterface: time after state::next: 1277.750977 ms
D: message: resuming OT timer...
D: message: pausing OT timer...
D:  sending message (size 0.000386 MB)
I: SystemObliviousTransfer::next
I: SendEncryptedMessages::next
D: SystemInterface: time after state::next: 1277.775391 ms
I: SystemObliviousTransfer::next
I: SenderDone::next
D: SystemInterface: time after state::next: 1277.787231 ms
I: SystemObliviousTransfer::next
D: SystemInterface: time after state::next: 1277.798706 ms
I: SystemObliviousTransfer::next
I: InitSender::next
D: SystemInterface: time after state::next: 1277.808350 ms
I: SystemObliviousTransfer::next
I: GenerateConstant::next
D: SystemInterface: time after state::next: 1279.030396 ms
D: message: resuming OT timer...
D: message: pausing OT timer...
D:  sending message (size 0.000064 MB)
I: SystemObliviousTransfer::next
I: SendConstant::next
D: SystemInterface: time after state::next: 1279.054565 ms
I: SystemObliviousTransfer::next
I: RecvPublicKey::next
D: SystemInterface: time after state::next: 1279.089966 ms
I: SystemObliviousTransfer::next
I: EncryptMessages::next
D: SystemInterface: time after state::next: 1279.838745 ms
D: message: resuming OT timer...
D: message: pausing OT timer...
D:  sending message (size 0.000387 MB)
I: SystemObliviousTransfer::next
I: SendEncryptedMessages::next
D: SystemInterface: time after state::next: 1279.857300 ms
I: SystemObliviousTransfer::next
I: SenderDone::next
D: SystemInterface: time after state::next: 1279.864746 ms
I: SystemObliviousTransfer::next
D: SystemInterface: time after state::next: 1279.872437 ms
I: SystemObliviousTransfer::next
I: InitSender::next
D: SystemInterface: time after state::next: 1279.878296 ms
I: SystemObliviousTransfer::next
I: GenerateConstant::next
D: SystemInterface: time after state::next: 1280.424927 ms
D: message: resuming OT timer...
D: message: pausing OT timer...
D:  sending message (size 0.000064 MB)
I: SystemObliviousTransfer::next
I: SendConstant::next
D: SystemInterface: time after state::next: 1280.445679 ms
I: SystemObliviousTransfer::next
I: RecvPublicKey::next
D: SystemInterface: time after state::next: 1280.470581 ms
I: SystemObliviousTransfer::next
I: EncryptMessages::next
D: SystemInterface: time after state::next: 1281.771851 ms
D: message: resuming OT timer...
D: message: pausing OT timer...
D:  sending message (size 0.000387 MB)
I: SystemObliviousTransfer::next
I: SendEncryptedMessages::next
D: SystemInterface: time after state::next: 1281.806152 ms
I: SystemObliviousTransfer::next
I: SenderDone::next
D: SystemInterface: time after state::next: 1281.817871 ms
I: SystemObliviousTransfer::next
D: SystemInterface: time after state::next: 1281.829224 ms
I: SystemObliviousTransfer::next
I: InitSender::next
D: SystemInterface: time after state::next: 1281.839478 ms
I: SystemObliviousTransfer::next
I: GenerateConstant::next
D: SystemInterface: time after state::next: 1283.059692 ms
D: message: resuming OT timer...
D: message: pausing OT timer...
D:  sending message (size 0.000064 MB)
I: SystemObliviousTransfer::next
I: SendConstant::next
D: SystemInterface: time after state::next: 1283.077148 ms
I: SystemObliviousTransfer::next
I: RecvPublicKey::next
D: SystemInterface: time after state::next: 1283.100952 ms
I: SystemObliviousTransfer::next
I: EncryptMessages::next
D: SystemInterface: time after state::next: 1284.397705 ms
D: message: resuming OT timer...
D: message: pausing OT timer...
D:  sending message (size 0.000387 MB)
I: SystemObliviousTransfer::next
I: SendEncryptedMessages::next
D: SystemInterface: time after state::next: 1284.415649 ms
I: SystemObliviousTransfer::next
I: SenderDone::next
D: SystemInterface: time after state::next: 1284.427368 ms
I: SystemObliviousTransfer::next
D: SystemInterface: time after state::next: 1284.438477 ms
I: SystemObliviousTransfer::next
I: InitSender::next
D: SystemInterface: time after state::next: 1284.448486 ms
I: SystemObliviousTransfer::next
I: GenerateConstant::next
D: SystemInterface: time after state::next: 1285.673828 ms
D: message: resuming OT timer...
D: message: pausing OT timer...
D:  sending message (size 0.000064 MB)
I: SystemObliviousTransfer::next
I: SendConstant::next
D: SystemInterface: time after state::next: 1285.691528 ms
I: SystemObliviousTransfer::next
I: RecvPublicKey::next
D: SystemInterface: time after state::next: 1285.715210 ms
I: SystemObliviousTransfer::next
I: EncryptMessages::next
D: SystemInterface: time after state::next: 1287.010132 ms
D: message: resuming OT timer...
D: message: pausing OT timer...
D:  sending message (size 0.000387 MB)
I: SystemObliviousTransfer::next
I: SendEncryptedMessages::next
D: SystemInterface: time after state::next: 1287.028076 ms
I: SystemObliviousTransfer::next
I: SenderDone::next
D: SystemInterface: time after state::next: 1287.039917 ms
I: SystemObliviousTransfer::next
D: SystemInterface: time after state::next: 1287.051025 ms
I: SystemObliviousTransfer::next
I: InitSender::next
D: SystemInterface: time after state::next: 1287.060913 ms
I: SystemObliviousTransfer::next
I: GenerateConstant::next
D: SystemInterface: time after state::next: 1288.221558 ms
D: message: resuming OT timer...
D: message: pausing OT timer...
D:  sending message (size 0.000064 MB)
I: SystemObliviousTransfer::next
I: SendConstant::next
D: SystemInterface: time after state::next: 1288.240112 ms
I: SystemObliviousTransfer::next
I: RecvPublicKey::next
D: SystemInterface: time after state::next: 1288.264038 ms
I: SystemObliviousTransfer::next
I: EncryptMessages::next
D: SystemInterface: time after state::next: 1289.619629 ms
D: message: resuming OT timer...
D: message: pausing OT timer...
D:  sending message (size 0.000387 MB)
I: SystemObliviousTransfer::next
I: SendEncryptedMessages::next
D: SystemInterface: time after state::next: 1289.637451 ms
I: SystemObliviousTransfer::next
I: SenderDone::next
D: SystemInterface: time after state::next: 1289.649048 ms
I: SystemObliviousTransfer::next
D: SystemInterface: time after state::next: 1289.660400 ms
I: SystemObliviousTransfer::next
I: InitSender::next
D: SystemInterface: time after state::next: 1289.670654 ms
I: SystemObliviousTransfer::next
I: GenerateConstant::next
D: SystemInterface: time after state::next: 1290.890259 ms
D: message: resuming OT timer...
D: message: pausing OT timer...
D:  sending message (size 0.000064 MB)
I: SystemObliviousTransfer::next
I: SendConstant::next
D: SystemInterface: time after state::next: 1290.910034 ms
I: SystemObliviousTransfer::next
I: RecvPublicKey::next
D: SystemInterface: time after state::next: 1290.944702 ms
I: SystemObliviousTransfer::next
I: EncryptMessages::next
D: SystemInterface: time after state::next: 1292.239502 ms
D: message: resuming OT timer...
D: message: pausing OT timer...
D:  sending message (size 0.000386 MB)
I: SystemObliviousTransfer::next
I: SendEncryptedMessages::next
D: SystemInterface: time after state::next: 1292.257324 ms
I: SystemObliviousTransfer::next
I: SenderDone::next
D: SystemInterface: time after state::next: 1292.268799 ms
I: SystemObliviousTransfer::next
D: SystemInterface: time after state::next: 1292.280151 ms
I: SystemObliviousTransfer::next
I: InitSender::next
D: SystemInterface: time after state::next: 1292.290283 ms
I: SystemObliviousTransfer::next
I: GenerateConstant::next
D: SystemInterface: time after state::next: 1293.510986 ms
D: message: resuming OT timer...
D: message: pausing OT timer...
D:  sending message (size 0.000064 MB)
I: SystemObliviousTransfer::next
I: SendConstant::next
D: SystemInterface: time after state::next: 1293.528320 ms
I: SystemObliviousTransfer::next
I: RecvPublicKey::next
D: SystemInterface: time after state::next: 1293.552368 ms
I: SystemObliviousTransfer::next
I: EncryptMessages::next
D: SystemInterface: time after state::next: 1294.852173 ms
D: message: resuming OT timer...
D: message: pausing OT timer...
D:  sending message (size 0.000386 MB)
I: SystemObliviousTransfer::next
I: SendEncryptedMessages::next
D: SystemInterface: time after state::next: 1294.869751 ms
I: SystemObliviousTransfer::next
I: SenderDone::next
D: SystemInterface: time after state::next: 1294.881348 ms
I: SystemObliviousTransfer::next
D: SystemInterface: time after state::next: 1294.892456 ms
I: SystemObliviousTransfer::next
I: InitSender::next
D: SystemInterface: time after state::next: 1294.902466 ms
I: SystemObliviousTransfer::next
I: GenerateConstant::next
D: SystemInterface: time after state::next: 1296.122803 ms
D: message: resuming OT timer...
D: message: pausing OT timer...
D:  sending message (size 0.000063 MB)
I: SystemObliviousTransfer::next
I: SendConstant::next
D: SystemInterface: time after state::next: 1296.140015 ms
I: SystemObliviousTransfer::next
I: RecvPublicKey::next
D: SystemInterface: time after state::next: 1296.159302 ms
I: SystemObliviousTransfer::next
I: EncryptMessages::next
D: SystemInterface: time after state::next: 1297.245972 ms
D: message: resuming OT timer...
D: message: pausing OT timer...
D:  sending message (size 0.000387 MB)
I: SystemObliviousTransfer::next
I: SendEncryptedMessages::next
D: SystemInterface: time after state::next: 1297.259399 ms
I: SystemObliviousTransfer::next
I: SenderDone::next
D: SystemInterface: time after state::next: 1297.268921 ms
I: SystemObliviousTransfer::next
D: SystemInterface: time after state::next: 1297.279175 ms
I: SystemObliviousTransfer::next
I: InitSender::next
D: SystemInterface: time after state::next: 1297.288452 ms
I: SystemObliviousTransfer::next
I: GenerateConstant::next
D: SystemInterface: time after state::next: 1298.423828 ms
D: message: resuming OT timer...
D: message: pausing OT timer...
D:  sending message (size 0.000064 MB)
I: SystemObliviousTransfer::next
I: SendConstant::next
D: SystemInterface: time after state::next: 1298.434570 ms
I: SystemObliviousTransfer::next
I: RecvPublicKey::next
D: SystemInterface: time after state::next: 1298.449219 ms
I: SystemObliviousTransfer::next
I: EncryptMessages::next
D: SystemInterface: time after state::next: 1299.650269 ms
D: message: resuming OT timer...
D: message: pausing OT timer...
D:  sending message (size 0.000387 MB)
I: SystemObliviousTransfer::next
I: SendEncryptedMessages::next
D: SystemInterface: time after state::next: 1299.661011 ms
I: SystemObliviousTransfer::next
I: SenderDone::next
D: SystemInterface: time after state::next: 1299.670288 ms
I: SystemObliviousTransfer::next
D: SystemInterface: time after state::next: 1299.680054 ms
I: SystemObliviousTransfer::next
I: InitSender::next
D: SystemInterface: time after state::next: 1299.689087 ms
I: SystemObliviousTransfer::next
I: GenerateConstant::next
D: SystemInterface: time after state::next: 1300.837891 ms
D: message: resuming OT timer...
D: message: pausing OT timer...
D:  sending message (size 0.000064 MB)
I: SystemObliviousTransfer::next
I: SendConstant::next
D: SystemInterface: time after state::next: 1300.848999 ms
I: SystemObliviousTransfer::next
I: RecvPublicKey::next
D: SystemInterface: time after state::next: 1300.864014 ms
I: SystemObliviousTransfer::next
I: EncryptMessages::next
D: SystemInterface: time after state::next: 1302.059814 ms
D: message: resuming OT timer...
D: message: pausing OT timer...
D:  sending message (size 0.000387 MB)
I: SystemObliviousTransfer::next
I: SendEncryptedMessages::next
D: SystemInterface: time after state::next: 1302.076416 ms
I: SystemObliviousTransfer::next
I: SenderDone::next
D: SystemInterface: time after state::next: 1302.087158 ms
I: SystemObliviousTransfer::next
D: SystemInterface: time after state::next: 1302.098022 ms
I: SystemObliviousTransfer::next
I: InitSender::next
D: SystemInterface: time after state::next: 1302.107544 ms
I: SystemObliviousTransfer::next
I: GenerateConstant::next
D: SystemInterface: time after state::next: 1303.138672 ms
D: message: resuming OT timer...
D: message: pausing OT timer...
D:  sending message (size 0.000064 MB)
I: SystemObliviousTransfer::next
I: SendConstant::next
D: SystemInterface: time after state::next: 1303.148193 ms
I: SystemObliviousTransfer::next
I: RecvPublicKey::next
D: SystemInterface: time after state::next: 1303.159546 ms
I: SystemObliviousTransfer::next
I: EncryptMessages::next
D: SystemInterface: time after state::next: 1303.744873 ms
D: message: resuming OT timer...
D: message: pausing OT timer...
D:  sending message (size 0.000385 MB)
I: SystemObliviousTransfer::next
I: SendEncryptedMessages::next
D: SystemInterface: time after state::next: 1303.751343 ms
I: SystemObliviousTransfer::next
I: SenderDone::next
D: SystemInterface: time after state::next: 1303.756836 ms
I: SystemObliviousTransfer::next
D: SystemInterface: time after state::next: 1303.763428 ms
I: SystemObliviousTransfer::next
I: InitSender::next
D: SystemInterface: time after state::next: 1303.768921 ms
I: SystemObliviousTransfer::next
I: GenerateConstant::next
D: SystemInterface: time after state::next: 1304.297607 ms
D: message: resuming OT timer...
D: message: pausing OT timer...
D:  sending message (size 0.000064 MB)
I: SystemObliviousTransfer::next
I: SendConstant::next
D: SystemInterface: time after state::next: 1304.303467 ms
I: SystemObliviousTransfer::next
I: RecvPublicKey::next
D: SystemInterface: time after state::next: 1304.313232 ms
I: SystemObliviousTransfer::next
I: EncryptMessages::next
D: SystemInterface: time after state::next: 1304.891724 ms
D: message: resuming OT timer...
D: message: pausing OT timer...
D:  sending message (size 0.000387 MB)
I: SystemObliviousTransfer::next
I: SendEncryptedMessages::next
D: SystemInterface: time after state::next: 1304.897583 ms
I: SystemObliviousTransfer::next
I: SenderDone::next
D: SystemInterface: time after state::next: 1304.902954 ms
I: SystemObliviousTransfer::next
D: SystemInterface: time after state::next: 1304.908813 ms
I: SystemObliviousTransfer::next
I: InitSender::next
D: SystemInterface: time after state::next: 1304.914062 ms
I: SystemObliviousTransfer::next
I: GenerateConstant::next
D: SystemInterface: time after state::next: 1305.442627 ms
D: message: resuming OT timer...
D: message: pausing OT timer...
D:  sending message (size 0.000064 MB)
I: SystemObliviousTransfer::next
I: SendConstant::next
D: SystemInterface: time after state::next: 1305.450195 ms
I: SystemObliviousTransfer::next
I: RecvPublicKey::next
D: SystemInterface: time after state::next: 1305.459351 ms
I: SystemObliviousTransfer::next
I: EncryptMessages::next
D: SystemInterface: time after state::next: 1306.030029 ms
D: message: resuming OT timer...
D: message: pausing OT timer...
D:  sending message (size 0.000387 MB)
I: SystemObliviousTransfer::next
I: SendEncryptedMessages::next
D: SystemInterface: time after state::next: 1306.036133 ms
I: SystemObliviousTransfer::next
I: SenderDone::next
D: SystemInterface: time after state::next: 1306.049927 ms
I: SystemObliviousTransfer::next
D: SystemInterface: time after state::next: 1306.055664 ms
I: SystemObliviousTransfer::next
I: InitSender::next
D: SystemInterface: time after state::next: 1306.060913 ms
I: SystemObliviousTransfer::next
I: GenerateConstant::next
D: SystemInterface: time after state::next: 1306.588501 ms
D: message: resuming OT timer...
D: message: pausing OT timer...
D:  sending message (size 0.000064 MB)
I: SystemObliviousTransfer::next
I: SendConstant::next
D: SystemInterface: time after state::next: 1306.594360 ms
I: SystemObliviousTransfer::next
I: RecvPublicKey::next
D: SystemInterface: time after state::next: 1306.603394 ms
I: SystemObliviousTransfer::next
I: EncryptMessages::next
D: SystemInterface: time after state::next: 1307.173584 ms
D: message: resuming OT timer...
D: message: pausing OT timer...
D:  sending message (size 0.000387 MB)
I: SystemObliviousTransfer::next
I: SendEncryptedMessages::next
D: SystemInterface: time after state::next: 1307.179565 ms
I: SystemObliviousTransfer::next
I: SenderDone::next
D: SystemInterface: time after state::next: 1307.184937 ms
I: SystemObliviousTransfer::next
D: SystemInterface: time after state::next: 1307.190552 ms
I: SystemObliviousTransfer::next
I: InitSender::next
D: SystemInterface: time after state::next: 1307.195801 ms
I: SystemObliviousTransfer::next
I: GenerateConstant::next
D: SystemInterface: time after state::next: 1307.722900 ms
D: message: resuming OT timer...
D: message: pausing OT timer...
D:  sending message (size 0.000064 MB)
I: SystemObliviousTransfer::next
I: SendConstant::next
D: SystemInterface: time after state::next: 1307.728638 ms
I: SystemObliviousTransfer::next
I: RecvPublicKey::next
D: SystemInterface: time after state::next: 1307.738647 ms
I: SystemObliviousTransfer::next
I: EncryptMessages::next
D: SystemInterface: time after state::next: 1308.305298 ms
D: message: resuming OT timer...
D: message: pausing OT timer...
D:  sending message (size 0.000386 MB)
I: SystemObliviousTransfer::next
I: SendEncryptedMessages::next
D: SystemInterface: time after state::next: 1308.311279 ms
I: SystemObliviousTransfer::next
I: SenderDone::next
D: SystemInterface: time after state::next: 1308.316528 ms
I: SystemObliviousTransfer::next
D: SystemInterface: time after state::next: 1308.322266 ms
I: SystemObliviousTransfer::next
I: InitSender::next
D: SystemInterface: time after state::next: 1308.327637 ms
I: SystemObliviousTransfer::next
I: GenerateConstant::next
D: SystemInterface: time after state::next: 1308.854248 ms
D: message: resuming OT timer...
D: message: pausing OT timer...
D:  sending message (size 0.000064 MB)
I: SystemObliviousTransfer::next
I: SendConstant::next
D: SystemInterface: time after state::next: 1308.860107 ms
I: SystemObliviousTransfer::next
I: RecvPublicKey::next
D: SystemInterface: time after state::next: 1308.880493 ms
I: SystemObliviousTransfer::next
I: EncryptMessages::next
D: SystemInterface: time after state::next: 1309.461304 ms
D: message: resuming OT timer...
D: message: pausing OT timer...
D:  sending message (size 0.000386 MB)
I: SystemObliviousTransfer::next
I: SendEncryptedMessages::next
D: SystemInterface: time after state::next: 1309.476196 ms
I: SystemObliviousTransfer::next
I: SenderDone::next
D: SystemInterface: time after state::next: 1309.483765 ms
I: SystemObliviousTransfer::next
D: SystemInterface: time after state::next: 1309.490601 ms
I: SystemObliviousTransfer::next
I: InitSender::next
D: SystemInterface: time after state::next: 1309.496216 ms
I: SystemObliviousTransfer::next
I: GenerateConstant::next
D: SystemInterface: time after state::next: 1310.028442 ms
D: message: resuming OT timer...
D: message: pausing OT timer...
D:  sending message (size 0.000064 MB)
I: SystemObliviousTransfer::next
I: SendConstant::next
D: SystemInterface: time after state::next: 1310.043091 ms
I: SystemObliviousTransfer::next
I: RecvPublicKey::next
D: SystemInterface: time after state::next: 1310.065430 ms
I: SystemObliviousTransfer::next
I: EncryptMessages::next
D: SystemInterface: time after state::next: 1310.678833 ms
D: message: resuming OT timer...
D: message: pausing OT timer...
D:  sending message (size 0.000386 MB)
I: SystemObliviousTransfer::next
I: SendEncryptedMessages::next
D: SystemInterface: time after state::next: 1310.688232 ms
I: SystemObliviousTransfer::next
I: SenderDone::next
D: SystemInterface: time after state::next: 1310.694946 ms
I: SystemObliviousTransfer::next
D: SystemInterface: time after state::next: 1310.701782 ms
I: SystemObliviousTransfer::next
I: InitSender::next
D: SystemInterface: time after state::next: 1310.707520 ms
I: SystemObliviousTransfer::next
I: GenerateConstant::next
D: SystemInterface: time after state::next: 1311.255737 ms
D: message: resuming OT timer...
D: message: pausing OT timer...
D:  sending message (size 0.000063 MB)
I: SystemObliviousTransfer::next
I: SendConstant::next
D: SystemInterface: time after state::next: 1311.262085 ms
I: SystemObliviousTransfer::next
I: RecvPublicKey::next
D: SystemInterface: time after state::next: 1311.272949 ms
I: SystemObliviousTransfer::next
I: EncryptMessages::next
D: SystemInterface: time after state::next: 1311.864380 ms
D: message: resuming OT timer...
D: message: pausing OT timer...
D:  sending message (size 0.000387 MB)
I: SystemObliviousTransfer::next
I: SendEncryptedMessages::next
D: SystemInterface: time after state::next: 1311.870483 ms
I: SystemObliviousTransfer::next
I: SenderDone::next
D: SystemInterface: time after state::next: 1311.875977 ms
I: SystemObliviousTransfer::next
D: SystemInterface: time after state::next: 1311.881836 ms
I: SystemObliviousTransfer::next
I: InitSender::next
D: SystemInterface: time after state::next: 1311.887329 ms
I: SystemObliviousTransfer::next
I: GenerateConstant::next
D: SystemInterface: time after state::next: 1312.428589 ms
D: message: resuming OT timer...
D: message: pausing OT timer...
D:  sending message (size 0.000064 MB)
I: SystemObliviousTransfer::next
I: SendConstant::next
D: SystemInterface: time after state::next: 1312.434570 ms
I: SystemObliviousTransfer::next
I: RecvPublicKey::next
D: SystemInterface: time after state::next: 1312.443726 ms
I: SystemObliviousTransfer::next
I: EncryptMessages::next
D: SystemInterface: time after state::next: 1313.033569 ms
D: message: resuming OT timer...
D: message: pausing OT timer...
D:  sending message (size 0.000387 MB)
I: SystemObliviousTransfer::next
I: SendEncryptedMessages::next
D: SystemInterface: time after state::next: 1313.039551 ms
I: SystemObliviousTransfer::next
I: SenderDone::next
D: SystemInterface: time after state::next: 1313.044922 ms
I: SystemObliviousTransfer::next
D: SystemInterface: time after state::next: 1313.050781 ms
I: SystemObliviousTransfer::next
I: InitSender::next
D: SystemInterface: time after state::next: 1313.056396 ms
I: SystemObliviousTransfer::next
I: GenerateConstant::next
D: SystemInterface: time after state::next: 1313.598389 ms
D: message: resuming OT timer...
D: message: pausing OT timer...
D:  sending message (size 0.000064 MB)
I: SystemObliviousTransfer::next
I: SendConstant::next
D: SystemInterface: time after state::next: 1313.604492 ms
I: SystemObliviousTransfer::next
I: RecvPublicKey::next
D: SystemInterface: time after state::next: 1313.613403 ms
I: SystemObliviousTransfer::next
I: EncryptMessages::next
D: SystemInterface: time after state::next: 1314.197144 ms
D: message: resuming OT timer...
D: message: pausing OT timer...
D:  sending message (size 0.000386 MB)
I: SystemObliviousTransfer::next
I: SendEncryptedMessages::next
D: SystemInterface: time after state::next: 1314.203247 ms
I: SystemObliviousTransfer::next
I: SenderDone::next
D: SystemInterface: time after state::next: 1314.208618 ms
I: SystemObliviousTransfer::next
D: SystemInterface: time after state::next: 1314.214600 ms
I: SystemObliviousTransfer::next
I: ---- OT duration: 62.822277 ms
D: SystemInterface: time after state::next: 1314.220459 ms
I: RecvFlagBit::next
D: ==== round duration: 1314.255737 ms ====
D: SystemInterface: time after state::next: 0.003101 ms
I: UpdateSystem::next
D: SystemInterface: time after state::next: 0.009521 ms
I: SystemCopyMonitorStateLabels::next
D: SystemInterface: time after state::next: 1.690555 ms
I: GenerateGarbledGates::next
D: refilling hex generator buffer (took 2.024184 ms)
D: refilling hex generator buffer (took 2.034306 ms)
D: refilling hex generator buffer (took 2.020871 ms)
D: SystemInterface: time after state::next: 1255.137329 ms
D:  sending message (size 12.700688 MB)
I: SendGarbledGates::next
D: SystemInterface: time after state::next: 1255.190674 ms
D:  sending message (size 0.247680 MB)
I: SendSystemInputLabels::next
D: SystemInterface: time after state::next: 1255.225464 ms
D:  sending message (size 0.000258 MB)
I: SendFlagBitLabels::next
D: SystemInterface: time after state::next: 1255.244507 ms
I: RecvFlagBit::next
D: ==== round duration: 1255.276001 ms ====
D: SystemInterface: time after state::next: 0.002519 ms
I: UpdateSystem::next
D: SystemInterface: time after state::next: 0.008957 ms
I: SystemCopyMonitorStateLabels::next
D: SystemInterface: time after state::next: 1.708449 ms
I: GenerateGarbledGates::next
D: refilling hex generator buffer (took 2.051442 ms)
D: refilling hex generator buffer (took 2.048115 ms)
D: refilling hex generator buffer (took 2.082309 ms)
D: SystemInterface: time after state::next: 1236.787964 ms
D:  sending message (size 12.700688 MB)
I: SendGarbledGates::next
D: SystemInterface: time after state::next: 1236.834351 ms
D:  sending message (size 0.247680 MB)
I: SendSystemInputLabels::next
D: SystemInterface: time after state::next: 1236.867920 ms
D:  sending message (size 0.000258 MB)
I: SendFlagBitLabels::next
D: SystemInterface: time after state::next: 1236.886963 ms
I: RecvFlagBit::next
D: ==== round duration: 1236.920654 ms ====
D: SystemInterface: time after state::next: 0.002932 ms
I: SystemDone::next
D: SystemInterface: time after state::next: 0.008570 ms
