I: initializing safe primes...
I: using prime modulus 2410312426921032588552076022197566074856950548502459942654116941958108831682612228890093858261341614673227141477904012196503648957050582631942730706805009223062734745341073406696246014589361659774041027169249453200378729434170325843778659198143763193776859869524088940195577346119843545301547043747207749969763750084308926339295559968882457872412993810129130294592999947926365264059284647209730384947211681434464714438488520940127459844288859336526896320919633919
I: received gate count 138796
I: InitSystem::next
D: SystemInterface: time after state::next: 0.029560 ms
I: RecvCircuit::next
D: ---- circuit parsing time: 291032.593750 ms
D: SystemInterface: time after state::next: 0.003831 ms
I: InitMonitorStateLabels::next
D: refilling hex generator buffer (took 1.945945 ms)
D: SystemInterface: time after state::next: 3.183844 ms
I: GenerateGarbledGates::next
D: refilling hex generator buffer (took 1.929742 ms)
D: refilling hex generator buffer (took 1.937807 ms)
D: refilling hex generator buffer (took 1.976522 ms)
D: refilling hex generator buffer (took 1.973702 ms)
D: refilling hex generator buffer (took 1.967450 ms)
D: refilling hex generator buffer (took 1.988655 ms)
D: refilling hex generator buffer (took 2.003861 ms)
D: refilling hex generator buffer (took 1.960211 ms)
D: refilling hex generator buffer (took 2.040496 ms)
D: refilling hex generator buffer (took 2.045781 ms)
D: refilling hex generator buffer (took 2.024107 ms)
D: refilling hex generator buffer (took 2.044722 ms)
D: refilling hex generator buffer (took 2.047708 ms)
D: refilling hex generator buffer (took 2.089071 ms)
D: refilling hex generator buffer (took 2.089584 ms)
D: refilling hex generator buffer (took 2.112128 ms)
D: refilling hex generator buffer (took 2.053262 ms)
D: refilling hex generator buffer (took 2.052748 ms)
D: refilling hex generator buffer (took 2.078946 ms)
D: refilling hex generator buffer (took 2.078322 ms)
D: refilling hex generator buffer (took 2.061140 ms)
D: refilling hex generator buffer (took 2.046250 ms)
D: refilling hex generator buffer (took 2.053300 ms)
D: refilling hex generator buffer (took 2.045449 ms)
D: refilling hex generator buffer (took 2.051107 ms)
D: refilling hex generator buffer (took 2.093974 ms)
D: refilling hex generator buffer (took 2.042536 ms)
D: refilling hex generator buffer (took 2.042330 ms)
D: refilling hex generator buffer (took 2.043698 ms)
D: refilling hex generator buffer (took 2.042429 ms)
D: refilling hex generator buffer (took 2.042477 ms)
D: refilling hex generator buffer (took 2.098040 ms)
D: refilling hex generator buffer (took 2.077900 ms)
D: refilling hex generator buffer (took 2.082781 ms)
D: refilling hex generator buffer (took 2.046503 ms)
D: refilling hex generator buffer (took 2.042999 ms)
D: refilling hex generator buffer (took 2.061242 ms)
D: refilling hex generator buffer (took 2.050830 ms)
D: refilling hex generator buffer (took 2.018843 ms)
D: refilling hex generator buffer (took 2.075825 ms)
D: refilling hex generator buffer (took 2.065831 ms)
D: refilling hex generator buffer (took 2.046391 ms)
D: refilling hex generator buffer (took 2.033570 ms)
D: refilling hex generator buffer (took 2.090527 ms)
D: refilling hex generator buffer (took 2.105654 ms)
D: refilling hex generator buffer (took 2.114546 ms)
D: refilling hex generator buffer (took 2.104784 ms)
D: refilling hex generator buffer (took 2.108051 ms)
D: refilling hex generator buffer (took 2.111186 ms)
D: refilling hex generator buffer (took 2.146248 ms)
D: refilling hex generator buffer (took 2.046995 ms)
D: refilling hex generator buffer (took 2.047327 ms)
D: refilling hex generator buffer (took 2.049319 ms)
D: refilling hex generator buffer (took 2.049105 ms)
D: refilling hex generator buffer (took 2.059712 ms)
D: refilling hex generator buffer (took 2.044718 ms)
D: refilling hex generator buffer (took 2.090659 ms)
D: refilling hex generator buffer (took 2.045045 ms)
D: refilling hex generator buffer (took 2.084201 ms)
D: refilling hex generator buffer (took 2.125415 ms)
D: refilling hex generator buffer (took 2.051050 ms)
D: refilling hex generator buffer (took 2.100192 ms)
D: refilling hex generator buffer (took 2.052299 ms)
D: refilling hex generator buffer (took 2.102584 ms)
D: refilling hex generator buffer (took 2.047387 ms)
D: refilling hex generator buffer (took 2.043818 ms)
D: refilling hex generator buffer (took 2.045195 ms)
D: refilling hex generator buffer (took 2.055714 ms)
D: refilling hex generator buffer (took 2.051029 ms)
D: refilling hex generator buffer (took 2.050178 ms)
D: refilling hex generator buffer (took 2.053051 ms)
D: refilling hex generator buffer (took 2.043656 ms)
D: refilling hex generator buffer (took 2.084287 ms)
D: refilling hex generator buffer (took 2.103667 ms)
D: refilling hex generator buffer (took 2.042779 ms)
D: refilling hex generator buffer (took 2.036365 ms)
D: refilling hex generator buffer (took 2.087595 ms)
D: refilling hex generator buffer (took 2.045177 ms)
D: refilling hex generator buffer (took 2.107991 ms)
D: refilling hex generator buffer (took 2.088530 ms)
D: refilling hex generator buffer (took 2.048527 ms)
D: refilling hex generator buffer (took 2.063297 ms)
D: refilling hex generator buffer (took 2.042787 ms)
D: refilling hex generator buffer (took 2.108442 ms)
D: refilling hex generator buffer (took 2.043252 ms)
D: refilling hex generator buffer (took 2.064151 ms)
D: refilling hex generator buffer (took 2.055164 ms)
D: refilling hex generator buffer (took 2.099722 ms)
D: refilling hex generator buffer (took 2.044490 ms)
D: refilling hex generator buffer (took 2.152440 ms)
D: refilling hex generator buffer (took 2.393983 ms)
D: refilling hex generator buffer (took 2.530509 ms)
D: refilling hex generator buffer (took 2.446161 ms)
D: refilling hex generator buffer (took 2.356688 ms)
D: refilling hex generator buffer (took 2.370392 ms)
D: refilling hex generator buffer (took 2.340543 ms)
D: refilling hex generator buffer (took 2.320474 ms)
D: refilling hex generator buffer (took 2.259339 ms)
D: refilling hex generator buffer (took 2.389091 ms)
D: refilling hex generator buffer (took 2.337192 ms)
D: refilling hex generator buffer (took 2.324347 ms)
D: refilling hex generator buffer (took 2.218456 ms)
D: refilling hex generator buffer (took 2.234147 ms)
D: refilling hex generator buffer (took 2.247271 ms)
D: refilling hex generator buffer (took 2.140430 ms)
D: refilling hex generator buffer (took 2.243555 ms)
D: refilling hex generator buffer (took 2.190513 ms)
D: refilling hex generator buffer (took 2.260385 ms)
D: refilling hex generator buffer (took 2.137529 ms)
D: refilling hex generator buffer (took 2.168721 ms)
D: refilling hex generator buffer (took 2.313656 ms)
D: SystemInterface: time after state::next: 38235.742188 ms
D:  sending message (size 440.816096 MB)
I: SendGarbledGates::next
D: SystemInterface: time after state::next: 38235.812500 ms
D:  sending message (size 9.843200 MB)
I: SendSystemInputLabels::next
D: SystemInterface: time after state::next: 38235.859375 ms
D:  sending message (size 0.001538 MB)
I: SendFlagBitLabels::next
D: ctor: starting OT timer...
D: ctor: pausing OT timer...
D: SystemInterface: time after state::next: 38235.902344 ms
I: SystemObliviousTransfer::next
I: InitSender::next
D: SystemInterface: time after state::next: 38236.808594 ms
I: SystemObliviousTransfer::next
I: GenerateConstant::next
D: SystemInterface: time after state::next: 38238.511719 ms
D: message: resuming OT timer...
D: message: pausing OT timer...
D:  sending message (size 0.000384 MB)
I: SystemObliviousTransfer::next
I: SendConstant::next
D: SystemInterface: time after state::next: 38238.660156 ms
I: SystemObliviousTransfer::next
I: RecvPublicKey::next
D: SystemInterface: time after state::next: 38238.699219 ms
I: SystemObliviousTransfer::next
I: EncryptMessages::next
D: SystemInterface: time after state::next: 38243.070312 ms
D: message: resuming OT timer...
D: message: pausing OT timer...
D:  sending message (size 0.002307 MB)
I: SystemObliviousTransfer::next
I: SendEncryptedMessages::next
D: SystemInterface: time after state::next: 38243.089844 ms
I: SystemObliviousTransfer::next
I: SenderDone::next
D: SystemInterface: time after state::next: 38243.109375 ms
I: SystemObliviousTransfer::next
D: SystemInterface: time after state::next: 38243.117188 ms
I: SystemObliviousTransfer::next
I: InitSender::next
D: SystemInterface: time after state::next: 38243.125000 ms
I: SystemObliviousTransfer::next
I: GenerateConstant::next
D: SystemInterface: time after state::next: 38244.625000 ms
D: message: resuming OT timer...
D: message: pausing OT timer...
D:  sending message (size 0.000384 MB)
I: SystemObliviousTransfer::next
I: SendConstant::next
D: SystemInterface: time after state::next: 38244.644531 ms
I: SystemObliviousTransfer::next
I: RecvPublicKey::next
D: SystemInterface: time after state::next: 38244.679688 ms
I: SystemObliviousTransfer::next
I: EncryptMessages::next
D: SystemInterface: time after state::next: 38249.054688 ms
D: message: resuming OT timer...
D: message: pausing OT timer...
D:  sending message (size 0.002307 MB)
I: SystemObliviousTransfer::next
I: SendEncryptedMessages::next
D: SystemInterface: time after state::next: 38249.070312 ms
I: SystemObliviousTransfer::next
I: SenderDone::next
D: SystemInterface: time after state::next: 38249.082031 ms
I: SystemObliviousTransfer::next
D: SystemInterface: time after state::next: 38249.085938 ms
I: SystemObliviousTransfer::next
I: InitSender::next
D: SystemInterface: time after state::next: 38249.093750 ms
I: SystemObliviousTransfer::next
I: GenerateConstant::next
D: SystemInterface: time after state::next: 38250.593750 ms
D: message: resuming OT timer...
D: message: pausing OT timer...
D:  sending message (size 0.000384 MB)
I: SystemObliviousTransfer::next
I: SendConstant::next
D: SystemInterface: time after state::next: 38250.613281 ms
I: SystemObliviousTransfer::next
I: RecvPublicKey::next
D: SystemInterface: time after state::next: 38250.652344 ms
I: SystemObliviousTransfer::next
I: EncryptMessages::next
D: SystemInterface: time after state::next: 38255.019531 ms
D: message: resuming OT timer...
D: message: pausing OT timer...
D:  sending message (size 0.002307 MB)
I: SystemObliviousTransfer::next
I: SendEncryptedMessages::next
D: SystemInterface: time after state::next: 38255.039062 ms
I: SystemObliviousTransfer::next
I: SenderDone::next
D: SystemInterface: time after state::next: 38255.046875 ms
I: SystemObliviousTransfer::next
D: SystemInterface: time after state::next: 38255.054688 ms
I: SystemObliviousTransfer::next
I: InitSender::next
D: SystemInterface: time after state::next: 38255.062500 ms
I: SystemObliviousTransfer::next
I: GenerateConstant::next
D: SystemInterface: time after state::next: 38256.554688 ms
D: message: resuming OT timer...
D: message: pausing OT timer...
D:  sending message (size 0.000384 MB)
I: SystemObliviousTransfer::next
I: SendConstant::next
D: SystemInterface: time after state::next: 38256.582031 ms
I: SystemObliviousTransfer::next
I: RecvPublicKey::next
D: SystemInterface: time after state::next: 38256.617188 ms
I: SystemObliviousTransfer::next
I: EncryptMessages::next
D: SystemInterface: time after state::next: 38260.980469 ms
D: message: resuming OT timer...
D: message: pausing OT timer...
D:  sending message (size 0.002307 MB)
I: SystemObliviousTransfer::next
I: SendEncryptedMessages::next
D: SystemInterface: time after state::next: 38261.000000 ms
I: SystemObliviousTransfer::next
I: SenderDone::next
D: SystemInterface: time after state::next: 38261.007812 ms
I: SystemObliviousTransfer::next
D: SystemInterface: time after state::next: 38261.015625 ms
I: SystemObliviousTransfer::next
I: InitSender::next
D: SystemInterface: time after state::next: 38261.019531 ms
I: SystemObliviousTransfer::next
I: GenerateConstant::next
D: SystemInterface: time after state::next: 38262.519531 ms
D: message: resuming OT timer...
D: message: pausing OT timer...
D:  sending message (size 0.000384 MB)
I: SystemObliviousTransfer::next
I: SendConstant::next
D: SystemInterface: time after state::next: 38262.539062 ms
I: SystemObliviousTransfer::next
I: RecvPublicKey::next
D: SystemInterface: time after state::next: 38262.574219 ms
I: SystemObliviousTransfer::next
I: EncryptMessages::next
D: SystemInterface: time after state::next: 38266.855469 ms
D: message: resuming OT timer...
D: message: pausing OT timer...
D:  sending message (size 0.002307 MB)
I: SystemObliviousTransfer::next
I: SendEncryptedMessages::next
D: SystemInterface: time after state::next: 38266.875000 ms
I: SystemObliviousTransfer::next
I: SenderDone::next
D: SystemInterface: time after state::next: 38266.882812 ms
I: SystemObliviousTransfer::next
D: SystemInterface: time after state::next: 38266.886719 ms
I: SystemObliviousTransfer::next
I: InitSender::next
D: SystemInterface: time after state::next: 38266.894531 ms
I: SystemObliviousTransfer::next
I: GenerateConstant::next
D: SystemInterface: time after state::next: 38268.343750 ms
D: message: resuming OT timer...
D: message: pausing OT timer...
D:  sending message (size 0.000384 MB)
I: SystemObliviousTransfer::next
I: SendConstant::next
D: SystemInterface: time after state::next: 38268.363281 ms
I: SystemObliviousTransfer::next
I: RecvPublicKey::next
D: SystemInterface: time after state::next: 38268.402344 ms
I: SystemObliviousTransfer::next
I: EncryptMessages::next
D: SystemInterface: time after state::next: 38272.656250 ms
D: message: resuming OT timer...
D: message: pausing OT timer...
D:  sending message (size 0.002307 MB)
I: SystemObliviousTransfer::next
I: SendEncryptedMessages::next
D: SystemInterface: time after state::next: 38272.675781 ms
I: SystemObliviousTransfer::next
I: SenderDone::next
D: SystemInterface: time after state::next: 38272.683594 ms
I: SystemObliviousTransfer::next
D: SystemInterface: time after state::next: 38272.691406 ms
I: SystemObliviousTransfer::next
I: InitSender::next
D: SystemInterface: time after state::next: 38272.695312 ms
I: SystemObliviousTransfer::next
I: GenerateConstant::next
D: SystemInterface: time after state::next: 38274.156250 ms
D: message: resuming OT timer...
D: message: pausing OT timer...
D:  sending message (size 0.000384 MB)
I: SystemObliviousTransfer::next
I: SendConstant::next
D: SystemInterface: time after state::next: 38274.171875 ms
I: SystemObliviousTransfer::next
I: RecvPublicKey::next
D: SystemInterface: time after state::next: 38274.210938 ms
I: SystemObliviousTransfer::next
I: EncryptMessages::next
D: SystemInterface: time after state::next: 38278.468750 ms
D: message: resuming OT timer...
D: message: pausing OT timer...
D:  sending message (size 0.002307 MB)
I: SystemObliviousTransfer::next
I: SendEncryptedMessages::next
D: SystemInterface: time after state::next: 38278.496094 ms
I: SystemObliviousTransfer::next
I: SenderDone::next
D: SystemInterface: time after state::next: 38278.511719 ms
I: SystemObliviousTransfer::next
D: SystemInterface: time after state::next: 38278.523438 ms
I: SystemObliviousTransfer::next
I: InitSender::next
D: SystemInterface: time after state::next: 38278.531250 ms
I: SystemObliviousTransfer::next
I: GenerateConstant::next
D: SystemInterface: time after state::next: 38281.277344 ms
D: message: resuming OT timer...
D: message: pausing OT timer...
D:  sending message (size 0.000384 MB)
I: SystemObliviousTransfer::next
I: SendConstant::next
D: SystemInterface: time after state::next: 38281.285156 ms
I: SystemObliviousTransfer::next
I: RecvPublicKey::next
D: SystemInterface: time after state::next: 38281.312500 ms
I: SystemObliviousTransfer::next
I: EncryptMessages::next
D: SystemInterface: time after state::next: 38285.714844 ms
D: message: resuming OT timer...
D: message: pausing OT timer...
D:  sending message (size 0.002307 MB)
I: SystemObliviousTransfer::next
I: SendEncryptedMessages::next
D: SystemInterface: time after state::next: 38285.746094 ms
I: SystemObliviousTransfer::next
I: SenderDone::next
D: SystemInterface: time after state::next: 38285.753906 ms
I: SystemObliviousTransfer::next
D: SystemInterface: time after state::next: 38285.761719 ms
I: SystemObliviousTransfer::next
I: InitSender::next
D: SystemInterface: time after state::next: 38285.765625 ms
I: SystemObliviousTransfer::next
I: GenerateConstant::next
D: SystemInterface: time after state::next: 38287.273438 ms
D: message: resuming OT timer...
D: message: pausing OT timer...
D:  sending message (size 0.000384 MB)
I: SystemObliviousTransfer::next
I: SendConstant::next
D: SystemInterface: time after state::next: 38287.292969 ms
I: SystemObliviousTransfer::next
I: RecvPublicKey::next
D: SystemInterface: time after state::next: 38287.328125 ms
I: SystemObliviousTransfer::next
I: EncryptMessages::next
D: SystemInterface: time after state::next: 38291.695312 ms
D: message: resuming OT timer...
D: message: pausing OT timer...
D:  sending message (size 0.002307 MB)
I: SystemObliviousTransfer::next
I: SendEncryptedMessages::next
D: SystemInterface: time after state::next: 38291.710938 ms
I: SystemObliviousTransfer::next
I: SenderDone::next
D: SystemInterface: time after state::next: 38291.718750 ms
I: SystemObliviousTransfer::next
D: SystemInterface: time after state::next: 38291.726562 ms
I: SystemObliviousTransfer::next
I: InitSender::next
D: SystemInterface: time after state::next: 38291.734375 ms
I: SystemObliviousTransfer::next
I: GenerateConstant::next
D: SystemInterface: time after state::next: 38293.238281 ms
D: message: resuming OT timer...
D: message: pausing OT timer...
D:  sending message (size 0.000384 MB)
I: SystemObliviousTransfer::next
I: SendConstant::next
D: SystemInterface: time after state::next: 38293.253906 ms
I: SystemObliviousTransfer::next
I: RecvPublicKey::next
D: SystemInterface: time after state::next: 38293.292969 ms
I: SystemObliviousTransfer::next
I: EncryptMessages::next
D: SystemInterface: time after state::next: 38297.582031 ms
D: message: resuming OT timer...
D: message: pausing OT timer...
D:  sending message (size 0.002307 MB)
I: SystemObliviousTransfer::next
I: SendEncryptedMessages::next
D: SystemInterface: time after state::next: 38297.589844 ms
I: SystemObliviousTransfer::next
I: SenderDone::next
D: SystemInterface: time after state::next: 38297.593750 ms
I: SystemObliviousTransfer::next
D: SystemInterface: time after state::next: 38297.601562 ms
I: SystemObliviousTransfer::next
I: InitSender::next
D: SystemInterface: time after state::next: 38297.605469 ms
I: SystemObliviousTransfer::next
I: GenerateConstant::next
D: SystemInterface: time after state::next: 38299.050781 ms
D: message: resuming OT timer...
D: message: pausing OT timer...
D:  sending message (size 0.000384 MB)
I: SystemObliviousTransfer::next
I: SendConstant::next
D: SystemInterface: time after state::next: 38299.070312 ms
I: SystemObliviousTransfer::next
I: RecvPublicKey::next
D: SystemInterface: time after state::next: 38299.105469 ms
I: SystemObliviousTransfer::next
I: EncryptMessages::next
D: SystemInterface: time after state::next: 38303.351562 ms
D: message: resuming OT timer...
D: message: pausing OT timer...
D:  sending message (size 0.002307 MB)
I: SystemObliviousTransfer::next
I: SendEncryptedMessages::next
D: SystemInterface: time after state::next: 38303.382812 ms
I: SystemObliviousTransfer::next
I: SenderDone::next
D: SystemInterface: time after state::next: 38303.394531 ms
I: SystemObliviousTransfer::next
D: SystemInterface: time after state::next: 38303.406250 ms
I: SystemObliviousTransfer::next
I: InitSender::next
D: SystemInterface: time after state::next: 38303.417969 ms
I: SystemObliviousTransfer::next
I: GenerateConstant::next
D: SystemInterface: time after state::next: 38306.746094 ms
D: message: resuming OT timer...
D: message: pausing OT timer...
D:  sending message (size 0.000384 MB)
I: SystemObliviousTransfer::next
I: SendConstant::next
D: SystemInterface: time after state::next: 38306.777344 ms
I: SystemObliviousTransfer::next
I: RecvPublicKey::next
D: SystemInterface: time after state::next: 38306.835938 ms
I: SystemObliviousTransfer::next
I: EncryptMessages::next
D: SystemInterface: time after state::next: 38312.390625 ms
D: message: resuming OT timer...
D: message: pausing OT timer...
D:  sending message (size 0.002307 MB)
I: SystemObliviousTransfer::next
I: SendEncryptedMessages::next
D: SystemInterface: time after state::next: 38312.417969 ms
I: SystemObliviousTransfer::next
I: SenderDone::next
D: SystemInterface: time after state::next: 38312.441406 ms
I: SystemObliviousTransfer::next
D: SystemInterface: time after state::next: 38312.453125 ms
I: SystemObliviousTransfer::next
I: InitSender::next
D: SystemInterface: time after state::next: 38312.464844 ms
I: SystemObliviousTransfer::next
I: GenerateConstant::next
D: SystemInterface: time after state::next: 38315.792969 ms
D: message: resuming OT timer...
D: message: pausing OT timer...
D:  sending message (size 0.000384 MB)
I: SystemObliviousTransfer::next
I: SendConstant::next
D: SystemInterface: time after state::next: 38315.816406 ms
I: SystemObliviousTransfer::next
I: RecvPublicKey::next
D: SystemInterface: time after state::next: 38315.882812 ms
I: SystemObliviousTransfer::next
I: EncryptMessages::next
D: SystemInterface: time after state::next: 38321.832031 ms
D: message: resuming OT timer...
D: message: pausing OT timer...
D:  sending message (size 0.002307 MB)
I: SystemObliviousTransfer::next
I: SendEncryptedMessages::next
D: SystemInterface: time after state::next: 38321.855469 ms
I: SystemObliviousTransfer::next
I: SenderDone::next
D: SystemInterface: time after state::next: 38321.867188 ms
I: SystemObliviousTransfer::next
D: SystemInterface: time after state::next: 38321.878906 ms
I: SystemObliviousTransfer::next
I: InitSender::next
D: SystemInterface: time after state::next: 38321.890625 ms
I: SystemObliviousTransfer::next
I: GenerateConstant::next
D: SystemInterface: time after state::next: 38323.804688 ms
D: message: resuming OT timer...
D: message: pausing OT timer...
D:  sending message (size 0.000384 MB)
I: SystemObliviousTransfer::next
I: SendConstant::next
D: SystemInterface: time after state::next: 38323.828125 ms
I: SystemObliviousTransfer::next
I: RecvPublicKey::next
D: SystemInterface: time after state::next: 38323.886719 ms
I: SystemObliviousTransfer::next
I: EncryptMessages::next
D: SystemInterface: time after state::next: 38333.683594 ms
D: message: resuming OT timer...
D: message: pausing OT timer...
D:  sending message (size 0.002307 MB)
I: SystemObliviousTransfer::next
I: SendEncryptedMessages::next
D: SystemInterface: time after state::next: 38333.707031 ms
I: SystemObliviousTransfer::next
I: SenderDone::next
D: SystemInterface: time after state::next: 38333.718750 ms
I: SystemObliviousTransfer::next
D: SystemInterface: time after state::next: 38333.730469 ms
I: SystemObliviousTransfer::next
I: InitSender::next
D: SystemInterface: time after state::next: 38333.738281 ms
I: SystemObliviousTransfer::next
I: GenerateConstant::next
D: SystemInterface: time after state::next: 38336.496094 ms
D: message: resuming OT timer...
D: message: pausing OT timer...
D:  sending message (size 0.000383 MB)
I: SystemObliviousTransfer::next
I: SendConstant::next
D: SystemInterface: time after state::next: 38336.519531 ms
I: SystemObliviousTransfer::next
I: RecvPublicKey::next
D: SystemInterface: time after state::next: 38336.566406 ms
I: SystemObliviousTransfer::next
I: EncryptMessages::next
D: SystemInterface: time after state::next: 38341.687500 ms
D: message: resuming OT timer...
D: message: pausing OT timer...
D:  sending message (size 0.002307 MB)
I: SystemObliviousTransfer::next
I: SendEncryptedMessages::next
D: SystemInterface: time after state::next: 38341.707031 ms
I: SystemObliviousTransfer::next
I: SenderDone::next
D: SystemInterface: time after state::next: 38341.714844 ms
I: SystemObliviousTransfer::next
D: SystemInterface: time after state::next: 38341.722656 ms
I: SystemObliviousTransfer::next
I: InitSender::next
D: SystemInterface: time after state::next: 38341.730469 ms
I: SystemObliviousTransfer::next
I: GenerateConstant::next
D: SystemInterface: time after state::next: 38343.179688 ms
D: message: resuming OT timer...
D: message: pausing OT timer...
D:  sending message (size 0.000384 MB)
I: SystemObliviousTransfer::next
I: SendConstant::next
D: SystemInterface: time after state::next: 38343.195312 ms
I: SystemObliviousTransfer::next
I: RecvPublicKey::next
D: SystemInterface: time after state::next: 38343.234375 ms
I: SystemObliviousTransfer::next
I: EncryptMessages::next
D: SystemInterface: time after state::next: 38347.660156 ms
D: message: resuming OT timer...
D: message: pausing OT timer...
D:  sending message (size 0.002307 MB)
I: SystemObliviousTransfer::next
I: SendEncryptedMessages::next
D: SystemInterface: time after state::next: 38347.675781 ms
I: SystemObliviousTransfer::next
I: SenderDone::next
D: SystemInterface: time after state::next: 38347.683594 ms
I: SystemObliviousTransfer::next
D: SystemInterface: time after state::next: 38347.691406 ms
I: SystemObliviousTransfer::next
I: InitSender::next
D: SystemInterface: time after state::next: 38347.699219 ms
I: SystemObliviousTransfer::next
I: GenerateConstant::next
D: SystemInterface: time after state::next: 38349.152344 ms
D: message: resuming OT timer...
D: message: pausing OT timer...
D:  sending message (size 0.000384 MB)
I: SystemObliviousTransfer::next
I: SendConstant::next
D: SystemInterface: time after state::next: 38349.167969 ms
I: SystemObliviousTransfer::next
I: RecvPublicKey::next
D: SystemInterface: time after state::next: 38349.207031 ms
I: SystemObliviousTransfer::next
I: EncryptMessages::next
D: SystemInterface: time after state::next: 38353.359375 ms
D: message: resuming OT timer...
D: message: pausing OT timer...
D:  sending message (size 0.002307 MB)
I: SystemObliviousTransfer::next
I: SendEncryptedMessages::next
D: SystemInterface: time after state::next: 38353.375000 ms
I: SystemObliviousTransfer::next
I: SenderDone::next
D: SystemInterface: time after state::next: 38353.382812 ms
I: SystemObliviousTransfer::next
D: SystemInterface: time after state::next: 38353.390625 ms
I: SystemObliviousTransfer::next
I: InitSender::next
D: SystemInterface: time after state::next: 38353.398438 ms
I: SystemObliviousTransfer::next
I: GenerateConstant::next
D: SystemInterface: time after state::next: 38354.808594 ms
D: message: resuming OT timer...
D: message: pausing OT timer...
D:  sending message (size 0.000384 MB)
I: SystemObliviousTransfer::next
I: SendConstant::next
D: SystemInterface: time after state::next: 38354.824219 ms
I: SystemObliviousTransfer::next
I: RecvPublicKey::next
D: SystemInterface: time after state::next: 38354.863281 ms
I: SystemObliviousTransfer::next
I: EncryptMessages::next
D: SystemInterface: time after state::next: 38358.992188 ms
D: message: resuming OT timer...
D: message: pausing OT timer...
D:  sending message (size 0.002307 MB)
I: SystemObliviousTransfer::next
I: SendEncryptedMessages::next
D: SystemInterface: time after state::next: 38359.011719 ms
I: SystemObliviousTransfer::next
I: SenderDone::next
D: SystemInterface: time after state::next: 38359.019531 ms
I: SystemObliviousTransfer::next
D: SystemInterface: time after state::next: 38359.023438 ms
I: SystemObliviousTransfer::next
I: InitSender::next
D: SystemInterface: time after state::next: 38359.031250 ms
I: SystemObliviousTransfer::next
I: GenerateConstant::next
D: SystemInterface: time after state::next: 38360.441406 ms
D: message: resuming OT timer...
D: message: pausing OT timer...
D:  sending message (size 0.000384 MB)
I: SystemObliviousTransfer::next
I: SendConstant::next
D: SystemInterface: time after state::next: 38360.457031 ms
I: SystemObliviousTransfer::next
I: RecvPublicKey::next
D: SystemInterface: time after state::next: 38360.492188 ms
I: SystemObliviousTransfer::next
I: EncryptMessages::next
D: SystemInterface: time after state::next: 38364.617188 ms
D: message: resuming OT timer...
D: message: pausing OT timer...
D:  sending message (size 0.002307 MB)
I: SystemObliviousTransfer::next
I: SendEncryptedMessages::next
D: SystemInterface: time after state::next: 38364.632812 ms
I: SystemObliviousTransfer::next
I: SenderDone::next
D: SystemInterface: time after state::next: 38364.640625 ms
I: SystemObliviousTransfer::next
D: SystemInterface: time after state::next: 38364.648438 ms
I: SystemObliviousTransfer::next
I: InitSender::next
D: SystemInterface: time after state::next: 38364.652344 ms
I: SystemObliviousTransfer::next
I: GenerateConstant::next
D: SystemInterface: time after state::next: 38366.078125 ms
D: message: resuming OT timer...
D: message: pausing OT timer...
D:  sending message (size 0.000384 MB)
I: SystemObliviousTransfer::next
I: SendConstant::next
D: SystemInterface: time after state::next: 38366.093750 ms
I: SystemObliviousTransfer::next
I: RecvPublicKey::next
D: SystemInterface: time after state::next: 38366.128906 ms
I: SystemObliviousTransfer::next
I: EncryptMessages::next
D: SystemInterface: time after state::next: 38370.257812 ms
D: message: resuming OT timer...
D: message: pausing OT timer...
D:  sending message (size 0.002307 MB)
I: SystemObliviousTransfer::next
I: SendEncryptedMessages::next
D: SystemInterface: time after state::next: 38370.273438 ms
I: SystemObliviousTransfer::next
I: SenderDone::next
D: SystemInterface: time after state::next: 38370.281250 ms
I: SystemObliviousTransfer::next
D: SystemInterface: time after state::next: 38370.289062 ms
I: SystemObliviousTransfer::next
I: InitSender::next
D: SystemInterface: time after state::next: 38370.296875 ms
I: SystemObliviousTransfer::next
I: GenerateConstant::next
D: SystemInterface: time after state::next: 38371.707031 ms
D: message: resuming OT timer...
D: message: pausing OT timer...
D:  sending message (size 0.000384 MB)
I: SystemObliviousTransfer::next
I: SendConstant::next
D: SystemInterface: time after state::next: 38371.722656 ms
I: SystemObliviousTransfer::next
I: RecvPublicKey::next
D: SystemInterface: time after state::next: 38371.761719 ms
I: SystemObliviousTransfer::next
I: EncryptMessages::next
D: SystemInterface: time after state::next: 38375.886719 ms
D: message: resuming OT timer...
D: message: pausing OT timer...
D:  sending message (size 0.002307 MB)
I: SystemObliviousTransfer::next
I: SendEncryptedMessages::next
D: SystemInterface: time after state::next: 38375.902344 ms
I: SystemObliviousTransfer::next
I: SenderDone::next
D: SystemInterface: time after state::next: 38375.910156 ms
I: SystemObliviousTransfer::next
D: SystemInterface: time after state::next: 38375.917969 ms
I: SystemObliviousTransfer::next
I: InitSender::next
D: SystemInterface: time after state::next: 38375.925781 ms
I: SystemObliviousTransfer::next
I: GenerateConstant::next
D: SystemInterface: time after state::next: 38377.335938 ms
D: message: resuming OT timer...
D: message: pausing OT timer...
D:  sending message (size 0.000384 MB)
I: SystemObliviousTransfer::next
I: SendConstant::next
D: SystemInterface: time after state::next: 38377.355469 ms
I: SystemObliviousTransfer::next
I: RecvPublicKey::next
D: SystemInterface: time after state::next: 38377.390625 ms
I: SystemObliviousTransfer::next
I: EncryptMessages::next
D: SystemInterface: time after state::next: 38381.511719 ms
D: message: resuming OT timer...
D: message: pausing OT timer...
D:  sending message (size 0.002307 MB)
I: SystemObliviousTransfer::next
I: SendEncryptedMessages::next
D: SystemInterface: time after state::next: 38381.527344 ms
I: SystemObliviousTransfer::next
I: SenderDone::next
D: SystemInterface: time after state::next: 38381.535156 ms
I: SystemObliviousTransfer::next
D: SystemInterface: time after state::next: 38381.542969 ms
I: SystemObliviousTransfer::next
I: InitSender::next
D: SystemInterface: time after state::next: 38381.550781 ms
I: SystemObliviousTransfer::next
I: GenerateConstant::next
D: SystemInterface: time after state::next: 38382.960938 ms
D: message: resuming OT timer...
D: message: pausing OT timer...
D:  sending message (size 0.000384 MB)
I: SystemObliviousTransfer::next
I: SendConstant::next
D: SystemInterface: time after state::next: 38382.976562 ms
I: SystemObliviousTransfer::next
I: RecvPublicKey::next
D: SystemInterface: time after state::next: 38383.011719 ms
I: SystemObliviousTransfer::next
I: EncryptMessages::next
D: SystemInterface: time after state::next: 38387.144531 ms
D: message: resuming OT timer...
D: message: pausing OT timer...
D:  sending message (size 0.002307 MB)
I: SystemObliviousTransfer::next
I: SendEncryptedMessages::next
D: SystemInterface: time after state::next: 38387.160156 ms
I: SystemObliviousTransfer::next
I: SenderDone::next
D: SystemInterface: time after state::next: 38387.175781 ms
I: SystemObliviousTransfer::next
D: SystemInterface: time after state::next: 38387.183594 ms
I: SystemObliviousTransfer::next
I: InitSender::next
D: SystemInterface: time after state::next: 38387.191406 ms
I: SystemObliviousTransfer::next
I: GenerateConstant::next
D: SystemInterface: time after state::next: 38388.605469 ms
D: message: resuming OT timer...
D: message: pausing OT timer...
D:  sending message (size 0.000383 MB)
I: SystemObliviousTransfer::next
I: SendConstant::next
D: SystemInterface: time after state::next: 38388.621094 ms
I: SystemObliviousTransfer::next
I: RecvPublicKey::next
D: SystemInterface: time after state::next: 38388.656250 ms
I: SystemObliviousTransfer::next
I: EncryptMessages::next
D: SystemInterface: time after state::next: 38392.773438 ms
D: message: resuming OT timer...
D: message: pausing OT timer...
D:  sending message (size 0.002307 MB)
I: SystemObliviousTransfer::next
I: SendEncryptedMessages::next
D: SystemInterface: time after state::next: 38392.792969 ms
I: SystemObliviousTransfer::next
I: SenderDone::next
D: SystemInterface: time after state::next: 38392.800781 ms
I: SystemObliviousTransfer::next
D: SystemInterface: time after state::next: 38392.804688 ms
I: SystemObliviousTransfer::next
I: InitSender::next
D: SystemInterface: time after state::next: 38392.812500 ms
I: SystemObliviousTransfer::next
I: GenerateConstant::next
D: SystemInterface: time after state::next: 38394.222656 ms
D: message: resuming OT timer...
D: message: pausing OT timer...
D:  sending message (size 0.000384 MB)
I: SystemObliviousTransfer::next
I: SendConstant::next
D: SystemInterface: time after state::next: 38394.238281 ms
I: SystemObliviousTransfer::next
I: RecvPublicKey::next
D: SystemInterface: time after state::next: 38394.277344 ms
I: SystemObliviousTransfer::next
I: EncryptMessages::next
D: SystemInterface: time after state::next: 38398.394531 ms
D: message: resuming OT timer...
D: message: pausing OT timer...
D:  sending message (size 0.002307 MB)
I: SystemObliviousTransfer::next
I: SendEncryptedMessages::next
D: SystemInterface: time after state::next: 38398.410156 ms
I: SystemObliviousTransfer::next
I: SenderDone::next
D: SystemInterface: time after state::next: 38398.417969 ms
I: SystemObliviousTransfer::next
D: SystemInterface: time after state::next: 38398.425781 ms
I: SystemObliviousTransfer::next
I: InitSender::next
D: SystemInterface: time after state::next: 38398.433594 ms
I: SystemObliviousTransfer::next
I: GenerateConstant::next
D: SystemInterface: time after state::next: 38399.843750 ms
D: message: resuming OT timer...
D: message: pausing OT timer...
D:  sending message (size 0.000384 MB)
I: SystemObliviousTransfer::next
I: SendConstant::next
D: SystemInterface: time after state::next: 38399.859375 ms
I: SystemObliviousTransfer::next
I: RecvPublicKey::next
D: SystemInterface: time after state::next: 38399.898438 ms
I: SystemObliviousTransfer::next
I: EncryptMessages::next
D: SystemInterface: time after state::next: 38404.027344 ms
D: message: resuming OT timer...
D: message: pausing OT timer...
D:  sending message (size 0.002306 MB)
I: SystemObliviousTransfer::next
I: SendEncryptedMessages::next
D: SystemInterface: time after state::next: 38404.042969 ms
I: SystemObliviousTransfer::next
I: SenderDone::next
D: SystemInterface: time after state::next: 38404.050781 ms
I: SystemObliviousTransfer::next
D: SystemInterface: time after state::next: 38404.058594 ms
I: SystemObliviousTransfer::next
I: InitSender::next
D: SystemInterface: time after state::next: 38404.066406 ms
I: SystemObliviousTransfer::next
I: GenerateConstant::next
D: SystemInterface: time after state::next: 38405.515625 ms
D: message: resuming OT timer...
D: message: pausing OT timer...
D:  sending message (size 0.000384 MB)
I: SystemObliviousTransfer::next
I: SendConstant::next
D: SystemInterface: time after state::next: 38405.531250 ms
I: SystemObliviousTransfer::next
I: RecvPublicKey::next
D: SystemInterface: time after state::next: 38405.578125 ms
I: SystemObliviousTransfer::next
I: EncryptMessages::next
D: SystemInterface: time after state::next: 38409.722656 ms
D: message: resuming OT timer...
D: message: pausing OT timer...
D:  sending message (size 0.002307 MB)
I: SystemObliviousTransfer::next
I: SendEncryptedMessages::next
D: SystemInterface: time after state::next: 38409.738281 ms
I: SystemObliviousTransfer::next
I: SenderDone::next
D: SystemInterface: time after state::next: 38409.746094 ms
I: SystemObliviousTransfer::next
D: SystemInterface: time after state::next: 38409.753906 ms
I: SystemObliviousTransfer::next
I: InitSender::next
D: SystemInterface: time after state::next: 38409.757812 ms
I: SystemObliviousTransfer::next
I: GenerateConstant::next
D: SystemInterface: time after state::next: 38411.164062 ms
D: message: resuming OT timer...
D: message: pausing OT timer...
D:  sending message (size 0.000383 MB)
I: SystemObliviousTransfer::next
I: SendConstant::next
D: SystemInterface: time after state::next: 38411.179688 ms
I: SystemObliviousTransfer::next
I: RecvPublicKey::next
D: SystemInterface: time after state::next: 38411.214844 ms
I: SystemObliviousTransfer::next
I: EncryptMessages::next
D: SystemInterface: time after state::next: 38415.343750 ms
D: message: resuming OT timer...
D: message: pausing OT timer...
D:  sending message (size 0.002306 MB)
I: SystemObliviousTransfer::next
I: SendEncryptedMessages::next
D: SystemInterface: time after state::next: 38415.363281 ms
I: SystemObliviousTransfer::next
I: SenderDone::next
D: SystemInterface: time after state::next: 38415.371094 ms
I: SystemObliviousTransfer::next
D: SystemInterface: time after state::next: 38415.378906 ms
I: SystemObliviousTransfer::next
I: InitSender::next
D: SystemInterface: time after state::next: 38415.382812 ms
I: SystemObliviousTransfer::next
I: GenerateConstant::next
D: SystemInterface: time after state::next: 38416.796875 ms
D: message: resuming OT timer...
D: message: pausing OT timer...
D:  sending message (size 0.000384 MB)
I: SystemObliviousTransfer::next
I: SendConstant::next
D: SystemInterface: time after state::next: 38416.812500 ms
I: SystemObliviousTransfer::next
I: RecvPublicKey::next
D: SystemInterface: time after state::next: 38416.847656 ms
I: SystemObliviousTransfer::next
I: EncryptMessages::next
D: SystemInterface: time after state::next: 38420.984375 ms
D: message: resuming OT timer...
D: message: pausing OT timer...
D:  sending message (size 0.002306 MB)
I: SystemObliviousTransfer::next
I: SendEncryptedMessages::next
D: SystemInterface: time after state::next: 38421.000000 ms
I: SystemObliviousTransfer::next
I: SenderDone::next
D: SystemInterface: time after state::next: 38421.007812 ms
I: SystemObliviousTransfer::next
D: SystemInterface: time after state::next: 38421.015625 ms
I: SystemObliviousTransfer::next
I: InitSender::next
D: SystemInterface: time after state::next: 38421.019531 ms
I: SystemObliviousTransfer::next
I: GenerateConstant::next
D: SystemInterface: time after state::next: 38422.433594 ms
D: message: resuming OT timer...
D: message: pausing OT timer...
D:  sending message (size 0.000384 MB)
I: SystemObliviousTransfer::next
I: SendConstant::next
D: SystemInterface: time after state::next: 38422.449219 ms
I: SystemObliviousTransfer::next
I: RecvPublicKey::next
D: SystemInterface: time after state::next: 38422.484375 ms
I: SystemObliviousTransfer::next
I: EncryptMessages::next
D: SystemInterface: time after state::next: 38426.601562 ms
D: message: resuming OT timer...
D: message: pausing OT timer...
D:  sending message (size 0.002307 MB)
I: SystemObliviousTransfer::next
I: SendEncryptedMessages::next
D: SystemInterface: time after state::next: 38426.617188 ms
I: SystemObliviousTransfer::next
I: SenderDone::next
D: SystemInterface: time after state::next: 38426.625000 ms
I: SystemObliviousTransfer::next
D: SystemInterface: time after state::next: 38426.632812 ms
I: SystemObliviousTransfer::next
I: InitSender::next
D: SystemInterface: time after state::next: 38426.636719 ms
I: SystemObliviousTransfer::next
I: GenerateConstant::next
D: SystemInterface: time after state::next: 38428.058594 ms
D: message: resuming OT timer...
D: message: pausing OT timer...
D:  sending message (size 0.000384 MB)
I: SystemObliviousTransfer::next
I: SendConstant::next
D: SystemInterface: time after state::next: 38428.078125 ms
I: SystemObliviousTransfer::next
I: RecvPublicKey::next
D: SystemInterface: time after state::next: 38428.113281 ms
I: SystemObliviousTransfer::next
I: EncryptMessages::next
D: SystemInterface: time after state::next: 38432.246094 ms
D: message: resuming OT timer...
D: message: pausing OT timer...
D:  sending message (size 0.002307 MB)
I: SystemObliviousTransfer::next
I: SendEncryptedMessages::next
D: SystemInterface: time after state::next: 38432.265625 ms
I: SystemObliviousTransfer::next
I: SenderDone::next
D: SystemInterface: time after state::next: 38432.273438 ms
I: SystemObliviousTransfer::next
D: SystemInterface: time after state::next: 38432.277344 ms
I: SystemObliviousTransfer::next
I: InitSender::next
D: SystemInterface: time after state::next: 38432.285156 ms
I: SystemObliviousTransfer::next
I: GenerateConstant::next
D: SystemInterface: time after state::next: 38433.691406 ms
D: message: resuming OT timer...
D: message: pausing OT timer...
D:  sending message (size 0.000384 MB)
I: SystemObliviousTransfer::next
I: SendConstant::next
D: SystemInterface: time after state::next: 38433.710938 ms
I: SystemObliviousTransfer::next
I: RecvPublicKey::next
D: SystemInterface: time after state::next: 38433.746094 ms
I: SystemObliviousTransfer::next
I: EncryptMessages::next
D: SystemInterface: time after state::next: 38437.890625 ms
D: message: resuming OT timer...
D: message: pausing OT timer...
D:  sending message (size 0.002307 MB)
I: SystemObliviousTransfer::next
I: SendEncryptedMessages::next
D: SystemInterface: time after state::next: 38437.910156 ms
I: SystemObliviousTransfer::next
I: SenderDone::next
D: SystemInterface: time after state::next: 38437.917969 ms
I: SystemObliviousTransfer::next
D: SystemInterface: time after state::next: 38437.921875 ms
I: SystemObliviousTransfer::next
I: InitSender::next
D: SystemInterface: time after state::next: 38437.929688 ms
I: SystemObliviousTransfer::next
I: GenerateConstant::next
D: SystemInterface: time after state::next: 38439.339844 ms
D: message: resuming OT timer...
D: message: pausing OT timer...
D:  sending message (size 0.000384 MB)
I: SystemObliviousTransfer::next
I: SendConstant::next
D: SystemInterface: time after state::next: 38439.359375 ms
I: SystemObliviousTransfer::next
I: RecvPublicKey::next
D: SystemInterface: time after state::next: 38439.394531 ms
I: SystemObliviousTransfer::next
I: EncryptMessages::next
D: SystemInterface: time after state::next: 38443.531250 ms
D: message: resuming OT timer...
D: message: pausing OT timer...
D:  sending message (size 0.002307 MB)
I: SystemObliviousTransfer::next
I: SendEncryptedMessages::next
D: SystemInterface: time after state::next: 38443.550781 ms
I: SystemObliviousTransfer::next
I: SenderDone::next
D: SystemInterface: time after state::next: 38443.558594 ms
I: SystemObliviousTransfer::next
D: SystemInterface: time after state::next: 38443.566406 ms
I: SystemObliviousTransfer::next
I: InitSender::next
D: SystemInterface: time after state::next: 38443.570312 ms
I: SystemObliviousTransfer::next
I: GenerateConstant::next
D: SystemInterface: time after state::next: 38444.980469 ms
D: message: resuming OT timer...
D: message: pausing OT timer...
D:  sending message (size 0.000384 MB)
I: SystemObliviousTransfer::next
I: SendConstant::next
D: SystemInterface: time after state::next: 38444.996094 ms
I: SystemObliviousTransfer::next
I: RecvPublicKey::next
D: SystemInterface: time after state::next: 38445.035156 ms
I: SystemObliviousTransfer::next
I: EncryptMessages::next
D: SystemInterface: time after state::next: 38449.160156 ms
D: message: resuming OT timer...
D: message: pausing OT timer...
D:  sending message (size 0.002307 MB)
I: SystemObliviousTransfer::next
I: SendEncryptedMessages::next
D: SystemInterface: time after state::next: 38449.179688 ms
I: SystemObliviousTransfer::next
I: SenderDone::next
D: SystemInterface: time after state::next: 38449.195312 ms
I: SystemObliviousTransfer::next
D: SystemInterface: time after state::next: 38449.203125 ms
I: SystemObliviousTransfer::next
I: InitSender::next
D: SystemInterface: time after state::next: 38449.210938 ms
I: SystemObliviousTransfer::next
I: GenerateConstant::next
D: SystemInterface: time after state::next: 38450.621094 ms
D: message: resuming OT timer...
D: message: pausing OT timer...
D:  sending message (size 0.000384 MB)
I: SystemObliviousTransfer::next
I: SendConstant::next
D: SystemInterface: time after state::next: 38450.640625 ms
I: SystemObliviousTransfer::next
I: RecvPublicKey::next
D: SystemInterface: time after state::next: 38450.675781 ms
I: SystemObliviousTransfer::next
I: EncryptMessages::next
D: SystemInterface: time after state::next: 38454.808594 ms
D: message: resuming OT timer...
D: message: pausing OT timer...
D:  sending message (size 0.002305 MB)
I: SystemObliviousTransfer::next
I: SendEncryptedMessages::next
D: SystemInterface: time after state::next: 38454.828125 ms
I: SystemObliviousTransfer::next
I: SenderDone::next
D: SystemInterface: time after state::next: 38454.835938 ms
I: SystemObliviousTransfer::next
D: SystemInterface: time after state::next: 38454.843750 ms
I: SystemObliviousTransfer::next
I: InitSender::next
D: SystemInterface: time after state::next: 38454.851562 ms
I: SystemObliviousTransfer::next
I: GenerateConstant::next
D: SystemInterface: time after state::next: 38456.261719 ms
D: message: resuming OT timer...
D: message: pausing OT timer...
D:  sending message (size 0.000384 MB)
I: SystemObliviousTransfer::next
I: SendConstant::next
D: SystemInterface: time after state::next: 38456.281250 ms
I: SystemObliviousTransfer::next
I: RecvPublicKey::next
D: SystemInterface: time after state::next: 38456.316406 ms
I: SystemObliviousTransfer::next
I: EncryptMessages::next
D: SystemInterface: time after state::next: 38460.441406 ms
D: message: resuming OT timer...
D: message: pausing OT timer...
D:  sending message (size 0.002307 MB)
I: SystemObliviousTransfer::next
I: SendEncryptedMessages::next
D: SystemInterface: time after state::next: 38460.460938 ms
I: SystemObliviousTransfer::next
I: SenderDone::next
D: SystemInterface: time after state::next: 38460.468750 ms
I: SystemObliviousTransfer::next
D: SystemInterface: time after state::next: 38460.472656 ms
I: SystemObliviousTransfer::next
I: InitSender::next
D: SystemInterface: time after state::next: 38460.480469 ms
I: SystemObliviousTransfer::next
I: GenerateConstant::next
D: SystemInterface: time after state::next: 38461.890625 ms
D: message: resuming OT timer...
D: message: pausing OT timer...
D:  sending message (size 0.000384 MB)
I: SystemObliviousTransfer::next
I: SendConstant::next
D: SystemInterface: time after state::next: 38461.898438 ms
I: SystemObliviousTransfer::next
I: RecvPublicKey::next
D: SystemInterface: time after state::next: 38461.933594 ms
I: SystemObliviousTransfer::next
I: EncryptMessages::next
D: SystemInterface: time after state::next: 38466.054688 ms
D: message: resuming OT timer...
D: message: pausing OT timer...
D:  sending message (size 0.002307 MB)
I: SystemObliviousTransfer::next
I: SendEncryptedMessages::next
D: SystemInterface: time after state::next: 38466.070312 ms
I: SystemObliviousTransfer::next
I: SenderDone::next
D: SystemInterface: time after state::next: 38466.078125 ms
I: SystemObliviousTransfer::next
D: SystemInterface: time after state::next: 38466.089844 ms
I: SystemObliviousTransfer::next
I: InitSender::next
D: SystemInterface: time after state::next: 38466.097656 ms
I: SystemObliviousTransfer::next
I: GenerateConstant::next
D: SystemInterface: time after state::next: 38468.148438 ms
D: message: resuming OT timer...
D: message: pausing OT timer...
D:  sending message (size 0.000384 MB)
I: SystemObliviousTransfer::next
I: SendConstant::next
D: SystemInterface: time after state::next: 38468.164062 ms
I: SystemObliviousTransfer::next
I: RecvPublicKey::next
D: SystemInterface: time after state::next: 38468.210938 ms
I: SystemObliviousTransfer::next
I: EncryptMessages::next
D: SystemInterface: time after state::next: 38472.347656 ms
D: message: resuming OT timer...
D: message: pausing OT timer...
D:  sending message (size 0.002306 MB)
I: SystemObliviousTransfer::next
I: SendEncryptedMessages::next
D: SystemInterface: time after state::next: 38472.363281 ms
I: SystemObliviousTransfer::next
I: SenderDone::next
D: SystemInterface: time after state::next: 38472.371094 ms
I: SystemObliviousTransfer::next
D: SystemInterface: time after state::next: 38472.378906 ms
I: SystemObliviousTransfer::next
I: InitSender::next
D: SystemInterface: time after state::next: 38472.386719 ms
I: SystemObliviousTransfer::next
I: GenerateConstant::next
D: SystemInterface: time after state::next: 38474.367188 ms
D: message: resuming OT timer...
D: message: pausing OT timer...
D:  sending message (size 0.000384 MB)
I: SystemObliviousTransfer::next
I: SendConstant::next
D: SystemInterface: time after state::next: 38474.382812 ms
I: SystemObliviousTransfer::next
I: RecvPublicKey::next
D: SystemInterface: time after state::next: 38474.417969 ms
I: SystemObliviousTransfer::next
I: EncryptMessages::next
D: SystemInterface: time after state::next: 38478.566406 ms
D: message: resuming OT timer...
D: message: pausing OT timer...
D:  sending message (size 0.002307 MB)
I: SystemObliviousTransfer::next
I: SendEncryptedMessages::next
D: SystemInterface: time after state::next: 38478.589844 ms
I: SystemObliviousTransfer::next
I: SenderDone::next
D: SystemInterface: time after state::next: 38478.597656 ms
I: SystemObliviousTransfer::next
D: SystemInterface: time after state::next: 38478.605469 ms
I: SystemObliviousTransfer::next
I: InitSender::next
D: SystemInterface: time after state::next: 38478.609375 ms
I: SystemObliviousTransfer::next
I: GenerateConstant::next
D: SystemInterface: time after state::next: 38480.019531 ms
D: message: resuming OT timer...
D: message: pausing OT timer...
D:  sending message (size 0.000384 MB)
I: SystemObliviousTransfer::next
I: SendConstant::next
D: SystemInterface: time after state::next: 38480.035156 ms
I: SystemObliviousTransfer::next
I: RecvPublicKey::next
D: SystemInterface: time after state::next: 38480.070312 ms
I: SystemObliviousTransfer::next
I: EncryptMessages::next
D: SystemInterface: time after state::next: 38484.199219 ms
D: message: resuming OT timer...
D: message: pausing OT timer...
D:  sending message (size 0.002307 MB)
I: SystemObliviousTransfer::next
I: SendEncryptedMessages::next
D: SystemInterface: time after state::next: 38484.214844 ms
I: SystemObliviousTransfer::next
I: SenderDone::next
D: SystemInterface: time after state::next: 38484.222656 ms
I: SystemObliviousTransfer::next
D: SystemInterface: time after state::next: 38484.230469 ms
I: SystemObliviousTransfer::next
I: InitSender::next
D: SystemInterface: time after state::next: 38484.234375 ms
I: SystemObliviousTransfer::next
I: GenerateConstant::next
D: SystemInterface: time after state::next: 38485.648438 ms
D: message: resuming OT timer...
D: message: pausing OT timer...
D:  sending message (size 0.000384 MB)
I: SystemObliviousTransfer::next
I: SendConstant::next
D: SystemInterface: time after state::next: 38485.664062 ms
I: SystemObliviousTransfer::next
I: RecvPublicKey::next
D: SystemInterface: time after state::next: 38485.703125 ms
I: SystemObliviousTransfer::next
I: EncryptMessages::next
D: SystemInterface: time after state::next: 38489.832031 ms
D: message: resuming OT timer...
D: message: pausing OT timer...
D:  sending message (size 0.002307 MB)
I: SystemObliviousTransfer::next
I: SendEncryptedMessages::next
D: SystemInterface: time after state::next: 38489.851562 ms
I: SystemObliviousTransfer::next
I: SenderDone::next
D: SystemInterface: time after state::next: 38489.859375 ms
I: SystemObliviousTransfer::next
D: SystemInterface: time after state::next: 38489.863281 ms
I: SystemObliviousTransfer::next
I: InitSender::next
D: SystemInterface: time after state::next: 38489.871094 ms
I: SystemObliviousTransfer::next
I: GenerateConstant::next
D: SystemInterface: time after state::next: 38491.367188 ms
D: message: resuming OT timer...
D: message: pausing OT timer...
D:  sending message (size 0.000384 MB)
I: SystemObliviousTransfer::next
I: SendConstant::next
D: SystemInterface: time after state::next: 38491.386719 ms
I: SystemObliviousTransfer::next
I: RecvPublicKey::next
D: SystemInterface: time after state::next: 38491.421875 ms
I: SystemObliviousTransfer::next
I: EncryptMessages::next
D: SystemInterface: time after state::next: 38495.554688 ms
D: message: resuming OT timer...
D: message: pausing OT timer...
D:  sending message (size 0.002307 MB)
I: SystemObliviousTransfer::next
I: SendEncryptedMessages::next
D: SystemInterface: time after state::next: 38495.570312 ms
I: SystemObliviousTransfer::next
I: SenderDone::next
D: SystemInterface: time after state::next: 38495.578125 ms
I: SystemObliviousTransfer::next
D: SystemInterface: time after state::next: 38495.585938 ms
I: SystemObliviousTransfer::next
I: InitSender::next
D: SystemInterface: time after state::next: 38495.593750 ms
I: SystemObliviousTransfer::next
I: GenerateConstant::next
D: SystemInterface: time after state::next: 38497.011719 ms
D: message: resuming OT timer...
D: message: pausing OT timer...
D:  sending message (size 0.000384 MB)
I: SystemObliviousTransfer::next
I: SendConstant::next
D: SystemInterface: time after state::next: 38497.027344 ms
I: SystemObliviousTransfer::next
I: RecvPublicKey::next
D: SystemInterface: time after state::next: 38497.058594 ms
I: SystemObliviousTransfer::next
I: EncryptMessages::next
D: SystemInterface: time after state::next: 38501.183594 ms
D: message: resuming OT timer...
D: message: pausing OT timer...
D:  sending message (size 0.002307 MB)
I: SystemObliviousTransfer::next
I: SendEncryptedMessages::next
D: SystemInterface: time after state::next: 38501.203125 ms
I: SystemObliviousTransfer::next
I: SenderDone::next
D: SystemInterface: time after state::next: 38501.210938 ms
I: SystemObliviousTransfer::next
D: SystemInterface: time after state::next: 38501.218750 ms
I: SystemObliviousTransfer::next
I: InitSender::next
D: SystemInterface: time after state::next: 38501.222656 ms
I: SystemObliviousTransfer::next
I: GenerateConstant::next
D: SystemInterface: time after state::next: 38502.636719 ms
D: message: resuming OT timer...
D: message: pausing OT timer...
D:  sending message (size 0.000384 MB)
I: SystemObliviousTransfer::next
I: SendConstant::next
D: SystemInterface: time after state::next: 38502.652344 ms
I: SystemObliviousTransfer::next
I: RecvPublicKey::next
D: SystemInterface: time after state::next: 38502.687500 ms
I: SystemObliviousTransfer::next
I: EncryptMessages::next
D: SystemInterface: time after state::next: 38506.812500 ms
D: message: resuming OT timer...
D: message: pausing OT timer...
D:  sending message (size 0.002307 MB)
I: SystemObliviousTransfer::next
I: SendEncryptedMessages::next
D: SystemInterface: time after state::next: 38506.828125 ms
I: SystemObliviousTransfer::next
I: SenderDone::next
D: SystemInterface: time after state::next: 38506.835938 ms
I: SystemObliviousTransfer::next
D: SystemInterface: time after state::next: 38506.843750 ms
I: SystemObliviousTransfer::next
I: InitSender::next
D: SystemInterface: time after state::next: 38506.851562 ms
I: SystemObliviousTransfer::next
I: GenerateConstant::next
D: SystemInterface: time after state::next: 38508.257812 ms
D: message: resuming OT timer...
D: message: pausing OT timer...
D:  sending message (size 0.000384 MB)
I: SystemObliviousTransfer::next
I: SendConstant::next
D: SystemInterface: time after state::next: 38508.273438 ms
I: SystemObliviousTransfer::next
I: RecvPublicKey::next
D: SystemInterface: time after state::next: 38508.312500 ms
I: SystemObliviousTransfer::next
I: EncryptMessages::next
D: SystemInterface: time after state::next: 38512.441406 ms
D: message: resuming OT timer...
D: message: pausing OT timer...
D:  sending message (size 0.002307 MB)
I: SystemObliviousTransfer::next
I: SendEncryptedMessages::next
D: SystemInterface: time after state::next: 38512.468750 ms
I: SystemObliviousTransfer::next
I: SenderDone::next
D: SystemInterface: time after state::next: 38512.476562 ms
I: SystemObliviousTransfer::next
D: SystemInterface: time after state::next: 38512.484375 ms
I: SystemObliviousTransfer::next
I: InitSender::next
D: SystemInterface: time after state::next: 38512.492188 ms
I: SystemObliviousTransfer::next
I: GenerateConstant::next
D: SystemInterface: time after state::next: 38513.902344 ms
D: message: resuming OT timer...
D: message: pausing OT timer...
D:  sending message (size 0.000384 MB)
I: SystemObliviousTransfer::next
I: SendConstant::next
D: SystemInterface: time after state::next: 38513.921875 ms
I: SystemObliviousTransfer::next
I: RecvPublicKey::next
D: SystemInterface: time after state::next: 38513.953125 ms
I: SystemObliviousTransfer::next
I: EncryptMessages::next
D: SystemInterface: time after state::next: 38517.976562 ms
D: message: resuming OT timer...
D: message: pausing OT timer...
D:  sending message (size 0.002307 MB)
I: SystemObliviousTransfer::next
I: SendEncryptedMessages::next
D: SystemInterface: time after state::next: 38517.992188 ms
I: SystemObliviousTransfer::next
I: SenderDone::next
D: SystemInterface: time after state::next: 38518.000000 ms
I: SystemObliviousTransfer::next
D: SystemInterface: time after state::next: 38518.007812 ms
I: SystemObliviousTransfer::next
I: InitSender::next
D: SystemInterface: time after state::next: 38518.011719 ms
I: SystemObliviousTransfer::next
I: GenerateConstant::next
D: SystemInterface: time after state::next: 38519.394531 ms
D: message: resuming OT timer...
D: message: pausing OT timer...
D:  sending message (size 0.000384 MB)
I: SystemObliviousTransfer::next
I: SendConstant::next
D: SystemInterface: time after state::next: 38519.410156 ms
I: SystemObliviousTransfer::next
I: RecvPublicKey::next
D: SystemInterface: time after state::next: 38519.445312 ms
I: SystemObliviousTransfer::next
I: EncryptMessages::next
D: SystemInterface: time after state::next: 38523.464844 ms
D: message: resuming OT timer...
D: message: pausing OT timer...
D:  sending message (size 0.002307 MB)
I: SystemObliviousTransfer::next
I: SendEncryptedMessages::next
D: SystemInterface: time after state::next: 38523.480469 ms
I: SystemObliviousTransfer::next
I: SenderDone::next
D: SystemInterface: time after state::next: 38523.488281 ms
I: SystemObliviousTransfer::next
D: SystemInterface: time after state::next: 38523.492188 ms
I: SystemObliviousTransfer::next
I: InitSender::next
D: SystemInterface: time after state::next: 38523.500000 ms
I: SystemObliviousTransfer::next
I: GenerateConstant::next
D: SystemInterface: time after state::next: 38524.871094 ms
D: message: resuming OT timer...
D: message: pausing OT timer...
D:  sending message (size 0.000384 MB)
I: SystemObliviousTransfer::next
I: SendConstant::next
D: SystemInterface: time after state::next: 38524.886719 ms
I: SystemObliviousTransfer::next
I: RecvPublicKey::next
D: SystemInterface: time after state::next: 38524.921875 ms
I: SystemObliviousTransfer::next
I: EncryptMessages::next
D: SystemInterface: time after state::next: 38528.921875 ms
D: message: resuming OT timer...
D: message: pausing OT timer...
D:  sending message (size 0.002306 MB)
I: SystemObliviousTransfer::next
I: SendEncryptedMessages::next
D: SystemInterface: time after state::next: 38528.937500 ms
I: SystemObliviousTransfer::next
I: SenderDone::next
D: SystemInterface: time after state::next: 38528.945312 ms
I: SystemObliviousTransfer::next
D: SystemInterface: time after state::next: 38528.953125 ms
I: SystemObliviousTransfer::next
I: InitSender::next
D: SystemInterface: time after state::next: 38528.957031 ms
I: SystemObliviousTransfer::next
I: GenerateConstant::next
D: SystemInterface: time after state::next: 38530.332031 ms
D: message: resuming OT timer...
D: message: pausing OT timer...
D:  sending message (size 0.000384 MB)
I: SystemObliviousTransfer::next
I: SendConstant::next
D: SystemInterface: time after state::next: 38530.347656 ms
I: SystemObliviousTransfer::next
I: RecvPublicKey::next
D: SystemInterface: time after state::next: 38530.390625 ms
I: SystemObliviousTransfer::next
I: EncryptMessages::next
D: SystemInterface: time after state::next: 38534.398438 ms
D: message: resuming OT timer...
D: message: pausing OT timer...
D:  sending message (size 0.002307 MB)
I: SystemObliviousTransfer::next
I: SendEncryptedMessages::next
D: SystemInterface: time after state::next: 38534.414062 ms
I: SystemObliviousTransfer::next
I: SenderDone::next
D: SystemInterface: time after state::next: 38534.421875 ms
I: SystemObliviousTransfer::next
D: SystemInterface: time after state::next: 38534.429688 ms
I: SystemObliviousTransfer::next
I: InitSender::next
D: SystemInterface: time after state::next: 38534.433594 ms
I: SystemObliviousTransfer::next
I: GenerateConstant::next
D: SystemInterface: time after state::next: 38535.902344 ms
D: message: resuming OT timer...
D: message: pausing OT timer...
D:  sending message (size 0.000384 MB)
I: SystemObliviousTransfer::next
I: SendConstant::next
D: SystemInterface: time after state::next: 38535.925781 ms
I: SystemObliviousTransfer::next
I: RecvPublicKey::next
D: SystemInterface: time after state::next: 38535.996094 ms
I: SystemObliviousTransfer::next
I: EncryptMessages::next
D: SystemInterface: time after state::next: 38540.589844 ms
D: message: resuming OT timer...
D: message: pausing OT timer...
D:  sending message (size 0.002307 MB)
I: SystemObliviousTransfer::next
I: SendEncryptedMessages::next
D: SystemInterface: time after state::next: 38540.605469 ms
I: SystemObliviousTransfer::next
I: SenderDone::next
D: SystemInterface: time after state::next: 38540.613281 ms
I: SystemObliviousTransfer::next
D: SystemInterface: time after state::next: 38540.621094 ms
I: SystemObliviousTransfer::next
I: InitSender::next
D: SystemInterface: time after state::next: 38540.628906 ms
I: SystemObliviousTransfer::next
I: GenerateConstant::next
D: SystemInterface: time after state::next: 38542.140625 ms
D: message: resuming OT timer...
D: message: pausing OT timer...
D:  sending message (size 0.000384 MB)
I: SystemObliviousTransfer::next
I: SendConstant::next
D: SystemInterface: time after state::next: 38542.164062 ms
I: SystemObliviousTransfer::next
I: RecvPublicKey::next
D: SystemInterface: time after state::next: 38542.214844 ms
I: SystemObliviousTransfer::next
I: EncryptMessages::next
D: SystemInterface: time after state::next: 38553.636719 ms
D: message: resuming OT timer...
D: message: pausing OT timer...
D:  sending message (size 0.002307 MB)
I: SystemObliviousTransfer::next
I: SendEncryptedMessages::next
D: SystemInterface: time after state::next: 38553.667969 ms
I: SystemObliviousTransfer::next
I: SenderDone::next
D: SystemInterface: time after state::next: 38553.679688 ms
I: SystemObliviousTransfer::next
D: SystemInterface: time after state::next: 38553.691406 ms
I: SystemObliviousTransfer::next
I: InitSender::next
D: SystemInterface: time after state::next: 38553.703125 ms
I: SystemObliviousTransfer::next
I: GenerateConstant::next
D: SystemInterface: time after state::next: 38557.480469 ms
D: message: resuming OT timer...
D: message: pausing OT timer...
D:  sending message (size 0.000384 MB)
I: SystemObliviousTransfer::next
I: SendConstant::next
D: SystemInterface: time after state::next: 38557.507812 ms
I: SystemObliviousTransfer::next
I: RecvPublicKey::next
D: SystemInterface: time after state::next: 38557.582031 ms
I: SystemObliviousTransfer::next
I: EncryptMessages::next
D: SystemInterface: time after state::next: 38569.253906 ms
D: message: resuming OT timer...
D: message: pausing OT timer...
D:  sending message (size 0.002307 MB)
I: SystemObliviousTransfer::next
I: SendEncryptedMessages::next
D: SystemInterface: time after state::next: 38569.277344 ms
I: SystemObliviousTransfer::next
I: SenderDone::next
D: SystemInterface: time after state::next: 38569.289062 ms
I: SystemObliviousTransfer::next
D: SystemInterface: time after state::next: 38569.300781 ms
I: SystemObliviousTransfer::next
I: InitSender::next
D: SystemInterface: time after state::next: 38569.308594 ms
I: SystemObliviousTransfer::next
I: GenerateConstant::next
D: SystemInterface: time after state::next: 38573.625000 ms
D: message: resuming OT timer...
D: message: pausing OT timer...
D:  sending message (size 0.000384 MB)
I: SystemObliviousTransfer::next
I: SendConstant::next
D: SystemInterface: time after state::next: 38573.660156 ms
I: SystemObliviousTransfer::next
I: RecvPublicKey::next
D: SystemInterface: time after state::next: 38573.738281 ms
I: SystemObliviousTransfer::next
I: EncryptMessages::next
D: SystemInterface: time after state::next: 38584.519531 ms
D: message: resuming OT timer...
D: message: pausing OT timer...
D:  sending message (size 0.002307 MB)
I: SystemObliviousTransfer::next
I: SendEncryptedMessages::next
D: SystemInterface: time after state::next: 38584.546875 ms
I: SystemObliviousTransfer::next
I: SenderDone::next
D: SystemInterface: time after state::next: 38584.562500 ms
I: SystemObliviousTransfer::next
D: SystemInterface: time after state::next: 38584.574219 ms
I: SystemObliviousTransfer::next
I: InitSender::next
D: SystemInterface: time after state::next: 38584.585938 ms
I: SystemObliviousTransfer::next
I: GenerateConstant::next
D: SystemInterface: time after state::next: 38587.800781 ms
D: message: resuming OT timer...
D: message: pausing OT timer...
D:  sending message (size 0.000384 MB)
I: SystemObliviousTransfer::next
I: SendConstant::next
D: SystemInterface: time after state::next: 38587.820312 ms
I: SystemObliviousTransfer::next
I: RecvPublicKey::next
D: SystemInterface: time after state::next: 38587.894531 ms
I: SystemObliviousTransfer::next
I: EncryptMessages::next
D: SystemInterface: time after state::next: 38592.546875 ms
D: message: resuming OT timer...
D: message: pausing OT timer...
D:  sending message (size 0.002306 MB)
I: SystemObliviousTransfer::next
I: SendEncryptedMessages::next
D: SystemInterface: time after state::next: 38592.570312 ms
I: SystemObliviousTransfer::next
I: SenderDone::next
D: SystemInterface: time after state::next: 38592.578125 ms
I: SystemObliviousTransfer::next
D: SystemInterface: time after state::next: 38592.585938 ms
I: SystemObliviousTransfer::next
I: InitSender::next
D: SystemInterface: time after state::next: 38592.593750 ms
I: SystemObliviousTransfer::next
I: GenerateConstant::next
D: SystemInterface: time after state::next: 38594.007812 ms
D: message: resuming OT timer...
D: message: pausing OT timer...
D:  sending message (size 0.000384 MB)
I: SystemObliviousTransfer::next
I: SendConstant::next
D: SystemInterface: time after state::next: 38594.023438 ms
I: SystemObliviousTransfer::next
I: RecvPublicKey::next
D: SystemInterface: time after state::next: 38594.066406 ms
I: SystemObliviousTransfer::next
I: EncryptMessages::next
D: SystemInterface: time after state::next: 38598.207031 ms
D: message: resuming OT timer...
D: message: pausing OT timer...
D:  sending message (size 0.002307 MB)
I: SystemObliviousTransfer::next
I: SendEncryptedMessages::next
D: SystemInterface: time after state::next: 38598.222656 ms
I: SystemObliviousTransfer::next
I: SenderDone::next
D: SystemInterface: time after state::next: 38598.230469 ms
I: SystemObliviousTransfer::next
D: SystemInterface: time after state::next: 38598.238281 ms
I: SystemObliviousTransfer::next
I: InitSender::next
D: SystemInterface: time after state::next: 38598.246094 ms
I: SystemObliviousTransfer::next
I: GenerateConstant::next
D: SystemInterface: time after state::next: 38599.652344 ms
D: message: resuming OT timer...
D: message: pausing OT timer...
D:  sending message (size 0.000384 MB)
I: SystemObliviousTransfer::next
I: SendConstant::next
D: SystemInterface: time after state::next: 38599.671875 ms
I: SystemObliviousTransfer::next
I: RecvPublicKey::next
D: SystemInterface: time after state::next: 38599.707031 ms
I: SystemObliviousTransfer::next
I: EncryptMessages::next
D: SystemInterface: time after state::next: 38603.847656 ms
D: message: resuming OT timer...
D: message: pausing OT timer...
D:  sending message (size 0.002307 MB)
I: SystemObliviousTransfer::next
I: SendEncryptedMessages::next
D: SystemInterface: time after state::next: 38603.882812 ms
I: SystemObliviousTransfer::next
I: SenderDone::next
D: SystemInterface: time after state::next: 38603.890625 ms
I: SystemObliviousTransfer::next
D: SystemInterface: time after state::next: 38603.898438 ms
I: SystemObliviousTransfer::next
I: InitSender::next
D: SystemInterface: time after state::next: 38603.902344 ms
I: SystemObliviousTransfer::next
I: GenerateConstant::next
D: SystemInterface: time after state::next: 38605.316406 ms
D: message: resuming OT timer...
D: message: pausing OT timer...
D:  sending message (size 0.000384 MB)
I: SystemObliviousTransfer::next
I: SendConstant::next
D: SystemInterface: time after state::next: 38605.332031 ms
I: SystemObliviousTransfer::next
I: RecvPublicKey::next
D: SystemInterface: time after state::next: 38605.367188 ms
I: SystemObliviousTransfer::next
I: EncryptMessages::next
D: SystemInterface: time after state::next: 38609.492188 ms
D: message: resuming OT timer...
D: message: pausing OT timer...
D:  sending message (size 0.002307 MB)
I: SystemObliviousTransfer::next
I: SendEncryptedMessages::next
D: SystemInterface: time after state::next: 38609.507812 ms
I: SystemObliviousTransfer::next
I: SenderDone::next
D: SystemInterface: time after state::next: 38609.515625 ms
I: SystemObliviousTransfer::next
D: SystemInterface: time after state::next: 38609.523438 ms
I: SystemObliviousTransfer::next
I: InitSender::next
D: SystemInterface: time after state::next: 38609.531250 ms
I: SystemObliviousTransfer::next
I: GenerateConstant::next
D: SystemInterface: time after state::next: 38610.941406 ms
D: message: resuming OT timer...
D: message: pausing OT timer...
D:  sending message (size 0.000384 MB)
I: SystemObliviousTransfer::next
I: SendConstant::next
D: SystemInterface: time after state::next: 38610.964844 ms
I: SystemObliviousTransfer::next
I: RecvPublicKey::next
D: SystemInterface: time after state::next: 38611.000000 ms
I: SystemObliviousTransfer::next
I: EncryptMessages::next
D: SystemInterface: time after state::next: 38615.128906 ms
D: message: resuming OT timer...
D: message: pausing OT timer...
D:  sending message (size 0.002307 MB)
I: SystemObliviousTransfer::next
I: SendEncryptedMessages::next
D: SystemInterface: time after state::next: 38615.148438 ms
I: SystemObliviousTransfer::next
I: SenderDone::next
D: SystemInterface: time after state::next: 38615.156250 ms
I: SystemObliviousTransfer::next
D: SystemInterface: time after state::next: 38615.160156 ms
I: SystemObliviousTransfer::next
I: InitSender::next
D: SystemInterface: time after state::next: 38615.167969 ms
I: SystemObliviousTransfer::next
I: GenerateConstant::next
D: SystemInterface: time after state::next: 38616.542969 ms
D: message: resuming OT timer...
D: message: pausing OT timer...
D:  sending message (size 0.000384 MB)
I: SystemObliviousTransfer::next
I: SendConstant::next
D: SystemInterface: time after state::next: 38616.558594 ms
I: SystemObliviousTransfer::next
I: RecvPublicKey::next
D: SystemInterface: time after state::next: 38616.593750 ms
I: SystemObliviousTransfer::next
I: EncryptMessages::next
D: SystemInterface: time after state::next: 38620.726562 ms
D: message: resuming OT timer...
D: message: pausing OT timer...
D:  sending message (size 0.002307 MB)
I: SystemObliviousTransfer::next
I: SendEncryptedMessages::next
D: SystemInterface: time after state::next: 38620.742188 ms
I: SystemObliviousTransfer::next
I: SenderDone::next
D: SystemInterface: time after state::next: 38620.750000 ms
I: SystemObliviousTransfer::next
D: SystemInterface: time after state::next: 38620.757812 ms
I: SystemObliviousTransfer::next
I: InitSender::next
D: SystemInterface: time after state::next: 38620.761719 ms
I: SystemObliviousTransfer::next
I: GenerateConstant::next
D: SystemInterface: time after state::next: 38622.179688 ms
D: message: resuming OT timer...
D: message: pausing OT timer...
D:  sending message (size 0.000384 MB)
I: SystemObliviousTransfer::next
I: SendConstant::next
D: SystemInterface: time after state::next: 38622.195312 ms
I: SystemObliviousTransfer::next
I: RecvPublicKey::next
D: SystemInterface: time after state::next: 38622.242188 ms
I: SystemObliviousTransfer::next
I: EncryptMessages::next
D: SystemInterface: time after state::next: 38626.378906 ms
D: message: resuming OT timer...
D: message: pausing OT timer...
D:  sending message (size 0.002307 MB)
I: SystemObliviousTransfer::next
I: SendEncryptedMessages::next
D: SystemInterface: time after state::next: 38626.394531 ms
I: SystemObliviousTransfer::next
I: SenderDone::next
D: SystemInterface: time after state::next: 38626.402344 ms
I: SystemObliviousTransfer::next
D: SystemInterface: time after state::next: 38626.410156 ms
I: SystemObliviousTransfer::next
I: InitSender::next
D: SystemInterface: time after state::next: 38626.417969 ms
I: SystemObliviousTransfer::next
I: GenerateConstant::next
D: SystemInterface: time after state::next: 38627.832031 ms
D: message: resuming OT timer...
D: message: pausing OT timer...
D:  sending message (size 0.000384 MB)
I: SystemObliviousTransfer::next
I: SendConstant::next
D: SystemInterface: time after state::next: 38627.847656 ms
I: SystemObliviousTransfer::next
I: RecvPublicKey::next
D: SystemInterface: time after state::next: 38627.882812 ms
I: SystemObliviousTransfer::next
I: EncryptMessages::next
D: SystemInterface: time after state::next: 38632.019531 ms
D: message: resuming OT timer...
D: message: pausing OT timer...
D:  sending message (size 0.002307 MB)
I: SystemObliviousTransfer::next
I: SendEncryptedMessages::next
D: SystemInterface: time after state::next: 38632.039062 ms
I: SystemObliviousTransfer::next
I: SenderDone::next
D: SystemInterface: time after state::next: 38632.046875 ms
I: SystemObliviousTransfer::next
D: SystemInterface: time after state::next: 38632.050781 ms
I: SystemObliviousTransfer::next
I: InitSender::next
D: SystemInterface: time after state::next: 38632.058594 ms
I: SystemObliviousTransfer::next
I: GenerateConstant::next
D: SystemInterface: time after state::next: 38633.484375 ms
D: message: resuming OT timer...
D: message: pausing OT timer...
D:  sending message (size 0.000384 MB)
I: SystemObliviousTransfer::next
I: SendConstant::next
D: SystemInterface: time after state::next: 38633.500000 ms
I: SystemObliviousTransfer::next
I: RecvPublicKey::next
D: SystemInterface: time after state::next: 38633.535156 ms
I: SystemObliviousTransfer::next
I: EncryptMessages::next
D: SystemInterface: time after state::next: 38637.578125 ms
D: message: resuming OT timer...
D: message: pausing OT timer...
D:  sending message (size 0.002307 MB)
I: SystemObliviousTransfer::next
I: SendEncryptedMessages::next
D: SystemInterface: time after state::next: 38637.593750 ms
I: SystemObliviousTransfer::next
I: SenderDone::next
D: SystemInterface: time after state::next: 38637.601562 ms
I: SystemObliviousTransfer::next
D: SystemInterface: time after state::next: 38637.609375 ms
I: SystemObliviousTransfer::next
I: InitSender::next
D: SystemInterface: time after state::next: 38637.613281 ms
I: SystemObliviousTransfer::next
I: GenerateConstant::next
D: SystemInterface: time after state::next: 38638.996094 ms
D: message: resuming OT timer...
D: message: pausing OT timer...
D:  sending message (size 0.000384 MB)
I: SystemObliviousTransfer::next
I: SendConstant::next
D: SystemInterface: time after state::next: 38639.011719 ms
I: SystemObliviousTransfer::next
I: RecvPublicKey::next
D: SystemInterface: time after state::next: 38639.042969 ms
I: SystemObliviousTransfer::next
I: EncryptMessages::next
D: SystemInterface: time after state::next: 38643.105469 ms
D: message: resuming OT timer...
D: message: pausing OT timer...
D:  sending message (size 0.002307 MB)
I: SystemObliviousTransfer::next
I: SendEncryptedMessages::next
D: SystemInterface: time after state::next: 38643.125000 ms
I: SystemObliviousTransfer::next
I: SenderDone::next
D: SystemInterface: time after state::next: 38643.132812 ms
I: SystemObliviousTransfer::next
D: SystemInterface: time after state::next: 38643.136719 ms
I: SystemObliviousTransfer::next
I: InitSender::next
D: SystemInterface: time after state::next: 38643.152344 ms
I: SystemObliviousTransfer::next
I: GenerateConstant::next
D: SystemInterface: time after state::next: 38644.550781 ms
D: message: resuming OT timer...
D: message: pausing OT timer...
D:  sending message (size 0.000384 MB)
I: SystemObliviousTransfer::next
I: SendConstant::next
D: SystemInterface: time after state::next: 38644.566406 ms
I: SystemObliviousTransfer::next
I: RecvPublicKey::next
D: SystemInterface: time after state::next: 38644.601562 ms
I: SystemObliviousTransfer::next
I: EncryptMessages::next
D: SystemInterface: time after state::next: 38648.753906 ms
D: message: resuming OT timer...
D: message: pausing OT timer...
D:  sending message (size 0.002307 MB)
I: SystemObliviousTransfer::next
I: SendEncryptedMessages::next
D: SystemInterface: time after state::next: 38648.781250 ms
I: SystemObliviousTransfer::next
I: SenderDone::next
D: SystemInterface: time after state::next: 38648.792969 ms
I: SystemObliviousTransfer::next
D: SystemInterface: time after state::next: 38648.804688 ms
I: SystemObliviousTransfer::next
I: ---- OT duration: 407.386230 ms
D: SystemInterface: time after state::next: 38648.816406 ms
I: RecvFlagBit::next
D: ==== round duration: 38648.859375 ms ====
D: SystemInterface: time after state::next: 0.003157 ms
I: UpdateSystem::next
D: SystemInterface: time after state::next: 0.013544 ms
I: SystemCopyMonitorStateLabels::next
D: SystemInterface: time after state::next: 20.752491 ms
I: GenerateGarbledGates::next
D: refilling hex generator buffer (took 2.004861 ms)
D: refilling hex generator buffer (took 2.047655 ms)
D: refilling hex generator buffer (took 1.979603 ms)
D: refilling hex generator buffer (took 2.034810 ms)
D: refilling hex generator buffer (took 2.001327 ms)
D: refilling hex generator buffer (took 1.993304 ms)
D: refilling hex generator buffer (took 2.008030 ms)
D: refilling hex generator buffer (took 2.046124 ms)
D: refilling hex generator buffer (took 1.990054 ms)
D: refilling hex generator buffer (took 1.992922 ms)
D: refilling hex generator buffer (took 2.039759 ms)
D: refilling hex generator buffer (took 2.034339 ms)
D: refilling hex generator buffer (took 1.981689 ms)
D: refilling hex generator buffer (took 2.035298 ms)
D: refilling hex generator buffer (took 2.038890 ms)
D: refilling hex generator buffer (took 2.099666 ms)
D: refilling hex generator buffer (took 2.046591 ms)
D: refilling hex generator buffer (took 2.069804 ms)
D: refilling hex generator buffer (took 2.095421 ms)
D: refilling hex generator buffer (took 2.053083 ms)
D: refilling hex generator buffer (took 2.065584 ms)
D: refilling hex generator buffer (took 2.050836 ms)
D: refilling hex generator buffer (took 2.063038 ms)
D: refilling hex generator buffer (took 2.085513 ms)
D: refilling hex generator buffer (took 2.079438 ms)
D: refilling hex generator buffer (took 2.028699 ms)
D: refilling hex generator buffer (took 1.989884 ms)
D: refilling hex generator buffer (took 2.035159 ms)
D: refilling hex generator buffer (took 2.032633 ms)
D: refilling hex generator buffer (took 1.981199 ms)
D: refilling hex generator buffer (took 2.021638 ms)
D: refilling hex generator buffer (took 2.037459 ms)
D: refilling hex generator buffer (took 2.057284 ms)
D: refilling hex generator buffer (took 2.006934 ms)
D: refilling hex generator buffer (took 1.978439 ms)
D: refilling hex generator buffer (took 2.000496 ms)
D: refilling hex generator buffer (took 2.013642 ms)
D: refilling hex generator buffer (took 1.981695 ms)
D: refilling hex generator buffer (took 2.000305 ms)
D: refilling hex generator buffer (took 2.066899 ms)
D: refilling hex generator buffer (took 2.039067 ms)
D: refilling hex generator buffer (took 2.043519 ms)
D: refilling hex generator buffer (took 2.074624 ms)
D: refilling hex generator buffer (took 2.071830 ms)
D: refilling hex generator buffer (took 2.007330 ms)
D: refilling hex generator buffer (took 2.076883 ms)
D: refilling hex generator buffer (took 2.041907 ms)
D: refilling hex generator buffer (took 2.041761 ms)
D: refilling hex generator buffer (took 2.069536 ms)
D: refilling hex generator buffer (took 2.080850 ms)
D: refilling hex generator buffer (took 2.067212 ms)
D: refilling hex generator buffer (took 2.047663 ms)
D: refilling hex generator buffer (took 2.066228 ms)
D: refilling hex generator buffer (took 2.048269 ms)
D: refilling hex generator buffer (took 2.073052 ms)
D: refilling hex generator buffer (took 2.039496 ms)
D: refilling hex generator buffer (took 2.076690 ms)
D: refilling hex generator buffer (took 2.087270 ms)
D: refilling hex generator buffer (took 2.092460 ms)
D: refilling hex generator buffer (took 2.129722 ms)
D: refilling hex generator buffer (took 2.101595 ms)
D: refilling hex generator buffer (took 2.117437 ms)
D: refilling hex generator buffer (took 2.059757 ms)
D: refilling hex generator buffer (took 2.080842 ms)
D: refilling hex generator buffer (took 2.087898 ms)
D: refilling hex generator buffer (took 2.093211 ms)
D: refilling hex generator buffer (took 2.080048 ms)
D: refilling hex generator buffer (took 2.050576 ms)
D: refilling hex generator buffer (took 2.043856 ms)
D: refilling hex generator buffer (took 2.079000 ms)
D: refilling hex generator buffer (took 2.099156 ms)
D: refilling hex generator buffer (took 2.083952 ms)
D: refilling hex generator buffer (took 2.102917 ms)
D: refilling hex generator buffer (took 1.991124 ms)
D: refilling hex generator buffer (took 2.036589 ms)
D: refilling hex generator buffer (took 2.084602 ms)
D: refilling hex generator buffer (took 2.034397 ms)
D: refilling hex generator buffer (took 2.022028 ms)
D: refilling hex generator buffer (took 2.012040 ms)
D: refilling hex generator buffer (took 2.068109 ms)
D: refilling hex generator buffer (took 2.034721 ms)
D: refilling hex generator buffer (took 2.055639 ms)
D: refilling hex generator buffer (took 2.058017 ms)
D: refilling hex generator buffer (took 2.054593 ms)
D: refilling hex generator buffer (took 2.051616 ms)
D: refilling hex generator buffer (took 2.059449 ms)
D: refilling hex generator buffer (took 2.099868 ms)
D: refilling hex generator buffer (took 2.009279 ms)
D: refilling hex generator buffer (took 2.061666 ms)
D: refilling hex generator buffer (took 2.105184 ms)
D: refilling hex generator buffer (took 2.075046 ms)
D: refilling hex generator buffer (took 2.047580 ms)
D: refilling hex generator buffer (took 2.102728 ms)
D: refilling hex generator buffer (took 2.122183 ms)
D: refilling hex generator buffer (took 2.282345 ms)
D: refilling hex generator buffer (took 2.454751 ms)
D: refilling hex generator buffer (took 2.310360 ms)
D: refilling hex generator buffer (took 2.325796 ms)
D: refilling hex generator buffer (took 2.230469 ms)
D: refilling hex generator buffer (took 2.248811 ms)
D: refilling hex generator buffer (took 2.167705 ms)
D: refilling hex generator buffer (took 3.149110 ms)
D: refilling hex generator buffer (took 3.153395 ms)
D: refilling hex generator buffer (took 2.863710 ms)
D: refilling hex generator buffer (took 2.691851 ms)
D: refilling hex generator buffer (took 2.572775 ms)
D: refilling hex generator buffer (took 2.511452 ms)
D: refilling hex generator buffer (took 2.530207 ms)
D: refilling hex generator buffer (took 2.387320 ms)
D: refilling hex generator buffer (took 2.396434 ms)
D: refilling hex generator buffer (took 2.346728 ms)
D: SystemInterface: time after state::next: 37800.886719 ms
D:  sending message (size 440.816096 MB)
I: SendGarbledGates::next
D: SystemInterface: time after state::next: 37800.960938 ms
D:  sending message (size 9.843200 MB)
I: SendSystemInputLabels::next
D: SystemInterface: time after state::next: 37801.011719 ms
D:  sending message (size 0.001538 MB)
I: SendFlagBitLabels::next
D: SystemInterface: time after state::next: 37801.050781 ms
I: RecvFlagBit::next
D: ==== round duration: 37801.117188 ms ====
D: SystemInterface: time after state::next: 0.003590 ms
I: UpdateSystem::next
D: SystemInterface: time after state::next: 0.013799 ms
I: SystemCopyMonitorStateLabels::next
D: SystemInterface: time after state::next: 19.126980 ms
I: GenerateGarbledGates::next
D: refilling hex generator buffer (took 1.987299 ms)
D: refilling hex generator buffer (took 1.998745 ms)
D: refilling hex generator buffer (took 2.087455 ms)
D: refilling hex generator buffer (took 1.992512 ms)
D: refilling hex generator buffer (took 2.007995 ms)
D: refilling hex generator buffer (took 2.043622 ms)
D: refilling hex generator buffer (took 2.059467 ms)
D: refilling hex generator buffer (took 2.055069 ms)
D: refilling hex generator buffer (took 2.087891 ms)
D: refilling hex generator buffer (took 2.037142 ms)
D: refilling hex generator buffer (took 2.044991 ms)
D: refilling hex generator buffer (took 2.020977 ms)
D: refilling hex generator buffer (took 2.033190 ms)
D: refilling hex generator buffer (took 2.013265 ms)
D: refilling hex generator buffer (took 2.141715 ms)
D: refilling hex generator buffer (took 2.081728 ms)
D: refilling hex generator buffer (took 2.049081 ms)
D: refilling hex generator buffer (took 2.097009 ms)
D: refilling hex generator buffer (took 2.044419 ms)
D: refilling hex generator buffer (took 2.026127 ms)
D: refilling hex generator buffer (took 2.079112 ms)
D: refilling hex generator buffer (took 2.079962 ms)
D: refilling hex generator buffer (took 2.041511 ms)
D: refilling hex generator buffer (took 2.130397 ms)
D: refilling hex generator buffer (took 2.088424 ms)
D: refilling hex generator buffer (took 2.056296 ms)
D: refilling hex generator buffer (took 2.048787 ms)
D: refilling hex generator buffer (took 2.028591 ms)
D: refilling hex generator buffer (took 2.037849 ms)
D: refilling hex generator buffer (took 2.101274 ms)
D: refilling hex generator buffer (took 2.030289 ms)
D: refilling hex generator buffer (took 2.033691 ms)
D: refilling hex generator buffer (took 2.042787 ms)
D: refilling hex generator buffer (took 2.048692 ms)
D: refilling hex generator buffer (took 2.046534 ms)
D: refilling hex generator buffer (took 1.964778 ms)
D: refilling hex generator buffer (took 1.969919 ms)
D: refilling hex generator buffer (took 2.054308 ms)
D: refilling hex generator buffer (took 2.051779 ms)
D: refilling hex generator buffer (took 2.081041 ms)
D: refilling hex generator buffer (took 2.048633 ms)
D: refilling hex generator buffer (took 2.037631 ms)
D: refilling hex generator buffer (took 2.063777 ms)
D: refilling hex generator buffer (took 2.083527 ms)
D: refilling hex generator buffer (took 2.095020 ms)
D: refilling hex generator buffer (took 2.047565 ms)
D: refilling hex generator buffer (took 2.090402 ms)
D: refilling hex generator buffer (took 2.043868 ms)
D: refilling hex generator buffer (took 2.073889 ms)
D: refilling hex generator buffer (took 2.045975 ms)
D: refilling hex generator buffer (took 2.041713 ms)
D: refilling hex generator buffer (took 2.053259 ms)
D: refilling hex generator buffer (took 2.106832 ms)
D: refilling hex generator buffer (took 2.126387 ms)
D: refilling hex generator buffer (took 2.102884 ms)
D: refilling hex generator buffer (took 2.104324 ms)
D: refilling hex generator buffer (took 2.118876 ms)
D: refilling hex generator buffer (took 2.111813 ms)
D: refilling hex generator buffer (took 2.042607 ms)
D: refilling hex generator buffer (took 2.044700 ms)
D: refilling hex generator buffer (took 2.053025 ms)
D: refilling hex generator buffer (took 2.042913 ms)
D: refilling hex generator buffer (took 2.058491 ms)
D: refilling hex generator buffer (took 2.044010 ms)
D: refilling hex generator buffer (took 2.096884 ms)
D: refilling hex generator buffer (took 2.055942 ms)
D: refilling hex generator buffer (took 2.053613 ms)
D: refilling hex generator buffer (took 2.077928 ms)
D: refilling hex generator buffer (took 2.080742 ms)
D: refilling hex generator buffer (took 2.051593 ms)
D: refilling hex generator buffer (took 2.031478 ms)
D: refilling hex generator buffer (took 2.034763 ms)
D: refilling hex generator buffer (took 2.099424 ms)
D: refilling hex generator buffer (took 2.122421 ms)
D: refilling hex generator buffer (took 2.120060 ms)
D: refilling hex generator buffer (took 2.127452 ms)
D: refilling hex generator buffer (took 2.150904 ms)
D: refilling hex generator buffer (took 2.094922 ms)
D: refilling hex generator buffer (took 2.101226 ms)
D: refilling hex generator buffer (took 2.119681 ms)
D: refilling hex generator buffer (took 2.109667 ms)
D: refilling hex generator buffer (took 2.087521 ms)
D: refilling hex generator buffer (took 2.105599 ms)
D: refilling hex generator buffer (took 2.052645 ms)
D: refilling hex generator buffer (took 2.039092 ms)
D: refilling hex generator buffer (took 2.038216 ms)
D: refilling hex generator buffer (took 2.042652 ms)
D: refilling hex generator buffer (took 2.041391 ms)
D: refilling hex generator buffer (took 2.048722 ms)
D: refilling hex generator buffer (took 2.039942 ms)
D: refilling hex generator buffer (took 2.044397 ms)
D: refilling hex generator buffer (took 2.041420 ms)
D: refilling hex generator buffer (took 2.050207 ms)
D: refilling hex generator buffer (took 2.051891 ms)
D: refilling hex generator buffer (took 2.033288 ms)
D: refilling hex generator buffer (took 2.083026 ms)
D: refilling hex generator buffer (took 2.044388 ms)
D: refilling hex generator buffer (took 2.045354 ms)
D: refilling hex generator buffer (took 2.040572 ms)
D: refilling hex generator buffer (took 2.093606 ms)
D: refilling hex generator buffer (took 2.033781 ms)
D: refilling hex generator buffer (took 2.045207 ms)
D: refilling hex generator buffer (took 2.044497 ms)
D: refilling hex generator buffer (took 2.055392 ms)
D: refilling hex generator buffer (took 2.100361 ms)
D: refilling hex generator buffer (took 2.049437 ms)
D: refilling hex generator buffer (took 2.067848 ms)
D: refilling hex generator buffer (took 2.043564 ms)
D: refilling hex generator buffer (took 2.096210 ms)
D: refilling hex generator buffer (took 2.082603 ms)
D: refilling hex generator buffer (took 2.062610 ms)
D: SystemInterface: time after state::next: 37460.476562 ms
D:  sending message (size 440.816096 MB)
I: SendGarbledGates::next
D: SystemInterface: time after state::next: 37460.609375 ms
D:  sending message (size 9.843200 MB)
I: SendSystemInputLabels::next
D: SystemInterface: time after state::next: 37460.671875 ms
D:  sending message (size 0.001538 MB)
I: SendFlagBitLabels::next
D: SystemInterface: time after state::next: 37460.707031 ms
I: RecvFlagBit::next
D: ==== round duration: 37460.746094 ms ====
D: SystemInterface: time after state::next: 0.002764 ms
I: SystemDone::next
D: SystemInterface: time after state::next: 0.008457 ms
