I: initializing safe primes...
I: using prime modulus 5809605995369958062791915965639201402176612226902900533702900882779736177890990861472094774477339581147373410185646378328043729800750470098210924487866935059164371588168047540943981644516632755067501626434556398193186628990071248660819361205119793693985433297036118232914410171876807536457391277857011849897410207519105333355801121109356897459426271845471397952675959440793493071628394122780510124618488232602464649876850458861245784240929258426287699705312584509625419513463605155428017165714465363094021609290561084025893662561222573202082865797821865270991145082200656978177192827024538990239969175546190770645685893438011714430426409338676314743571154537142031573004276428701433036381801705308659830751190352946025482059931306571004727362479688415574702596946457770284148435989129632853918392117997472632693078113129886487399347796982772784615865232621289656944284216824611318709764535152507354116344703769998514148343807
I: received gate count 67962
I: InitSystem::next
D: SystemInterface: time after state::next: 0.031129 ms
I: RecvCircuit::next
D: ---- circuit parsing time: 67453.351562 ms
D: SystemInterface: time after state::next: 0.004865 ms
I: InitMonitorStateLabels::next
D: refilling hex generator buffer (took 1.841144 ms)
D: SystemInterface: time after state::next: 3.054067 ms
I: GenerateGarbledGates::next
D: refilling hex generator buffer (took 1.888666 ms)
D: refilling hex generator buffer (took 1.889073 ms)
D: refilling hex generator buffer (took 1.886084 ms)
D: refilling hex generator buffer (took 1.938858 ms)
D: refilling hex generator buffer (took 1.932554 ms)
D: refilling hex generator buffer (took 1.975922 ms)
D: refilling hex generator buffer (took 2.035482 ms)
D: refilling hex generator buffer (took 1.975087 ms)
D: refilling hex generator buffer (took 2.006468 ms)
D: refilling hex generator buffer (took 1.975886 ms)
D: refilling hex generator buffer (took 1.993168 ms)
D: refilling hex generator buffer (took 2.009858 ms)
D: refilling hex generator buffer (took 1.984764 ms)
D: refilling hex generator buffer (took 1.991118 ms)
D: refilling hex generator buffer (took 1.980575 ms)
D: refilling hex generator buffer (took 2.052993 ms)
D: refilling hex generator buffer (took 1.986735 ms)
D: refilling hex generator buffer (took 2.075815 ms)
D: refilling hex generator buffer (took 2.036373 ms)
D: refilling hex generator buffer (took 2.091395 ms)
D: refilling hex generator buffer (took 2.101305 ms)
D: refilling hex generator buffer (took 2.059741 ms)
D: refilling hex generator buffer (took 2.034588 ms)
D: refilling hex generator buffer (took 2.057737 ms)
D: refilling hex generator buffer (took 2.047033 ms)
D: refilling hex generator buffer (took 2.043910 ms)
D: refilling hex generator buffer (took 1.980562 ms)
D: refilling hex generator buffer (took 2.036370 ms)
D: refilling hex generator buffer (took 1.987282 ms)
D: refilling hex generator buffer (took 2.028177 ms)
D: refilling hex generator buffer (took 2.015999 ms)
D: refilling hex generator buffer (took 2.062785 ms)
D: refilling hex generator buffer (took 2.042090 ms)
D: refilling hex generator buffer (took 2.055842 ms)
D: refilling hex generator buffer (took 2.110086 ms)
D: refilling hex generator buffer (took 2.038330 ms)
D: refilling hex generator buffer (took 2.059241 ms)
D: refilling hex generator buffer (took 2.067334 ms)
D: refilling hex generator buffer (took 2.010980 ms)
D: refilling hex generator buffer (took 2.100098 ms)
D: refilling hex generator buffer (took 2.041034 ms)
D: refilling hex generator buffer (took 2.026189 ms)
D: refilling hex generator buffer (took 2.065967 ms)
D: refilling hex generator buffer (took 2.054086 ms)
D: refilling hex generator buffer (took 2.032153 ms)
D: refilling hex generator buffer (took 2.008294 ms)
D: refilling hex generator buffer (took 2.071863 ms)
D: refilling hex generator buffer (took 2.078755 ms)
D: refilling hex generator buffer (took 2.031962 ms)
D: refilling hex generator buffer (took 2.037553 ms)
D: refilling hex generator buffer (took 2.051660 ms)
D: refilling hex generator buffer (took 2.068768 ms)
D: refilling hex generator buffer (took 2.004668 ms)
D: refilling hex generator buffer (took 2.009125 ms)
D: refilling hex generator buffer (took 2.007771 ms)
D: refilling hex generator buffer (took 2.050811 ms)
D: refilling hex generator buffer (took 2.102732 ms)
D: refilling hex generator buffer (took 2.055250 ms)
D: refilling hex generator buffer (took 2.074204 ms)
D: refilling hex generator buffer (took 2.047821 ms)
D: refilling hex generator buffer (took 2.093108 ms)
D: refilling hex generator buffer (took 2.035050 ms)
D: refilling hex generator buffer (took 2.052617 ms)
D: refilling hex generator buffer (took 2.001137 ms)
D: refilling hex generator buffer (took 2.071599 ms)
D: refilling hex generator buffer (took 2.045701 ms)
D: refilling hex generator buffer (took 1.973593 ms)
D: refilling hex generator buffer (took 1.963873 ms)
D: refilling hex generator buffer (took 2.049501 ms)
D: refilling hex generator buffer (took 2.086932 ms)
D: refilling hex generator buffer (took 2.036229 ms)
D: refilling hex generator buffer (took 2.004763 ms)
D: refilling hex generator buffer (took 2.012992 ms)
D: refilling hex generator buffer (took 2.036234 ms)
D: refilling hex generator buffer (took 2.049105 ms)
D: refilling hex generator buffer (took 2.047220 ms)
D: refilling hex generator buffer (took 2.054496 ms)
D: refilling hex generator buffer (took 2.108318 ms)
D: refilling hex generator buffer (took 2.644959 ms)
D: refilling hex generator buffer (took 2.736651 ms)
D: refilling hex generator buffer (took 2.711801 ms)
D: refilling hex generator buffer (took 2.655862 ms)
D: refilling hex generator buffer (took 2.550601 ms)
D: refilling hex generator buffer (took 2.497422 ms)
D: refilling hex generator buffer (took 2.421569 ms)
D: refilling hex generator buffer (took 2.381789 ms)
D: refilling hex generator buffer (took 2.302755 ms)
D: refilling hex generator buffer (took 2.344868 ms)
D: refilling hex generator buffer (took 2.264451 ms)
D: refilling hex generator buffer (took 2.235494 ms)
D: refilling hex generator buffer (took 2.298540 ms)
D: refilling hex generator buffer (took 2.141596 ms)
D: refilling hex generator buffer (took 2.169059 ms)
D: refilling hex generator buffer (took 2.171444 ms)
D: refilling hex generator buffer (took 2.256831 ms)
D: refilling hex generator buffer (took 2.128512 ms)
D: refilling hex generator buffer (took 2.094905 ms)
D: refilling hex generator buffer (took 2.159365 ms)
D: refilling hex generator buffer (took 2.125749 ms)
D: refilling hex generator buffer (took 2.110475 ms)
D: refilling hex generator buffer (took 2.106768 ms)
D: refilling hex generator buffer (took 2.104255 ms)
D: refilling hex generator buffer (took 2.070094 ms)
D: refilling hex generator buffer (took 2.070764 ms)
D: refilling hex generator buffer (took 2.022342 ms)
D: refilling hex generator buffer (took 2.095557 ms)
D: refilling hex generator buffer (took 2.036870 ms)
D: refilling hex generator buffer (took 2.093076 ms)
D: SystemInterface: time after state::next: 34107.863281 ms
D:  sending message (size 424.626560 MB)
I: SendGarbledGates::next
D: SystemInterface: time after state::next: 34107.925781 ms
D:  sending message (size 9.836800 MB)
I: SendSystemInputLabels::next
D: SystemInterface: time after state::next: 34107.972656 ms
D:  sending message (size 0.003074 MB)
I: SendFlagBitLabels::next
D: ctor: starting OT timer...
D: ctor: pausing OT timer...
D: SystemInterface: time after state::next: 34108.023438 ms
I: SystemObliviousTransfer::next
I: InitSender::next
D: SystemInterface: time after state::next: 34108.460938 ms
I: SystemObliviousTransfer::next
I: GenerateConstant::next
D: SystemInterface: time after state::next: 34116.328125 ms
D: message: resuming OT timer...
D: message: pausing OT timer...
D:  sending message (size 0.000768 MB)
I: SystemObliviousTransfer::next
I: SendConstant::next
D: SystemInterface: time after state::next: 34116.406250 ms
I: SystemObliviousTransfer::next
I: RecvPublicKey::next
D: SystemInterface: time after state::next: 34116.476562 ms
I: SystemObliviousTransfer::next
I: EncryptMessages::next
D: SystemInterface: time after state::next: 34145.281250 ms
D: message: resuming OT timer...
D: message: pausing OT timer...
D:  sending message (size 0.004611 MB)
I: SystemObliviousTransfer::next
I: SendEncryptedMessages::next
D: SystemInterface: time after state::next: 34145.300781 ms
I: SystemObliviousTransfer::next
I: SenderDone::next
D: SystemInterface: time after state::next: 34145.308594 ms
I: SystemObliviousTransfer::next
D: SystemInterface: time after state::next: 34145.320312 ms
I: SystemObliviousTransfer::next
I: InitSender::next
D: SystemInterface: time after state::next: 34145.328125 ms
I: SystemObliviousTransfer::next
I: GenerateConstant::next
D: SystemInterface: time after state::next: 34152.917969 ms
D: message: resuming OT timer...
D: message: pausing OT timer...
D:  sending message (size 0.000768 MB)
I: SystemObliviousTransfer::next
I: SendConstant::next
D: SystemInterface: time after state::next: 34152.937500 ms
I: SystemObliviousTransfer::next
I: RecvPublicKey::next
D: SystemInterface: time after state::next: 34153.007812 ms
I: SystemObliviousTransfer::next
I: EncryptMessages::next
D: SystemInterface: time after state::next: 34181.894531 ms
D: message: resuming OT timer...
D: message: pausing OT timer...
D:  sending message (size 0.004611 MB)
I: SystemObliviousTransfer::next
I: SendEncryptedMessages::next
D: SystemInterface: time after state::next: 34181.914062 ms
I: SystemObliviousTransfer::next
I: SenderDone::next
D: SystemInterface: time after state::next: 34181.921875 ms
I: SystemObliviousTransfer::next
D: SystemInterface: time after state::next: 34181.933594 ms
I: SystemObliviousTransfer::next
I: InitSender::next
D: SystemInterface: time after state::next: 34181.941406 ms
I: SystemObliviousTransfer::next
I: GenerateConstant::next
D: SystemInterface: time after state::next: 34189.605469 ms
D: message: resuming OT timer...
D: message: pausing OT timer...
D:  sending message (size 0.000768 MB)
I: SystemObliviousTransfer::next
I: SendConstant::next
D: SystemInterface: time after state::next: 34189.621094 ms
I: SystemObliviousTransfer::next
I: RecvPublicKey::next
D: SystemInterface: time after state::next: 34189.691406 ms
I: SystemObliviousTransfer::next
I: EncryptMessages::next
D: SystemInterface: time after state::next: 34218.593750 ms
D: message: resuming OT timer...
D: message: pausing OT timer...
D:  sending message (size 0.004611 MB)
I: SystemObliviousTransfer::next
I: SendEncryptedMessages::next
D: SystemInterface: time after state::next: 34218.617188 ms
I: SystemObliviousTransfer::next
I: SenderDone::next
D: SystemInterface: time after state::next: 34218.625000 ms
I: SystemObliviousTransfer::next
D: SystemInterface: time after state::next: 34218.636719 ms
I: SystemObliviousTransfer::next
I: InitSender::next
D: SystemInterface: time after state::next: 34218.644531 ms
I: SystemObliviousTransfer::next
I: GenerateConstant::next
D: SystemInterface: time after state::next: 34226.347656 ms
D: message: resuming OT timer...
D: message: pausing OT timer...
D:  sending message (size 0.000768 MB)
I: SystemObliviousTransfer::next
I: SendConstant::next
D: SystemInterface: time after state::next: 34226.375000 ms
I: SystemObliviousTransfer::next
I: RecvPublicKey::next
D: SystemInterface: time after state::next: 34226.472656 ms
I: SystemObliviousTransfer::next
I: EncryptMessages::next
D: SystemInterface: time after state::next: 34255.804688 ms
D: message: resuming OT timer...
D: message: pausing OT timer...
D:  sending message (size 0.004611 MB)
I: SystemObliviousTransfer::next
I: SendEncryptedMessages::next
D: SystemInterface: time after state::next: 34255.828125 ms
I: SystemObliviousTransfer::next
I: SenderDone::next
D: SystemInterface: time after state::next: 34255.835938 ms
I: SystemObliviousTransfer::next
D: SystemInterface: time after state::next: 34255.847656 ms
I: SystemObliviousTransfer::next
I: InitSender::next
D: SystemInterface: time after state::next: 34255.855469 ms
I: SystemObliviousTransfer::next
I: GenerateConstant::next
D: SystemInterface: time after state::next: 34263.578125 ms
D: message: resuming OT timer...
D: message: pausing OT timer...
D:  sending message (size 0.000768 MB)
I: SystemObliviousTransfer::next
I: SendConstant::next
D: SystemInterface: time after state::next: 34263.593750 ms
I: SystemObliviousTransfer::next
I: RecvPublicKey::next
D: SystemInterface: time after state::next: 34263.667969 ms
I: SystemObliviousTransfer::next
I: EncryptMessages::next
D: SystemInterface: time after state::next: 34292.566406 ms
D: message: resuming OT timer...
D: message: pausing OT timer...
D:  sending message (size 0.004611 MB)
I: SystemObliviousTransfer::next
I: SendEncryptedMessages::next
D: SystemInterface: time after state::next: 34292.585938 ms
I: SystemObliviousTransfer::next
I: SenderDone::next
D: SystemInterface: time after state::next: 34292.597656 ms
I: SystemObliviousTransfer::next
D: SystemInterface: time after state::next: 34292.605469 ms
I: SystemObliviousTransfer::next
I: InitSender::next
D: SystemInterface: time after state::next: 34292.613281 ms
I: SystemObliviousTransfer::next
I: GenerateConstant::next
D: SystemInterface: time after state::next: 34300.281250 ms
D: message: resuming OT timer...
D: message: pausing OT timer...
D:  sending message (size 0.000768 MB)
I: SystemObliviousTransfer::next
I: SendConstant::next
D: SystemInterface: time after state::next: 34300.300781 ms
I: SystemObliviousTransfer::next
I: RecvPublicKey::next
D: SystemInterface: time after state::next: 34300.367188 ms
I: SystemObliviousTransfer::next
I: EncryptMessages::next
D: SystemInterface: time after state::next: 34329.222656 ms
D: message: resuming OT timer...
D: message: pausing OT timer...
D:  sending message (size 0.004611 MB)
I: SystemObliviousTransfer::next
I: SendEncryptedMessages::next
D: SystemInterface: time after state::next: 34329.246094 ms
I: SystemObliviousTransfer::next
I: SenderDone::next
D: SystemInterface: time after state::next: 34329.257812 ms
I: SystemObliviousTransfer::next
D: SystemInterface: time after state::next: 34329.269531 ms
I: SystemObliviousTransfer::next
I: InitSender::next
D: SystemInterface: time after state::next: 34329.277344 ms
I: SystemObliviousTransfer::next
I: GenerateConstant::next
D: SystemInterface: time after state::next: 34336.957031 ms
D: message: resuming OT timer...
D: message: pausing OT timer...
D:  sending message (size 0.000768 MB)
I: SystemObliviousTransfer::next
I: SendConstant::next
D: SystemInterface: time after state::next: 34336.976562 ms
I: SystemObliviousTransfer::next
I: RecvPublicKey::next
D: SystemInterface: time after state::next: 34337.046875 ms
I: SystemObliviousTransfer::next
I: EncryptMessages::next
D: SystemInterface: time after state::next: 34365.968750 ms
D: message: resuming OT timer...
D: message: pausing OT timer...
D:  sending message (size 0.004611 MB)
I: SystemObliviousTransfer::next
I: SendEncryptedMessages::next
D: SystemInterface: time after state::next: 34365.988281 ms
I: SystemObliviousTransfer::next
I: SenderDone::next
D: SystemInterface: time after state::next: 34366.000000 ms
I: SystemObliviousTransfer::next
D: SystemInterface: time after state::next: 34366.007812 ms
I: SystemObliviousTransfer::next
I: InitSender::next
D: SystemInterface: time after state::next: 34366.015625 ms
I: SystemObliviousTransfer::next
I: GenerateConstant::next
D: SystemInterface: time after state::next: 34373.683594 ms
D: message: resuming OT timer...
D: message: pausing OT timer...
D:  sending message (size 0.000768 MB)
I: SystemObliviousTransfer::next
I: SendConstant::next
D: SystemInterface: time after state::next: 34373.703125 ms
I: SystemObliviousTransfer::next
I: RecvPublicKey::next
D: SystemInterface: time after state::next: 34373.773438 ms
I: SystemObliviousTransfer::next
I: EncryptMessages::next
D: SystemInterface: time after state::next: 34402.382812 ms
D: message: resuming OT timer...
D: message: pausing OT timer...
D:  sending message (size 0.004611 MB)
I: SystemObliviousTransfer::next
I: SendEncryptedMessages::next
D: SystemInterface: time after state::next: 34402.398438 ms
I: SystemObliviousTransfer::next
I: SenderDone::next
D: SystemInterface: time after state::next: 34402.410156 ms
I: SystemObliviousTransfer::next
D: SystemInterface: time after state::next: 34402.425781 ms
I: SystemObliviousTransfer::next
I: InitSender::next
D: SystemInterface: time after state::next: 34402.433594 ms
I: SystemObliviousTransfer::next
I: GenerateConstant::next
D: SystemInterface: time after state::next: 34409.964844 ms
D: message: resuming OT timer...
D: message: pausing OT timer...
D:  sending message (size 0.000768 MB)
I: SystemObliviousTransfer::next
I: SendConstant::next
D: SystemInterface: time after state::next: 34409.984375 ms
I: SystemObliviousTransfer::next
I: RecvPublicKey::next
D: SystemInterface: time after state::next: 34410.054688 ms
I: SystemObliviousTransfer::next
I: EncryptMessages::next
D: SystemInterface: time after state::next: 34438.187500 ms
D: message: resuming OT timer...
D: message: pausing OT timer...
D:  sending message (size 0.004611 MB)
I: SystemObliviousTransfer::next
I: SendEncryptedMessages::next
D: SystemInterface: time after state::next: 34438.207031 ms
I: SystemObliviousTransfer::next
I: SenderDone::next
D: SystemInterface: time after state::next: 34438.218750 ms
I: SystemObliviousTransfer::next
D: SystemInterface: time after state::next: 34438.230469 ms
I: SystemObliviousTransfer::next
I: InitSender::next
D: SystemInterface: time after state::next: 34438.242188 ms
I: SystemObliviousTransfer::next
I: GenerateConstant::next
D: SystemInterface: time after state::next: 34445.722656 ms
D: message: resuming OT timer...
D: message: pausing OT timer...
D:  sending message (size 0.000768 MB)
I: SystemObliviousTransfer::next
I: SendConstant::next
D: SystemInterface: time after state::next: 34445.738281 ms
I: SystemObliviousTransfer::next
I: RecvPublicKey::next
D: SystemInterface: time after state::next: 34445.808594 ms
I: SystemObliviousTransfer::next
I: EncryptMessages::next
D: SystemInterface: time after state::next: 34473.785156 ms
D: message: resuming OT timer...
D: message: pausing OT timer...
D:  sending message (size 0.004611 MB)
I: SystemObliviousTransfer::next
I: SendEncryptedMessages::next
D: SystemInterface: time after state::next: 34473.804688 ms
I: SystemObliviousTransfer::next
I: SenderDone::next
D: SystemInterface: time after state::next: 34473.816406 ms
I: SystemObliviousTransfer::next
D: SystemInterface: time after state::next: 34473.824219 ms
I: SystemObliviousTransfer::next
I: InitSender::next
D: SystemInterface: time after state::next: 34473.832031 ms
I: SystemObliviousTransfer::next
I: GenerateConstant::next
D: SystemInterface: time after state::next: 34481.292969 ms
D: message: resuming OT timer...
D: message: pausing OT timer...
D:  sending message (size 0.000768 MB)
I: SystemObliviousTransfer::next
I: SendConstant::next
D: SystemInterface: time after state::next: 34481.308594 ms
I: SystemObliviousTransfer::next
I: RecvPublicKey::next
D: SystemInterface: time after state::next: 34481.378906 ms
I: SystemObliviousTransfer::next
I: EncryptMessages::next
D: SystemInterface: time after state::next: 34509.375000 ms
D: message: resuming OT timer...
D: message: pausing OT timer...
D:  sending message (size 0.004611 MB)
I: SystemObliviousTransfer::next
I: SendEncryptedMessages::next
D: SystemInterface: time after state::next: 34509.394531 ms
I: SystemObliviousTransfer::next
I: SenderDone::next
D: SystemInterface: time after state::next: 34509.402344 ms
I: SystemObliviousTransfer::next
D: SystemInterface: time after state::next: 34509.414062 ms
I: SystemObliviousTransfer::next
I: InitSender::next
D: SystemInterface: time after state::next: 34509.421875 ms
I: SystemObliviousTransfer::next
I: GenerateConstant::next
D: SystemInterface: time after state::next: 34516.894531 ms
D: message: resuming OT timer...
D: message: pausing OT timer...
D:  sending message (size 0.000768 MB)
I: SystemObliviousTransfer::next
I: SendConstant::next
D: SystemInterface: time after state::next: 34516.914062 ms
I: SystemObliviousTransfer::next
I: RecvPublicKey::next
D: SystemInterface: time after state::next: 34516.980469 ms
I: SystemObliviousTransfer::next
I: EncryptMessages::next
D: SystemInterface: time after state::next: 34545.039062 ms
D: message: resuming OT timer...
D: message: pausing OT timer...
D:  sending message (size 0.004611 MB)
I: SystemObliviousTransfer::next
I: SendEncryptedMessages::next
D: SystemInterface: time after state::next: 34545.058594 ms
I: SystemObliviousTransfer::next
I: SenderDone::next
D: SystemInterface: time after state::next: 34545.066406 ms
I: SystemObliviousTransfer::next
D: SystemInterface: time after state::next: 34545.074219 ms
I: SystemObliviousTransfer::next
I: InitSender::next
D: SystemInterface: time after state::next: 34545.082031 ms
I: SystemObliviousTransfer::next
I: GenerateConstant::next
D: SystemInterface: time after state::next: 34552.554688 ms
D: message: resuming OT timer...
D: message: pausing OT timer...
D:  sending message (size 0.000768 MB)
I: SystemObliviousTransfer::next
I: SendConstant::next
D: SystemInterface: time after state::next: 34552.574219 ms
I: SystemObliviousTransfer::next
I: RecvPublicKey::next
D: SystemInterface: time after state::next: 34552.640625 ms
I: SystemObliviousTransfer::next
I: EncryptMessages::next
D: SystemInterface: time after state::next: 34580.707031 ms
D: message: resuming OT timer...
D: message: pausing OT timer...
D:  sending message (size 0.004611 MB)
I: SystemObliviousTransfer::next
I: SendEncryptedMessages::next
D: SystemInterface: time after state::next: 34580.726562 ms
I: SystemObliviousTransfer::next
I: SenderDone::next
D: SystemInterface: time after state::next: 34580.738281 ms
I: SystemObliviousTransfer::next
D: SystemInterface: time after state::next: 34580.746094 ms
I: SystemObliviousTransfer::next
I: InitSender::next
D: SystemInterface: time after state::next: 34580.753906 ms
I: SystemObliviousTransfer::next
I: GenerateConstant::next
D: SystemInterface: time after state::next: 34588.187500 ms
D: message: resuming OT timer...
D: message: pausing OT timer...
D:  sending message (size 0.000768 MB)
I: SystemObliviousTransfer::next
I: SendConstant::next
D: SystemInterface: time after state::next: 34588.207031 ms
I: SystemObliviousTransfer::next
I: RecvPublicKey::next
D: SystemInterface: time after state::next: 34588.273438 ms
I: SystemObliviousTransfer::next
I: EncryptMessages::next
D: SystemInterface: time after state::next: 34616.812500 ms
D: message: resuming OT timer...
D: message: pausing OT timer...
D:  sending message (size 0.004611 MB)
I: SystemObliviousTransfer::next
I: SendEncryptedMessages::next
D: SystemInterface: time after state::next: 34616.835938 ms
I: SystemObliviousTransfer::next
I: SenderDone::next
D: SystemInterface: time after state::next: 34616.847656 ms
I: SystemObliviousTransfer::next
D: SystemInterface: time after state::next: 34616.859375 ms
I: SystemObliviousTransfer::next
I: InitSender::next
D: SystemInterface: time after state::next: 34616.867188 ms
I: SystemObliviousTransfer::next
I: GenerateConstant::next
D: SystemInterface: time after state::next: 34624.515625 ms
D: message: resuming OT timer...
D: message: pausing OT timer...
D:  sending message (size 0.000768 MB)
I: SystemObliviousTransfer::next
I: SendConstant::next
D: SystemInterface: time after state::next: 34624.535156 ms
I: SystemObliviousTransfer::next
I: RecvPublicKey::next
D: SystemInterface: time after state::next: 34624.605469 ms
I: SystemObliviousTransfer::next
I: EncryptMessages::next
D: SystemInterface: time after state::next: 34653.515625 ms
D: message: resuming OT timer...
D: message: pausing OT timer...
D:  sending message (size 0.004611 MB)
I: SystemObliviousTransfer::next
I: SendEncryptedMessages::next
D: SystemInterface: time after state::next: 34653.527344 ms
I: SystemObliviousTransfer::next
I: SenderDone::next
D: SystemInterface: time after state::next: 34653.535156 ms
I: SystemObliviousTransfer::next
D: SystemInterface: time after state::next: 34653.542969 ms
I: SystemObliviousTransfer::next
I: InitSender::next
D: SystemInterface: time after state::next: 34653.550781 ms
I: SystemObliviousTransfer::next
I: GenerateConstant::next
D: SystemInterface: time after state::next: 34661.078125 ms
D: message: resuming OT timer...
D: message: pausing OT timer...
D:  sending message (size 0.000768 MB)
I: SystemObliviousTransfer::next
I: SendConstant::next
D: SystemInterface: time after state::next: 34661.101562 ms
I: SystemObliviousTransfer::next
I: RecvPublicKey::next
D: SystemInterface: time after state::next: 34661.167969 ms
I: SystemObliviousTransfer::next
I: EncryptMessages::next
D: SystemInterface: time after state::next: 34689.945312 ms
D: message: resuming OT timer...
D: message: pausing OT timer...
D:  sending message (size 0.004611 MB)
I: SystemObliviousTransfer::next
I: SendEncryptedMessages::next
D: SystemInterface: time after state::next: 34689.960938 ms
I: SystemObliviousTransfer::next
I: SenderDone::next
D: SystemInterface: time after state::next: 34689.968750 ms
I: SystemObliviousTransfer::next
D: SystemInterface: time after state::next: 34689.976562 ms
I: SystemObliviousTransfer::next
I: InitSender::next
D: SystemInterface: time after state::next: 34689.984375 ms
I: SystemObliviousTransfer::next
I: GenerateConstant::next
D: SystemInterface: time after state::next: 34697.515625 ms
D: message: resuming OT timer...
D: message: pausing OT timer...
D:  sending message (size 0.000768 MB)
I: SystemObliviousTransfer::next
I: SendConstant::next
D: SystemInterface: time after state::next: 34697.535156 ms
I: SystemObliviousTransfer::next
I: RecvPublicKey::next
D: SystemInterface: time after state::next: 34697.593750 ms
I: SystemObliviousTransfer::next
I: EncryptMessages::next
D: SystemInterface: time after state::next: 34726.101562 ms
D: message: resuming OT timer...
D: message: pausing OT timer...
D:  sending message (size 0.004611 MB)
I: SystemObliviousTransfer::next
I: SendEncryptedMessages::next
D: SystemInterface: time after state::next: 34726.121094 ms
I: SystemObliviousTransfer::next
I: SenderDone::next
D: SystemInterface: time after state::next: 34726.128906 ms
I: SystemObliviousTransfer::next
D: SystemInterface: time after state::next: 34726.136719 ms
I: SystemObliviousTransfer::next
I: InitSender::next
D: SystemInterface: time after state::next: 34726.140625 ms
I: SystemObliviousTransfer::next
I: GenerateConstant::next
D: SystemInterface: time after state::next: 34733.546875 ms
D: message: resuming OT timer...
D: message: pausing OT timer...
D:  sending message (size 0.000768 MB)
I: SystemObliviousTransfer::next
I: SendConstant::next
D: SystemInterface: time after state::next: 34733.566406 ms
I: SystemObliviousTransfer::next
I: RecvPublicKey::next
D: SystemInterface: time after state::next: 34733.632812 ms
I: SystemObliviousTransfer::next
I: EncryptMessages::next
D: SystemInterface: time after state::next: 34761.726562 ms
D: message: resuming OT timer...
D: message: pausing OT timer...
D:  sending message (size 0.004611 MB)
I: SystemObliviousTransfer::next
I: SendEncryptedMessages::next
D: SystemInterface: time after state::next: 34761.742188 ms
I: SystemObliviousTransfer::next
I: SenderDone::next
D: SystemInterface: time after state::next: 34761.750000 ms
I: SystemObliviousTransfer::next
D: SystemInterface: time after state::next: 34761.757812 ms
I: SystemObliviousTransfer::next
I: InitSender::next
D: SystemInterface: time after state::next: 34761.765625 ms
I: SystemObliviousTransfer::next
I: GenerateConstant::next
D: SystemInterface: time after state::next: 34769.093750 ms
D: message: resuming OT timer...
D: message: pausing OT timer...
D:  sending message (size 0.000768 MB)
I: SystemObliviousTransfer::next
I: SendConstant::next
D: SystemInterface: time after state::next: 34769.113281 ms
I: SystemObliviousTransfer::next
I: RecvPublicKey::next
D: SystemInterface: time after state::next: 34769.175781 ms
I: SystemObliviousTransfer::next
I: EncryptMessages::next
D: SystemInterface: time after state::next: 34797.097656 ms
D: message: resuming OT timer...
D: message: pausing OT timer...
D:  sending message (size 0.004611 MB)
I: SystemObliviousTransfer::next
I: SendEncryptedMessages::next
D: SystemInterface: time after state::next: 34797.113281 ms
I: SystemObliviousTransfer::next
I: SenderDone::next
D: SystemInterface: time after state::next: 34797.132812 ms
I: SystemObliviousTransfer::next
D: SystemInterface: time after state::next: 34797.140625 ms
I: SystemObliviousTransfer::next
I: InitSender::next
D: SystemInterface: time after state::next: 34797.144531 ms
I: SystemObliviousTransfer::next
I: GenerateConstant::next
D: SystemInterface: time after state::next: 34804.464844 ms
D: message: resuming OT timer...
D: message: pausing OT timer...
D:  sending message (size 0.000768 MB)
I: SystemObliviousTransfer::next
I: SendConstant::next
D: SystemInterface: time after state::next: 34804.484375 ms
I: SystemObliviousTransfer::next
I: RecvPublicKey::next
D: SystemInterface: time after state::next: 34804.550781 ms
I: SystemObliviousTransfer::next
I: EncryptMessages::next
D: SystemInterface: time after state::next: 34832.511719 ms
D: message: resuming OT timer...
D: message: pausing OT timer...
D:  sending message (size 0.004611 MB)
I: SystemObliviousTransfer::next
I: SendEncryptedMessages::next
D: SystemInterface: time after state::next: 34832.527344 ms
I: SystemObliviousTransfer::next
I: SenderDone::next
D: SystemInterface: time after state::next: 34832.535156 ms
I: SystemObliviousTransfer::next
D: SystemInterface: time after state::next: 34832.542969 ms
I: SystemObliviousTransfer::next
I: InitSender::next
D: SystemInterface: time after state::next: 34832.550781 ms
I: SystemObliviousTransfer::next
I: GenerateConstant::next
D: SystemInterface: time after state::next: 34839.875000 ms
D: message: resuming OT timer...
D: message: pausing OT timer...
D:  sending message (size 0.000768 MB)
I: SystemObliviousTransfer::next
I: SendConstant::next
D: SystemInterface: time after state::next: 34839.890625 ms
I: SystemObliviousTransfer::next
I: RecvPublicKey::next
D: SystemInterface: time after state::next: 34839.957031 ms
I: SystemObliviousTransfer::next
I: EncryptMessages::next
D: SystemInterface: time after state::next: 34867.886719 ms
D: message: resuming OT timer...
D: message: pausing OT timer...
D:  sending message (size 0.004610 MB)
I: SystemObliviousTransfer::next
I: SendEncryptedMessages::next
D: SystemInterface: time after state::next: 34867.910156 ms
I: SystemObliviousTransfer::next
I: SenderDone::next
D: SystemInterface: time after state::next: 34867.917969 ms
I: SystemObliviousTransfer::next
D: SystemInterface: time after state::next: 34867.925781 ms
I: SystemObliviousTransfer::next
I: InitSender::next
D: SystemInterface: time after state::next: 34867.933594 ms
I: SystemObliviousTransfer::next
I: GenerateConstant::next
D: SystemInterface: time after state::next: 34875.277344 ms
D: message: resuming OT timer...
D: message: pausing OT timer...
D:  sending message (size 0.000768 MB)
I: SystemObliviousTransfer::next
I: SendConstant::next
D: SystemInterface: time after state::next: 34875.296875 ms
I: SystemObliviousTransfer::next
I: RecvPublicKey::next
D: SystemInterface: time after state::next: 34875.359375 ms
I: SystemObliviousTransfer::next
I: EncryptMessages::next
D: SystemInterface: time after state::next: 34903.324219 ms
D: message: resuming OT timer...
D: message: pausing OT timer...
D:  sending message (size 0.004611 MB)
I: SystemObliviousTransfer::next
I: SendEncryptedMessages::next
D: SystemInterface: time after state::next: 34903.339844 ms
I: SystemObliviousTransfer::next
I: SenderDone::next
D: SystemInterface: time after state::next: 34903.347656 ms
I: SystemObliviousTransfer::next
D: SystemInterface: time after state::next: 34903.355469 ms
I: SystemObliviousTransfer::next
I: InitSender::next
D: SystemInterface: time after state::next: 34903.359375 ms
I: SystemObliviousTransfer::next
I: GenerateConstant::next
D: SystemInterface: time after state::next: 34910.699219 ms
D: message: resuming OT timer...
D: message: pausing OT timer...
D:  sending message (size 0.000768 MB)
I: SystemObliviousTransfer::next
I: SendConstant::next
D: SystemInterface: time after state::next: 34910.714844 ms
I: SystemObliviousTransfer::next
I: RecvPublicKey::next
D: SystemInterface: time after state::next: 34910.773438 ms
I: SystemObliviousTransfer::next
I: EncryptMessages::next
D: SystemInterface: time after state::next: 34938.691406 ms
D: message: resuming OT timer...
D: message: pausing OT timer...
D:  sending message (size 0.004611 MB)
I: SystemObliviousTransfer::next
I: SendEncryptedMessages::next
D: SystemInterface: time after state::next: 34938.710938 ms
I: SystemObliviousTransfer::next
I: SenderDone::next
D: SystemInterface: time after state::next: 34938.722656 ms
I: SystemObliviousTransfer::next
D: SystemInterface: time after state::next: 34938.730469 ms
I: SystemObliviousTransfer::next
I: InitSender::next
D: SystemInterface: time after state::next: 34938.738281 ms
I: SystemObliviousTransfer::next
I: GenerateConstant::next
D: SystemInterface: time after state::next: 34946.093750 ms
D: message: resuming OT timer...
D: message: pausing OT timer...
D:  sending message (size 0.000768 MB)
I: SystemObliviousTransfer::next
I: SendConstant::next
D: SystemInterface: time after state::next: 34946.113281 ms
I: SystemObliviousTransfer::next
I: RecvPublicKey::next
D: SystemInterface: time after state::next: 34946.179688 ms
I: SystemObliviousTransfer::next
I: EncryptMessages::next
D: SystemInterface: time after state::next: 34974.121094 ms
D: message: resuming OT timer...
D: message: pausing OT timer...
D:  sending message (size 0.004611 MB)
I: SystemObliviousTransfer::next
I: SendEncryptedMessages::next
D: SystemInterface: time after state::next: 34974.136719 ms
I: SystemObliviousTransfer::next
I: SenderDone::next
D: SystemInterface: time after state::next: 34974.144531 ms
I: SystemObliviousTransfer::next
D: SystemInterface: time after state::next: 34974.152344 ms
I: SystemObliviousTransfer::next
I: InitSender::next
D: SystemInterface: time after state::next: 34974.156250 ms
I: SystemObliviousTransfer::next
I: GenerateConstant::next
D: SystemInterface: time after state::next: 34981.488281 ms
D: message: resuming OT timer...
D: message: pausing OT timer...
D:  sending message (size 0.000768 MB)
I: SystemObliviousTransfer::next
I: SendConstant::next
D: SystemInterface: time after state::next: 34981.503906 ms
I: SystemObliviousTransfer::next
I: RecvPublicKey::next
D: SystemInterface: time after state::next: 34981.562500 ms
I: SystemObliviousTransfer::next
I: EncryptMessages::next
D: SystemInterface: time after state::next: 35009.550781 ms
D: message: resuming OT timer...
D: message: pausing OT timer...
D:  sending message (size 0.004611 MB)
I: SystemObliviousTransfer::next
I: SendEncryptedMessages::next
D: SystemInterface: time after state::next: 35009.566406 ms
I: SystemObliviousTransfer::next
I: SenderDone::next
D: SystemInterface: time after state::next: 35009.574219 ms
I: SystemObliviousTransfer::next
D: SystemInterface: time after state::next: 35009.582031 ms
I: SystemObliviousTransfer::next
I: InitSender::next
D: SystemInterface: time after state::next: 35009.589844 ms
I: SystemObliviousTransfer::next
I: GenerateConstant::next
D: SystemInterface: time after state::next: 35016.921875 ms
D: message: resuming OT timer...
D: message: pausing OT timer...
D:  sending message (size 0.000768 MB)
I: SystemObliviousTransfer::next
I: SendConstant::next
D: SystemInterface: time after state::next: 35016.941406 ms
I: SystemObliviousTransfer::next
I: RecvPublicKey::next
D: SystemInterface: time after state::next: 35016.996094 ms
I: SystemObliviousTransfer::next
I: EncryptMessages::next
D: SystemInterface: time after state::next: 35045.003906 ms
D: message: resuming OT timer...
D: message: pausing OT timer...
D:  sending message (size 0.004611 MB)
I: SystemObliviousTransfer::next
I: SendEncryptedMessages::next
D: SystemInterface: time after state::next: 35045.023438 ms
I: SystemObliviousTransfer::next
I: SenderDone::next
D: SystemInterface: time after state::next: 35045.031250 ms
I: SystemObliviousTransfer::next
D: SystemInterface: time after state::next: 35045.035156 ms
I: SystemObliviousTransfer::next
I: InitSender::next
D: SystemInterface: time after state::next: 35045.042969 ms
I: SystemObliviousTransfer::next
I: GenerateConstant::next
D: SystemInterface: time after state::next: 35052.390625 ms
D: message: resuming OT timer...
D: message: pausing OT timer...
D:  sending message (size 0.000768 MB)
I: SystemObliviousTransfer::next
I: SendConstant::next
D: SystemInterface: time after state::next: 35052.410156 ms
I: SystemObliviousTransfer::next
I: RecvPublicKey::next
D: SystemInterface: time after state::next: 35052.464844 ms
I: SystemObliviousTransfer::next
I: EncryptMessages::next
D: SystemInterface: time after state::next: 35080.382812 ms
D: message: resuming OT timer...
D: message: pausing OT timer...
D:  sending message (size 0.004611 MB)
I: SystemObliviousTransfer::next
I: SendEncryptedMessages::next
D: SystemInterface: time after state::next: 35080.402344 ms
I: SystemObliviousTransfer::next
I: SenderDone::next
D: SystemInterface: time after state::next: 35080.410156 ms
I: SystemObliviousTransfer::next
D: SystemInterface: time after state::next: 35080.421875 ms
I: SystemObliviousTransfer::next
I: InitSender::next
D: SystemInterface: time after state::next: 35080.425781 ms
I: SystemObliviousTransfer::next
I: GenerateConstant::next
D: SystemInterface: time after state::next: 35087.753906 ms
D: message: resuming OT timer...
D: message: pausing OT timer...
D:  sending message (size 0.000768 MB)
I: SystemObliviousTransfer::next
I: SendConstant::next
D: SystemInterface: time after state::next: 35087.769531 ms
I: SystemObliviousTransfer::next
I: RecvPublicKey::next
D: SystemInterface: time after state::next: 35087.824219 ms
I: SystemObliviousTransfer::next
I: EncryptMessages::next
D: SystemInterface: time after state::next: 35115.773438 ms
D: message: resuming OT timer...
D: message: pausing OT timer...
D:  sending message (size 0.004610 MB)
I: SystemObliviousTransfer::next
I: SendEncryptedMessages::next
D: SystemInterface: time after state::next: 35115.792969 ms
I: SystemObliviousTransfer::next
I: SenderDone::next
D: SystemInterface: time after state::next: 35115.800781 ms
I: SystemObliviousTransfer::next
D: SystemInterface: time after state::next: 35115.812500 ms
I: SystemObliviousTransfer::next
I: InitSender::next
D: SystemInterface: time after state::next: 35115.816406 ms
I: SystemObliviousTransfer::next
I: GenerateConstant::next
D: SystemInterface: time after state::next: 35123.152344 ms
D: message: resuming OT timer...
D: message: pausing OT timer...
D:  sending message (size 0.000768 MB)
I: SystemObliviousTransfer::next
I: SendConstant::next
D: SystemInterface: time after state::next: 35123.171875 ms
I: SystemObliviousTransfer::next
I: RecvPublicKey::next
D: SystemInterface: time after state::next: 35123.226562 ms
I: SystemObliviousTransfer::next
I: EncryptMessages::next
D: SystemInterface: time after state::next: 35151.160156 ms
D: message: resuming OT timer...
D: message: pausing OT timer...
D:  sending message (size 0.004611 MB)
I: SystemObliviousTransfer::next
I: SendEncryptedMessages::next
D: SystemInterface: time after state::next: 35151.175781 ms
I: SystemObliviousTransfer::next
I: SenderDone::next
D: SystemInterface: time after state::next: 35151.183594 ms
I: SystemObliviousTransfer::next
D: SystemInterface: time after state::next: 35151.191406 ms
I: SystemObliviousTransfer::next
I: InitSender::next
D: SystemInterface: time after state::next: 35151.199219 ms
I: SystemObliviousTransfer::next
I: GenerateConstant::next
D: SystemInterface: time after state::next: 35158.562500 ms
D: message: resuming OT timer...
D: message: pausing OT timer...
D:  sending message (size 0.000767 MB)
I: SystemObliviousTransfer::next
I: SendConstant::next
D: SystemInterface: time after state::next: 35158.582031 ms
I: SystemObliviousTransfer::next
I: RecvPublicKey::next
D: SystemInterface: time after state::next: 35158.636719 ms
I: SystemObliviousTransfer::next
I: EncryptMessages::next
D: SystemInterface: time after state::next: 35186.550781 ms
D: message: resuming OT timer...
D: message: pausing OT timer...
D:  sending message (size 0.004611 MB)
I: SystemObliviousTransfer::next
I: SendEncryptedMessages::next
D: SystemInterface: time after state::next: 35186.570312 ms
I: SystemObliviousTransfer::next
I: SenderDone::next
D: SystemInterface: time after state::next: 35186.589844 ms
I: SystemObliviousTransfer::next
D: SystemInterface: time after state::next: 35186.597656 ms
I: SystemObliviousTransfer::next
I: InitSender::next
D: SystemInterface: time after state::next: 35186.605469 ms
I: SystemObliviousTransfer::next
I: GenerateConstant::next
D: SystemInterface: time after state::next: 35193.875000 ms
D: message: resuming OT timer...
D: message: pausing OT timer...
D:  sending message (size 0.000768 MB)
I: SystemObliviousTransfer::next
I: SendConstant::next
D: SystemInterface: time after state::next: 35193.894531 ms
I: SystemObliviousTransfer::next
I: RecvPublicKey::next
D: SystemInterface: time after state::next: 35193.949219 ms
I: SystemObliviousTransfer::next
I: EncryptMessages::next
D: SystemInterface: time after state::next: 35221.445312 ms
D: message: resuming OT timer...
D: message: pausing OT timer...
D:  sending message (size 0.004611 MB)
I: SystemObliviousTransfer::next
I: SendEncryptedMessages::next
D: SystemInterface: time after state::next: 35221.460938 ms
I: SystemObliviousTransfer::next
I: SenderDone::next
D: SystemInterface: time after state::next: 35221.472656 ms
I: SystemObliviousTransfer::next
D: SystemInterface: time after state::next: 35221.476562 ms
I: SystemObliviousTransfer::next
I: InitSender::next
D: SystemInterface: time after state::next: 35221.484375 ms
I: SystemObliviousTransfer::next
I: GenerateConstant::next
D: SystemInterface: time after state::next: 35228.707031 ms
D: message: resuming OT timer...
D: message: pausing OT timer...
D:  sending message (size 0.000768 MB)
I: SystemObliviousTransfer::next
I: SendConstant::next
D: SystemInterface: time after state::next: 35228.726562 ms
I: SystemObliviousTransfer::next
I: RecvPublicKey::next
D: SystemInterface: time after state::next: 35228.789062 ms
I: SystemObliviousTransfer::next
I: EncryptMessages::next
D: SystemInterface: time after state::next: 35256.691406 ms
D: message: resuming OT timer...
D: message: pausing OT timer...
D:  sending message (size 0.004611 MB)
I: SystemObliviousTransfer::next
I: SendEncryptedMessages::next
D: SystemInterface: time after state::next: 35256.714844 ms
I: SystemObliviousTransfer::next
I: SenderDone::next
D: SystemInterface: time after state::next: 35256.722656 ms
I: SystemObliviousTransfer::next
D: SystemInterface: time after state::next: 35256.730469 ms
I: SystemObliviousTransfer::next
I: ---- OT duration: 1145.927368 ms
D: SystemInterface: time after state::next: 35256.738281 ms
I: RecvFlagBit::next
D: ==== round duration: 35256.777344 ms ====
D: SystemInterface: time after state::next: 0.002769 ms
I: UpdateSystem::next
D: SystemInterface: time after state::next: 0.009341 ms
I: SystemCopyMonitorStateLabels::next
D: SystemInterface: time after state::next: 6.893493 ms
I: GenerateGarbledGates::next
D: refilling hex generator buffer (took 2.053061 ms)
D: refilling hex generator buffer (took 2.042460 ms)
D: refilling hex generator buffer (took 2.027328 ms)
D: refilling hex generator buffer (took 2.003210 ms)
D: refilling hex generator buffer (took 2.083833 ms)
D: refilling hex generator buffer (took 2.044955 ms)
D: refilling hex generator buffer (took 2.084010 ms)
D: refilling hex generator buffer (took 2.045486 ms)
D: refilling hex generator buffer (took 2.070880 ms)
D: refilling hex generator buffer (took 1.993239 ms)
D: refilling hex generator buffer (took 2.025000 ms)
D: refilling hex generator buffer (took 2.020062 ms)
D: refilling hex generator buffer (took 1.989877 ms)
D: refilling hex generator buffer (took 2.012111 ms)
D: refilling hex generator buffer (took 2.034968 ms)
D: refilling hex generator buffer (took 2.000418 ms)
D: refilling hex generator buffer (took 2.051776 ms)
D: refilling hex generator buffer (took 2.041443 ms)
D: refilling hex generator buffer (took 1.996895 ms)
D: refilling hex generator buffer (took 2.036159 ms)
D: refilling hex generator buffer (took 2.008069 ms)
D: refilling hex generator buffer (took 1.992538 ms)
D: refilling hex generator buffer (took 2.053644 ms)
D: refilling hex generator buffer (took 2.049850 ms)
D: refilling hex generator buffer (took 1.986291 ms)
D: refilling hex generator buffer (took 2.101155 ms)
D: refilling hex generator buffer (took 1.969974 ms)
D: refilling hex generator buffer (took 1.959420 ms)
D: refilling hex generator buffer (took 2.086205 ms)
D: refilling hex generator buffer (took 2.030664 ms)
D: refilling hex generator buffer (took 2.028623 ms)
D: refilling hex generator buffer (took 2.071764 ms)
D: refilling hex generator buffer (took 2.092584 ms)
D: refilling hex generator buffer (took 2.061646 ms)
D: refilling hex generator buffer (took 2.006253 ms)
D: refilling hex generator buffer (took 1.978677 ms)
D: refilling hex generator buffer (took 2.013481 ms)
D: refilling hex generator buffer (took 2.023987 ms)
D: refilling hex generator buffer (took 1.976892 ms)
D: refilling hex generator buffer (took 2.050424 ms)
D: refilling hex generator buffer (took 1.988233 ms)
D: refilling hex generator buffer (took 2.044677 ms)
D: refilling hex generator buffer (took 2.001518 ms)
D: refilling hex generator buffer (took 2.086935 ms)
D: refilling hex generator buffer (took 1.975531 ms)
D: refilling hex generator buffer (took 1.980982 ms)
D: refilling hex generator buffer (took 2.091324 ms)
D: refilling hex generator buffer (took 2.057806 ms)
D: refilling hex generator buffer (took 2.018873 ms)
D: refilling hex generator buffer (took 2.034116 ms)
D: refilling hex generator buffer (took 2.051149 ms)
D: refilling hex generator buffer (took 2.018205 ms)
D: refilling hex generator buffer (took 2.045661 ms)
D: refilling hex generator buffer (took 2.002177 ms)
D: refilling hex generator buffer (took 2.035163 ms)
D: refilling hex generator buffer (took 2.025366 ms)
D: refilling hex generator buffer (took 1.973464 ms)
D: refilling hex generator buffer (took 2.127060 ms)
D: refilling hex generator buffer (took 2.039139 ms)
D: refilling hex generator buffer (took 2.069023 ms)
D: refilling hex generator buffer (took 1.995806 ms)
D: refilling hex generator buffer (took 2.008911 ms)
D: refilling hex generator buffer (took 2.043023 ms)
D: refilling hex generator buffer (took 2.014090 ms)
D: refilling hex generator buffer (took 1.988384 ms)
D: refilling hex generator buffer (took 2.042075 ms)
D: refilling hex generator buffer (took 2.014554 ms)
D: refilling hex generator buffer (took 2.023319 ms)
D: refilling hex generator buffer (took 2.004646 ms)
D: refilling hex generator buffer (took 2.018352 ms)
D: refilling hex generator buffer (took 2.021935 ms)
D: refilling hex generator buffer (took 2.025748 ms)
D: refilling hex generator buffer (took 2.013319 ms)
D: refilling hex generator buffer (took 2.038644 ms)
D: refilling hex generator buffer (took 2.009619 ms)
D: refilling hex generator buffer (took 1.986095 ms)
D: refilling hex generator buffer (took 2.029359 ms)
D: refilling hex generator buffer (took 2.039495 ms)
D: refilling hex generator buffer (took 2.073232 ms)
D: refilling hex generator buffer (took 2.076957 ms)
D: refilling hex generator buffer (took 2.047118 ms)
D: refilling hex generator buffer (took 2.047414 ms)
D: refilling hex generator buffer (took 1.977950 ms)
D: refilling hex generator buffer (took 2.022359 ms)
D: refilling hex generator buffer (took 2.039895 ms)
D: refilling hex generator buffer (took 2.049539 ms)
D: refilling hex generator buffer (took 2.056296 ms)
D: refilling hex generator buffer (took 2.022809 ms)
D: refilling hex generator buffer (took 1.998087 ms)
D: refilling hex generator buffer (took 2.009609 ms)
D: refilling hex generator buffer (took 2.059605 ms)
D: refilling hex generator buffer (took 1.998772 ms)
D: refilling hex generator buffer (took 2.082341 ms)
D: refilling hex generator buffer (took 1.997798 ms)
D: refilling hex generator buffer (took 2.066442 ms)
D: refilling hex generator buffer (took 1.999099 ms)
D: refilling hex generator buffer (took 2.032302 ms)
D: refilling hex generator buffer (took 2.041929 ms)
D: refilling hex generator buffer (took 2.059552 ms)
D: refilling hex generator buffer (took 2.054035 ms)
D: refilling hex generator buffer (took 2.083021 ms)
D: refilling hex generator buffer (took 2.029902 ms)
D: refilling hex generator buffer (took 2.047294 ms)
D: refilling hex generator buffer (took 2.051830 ms)
D: refilling hex generator buffer (took 2.044116 ms)
D: refilling hex generator buffer (took 2.049399 ms)
D: refilling hex generator buffer (took 2.048700 ms)
D: refilling hex generator buffer (took 2.046420 ms)
D: refilling hex generator buffer (took 2.091736 ms)
D: SystemInterface: time after state::next: 33631.972656 ms
D:  sending message (size 424.626560 MB)
I: SendGarbledGates::next
D: SystemInterface: time after state::next: 33632.054688 ms
D:  sending message (size 9.836800 MB)
I: SendSystemInputLabels::next
D: SystemInterface: time after state::next: 33632.101562 ms
D:  sending message (size 0.003074 MB)
I: SendFlagBitLabels::next
D: SystemInterface: time after state::next: 33632.132812 ms
I: RecvFlagBit::next
D: ==== round duration: 33632.179688 ms ====
D: SystemInterface: time after state::next: 0.003467 ms
I: UpdateSystem::next
D: SystemInterface: time after state::next: 0.013527 ms
I: SystemCopyMonitorStateLabels::next
D: SystemInterface: time after state::next: 8.232120 ms
I: GenerateGarbledGates::next
D: refilling hex generator buffer (took 2.063348 ms)
D: refilling hex generator buffer (took 2.102549 ms)
D: refilling hex generator buffer (took 2.050803 ms)
D: refilling hex generator buffer (took 2.032707 ms)
D: refilling hex generator buffer (took 2.067232 ms)
D: refilling hex generator buffer (took 2.033223 ms)
D: refilling hex generator buffer (took 2.112585 ms)
D: refilling hex generator buffer (took 2.041178 ms)
D: refilling hex generator buffer (took 2.066571 ms)
D: refilling hex generator buffer (took 2.074279 ms)
D: refilling hex generator buffer (took 2.043085 ms)
D: refilling hex generator buffer (took 2.012304 ms)
D: refilling hex generator buffer (took 2.059447 ms)
D: refilling hex generator buffer (took 2.058015 ms)
D: refilling hex generator buffer (took 2.052790 ms)
D: refilling hex generator buffer (took 2.045024 ms)
D: refilling hex generator buffer (took 2.050289 ms)
D: refilling hex generator buffer (took 2.037461 ms)
D: refilling hex generator buffer (took 2.043767 ms)
D: refilling hex generator buffer (took 2.080367 ms)
D: refilling hex generator buffer (took 2.097177 ms)
D: refilling hex generator buffer (took 2.044290 ms)
D: refilling hex generator buffer (took 2.047440 ms)
D: refilling hex generator buffer (took 2.105013 ms)
D: refilling hex generator buffer (took 2.052973 ms)
D: refilling hex generator buffer (took 2.091766 ms)
D: refilling hex generator buffer (took 2.115226 ms)
D: refilling hex generator buffer (took 2.112792 ms)
D: refilling hex generator buffer (took 2.077666 ms)
D: refilling hex generator buffer (took 2.104839 ms)
D: refilling hex generator buffer (took 2.110169 ms)
D: refilling hex generator buffer (took 2.103431 ms)
D: refilling hex generator buffer (took 2.147950 ms)
D: refilling hex generator buffer (took 2.101323 ms)
D: refilling hex generator buffer (took 2.109146 ms)
D: refilling hex generator buffer (took 2.079870 ms)
D: refilling hex generator buffer (took 2.112558 ms)
D: refilling hex generator buffer (took 2.118861 ms)
D: refilling hex generator buffer (took 2.111746 ms)
D: refilling hex generator buffer (took 2.149366 ms)
D: refilling hex generator buffer (took 2.062059 ms)
D: refilling hex generator buffer (took 2.146948 ms)
D: refilling hex generator buffer (took 2.064513 ms)
D: refilling hex generator buffer (took 2.111746 ms)
D: refilling hex generator buffer (took 2.097212 ms)
D: refilling hex generator buffer (took 2.155638 ms)
D: refilling hex generator buffer (took 2.140748 ms)
D: refilling hex generator buffer (took 2.046415 ms)
D: refilling hex generator buffer (took 2.109510 ms)
D: refilling hex generator buffer (took 2.096915 ms)
D: refilling hex generator buffer (took 2.101194 ms)
D: refilling hex generator buffer (took 2.037138 ms)
D: refilling hex generator buffer (took 2.053737 ms)
D: refilling hex generator buffer (took 2.086360 ms)
D: refilling hex generator buffer (took 2.099537 ms)
D: refilling hex generator buffer (took 2.043001 ms)
D: refilling hex generator buffer (took 2.046774 ms)
D: refilling hex generator buffer (took 2.062439 ms)
D: refilling hex generator buffer (took 2.139850 ms)
D: refilling hex generator buffer (took 2.030863 ms)
D: refilling hex generator buffer (took 2.087978 ms)
D: refilling hex generator buffer (took 2.161750 ms)
D: refilling hex generator buffer (took 2.162253 ms)
D: refilling hex generator buffer (took 2.164150 ms)
D: refilling hex generator buffer (took 2.161175 ms)
D: refilling hex generator buffer (took 2.157001 ms)
D: refilling hex generator buffer (took 2.125347 ms)
D: refilling hex generator buffer (took 2.127594 ms)
D: refilling hex generator buffer (took 2.107276 ms)
D: refilling hex generator buffer (took 2.114428 ms)
D: refilling hex generator buffer (took 2.148792 ms)
D: refilling hex generator buffer (took 2.121064 ms)
D: refilling hex generator buffer (took 2.069956 ms)
D: refilling hex generator buffer (took 2.102924 ms)
D: refilling hex generator buffer (took 2.135080 ms)
D: refilling hex generator buffer (took 2.119342 ms)
D: refilling hex generator buffer (took 2.091420 ms)
D: refilling hex generator buffer (took 2.118218 ms)
D: refilling hex generator buffer (took 2.115112 ms)
D: refilling hex generator buffer (took 2.042475 ms)
D: refilling hex generator buffer (took 2.034714 ms)
D: refilling hex generator buffer (took 2.099505 ms)
D: refilling hex generator buffer (took 2.119301 ms)
D: refilling hex generator buffer (took 2.065238 ms)
D: refilling hex generator buffer (took 2.144863 ms)
D: refilling hex generator buffer (took 2.034130 ms)
D: refilling hex generator buffer (took 2.112753 ms)
D: refilling hex generator buffer (took 2.286520 ms)
D: refilling hex generator buffer (took 2.369329 ms)
D: refilling hex generator buffer (took 2.474317 ms)
D: refilling hex generator buffer (took 2.451730 ms)
D: refilling hex generator buffer (took 2.387243 ms)
D: refilling hex generator buffer (took 2.346550 ms)
D: refilling hex generator buffer (took 2.307704 ms)
D: refilling hex generator buffer (took 2.303453 ms)
D: refilling hex generator buffer (took 2.231570 ms)
D: refilling hex generator buffer (took 2.250762 ms)
D: refilling hex generator buffer (took 2.290694 ms)
D: refilling hex generator buffer (took 2.190514 ms)
D: refilling hex generator buffer (took 2.204214 ms)
D: refilling hex generator buffer (took 2.228078 ms)
D: refilling hex generator buffer (took 2.175728 ms)
D: refilling hex generator buffer (took 2.123694 ms)
D: refilling hex generator buffer (took 2.174957 ms)
D: refilling hex generator buffer (took 2.156095 ms)
D: refilling hex generator buffer (took 2.094796 ms)
D: refilling hex generator buffer (took 2.179391 ms)
D: refilling hex generator buffer (took 2.098645 ms)
D: refilling hex generator buffer (took 2.160904 ms)
D: SystemInterface: time after state::next: 34994.421875 ms
D:  sending message (size 424.626560 MB)
I: SendGarbledGates::next
D: SystemInterface: time after state::next: 34994.523438 ms
D:  sending message (size 9.836800 MB)
I: SendSystemInputLabels::next
D: SystemInterface: time after state::next: 35039.222656 ms
D:  sending message (size 0.003074 MB)
I: SendFlagBitLabels::next
D: SystemInterface: time after state::next: 35039.277344 ms
I: RecvFlagBit::next
D: ==== round duration: 35039.320312 ms ====
D: SystemInterface: time after state::next: 0.002812 ms
I: SystemDone::next
D: SystemInterface: time after state::next: 0.008689 ms
