I: parsing spec file locks.v...
I: parsing BLIF file synth.blif...
D: inputs and outputs parsed.
D: circuit initialized.
D: connections (#502) parsed.
D: gates (#1498) parsed.
D: outputs: 1307 1312 1317 1322 1327 1332 1337 1342 1347 1352 1357 1362 1367 1372 1377 1382 1387 1392 1397 1402 1407 1412 1417 1422 1427 1432 1437 1442 1447 1452 1457 1462 1467 1472 1477 1482 1487 1492 1497 1502 1507 1512 1517 1522 1527 1532 1537 1542 1547 1552 1557 1562 1567 1572 1577 1582 1587 1592 1597 1602 1607 1612 1617 1622 1627 1632 1637 1642 1647 1652 1657 1662 1667 1672 1677 1682 1687 1692 1697 1702 1707 1712 1717 1722 1727 1732 1737 1742 1747 1752 1757 1762 1767 1772 1777 1782 1787 1792 1797 1802 1301 
D: circuit size: 1803
D: adding identity gates for outputs...
D: outputs after identity: 1904 1905 1906 1907 1908 1909 1910 1911 1912 1913 1914 1915 1916 1917 1918 1919 1920 1921 1922 1923 1924 1925 1926 1927 1928 1929 1930 1931 1932 1933 1934 1935 1936 1937 1938 1939 1940 1941 1942 1943 1944 1945 1946 1947 1948 1949 1950 1951 1952 1953 1954 1955 1956 1957 1958 1959 1960 1961 1962 1963 1964 1965 1966 1967 1968 1969 1970 1971 1972 1973 1974 1975 1976 1977 1978 1979 1980 1981 1982 1983 1984 1985 1986 1987 1988 1989 1990 1991 1992 1993 1994 1995 1996 1997 1998 1999 2000 2001 2002 2003 2004 
D: circuit size after identity: 2005
I: initializing safe primes...
I: using prime modulus 1552518092300708935130918131258481755631334049434514313202351194902966239949102107258669453876591642442910007680288864229150803718918046342632727613031282983744380820890196288509170691316593175367469551763119843371637221007210577919
D:  sending message (size 0.000004 MB)
I: InitMonitor::next
D:  sending message (size 0.022510 MB)
I: SendCircuit::next
I: RecvGarbledGates::next
I: RecvSystemInputLabels::next
I: RecvFlagBitLabels::next
I: MonitorObliviousTransfer::next
I: InitChooser::next
I: MonitorObliviousTransfer::next
I: RecvConstant::next
D: received message: f1b5add9300702c706453b1ad9b49697cd8fa7446c5e85eb81af18eb1483f72ab033a694e7453bd8cd5c13bad7a03d6689bb8449d1027b19d1477eb3e7ad8c43c6b689d140d4f0d1981ffb463def0f9aca3e27d60635a8a9e7f7fad789d89ad4
I: MonitorObliviousTransfer::next
I: GeneratePublicKey::next
D:  sending message (size 0.000192 MB)
I: MonitorObliviousTransfer::next
I: SendPublicKey::next
I: MonitorObliviousTransfer::next
I: RecvEncryptedMessages::next
I: MonitorObliviousTransfer::next
I: DecryptChosenMessage::next
I: MonitorObliviousTransfer::next
I: ChooserDone::next
I: MonitorObliviousTransfer::next
I: MonitorObliviousTransfer::next
I: InitChooser::next
I: MonitorObliviousTransfer::next
I: RecvConstant::next
D: received message: b856cf0b2ac4c7fe9aab8b4589a7046fced08a12d30613ae15797cfd6a58c2f816bb48665ed0bb2034eb2a4200b1ffb1e90cdc74d30b343f72fe99cd14e120772df16b74979105876217fd2d1e19d31431ee662cf9be0ac81c375bcae16d655e
I: MonitorObliviousTransfer::next
I: GeneratePublicKey::next
D:  sending message (size 0.000192 MB)
I: MonitorObliviousTransfer::next
I: SendPublicKey::next
I: MonitorObliviousTransfer::next
I: RecvEncryptedMessages::next
I: MonitorObliviousTransfer::next
I: DecryptChosenMessage::next
I: MonitorObliviousTransfer::next
I: ChooserDone::next
I: MonitorObliviousTransfer::next
I: MonitorObliviousTransfer::next
I: InitChooser::next
I: MonitorObliviousTransfer::next
I: RecvConstant::next
D: received message: 31b09f31ec409f4ba48ab9f093b45372e9878d8f938f71c5138a4ce7d17cc3aab868c322a956324df601b0818e17564016a57a087219a5e9af7220e0733b9b5e90501e45e990f42f6532e578bf7d675ba05cccb145b86f0ee2a087b069c59ca1
I: MonitorObliviousTransfer::next
I: GeneratePublicKey::next
D:  sending message (size 0.000192 MB)
I: MonitorObliviousTransfer::next
I: SendPublicKey::next
I: MonitorObliviousTransfer::next
I: RecvEncryptedMessages::next
I: MonitorObliviousTransfer::next
I: DecryptChosenMessage::next
I: MonitorObliviousTransfer::next
I: ChooserDone::next
I: MonitorObliviousTransfer::next
I: MonitorObliviousTransfer::next
I: InitChooser::next
I: MonitorObliviousTransfer::next
I: RecvConstant::next
D: received message: b5ba1987ba6418a672314cdfcc8d02622256bd317c30cda57f9095626208d08027b8ebfafc71efc99e89bcf729ac76aaac1ddfb7d7761df7e6424826f0085ebdee0dcf6bb13716d9cad700dc57fb9bae32a5416b3163dd44dd72e17cb0dfdaa1
I: MonitorObliviousTransfer::next
I: GeneratePublicKey::next
D:  sending message (size 0.000191 MB)
I: MonitorObliviousTransfer::next
I: SendPublicKey::next
I: MonitorObliviousTransfer::next
I: RecvEncryptedMessages::next
I: MonitorObliviousTransfer::next
I: DecryptChosenMessage::next
I: MonitorObliviousTransfer::next
I: ChooserDone::next
I: MonitorObliviousTransfer::next
I: MonitorObliviousTransfer::next
I: InitChooser::next
I: MonitorObliviousTransfer::next
I: RecvConstant::next
D: received message: 53961ff3f43c85b9a0e62fb1fdb37f701378b83d3c1ee55920cb9871c0cf958a4bc28ee52ea7f8048dd8aa665b6d814f679d0b51a8956e879e605dc9e8f10673aa64715cf611ac4cc7d33f3ba3a12fb08b3d8ff5294d07f65410dc552b2643c3
I: MonitorObliviousTransfer::next
I: GeneratePublicKey::next
D:  sending message (size 0.000192 MB)
I: MonitorObliviousTransfer::next
I: SendPublicKey::next
I: MonitorObliviousTransfer::next
I: RecvEncryptedMessages::next
I: MonitorObliviousTransfer::next
I: DecryptChosenMessage::next
I: MonitorObliviousTransfer::next
I: ChooserDone::next
I: MonitorObliviousTransfer::next
I: MonitorObliviousTransfer::next
I: InitChooser::next
I: MonitorObliviousTransfer::next
I: RecvConstant::next
D: received message: 435ba0505241a097fcf0761c9b23c313f1054647af2d540e6a157220acd1b79a843628b2f11d119f77303d1dd9abe0e35bacecfb4d64e8f1ea670abc6c52cd33d88c691f7823e852ec32a11e597f6d4c9ac936b305ce0077ff12a017a8bdfe9
I: MonitorObliviousTransfer::next
I: GeneratePublicKey::next
D:  sending message (size 0.000192 MB)
I: MonitorObliviousTransfer::next
I: SendPublicKey::next
I: MonitorObliviousTransfer::next
I: RecvEncryptedMessages::next
I: MonitorObliviousTransfer::next
I: DecryptChosenMessage::next
I: MonitorObliviousTransfer::next
I: ChooserDone::next
I: MonitorObliviousTransfer::next
I: MonitorObliviousTransfer::next
I: InitChooser::next
I: MonitorObliviousTransfer::next
I: RecvConstant::next
D: received message: e4295c6188f74add94af353657961062872dd5cbf7e1fab485e7d7f5616064ad0988f9d06ee94b30e34a915e8b339dc605c83bdfd7d2fc8fb77b79a6c1bece128acec4b4b1254a232ad42c1096fd565f554f957b497d7ba416c11b06175a9b1c
I: MonitorObliviousTransfer::next
I: GeneratePublicKey::next
D:  sending message (size 0.000192 MB)
I: MonitorObliviousTransfer::next
I: SendPublicKey::next
I: MonitorObliviousTransfer::next
I: RecvEncryptedMessages::next
I: MonitorObliviousTransfer::next
I: DecryptChosenMessage::next
I: MonitorObliviousTransfer::next
I: ChooserDone::next
I: MonitorObliviousTransfer::next
I: MonitorObliviousTransfer::next
I: InitChooser::next
I: MonitorObliviousTransfer::next
I: RecvConstant::next
D: received message: 707f0ba648872848d73115792838d2391d5dd7b987190b09b9011b8cacb6c0b1084a3bfe8f2e84dff384a474eef069cb4c1ad6d22c8d32e2577d798142093aafefea96e32516dc8cdaeff67ddfa8075110e621949a226082fa8d5805567919f5
I: MonitorObliviousTransfer::next
I: GeneratePublicKey::next
D:  sending message (size 0.000192 MB)
I: MonitorObliviousTransfer::next
I: SendPublicKey::next
I: MonitorObliviousTransfer::next
I: RecvEncryptedMessages::next
I: MonitorObliviousTransfer::next
I: DecryptChosenMessage::next
I: MonitorObliviousTransfer::next
I: ChooserDone::next
I: MonitorObliviousTransfer::next
I: MonitorObliviousTransfer::next
I: InitChooser::next
I: MonitorObliviousTransfer::next
I: RecvConstant::next
D: received message: 67bbadb4ade225ca130cbbecba5a159898d2a5ac8d80998b03ab5d63ae6caf2d8cc22af15672106560823871af9c601c6dda29a8c97c4ff8c35c5b5e2ae6af9096c73220de208bc18a603d9d7b4476d4e7168b9db085b32fe2d3c60a8df90800
I: MonitorObliviousTransfer::next
I: GeneratePublicKey::next
D:  sending message (size 0.000192 MB)
I: MonitorObliviousTransfer::next
I: SendPublicKey::next
I: MonitorObliviousTransfer::next
I: RecvEncryptedMessages::next
I: MonitorObliviousTransfer::next
I: DecryptChosenMessage::next
I: MonitorObliviousTransfer::next
I: ChooserDone::next
I: MonitorObliviousTransfer::next
I: MonitorObliviousTransfer::next
I: InitChooser::next
I: MonitorObliviousTransfer::next
I: RecvConstant::next
D: received message: 2b5c3435c8f04eeb36a013bb461fbc2fccb2a649d60c14a60bc898b3c17d8cf8d88e9638300230e66d50b8aeb0047ca15569a259546dbd792404c1259e8173073192131a5be408fde5756ec902d986e64b74f0668445f5cce17753c06a1acef4
I: MonitorObliviousTransfer::next
I: GeneratePublicKey::next
D:  sending message (size 0.000192 MB)
I: MonitorObliviousTransfer::next
I: SendPublicKey::next
I: MonitorObliviousTransfer::next
I: RecvEncryptedMessages::next
I: MonitorObliviousTransfer::next
I: DecryptChosenMessage::next
I: MonitorObliviousTransfer::next
I: ChooserDone::next
I: MonitorObliviousTransfer::next
I: MonitorObliviousTransfer::next
I: InitChooser::next
I: MonitorObliviousTransfer::next
I: RecvConstant::next
D: received message: 8cecc90710619c3c323a36b3325df35b43ed061ba22e4a099454e6526c42ba7963b2f2a4afb560c2ae8be997f5a0dd7fb5f826bf0403fee4e09c60324b16827bcdfe91ce88420f0de21b219c51ec81490f87fec6ace8dc1db5734b6e2f6cacbc
I: MonitorObliviousTransfer::next
I: GeneratePublicKey::next
D:  sending message (size 0.000192 MB)
I: MonitorObliviousTransfer::next
I: SendPublicKey::next
I: MonitorObliviousTransfer::next
I: RecvEncryptedMessages::next
I: MonitorObliviousTransfer::next
I: DecryptChosenMessage::next
I: MonitorObliviousTransfer::next
I: ChooserDone::next
I: MonitorObliviousTransfer::next
I: MonitorObliviousTransfer::next
I: InitChooser::next
I: MonitorObliviousTransfer::next
I: RecvConstant::next
D: received message: b210c01c991fbb579075213229c99be193c089dad9bdbb7e9289ceb960e4ae0ccf8f1c2640f682242ad7f786429d08ea654d79797c58d3eb8fb44939189ad8cb5d4cb9647d6860a2bfbeb91b99e2675ea4ab0235ec3652b0c1a294322e856fd0
I: MonitorObliviousTransfer::next
I: GeneratePublicKey::next
D:  sending message (size 0.000192 MB)
I: MonitorObliviousTransfer::next
I: SendPublicKey::next
I: MonitorObliviousTransfer::next
I: RecvEncryptedMessages::next
I: MonitorObliviousTransfer::next
I: DecryptChosenMessage::next
I: MonitorObliviousTransfer::next
I: ChooserDone::next
I: MonitorObliviousTransfer::next
I: MonitorObliviousTransfer::next
I: InitChooser::next
I: MonitorObliviousTransfer::next
I: RecvConstant::next
D: received message: 4e8355235394d74ff15430c4e0c743588a78caa73773cc0b93baa724d4eade60fdd39cf61c251896a3085dccf96c4facbd954fc49185a283dbbd7e0a684be65b4cda8ecbc49a856862a6115d3ac85a577d4dc85e656f59be826f9863f62313e9
I: MonitorObliviousTransfer::next
I: GeneratePublicKey::next
D:  sending message (size 0.000192 MB)
I: MonitorObliviousTransfer::next
I: SendPublicKey::next
I: MonitorObliviousTransfer::next
I: RecvEncryptedMessages::next
I: MonitorObliviousTransfer::next
I: DecryptChosenMessage::next
I: MonitorObliviousTransfer::next
I: ChooserDone::next
I: MonitorObliviousTransfer::next
I: MonitorObliviousTransfer::next
I: InitChooser::next
I: MonitorObliviousTransfer::next
I: RecvConstant::next
D: received message: 47fc31c17a0cf3286826fb8ed3d13c69c77c0d5d3d23b70d4e73850d6c19883c50dee5f8fb40e28713e7239f61cb2d56bfea4d76a193434d1cbe2e1e01c384af351b0b6a197acb18d9c81c80f8a4d48ab4f790edf8753454d74adb8784fc43d2
I: MonitorObliviousTransfer::next
I: GeneratePublicKey::next
D:  sending message (size 0.000192 MB)
I: MonitorObliviousTransfer::next
I: SendPublicKey::next
I: MonitorObliviousTransfer::next
I: RecvEncryptedMessages::next
I: MonitorObliviousTransfer::next
I: DecryptChosenMessage::next
I: MonitorObliviousTransfer::next
I: ChooserDone::next
I: MonitorObliviousTransfer::next
I: MonitorObliviousTransfer::next
I: InitChooser::next
I: MonitorObliviousTransfer::next
I: RecvConstant::next
D: received message: 72ef78341c4415f768373bdab0a5685420b3b068ff3350891d6d7846ae397cc0baa444d497228f0cfbeca4ca8b7ae44c0264f6c246a229d7903d0d073a1e058cdedf2fbb5161c6e9a5ebea43a11a048c26c0f93d96056630fe132eae9a528b6a
I: MonitorObliviousTransfer::next
I: GeneratePublicKey::next
D:  sending message (size 0.000192 MB)
I: MonitorObliviousTransfer::next
I: SendPublicKey::next
I: MonitorObliviousTransfer::next
I: RecvEncryptedMessages::next
I: MonitorObliviousTransfer::next
I: DecryptChosenMessage::next
I: MonitorObliviousTransfer::next
I: ChooserDone::next
I: MonitorObliviousTransfer::next
I: MonitorObliviousTransfer::next
I: InitChooser::next
I: MonitorObliviousTransfer::next
I: RecvConstant::next
D: received message: 7712d3f1424dd995b7beb3ec38e37d50c35e8274a04906c60340774349006a55c6a9d4830af3282a3960e303b6d91a569ad39921a16f57c3da483bd7566c4cd82fcbcd924576dde8af888abb4fa728b1861f67b99ff533f6961174e3d8ee5a7d
I: MonitorObliviousTransfer::next
I: GeneratePublicKey::next
D:  sending message (size 0.000192 MB)
I: MonitorObliviousTransfer::next
I: SendPublicKey::next
I: MonitorObliviousTransfer::next
I: RecvEncryptedMessages::next
I: MonitorObliviousTransfer::next
I: DecryptChosenMessage::next
I: MonitorObliviousTransfer::next
I: ChooserDone::next
I: MonitorObliviousTransfer::next
I: MonitorObliviousTransfer::next
I: InitChooser::next
I: MonitorObliviousTransfer::next
I: RecvConstant::next
D: received message: 509b830e94dc35d3041d7d9fe4ec49d242f785662ed03786210735ed5c2cedb11c3b5364aff047f0831f51050e0ed4ccbf3cb2842d6cb76eaa1778879b4ee5e3be0d51dcf6cb962a9464ee5a9c6bc58dfc60e8c865f3dcdc4180aea784e48a1
I: MonitorObliviousTransfer::next
I: GeneratePublicKey::next
D:  sending message (size 0.000192 MB)
I: MonitorObliviousTransfer::next
I: SendPublicKey::next
I: MonitorObliviousTransfer::next
I: RecvEncryptedMessages::next
I: MonitorObliviousTransfer::next
I: DecryptChosenMessage::next
I: MonitorObliviousTransfer::next
I: ChooserDone::next
I: MonitorObliviousTransfer::next
I: MonitorObliviousTransfer::next
I: InitChooser::next
I: MonitorObliviousTransfer::next
I: RecvConstant::next
D: received message: 6ef2be1740291febfed8bd1d678658e0ce11ac63ff6ec57d4b276cf01e2d1058b623401f5ba31fa6ea7336db45eb241cb2c117fb8503fe81b731cf71df314ed76053665b0717555f050e29c629a05648f1de9bd2875c5e1c0dc8b0480770cba2
I: MonitorObliviousTransfer::next
I: GeneratePublicKey::next
D:  sending message (size 0.000192 MB)
I: MonitorObliviousTransfer::next
I: SendPublicKey::next
I: MonitorObliviousTransfer::next
I: RecvEncryptedMessages::next
I: MonitorObliviousTransfer::next
I: DecryptChosenMessage::next
I: MonitorObliviousTransfer::next
I: ChooserDone::next
I: MonitorObliviousTransfer::next
I: MonitorObliviousTransfer::next
I: InitChooser::next
I: MonitorObliviousTransfer::next
I: RecvConstant::next
D: received message: 3b3a221228061179145396a7c0bdf810b7799dc4e65d6e18a091045a3c151ea4b610448a24999afbbb186d8f7145d40471a0042e6717e8ed74e006eca8ea425db8bfc282021b6161d055338a41dd6874f8ccca28c951464f28788f0e4966d3de
I: MonitorObliviousTransfer::next
I: GeneratePublicKey::next
D:  sending message (size 0.000192 MB)
I: MonitorObliviousTransfer::next
I: SendPublicKey::next
I: MonitorObliviousTransfer::next
I: RecvEncryptedMessages::next
I: MonitorObliviousTransfer::next
I: DecryptChosenMessage::next
I: MonitorObliviousTransfer::next
I: ChooserDone::next
I: MonitorObliviousTransfer::next
I: MonitorObliviousTransfer::next
I: InitChooser::next
I: MonitorObliviousTransfer::next
I: RecvConstant::next
D: received message: 47c6ff30aa8afb1b3bc51fcbb45d698a333df137bee15b730aa0b1dff3e3c574eacbca7271c8ed33815df7ee7d70565d38f12ac8f8f6b3b36805fabd207179deb45c7f512396e6a8572f59812169108ccd2f585f08bc8c4e5bba75803cd99b85
I: MonitorObliviousTransfer::next
I: GeneratePublicKey::next
D:  sending message (size 0.000192 MB)
I: MonitorObliviousTransfer::next
I: SendPublicKey::next
I: MonitorObliviousTransfer::next
I: RecvEncryptedMessages::next
I: MonitorObliviousTransfer::next
I: DecryptChosenMessage::next
I: MonitorObliviousTransfer::next
I: ChooserDone::next
I: MonitorObliviousTransfer::next
I: MonitorObliviousTransfer::next
I: InitChooser::next
I: MonitorObliviousTransfer::next
I: RecvConstant::next
D: received message: 9df58614fbd69ae796d9202f602c8ee44ee99c381bb599f3bdbf0fb95379935dad80d3091ce60c164fdaf0b99177c18079cfb77e5c46cb52fffec80bf540e31cec829a706d54260aa396781a4a9221f7ac99a0c79f7815ff254f61a15b50fb1f
I: MonitorObliviousTransfer::next
I: GeneratePublicKey::next
D:  sending message (size 0.000192 MB)
I: MonitorObliviousTransfer::next
I: SendPublicKey::next
I: MonitorObliviousTransfer::next
I: RecvEncryptedMessages::next
I: MonitorObliviousTransfer::next
I: DecryptChosenMessage::next
I: MonitorObliviousTransfer::next
I: ChooserDone::next
I: MonitorObliviousTransfer::next
I: MonitorObliviousTransfer::next
I: InitChooser::next
I: MonitorObliviousTransfer::next
I: RecvConstant::next
D: received message: 81b7a237c4278f73003f28189378aaf2cc58692244360d32d03a3607887d15ddb305816b4aecb3d2a58c3d74331e5be39df6510b6127e21704a5f254445cae349dbce9913c10b38a2c92c490c488e9781da78c16257d65140c5abd0ae5db1357
I: MonitorObliviousTransfer::next
I: GeneratePublicKey::next
D:  sending message (size 0.000192 MB)
I: MonitorObliviousTransfer::next
I: SendPublicKey::next
I: MonitorObliviousTransfer::next
I: RecvEncryptedMessages::next
I: MonitorObliviousTransfer::next
I: DecryptChosenMessage::next
I: MonitorObliviousTransfer::next
I: ChooserDone::next
I: MonitorObliviousTransfer::next
I: MonitorObliviousTransfer::next
I: InitChooser::next
I: MonitorObliviousTransfer::next
I: RecvConstant::next
D: received message: 817cd7b56ccbf5be1d9fc8319d3a473f2f0c2de548c782c5b9fba746cbb9829975d3fb61572a9e5b1c834e26f47729fe706e36dc12f61c1d3104d30d4af24e137408e3179a6476d910e61eeae882a36f4173b760714fc73a84e7e42c2c4b3faf
I: MonitorObliviousTransfer::next
I: GeneratePublicKey::next
D:  sending message (size 0.000192 MB)
I: MonitorObliviousTransfer::next
I: SendPublicKey::next
I: MonitorObliviousTransfer::next
I: RecvEncryptedMessages::next
I: MonitorObliviousTransfer::next
I: DecryptChosenMessage::next
I: MonitorObliviousTransfer::next
I: ChooserDone::next
I: MonitorObliviousTransfer::next
I: MonitorObliviousTransfer::next
I: InitChooser::next
I: MonitorObliviousTransfer::next
I: RecvConstant::next
D: received message: 1bb3e2d0e392c5b7390fcc5ba11e4f7175f60f185c0138c4c8a450282648262ac261ebee5165dd8230f91f1771fb6f483e615da9f61e45ea1f7acb93d72ff2bf95ceaa7070bc01ec3c731688359127d5c3208a07f4963552cc435c3bf85dc4bd
I: MonitorObliviousTransfer::next
I: GeneratePublicKey::next
D:  sending message (size 0.000192 MB)
I: MonitorObliviousTransfer::next
I: SendPublicKey::next
I: MonitorObliviousTransfer::next
I: RecvEncryptedMessages::next
I: MonitorObliviousTransfer::next
I: DecryptChosenMessage::next
I: MonitorObliviousTransfer::next
I: ChooserDone::next
I: MonitorObliviousTransfer::next
I: MonitorObliviousTransfer::next
I: InitChooser::next
I: MonitorObliviousTransfer::next
I: RecvConstant::next
D: received message: bd15871fdb8a4b3a1b13af17a44ce578b60b1d9dae3355b47ad72035ac71054a343866fac1b7c142d704269a6aa31507884d346e5dbac49d5089fd370878ded665a04d9fd3c797c2de251fb5c04d29d449e8feceb305bb338815ca13a347b81a
I: MonitorObliviousTransfer::next
I: GeneratePublicKey::next
D:  sending message (size 0.000192 MB)
I: MonitorObliviousTransfer::next
I: SendPublicKey::next
I: MonitorObliviousTransfer::next
I: RecvEncryptedMessages::next
I: MonitorObliviousTransfer::next
I: DecryptChosenMessage::next
I: MonitorObliviousTransfer::next
I: ChooserDone::next
I: MonitorObliviousTransfer::next
I: MonitorObliviousTransfer::next
I: InitChooser::next
I: MonitorObliviousTransfer::next
I: RecvConstant::next
D: received message: 850e709e997c099b7adfd25f2aa1f9bfe17f84335679828130c1b7d0558fe1e1049c780e2d27c7e92ffa44195d58d812071d8ba45d7a27edcbcc2157528ee49d5fe7f454a32f5f011010737ef1fd7767c74e62888a88858bc7e431cd4f1df809
I: MonitorObliviousTransfer::next
I: GeneratePublicKey::next
D:  sending message (size 0.000192 MB)
I: MonitorObliviousTransfer::next
I: SendPublicKey::next
I: MonitorObliviousTransfer::next
I: RecvEncryptedMessages::next
I: MonitorObliviousTransfer::next
I: DecryptChosenMessage::next
I: MonitorObliviousTransfer::next
I: ChooserDone::next
I: MonitorObliviousTransfer::next
I: MonitorObliviousTransfer::next
I: InitChooser::next
I: MonitorObliviousTransfer::next
I: RecvConstant::next
D: received message: ea5b1a7eb7c417407defc4600f530af85351e8ba56a8449de5d1ff84388782681fcc45225559f30e899337fdacd701ad23fc4d1fb9862cb63fb2c26f28262d0009ba402c9e3371be82c9aa70f3c750b977375bd9deebbbe242f2c650dd85c1d1
I: MonitorObliviousTransfer::next
I: GeneratePublicKey::next
D:  sending message (size 0.000192 MB)
I: MonitorObliviousTransfer::next
I: SendPublicKey::next
I: MonitorObliviousTransfer::next
I: RecvEncryptedMessages::next
I: MonitorObliviousTransfer::next
I: DecryptChosenMessage::next
I: MonitorObliviousTransfer::next
I: ChooserDone::next
I: MonitorObliviousTransfer::next
I: MonitorObliviousTransfer::next
I: InitChooser::next
I: MonitorObliviousTransfer::next
I: RecvConstant::next
D: received message: b68b1222e87c7e9129da77f771a64228dc0e7747ce6eda8eb66c17cd3e0f086e406796016aa67347b949a7b750c2086b65a36325d7785356f472c703363e80c087c42d5a968b9cbe14defa730a929c5a01d50f393e7babb1b13c7c934e312516
I: MonitorObliviousTransfer::next
I: GeneratePublicKey::next
D:  sending message (size 0.000192 MB)
I: MonitorObliviousTransfer::next
I: SendPublicKey::next
I: MonitorObliviousTransfer::next
I: RecvEncryptedMessages::next
I: MonitorObliviousTransfer::next
I: DecryptChosenMessage::next
I: MonitorObliviousTransfer::next
I: ChooserDone::next
I: MonitorObliviousTransfer::next
I: MonitorObliviousTransfer::next
I: InitChooser::next
I: MonitorObliviousTransfer::next
I: RecvConstant::next
D: received message: 509a4cfca68749c6bf3082a7abdde3b67f81c1573b0eb842b1dafe86e9999a2f9ed8e6e534b50335dba6047c001e3870c7dbc1edaa54eac5205cbdb7f78705de3cbe3df5bd125c841b9cb6ccd7967df6ef9045797b34d299852a3dca357e4c64
I: MonitorObliviousTransfer::next
I: GeneratePublicKey::next
D:  sending message (size 0.000192 MB)
I: MonitorObliviousTransfer::next
I: SendPublicKey::next
I: MonitorObliviousTransfer::next
I: RecvEncryptedMessages::next
I: MonitorObliviousTransfer::next
I: DecryptChosenMessage::next
I: MonitorObliviousTransfer::next
I: ChooserDone::next
I: MonitorObliviousTransfer::next
I: MonitorObliviousTransfer::next
I: InitChooser::next
I: MonitorObliviousTransfer::next
I: RecvConstant::next
D: received message: bb62badfb237e3a869e4863df2b545b8d00ff9d01c08ce3b688b953b1f365461134d4ed8e334c54a35bf93af26ed3f264aeb4a39a1fb08650601614f60cebd1223a63c769e07199fb30aa687ea4d06af471196a8ba958794ec60e81f001b4366
I: MonitorObliviousTransfer::next
I: GeneratePublicKey::next
D:  sending message (size 0.000192 MB)
I: MonitorObliviousTransfer::next
I: SendPublicKey::next
I: MonitorObliviousTransfer::next
I: RecvEncryptedMessages::next
I: MonitorObliviousTransfer::next
I: DecryptChosenMessage::next
I: MonitorObliviousTransfer::next
I: ChooserDone::next
I: MonitorObliviousTransfer::next
I: MonitorObliviousTransfer::next
I: InitChooser::next
I: MonitorObliviousTransfer::next
I: RecvConstant::next
D: received message: cb3e5a74896d9bfce3399e0d93a3b5d17537d79cc7cca555636b09443d0537a2d31d3856340721b4c4b21c4650871990b9a5635ec821438bd8a1b1881840e3a474ca67df0ad5438dd08a132309c5c1c84e33663c6d206881a3bbcffabee3557a
I: MonitorObliviousTransfer::next
I: GeneratePublicKey::next
D:  sending message (size 0.000192 MB)
I: MonitorObliviousTransfer::next
I: SendPublicKey::next
I: MonitorObliviousTransfer::next
I: RecvEncryptedMessages::next
I: MonitorObliviousTransfer::next
I: DecryptChosenMessage::next
I: MonitorObliviousTransfer::next
I: ChooserDone::next
I: MonitorObliviousTransfer::next
I: MonitorObliviousTransfer::next
I: InitChooser::next
I: MonitorObliviousTransfer::next
I: RecvConstant::next
D: received message: 809549ff4612d4f78c6b2b2dc3ffdeac95e5e821901014e4466a030f46100f5f709182c436b7b050975f0fef56fc36879722de2e347b09927f136f2fdd20547bd17b87a8bf1146020e67cf36862a9a2d245fee3c7adb44acbcf1725d15ce618a
I: MonitorObliviousTransfer::next
I: GeneratePublicKey::next
D:  sending message (size 0.000192 MB)
I: MonitorObliviousTransfer::next
I: SendPublicKey::next
I: MonitorObliviousTransfer::next
I: RecvEncryptedMessages::next
I: MonitorObliviousTransfer::next
I: DecryptChosenMessage::next
I: MonitorObliviousTransfer::next
I: ChooserDone::next
I: MonitorObliviousTransfer::next
I: MonitorObliviousTransfer::next
I: InitChooser::next
I: MonitorObliviousTransfer::next
I: RecvConstant::next
D: received message: fbeb4c07dd9f2bfcbcee867ecb1782719fb42de79b360f8185c3696e02588f4d65b3acc9fe61c226ae5d3d7945b3815afa6fb51723fd0e9c9b69bebed65c0275b5a23dd1b432d1c1faf4a3b386e105f94a9e12ae94cea5d4dc61af5f3bdd4ef3
I: MonitorObliviousTransfer::next
I: GeneratePublicKey::next
D:  sending message (size 0.000192 MB)
I: MonitorObliviousTransfer::next
I: SendPublicKey::next
I: MonitorObliviousTransfer::next
I: RecvEncryptedMessages::next
I: MonitorObliviousTransfer::next
I: DecryptChosenMessage::next
I: MonitorObliviousTransfer::next
I: ChooserDone::next
I: MonitorObliviousTransfer::next
I: MonitorObliviousTransfer::next
I: InitChooser::next
I: MonitorObliviousTransfer::next
I: RecvConstant::next
D: received message: 797b68b0bb2a485cd2e17b3e250af273f9f021dc5494871a74364a6389941b57175167d76b3d1559f66769fa68db6d9f8aa5ed710687b8fe75441a72c1142d6ebd336bae819918cdd9f92fcdd6f62abce5571e1d6224408ccad5e94b01e39d6e
I: MonitorObliviousTransfer::next
I: GeneratePublicKey::next
D:  sending message (size 0.000192 MB)
I: MonitorObliviousTransfer::next
I: SendPublicKey::next
I: MonitorObliviousTransfer::next
I: RecvEncryptedMessages::next
I: MonitorObliviousTransfer::next
I: DecryptChosenMessage::next
I: MonitorObliviousTransfer::next
I: ChooserDone::next
I: MonitorObliviousTransfer::next
I: MonitorObliviousTransfer::next
I: InitChooser::next
I: MonitorObliviousTransfer::next
I: RecvConstant::next
D: received message: 1c275835fb06a99bd8de2bf25094a34660f9e58a14fffedddf2f42d490e132b5d51b8e21e18a914c516fc71fecc5d9c1d6af8e3083a0e55fde631a28029e4ed23d3d4e3f1f0cea1e84fd40e62cd535e809cf6881d9b154f0a3fc873504518038
I: MonitorObliviousTransfer::next
I: GeneratePublicKey::next
D:  sending message (size 0.000192 MB)
I: MonitorObliviousTransfer::next
I: SendPublicKey::next
I: MonitorObliviousTransfer::next
I: RecvEncryptedMessages::next
I: MonitorObliviousTransfer::next
I: DecryptChosenMessage::next
I: MonitorObliviousTransfer::next
I: ChooserDone::next
I: MonitorObliviousTransfer::next
I: MonitorObliviousTransfer::next
I: InitChooser::next
I: MonitorObliviousTransfer::next
I: RecvConstant::next
D: received message: 38d02fca75dc53028a166771ad8bb4c1491b461b723185a259fa96bfe451470d386482da4a41911ac21c2cb248161e0b3b2e38d8d771a1ae57dd2ec1ff6cc495f996c8235cbacac612e07d9524c01b02ff1333610a0e3bf2451f9f603709a725
I: MonitorObliviousTransfer::next
I: GeneratePublicKey::next
D:  sending message (size 0.000192 MB)
I: MonitorObliviousTransfer::next
I: SendPublicKey::next
I: MonitorObliviousTransfer::next
I: RecvEncryptedMessages::next
I: MonitorObliviousTransfer::next
I: DecryptChosenMessage::next
I: MonitorObliviousTransfer::next
I: ChooserDone::next
I: MonitorObliviousTransfer::next
I: MonitorObliviousTransfer::next
I: InitChooser::next
I: MonitorObliviousTransfer::next
I: RecvConstant::next
D: received message: a86391c149163c83d7f5239a2052a6a74bb03ac1ea6e058fa1ca0f53de13867254424b510e42fa53e5f17024f52daa2240bb7fce3be174714fe3eac78a48b83737099507f767ee3fbba1048e8e79f554672ebcb9920f0ecea1c3308852c6e688
I: MonitorObliviousTransfer::next
I: GeneratePublicKey::next
D:  sending message (size 0.000192 MB)
I: MonitorObliviousTransfer::next
I: SendPublicKey::next
I: MonitorObliviousTransfer::next
I: RecvEncryptedMessages::next
I: MonitorObliviousTransfer::next
I: DecryptChosenMessage::next
I: MonitorObliviousTransfer::next
I: ChooserDone::next
I: MonitorObliviousTransfer::next
I: MonitorObliviousTransfer::next
I: InitChooser::next
I: MonitorObliviousTransfer::next
I: RecvConstant::next
D: received message: dd73b25a7397404cbece74a245c9d9a84b4329c2596c961079308555beb57bec78f09417b8978d2adcb4168b5badcd495032b2d5d9e3c7729602bbaa221e1c0aa0d527dcfbba851a60892f8c8fbcaabaa29cc35520e5fa619e7aebceabf4e4c0
I: MonitorObliviousTransfer::next
I: GeneratePublicKey::next
D:  sending message (size 0.000192 MB)
I: MonitorObliviousTransfer::next
I: SendPublicKey::next
I: MonitorObliviousTransfer::next
I: RecvEncryptedMessages::next
I: MonitorObliviousTransfer::next
I: DecryptChosenMessage::next
I: MonitorObliviousTransfer::next
I: ChooserDone::next
I: MonitorObliviousTransfer::next
I: MonitorObliviousTransfer::next
I: InitChooser::next
I: MonitorObliviousTransfer::next
I: RecvConstant::next
D: received message: 70cb9417f9ec6bdcf24e43db565a1a6cfe148a67250aa695f379a909b19a7a8f6f9debefce40031798ab9b7860c7537fb1304ec8dde2d311cbdd33b77be6cfc3eab46cb0edd5ada938897495770642798ad0cad266b9a72a2df2b213f3a9cdb1
I: MonitorObliviousTransfer::next
I: GeneratePublicKey::next
D:  sending message (size 0.000192 MB)
I: MonitorObliviousTransfer::next
I: SendPublicKey::next
I: MonitorObliviousTransfer::next
I: RecvEncryptedMessages::next
I: MonitorObliviousTransfer::next
I: DecryptChosenMessage::next
I: MonitorObliviousTransfer::next
I: ChooserDone::next
I: MonitorObliviousTransfer::next
I: MonitorObliviousTransfer::next
I: InitChooser::next
I: MonitorObliviousTransfer::next
I: RecvConstant::next
D: received message: c8bd726a67c8834d141ad28545894372a7910a20d8e999cc95d244639cb3410401433852d68f08fd16a892cf4e657e96de52ebf7730ebc31b242294ce51ef76cdcfd6b21b5338a0ec558d08a0cf112e6c2aaf6c46748c385172c67f94b8594cf
I: MonitorObliviousTransfer::next
I: GeneratePublicKey::next
D:  sending message (size 0.000192 MB)
I: MonitorObliviousTransfer::next
I: SendPublicKey::next
I: MonitorObliviousTransfer::next
I: RecvEncryptedMessages::next
I: MonitorObliviousTransfer::next
I: DecryptChosenMessage::next
I: MonitorObliviousTransfer::next
I: ChooserDone::next
I: MonitorObliviousTransfer::next
I: MonitorObliviousTransfer::next
I: InitChooser::next
I: MonitorObliviousTransfer::next
I: RecvConstant::next
D: received message: fbc235eb5dc1cc44a9260ee122a3ee580d3ad0a77de308acdc6e126de07af96f51a09d99e7e42de4ae020ab47c848f9640892631c958f9cba0a71823b8b6165faaf9327108c0c3a37e40a0324eadffe75242e04ae7c519534f1fba1cc156b767
I: MonitorObliviousTransfer::next
I: GeneratePublicKey::next
D:  sending message (size 0.000192 MB)
I: MonitorObliviousTransfer::next
I: SendPublicKey::next
I: MonitorObliviousTransfer::next
I: RecvEncryptedMessages::next
I: MonitorObliviousTransfer::next
I: DecryptChosenMessage::next
I: MonitorObliviousTransfer::next
I: ChooserDone::next
I: MonitorObliviousTransfer::next
I: MonitorObliviousTransfer::next
I: InitChooser::next
I: MonitorObliviousTransfer::next
I: RecvConstant::next
D: received message: 289dfc3b56ff4227a903abb0b8fb4ce319bfc54e8fcd63160a02263abd326ebf95288ab4a20b6e98d2604902e84550a323fd07e1c00c3b68943489cf0cc8b283fa1749c439e456f04f10c983aa6ed627c3be5a68b60684a1cf62bb16e29f6c8
I: MonitorObliviousTransfer::next
I: GeneratePublicKey::next
D:  sending message (size 0.000192 MB)
I: MonitorObliviousTransfer::next
I: SendPublicKey::next
I: MonitorObliviousTransfer::next
I: RecvEncryptedMessages::next
I: MonitorObliviousTransfer::next
I: DecryptChosenMessage::next
I: MonitorObliviousTransfer::next
I: ChooserDone::next
I: MonitorObliviousTransfer::next
I: MonitorObliviousTransfer::next
I: InitChooser::next
I: MonitorObliviousTransfer::next
I: RecvConstant::next
D: received message: 314cb66fe9d47cfaa311b017ce22b6da85ba40f3e3930c8e41a2afe850419cf3cf15b0261f90912fc4480ed3973ee10e17f6173aab2ce0da434735ad88e350c01d3efeb85c1cc607525ed27338473c315664deb3377c85a4dc51da74fe7d08cb
I: MonitorObliviousTransfer::next
I: GeneratePublicKey::next
D:  sending message (size 0.000192 MB)
I: MonitorObliviousTransfer::next
I: SendPublicKey::next
I: MonitorObliviousTransfer::next
I: RecvEncryptedMessages::next
I: MonitorObliviousTransfer::next
I: DecryptChosenMessage::next
I: MonitorObliviousTransfer::next
I: ChooserDone::next
I: MonitorObliviousTransfer::next
I: MonitorObliviousTransfer::next
I: InitChooser::next
I: MonitorObliviousTransfer::next
I: RecvConstant::next
D: received message: c111aa7eeafa46a68b1cac8e0b5f00d35750346ec27306187d0925f470425ac6fe9f06eb60f614978c886064f98081d06d376c8e3a77fa1458be48cf35f85fd40716f6e7a5bdb8474f18d5b4f3122ab8a40d6ac5941647f995e80250af1168e3
I: MonitorObliviousTransfer::next
I: GeneratePublicKey::next
D:  sending message (size 0.000192 MB)
I: MonitorObliviousTransfer::next
I: SendPublicKey::next
I: MonitorObliviousTransfer::next
I: RecvEncryptedMessages::next
I: MonitorObliviousTransfer::next
I: DecryptChosenMessage::next
I: MonitorObliviousTransfer::next
I: ChooserDone::next
I: MonitorObliviousTransfer::next
I: MonitorObliviousTransfer::next
I: InitChooser::next
I: MonitorObliviousTransfer::next
I: RecvConstant::next
D: received message: 381e2a88f8161c8b9e7382d8383cbd32d0aea9242018d6d8a7262ecd8e4f76a206cd3c2144c7e3e34d5a38acf6e70af7f2f897d52eff1a6f4765b60eed2612dc2f5bc6623b7f6a38fec5e504d63530ae3afa946381b4d2fcba9474fb299cb2fb
I: MonitorObliviousTransfer::next
I: GeneratePublicKey::next
D:  sending message (size 0.000192 MB)
I: MonitorObliviousTransfer::next
I: SendPublicKey::next
I: MonitorObliviousTransfer::next
I: RecvEncryptedMessages::next
I: MonitorObliviousTransfer::next
I: DecryptChosenMessage::next
I: MonitorObliviousTransfer::next
I: ChooserDone::next
I: MonitorObliviousTransfer::next
I: MonitorObliviousTransfer::next
I: InitChooser::next
I: MonitorObliviousTransfer::next
I: RecvConstant::next
D: received message: 5258e7a921ef6c390fef5c20f2d746aa556a0ebc8853ceb5b2e615c2a6c475973aa0aa22827526352caa7baf6b40d2813ef35e1d469ce21684df98f0516dd502753006658224cf51f983708063962b0d9fe1f2604714775acbe9fa94eeec9cdc
I: MonitorObliviousTransfer::next
I: GeneratePublicKey::next
D:  sending message (size 0.000192 MB)
I: MonitorObliviousTransfer::next
I: SendPublicKey::next
I: MonitorObliviousTransfer::next
I: RecvEncryptedMessages::next
I: MonitorObliviousTransfer::next
I: DecryptChosenMessage::next
I: MonitorObliviousTransfer::next
I: ChooserDone::next
I: MonitorObliviousTransfer::next
I: MonitorObliviousTransfer::next
I: InitChooser::next
I: MonitorObliviousTransfer::next
I: RecvConstant::next
D: received message: 5f564432fce3fa0bd25ce3d996755f535a7e0dff1ecd7f7d3ac25885f298703396f8d8a9f393a26dce6f4a8ff1c9de192cfde22b6df03135d4dadc9e92e622c8c9f196d050aadfc60d91392e34b2df13711f59894386c054c1fe4b5974bb9d18
I: MonitorObliviousTransfer::next
I: GeneratePublicKey::next
D:  sending message (size 0.000192 MB)
I: MonitorObliviousTransfer::next
I: SendPublicKey::next
I: MonitorObliviousTransfer::next
I: RecvEncryptedMessages::next
I: MonitorObliviousTransfer::next
I: DecryptChosenMessage::next
I: MonitorObliviousTransfer::next
I: ChooserDone::next
I: MonitorObliviousTransfer::next
I: MonitorObliviousTransfer::next
I: InitChooser::next
I: MonitorObliviousTransfer::next
I: RecvConstant::next
D: received message: 6bdb738d129e89e5376d5644955ea9c106afc97e8decf79268b76f6405e6cb5997a6e7ef68becb58661cd490341625287375f74cd75f110e9a65936b8314b424aae90896eb1e730a2d65da005a60b0ffa1440dda931dc2c3ee63acab2aae7f74
I: MonitorObliviousTransfer::next
I: GeneratePublicKey::next
D:  sending message (size 0.000192 MB)
I: MonitorObliviousTransfer::next
I: SendPublicKey::next
I: MonitorObliviousTransfer::next
I: RecvEncryptedMessages::next
I: MonitorObliviousTransfer::next
I: DecryptChosenMessage::next
I: MonitorObliviousTransfer::next
I: ChooserDone::next
I: MonitorObliviousTransfer::next
I: MonitorObliviousTransfer::next
I: InitChooser::next
I: MonitorObliviousTransfer::next
I: RecvConstant::next
D: received message: c910e83406d24e8b6da1f1d43d0fecb0894d830eaaaf65de440a4373029761dcc2e7d02f07f0219c1b3551998bff64c121c30e9b0dcbc75af73253f4bafebc58aa08ced3f27b3ef34006bd2ff6e591f07f94709b5502848c572b19bbf793a618
I: MonitorObliviousTransfer::next
I: GeneratePublicKey::next
D:  sending message (size 0.000192 MB)
I: MonitorObliviousTransfer::next
I: SendPublicKey::next
I: MonitorObliviousTransfer::next
I: RecvEncryptedMessages::next
I: MonitorObliviousTransfer::next
I: DecryptChosenMessage::next
I: MonitorObliviousTransfer::next
I: ChooserDone::next
I: MonitorObliviousTransfer::next
I: MonitorObliviousTransfer::next
I: InitChooser::next
I: MonitorObliviousTransfer::next
I: RecvConstant::next
D: received message: 75466c05bb4a2421d4bdb0c7af3613aa5600abc3246563bd0410ef5d667976918e7664a2249c4449081fd6adf7ed1e7a42344ba9699635bd23c1eabf6ea35f4030fad0e383a8b655289ad8ebf77b39922946a063fe1d9c02d46ce97efcfdce92
I: MonitorObliviousTransfer::next
I: GeneratePublicKey::next
D:  sending message (size 0.000192 MB)
I: MonitorObliviousTransfer::next
I: SendPublicKey::next
I: MonitorObliviousTransfer::next
I: RecvEncryptedMessages::next
I: MonitorObliviousTransfer::next
I: DecryptChosenMessage::next
I: MonitorObliviousTransfer::next
I: ChooserDone::next
I: MonitorObliviousTransfer::next
I: MonitorObliviousTransfer::next
I: InitChooser::next
I: MonitorObliviousTransfer::next
I: RecvConstant::next
D: received message: b81e54dcb0c28e668476e68bbbdf9fb021bad6e520cbe7c64183c7dd3134775e5ccfc55f4b898efa4192b1adcbf96993dfcb1e4a81befd306062d6ef8342c757643ac25c9c78594e7003697971b55bdcb272b6d243498376b783685a9ef1707b
I: MonitorObliviousTransfer::next
I: GeneratePublicKey::next
D:  sending message (size 0.000192 MB)
I: MonitorObliviousTransfer::next
I: SendPublicKey::next
I: MonitorObliviousTransfer::next
I: RecvEncryptedMessages::next
I: MonitorObliviousTransfer::next
I: DecryptChosenMessage::next
I: MonitorObliviousTransfer::next
I: ChooserDone::next
I: MonitorObliviousTransfer::next
I: MonitorObliviousTransfer::next
I: InitChooser::next
I: MonitorObliviousTransfer::next
I: RecvConstant::next
D: received message: 1f016324de7de015b8ae9a62d7bab1f80ab162d043f10bb9c2e4057dfacca51d529f3e1da12f9e459910d75dae83b4859651dcf9654619180dc5ac852da2f6a47c7a78d3ea2b07a0c52266ab22c3b2e25d96c1500c424c742969cf1fb713532
I: MonitorObliviousTransfer::next
I: GeneratePublicKey::next
D:  sending message (size 0.000192 MB)
I: MonitorObliviousTransfer::next
I: SendPublicKey::next
I: MonitorObliviousTransfer::next
I: RecvEncryptedMessages::next
I: MonitorObliviousTransfer::next
I: DecryptChosenMessage::next
I: MonitorObliviousTransfer::next
I: ChooserDone::next
I: MonitorObliviousTransfer::next
I: MonitorObliviousTransfer::next
I: InitChooser::next
I: MonitorObliviousTransfer::next
I: RecvConstant::next
D: received message: f1c387f53cce5035e01ba78e232e2836b8c607e2d6aff3951c6fd61db2d20311cd11e7010f7cf03945a6c1263db2e4f33a35d715a479c90390c0d896c2bb3e7cdfc31352382bc8a29c854e853a3f704faa60e158085b8f2e4f35f7785883cca5
I: MonitorObliviousTransfer::next
I: GeneratePublicKey::next
D:  sending message (size 0.000191 MB)
I: MonitorObliviousTransfer::next
I: SendPublicKey::next
I: MonitorObliviousTransfer::next
I: RecvEncryptedMessages::next
I: MonitorObliviousTransfer::next
I: DecryptChosenMessage::next
I: MonitorObliviousTransfer::next
I: ChooserDone::next
I: MonitorObliviousTransfer::next
I: MonitorObliviousTransfer::next
I: InitChooser::next
I: MonitorObliviousTransfer::next
I: RecvConstant::next
D: received message: 32e82a002baabffc45a2fceeb16eef64823252e880e0f8d7303bd7de0ad248ca31fcefbf78f524c2e77b469afaf56918ba284891c0cbac67d13c5dbbee9cec03f040960e1f7236cb3dc3a2d8052347ab77f66c6ba0de05299672235adb15cfb9
I: MonitorObliviousTransfer::next
I: GeneratePublicKey::next
D:  sending message (size 0.000192 MB)
I: MonitorObliviousTransfer::next
I: SendPublicKey::next
I: MonitorObliviousTransfer::next
I: RecvEncryptedMessages::next
I: MonitorObliviousTransfer::next
I: DecryptChosenMessage::next
I: MonitorObliviousTransfer::next
I: ChooserDone::next
I: MonitorObliviousTransfer::next
I: MonitorObliviousTransfer::next
I: InitChooser::next
I: MonitorObliviousTransfer::next
I: RecvConstant::next
D: received message: 36fae4cb3afdd8d4ccc53b086fd10b6aafed81a4c32109482126fdfa11b67a91a6cd088e62b1f83e22ba38a1f6c3482163a7ddf0025ca438f4ccf8d4935f656f9468c7c2097b4853fdd376a45ec8f1bd30cddcd3ecb2a59053a257fdcb4c1a6b
I: MonitorObliviousTransfer::next
I: GeneratePublicKey::next
D:  sending message (size 0.000192 MB)
I: MonitorObliviousTransfer::next
I: SendPublicKey::next
I: MonitorObliviousTransfer::next
I: RecvEncryptedMessages::next
I: MonitorObliviousTransfer::next
I: DecryptChosenMessage::next
I: MonitorObliviousTransfer::next
I: ChooserDone::next
I: MonitorObliviousTransfer::next
I: MonitorObliviousTransfer::next
I: InitChooser::next
I: MonitorObliviousTransfer::next
I: RecvConstant::next
D: received message: f8aed6ad9cd9074a784c2f5f61e0223a54ea701b2f7386b643d491ae21d8c103d3f3b26c6cea316240992789ce7ce13cee384be101bb3fb991935f95572169282720ebd9cdcc49e3b0aaec389f79db8607fdb6effc83ea1e9acd581be4bbfda
I: MonitorObliviousTransfer::next
I: GeneratePublicKey::next
D:  sending message (size 0.000192 MB)
I: MonitorObliviousTransfer::next
I: SendPublicKey::next
I: MonitorObliviousTransfer::next
I: RecvEncryptedMessages::next
I: MonitorObliviousTransfer::next
I: DecryptChosenMessage::next
I: MonitorObliviousTransfer::next
I: ChooserDone::next
I: MonitorObliviousTransfer::next
I: MonitorObliviousTransfer::next
I: InitChooser::next
I: MonitorObliviousTransfer::next
I: RecvConstant::next
D: received message: 591843383ccc0c3e58bd01ec3a3c544dc23f20f863bd39eef47c0e41d969f778c77bf47b7cd46078da32dba499bc23061c959ea400f73e1e9e5e8ccc3bc33fe388b366e9a9a4dd30e9edfdac0a0fa2047a5703ae8ce61043dbe6e08d9844ce43
I: MonitorObliviousTransfer::next
I: GeneratePublicKey::next
D:  sending message (size 0.000192 MB)
I: MonitorObliviousTransfer::next
I: SendPublicKey::next
I: MonitorObliviousTransfer::next
I: RecvEncryptedMessages::next
I: MonitorObliviousTransfer::next
I: DecryptChosenMessage::next
I: MonitorObliviousTransfer::next
I: ChooserDone::next
I: MonitorObliviousTransfer::next
I: MonitorObliviousTransfer::next
I: InitChooser::next
I: MonitorObliviousTransfer::next
I: RecvConstant::next
D: received message: 365cad646cd24207cef8845485c82c140af2791d7ba8037853dc999c7a3005cd13eca962da5922b3e5ab23befab3d8558a6ec5089b1a9ba8c22ecf3721fc3c4ce22d876be20ac24c6441ea4c2c3705749e283c26c140c714eae45ab973f97326
I: MonitorObliviousTransfer::next
I: GeneratePublicKey::next
D:  sending message (size 0.000192 MB)
I: MonitorObliviousTransfer::next
I: SendPublicKey::next
I: MonitorObliviousTransfer::next
I: RecvEncryptedMessages::next
I: MonitorObliviousTransfer::next
I: DecryptChosenMessage::next
I: MonitorObliviousTransfer::next
I: ChooserDone::next
I: MonitorObliviousTransfer::next
I: MonitorObliviousTransfer::next
I: InitChooser::next
I: MonitorObliviousTransfer::next
I: RecvConstant::next
D: received message: 32f9f611563b9cbcf338ecd82c12f13c6426cf4077630bf451ee666c442f422bac5f773cb5603b56b7095be9a965908173c27965791b756db2356c74d531d2a027a60e7cc527605dde4662b1158652c065acdd63be5aedec34b67cdfaef9ac97
I: MonitorObliviousTransfer::next
I: GeneratePublicKey::next
D:  sending message (size 0.000192 MB)
I: MonitorObliviousTransfer::next
I: SendPublicKey::next
I: MonitorObliviousTransfer::next
I: RecvEncryptedMessages::next
I: MonitorObliviousTransfer::next
I: DecryptChosenMessage::next
I: MonitorObliviousTransfer::next
I: ChooserDone::next
I: MonitorObliviousTransfer::next
I: MonitorObliviousTransfer::next
I: InitChooser::next
I: MonitorObliviousTransfer::next
I: RecvConstant::next
D: received message: 13d1fee79375a4ad9efff515e79037428e48a88b747122784294204f4c2365bc1a278e9232eff95da5342beb98d5bf72ee28992ca227324682cd197d568bfa1091a9eea63833ed50609bfe5b89a3ad2d8d4a4994fd4a816650001a2796aaa4dc
I: MonitorObliviousTransfer::next
I: GeneratePublicKey::next
D:  sending message (size 0.000192 MB)
I: MonitorObliviousTransfer::next
I: SendPublicKey::next
I: MonitorObliviousTransfer::next
I: RecvEncryptedMessages::next
I: MonitorObliviousTransfer::next
I: DecryptChosenMessage::next
I: MonitorObliviousTransfer::next
I: ChooserDone::next
I: MonitorObliviousTransfer::next
I: MonitorObliviousTransfer::next
I: InitChooser::next
I: MonitorObliviousTransfer::next
I: RecvConstant::next
D: received message: ac13f24508f8973e9cc9265e425e95ad8a5428598a8865cf0e900cabbc0ecf9946f6f185eee19b4aa2ea967ea4d852e84e3fb7e419eba3d4d4434f1744f45a66e328ed3411db63a7b96cb06fe99448fee78088a2c2575c44c79d261649126b04
I: MonitorObliviousTransfer::next
I: GeneratePublicKey::next
D:  sending message (size 0.000192 MB)
I: MonitorObliviousTransfer::next
I: SendPublicKey::next
I: MonitorObliviousTransfer::next
I: RecvEncryptedMessages::next
I: MonitorObliviousTransfer::next
I: DecryptChosenMessage::next
I: MonitorObliviousTransfer::next
I: ChooserDone::next
I: MonitorObliviousTransfer::next
I: MonitorObliviousTransfer::next
I: InitChooser::next
I: MonitorObliviousTransfer::next
I: RecvConstant::next
D: received message: 831291b0f16ee9bad89c060689fe936e1381a86148f9e09b99602b292bd189eec61931cc65bf9bacca69a60c6d541d848ba6c865b6b997614df9f13d328641c99511763b92b80fa397fd8d8d9785f9c5a8c9fd74c2e58e7200b61847cbf1510f
I: MonitorObliviousTransfer::next
I: GeneratePublicKey::next
D:  sending message (size 0.000192 MB)
I: MonitorObliviousTransfer::next
I: SendPublicKey::next
I: MonitorObliviousTransfer::next
I: RecvEncryptedMessages::next
I: MonitorObliviousTransfer::next
I: DecryptChosenMessage::next
I: MonitorObliviousTransfer::next
I: ChooserDone::next
I: MonitorObliviousTransfer::next
I: MonitorObliviousTransfer::next
I: InitChooser::next
I: MonitorObliviousTransfer::next
I: RecvConstant::next
D: received message: 9d0c6ffbc52a11c08d0b9a8a2ecd5387ec55476b68c651a13e60f1567850670b5655c3dfdf8d64cc4cc6a271d949bdbd420e5eaf2b34502c1a33981a5381f2f666f8df1707d6baa8b3e1035a9587dc36139f90e5f5b658989f5dfee4b80529f2
I: MonitorObliviousTransfer::next
I: GeneratePublicKey::next
D:  sending message (size 0.000192 MB)
I: MonitorObliviousTransfer::next
I: SendPublicKey::next
I: MonitorObliviousTransfer::next
I: RecvEncryptedMessages::next
I: MonitorObliviousTransfer::next
I: DecryptChosenMessage::next
I: MonitorObliviousTransfer::next
I: ChooserDone::next
I: MonitorObliviousTransfer::next
I: MonitorObliviousTransfer::next
I: InitChooser::next
I: MonitorObliviousTransfer::next
I: RecvConstant::next
D: received message: f01d21b1ef177295459b050187da58bc23fc1f9dd865711db6d773b2e58779b55075ffaea7a0c578e0fd3bcbd8440a5350e7d1db91bdb7de52f778b1630402c9c472b9dc20ac6fa53672347a4369e385129c094e52e2401c805878da80c3d73
I: MonitorObliviousTransfer::next
I: GeneratePublicKey::next
D:  sending message (size 0.000192 MB)
I: MonitorObliviousTransfer::next
I: SendPublicKey::next
I: MonitorObliviousTransfer::next
I: RecvEncryptedMessages::next
I: MonitorObliviousTransfer::next
I: DecryptChosenMessage::next
I: MonitorObliviousTransfer::next
I: ChooserDone::next
I: MonitorObliviousTransfer::next
I: MonitorObliviousTransfer::next
I: InitChooser::next
I: MonitorObliviousTransfer::next
I: RecvConstant::next
D: received message: fbeac119392c6c73d5969dbb5f12c9c2b08b25cf59efb71ba4c95c6c8cac7afc70658980ebc736164b2e766e4d9ce7aa06051c3c01ebe7d9fb79f236c8e9a90d661889e1475692ed603aece3f9bc92cc889e9486aa7b2ce98415ace6bb18a02d
I: MonitorObliviousTransfer::next
I: GeneratePublicKey::next
D:  sending message (size 0.000192 MB)
I: MonitorObliviousTransfer::next
I: SendPublicKey::next
I: MonitorObliviousTransfer::next
I: RecvEncryptedMessages::next
I: MonitorObliviousTransfer::next
I: DecryptChosenMessage::next
I: MonitorObliviousTransfer::next
I: ChooserDone::next
I: MonitorObliviousTransfer::next
I: MonitorObliviousTransfer::next
I: InitChooser::next
I: MonitorObliviousTransfer::next
I: RecvConstant::next
D: received message: 1c061bf2c68543844bd784b054878152febcdc9701fcbc2cb5813877840fbd6a6c2e21c38baebc2f0cb274dae9e716c830e154c1677127b063155aa7f0d1e23f26f4c058d933f655aa01227005bb542d86bd510dea4d5c219c80acf5005b2aff
I: MonitorObliviousTransfer::next
I: GeneratePublicKey::next
D:  sending message (size 0.000192 MB)
I: MonitorObliviousTransfer::next
I: SendPublicKey::next
I: MonitorObliviousTransfer::next
I: RecvEncryptedMessages::next
I: MonitorObliviousTransfer::next
I: DecryptChosenMessage::next
I: MonitorObliviousTransfer::next
I: ChooserDone::next
I: MonitorObliviousTransfer::next
I: MonitorObliviousTransfer::next
I: InitChooser::next
I: MonitorObliviousTransfer::next
I: RecvConstant::next
D: received message: 3f4e4ab235469a31b929bf7be57130df77d88484e4f06f83cfb90e9e0555c459a9809ed8932ea5eac172f0a60a0a314c0350132d5955ecef93febe4772dbc1e067ad273726b5bb20ce056ea602c038f840b6c17b450aa22238b56f65a3619015
I: MonitorObliviousTransfer::next
I: GeneratePublicKey::next
D:  sending message (size 0.000192 MB)
I: MonitorObliviousTransfer::next
I: SendPublicKey::next
I: MonitorObliviousTransfer::next
I: RecvEncryptedMessages::next
I: MonitorObliviousTransfer::next
I: DecryptChosenMessage::next
I: MonitorObliviousTransfer::next
I: ChooserDone::next
I: MonitorObliviousTransfer::next
I: MonitorObliviousTransfer::next
I: InitChooser::next
I: MonitorObliviousTransfer::next
I: RecvConstant::next
D: received message: 645e0ddd7fb11cca9e6569ec20da21b7f16933e09f30803d998dd547785891b85881809ce36c5afbbef4d6ff6084cb167615608c7cbf112334331780659759054331c6ce54fe6897c8078548e1daea552fd0df288c7d1e17cc7e7bb89840da64
I: MonitorObliviousTransfer::next
I: GeneratePublicKey::next
D:  sending message (size 0.000192 MB)
I: MonitorObliviousTransfer::next
I: SendPublicKey::next
I: MonitorObliviousTransfer::next
I: RecvEncryptedMessages::next
I: MonitorObliviousTransfer::next
I: DecryptChosenMessage::next
I: MonitorObliviousTransfer::next
I: ChooserDone::next
I: MonitorObliviousTransfer::next
I: MonitorObliviousTransfer::next
I: InitChooser::next
I: MonitorObliviousTransfer::next
I: RecvConstant::next
D: received message: 8723a772439dc5f1640cc2d3263afa58b14bfb717a3b6d79908012bdf1e4f980c551242902797349c9ad4f928049da554cc3e679b4a54ed24b0cf736ab6c1b4cbe6c845df907fbca33d7c16beff3229e51c9ba5739f505776c00833603f3ce61
I: MonitorObliviousTransfer::next
I: GeneratePublicKey::next
D:  sending message (size 0.000192 MB)
I: MonitorObliviousTransfer::next
I: SendPublicKey::next
I: MonitorObliviousTransfer::next
I: RecvEncryptedMessages::next
I: MonitorObliviousTransfer::next
I: DecryptChosenMessage::next
I: MonitorObliviousTransfer::next
I: ChooserDone::next
I: MonitorObliviousTransfer::next
I: MonitorObliviousTransfer::next
I: InitChooser::next
I: MonitorObliviousTransfer::next
I: RecvConstant::next
D: received message: cfb1722243500605c65222f889e7a1f28e3cc7f31099a78543dc46ea68e1dd40a25613c2a018cca023c04c98b91f7dc55f51c7cc0355adca0b6dc3db52fadad393d7eceb13c2d12143fe24b602457243063172248b6e1adbbd7a75733bb9b18d
I: MonitorObliviousTransfer::next
I: GeneratePublicKey::next
D:  sending message (size 0.000192 MB)
I: MonitorObliviousTransfer::next
I: SendPublicKey::next
I: MonitorObliviousTransfer::next
I: RecvEncryptedMessages::next
I: MonitorObliviousTransfer::next
I: DecryptChosenMessage::next
I: MonitorObliviousTransfer::next
I: ChooserDone::next
I: MonitorObliviousTransfer::next
I: MonitorObliviousTransfer::next
I: InitChooser::next
I: MonitorObliviousTransfer::next
I: RecvConstant::next
D: received message: dbfe525089b22d2abc3786feb2c1332678bc3986fe96d94f57695571a0c56a34709906ad4b0a5999590c72e42b480e921b7f009623497e08c93a5546f4401a2a3951122ed5357d0875b055540134dfeb9a190dd9161209f0bc060e1617a0832f
I: MonitorObliviousTransfer::next
I: GeneratePublicKey::next
D:  sending message (size 0.000192 MB)
I: MonitorObliviousTransfer::next
I: SendPublicKey::next
I: MonitorObliviousTransfer::next
I: RecvEncryptedMessages::next
I: MonitorObliviousTransfer::next
I: DecryptChosenMessage::next
I: MonitorObliviousTransfer::next
I: ChooserDone::next
I: MonitorObliviousTransfer::next
I: MonitorObliviousTransfer::next
I: InitChooser::next
I: MonitorObliviousTransfer::next
I: RecvConstant::next
D: received message: 6bc702b20711a14d4ca0730e11460173d0fd89eac943604f4bb6ed8feb92a7e9cd15d0879a29d64f45ad0bf3ce9d4008f133704b025976b86140b1f7d8ee2cfaebf0c0d718e2e9498127aa2d6bfba789ee49559e789b7b18a52641429ff96bf8
I: MonitorObliviousTransfer::next
I: GeneratePublicKey::next
D:  sending message (size 0.000192 MB)
I: MonitorObliviousTransfer::next
I: SendPublicKey::next
I: MonitorObliviousTransfer::next
I: RecvEncryptedMessages::next
I: MonitorObliviousTransfer::next
I: DecryptChosenMessage::next
I: MonitorObliviousTransfer::next
I: ChooserDone::next
I: MonitorObliviousTransfer::next
I: MonitorObliviousTransfer::next
I: InitChooser::next
I: MonitorObliviousTransfer::next
I: RecvConstant::next
D: received message: c4c33757c78285187fbe7f2028fff1f309d2a7c047774e1b6e46599ab8efeef0b5ec921fba1ab361d066e9d2343f7e80687baad99f4dd99c927ab6502cd1282a9b155e57be7c6a7b5a5b1d6d6797f27857f4ecb0ab951ea59fd75306e606e6cf
I: MonitorObliviousTransfer::next
I: GeneratePublicKey::next
D:  sending message (size 0.000192 MB)
I: MonitorObliviousTransfer::next
I: SendPublicKey::next
I: MonitorObliviousTransfer::next
I: RecvEncryptedMessages::next
I: MonitorObliviousTransfer::next
I: DecryptChosenMessage::next
I: MonitorObliviousTransfer::next
I: ChooserDone::next
I: MonitorObliviousTransfer::next
I: MonitorObliviousTransfer::next
I: InitChooser::next
I: MonitorObliviousTransfer::next
I: RecvConstant::next
D: received message: 65d02282a8c5807dd6e7fa591a1dcb3da780bb38e6678585f6a501ffe84db2e06761cdff282a09609e23eec63eb39a25a3b3aa5ad99f52a9613d843d665886eee125fbb245e87cb4476e0add39ab233233cde5cb773e136ca28e6d7cc0be9671
I: MonitorObliviousTransfer::next
I: GeneratePublicKey::next
D:  sending message (size 0.000192 MB)
I: MonitorObliviousTransfer::next
I: SendPublicKey::next
I: MonitorObliviousTransfer::next
I: RecvEncryptedMessages::next
I: MonitorObliviousTransfer::next
I: DecryptChosenMessage::next
I: MonitorObliviousTransfer::next
I: ChooserDone::next
I: MonitorObliviousTransfer::next
I: MonitorObliviousTransfer::next
I: InitChooser::next
I: MonitorObliviousTransfer::next
I: RecvConstant::next
D: received message: f3aeade4008855df2c6a0d52b4d50e22c5a5b86de1b4b6509fe4a430f44a53197e69d5cd81df0458a7fdb8d28288996c9e231057b171dbbeeafc8d91974cda9cfe91cd77a5d55876e333dd51ccf60a1205c59add60a7cec3ee86e73467b973e2
I: MonitorObliviousTransfer::next
I: GeneratePublicKey::next
D:  sending message (size 0.000192 MB)
I: MonitorObliviousTransfer::next
I: SendPublicKey::next
I: MonitorObliviousTransfer::next
I: RecvEncryptedMessages::next
I: MonitorObliviousTransfer::next
I: DecryptChosenMessage::next
I: MonitorObliviousTransfer::next
I: ChooserDone::next
I: MonitorObliviousTransfer::next
I: MonitorObliviousTransfer::next
I: InitChooser::next
I: MonitorObliviousTransfer::next
I: RecvConstant::next
D: received message: 375671de792f29f69a380cf448c529fc4ccb416a58007638c9a132b7c2914098a0ec4f59827f23b274a23c821b48e6b7e8505b25a94d6b3d87982ecdb94517254f51c7f7020e559343a2da43b8ff74b48d0c3d28768662591026f9d6af23c61e
I: MonitorObliviousTransfer::next
I: GeneratePublicKey::next
D:  sending message (size 0.000192 MB)
I: MonitorObliviousTransfer::next
I: SendPublicKey::next
I: MonitorObliviousTransfer::next
I: RecvEncryptedMessages::next
I: MonitorObliviousTransfer::next
I: DecryptChosenMessage::next
I: MonitorObliviousTransfer::next
I: ChooserDone::next
I: MonitorObliviousTransfer::next
I: MonitorObliviousTransfer::next
I: InitChooser::next
I: MonitorObliviousTransfer::next
I: RecvConstant::next
D: received message: 60c2a949788a820302dc8c996d526aa5319d42696dcad90dc3639c05aea1f28747653d5b313e0adeccf8ed8e4599da8d96e61af271766e89f8b3cbbb5cd60eb497c5f9ae8853be2543f9356870d7e203398acbc2001d3e07e1c910006d6701d2
I: MonitorObliviousTransfer::next
I: GeneratePublicKey::next
D:  sending message (size 0.000192 MB)
I: MonitorObliviousTransfer::next
I: SendPublicKey::next
I: MonitorObliviousTransfer::next
I: RecvEncryptedMessages::next
I: MonitorObliviousTransfer::next
I: DecryptChosenMessage::next
I: MonitorObliviousTransfer::next
I: ChooserDone::next
I: MonitorObliviousTransfer::next
I: MonitorObliviousTransfer::next
I: InitChooser::next
I: MonitorObliviousTransfer::next
I: RecvConstant::next
D: received message: 75cde5b32464fce293d9b4d6fcd9810d9871f8d59e0ff718b2a19b0cea20faf71ce791c07fec2cf96955d710779bc8f1854ccca3399659a0d6fc745c580c1d602a68da83d43a63127d40d8e614469f84d39f109a640673461da8647d5cc1a5e9
I: MonitorObliviousTransfer::next
I: GeneratePublicKey::next
D:  sending message (size 0.000192 MB)
I: MonitorObliviousTransfer::next
I: SendPublicKey::next
I: MonitorObliviousTransfer::next
I: RecvEncryptedMessages::next
I: MonitorObliviousTransfer::next
I: DecryptChosenMessage::next
I: MonitorObliviousTransfer::next
I: ChooserDone::next
I: MonitorObliviousTransfer::next
I: MonitorObliviousTransfer::next
I: InitChooser::next
I: MonitorObliviousTransfer::next
I: RecvConstant::next
D: received message: e57db69f36a36017cd63b7ee8c800fbca7adfb74261219501b2a251237ec7074152b72f6ec015a3afa626afb778d4f1c9a7fb226b7af7b37767ce21172e8c45305f169d4f90703ab6c890b6c8d979f9279b48e322f69c2374767296a0db367f7
I: MonitorObliviousTransfer::next
I: GeneratePublicKey::next
D:  sending message (size 0.000192 MB)
I: MonitorObliviousTransfer::next
I: SendPublicKey::next
I: MonitorObliviousTransfer::next
I: RecvEncryptedMessages::next
I: MonitorObliviousTransfer::next
I: DecryptChosenMessage::next
I: MonitorObliviousTransfer::next
I: ChooserDone::next
I: MonitorObliviousTransfer::next
I: MonitorObliviousTransfer::next
I: InitChooser::next
I: MonitorObliviousTransfer::next
I: RecvConstant::next
D: received message: 1d592a99ce63f7352a62d5f649c7ab2d67f45022da6dd8dbb71317a858bb09c7f8b4733655fd2df2ac5aa1ff9b78fd23d75c8440e6c1bd9799eea4f3cabfda5ae83b33e43a500195ea92e3461ed947e61a3ccee5950f93a470a2341fb459842d
I: MonitorObliviousTransfer::next
I: GeneratePublicKey::next
D:  sending message (size 0.000192 MB)
I: MonitorObliviousTransfer::next
I: SendPublicKey::next
I: MonitorObliviousTransfer::next
I: RecvEncryptedMessages::next
I: MonitorObliviousTransfer::next
I: DecryptChosenMessage::next
I: MonitorObliviousTransfer::next
I: ChooserDone::next
I: MonitorObliviousTransfer::next
I: MonitorObliviousTransfer::next
I: InitChooser::next
I: MonitorObliviousTransfer::next
I: RecvConstant::next
D: received message: 2222c374aba53e1c19c68b085daa89397b9adb2bd982965886278bbe5937d1c2f4a4a89ad34b6ed8d7a285446aecbd0aaf94a4b90d22f0d182ca51f065b3270b3d290f0af4709fb76e7ea25193da1486f1993e2271089f454539b315ef20bf26
I: MonitorObliviousTransfer::next
I: GeneratePublicKey::next
D:  sending message (size 0.000192 MB)
I: MonitorObliviousTransfer::next
I: SendPublicKey::next
I: MonitorObliviousTransfer::next
I: RecvEncryptedMessages::next
I: MonitorObliviousTransfer::next
I: DecryptChosenMessage::next
I: MonitorObliviousTransfer::next
I: ChooserDone::next
I: MonitorObliviousTransfer::next
I: MonitorObliviousTransfer::next
I: InitChooser::next
I: MonitorObliviousTransfer::next
I: RecvConstant::next
D: received message: c1d135442e05a6c67351a8f74c2b2412ba9ed240ea88c92234b47d187fa3ec7c52b8703e96de9da95878d23d9af4011525cbd0d183b4620cb8990a0d6787007168b4df42493db997803d50a7b4578d86eb7dc71c214f2d2c5b2faa1e3ca4d2ff
I: MonitorObliviousTransfer::next
I: GeneratePublicKey::next
D:  sending message (size 0.000192 MB)
I: MonitorObliviousTransfer::next
I: SendPublicKey::next
I: MonitorObliviousTransfer::next
I: RecvEncryptedMessages::next
I: MonitorObliviousTransfer::next
I: DecryptChosenMessage::next
I: MonitorObliviousTransfer::next
I: ChooserDone::next
I: MonitorObliviousTransfer::next
I: MonitorObliviousTransfer::next
I: InitChooser::next
I: MonitorObliviousTransfer::next
I: RecvConstant::next
D: received message: 3f05d41c23a7da713d69d739280c9d63bd9addd1e7c8e302819cff5456a297581e21987b18e6670dc25df0e3f38fe84c803390e8a8b20804421ed682e6791401cd2d1b338c64c735fb59a07a94b0e698cd3e3eb976095d9de65f728a8ea75cda
I: MonitorObliviousTransfer::next
I: GeneratePublicKey::next
D:  sending message (size 0.000192 MB)
I: MonitorObliviousTransfer::next
I: SendPublicKey::next
I: MonitorObliviousTransfer::next
I: RecvEncryptedMessages::next
I: MonitorObliviousTransfer::next
I: DecryptChosenMessage::next
I: MonitorObliviousTransfer::next
I: ChooserDone::next
I: MonitorObliviousTransfer::next
I: MonitorObliviousTransfer::next
I: InitChooser::next
I: MonitorObliviousTransfer::next
I: RecvConstant::next
D: received message: d106ccfb05d6d36da9e1f0019fb983551cf45f557245284e36d06285bd21089f811e14ba17030303234b5f9215db7f9ad7c56736f3c6f48fe2b151f14a4a20af66153f78e4ddf107fd89b58314bbc1175386a3ec2b65ac48a959ca1f209c3419
I: MonitorObliviousTransfer::next
I: GeneratePublicKey::next
D:  sending message (size 0.000192 MB)
I: MonitorObliviousTransfer::next
I: SendPublicKey::next
I: MonitorObliviousTransfer::next
I: RecvEncryptedMessages::next
I: MonitorObliviousTransfer::next
I: DecryptChosenMessage::next
I: MonitorObliviousTransfer::next
I: ChooserDone::next
I: MonitorObliviousTransfer::next
I: MonitorObliviousTransfer::next
I: InitChooser::next
I: MonitorObliviousTransfer::next
I: RecvConstant::next
D: received message: e9ae785782efaa04f46a415d252bd38331bee48011c627b9bff59f289129f7f9d8ad813314ed020b7276188c051ff68d93d774218caedb074ad458cdda4219197e335ae4c56c058a9569075dda331c35f16c0df6d666a156a5b5f5ec85db27c2
I: MonitorObliviousTransfer::next
I: GeneratePublicKey::next
D:  sending message (size 0.000192 MB)
I: MonitorObliviousTransfer::next
I: SendPublicKey::next
I: MonitorObliviousTransfer::next
I: RecvEncryptedMessages::next
I: MonitorObliviousTransfer::next
I: DecryptChosenMessage::next
I: MonitorObliviousTransfer::next
I: ChooserDone::next
I: MonitorObliviousTransfer::next
I: MonitorObliviousTransfer::next
I: InitChooser::next
I: MonitorObliviousTransfer::next
I: RecvConstant::next
D: received message: 94421c5f257ef9d160c8448c9b829db0b5c8904fae4fc55021f757f99b64632c4a1d8aeed75c44e705d19e68892a502bf1cdb8a455e6b38a70c5fb75e2c15fd39816be7a38263a9159ff4cac62c29e1bfdce3032e50c4ccb9c787f4cc5e04a97
I: MonitorObliviousTransfer::next
I: GeneratePublicKey::next
D:  sending message (size 0.000192 MB)
I: MonitorObliviousTransfer::next
I: SendPublicKey::next
I: MonitorObliviousTransfer::next
I: RecvEncryptedMessages::next
I: MonitorObliviousTransfer::next
I: DecryptChosenMessage::next
I: MonitorObliviousTransfer::next
I: ChooserDone::next
I: MonitorObliviousTransfer::next
I: MonitorObliviousTransfer::next
I: InitChooser::next
I: MonitorObliviousTransfer::next
I: RecvConstant::next
D: received message: b425afbf8c9d22716b6fa6e5fb865f6eb062a5f53258217227ecd2ca87171c31f0ef69cc68b9e190e5f7e9cd286b7af044e001f6f8e6df5673cae884850247430c6c34a59d4d611f7ea6e816da37e2d3f97080828c8320fd08ce96d1b012e755
I: MonitorObliviousTransfer::next
I: GeneratePublicKey::next
D:  sending message (size 0.000192 MB)
I: MonitorObliviousTransfer::next
I: SendPublicKey::next
I: MonitorObliviousTransfer::next
I: RecvEncryptedMessages::next
I: MonitorObliviousTransfer::next
I: DecryptChosenMessage::next
I: MonitorObliviousTransfer::next
I: ChooserDone::next
I: MonitorObliviousTransfer::next
I: MonitorObliviousTransfer::next
I: InitChooser::next
I: MonitorObliviousTransfer::next
I: RecvConstant::next
D: received message: dfd1ac9e96cd06216492781d01927f39b6dac25299d837d59f8eb1770738bf90bfc3c96d8f46ca535f8069aa45c56bbb1396307d9dfc2753695e1456c0a1394bf84a5474b2a81cf1e4699f4a72fd49c2b0dfa995b055ba48c393179a50d71d1e
I: MonitorObliviousTransfer::next
I: GeneratePublicKey::next
D:  sending message (size 0.000192 MB)
I: MonitorObliviousTransfer::next
I: SendPublicKey::next
I: MonitorObliviousTransfer::next
I: RecvEncryptedMessages::next
I: MonitorObliviousTransfer::next
I: DecryptChosenMessage::next
I: MonitorObliviousTransfer::next
I: ChooserDone::next
I: MonitorObliviousTransfer::next
I: MonitorObliviousTransfer::next
I: InitChooser::next
I: MonitorObliviousTransfer::next
I: RecvConstant::next
D: received message: 10f35b043dc3986fbf85b65e3d071f6d97f0e628dad1511ecd68a38f78a97083aebf118d71f47c4ab0faa92d0db29b1dfbc3d79ba04a0f5ad6a1a41b8c4a0d5f33e5a404955739d1cc1b4d53dc7b1ae3da4698f0b2376150059e0f33229ec80f
I: MonitorObliviousTransfer::next
I: GeneratePublicKey::next
D:  sending message (size 0.000192 MB)
I: MonitorObliviousTransfer::next
I: SendPublicKey::next
I: MonitorObliviousTransfer::next
I: RecvEncryptedMessages::next
I: MonitorObliviousTransfer::next
I: DecryptChosenMessage::next
I: MonitorObliviousTransfer::next
I: ChooserDone::next
I: MonitorObliviousTransfer::next
I: MonitorObliviousTransfer::next
I: InitChooser::next
I: MonitorObliviousTransfer::next
I: RecvConstant::next
D: received message: 1f9a838390978d12ca6c9f3a8e17ab5a3bc0c8636b3613dc1e387c5f1ef919b31c4af8cd4386211140b1cb750724b8c38f852e58ebf04291c4d1083c568f310cc486475feca00da1c75ef1f482eca4d828063713fdfeb5e3ac15e79cab86257f
I: MonitorObliviousTransfer::next
I: GeneratePublicKey::next
D:  sending message (size 0.000192 MB)
I: MonitorObliviousTransfer::next
I: SendPublicKey::next
I: MonitorObliviousTransfer::next
I: RecvEncryptedMessages::next
I: MonitorObliviousTransfer::next
I: DecryptChosenMessage::next
I: MonitorObliviousTransfer::next
I: ChooserDone::next
I: MonitorObliviousTransfer::next
I: MonitorObliviousTransfer::next
I: InitChooser::next
I: MonitorObliviousTransfer::next
I: RecvConstant::next
D: received message: 7869d12a70020b9ee4b3e2a657956cbd96293fe6e5becdff98e28a9f16f5890f231b285cc50669e3b48806dd7a7c370b53abbfc106cb1d9fa6360961a0ec66580cd5386c03eadbda192daf7db0c81f76fd79a4e2c22f04deac6c444658aca5af
I: MonitorObliviousTransfer::next
I: GeneratePublicKey::next
D:  sending message (size 0.000192 MB)
I: MonitorObliviousTransfer::next
I: SendPublicKey::next
I: MonitorObliviousTransfer::next
I: RecvEncryptedMessages::next
I: MonitorObliviousTransfer::next
I: DecryptChosenMessage::next
I: MonitorObliviousTransfer::next
I: ChooserDone::next
I: MonitorObliviousTransfer::next
I: MonitorObliviousTransfer::next
I: InitChooser::next
I: MonitorObliviousTransfer::next
I: RecvConstant::next
D: received message: 7d120f7feff077de4736594c74d733e581f813574babfb6064b9aded7b610b89d566b5a74bd3d13ef15c50dd5b446c154c9d1bf8db7c909f2452dc358937741aa4cfdc3e0f72853c915fb283f5b63a3dc89384b125218145c128ee4f9b398154
I: MonitorObliviousTransfer::next
I: GeneratePublicKey::next
D:  sending message (size 0.000192 MB)
I: MonitorObliviousTransfer::next
I: SendPublicKey::next
I: MonitorObliviousTransfer::next
I: RecvEncryptedMessages::next
I: MonitorObliviousTransfer::next
I: DecryptChosenMessage::next
I: MonitorObliviousTransfer::next
I: ChooserDone::next
I: MonitorObliviousTransfer::next
I: MonitorObliviousTransfer::next
I: InitChooser::next
I: MonitorObliviousTransfer::next
I: RecvConstant::next
D: received message: 49965c077d2a919694a9a5c94fd84c1b836e264d96ad1c956e806aa417a37e8bee7489dac642e6d3eb5112b3d00b6a97ed6206a85d24f5e7bb4e2d70700b77c74afd8546fbcee859fe7fb61089a91d33cfce9b64da7094206b14892d1bffc69c
I: MonitorObliviousTransfer::next
I: GeneratePublicKey::next
D:  sending message (size 0.000192 MB)
I: MonitorObliviousTransfer::next
I: SendPublicKey::next
I: MonitorObliviousTransfer::next
I: RecvEncryptedMessages::next
I: MonitorObliviousTransfer::next
I: DecryptChosenMessage::next
I: MonitorObliviousTransfer::next
I: ChooserDone::next
I: MonitorObliviousTransfer::next
I: MonitorObliviousTransfer::next
I: InitChooser::next
I: MonitorObliviousTransfer::next
I: RecvConstant::next
D: received message: e0ff720582e7d960d22aa2722cf3d9dd9baa2c0e62a844e0aa5e2f9b1c0a364bac651461a8b814729c9ba7c8e4f9fd2898b6adb38da61ae0c6479bc0f78786f4629b519b8c4351929dfc3e60cf7bb269e5b359949c0c544ecf75be43c1d888d8
I: MonitorObliviousTransfer::next
I: GeneratePublicKey::next
D:  sending message (size 0.000192 MB)
I: MonitorObliviousTransfer::next
I: SendPublicKey::next
I: MonitorObliviousTransfer::next
I: RecvEncryptedMessages::next
I: MonitorObliviousTransfer::next
I: DecryptChosenMessage::next
I: MonitorObliviousTransfer::next
I: ChooserDone::next
I: MonitorObliviousTransfer::next
I: MonitorObliviousTransfer::next
I: InitChooser::next
I: MonitorObliviousTransfer::next
I: RecvConstant::next
D: received message: 974b3ef9893029cf5792c4440d1d45aacb173d673e91a9b981af84273359f4697b2e984eddd2e17bc48a87b8f1e3c4db59b71e28609dcbaf03c5ec1b796506809aded83d45e2cb2531aa221cc10f09cad63be88d6e66ba5489e6989636599af9
I: MonitorObliviousTransfer::next
I: GeneratePublicKey::next
D:  sending message (size 0.000192 MB)
I: MonitorObliviousTransfer::next
I: SendPublicKey::next
I: MonitorObliviousTransfer::next
I: RecvEncryptedMessages::next
I: MonitorObliviousTransfer::next
I: DecryptChosenMessage::next
I: MonitorObliviousTransfer::next
I: ChooserDone::next
I: MonitorObliviousTransfer::next
I: MonitorObliviousTransfer::next
I: InitChooser::next
I: MonitorObliviousTransfer::next
I: RecvConstant::next
D: received message: 4b345bfae08328f0a7f48bb0bb406e403b9e8ae93c0bce649496bdbbfb36084b3111233066a302061aad92191223c0603d140f1c2ccdfc088828c5a4a6e98a1607d2447d3a8c83d551c172d284ff705222110955d2baf50cc129d84aa84a3086
I: MonitorObliviousTransfer::next
I: GeneratePublicKey::next
D:  sending message (size 0.000192 MB)
I: MonitorObliviousTransfer::next
I: SendPublicKey::next
I: MonitorObliviousTransfer::next
I: RecvEncryptedMessages::next
I: MonitorObliviousTransfer::next
I: DecryptChosenMessage::next
I: MonitorObliviousTransfer::next
I: ChooserDone::next
I: MonitorObliviousTransfer::next
I: MonitorObliviousTransfer::next
I: InitChooser::next
I: MonitorObliviousTransfer::next
I: RecvConstant::next
D: received message: cb6471dd4f5745ad221654a5fd29a9526f9eb0f7a19a0185c22237f37f6692f8601e558e3302a029854073f80aee2991290eefa905c6cb4a8d74c05b6a922871188119bb407a2972bac70c580178ef4c172d32145b87cbef404ab7a114def763
I: MonitorObliviousTransfer::next
I: GeneratePublicKey::next
D:  sending message (size 0.000192 MB)
I: MonitorObliviousTransfer::next
I: SendPublicKey::next
I: MonitorObliviousTransfer::next
I: RecvEncryptedMessages::next
I: MonitorObliviousTransfer::next
I: DecryptChosenMessage::next
I: MonitorObliviousTransfer::next
I: ChooserDone::next
I: MonitorObliviousTransfer::next
I: MonitorObliviousTransfer::next
I: InitChooser::next
I: MonitorObliviousTransfer::next
I: RecvConstant::next
D: received message: 947ee023a047c6b5d31959932670e0903089e3426d4cd8e60a76f7930817083ae2b700a1bfe1627207ce7aeeb830e1e4935afc405a83ff41223b59f460dcd43600062f3b7030eaa2946065c9dd2c0fc66fec98cfcb86d8419a4596d8c00cfad6
I: MonitorObliviousTransfer::next
I: GeneratePublicKey::next
D:  sending message (size 0.000192 MB)
I: MonitorObliviousTransfer::next
I: SendPublicKey::next
I: MonitorObliviousTransfer::next
I: RecvEncryptedMessages::next
I: MonitorObliviousTransfer::next
I: DecryptChosenMessage::next
I: MonitorObliviousTransfer::next
I: ChooserDone::next
I: MonitorObliviousTransfer::next
I: MonitorObliviousTransfer::next
I: InitChooser::next
I: MonitorObliviousTransfer::next
I: RecvConstant::next
D: received message: 1831bb6495ce1a4f6dd6ee1441be7fe1b42198e545ebbfeee75be3df091a450be86c69c34f0c16a6169b2e8e7b21661cfc7df8c8eb8127c8d93d19de7f320de373cf633ec7ad5ed043d502b1e261ffda1909c0771dedefaea791a78db510ccf3
I: MonitorObliviousTransfer::next
I: GeneratePublicKey::next
D:  sending message (size 0.000192 MB)
I: MonitorObliviousTransfer::next
I: SendPublicKey::next
I: MonitorObliviousTransfer::next
I: RecvEncryptedMessages::next
I: MonitorObliviousTransfer::next
I: DecryptChosenMessage::next
I: MonitorObliviousTransfer::next
I: ChooserDone::next
I: MonitorObliviousTransfer::next
I: MonitorObliviousTransfer::next
I: InitChooser::next
I: MonitorObliviousTransfer::next
I: RecvConstant::next
D: received message: 3ebc47d60d4d07d997155d81c4c4e6ac7f85017c2482f1314c28e6e28de325246be0891d4ced697f8c7a9a1ed4eb8da5e331591673430594ded2468feb23ee0d0f03d635c04a4500b8d0068bae132ca5c47716a4cb925c49458be0d3458b257
I: MonitorObliviousTransfer::next
I: GeneratePublicKey::next
D:  sending message (size 0.000192 MB)
I: MonitorObliviousTransfer::next
I: SendPublicKey::next
I: MonitorObliviousTransfer::next
I: RecvEncryptedMessages::next
I: MonitorObliviousTransfer::next
I: DecryptChosenMessage::next
I: MonitorObliviousTransfer::next
I: ChooserDone::next
I: MonitorObliviousTransfer::next
I: MonitorObliviousTransfer::next
I: EvaluateCircuit::next
D:  sending message (size 0.000001 MB)
I: SendFlagBit::next
I: ==== round duration: 280.406891 ms ====
I: MonitorCopyMonitorStateLabels::next
I: RecvGarbledGates::next
I: RecvSystemInputLabels::next
I: RecvFlagBitLabels::next
I: EvaluateCircuit::next
D:  sending message (size 0.000001 MB)
I: SendFlagBit::next
I: ==== round duration: 204.568024 ms ====
I: MonitorCopyMonitorStateLabels::next
I: RecvGarbledGates::next
I: RecvSystemInputLabels::next
I: RecvFlagBitLabels::next
I: EvaluateCircuit::next
D:  sending message (size 0.000001 MB)
I: SendFlagBit::next
I: ==== round duration: 211.436417 ms ====
I: FaultObserved::next
I: MonitorDone::next
