I: parsing spec file locks.v...
skipping synthesis, BLIF file already exists.
I: parsing BLIF file synth.blif...
D: inputs and outputs parsed.
D: circuit initialized.
D: connections (#502) parsed.
D: gates (#1498) parsed.
D: outputs: 1307 1312 1317 1322 1327 1332 1337 1342 1347 1352 1357 1362 1367 1372 1377 1382 1387 1392 1397 1402 1407 1412 1417 1422 1427 1432 1437 1442 1447 1452 1457 1462 1467 1472 1477 1482 1487 1492 1497 1502 1507 1512 1517 1522 1527 1532 1537 1542 1547 1552 1557 1562 1567 1572 1577 1582 1587 1592 1597 1602 1607 1612 1617 1622 1627 1632 1637 1642 1647 1652 1657 1662 1667 1672 1677 1682 1687 1692 1697 1702 1707 1712 1717 1722 1727 1732 1737 1742 1747 1752 1757 1762 1767 1772 1777 1782 1787 1792 1797 1802 1301 
D: circuit size: 1803
D: adding identity gates for outputs...
D: outputs after identity: 1904 1905 1906 1907 1908 1909 1910 1911 1912 1913 1914 1915 1916 1917 1918 1919 1920 1921 1922 1923 1924 1925 1926 1927 1928 1929 1930 1931 1932 1933 1934 1935 1936 1937 1938 1939 1940 1941 1942 1943 1944 1945 1946 1947 1948 1949 1950 1951 1952 1953 1954 1955 1956 1957 1958 1959 1960 1961 1962 1963 1964 1965 1966 1967 1968 1969 1970 1971 1972 1973 1974 1975 1976 1977 1978 1979 1980 1981 1982 1983 1984 1985 1986 1987 1988 1989 1990 1991 1992 1993 1994 1995 1996 1997 1998 1999 2000 2001 2002 2003 2004 
D: circuit size after identity: 2005
I: initializing safe primes...
I: using prime modulus 2410312426921032588552076022197566074856950548502459942654116941958108831682612228890093858261341614673227141477904012196503648957050582631942730706805009223062734745341073406696246014589361659774041027169249453200378729434170325843778659198143763193776859869524088940195577346119843545301547043747207749969763750084308926339295559968882457872412993810129130294592999947926365264059284647209730384947211681434464714438488520940127459844288859336526896320919633919
D:  sending message (size 0.000004 MB)
I: InitMonitor::next
D:  sending message (size 0.022510 MB)
I: SendCircuit::next
I: RecvGarbledGates::next
I: RecvSystemInputLabels::next
I: RecvFlagBitLabels::next
I: MonitorObliviousTransfer::next
I: InitChooser::next
I: MonitorObliviousTransfer::next
I: RecvConstant::next
D: received message: 98913f896b63d68318d63ae506d8ebc54dc98e0977045416c6c6ee8ecfd7f9180e895d77162229011bba5e96229cf7482a5cbd11756a7e54b17a3ef3b3683009fc91ba8eff06d4f3547ce882169d19b1b4754fde8a92f3a8bf3559b94d6b7692ca6dcbfc8ab03e030dc226efe9b15219f64e16743a3aee1b12a39807a8180a60c28c2d99fa4bbdeac4ea914a2de2b00d8fbb8e731d7790f10161a301cdc22999329f2012ba3bfdd05d5df5e28a26437a22433be597d2dee416b5e4dda7cb7f52
I: MonitorObliviousTransfer::next
I: GeneratePublicKey::next
D:  sending message (size 0.000384 MB)
I: MonitorObliviousTransfer::next
I: SendPublicKey::next
I: MonitorObliviousTransfer::next
I: RecvEncryptedMessages::next
I: MonitorObliviousTransfer::next
I: DecryptChosenMessage::next
I: MonitorObliviousTransfer::next
I: ChooserDone::next
I: MonitorObliviousTransfer::next
I: MonitorObliviousTransfer::next
I: InitChooser::next
I: MonitorObliviousTransfer::next
I: RecvConstant::next
D: received message: 3899389f0e59fdcde59da8c27e78fb8049104313621ea8e1f243a05d53400f5d5005f0464e5ffe72e99ca8703664882a018fc598e68f0ebf1d427ed1f776d811bb266a38012720ed35ae02dda482578cf61ac701fb435a23d384b3cc6b8981f5baa6767e53e94ba3435cdafc1a5208861bdc82bc6f519766f52fbed7f55db8b35a8b6e792b6db8d708aff94defc83df29cfbbd4bf6553b1b6ccc4112becfdac02d722f11297f1324b956bf008abb612fa713813b1a6ee2dcb7f09c0f20e19789
I: MonitorObliviousTransfer::next
I: GeneratePublicKey::next
D:  sending message (size 0.000384 MB)
I: MonitorObliviousTransfer::next
I: SendPublicKey::next
I: MonitorObliviousTransfer::next
I: RecvEncryptedMessages::next
I: MonitorObliviousTransfer::next
I: DecryptChosenMessage::next
I: MonitorObliviousTransfer::next
I: ChooserDone::next
I: MonitorObliviousTransfer::next
I: MonitorObliviousTransfer::next
I: InitChooser::next
I: MonitorObliviousTransfer::next
I: RecvConstant::next
D: received message: 3fc9f2012052c008dbdb84d942be2e41c2d048f6a90a7188bd19a316eadeb61d7da939b2b7e1f61c9096c8a8d89c0842b9ec57ce547bf0c91359c509ee4fe0013ba4ca73929c94355e67075244a4c66de96c25134b4a89d2b58f221dec989e132d4069048a55a053359112285655bc6cbfb8e39f7ed4ab9715c74557618d97684718d552c9655698e013266de1957c5d2ea7535247d7879fea8211528be4d79a4f9087850e1fcaeb16790d6dc3964785fd3b24d35c4e64dd63670039dbea5b48
I: MonitorObliviousTransfer::next
I: GeneratePublicKey::next
D:  sending message (size 0.000384 MB)
I: MonitorObliviousTransfer::next
I: SendPublicKey::next
I: MonitorObliviousTransfer::next
I: RecvEncryptedMessages::next
I: MonitorObliviousTransfer::next
I: DecryptChosenMessage::next
I: MonitorObliviousTransfer::next
I: ChooserDone::next
I: MonitorObliviousTransfer::next
I: MonitorObliviousTransfer::next
I: InitChooser::next
I: MonitorObliviousTransfer::next
I: RecvConstant::next
D: received message: c55b2bacd2d2ee14ef8db2225efa054813d65b7664189809aed19400f091eb129b153e6734a3c5e8c4451d5e799718e713ca02e93143f16f8aeaa67a6661421b43119c5d0ea462fde1df50d9956c28d7dc5f558162c00f09e1f93cd1d80849edd54d7420727b5a8d42565e6bb3d05cbeb2b93949e6ca02e7d89a59f14e7cfd21a0b9c155836c5854e4b25d8917c035e58f19e5caf62b14c825bd01d0d37b06b072cbd2a3a3c654e5d12add0aeb600715526d657c5602696215492538274451e5
I: MonitorObliviousTransfer::next
I: GeneratePublicKey::next
D:  sending message (size 0.000384 MB)
I: MonitorObliviousTransfer::next
I: SendPublicKey::next
I: MonitorObliviousTransfer::next
I: RecvEncryptedMessages::next
I: MonitorObliviousTransfer::next
I: DecryptChosenMessage::next
I: MonitorObliviousTransfer::next
I: ChooserDone::next
I: MonitorObliviousTransfer::next
I: MonitorObliviousTransfer::next
I: InitChooser::next
I: MonitorObliviousTransfer::next
I: RecvConstant::next
D: received message: 2934fb293804c49d107764674a2f9e3e74431c5344b8c900c171a1af808d04936318c53b54c9b2cd8bde559ff888891da42787fcccef146c5a0f242938e01fecd84e3c0c2b4dc4d84da2293210dcce3e37d2132d76c3c8a6b95c4d4de477763c3d40a1de1d0cc5a9563aec079f440cfe1b8343c8dda2ab8fe4fe7caf533d72d00a6d91cef53fd15750f185211d9dcd298e15417db8ef794e678647194cbc22b6109e1ae3aab52bec245a1e4776f1a27e378fd7281daf98a049e52e80fb57068f
I: MonitorObliviousTransfer::next
I: GeneratePublicKey::next
D:  sending message (size 0.000384 MB)
I: MonitorObliviousTransfer::next
I: SendPublicKey::next
I: MonitorObliviousTransfer::next
I: RecvEncryptedMessages::next
I: MonitorObliviousTransfer::next
I: DecryptChosenMessage::next
I: MonitorObliviousTransfer::next
I: ChooserDone::next
I: MonitorObliviousTransfer::next
I: MonitorObliviousTransfer::next
I: InitChooser::next
I: MonitorObliviousTransfer::next
I: RecvConstant::next
D: received message: 9745a483cb9abf35747b9ed3ab9b8ab0c1f4fa1ae2fb25d57836baa7c41ab13304f17b0742ae0608e585c669d209c078cf4b04766e5baf5c429503fde744ed2a2c2f5fdaf4e2943a15b4b9a0ceee271ed45add18a272012813efcd8729b5ed654293f17ecf9bce1e83e03b15f8beb621e5dc694cf17b62303d6856aa80654216aa670e85e4fde610cc182e8e2a2a408b1de53509869b26eb79a60adbf48a2db3cb9e5f86d839cf49f65dad6c8e084b31964141d9f698ec8c6066970eab47e65f
I: MonitorObliviousTransfer::next
I: GeneratePublicKey::next
D:  sending message (size 0.000384 MB)
I: MonitorObliviousTransfer::next
I: SendPublicKey::next
I: MonitorObliviousTransfer::next
I: RecvEncryptedMessages::next
I: MonitorObliviousTransfer::next
I: DecryptChosenMessage::next
I: MonitorObliviousTransfer::next
I: ChooserDone::next
I: MonitorObliviousTransfer::next
I: MonitorObliviousTransfer::next
I: InitChooser::next
I: MonitorObliviousTransfer::next
I: RecvConstant::next
D: received message: b0986b67494f1798c08ea22f4a04592e7c5f10789e50deb8c8abf32c31b47b22cb93cdbc30931a8dbf44731e82e0522440a7d5e36cc9c5d55eb3e4a0549331663e99391265cf40ded93c287e1144c1b2991bd070c63aa43656d5eae9c9c45f036597bda1e5f1f94c33099a8d0add50a891f9106e15cb114d11ac7390a2aae12e006d60cd7187753773c93788377313ef201275aef7f211d9da8cd26fc5b330a2fceaa0e41c711e7f9f307dc02bae958d10f39217e3dc7055d55463690fefd50d
I: MonitorObliviousTransfer::next
I: GeneratePublicKey::next
D:  sending message (size 0.000384 MB)
I: MonitorObliviousTransfer::next
I: SendPublicKey::next
I: MonitorObliviousTransfer::next
I: RecvEncryptedMessages::next
I: MonitorObliviousTransfer::next
I: DecryptChosenMessage::next
I: MonitorObliviousTransfer::next
I: ChooserDone::next
I: MonitorObliviousTransfer::next
I: MonitorObliviousTransfer::next
I: InitChooser::next
I: MonitorObliviousTransfer::next
I: RecvConstant::next
D: received message: 80a427946d6c1a0f712d628d9c1b136ef2dee9302e5eba27dcd4eecf5e5ed72de1b709f6257dd6a33e6f680a268b1e9b961852a3644148885e7f96f7cb7d633538de367a17187ac9aa82d70abea315506b3544020488cb65240543bd3b3c06469d1b3dd59c8a495a666dfa9c9652fbf339c57198840b7819f39bd4061a28fa3402b91bbb9743bfc5960ff26cf08a69ce7affad13f86cfad2534d9d3e68632c2c72a516bab7acbc4ac7bca62a7b8961707929e2e1111ef89aacdfe1d571f0f6b5
I: MonitorObliviousTransfer::next
I: GeneratePublicKey::next
D:  sending message (size 0.000384 MB)
I: MonitorObliviousTransfer::next
I: SendPublicKey::next
I: MonitorObliviousTransfer::next
I: RecvEncryptedMessages::next
I: MonitorObliviousTransfer::next
I: DecryptChosenMessage::next
I: MonitorObliviousTransfer::next
I: ChooserDone::next
I: MonitorObliviousTransfer::next
I: MonitorObliviousTransfer::next
I: InitChooser::next
I: MonitorObliviousTransfer::next
I: RecvConstant::next
D: received message: 815906c95959429dc93ac6f446dcda462144d8065b3619365a7eb42d995647c0570114368ddbb5c04cd739122a5860f186b5a009e48fb4f9828c09a3a6854912ca67e10c3b9202796e94dd8a21d20bb86ddf070edafd456c22599aa25497241e6b57bce39cd87fa4c478b717d9bbb182b464e5c005dc3285659b54abe5f85b4406d970d3d6b8afb44bb07f4e1e2a4e362e82031c99e7e62595c5c79f803af86bff37850422f5cd736ccc5c807cba37f565b2e4bbf49f5e7385e53fb8ab34fb82
I: MonitorObliviousTransfer::next
I: GeneratePublicKey::next
D:  sending message (size 0.000384 MB)
I: MonitorObliviousTransfer::next
I: SendPublicKey::next
I: MonitorObliviousTransfer::next
I: RecvEncryptedMessages::next
I: MonitorObliviousTransfer::next
I: DecryptChosenMessage::next
I: MonitorObliviousTransfer::next
I: ChooserDone::next
I: MonitorObliviousTransfer::next
I: MonitorObliviousTransfer::next
I: InitChooser::next
I: MonitorObliviousTransfer::next
I: RecvConstant::next
D: received message: 8c6913d71d0811abb1d3257b3ab1f8cbb94c7d3d6bfa2646ecc55efe47ea29541ce91072daedf6e4e6625aac34835e81ddf9c10286323e187a4860bc46019b800ff8db26bf494053a76cd0849be236b1d54e4d4b38435487ae8b673f97601de38490d47c02a586b1055ff49ad78251f7c21f4fe2b5150f47a74510e28e07278d5f1d81293455bdc86fb45fadf26801aaa6a80917783c1cc5db67fc6a22b5af0b2cc1539cda15aa8ceefd8f655eebed4ff2691c9035bf9551324bfd798a049410
I: MonitorObliviousTransfer::next
I: GeneratePublicKey::next
D:  sending message (size 0.000384 MB)
I: MonitorObliviousTransfer::next
I: SendPublicKey::next
I: MonitorObliviousTransfer::next
I: RecvEncryptedMessages::next
I: MonitorObliviousTransfer::next
I: DecryptChosenMessage::next
I: MonitorObliviousTransfer::next
I: ChooserDone::next
I: MonitorObliviousTransfer::next
I: MonitorObliviousTransfer::next
I: InitChooser::next
I: MonitorObliviousTransfer::next
I: RecvConstant::next
D: received message: fdb92ac6ace60933957271d2a707aa27b82def4a3d6d5f79c778ca65ace295ba54c1069019adfc8f7cda27951c77ffc192da1a8c9aef3b6d3cdbf2f4d4d39da2154fe203d0af5b62d7d6d9a9a8b24e7ab6baf9cb064d43d9c627c4c3096578dcb1292e9d30bb8eb684c938b1efe83600cac15cfdc67580e3ee3beea3f0831f525785b92528e6b8b9677f08492ad240cd25b091a1fdb2b49df9d7e5d948584c0b359722fa4ff050006c3216c92cb3671444bffc4a8ff80286e430a18de3a90d7f
I: MonitorObliviousTransfer::next
I: GeneratePublicKey::next
D:  sending message (size 0.000384 MB)
I: MonitorObliviousTransfer::next
I: SendPublicKey::next
I: MonitorObliviousTransfer::next
I: RecvEncryptedMessages::next
I: MonitorObliviousTransfer::next
I: DecryptChosenMessage::next
I: MonitorObliviousTransfer::next
I: ChooserDone::next
I: MonitorObliviousTransfer::next
I: MonitorObliviousTransfer::next
I: InitChooser::next
I: MonitorObliviousTransfer::next
I: RecvConstant::next
D: received message: d2e81cad0539668ab16703fe22db84c29fe36c81134f6e3cdb79d087bd03e2bc3778c7ebad6996726ce4a8765ff5d17575347d0bbd25b422b7c94582af521ab90012f984a6acfe7aa6c491a6e699af734b0e009aa3e39939b9594292325c5be929ddb9f0249697dde0092c0a7c5fdadf48b6eb2a7c6841c4c521d580dc5a89a3c210359a488538ae85d5197316bbbf454861db30204fa4939a8ac53ff3f293fb1adaa2492e8d70be5fa5ef6cc45d38ef4cc8570e8fb611b2dbde74097a38a505
I: MonitorObliviousTransfer::next
I: GeneratePublicKey::next
D:  sending message (size 0.000384 MB)
I: MonitorObliviousTransfer::next
I: SendPublicKey::next
I: MonitorObliviousTransfer::next
I: RecvEncryptedMessages::next
I: MonitorObliviousTransfer::next
I: DecryptChosenMessage::next
I: MonitorObliviousTransfer::next
I: ChooserDone::next
I: MonitorObliviousTransfer::next
I: MonitorObliviousTransfer::next
I: InitChooser::next
I: MonitorObliviousTransfer::next
I: RecvConstant::next
D: received message: c086499acd32ce5e9ce16c23c60161b7225d622f145c791027fc8d47dd19d21daecffca196ddb050acf636b2880954021b9eac34bb159ccd86dbfb17c70861e34ba98f7f0d5cac21b1c20ad6af3f53597aa9c0d8cbf422ea4e6a45d185b93986fca81d1a8ddff8cc1f95c525d004840f6308d58f0878f10b2bf88969aab3969204a882076bce784ec1de4768aecbe95b5aa3bd26935127241e606020117f2001d82825572492b116b6f8d0c2ce18240691629253ca52307b1db9f23aeca66dd
I: MonitorObliviousTransfer::next
I: GeneratePublicKey::next
D:  sending message (size 0.000384 MB)
I: MonitorObliviousTransfer::next
I: SendPublicKey::next
I: MonitorObliviousTransfer::next
I: RecvEncryptedMessages::next
I: MonitorObliviousTransfer::next
I: DecryptChosenMessage::next
I: MonitorObliviousTransfer::next
I: ChooserDone::next
I: MonitorObliviousTransfer::next
I: MonitorObliviousTransfer::next
I: InitChooser::next
I: MonitorObliviousTransfer::next
I: RecvConstant::next
D: received message: f0d29164cd653c46657befb54ab7d587b62612737d1af1a4ef32682b1504feb3a35edb0bd1917c43dfb64eb9cedbfa8986542ee5129826f7469f4ec9bb64711f8c0c0df95eb565105ff7dfb3e1d9d14e10411b4e7afa76d803715145d5f014f209d58b7c2dcaea3768a0d5970dfd5c646dc34ec6c9f7ba34864f2e94121e99afe599b6170b953189fb8c6daa7ce2a7452597d01e78c8fe4081871e5784ba572766715a71a44baf41c674871b87ad6aa8b61effc2e48d75c1f709551b7b1732e2
I: MonitorObliviousTransfer::next
I: GeneratePublicKey::next
D:  sending message (size 0.000384 MB)
I: MonitorObliviousTransfer::next
I: SendPublicKey::next
I: MonitorObliviousTransfer::next
I: RecvEncryptedMessages::next
I: MonitorObliviousTransfer::next
I: DecryptChosenMessage::next
I: MonitorObliviousTransfer::next
I: ChooserDone::next
I: MonitorObliviousTransfer::next
I: MonitorObliviousTransfer::next
I: InitChooser::next
I: MonitorObliviousTransfer::next
I: RecvConstant::next
D: received message: 8b9e660ca3281038ae6ce63ffbdb1704823e385d0fab5ea1263beef1a4842ec7beafc4983293207c530e4264c1670d959bca4dd26b83c4ef9c0e68a8298150545e1c0ed43024ab30c737b74e798a39a21e3d5b16e3d939cf350fea7c8617daabaf7c92653490080afb0168c3c9261d5b403b293ee2e25ade065e0b75af8c724c34fc10a328806e4c65891cf5e849a049a99df81b1a7e3fdd680026141451fccb4a60a5465b24ea6519d39b74dfec7175448bf75f00a8904235b17518f2e15524
I: MonitorObliviousTransfer::next
I: GeneratePublicKey::next
D:  sending message (size 0.000384 MB)
I: MonitorObliviousTransfer::next
I: SendPublicKey::next
I: MonitorObliviousTransfer::next
I: RecvEncryptedMessages::next
I: MonitorObliviousTransfer::next
I: DecryptChosenMessage::next
I: MonitorObliviousTransfer::next
I: ChooserDone::next
I: MonitorObliviousTransfer::next
I: MonitorObliviousTransfer::next
I: InitChooser::next
I: MonitorObliviousTransfer::next
I: RecvConstant::next
D: received message: e7d8c2f3fbc32479e979f9e949f243f4721bae70ea80e8e70a3a6b938d12f3361493ede2a61b921fb86cfeb093557f350fe5d51a32ffa89156335aa409eef2271a60b1805743ececccfef1d11b3a59c59e1801b4ce40e8f01f300d6695547e9a62d8663501411d78431241729fa34d046bd9a7d8bac081c6ab3aeff6029819f26e14f7fc8804681019868d44ee810b006ecd2e785e4ce6f8849b41b5bc238a4dcafb0400f8298d9d64715b316f8477e81b7c739ef967f44a92f6861a50297d
I: MonitorObliviousTransfer::next
I: GeneratePublicKey::next
D:  sending message (size 0.000384 MB)
I: MonitorObliviousTransfer::next
I: SendPublicKey::next
I: MonitorObliviousTransfer::next
I: RecvEncryptedMessages::next
I: MonitorObliviousTransfer::next
I: DecryptChosenMessage::next
I: MonitorObliviousTransfer::next
I: ChooserDone::next
I: MonitorObliviousTransfer::next
I: MonitorObliviousTransfer::next
I: InitChooser::next
I: MonitorObliviousTransfer::next
I: RecvConstant::next
D: received message: f6b1c2660dc4992bfc25013f82af17bde94555ef2fee7b345176c2c08255b793e2a22630702d59731bf40577657051765bc3f583604640138062efb2b3a70b385f5333cb588ee0b148478f49e62f6ec712a879bc3e86217736007dc4e99cc6cce2aa5cf128c46b8a78601f207b5754a700f29f946ee84460334ded249cde07c9189dd879cb9ef1ab6efa5404fed6c92d704fd80379384b3108f87274308bf91b18c9d68f9e908b11be64f19883de604130dc9cd9350cea2a8e24576d1b06cb02
I: MonitorObliviousTransfer::next
I: GeneratePublicKey::next
D:  sending message (size 0.000384 MB)
I: MonitorObliviousTransfer::next
I: SendPublicKey::next
I: MonitorObliviousTransfer::next
I: RecvEncryptedMessages::next
I: MonitorObliviousTransfer::next
I: DecryptChosenMessage::next
I: MonitorObliviousTransfer::next
I: ChooserDone::next
I: MonitorObliviousTransfer::next
I: MonitorObliviousTransfer::next
I: InitChooser::next
I: MonitorObliviousTransfer::next
I: RecvConstant::next
D: received message: fe7be3df0678b0e3ca0b6f9612a8aeeecb9f95667fa736272d049e1602b6858200aaf9e64940674b01e6a08b727a35411e1c1557b22ba6821777e49f7bdf7d4d44eeba9470a7b56dec99b08325cb9cbbcec20b6b8b043f8754760b39c3e2075e500ba6c546b28e3f2f08c12565c91b3b78516cef21d29a80175ae57773291de004c858c1434ff5fb1ec4d0db4740a7eb2843b28cf54fc7d1b445760b34d48da65268241ea77d9f0e1cf0a4b54266c03acdae9441936cf0acd86c6e21be162cec
I: MonitorObliviousTransfer::next
I: GeneratePublicKey::next
D:  sending message (size 0.000384 MB)
I: MonitorObliviousTransfer::next
I: SendPublicKey::next
I: MonitorObliviousTransfer::next
I: RecvEncryptedMessages::next
I: MonitorObliviousTransfer::next
I: DecryptChosenMessage::next
I: MonitorObliviousTransfer::next
I: ChooserDone::next
I: MonitorObliviousTransfer::next
I: MonitorObliviousTransfer::next
I: InitChooser::next
I: MonitorObliviousTransfer::next
I: RecvConstant::next
D: received message: a819f7ab504072ba912f63ca289f2e9ac401a67ac713623203104c2520f33b3a3cec01b601c9120bdde213352d7d81ab9fbec7c6a75a21c0a3f86de4f5b6c62b3439c4af96c0374db012bdfce1846bcb7c578cdf7127e9896c7b4c0f936aa51f871cc186cad31eb14a58dd5e5b166a0552b740c947b396bad5dd10b5cb2f0c87ce291b0f5b8cd5396f615935f4b9ba6fd33ff10dfd5c814de81e39ae6e8fe4fff6f5aac8bf45baf8dac015e3f1abd2f29f126c764fc1c0d594a32f02daff7800
I: MonitorObliviousTransfer::next
I: GeneratePublicKey::next
D:  sending message (size 0.000384 MB)
I: MonitorObliviousTransfer::next
I: SendPublicKey::next
I: MonitorObliviousTransfer::next
I: RecvEncryptedMessages::next
I: MonitorObliviousTransfer::next
I: DecryptChosenMessage::next
I: MonitorObliviousTransfer::next
I: ChooserDone::next
I: MonitorObliviousTransfer::next
I: MonitorObliviousTransfer::next
I: InitChooser::next
I: MonitorObliviousTransfer::next
I: RecvConstant::next
D: received message: 799f4212d7a6a2982c1c98e901dcc628b9841a7f6e05b98fe3722e9b6858282129fc0515a7568ce0ae175e51fde0567090ac9f8a62d33f72c7348adbd8f89276b00d597c2938e2859283c8e05ee71d88839e9e77563ef18b00d7db4ac5de76de8d2ef7f9b318dd98318bd406648b7be6b7a328715b6b5aea81175b45cf28a1547650b4400cb3e8f90ed27766bcde9240d0a344133d03d9ccc8e58f66a8a38f46769b0a01597586aaedc6796181044c87a5f2d888e6ed6c15728c4fcde102044d
I: MonitorObliviousTransfer::next
I: GeneratePublicKey::next
D:  sending message (size 0.000384 MB)
I: MonitorObliviousTransfer::next
I: SendPublicKey::next
I: MonitorObliviousTransfer::next
I: RecvEncryptedMessages::next
I: MonitorObliviousTransfer::next
I: DecryptChosenMessage::next
I: MonitorObliviousTransfer::next
I: ChooserDone::next
I: MonitorObliviousTransfer::next
I: MonitorObliviousTransfer::next
I: InitChooser::next
I: MonitorObliviousTransfer::next
I: RecvConstant::next
D: received message: 58dedf6335752ee82c7e4ecef73d8746f8b17b247dce04d46b5be6e8e0add98a1ce90688d76771f31603ffa7f33881749e4599b8b9dc61b87f434a3046ab5395df98b2cea8fb5ee945ef8a071147e652d1ce9d40279877731fc4e58fe3b031909b8409efb576f88424c4601da841d2adf16547625c2d3fa909e4c0ac106d1ecff5071e3cee19ead73ffa4dbfb6517e0c8a0b9711d3077764e90e21fe535a3dfa056a7db363d5ea64bf2370a3c4616809a4af1e73752c9a2bb38e325c790d53e5
I: MonitorObliviousTransfer::next
I: GeneratePublicKey::next
D:  sending message (size 0.000384 MB)
I: MonitorObliviousTransfer::next
I: SendPublicKey::next
I: MonitorObliviousTransfer::next
I: RecvEncryptedMessages::next
I: MonitorObliviousTransfer::next
I: DecryptChosenMessage::next
I: MonitorObliviousTransfer::next
I: ChooserDone::next
I: MonitorObliviousTransfer::next
I: MonitorObliviousTransfer::next
I: InitChooser::next
I: MonitorObliviousTransfer::next
I: RecvConstant::next
D: received message: 1f508cd45dfe9999b15468d974a56918c35e367b8be38ad8bd8782225ce4d3e897cf8b83a693c507a9258bcf0ff72ddfe7f3872f8699b57e1d8f50d0177cad3031b4adcee9403a76a9bbf9f50000c900673324a233f36f85fe801a423a235352954db51c7d3a08cc9ec7063174f151f9956860041c8c8a4e719b5d476e273423c06fcc51d624b29241f949e104b5d9ba1ac875bd302cc1f194c435642bd44e4f3aef6d5ec25d33f558957c2f0aeb59de68e8896e8bc3bb8f25ed4fe113d12318
I: MonitorObliviousTransfer::next
I: GeneratePublicKey::next
D:  sending message (size 0.000384 MB)
I: MonitorObliviousTransfer::next
I: SendPublicKey::next
I: MonitorObliviousTransfer::next
I: RecvEncryptedMessages::next
I: MonitorObliviousTransfer::next
I: DecryptChosenMessage::next
I: MonitorObliviousTransfer::next
I: ChooserDone::next
I: MonitorObliviousTransfer::next
I: MonitorObliviousTransfer::next
I: InitChooser::next
I: MonitorObliviousTransfer::next
I: RecvConstant::next
D: received message: 7b3c0f614d874851c0c767cabcbf5b900b4fd87dead14bd64262c238d44d50e51c9185d913f0305d08330454cab61fb73421e729366bd6cb36eb169b066cdb7493eac803e3df194986cdbb3f39bb31c60161e448cd6a44b8ad9053233970688198936552aca579f8f431f2fce3f6c296cba67c89c144ed6f465bcb8ad0de448768bfe9a1e2b96d5fe151eab7ab30664d335b34897d2eb886cc60389a2fd0a85f02e2c4e687ea9f778df9f634aba164aa1e37eaab98bef453a5327a815f399561
I: MonitorObliviousTransfer::next
I: GeneratePublicKey::next
D:  sending message (size 0.000384 MB)
I: MonitorObliviousTransfer::next
I: SendPublicKey::next
I: MonitorObliviousTransfer::next
I: RecvEncryptedMessages::next
I: MonitorObliviousTransfer::next
I: DecryptChosenMessage::next
I: MonitorObliviousTransfer::next
I: ChooserDone::next
I: MonitorObliviousTransfer::next
I: MonitorObliviousTransfer::next
I: InitChooser::next
I: MonitorObliviousTransfer::next
I: RecvConstant::next
D: received message: 3fd8375749861200613bdd8612fb9e38ab8343128ba7a6a97132b653c7a3a537fdfa82b82d83f2e7e98ae98bb2d9408ec62ba28d49ca6232a59f9830f5492dcccaa324a1f8357ec9a60989347aa2bcd2a6d1b528ba585ebf4f26f88cda764020c034191df53fbdb50021dce22a7b4025824b81789ecd3e5c4cc82c5ee0ffbe31f70623b45ac8b42c4cec557dc1003bc71b50a54c7635619c39ece16ef9e8898c9a52ee5dfde30c9eaf71f1ed1e572ef863a3d93d9b162a81df2f6437899808a4
I: MonitorObliviousTransfer::next
I: GeneratePublicKey::next
D:  sending message (size 0.000384 MB)
I: MonitorObliviousTransfer::next
I: SendPublicKey::next
I: MonitorObliviousTransfer::next
I: RecvEncryptedMessages::next
I: MonitorObliviousTransfer::next
I: DecryptChosenMessage::next
I: MonitorObliviousTransfer::next
I: ChooserDone::next
I: MonitorObliviousTransfer::next
I: MonitorObliviousTransfer::next
I: InitChooser::next
I: MonitorObliviousTransfer::next
I: RecvConstant::next
D: received message: 5ca6f6911b92742e0729e904438527328d0beb4094f1beb1a68d6db2943d698dd63a14f137423b7b256abb99c27d394aaadff8b53304ad1c423db57ee917964f7807285ed3941fe14ae2474239bd2c6a9e98d4c0a6c4064c22f041504cee011c8e42abb695ef129f96ad21d99326979aba91b704183d3ab017065273de70e7c671a999a7d144e61e7f2dbb0f16a230083bef8d0d37e262dafdce4d582530342ec65a289e9f871fc505678e05f2517877f0bb7d26db766a00c90d43714f50eaa7
I: MonitorObliviousTransfer::next
I: GeneratePublicKey::next
D:  sending message (size 0.000384 MB)
I: MonitorObliviousTransfer::next
I: SendPublicKey::next
I: MonitorObliviousTransfer::next
I: RecvEncryptedMessages::next
I: MonitorObliviousTransfer::next
I: DecryptChosenMessage::next
I: MonitorObliviousTransfer::next
I: ChooserDone::next
I: MonitorObliviousTransfer::next
I: MonitorObliviousTransfer::next
I: InitChooser::next
I: MonitorObliviousTransfer::next
I: RecvConstant::next
D: received message: b517d15b9779b3185ad2088b7663a01473dfd3d2633fb5f3883f5b60d64abedc99d3d4e8053b2d6797124f2749968b20efc20ad651a9460cacdb696d9b78c344648974df4d135454bec77bfece9abd2c10eba6fd7bfeef20ba56d38def95eb40f514b213a91c74acf68a8424a9529460c35f249faaa965efc7a286646803683b5f1ec3dfb97682c3710885eb06ea3628795d65f8807932b3b36b37ce4944c63c9eeb1472df604ca0b4c608d2b6679b6cb58f9cacb386749cb63334bd6c4c1aec
I: MonitorObliviousTransfer::next
I: GeneratePublicKey::next
D:  sending message (size 0.000384 MB)
I: MonitorObliviousTransfer::next
I: SendPublicKey::next
I: MonitorObliviousTransfer::next
I: RecvEncryptedMessages::next
I: MonitorObliviousTransfer::next
I: DecryptChosenMessage::next
I: MonitorObliviousTransfer::next
I: ChooserDone::next
I: MonitorObliviousTransfer::next
I: MonitorObliviousTransfer::next
I: InitChooser::next
I: MonitorObliviousTransfer::next
I: RecvConstant::next
D: received message: eb8e7fa8aa1ea8454fd78c70a3755e37f7cd049764ff11e0f4c557ec0ede904d83e7815a050d020a836bce944af4ed79952ed3160814c1d78668631028fbeebc56f8fcddeaa659dde98c7756e26e1d58dedc1aeead963ba19ffa585e78ed3dd5a0ac3122eb6cacb64544638d23e1dabc1fe1ff603bee9e81007f79d43556b9bbd9a4cde943f34fe2fe72d8fa3e6bb73373249a625c0db4019397bb10177149dced568169fe3b1a3226ea17a6fc8bc32a49b8f6e88223ec814e2d003fc7e211f2
I: MonitorObliviousTransfer::next
I: GeneratePublicKey::next
D:  sending message (size 0.000384 MB)
I: MonitorObliviousTransfer::next
I: SendPublicKey::next
I: MonitorObliviousTransfer::next
I: RecvEncryptedMessages::next
I: MonitorObliviousTransfer::next
I: DecryptChosenMessage::next
I: MonitorObliviousTransfer::next
I: ChooserDone::next
I: MonitorObliviousTransfer::next
I: MonitorObliviousTransfer::next
I: InitChooser::next
I: MonitorObliviousTransfer::next
I: RecvConstant::next
D: received message: 2840ae94418a163ed9d097f0d9ed2ea633e3714c637eb0672d2486bfc252ddad5552afbae9d5239760fcc9621aace1d01ba7d1855858ce9eeb911b079e52fba1c8d19a989b52ef074b834eb56be7712d3b714520ade9371877f9d76e73af30131db680bb7ec7f309e98dacc58b6458597a20a7964c30efcee192c420504f6ae09f573c44dcf438463153c02e817d1eb358dbf93a291dc2363d549fb1263fce7abee3b284a3bfa6c313b6476bb5493b7240bf670804d3e595109a18790c43cca3
I: MonitorObliviousTransfer::next
I: GeneratePublicKey::next
D:  sending message (size 0.000384 MB)
I: MonitorObliviousTransfer::next
I: SendPublicKey::next
I: MonitorObliviousTransfer::next
I: RecvEncryptedMessages::next
I: MonitorObliviousTransfer::next
I: DecryptChosenMessage::next
I: MonitorObliviousTransfer::next
I: ChooserDone::next
I: MonitorObliviousTransfer::next
I: MonitorObliviousTransfer::next
I: InitChooser::next
I: MonitorObliviousTransfer::next
I: RecvConstant::next
D: received message: 45d808569225aba211246911397e734d15fcd9082c9642a08bbef959d1c9a7a59d57f4cf6573d98bb39780c1ad7bc17a9c64339d8475cee67f9d02e548d1710ef6717ceb15825ef5da7d44c03bcf0b36f360bbf6f1d5e7f42a4dc69ab9a7e026379bd2d035f0298979593ad3090cf0c34a7938d7d06835a64a8db87d855837f3de0750f5f0ded26cb7f3d210f31535c88ab2d97f5201769ac8b0d5f8f08573539a734015c257c31c6872b36b02463af7935c6d49a5dd37cfb70cdf510c2d536a
I: MonitorObliviousTransfer::next
I: GeneratePublicKey::next
D:  sending message (size 0.000384 MB)
I: MonitorObliviousTransfer::next
I: SendPublicKey::next
I: MonitorObliviousTransfer::next
I: RecvEncryptedMessages::next
I: MonitorObliviousTransfer::next
I: DecryptChosenMessage::next
I: MonitorObliviousTransfer::next
I: ChooserDone::next
I: MonitorObliviousTransfer::next
I: MonitorObliviousTransfer::next
I: InitChooser::next
I: MonitorObliviousTransfer::next
I: RecvConstant::next
D: received message: 9522dbb813701cb7319651bfadc1c5177663193b8c750fde4f4d94062f81613c86ea60830833e92d9995347bd1dd55afc9f582b2d8a78fed96c33acb1b791f480d2ce39f5cc9c7da67b11999670c0d2e4b3bf157dceb50521be5fab86ba24cbcaa4b43ceb20d1ed511b15e818cdea6ccb677fef5891dc4ac4cbb2d254abb8852e7495a43cadfd060c30a9c230d8104904b3bc1001de8a450e94fb51bbf15f4db3881dd28b16e0cd407ac57448bb6f447d2407136c2761c01647c1f2c360ae434
I: MonitorObliviousTransfer::next
I: GeneratePublicKey::next
D:  sending message (size 0.000384 MB)
I: MonitorObliviousTransfer::next
I: SendPublicKey::next
I: MonitorObliviousTransfer::next
I: RecvEncryptedMessages::next
I: MonitorObliviousTransfer::next
I: DecryptChosenMessage::next
I: MonitorObliviousTransfer::next
I: ChooserDone::next
I: MonitorObliviousTransfer::next
I: MonitorObliviousTransfer::next
I: InitChooser::next
I: MonitorObliviousTransfer::next
I: RecvConstant::next
D: received message: 1f61b7e420427f03c9f13a6abdb80355715d2ab2277a0e58b48e48e98a00fd578b7c12f7a363495b0455787e67de7391b519fb25e4b0fa88af9846b0bbf352d9888feefd444b90b6fbf292ea0710a09a8c9da901c86128951a93810d109ab1c1f0dce4a46c982ed7e210f7429490f80a2a1636829e9681fda57c568de5d90077dbfacd6bb4ade7ef4a71ed3ffdf098480102a7434baa2763da459a95c0b9cd195f09a1b16e840eba3b52e5c64c647b4c28566d007a0343e2b01a34515cca74a7
I: MonitorObliviousTransfer::next
I: GeneratePublicKey::next
D:  sending message (size 0.000384 MB)
I: MonitorObliviousTransfer::next
I: SendPublicKey::next
I: MonitorObliviousTransfer::next
I: RecvEncryptedMessages::next
I: MonitorObliviousTransfer::next
I: DecryptChosenMessage::next
I: MonitorObliviousTransfer::next
I: ChooserDone::next
I: MonitorObliviousTransfer::next
I: MonitorObliviousTransfer::next
I: InitChooser::next
I: MonitorObliviousTransfer::next
I: RecvConstant::next
D: received message: a7d1a7fbc46dcb4a2a9ccca57ce831b825a0c44d9c4f667ee5d38bdba6ceaf09f25c6d5405b3c9a50cbe3b3fc4393000447847a65819b9f67ca887f3ffd445421819432de8063443600f73a34fb885c4df9ea15b63492f00ea6f8cc061acef17cd328b94ff454b41603b481773c02b331f3835e06341ca099ed333992f440e1bb4cca78aeec7f005e1045bb6e959e905a92821f23add58c4971a412807e1ad841f1c36ce1c15a35505c8d630381db490cced0fba5a59f22af1f62b0a0dc88355
I: MonitorObliviousTransfer::next
I: GeneratePublicKey::next
D:  sending message (size 0.000384 MB)
I: MonitorObliviousTransfer::next
I: SendPublicKey::next
I: MonitorObliviousTransfer::next
I: RecvEncryptedMessages::next
I: MonitorObliviousTransfer::next
I: DecryptChosenMessage::next
I: MonitorObliviousTransfer::next
I: ChooserDone::next
I: MonitorObliviousTransfer::next
I: MonitorObliviousTransfer::next
I: InitChooser::next
I: MonitorObliviousTransfer::next
I: RecvConstant::next
D: received message: 7c7d603a66c03c7fae53fac332f97765ce4e64b083ccde5ab225b7011e925b20b65abcb40d3c5910a401faa9633345b0dd1ff3deeb9e98b1c4d19057098e78b7490bf51853765f8ee4ffefa3244f296b0652e8fabd15913c8b88d637addb32143addd1763ebb47b779ce490d48a9950917a9cfa597b887bab684003fa5325836ff38b7eff72cceeec866f76955f47be0b242e3acafd6cdff2d9c9f5799b683ab42d2550e4de2980d7c711704dae06b0753314018a1da9ba68eb4fc876433ad8f
I: MonitorObliviousTransfer::next
I: GeneratePublicKey::next
D:  sending message (size 0.000384 MB)
I: MonitorObliviousTransfer::next
I: SendPublicKey::next
I: MonitorObliviousTransfer::next
I: RecvEncryptedMessages::next
I: MonitorObliviousTransfer::next
I: DecryptChosenMessage::next
I: MonitorObliviousTransfer::next
I: ChooserDone::next
I: MonitorObliviousTransfer::next
I: MonitorObliviousTransfer::next
I: InitChooser::next
I: MonitorObliviousTransfer::next
I: RecvConstant::next
D: received message: c60f4b7bd130788cc0bd64cd67accc185fe573aacde7da5045252dc8e84f7a9f5c55acc39f2b1c9f38e74bdd2afa9a5761235c0f38f84b61a6cb8d49ef7b69b0d1cd7420ef54bc441abe176c206542d75940047f99117475561f2d6856983075747630304dcb9bce75338471841e5ffbb7ddaac4c90a4a570dbef8887c4ffe3a2d3e7e1a04a201a097b3073cdcf200697d5cc97e67a9d759950721e75b168ebe4af3c24c72be32b5ac5ed98e728e6c53ece744a0bd27389e76757a723beb6f1a
I: MonitorObliviousTransfer::next
I: GeneratePublicKey::next
D:  sending message (size 0.000384 MB)
I: MonitorObliviousTransfer::next
I: SendPublicKey::next
I: MonitorObliviousTransfer::next
I: RecvEncryptedMessages::next
I: MonitorObliviousTransfer::next
I: DecryptChosenMessage::next
I: MonitorObliviousTransfer::next
I: ChooserDone::next
I: MonitorObliviousTransfer::next
I: MonitorObliviousTransfer::next
I: InitChooser::next
I: MonitorObliviousTransfer::next
I: RecvConstant::next
D: received message: 86b680cfcff6f2a92dd7312aab6ad29e26174e861c8b171dd35a6c71720d95b326518a0db218714b74bb6b8d18e9d1018545aac1af0ed435d6f06f485597ce08ddec2c9857dac4801f8dff56aad09cfe4c76b60ee1148e22ee6298d919cc758248a970ebbc3b23135b29d75ad529edf06bb508b3cfbbf8531ec9ddd7e5a25e98255eaf54ddb5fe0fe2eca5a4fe96b9913e691c32ece4c27727ad65e36717b127d0614add2ad8dab949cfb928d4a877580fa9a9082956be351a607a2d13812fd2
I: MonitorObliviousTransfer::next
I: GeneratePublicKey::next
D:  sending message (size 0.000384 MB)
I: MonitorObliviousTransfer::next
I: SendPublicKey::next
I: MonitorObliviousTransfer::next
I: RecvEncryptedMessages::next
I: MonitorObliviousTransfer::next
I: DecryptChosenMessage::next
I: MonitorObliviousTransfer::next
I: ChooserDone::next
I: MonitorObliviousTransfer::next
I: MonitorObliviousTransfer::next
I: InitChooser::next
I: MonitorObliviousTransfer::next
I: RecvConstant::next
D: received message: f047607a293ca583871f0b3bb0c29c3a4a8f956369d1e81f2810bc6cd02e61045459185d74fdbe8aa03a3a025a86f44978401d1fe674dc9b95bfb1c6f36225d08a1246771d1ee9f39c50495770404d7e80952b08792dfc631cdc3b5024454fd06b49d9fb70acbe95c4081f3f1ee90f255c91f2396d074d91ded6a2928311385fc44ac1a752bc24f0d9aac747287fa3a9b1503dbada74728fab3f693e76b1caae83b6d416f0bc794f96432f0f13a1dead744990400e488e703762be3746464075
I: MonitorObliviousTransfer::next
I: GeneratePublicKey::next
D:  sending message (size 0.000384 MB)
I: MonitorObliviousTransfer::next
I: SendPublicKey::next
I: MonitorObliviousTransfer::next
I: RecvEncryptedMessages::next
I: MonitorObliviousTransfer::next
I: DecryptChosenMessage::next
I: MonitorObliviousTransfer::next
I: ChooserDone::next
I: MonitorObliviousTransfer::next
I: MonitorObliviousTransfer::next
I: InitChooser::next
I: MonitorObliviousTransfer::next
I: RecvConstant::next
D: received message: 912379b43f6f1fa8926b656c7e0eaa3ca905748a20c00017eb3a4c29be46401401ea4d9437c048c8cab622e0c8e1930090152ad450d55c94ea064bd906403cb1e31cd41db6fb832a07785532a229c5e872b5398ec06937c90b2731940ac3625844739d74747b62ed613011572515e79e09d696717ca213bbe88aa252aaff7ad290e15b4cfe11f47cb72ad8254fd15b329d3f8cb1ce23d9fa783d37d0788fa637b9f2c9f55562b88e80be1e8b552157e07d027acdf1afe1765b44a65058798d7
I: MonitorObliviousTransfer::next
I: GeneratePublicKey::next
D:  sending message (size 0.000384 MB)
I: MonitorObliviousTransfer::next
I: SendPublicKey::next
I: MonitorObliviousTransfer::next
I: RecvEncryptedMessages::next
I: MonitorObliviousTransfer::next
I: DecryptChosenMessage::next
I: MonitorObliviousTransfer::next
I: ChooserDone::next
I: MonitorObliviousTransfer::next
I: MonitorObliviousTransfer::next
I: InitChooser::next
I: MonitorObliviousTransfer::next
I: RecvConstant::next
D: received message: aa4f7cc4df7deb9a616e2054d143e530b77f20e4a1257f71da4113f5a2d282c986b30f3b0c61caa266af04671a46e7b60e727322e5196689defb1afac7c57b38c43e9d66e9ee80c3e9a0f99a53370519c3502de86d9d2d1f8db103f5051b3a2515de4b14147232d9a9505d4b7cedb1c19efc340035bf56b239fe3d7a7615ecdc0656c9e332d85f5e032bea038ac68bea2df3cb4faa6523174fd707601f5f4d892930ad7377cfa0f6b0a905ce90b94d8a4f61711af9c562d712f63d667af42517
I: MonitorObliviousTransfer::next
I: GeneratePublicKey::next
D:  sending message (size 0.000384 MB)
I: MonitorObliviousTransfer::next
I: SendPublicKey::next
I: MonitorObliviousTransfer::next
I: RecvEncryptedMessages::next
I: MonitorObliviousTransfer::next
I: DecryptChosenMessage::next
I: MonitorObliviousTransfer::next
I: ChooserDone::next
I: MonitorObliviousTransfer::next
I: MonitorObliviousTransfer::next
I: InitChooser::next
I: MonitorObliviousTransfer::next
I: RecvConstant::next
D: received message: fadfe1d670beaa6e750ba4a1989b36c4445948b8596a27ec1fd2a7eded511fb1369f525626916c6b0e47619ad1280c9db9c5a201fc94c42c9280b787b4010dee05c726c36bbe9dfab7f2dadad70a7844204d29207b5962171fac9864308fde2abcc68b9972f2ec9b0d4ec0bc6729327025fc1ccaecb0f1567865d9285ab1f9968402de454ed227ae908aca53c751e0fe1b96c812de869a81aa195fb2fe4a6ea8811d9c1ef3c6473daec26c754ced33572b31a4a532ee49bf287b981ddfbf895c
I: MonitorObliviousTransfer::next
I: GeneratePublicKey::next
D:  sending message (size 0.000384 MB)
I: MonitorObliviousTransfer::next
I: SendPublicKey::next
I: MonitorObliviousTransfer::next
I: RecvEncryptedMessages::next
I: MonitorObliviousTransfer::next
I: DecryptChosenMessage::next
I: MonitorObliviousTransfer::next
I: ChooserDone::next
I: MonitorObliviousTransfer::next
I: MonitorObliviousTransfer::next
I: InitChooser::next
I: MonitorObliviousTransfer::next
I: RecvConstant::next
D: received message: 72ad08acbf53f0394d186619d7595fa7ed71a419730bbb19317ae6d8a0870dee32dadb2d069880b97b611107fe8f2a80c1e6e1e006701e2798a4084387f3beb82ad81bba2c51156e03f0bfa90e4e24efd6816f0925f4ec55d373ec37b6495497d45a6be08d35b72580559ecad940a55d23e6d35af7d02b490813173df8ca502b1d2a25d1cf352327a0e9a756ec2f86046808af1ae1b123b1fc741e902d71d2d551c153a050d7ff8a02c042cb9aa1050f1dca28dfad1971299c7ae18613fc92e0
I: MonitorObliviousTransfer::next
I: GeneratePublicKey::next
D:  sending message (size 0.000384 MB)
I: MonitorObliviousTransfer::next
I: SendPublicKey::next
I: MonitorObliviousTransfer::next
I: RecvEncryptedMessages::next
I: MonitorObliviousTransfer::next
I: DecryptChosenMessage::next
I: MonitorObliviousTransfer::next
I: ChooserDone::next
I: MonitorObliviousTransfer::next
I: MonitorObliviousTransfer::next
I: InitChooser::next
I: MonitorObliviousTransfer::next
I: RecvConstant::next
D: received message: dc57afd06b1e517c99c17e2f502b912d1f234a28e684d29f6c82c669f4b4674b9ff64cc06122a6d916e52c5fb1fe2da636f95d55328828bf49f9d071669bcaa0d0ae5a2d3ae877199f69f20cca4daba476f19722c617dff2680ced0a3d084ca55a521f76560cca65ff33463fc70c0fc1587dfa7b2646a464d1e291e3e892bb742112ef6be16865c1a023706210fedb8f2d2273c4a7a4ee5c1ddd7575963742c0d65ef8a35720e99bb625fd3e7eda87676ebba6d5b02cca7543ba6e01eb857000
I: MonitorObliviousTransfer::next
I: GeneratePublicKey::next
D:  sending message (size 0.000384 MB)
I: MonitorObliviousTransfer::next
I: SendPublicKey::next
I: MonitorObliviousTransfer::next
I: RecvEncryptedMessages::next
I: MonitorObliviousTransfer::next
I: DecryptChosenMessage::next
I: MonitorObliviousTransfer::next
I: ChooserDone::next
I: MonitorObliviousTransfer::next
I: MonitorObliviousTransfer::next
I: InitChooser::next
I: MonitorObliviousTransfer::next
I: RecvConstant::next
D: received message: d073077bbec30f29f61b36824efe34937844d220cd4400e1af215c1d1e84e52339040b5dc8b5a3c325dc274a780d68f61bf58d4580216e3ae5e16c58230addfa2b9ddc1bab4790ce949ca8fdd9ee5a57c61f63e81b467d694842cedb46b40ae9e79160374f52f1b035046f90b693fde9798c1eff9436d2b9ae99c254f0fa06d537de6b4089d20911adf0603aaa5e763b5742e00b67cb58096047a992a20d5419d3c1df9b7af7c0cdd865a765215f713a2e33d379f22e46b6328429b932d406f5
I: MonitorObliviousTransfer::next
I: GeneratePublicKey::next
D:  sending message (size 0.000384 MB)
I: MonitorObliviousTransfer::next
I: SendPublicKey::next
I: MonitorObliviousTransfer::next
I: RecvEncryptedMessages::next
I: MonitorObliviousTransfer::next
I: DecryptChosenMessage::next
I: MonitorObliviousTransfer::next
I: ChooserDone::next
I: MonitorObliviousTransfer::next
I: MonitorObliviousTransfer::next
I: InitChooser::next
I: MonitorObliviousTransfer::next
I: RecvConstant::next
D: received message: aedceef8212e19ffac4f406428bb024383b1c8337fd20f4b8451487398e2f5bb819c6baa027455929a975774c6247a9a563e31e0edd3a4b895f82f2b7676034dd463e175f6e5f1d051a1f45467256da53c111777f9d773d8e9add36f6ebc3ffb51274008fd4132d4730e1b407f3538ee34d35e15d2af9df3badd7377625fc0bb88f0b816986f21b1d42bc7a317fe190a5f91702d6fcb50f3157541d1916bc9a9777f304d672711836207cc4d8ef0e038e445d37bd0f4ef930ba294548cd3514f
I: MonitorObliviousTransfer::next
I: GeneratePublicKey::next
D:  sending message (size 0.000384 MB)
I: MonitorObliviousTransfer::next
I: SendPublicKey::next
I: MonitorObliviousTransfer::next
I: RecvEncryptedMessages::next
I: MonitorObliviousTransfer::next
I: DecryptChosenMessage::next
I: MonitorObliviousTransfer::next
I: ChooserDone::next
I: MonitorObliviousTransfer::next
I: MonitorObliviousTransfer::next
I: InitChooser::next
I: MonitorObliviousTransfer::next
I: RecvConstant::next
D: received message: a45b154361129999f4184e8c1cf41fe697cb65310c21f76d68a53cc99581d4b50c8e02a65f8b1db0086c8b81c8b9d756383671e2cf4f9dde2dad0d2d7645e83af3eb8124e323ce5c89d1c92d116a81de76cb5577735ae1fdae73ed3cd7d8e862b66d2aea5ae87cda0b05601949617203c9db69a25025e6e12f479934323ca11281c75ebdf6d4eddda500e2cc3501093f1548a04ea31c265e62ed74b8bb96ee5e723c07afe4de142f89a7554b92983cf2b230bfc1fb4b5019c84425d4d175824b
I: MonitorObliviousTransfer::next
I: GeneratePublicKey::next
D:  sending message (size 0.000384 MB)
I: MonitorObliviousTransfer::next
I: SendPublicKey::next
I: MonitorObliviousTransfer::next
I: RecvEncryptedMessages::next
I: MonitorObliviousTransfer::next
I: DecryptChosenMessage::next
I: MonitorObliviousTransfer::next
I: ChooserDone::next
I: MonitorObliviousTransfer::next
I: MonitorObliviousTransfer::next
I: InitChooser::next
I: MonitorObliviousTransfer::next
I: RecvConstant::next
D: received message: 8570c03eec11ca8e63706565f5e4d19ae9673863a43560e518653dbf185f63c26f7a29dcccf2d9107d626e903ef17032c721afb13d62f33e9273749b8d4aa5520b7eaee2d81148e5e7cee394630c5686976b1d6b20b75a8bbceee518707f2a850ec62b1e0a15f36bb3672cfc74acc71765d4cdc27812e48ecc450029bfcd558f72b1f3649529a7c8af2a430c09468352d76133479d052fb2c220d0b2e4b28edc0f40100972b3bcf9480263aa775ec1af5ea04819fb9d7c752976a487789417e0
I: MonitorObliviousTransfer::next
I: GeneratePublicKey::next
D:  sending message (size 0.000384 MB)
I: MonitorObliviousTransfer::next
I: SendPublicKey::next
I: MonitorObliviousTransfer::next
I: RecvEncryptedMessages::next
I: MonitorObliviousTransfer::next
I: DecryptChosenMessage::next
I: MonitorObliviousTransfer::next
I: ChooserDone::next
I: MonitorObliviousTransfer::next
I: MonitorObliviousTransfer::next
I: InitChooser::next
I: MonitorObliviousTransfer::next
I: RecvConstant::next
D: received message: ccf3b2079d49760c19a66df0704799d2b452122c258204098a3215decc36863b969f51e67a07e022348e9653d6aa194816b0dd1c8a2c9bacc1ff9246b9188700d9c1dbde636791e78be1230933e45df5926c7893fc1652b54a142919a2313e6eca19f4308ee8a886018906bc57751be941cd009963fc4bdf31ef341a516f5e64b519c7c6b1cba23d2217bed5e784c5aeb9b2203d2c20d0ab122752dd73f56e74539d849f7b9fd232cafb19268678e81ce2ef1bc021dd02d21ee3464cadc57699
I: MonitorObliviousTransfer::next
I: GeneratePublicKey::next
D:  sending message (size 0.000384 MB)
I: MonitorObliviousTransfer::next
I: SendPublicKey::next
I: MonitorObliviousTransfer::next
I: RecvEncryptedMessages::next
I: MonitorObliviousTransfer::next
I: DecryptChosenMessage::next
I: MonitorObliviousTransfer::next
I: ChooserDone::next
I: MonitorObliviousTransfer::next
I: MonitorObliviousTransfer::next
I: InitChooser::next
I: MonitorObliviousTransfer::next
I: RecvConstant::next
D: received message: d68b7d44da233312fdeed6f9be8cbe9ece9b9faf2801b7a931b4c501e106207cfbcf3c15791bea02e78c2febeed2dfaf65c6fc0945a613d03a7ea5196d44b90f238bd932f37762314b678ae5d8f1ec394401733df43ddf8c388aaac783c522003e7d2ba702eeb4afed5ece1fd341c3935f41c633c21282d2a345ee6450f09b30f05f3821e730420f1fad014d369a442b3e871379cd1cd9c6201482d03408990c6eba34f64b3abc6241b3346a29376d6c6259c00a9c0ab22cd01bac420689cc73
I: MonitorObliviousTransfer::next
I: GeneratePublicKey::next
D:  sending message (size 0.000384 MB)
I: MonitorObliviousTransfer::next
I: SendPublicKey::next
I: MonitorObliviousTransfer::next
I: RecvEncryptedMessages::next
I: MonitorObliviousTransfer::next
I: DecryptChosenMessage::next
I: MonitorObliviousTransfer::next
I: ChooserDone::next
I: MonitorObliviousTransfer::next
I: MonitorObliviousTransfer::next
I: InitChooser::next
I: MonitorObliviousTransfer::next
I: RecvConstant::next
D: received message: a1731dfd779f0fdada3f534a72da168995c572f7c00552d4346fdc3426641664340d7ce2b4b3182e5634d4447666dd4f66ba10b4ba676c0f166979535759aaeccf28e34d68680307d638635a88955ab851325f3704d73653bf75d1d1bbc90ed392780da87e34e7d9ab6ef6d026c47b548e303ce1d88b77be4b1f1d826e27349e3a8fe0c3766345b5b3da361ffc3bf750da1f97636af9968ad0c055c7485c5fe5bc009f8e2166bb83574a603f2779cc4af1be10424dfca8a06b02e700e4e57f3a
I: MonitorObliviousTransfer::next
I: GeneratePublicKey::next
D:  sending message (size 0.000384 MB)
I: MonitorObliviousTransfer::next
I: SendPublicKey::next
I: MonitorObliviousTransfer::next
I: RecvEncryptedMessages::next
I: MonitorObliviousTransfer::next
I: DecryptChosenMessage::next
I: MonitorObliviousTransfer::next
I: ChooserDone::next
I: MonitorObliviousTransfer::next
I: MonitorObliviousTransfer::next
I: InitChooser::next
I: MonitorObliviousTransfer::next
I: RecvConstant::next
D: received message: b165d6cb470051857119936cfb7f25a0332c42af1c005a2afbc6f7f0bdbf65983c569c23fd8e32c944ab55306d105e709d5dde5cb60c4147e92d66c66c8fc1fee284ad561dc051fdfeffca82c8b226a6fa2c124dae270c810cc67bae47082b2b02be7fcee1fc2cb785109d56bd6e5df7d0c7a8ab207f9c9c4f7a85a9e9878a9c60769b883e26e6863f3487abd626dc1b73b3a00bf159cb8dbd4e9ac8e08dc540ba4374d8624888eb1e689573c925b47cf5d8b5b8d8a434da4787dba063cae514
I: MonitorObliviousTransfer::next
I: GeneratePublicKey::next
D:  sending message (size 0.000384 MB)
I: MonitorObliviousTransfer::next
I: SendPublicKey::next
I: MonitorObliviousTransfer::next
I: RecvEncryptedMessages::next
I: MonitorObliviousTransfer::next
I: DecryptChosenMessage::next
I: MonitorObliviousTransfer::next
I: ChooserDone::next
I: MonitorObliviousTransfer::next
I: MonitorObliviousTransfer::next
I: InitChooser::next
I: MonitorObliviousTransfer::next
I: RecvConstant::next
D: received message: 5ac872a2d8a3f2f8b2031a50d560b3de25a95b7868e983bb3c07034ac30506fc64a13095eadd8366aa9f4b8d317168ee814fd12133b289244f83f458b97e53ce05e491c001be5866dce25ccd9bc8bd5b5178b05e38cbf9da53b7fad3c056aca261c76c346beecd03f55693c17dc11ca360544434903b46a8ffccb6cf8b7ba6a03f90a7d1bbefdcdc0fa39e61840780a037c3bd94fd43fb6fe2bb704ec8c59cd00e80617b3052c417530bd6b31e628a97ab11a37eccbdfff957edb74274d56ea
I: MonitorObliviousTransfer::next
I: GeneratePublicKey::next
D:  sending message (size 0.000384 MB)
I: MonitorObliviousTransfer::next
I: SendPublicKey::next
I: MonitorObliviousTransfer::next
I: RecvEncryptedMessages::next
I: MonitorObliviousTransfer::next
I: DecryptChosenMessage::next
I: MonitorObliviousTransfer::next
I: ChooserDone::next
I: MonitorObliviousTransfer::next
I: MonitorObliviousTransfer::next
I: InitChooser::next
I: MonitorObliviousTransfer::next
I: RecvConstant::next
D: received message: 9eb896e865cefca66717527e675b73e6e1b95dda7cc1a08e6537fb751426fe482ea3ca3b4ef10d730c5ddd790565b68ef86484ceebafa82fdc168d99d6e34602e7e0efb99ff2f6683707e90d59f2a0b89064f730640a9a6682b285b83c5c36971403f38b54bf8c7c3c342ff7baac55dbb47182a46ca1ba15c62a53d6ce2da91e9d1c6132cad43aaffe011b0366dae53080cf96c1e81929cddc18ba8054f93d8a4e4d90b549a5325e12a281e3fb0f321e4562f98d63b7e6c9b78fa7eb82145a50
I: MonitorObliviousTransfer::next
I: GeneratePublicKey::next
D:  sending message (size 0.000384 MB)
I: MonitorObliviousTransfer::next
I: SendPublicKey::next
I: MonitorObliviousTransfer::next
I: RecvEncryptedMessages::next
I: MonitorObliviousTransfer::next
I: DecryptChosenMessage::next
I: MonitorObliviousTransfer::next
I: ChooserDone::next
I: MonitorObliviousTransfer::next
I: MonitorObliviousTransfer::next
I: InitChooser::next
I: MonitorObliviousTransfer::next
I: RecvConstant::next
D: received message: deb0473be2b443ad5e201f10fc8b11413ae6e8feeeb48d8cb36161c953ff3776fa55e4dda00f040de746996d0b7f29965f6d417a5a403e9cdcbe31d7487b023d11f1e58ec88a4919e5f902beb8c4d81aa6fa49b946d3b533f53eff03f773669750484f0ffc1c8e8dbba548bf82b6e8e77967044f09dc126640786a9c5c20c624ada5879dd313c33dcf906c6c3880e91699fcaffe47b71c88bdb7f25a50886082aa04781aa720e893816bb2b827d8680a051f0ca527ac74120855868d12b2a545
I: MonitorObliviousTransfer::next
I: GeneratePublicKey::next
D:  sending message (size 0.000384 MB)
I: MonitorObliviousTransfer::next
I: SendPublicKey::next
I: MonitorObliviousTransfer::next
I: RecvEncryptedMessages::next
I: MonitorObliviousTransfer::next
I: DecryptChosenMessage::next
I: MonitorObliviousTransfer::next
I: ChooserDone::next
I: MonitorObliviousTransfer::next
I: MonitorObliviousTransfer::next
I: InitChooser::next
I: MonitorObliviousTransfer::next
I: RecvConstant::next
D: received message: 82ae4735d36495cceb7b51fa99f5e6782b18f3ecd439f6a21301205b1ce06cb5bf931e066e47c3575631e45933d3306419bf4f362f9dba00072f431b4546bc8733f667cbad03b71bef5487ad9f6c8848f71132a81c5db388569e6e7f4e78d39740f7da257ca7187f8d4d3878fcf1795be67d0fe639157546238683952cf49dccc30432a882ec1a992910b94f44071acf5354cc1652c856e81b1bd5feb7c6b349bcb49d313ed864c418885b1c11fa415675033e6bd9282dc20d7300a7a1bc6bc5
I: MonitorObliviousTransfer::next
I: GeneratePublicKey::next
D:  sending message (size 0.000384 MB)
I: MonitorObliviousTransfer::next
I: SendPublicKey::next
I: MonitorObliviousTransfer::next
I: RecvEncryptedMessages::next
I: MonitorObliviousTransfer::next
I: DecryptChosenMessage::next
I: MonitorObliviousTransfer::next
I: ChooserDone::next
I: MonitorObliviousTransfer::next
I: MonitorObliviousTransfer::next
I: InitChooser::next
I: MonitorObliviousTransfer::next
I: RecvConstant::next
D: received message: 8465915e88cc4a42b5b7e1c18ac51178d2a789137e078265de0ad5f155fd6dfe82d29376f40ceb45c119857c9aa3f3ae6de7999099649fb83892e59195f0650e6ef4a047aeacd36f587acc112cccd075fc9abd8237f22eeb7786d12af34724d53ca1e47011ba4069254254b384b84737dcf82b9278ea557b753ee42b9a0195ce3b78c233ff7af9b8cd3de26f8b16f8fe99705ed4446303c9f30513e4abc8a0beeb9c3a18601f806c08d2c924e3851ee3fea69265498e89b1ad4b7b7a3d836c1
I: MonitorObliviousTransfer::next
I: GeneratePublicKey::next
D:  sending message (size 0.000384 MB)
I: MonitorObliviousTransfer::next
I: SendPublicKey::next
I: MonitorObliviousTransfer::next
I: RecvEncryptedMessages::next
I: MonitorObliviousTransfer::next
I: DecryptChosenMessage::next
I: MonitorObliviousTransfer::next
I: ChooserDone::next
I: MonitorObliviousTransfer::next
I: MonitorObliviousTransfer::next
I: InitChooser::next
I: MonitorObliviousTransfer::next
I: RecvConstant::next
D: received message: 4313d996e9b05fb821ee3bcb1651cda080450c54c35c0c7d98e306be787a4a299cb32cdfe54fb82550aae2109bd5893347b73f9f713470e354fb2e7b4c5c0186303af44c10e058a1e836a34515ba8bfeaa3578c1789618e828b0e1a708de810131adfc60d99000bf74b4c5c0cd3013c77f95c41ca7b67f6763f1a142da0eaa0b5d3d50905d2ec3a3ce47f558f23d726c8b9307314603df1df49ec27d58e49725f5519214a73f65b5a30c51b15d48d51730d40e854fbe1370adc3f1ef24c6311
I: MonitorObliviousTransfer::next
I: GeneratePublicKey::next
D:  sending message (size 0.000384 MB)
I: MonitorObliviousTransfer::next
I: SendPublicKey::next
I: MonitorObliviousTransfer::next
I: RecvEncryptedMessages::next
I: MonitorObliviousTransfer::next
I: DecryptChosenMessage::next
I: MonitorObliviousTransfer::next
I: ChooserDone::next
I: MonitorObliviousTransfer::next
I: MonitorObliviousTransfer::next
I: InitChooser::next
I: MonitorObliviousTransfer::next
I: RecvConstant::next
D: received message: 2adaa9c3c19d40a9083ef8cff1362c9f37672f4d47f9c5bc2ff929750b07035b7a718a9ecb0569be8dfce0d393360080ce8d87a40896f60a6d6e23c4249b09496b581d8b3be82e9132cacd7379e6723bf905e2e7f3d1190ec23eda5525c32c9a8cf0b57adc0c32569d9c507145a5bc144661b5af62df64da263cde0b7b0e75347c1df6e428eaf8e3e19ae47ac050d36f2f67f52990965c86fe497c3429ac7400dbf94d2836e1471f2df62ebfacca56d4405278f6551f4e8f4fd220126c1ce5a3
I: MonitorObliviousTransfer::next
I: GeneratePublicKey::next
D:  sending message (size 0.000384 MB)
I: MonitorObliviousTransfer::next
I: SendPublicKey::next
I: MonitorObliviousTransfer::next
I: RecvEncryptedMessages::next
I: MonitorObliviousTransfer::next
I: DecryptChosenMessage::next
I: MonitorObliviousTransfer::next
I: ChooserDone::next
I: MonitorObliviousTransfer::next
I: MonitorObliviousTransfer::next
I: InitChooser::next
I: MonitorObliviousTransfer::next
I: RecvConstant::next
D: received message: 1f9799501f53057ef69da8972ffd45e32afee164ed58d1d98882cac85a72bda3bace53261787e62dee2e49fb08c1012d8efde45f3ee9fd4716b21a6f4bf18e8b2788f79b4dc3518cbcc5dca66449b2de49a1c4834a8433da3428135c088e4784cdcbf0cf612dc79ee08c78e1d96ea5be3f922de62b85f366624fe1192c4ac2c0447448beffbca5ad2cfdf415aa11dbfdae972f7ee4a1332a2bc3744e2f54ca4cc8c485156da4becead2bd537894a5a77ca079cd3c6d6dd1db7a1600dc023d6aa
I: MonitorObliviousTransfer::next
I: GeneratePublicKey::next
D:  sending message (size 0.000383 MB)
I: MonitorObliviousTransfer::next
I: SendPublicKey::next
I: MonitorObliviousTransfer::next
I: RecvEncryptedMessages::next
I: MonitorObliviousTransfer::next
I: DecryptChosenMessage::next
I: MonitorObliviousTransfer::next
I: ChooserDone::next
I: MonitorObliviousTransfer::next
I: MonitorObliviousTransfer::next
I: InitChooser::next
I: MonitorObliviousTransfer::next
I: RecvConstant::next
D: received message: be78a10ae70ceb22a502d372bd48a2e9fa11c10f64c915c4bc59191f88cc110f7345da9f05c7ba23587830ec6923aec1685919118255469ecf3eb0e8187268d646293976423b2d175a5a6f091e5b6dbe1e1a66166fcaf291cf95b980311cb6c23e4a75ac06378c152fe1b8459fa71e334b4e7a58905265d620296ca07f49d697bd221a148e060078e9f9668b5b9a5b2ceaaebbeaa63746c0ded8058730d223d7602293fe2f2e824d2ad838b2316f67768876f9a9022a85fca405741d4cb75fe4
I: MonitorObliviousTransfer::next
I: GeneratePublicKey::next
D:  sending message (size 0.000384 MB)
I: MonitorObliviousTransfer::next
I: SendPublicKey::next
I: MonitorObliviousTransfer::next
I: RecvEncryptedMessages::next
I: MonitorObliviousTransfer::next
I: DecryptChosenMessage::next
I: MonitorObliviousTransfer::next
I: ChooserDone::next
I: MonitorObliviousTransfer::next
I: MonitorObliviousTransfer::next
I: InitChooser::next
I: MonitorObliviousTransfer::next
I: RecvConstant::next
D: received message: bca445e35aab5946934cf9c34fc4815e230b215c0e0628d22bf5f68cf18c7a5cb12cc053f697b64bd985a4efb6deb74d3e088b26bd4bdaa915e3043aca488b851ccfd2de044d809539ca22e977d50e8302671a081a5de9491173b8961842ad18d24d0393ccc89787e78b9bb0fad2726380e16e919f194e7bb2dbd45860d1583cd65b572256fbc317515c2a5cf5e3051d7f78223a8e249d09b9f934281916a5f0d31c10698fddac19d6d33e01ef9d6d81087ecc7e08119e2b6c7a73e4d62d9b30
I: MonitorObliviousTransfer::next
I: GeneratePublicKey::next
D:  sending message (size 0.000384 MB)
I: MonitorObliviousTransfer::next
I: SendPublicKey::next
I: MonitorObliviousTransfer::next
I: RecvEncryptedMessages::next
I: MonitorObliviousTransfer::next
I: DecryptChosenMessage::next
I: MonitorObliviousTransfer::next
I: ChooserDone::next
I: MonitorObliviousTransfer::next
I: MonitorObliviousTransfer::next
I: InitChooser::next
I: MonitorObliviousTransfer::next
I: RecvConstant::next
D: received message: f410594a0e870e39d9ea83da7a8b4e29fc03c316f8f1610c1a74d4e971833d208f51084911eef61d1949c2abf4c4bebf412c43acf943b233fc009a76694ed9b29d0113646d4387211769d9dee93c35c87a298a5b5ce0d8f7bec278726df36c986e0a3b7d92266d25005da84ab4aa4aaa379626c0d8124737460efc63af56eea0483eb46ac64cf1161bb1db4a75613494c74fbdbc8a56511d81ebaa4cc0f11c7148321c3baa2e149a028676ebfd864aaaeeafed1d6f16b3c476cefd0ab023e5fb
I: MonitorObliviousTransfer::next
I: GeneratePublicKey::next
D:  sending message (size 0.000384 MB)
I: MonitorObliviousTransfer::next
I: SendPublicKey::next
I: MonitorObliviousTransfer::next
I: RecvEncryptedMessages::next
I: MonitorObliviousTransfer::next
I: DecryptChosenMessage::next
I: MonitorObliviousTransfer::next
I: ChooserDone::next
I: MonitorObliviousTransfer::next
I: MonitorObliviousTransfer::next
I: InitChooser::next
I: MonitorObliviousTransfer::next
I: RecvConstant::next
D: received message: ad0f883714f6645d84f761607b65aa00302cf5496e08c8f1e5e035c5a732aef62f82e344aedc3dc0feb9f2aa24e44f2e2416467b77c0af8da422d0edbcdaf7eb54fa0481aa750d05be0dce5ca5cae14462cc163d56949429b22dec897fa6295bbb726d68ffbd752e09b8fb90cf41046fefa0fa41371aebf00198590800854f8b822cc9663b836c5302a7635bfd2cb34c87eb9e95d2300e11d7d5b669ce953a7427df9314485ecae9798f9480bfa9445f203c376c3be2d70e9f759912afe35acf
I: MonitorObliviousTransfer::next
I: GeneratePublicKey::next
D:  sending message (size 0.000384 MB)
I: MonitorObliviousTransfer::next
I: SendPublicKey::next
I: MonitorObliviousTransfer::next
I: RecvEncryptedMessages::next
I: MonitorObliviousTransfer::next
I: DecryptChosenMessage::next
I: MonitorObliviousTransfer::next
I: ChooserDone::next
I: MonitorObliviousTransfer::next
I: MonitorObliviousTransfer::next
I: InitChooser::next
I: MonitorObliviousTransfer::next
I: RecvConstant::next
D: received message: b62ad64d2aee263fb5f889bdd4b342de377ce24a3175cf6af6491760f723916be762293855e43b11c3a1da1ae0a19e6a91e6a63ac5e32299a782d83aee227dd8efe6cdb5ad4a7d288eb4967353fff19d8e5a9aa4a5e9ea912f0d7b8df738f0707aadc8beab25951bb504b1ce5050290de1059065aa94f4422dd79cf97b26d1718b2d12fb1ad939595a2162fd4e52f7a7a83dd099b22590ac1e430e9e8a57d2fe4586448bcffc57f49acc268eb50dfa67d1a802b014a277357692937e116daae6
I: MonitorObliviousTransfer::next
I: GeneratePublicKey::next
D:  sending message (size 0.000384 MB)
I: MonitorObliviousTransfer::next
I: SendPublicKey::next
I: MonitorObliviousTransfer::next
I: RecvEncryptedMessages::next
I: MonitorObliviousTransfer::next
I: DecryptChosenMessage::next
I: MonitorObliviousTransfer::next
I: ChooserDone::next
I: MonitorObliviousTransfer::next
I: MonitorObliviousTransfer::next
I: InitChooser::next
I: MonitorObliviousTransfer::next
I: RecvConstant::next
D: received message: eccbaab4542ac9edb9693f1003d1b7f9688b8c3e98058067431ad50e7f5ba0a09fb52aa634185483bf2844af99cd4bdcc76471c1bafb47121a5d5e1e32fecf82105847debe79660f4533161cf7572bd68febdd2a5f20862cb39f050365da92d0be4410f2662fb80d06fae23711c5c914e159f073e18b03099074afcec62e77e71d92d1e8effd29608a168e2e67fe947633b307e830763031d537442cacf5931bf1a252c2f6d1af620efecceeb8b964e389e69830fbb6df48fed7e34330cd6556
I: MonitorObliviousTransfer::next
I: GeneratePublicKey::next
D:  sending message (size 0.000384 MB)
I: MonitorObliviousTransfer::next
I: SendPublicKey::next
I: MonitorObliviousTransfer::next
I: RecvEncryptedMessages::next
I: MonitorObliviousTransfer::next
I: DecryptChosenMessage::next
I: MonitorObliviousTransfer::next
I: ChooserDone::next
I: MonitorObliviousTransfer::next
I: MonitorObliviousTransfer::next
I: InitChooser::next
I: MonitorObliviousTransfer::next
I: RecvConstant::next
D: received message: adfd04b0278763644f8963a3aebc31ee07c17e653520aecb16199256f835174acb61c05c507891315fe90f038bc5f85569fe87c1112c45a6b7019e50def7f96db01ad1faa5191d29767d81fab5819ba717dd3a09f58b4cbdcd79d8d223e13609ffda490897d20dc496c2ea71ea011e1ac6960f2804e1c7d38ad509b2a79f1026a7c450d1e0a40dd8e39039f2454d4931c497a4c7dd2463d0ccb5c06b92a7a392dfeda853ef587256ced1703a4a322664eebbd9bbc17ad7e8b7c46811d15cb272
I: MonitorObliviousTransfer::next
I: GeneratePublicKey::next
D:  sending message (size 0.000384 MB)
I: MonitorObliviousTransfer::next
I: SendPublicKey::next
I: MonitorObliviousTransfer::next
I: RecvEncryptedMessages::next
I: MonitorObliviousTransfer::next
I: DecryptChosenMessage::next
I: MonitorObliviousTransfer::next
I: ChooserDone::next
I: MonitorObliviousTransfer::next
I: MonitorObliviousTransfer::next
I: InitChooser::next
I: MonitorObliviousTransfer::next
I: RecvConstant::next
D: received message: 488fe2708c74c76df562d830188ee9cd5cf11edd0df2a0a959d95bbf4f9e43fc7d12d892724ff317b48e65a46ddc70ac7dfe68891d5a78e50bf1e8389c642777de9916dd6f9d666f727c5e3c983a322633088371b7868a5cfe64fe760594abbe68b037426479b0aa306e2d00a0e95042c657f098630328bfdcd55c200ea2ff6ea75a5a96353710e4ee7992e452199e3e08e1954b3b7e0512413758f600f012b3737d5cfe18657ff1f8eddcdf3350f20666d2ccea164cf6f15d4017af48cabd15
I: MonitorObliviousTransfer::next
I: GeneratePublicKey::next
D:  sending message (size 0.000384 MB)
I: MonitorObliviousTransfer::next
I: SendPublicKey::next
I: MonitorObliviousTransfer::next
I: RecvEncryptedMessages::next
I: MonitorObliviousTransfer::next
I: DecryptChosenMessage::next
I: MonitorObliviousTransfer::next
I: ChooserDone::next
I: MonitorObliviousTransfer::next
I: MonitorObliviousTransfer::next
I: InitChooser::next
I: MonitorObliviousTransfer::next
I: RecvConstant::next
D: received message: a612da2314897d19d89428b836c57fb301b9780ea758ec1cf4445145c181a223cb0b07b715ddb52f799c154762ddab007e222eaaa9b728dd77b11d20201a8835441b8eb0cb4751d23c688864faf0b2578cd57e9d8c62ca0b941006225be18c5915853c45f1a3684ac321303a304e7fdab90c9deac3fd24e8968e3dcbf266467e1e50545f9886c0591c587c7cb479e5460a1a40fef9df2a33123355222a92b33a6c486ab6e8d73e87562cc7038560bee33ee50e741828b530dc1c97a0f5844e91
I: MonitorObliviousTransfer::next
I: GeneratePublicKey::next
D:  sending message (size 0.000383 MB)
I: MonitorObliviousTransfer::next
I: SendPublicKey::next
I: MonitorObliviousTransfer::next
I: RecvEncryptedMessages::next
I: MonitorObliviousTransfer::next
I: DecryptChosenMessage::next
I: MonitorObliviousTransfer::next
I: ChooserDone::next
I: MonitorObliviousTransfer::next
I: MonitorObliviousTransfer::next
I: InitChooser::next
I: MonitorObliviousTransfer::next
I: RecvConstant::next
D: received message: f7e71052fef17ca3676e77f44b7e956181d8404fd13d6839b2d33fc3fc027d7d09f50d4f889c39a5963cd72fdc0bebdfa4c5ddaff41a3cdd6c54d875f8f0f1f054883c4892e2138bb35ea95a0d2932be3494243f4941b15d9582e87c0be8667049b4fd28c7977469c0419ac315ea36b80f9dc2d786ce9c09f1e237b7a2c690f1c9c9c058ed2ea1343614ebc1f1b90d7534ae6a1cdf450ddb844726adc0a6510c07cf8790201125c946623959f15d442cdb6179afc5ca9bfa4d3ca9c95b4da2fa
I: MonitorObliviousTransfer::next
I: GeneratePublicKey::next
D:  sending message (size 0.000384 MB)
I: MonitorObliviousTransfer::next
I: SendPublicKey::next
I: MonitorObliviousTransfer::next
I: RecvEncryptedMessages::next
I: MonitorObliviousTransfer::next
I: DecryptChosenMessage::next
I: MonitorObliviousTransfer::next
I: ChooserDone::next
I: MonitorObliviousTransfer::next
I: MonitorObliviousTransfer::next
I: InitChooser::next
I: MonitorObliviousTransfer::next
I: RecvConstant::next
D: received message: 18dfcdd8c32e03e66a978f1cf6cd6ec5b55ad6e40d8c4bde7e5ef6f49ad1047c193fbb4f66ce4bf8532c70e3cfc5e7b1d9e548c5870641fa53e04cb2ecdaebf37b08a9ff6b12a8e59342c93074ec3550a06db2541ce8f5c193df827935af4a2ae7f2c4b6c72b0f9b10cecb2bac93c2db028ca7ea5f4c55cd916de51b8e88133a634b67c4be72f1ef587998c9169c5714ed07181e2d662cfd4446ed9df744ab3330d2b12eb8d00cb35c2ca4b28d0fae1876da17ccdbf6aca1a29fbbc08937afac
I: MonitorObliviousTransfer::next
I: GeneratePublicKey::next
D:  sending message (size 0.000384 MB)
I: MonitorObliviousTransfer::next
I: SendPublicKey::next
I: MonitorObliviousTransfer::next
I: RecvEncryptedMessages::next
I: MonitorObliviousTransfer::next
I: DecryptChosenMessage::next
I: MonitorObliviousTransfer::next
I: ChooserDone::next
I: MonitorObliviousTransfer::next
I: MonitorObliviousTransfer::next
I: InitChooser::next
I: MonitorObliviousTransfer::next
I: RecvConstant::next
D: received message: b9544deec32c45776ed2ea5031a7043ac059900ce295c2eb7f62219ec1cea988004da153ad30e90e002dc8cf9fd215a6b38978b244f6ef32fb10474580957458e10c1d9800cdd52991f51e3f8878e7d119943ad025c791ca6f370794227606bad9521053d0798f3beb7acf56cdd22acedead4e3f5d54712697811e3ec8c4544c7ace464a956649847151cda0ab25c397ef1669e82aadb9384df30f82e8d7585e0ef624a6f36a59923e2c0869a681833788cb5dcbcac785eecad3c4dc553e38c1
I: MonitorObliviousTransfer::next
I: GeneratePublicKey::next
D:  sending message (size 0.000384 MB)
I: MonitorObliviousTransfer::next
I: SendPublicKey::next
I: MonitorObliviousTransfer::next
I: RecvEncryptedMessages::next
I: MonitorObliviousTransfer::next
I: DecryptChosenMessage::next
I: MonitorObliviousTransfer::next
I: ChooserDone::next
I: MonitorObliviousTransfer::next
I: MonitorObliviousTransfer::next
I: InitChooser::next
I: MonitorObliviousTransfer::next
I: RecvConstant::next
D: received message: 709bc1013b2fa9dd7bd3edfefe380600096306f4f7f9dfce8ee818125249bff9e5de7d35c574c99f771cf4d7ded7c9af1068db6bcce705a925578ce53a2f46e065259e1da6e9b508673b1806aa65f5ac9f86365b5588ae0464a60030245355d43038efd2b565af2b7b4dc4650cf6c0cc857f2c6eb9c52098a691c864ab0f5b0792484e012d14f4b977ef6907d4729d062e73679e2058144ed0fe32ea0f50a4ff619c6248b8d445be8c891c94d73f64916e15fca2abb612023cda14ea221049b8
I: MonitorObliviousTransfer::next
I: GeneratePublicKey::next
D:  sending message (size 0.000384 MB)
I: MonitorObliviousTransfer::next
I: SendPublicKey::next
I: MonitorObliviousTransfer::next
I: RecvEncryptedMessages::next
I: MonitorObliviousTransfer::next
I: DecryptChosenMessage::next
I: MonitorObliviousTransfer::next
I: ChooserDone::next
I: MonitorObliviousTransfer::next
I: MonitorObliviousTransfer::next
I: InitChooser::next
I: MonitorObliviousTransfer::next
I: RecvConstant::next
D: received message: d4efe5de36a611d58ed5279248c088bfb04a2d6e4022ba9a2735f7be2e49e5483070347282333720265c14fb86b868b254259e586657d909c85921dcc5cb479bf53771c6847bc5b3e1b67a1ae05d1b544730428e063edc1c13508266fc9ce423f99b6bc722fe0890ab4ba27e4f6e1fe12b25b7829c76dffd013f758bbe1ab38a2a844124c827d0fa6143f62c6131b5c1c493646ef12778a72eda73c004b405fc5348dd7aace6ab0e3d7b732af7ecc11665f1443bf68cfe56cc45c49ba00d83ba
I: MonitorObliviousTransfer::next
I: GeneratePublicKey::next
D:  sending message (size 0.000382 MB)
I: MonitorObliviousTransfer::next
I: SendPublicKey::next
I: MonitorObliviousTransfer::next
I: RecvEncryptedMessages::next
I: MonitorObliviousTransfer::next
I: DecryptChosenMessage::next
I: MonitorObliviousTransfer::next
I: ChooserDone::next
I: MonitorObliviousTransfer::next
I: MonitorObliviousTransfer::next
I: InitChooser::next
I: MonitorObliviousTransfer::next
I: RecvConstant::next
D: received message: faa1dce5f790a9ee967fc24223f47dedc96c79ef89d51551b213bb0bb6299a6484968060458718a527f68a56b5ba40ebb61a23d7ac58626f4115c9e0f3140b5876a0a5bcd83068518b89630c92d926040cc6da2c67da10a71761ebce842223dfe943f29ad7a21c03cb4d124916c98a91341fa7c2adf53c5824904bc736aba7b047050dd2a08ea14657fc681c1e26a88be2718b2823210b7152f4c740e3c2f3b3ce7ea9f0043588fa318d9d14b16714a58ad3212fab760b4a60ed7f3504a66d94
I: MonitorObliviousTransfer::next
I: GeneratePublicKey::next
D:  sending message (size 0.000384 MB)
I: MonitorObliviousTransfer::next
I: SendPublicKey::next
I: MonitorObliviousTransfer::next
I: RecvEncryptedMessages::next
I: MonitorObliviousTransfer::next
I: DecryptChosenMessage::next
I: MonitorObliviousTransfer::next
I: ChooserDone::next
I: MonitorObliviousTransfer::next
I: MonitorObliviousTransfer::next
I: InitChooser::next
I: MonitorObliviousTransfer::next
I: RecvConstant::next
D: received message: 435b91d24a9e5c449d2efc7078806cb8ca9827319af7bfe7953a91b22269eeade47ff94c905189dea8093f42e08f608a2b78153773ef745c34f00cb3fec4c6da3001c7f795f1931291f1d93653590f3204290cf8d629d93e2bf34d34fe79219bf0e8eefb40fcd0291a9d1edb7d9199a29d9b4d4db4670f0fc1bbd679b5d3283dc530c72f6245f3b6ca9cbd6aa905193693810b90d7c8e3b614461ee67b743ba3eb7812a1d6e55ba01dbb9df002a191a68b820808262c3915be3311b9025f41b1
I: MonitorObliviousTransfer::next
I: GeneratePublicKey::next
D:  sending message (size 0.000384 MB)
I: MonitorObliviousTransfer::next
I: SendPublicKey::next
I: MonitorObliviousTransfer::next
I: RecvEncryptedMessages::next
I: MonitorObliviousTransfer::next
I: DecryptChosenMessage::next
I: MonitorObliviousTransfer::next
I: ChooserDone::next
I: MonitorObliviousTransfer::next
I: MonitorObliviousTransfer::next
I: InitChooser::next
I: MonitorObliviousTransfer::next
I: RecvConstant::next
D: received message: 3da989485e172bf399d3d38c0e382c4f93ea432117fcd1d43d1ea6de95bd33e92c808be3bc7b32ca57c3a4bd20a37ab8a51df77a57ea619d1c1fa91e093376b24b4556f1090b55d9b4defbe4412b548de37c1acb680dbdd0c02134452c468aedd74234be9aebc50b319037db33a23800a2014dcbcfd5909056a8b878a3ae47b772ee5051ae63574570dcbd6a5a3bf509beb3ed93ad28338af9d27eeeeae867dbf22d97deed5cf1855a250889041b1fce1eaa313347cfba0b5ca3eccad944695d
I: MonitorObliviousTransfer::next
I: GeneratePublicKey::next
D:  sending message (size 0.000384 MB)
I: MonitorObliviousTransfer::next
I: SendPublicKey::next
I: MonitorObliviousTransfer::next
I: RecvEncryptedMessages::next
I: MonitorObliviousTransfer::next
I: DecryptChosenMessage::next
I: MonitorObliviousTransfer::next
I: ChooserDone::next
I: MonitorObliviousTransfer::next
I: MonitorObliviousTransfer::next
I: InitChooser::next
I: MonitorObliviousTransfer::next
I: RecvConstant::next
D: received message: 69ef3c9be4e33ed9ae3a6fa6438f84c261a8cea3a35dd1e9e4517df6e36ba0d8d64bdeaabf8e117b72693e5d2646b2b0e4a568a6987f65ec301e82c6b7475cfcf36ad3ef5a7e44233d19ff311ccac2c30477c69f4695205d6d89ce158c518009265e845ea39885eef0d3a7131f2db5cf4d886f289026ed15defbe1a0a25965c76a027c148acbe941106d600cd68f404abf3f1960458667916af287a5b7e8a70676b51fcc8b190a2871bc0c9db050021ee74d33b7d3bc078d70dc9bef7e431741
I: MonitorObliviousTransfer::next
I: GeneratePublicKey::next
D:  sending message (size 0.000384 MB)
I: MonitorObliviousTransfer::next
I: SendPublicKey::next
I: MonitorObliviousTransfer::next
I: RecvEncryptedMessages::next
I: MonitorObliviousTransfer::next
I: DecryptChosenMessage::next
I: MonitorObliviousTransfer::next
I: ChooserDone::next
I: MonitorObliviousTransfer::next
I: MonitorObliviousTransfer::next
I: InitChooser::next
I: MonitorObliviousTransfer::next
I: RecvConstant::next
D: received message: 4c0604e28fd4df0a68c73c58a23bda1d59723d8a1585432c6ab774af8bdcb1b8fb6678704b4dd794ca8c31e89c8d19e976be3983b19606882d27df7d7f997465478688d1a13ffc463fbe4eb282276398f536c7e36a6992c4c9e96a6aa3c4e9a9499b5f35ecda11a40dafbbee503743d2266af034244424ca9e341cff0b22ecb2831bd5e676eef9bd9537be2eba26bb8e660c559ee82569c3a2cc28f6097a51f4a61d225a624fea43da77fcd217e495861c958ef5446a9d6422620ea63284a958
I: MonitorObliviousTransfer::next
I: GeneratePublicKey::next
D:  sending message (size 0.000384 MB)
I: MonitorObliviousTransfer::next
I: SendPublicKey::next
I: MonitorObliviousTransfer::next
I: RecvEncryptedMessages::next
I: MonitorObliviousTransfer::next
I: DecryptChosenMessage::next
I: MonitorObliviousTransfer::next
I: ChooserDone::next
I: MonitorObliviousTransfer::next
I: MonitorObliviousTransfer::next
I: InitChooser::next
I: MonitorObliviousTransfer::next
I: RecvConstant::next
D: received message: 2d393a7577dfcb60317508e456db21ec50f523d3b0dc214676058c2f1ba00208e8496915c121f33e1ccbe72d6150d94d7ff2de9652adf0c4c60f794f815b26dd84a6c719c6609ca1e460002dd556a45f867c02c3faf3a865a8bb3b780d33d6b176d0b979fb11923eca607f7ab4e6d12d218d28d9bbd1cb3bbde2bc032c4c480a9f258627426b825aef095c07a0fd58fa4b784968df7f9170eb814407b8f22d2e943bb65438b38895e46bb297d74a86bd3b077b75b70cf202a3bab9d5d2ca8477
I: MonitorObliviousTransfer::next
I: GeneratePublicKey::next
D:  sending message (size 0.000384 MB)
I: MonitorObliviousTransfer::next
I: SendPublicKey::next
I: MonitorObliviousTransfer::next
I: RecvEncryptedMessages::next
I: MonitorObliviousTransfer::next
I: DecryptChosenMessage::next
I: MonitorObliviousTransfer::next
I: ChooserDone::next
I: MonitorObliviousTransfer::next
I: MonitorObliviousTransfer::next
I: InitChooser::next
I: MonitorObliviousTransfer::next
I: RecvConstant::next
D: received message: ac89021e37a883a983aff0d3859812bc308ba8d196ffb0a15c41f4305de1e1129b8fb3302e9836450e3d61d1ded266ac928e25096f765bc3c6b9f38ba490f9834d5e44a3fd19e956003a299f880300db50dfc2bf274510dffda479b3880aec38b7546c2ada6019ab45d31e0c43dae0e2be01b3e0615feb617d2acb9aab1c3716d96f74c32fe80792ba00b0374fe7225cd5f9d293016af38d87312fdd0c65baf7444d9dfa5ceaa1faafba4884482f350ca300df71880007e565310fe0699e4fb
I: MonitorObliviousTransfer::next
I: GeneratePublicKey::next
D:  sending message (size 0.000384 MB)
I: MonitorObliviousTransfer::next
I: SendPublicKey::next
I: MonitorObliviousTransfer::next
I: RecvEncryptedMessages::next
I: MonitorObliviousTransfer::next
I: DecryptChosenMessage::next
I: MonitorObliviousTransfer::next
I: ChooserDone::next
I: MonitorObliviousTransfer::next
I: MonitorObliviousTransfer::next
I: InitChooser::next
I: MonitorObliviousTransfer::next
I: RecvConstant::next
D: received message: ca69e01cf4b1a722b5387641a2cd4bc93d3af0f228dfde565f2bf2b548cdb53e6f2f5118139368c7faf8118a9ede42db96a3b8b3bc675809f04f1858112e79c00b10c6f6886f9aa17f7aca0d1858027714e7cecaf916d756cb2ab435694a085890919bb74f277c670996b995c4fdc8286546c4377e55260b3110705a71717f0bf9cea6206c1056515e2bec24e639777d56a7f546ec348a631ee973aac53281df6504a11ffb32db0aa8d1a81f821c7cd14223b18ec8fea155c185aabd19d298c4
I: MonitorObliviousTransfer::next
I: GeneratePublicKey::next
D:  sending message (size 0.000384 MB)
I: MonitorObliviousTransfer::next
I: SendPublicKey::next
I: MonitorObliviousTransfer::next
I: RecvEncryptedMessages::next
I: MonitorObliviousTransfer::next
I: DecryptChosenMessage::next
I: MonitorObliviousTransfer::next
I: ChooserDone::next
I: MonitorObliviousTransfer::next
I: MonitorObliviousTransfer::next
I: InitChooser::next
I: MonitorObliviousTransfer::next
I: RecvConstant::next
D: received message: ab6283543632482ad5763b0307496134f79f112f5792cb770915d7ec60bcbec760a194d7d7cfcc85cf18c1db9967f17af51802afbc4752a72878e2077f8af93cc924707e1bee635cffeb71a7e6c9db1efcaad6d0a4b5b9185121aacdf3fe65638d13554898b9716e84de9931c8e1c4c81f33ef6ca9bb5e7e7f0bf5f4735f984b1b5eaf818ece2266ec88cc060d204a807bbf8a4ac57b161a646d2cfb18083d4b71a20ed770d879854aecbb758790543f1b883b5bb4616f8dd8c2677350eef49d
I: MonitorObliviousTransfer::next
I: GeneratePublicKey::next
D:  sending message (size 0.000384 MB)
I: MonitorObliviousTransfer::next
I: SendPublicKey::next
I: MonitorObliviousTransfer::next
I: RecvEncryptedMessages::next
I: MonitorObliviousTransfer::next
I: DecryptChosenMessage::next
I: MonitorObliviousTransfer::next
I: ChooserDone::next
I: MonitorObliviousTransfer::next
I: MonitorObliviousTransfer::next
I: InitChooser::next
I: MonitorObliviousTransfer::next
I: RecvConstant::next
D: received message: 7bbfca13656c550ce88496413858687961bb8e1f8fc304ae97b4d288f9ba9bbb864bd42558127a2a351c039f5570c42d9c9bec240059772facd393f26f5512b9131f493f6e4cfa4575725eaf142bed296a5e067d4e034dd60b403717c1c4e3480d62f21ea80407a1d7dad5eaab368296ad07cf170e0a3809608a4fd283eb2df4e1c81dc826d1e730a3ac16c13725d0109e2db9d3e428982ce05a185c4d68d0fbfa0e45502aa49c0db50c521180b3eb70a36a200bb5707ad6e00182310fe83440
I: MonitorObliviousTransfer::next
I: GeneratePublicKey::next
D:  sending message (size 0.000384 MB)
I: MonitorObliviousTransfer::next
I: SendPublicKey::next
I: MonitorObliviousTransfer::next
I: RecvEncryptedMessages::next
I: MonitorObliviousTransfer::next
I: DecryptChosenMessage::next
I: MonitorObliviousTransfer::next
I: ChooserDone::next
I: MonitorObliviousTransfer::next
I: MonitorObliviousTransfer::next
I: InitChooser::next
I: MonitorObliviousTransfer::next
I: RecvConstant::next
D: received message: 3c9f5ee78287210ba12dac04e7daf9b412159f5e2a2f4e273af47b8324c1bf6c46c1bebe1145912a4300cec6e6dea58d104f0e847c59cfcd8ad911fa6cbeba1685da70b5dd4bd2bb748b681c5d60e00ecea2887aa2268a5afc304152e004f28397c143f94c9a3df5c2c48d68e5a6d0add1803b538a1040db0c252d7e9cae3fa3f6b57c1224252f7521b3f3db2ce8c1d1932aeb7a485787323f1c01d019e025fb483dca5246fb150f747a5e31b1623ec5286640c47ac63714d176d568f7889d55
I: MonitorObliviousTransfer::next
I: GeneratePublicKey::next
D:  sending message (size 0.000384 MB)
I: MonitorObliviousTransfer::next
I: SendPublicKey::next
I: MonitorObliviousTransfer::next
I: RecvEncryptedMessages::next
I: MonitorObliviousTransfer::next
I: DecryptChosenMessage::next
I: MonitorObliviousTransfer::next
I: ChooserDone::next
I: MonitorObliviousTransfer::next
I: MonitorObliviousTransfer::next
I: InitChooser::next
I: MonitorObliviousTransfer::next
I: RecvConstant::next
D: received message: 65ad05fc17edc71cf10adc2e74e07c009fc4a6d3b4a991e98c8f7d10b6a2ec320ea7d0f26861897810ef2f873396972836410d57420021659c76ce9105214e9078fc4e7e9e1b5b3f8f81b4b2a35bb05fac1de1d3ad59f42315603a4f47ade8d6713c7094f5a6910cf1c11cf6af1319f0b5902c8978f585875e539e716deda88ba3c857e7b38019134f24613eceab49286ae9ad9d5eb807c923838ebeb5d9791e90804b7ef51688577be330e06088a6bc6cb6fb3264df2e3d85d9a01400eb42f
I: MonitorObliviousTransfer::next
I: GeneratePublicKey::next
D:  sending message (size 0.000384 MB)
I: MonitorObliviousTransfer::next
I: SendPublicKey::next
I: MonitorObliviousTransfer::next
I: RecvEncryptedMessages::next
I: MonitorObliviousTransfer::next
I: DecryptChosenMessage::next
I: MonitorObliviousTransfer::next
I: ChooserDone::next
I: MonitorObliviousTransfer::next
I: MonitorObliviousTransfer::next
I: InitChooser::next
I: MonitorObliviousTransfer::next
I: RecvConstant::next
D: received message: ccd1960cff1adb7a8b125cd1572041209d0e58ae07c1ce90926600a16dbe11e64353290eee74c7afbd7d5b19be7bd4ae66f541e7fabfa6049c1aa5b64639ffba80c6f5d557cc4ea24a3dad5077eac1d07d0c5130327db2e50f6675b783394e04692fd86d3d30227e8c748a6afeea2a1d1e40a6171cefe4e456b6053aedc3252a9af3737f99d0d624bcfd64c8584e3b64fa740af641d4cd849629aa462b6fd096037deb1fd74457d14364f0a8306977d54d55fe643814acf5de3fa38ad0b3b09d
I: MonitorObliviousTransfer::next
I: GeneratePublicKey::next
D:  sending message (size 0.000384 MB)
I: MonitorObliviousTransfer::next
I: SendPublicKey::next
I: MonitorObliviousTransfer::next
I: RecvEncryptedMessages::next
I: MonitorObliviousTransfer::next
I: DecryptChosenMessage::next
I: MonitorObliviousTransfer::next
I: ChooserDone::next
I: MonitorObliviousTransfer::next
I: MonitorObliviousTransfer::next
I: InitChooser::next
I: MonitorObliviousTransfer::next
I: RecvConstant::next
D: received message: 8d9dccb9d5ad6e190d9c15dd188f2fa51c3876d0bd0e08ab2bf7638d6f53e920b4f27b9965f48a47588d10635105a219dd8baa18349b3352dc9814ae37b011799a93a2966375c890ae1c1a6173dd32d233484f0a2f660d30b9778672ba2e96c6d23c1106ff70a97940550b7a03a6246d663d84e97b97196e32b36ca104bf16b2602d9d2d64d0d550666b086b8a7ba05c5b6c489467e26579f983044bed8b1716966e81a062aec2673423ef79bba0f95e56cddaa552b2ffd7a36ae69746e244a3
I: MonitorObliviousTransfer::next
I: GeneratePublicKey::next
D:  sending message (size 0.000384 MB)
I: MonitorObliviousTransfer::next
I: SendPublicKey::next
I: MonitorObliviousTransfer::next
I: RecvEncryptedMessages::next
I: MonitorObliviousTransfer::next
I: DecryptChosenMessage::next
I: MonitorObliviousTransfer::next
I: ChooserDone::next
I: MonitorObliviousTransfer::next
I: MonitorObliviousTransfer::next
I: InitChooser::next
I: MonitorObliviousTransfer::next
I: RecvConstant::next
D: received message: f4383a525ffc4ff609fde6d47c76f718f3b8a8b9e716084171cefeb57ac5e8c12507ca32afd809098b6f2905f235c813ed329092f2f84d68bd353dc19bea529b1e42b73874718491216c49bd3424ee452321bf788c8af6674587d3e3423b3a85cfa825cc84df3c2bbd0d2bffaf95267f3dfd0b9d3a16a2d671d8dfc4410623bc02858347e2ef91a096519750264df0c1a4ff5f5d4e8780c57fef4975faff4d6faa3eb231213532e267622ca3e651763583bc0946550669611bf6ed41ab9527dd
I: MonitorObliviousTransfer::next
I: GeneratePublicKey::next
D:  sending message (size 0.000384 MB)
I: MonitorObliviousTransfer::next
I: SendPublicKey::next
I: MonitorObliviousTransfer::next
I: RecvEncryptedMessages::next
I: MonitorObliviousTransfer::next
I: DecryptChosenMessage::next
I: MonitorObliviousTransfer::next
I: ChooserDone::next
I: MonitorObliviousTransfer::next
I: MonitorObliviousTransfer::next
I: InitChooser::next
I: MonitorObliviousTransfer::next
I: RecvConstant::next
D: received message: 174baaec68d87c1c06f48271f4e3beeb6fe9935feb7a9df7133ddab90753b2233ded082cd8a6935dbc151dcf3659100b23193971da9e1352e4a9acf757f513b10f2d43ebc6619b7ec6fdc7d5a49219c045f41228ac792e50b47ed511cbeafea4d8b9be24de2c6c37eadaa3e9627ab8dc7be8d8c3174643eccd2bba2f6a6251cfa30f00a9409c03a8daf601ccac39e415a1d9a314262d5aa42813895295d5b2bc78cd7c614527325660d1bc9a22fe32a367c97699de75299ce658800ba4f131b4
I: MonitorObliviousTransfer::next
I: GeneratePublicKey::next
D:  sending message (size 0.000384 MB)
I: MonitorObliviousTransfer::next
I: SendPublicKey::next
I: MonitorObliviousTransfer::next
I: RecvEncryptedMessages::next
I: MonitorObliviousTransfer::next
I: DecryptChosenMessage::next
I: MonitorObliviousTransfer::next
I: ChooserDone::next
I: MonitorObliviousTransfer::next
I: MonitorObliviousTransfer::next
I: InitChooser::next
I: MonitorObliviousTransfer::next
I: RecvConstant::next
D: received message: 63d0975c02280c33c22c0b4445cd69d2c4da98c08c7b810e73cc84e0cb56ff7f5ee10e8e2b8a1004b6464581c3a84efd3d6ad684e193abff8b93723ff8d28398967fe40b7d1c8244b1c69de4e6d125603a046bd9686d46375ea649ee130e0fad278792eb8b3fb2ea7ae040976a04061e5bf32202873c0ecbe4db15bd4bf363997855d296924adf9e4752d0ab83e155844e041e68209e1019e72491e704d2547a10b1ded314cb0bf3ce838b4fb06c039d7faa432988a10ef39bb9cfc4d69ba75b
I: MonitorObliviousTransfer::next
I: GeneratePublicKey::next
D:  sending message (size 0.000384 MB)
I: MonitorObliviousTransfer::next
I: SendPublicKey::next
I: MonitorObliviousTransfer::next
I: RecvEncryptedMessages::next
I: MonitorObliviousTransfer::next
I: DecryptChosenMessage::next
I: MonitorObliviousTransfer::next
I: ChooserDone::next
I: MonitorObliviousTransfer::next
I: MonitorObliviousTransfer::next
I: InitChooser::next
I: MonitorObliviousTransfer::next
I: RecvConstant::next
D: received message: 5f62fcae427ff8da67452e66cd322f8cc7e651c2799383a1b2edf4d713e5e0e975da26ee082fd8f8de4006c615aa532b470b9fd28fff2cccaac72b64ce04fbf9148d2727f059dda692f1245f02eba57da95cbcedf96a0bdf568d5fc2901f20a3e8f9f082e129772c4d9eca5f309ba25b5b55be776466a487f94eee318da064c5fe0498e1b6e8ca11f54de4532412243ba28cc2d97132e919b418cb72b40bca57c754edff1abf4219830a1d36843cb6c8be083cce2d9f0866b5848a0adda45ba
I: MonitorObliviousTransfer::next
I: GeneratePublicKey::next
D:  sending message (size 0.000384 MB)
I: MonitorObliviousTransfer::next
I: SendPublicKey::next
I: MonitorObliviousTransfer::next
I: RecvEncryptedMessages::next
I: MonitorObliviousTransfer::next
I: DecryptChosenMessage::next
I: MonitorObliviousTransfer::next
I: ChooserDone::next
I: MonitorObliviousTransfer::next
I: MonitorObliviousTransfer::next
I: InitChooser::next
I: MonitorObliviousTransfer::next
I: RecvConstant::next
D: received message: 6a5ca5e91268e6da7a985a432cecddad389811cde5405db4805060e45a5ab236babc646d8fc8ea0efac2d0c12436e185d4c3968406a6fccd5067a67300982ea940d12792e95d0176513b2423b9b7c2e83bb311142bf46f540a116486c008c3b33ffd1574f2015503792ba4b3f020067adafe492bfe82d0446c8fb816f6d159001a127d56593d8e9092ff5ed0868beaf2c1e9e01750126c91158efa86364380c78aff6a1b15002e24dc575526bfa5e7a39484fe01e82c29f144faa57242eacf7f
I: MonitorObliviousTransfer::next
I: GeneratePublicKey::next
D:  sending message (size 0.000384 MB)
I: MonitorObliviousTransfer::next
I: SendPublicKey::next
I: MonitorObliviousTransfer::next
I: RecvEncryptedMessages::next
I: MonitorObliviousTransfer::next
I: DecryptChosenMessage::next
I: MonitorObliviousTransfer::next
I: ChooserDone::next
I: MonitorObliviousTransfer::next
I: MonitorObliviousTransfer::next
I: InitChooser::next
I: MonitorObliviousTransfer::next
I: RecvConstant::next
D: received message: a9d29ab17811f6267d4c44fdd464efaf76ff0723c7d74161286c054397e473587f500ce09fb57bca65561834d2f6b7a365199d52c4d74243f641ea8329ca53c8b92a02e0a73c1095236a4430fd76b30a417b249b556b0e0b54b29e0790448852164a70aa4f582afeb17dee54d835976af2d2adf4bc7ab7a734e830c4708aff5c54756cbf1b9b8cba8b2cb8d43d11de1e6d0f0a1fd255a825ac8054cd3753b92bcfd35972b1e6b56cb4d52e9a3782f8f53002fc122d3778514d0c2cceae25d034
I: MonitorObliviousTransfer::next
I: GeneratePublicKey::next
D:  sending message (size 0.000384 MB)
I: MonitorObliviousTransfer::next
I: SendPublicKey::next
I: MonitorObliviousTransfer::next
I: RecvEncryptedMessages::next
I: MonitorObliviousTransfer::next
I: DecryptChosenMessage::next
I: MonitorObliviousTransfer::next
I: ChooserDone::next
I: MonitorObliviousTransfer::next
I: MonitorObliviousTransfer::next
I: InitChooser::next
I: MonitorObliviousTransfer::next
I: RecvConstant::next
D: received message: 126ebff4aeb6e80cd5fe909c6f22424a944cb6a5b990120c55cd316a0bfdf4505eae8fa017fb5ceaf9b8e83be907aa8e21b07a0a2d1422db9ea35566faa2ef69ec6d81f79a8471c652a363f767c88207bff975af12e228afc3f615314a2f579b8bb2ebf89ad424a61e2b468f63946ed017397c51e9dcec308fa33e6ba1f18b6b02f53aad3ce2940da3e101390b77883c6ef011414d0b97635ac173d3efbad78bff3368b868f74b29fbcfc48e8f08d38de8c723489ddaa1120a6e5f8c46c66a01
I: MonitorObliviousTransfer::next
I: GeneratePublicKey::next
D:  sending message (size 0.000384 MB)
I: MonitorObliviousTransfer::next
I: SendPublicKey::next
I: MonitorObliviousTransfer::next
I: RecvEncryptedMessages::next
I: MonitorObliviousTransfer::next
I: DecryptChosenMessage::next
I: MonitorObliviousTransfer::next
I: ChooserDone::next
I: MonitorObliviousTransfer::next
I: MonitorObliviousTransfer::next
I: InitChooser::next
I: MonitorObliviousTransfer::next
I: RecvConstant::next
D: received message: b6677fccceac41b143ada3862f321f180617fad5732d44b81b173a759f0cb115a18e1cc9849d3498fc4bed1488c9b19290e89fa5882649c5b34af494611a96680c9a48a085246f71b789daa7aa7618099ba4267965aa96946252975d554112e3b5ba52ff89cc583af9424d6b5419bc71026e7985757a35eee948b1b2e05a69c23296ee547e25120c73109bbc28272813cc48dd5c839f25581e757264e607efef2f460fa4cd1f03ac9b5668255ed04f24e00ff5dabf3ca16a335832c4dd1658dc
I: MonitorObliviousTransfer::next
I: GeneratePublicKey::next
D:  sending message (size 0.000384 MB)
I: MonitorObliviousTransfer::next
I: SendPublicKey::next
I: MonitorObliviousTransfer::next
I: RecvEncryptedMessages::next
I: MonitorObliviousTransfer::next
I: DecryptChosenMessage::next
I: MonitorObliviousTransfer::next
I: ChooserDone::next
I: MonitorObliviousTransfer::next
I: MonitorObliviousTransfer::next
I: InitChooser::next
I: MonitorObliviousTransfer::next
I: RecvConstant::next
D: received message: f7ced3c610a5499672cd56cf5e5a094b7ac030597352b82bbb6ca3b932fe9d286cfcfdb1352b810a56cc9aaf4d32801b553b7dc93fb17916f6e081ab9bd8589df387932d54bf78eed82ca4e98fe2c222f987fd947c140fbc42677b89765059dbb0f5ed5a515287ceef560b9e0a314017508ddc0524321be1f30cb71b2115feabe292e031b0c9f3501811e4b1067bdf77281c499ddd8bfce65a4fdfa8b843dcc69794e010f6b4230421bc92dc0297f4b4013faa31e14f94087b48fbf1a8e06092
I: MonitorObliviousTransfer::next
I: GeneratePublicKey::next
D:  sending message (size 0.000384 MB)
I: MonitorObliviousTransfer::next
I: SendPublicKey::next
I: MonitorObliviousTransfer::next
I: RecvEncryptedMessages::next
I: MonitorObliviousTransfer::next
I: DecryptChosenMessage::next
I: MonitorObliviousTransfer::next
I: ChooserDone::next
I: MonitorObliviousTransfer::next
I: MonitorObliviousTransfer::next
I: InitChooser::next
I: MonitorObliviousTransfer::next
I: RecvConstant::next
D: received message: f2a54cb740e662447388c6bf82b9fbb093933d47eb368463f86f133233915104a8ec1c034618dbdcbd51d56874716ec16a34223fff029486cbd3f50d5bdf18a1356a86d2ceb15880e0d7986d990190736baba735c3fb67814a6bb629755baaee3987053ffc2b0c70af2298d574e2be736180e53cd37069f59a7a0c08b70ff574ad09ca141210174cfe2ef84ce72bf2e9d0ccb1fb21656e99b83599dafecc7b7eaa3b30d921ee0d73f78577286626543f463a7bbe524ef98d6d9e5faa4be87ec5
I: MonitorObliviousTransfer::next
I: GeneratePublicKey::next
D:  sending message (size 0.000384 MB)
I: MonitorObliviousTransfer::next
I: SendPublicKey::next
I: MonitorObliviousTransfer::next
I: RecvEncryptedMessages::next
I: MonitorObliviousTransfer::next
I: DecryptChosenMessage::next
I: MonitorObliviousTransfer::next
I: ChooserDone::next
I: MonitorObliviousTransfer::next
I: MonitorObliviousTransfer::next
I: InitChooser::next
I: MonitorObliviousTransfer::next
I: RecvConstant::next
D: received message: e27ec82c25a5caf31b8bff5966d354fb6b013b879483e73bd04f071ed2acd7fa5f6ccd510d0b0bae42708d14037877dfa4c0c12e3ee866e5fba2164597b7bfa4823825187f390103e499434e689c144aa154c287c022add055cb7a619528ee1f151bda03e1c8a5afd6556f3a279365dacb7d7808144d3fa2fd6c2c7ebd80e2bcbbf037225c114e4accd4afc93912afeb3b43c3e39ff5823aa093055c840a6a0d238b36f323a612f88bf93f0b8d36140c4875d3cf8e15d8ab622b0058962eadcf
I: MonitorObliviousTransfer::next
I: GeneratePublicKey::next
D:  sending message (size 0.000384 MB)
I: MonitorObliviousTransfer::next
I: SendPublicKey::next
I: MonitorObliviousTransfer::next
I: RecvEncryptedMessages::next
I: MonitorObliviousTransfer::next
I: DecryptChosenMessage::next
I: MonitorObliviousTransfer::next
I: ChooserDone::next
I: MonitorObliviousTransfer::next
I: MonitorObliviousTransfer::next
I: InitChooser::next
I: MonitorObliviousTransfer::next
I: RecvConstant::next
D: received message: 8ea63241457bb7d0bda35dcab0267334ec79a833b062d183df3af7a151960de3bb02fd1d69c9bb45ce5187cff224617b249bd646aa2c1bba4022eb6cef7cfd242f4e7aac48542ec24c8544e7f038d0355115c709fcf867c878d0b1fbfe9746c4dc900871ee40e28515b53c869f020972fed59fcb0f2f2caf19813ae3b7c4a1542c3e863e701dcefdd9c871a5ed2f4bf4966d59d259f9ce3fe6606dd486af0fff26143f633f9fa3371625677ed5015ac391b84b961a8beb8cc3aa784e3e0e12bd
I: MonitorObliviousTransfer::next
I: GeneratePublicKey::next
D:  sending message (size 0.000384 MB)
I: MonitorObliviousTransfer::next
I: SendPublicKey::next
I: MonitorObliviousTransfer::next
I: RecvEncryptedMessages::next
I: MonitorObliviousTransfer::next
I: DecryptChosenMessage::next
I: MonitorObliviousTransfer::next
I: ChooserDone::next
I: MonitorObliviousTransfer::next
I: MonitorObliviousTransfer::next
I: InitChooser::next
I: MonitorObliviousTransfer::next
I: RecvConstant::next
D: received message: 1ab66f83c2f5dde8ae08c24b5d5e1ec8c0efabee4f361bc84f2038d416c3438c864b92f2c5c459735d3a938e5bc6bbbd17c5007cd5e5127870f2b25af20f4a95487a283d4690be3d0c488cca36b083d151979a929dbc76c6f4711d64508e24156f60f2500e06b0714dc17dbd35f428cd2700041e0b5c596fe46b2aa4862ce4a09d5f6235869463b3c2ed9b5544de2275996c56d56b917d363340dbeb090a96da1452bf40653d5c380252a1eb1c150b7f3d03d88de35490aff04cef18f1b71501
I: MonitorObliviousTransfer::next
I: GeneratePublicKey::next
D:  sending message (size 0.000384 MB)
I: MonitorObliviousTransfer::next
I: SendPublicKey::next
I: MonitorObliviousTransfer::next
I: RecvEncryptedMessages::next
I: MonitorObliviousTransfer::next
I: DecryptChosenMessage::next
I: MonitorObliviousTransfer::next
I: ChooserDone::next
I: MonitorObliviousTransfer::next
I: MonitorObliviousTransfer::next
I: InitChooser::next
I: MonitorObliviousTransfer::next
I: RecvConstant::next
D: received message: a3e03ac6264b334b687068fe52a37fc80a3947184890563ee2b5cab226adfd2e978961df39ab6a341136917cb69c9bc6a1ebc0af334e4b0d2deae6d1481b6e96e8a6db262deec2998ebc9e3cbbdb0579a144a507758b341e790ec87d0bfa67449f25d6e20bb3b7b8696e924d87867902dd7b6be55ff3a6d6f43ffc9cb74e3e954bedbda6bf9a5ec0977bb6517da121a6bb0ec385dbbc6cf35937f02da05f4f1f6bf226e305b878c1c2e83dc907258f0abc92d4e7bf8d813c819b00d8cf783f45
I: MonitorObliviousTransfer::next
I: GeneratePublicKey::next
D:  sending message (size 0.000384 MB)
I: MonitorObliviousTransfer::next
I: SendPublicKey::next
I: MonitorObliviousTransfer::next
I: RecvEncryptedMessages::next
I: MonitorObliviousTransfer::next
I: DecryptChosenMessage::next
I: MonitorObliviousTransfer::next
I: ChooserDone::next
I: MonitorObliviousTransfer::next
I: MonitorObliviousTransfer::next
I: InitChooser::next
I: MonitorObliviousTransfer::next
I: RecvConstant::next
D: received message: b4fbb65972d77b9abc32564c8475d2c10601279b0e415f37cd820baf144a814ccccd5b04a8f1dc626e142c0a847fc747289eb899a4275025538239843f35b59b8b90b6ffb49efdc44a0c8b940ce85137c4e0e957259e69ee93a9e77ead459e1df57fafea55b1bdfc8509069043fa7c0daa9f5089cd73ee31e7e9b9fe197223c382827ef642b17b14ff86182b644b41718a266e329178c3ad20ff83e85066f9a0b51d36fafae33a450b36315fcf489e747164de07ad7762e729f243438c2bb27d
I: MonitorObliviousTransfer::next
I: GeneratePublicKey::next
D:  sending message (size 0.000384 MB)
I: MonitorObliviousTransfer::next
I: SendPublicKey::next
I: MonitorObliviousTransfer::next
I: RecvEncryptedMessages::next
I: MonitorObliviousTransfer::next
I: DecryptChosenMessage::next
I: MonitorObliviousTransfer::next
I: ChooserDone::next
I: MonitorObliviousTransfer::next
I: MonitorObliviousTransfer::next
I: EvaluateCircuit::next
D:  sending message (size 0.000001 MB)
I: SendFlagBit::next
I: ==== round duration: 564.791138 ms ====
I: MonitorCopyMonitorStateLabels::next
I: RecvGarbledGates::next
I: RecvSystemInputLabels::next
I: RecvFlagBitLabels::next
I: EvaluateCircuit::next
D:  sending message (size 0.000001 MB)
I: SendFlagBit::next
I: ==== round duration: 381.950104 ms ====
I: MonitorCopyMonitorStateLabels::next
I: RecvGarbledGates::next
I: RecvSystemInputLabels::next
I: RecvFlagBitLabels::next
I: EvaluateCircuit::next
D:  sending message (size 0.000001 MB)
I: SendFlagBit::next
I: ==== round duration: 405.853424 ms ====
I: FaultObserved::next
I: MonitorDone::next
