I: parsing spec file timekeeper.v...
I: parsing BLIF file synth.blif...
D: inputs and outputs parsed.
D: circuit initialized.
D: connections (#3250) parsed.
D: gates (#32544) parsed.
D: outputs: 35718 35721 35724 35727 35730 35733 35736 35739 35742 35745 35748 35751 35754 35757 35760 35764 35715 
D: circuit size: 35765
D: adding identity gates for outputs...
D: outputs after identity: 35782 35783 35784 35785 35786 35787 35788 35789 35790 35791 35792 35793 35794 35795 35796 35797 35798 
D: circuit size after identity: 35799
I: initializing safe primes...
I: using prime modulus 170141183460469231731687303715884114527
D:  sending message (size 0.000005 MB)
I: InitMonitor::next
I: GenerateDriverLabels::next
D:   driver labels generated in 19328.703125 ms
I: GenerateInWireKeys::next
D:   in-wire keys generated in 17412.181641 ms
D: SendLabels::message
D:   generating in-wire labels for 32583 gates
D:   10000 gates processed
D:   20000 gates processed
D:   30000 gates processed
D:   in-wire labels generated in 117.844711 ms
D:  gateCount: 32583
D:  sending message (size 3.318253 MB)
I: SendLabels::next
I: RecvGarbledGates::next
I: RecvSystemInputLabels::next
I: RecvFlagBitLabels::next
I: MonitorObliviousTransfer::next
I: InitChooser::next
I: MonitorObliviousTransfer::next
I: RecvConstant::next
D: received message: 2e56e9ebcc2e6483450879918920744a
I: MonitorObliviousTransfer::next
I: GeneratePublicKey::next
D:  sending message (size 0.000032 MB)
I: MonitorObliviousTransfer::next
I: SendPublicKey::next
I: MonitorObliviousTransfer::next
I: RecvEncryptedMessages::next
I: MonitorObliviousTransfer::next
I: DecryptChosenMessage::next
I: MonitorObliviousTransfer::next
I: ChooserDone::next
I: MonitorObliviousTransfer::next
I: MonitorObliviousTransfer::next
I: InitChooser::next
I: MonitorObliviousTransfer::next
I: RecvConstant::next
D: received message: 27b609168e22986d109787e0cc6bc8eb
I: MonitorObliviousTransfer::next
I: GeneratePublicKey::next
D:  sending message (size 0.000032 MB)
I: MonitorObliviousTransfer::next
I: SendPublicKey::next
I: MonitorObliviousTransfer::next
I: RecvEncryptedMessages::next
I: MonitorObliviousTransfer::next
I: DecryptChosenMessage::next
I: MonitorObliviousTransfer::next
I: ChooserDone::next
I: MonitorObliviousTransfer::next
I: MonitorObliviousTransfer::next
I: InitChooser::next
I: MonitorObliviousTransfer::next
I: RecvConstant::next
D: received message: 4e3dd214a5c8d5340a2c1e86aab832ee
I: MonitorObliviousTransfer::next
I: GeneratePublicKey::next
D:  sending message (size 0.000032 MB)
I: MonitorObliviousTransfer::next
I: SendPublicKey::next
I: MonitorObliviousTransfer::next
I: RecvEncryptedMessages::next
I: MonitorObliviousTransfer::next
I: DecryptChosenMessage::next
I: MonitorObliviousTransfer::next
I: ChooserDone::next
I: MonitorObliviousTransfer::next
I: MonitorObliviousTransfer::next
I: InitChooser::next
I: MonitorObliviousTransfer::next
I: RecvConstant::next
D: received message: 3fa5f3cd19166ebe0fecd35c0d509b65
I: MonitorObliviousTransfer::next
I: GeneratePublicKey::next
D:  sending message (size 0.000032 MB)
I: MonitorObliviousTransfer::next
I: SendPublicKey::next
I: MonitorObliviousTransfer::next
I: RecvEncryptedMessages::next
I: MonitorObliviousTransfer::next
I: DecryptChosenMessage::next
I: MonitorObliviousTransfer::next
I: ChooserDone::next
I: MonitorObliviousTransfer::next
I: MonitorObliviousTransfer::next
I: InitChooser::next
I: MonitorObliviousTransfer::next
I: RecvConstant::next
D: received message: 367a5814588f17d81aea55216ad5d3ea
I: MonitorObliviousTransfer::next
I: GeneratePublicKey::next
D:  sending message (size 0.000032 MB)
I: MonitorObliviousTransfer::next
I: SendPublicKey::next
I: MonitorObliviousTransfer::next
I: RecvEncryptedMessages::next
I: MonitorObliviousTransfer::next
I: DecryptChosenMessage::next
I: MonitorObliviousTransfer::next
I: ChooserDone::next
I: MonitorObliviousTransfer::next
I: MonitorObliviousTransfer::next
I: InitChooser::next
I: MonitorObliviousTransfer::next
I: RecvConstant::next
D: received message: 4bc3a9d5731a398fc8182458715fc24
I: MonitorObliviousTransfer::next
I: GeneratePublicKey::next
D:  sending message (size 0.000032 MB)
I: MonitorObliviousTransfer::next
I: SendPublicKey::next
I: MonitorObliviousTransfer::next
I: RecvEncryptedMessages::next
I: MonitorObliviousTransfer::next
I: DecryptChosenMessage::next
I: MonitorObliviousTransfer::next
I: ChooserDone::next
I: MonitorObliviousTransfer::next
I: MonitorObliviousTransfer::next
I: InitChooser::next
I: MonitorObliviousTransfer::next
I: RecvConstant::next
D: received message: 26166476db4bfc564fcc20ce7b5354c4
I: MonitorObliviousTransfer::next
I: GeneratePublicKey::next
D:  sending message (size 0.000032 MB)
I: MonitorObliviousTransfer::next
I: SendPublicKey::next
I: MonitorObliviousTransfer::next
I: RecvEncryptedMessages::next
I: MonitorObliviousTransfer::next
I: DecryptChosenMessage::next
I: MonitorObliviousTransfer::next
I: ChooserDone::next
I: MonitorObliviousTransfer::next
I: MonitorObliviousTransfer::next
I: InitChooser::next
I: MonitorObliviousTransfer::next
I: RecvConstant::next
D: received message: 39af95ae2bc792c9083f9e06803b2e7d
I: MonitorObliviousTransfer::next
I: GeneratePublicKey::next
D:  sending message (size 0.000032 MB)
I: MonitorObliviousTransfer::next
I: SendPublicKey::next
I: MonitorObliviousTransfer::next
I: RecvEncryptedMessages::next
I: MonitorObliviousTransfer::next
I: DecryptChosenMessage::next
I: MonitorObliviousTransfer::next
I: ChooserDone::next
I: MonitorObliviousTransfer::next
I: MonitorObliviousTransfer::next
I: InitChooser::next
I: MonitorObliviousTransfer::next
I: RecvConstant::next
D: received message: 10c1cfddd0e7501cbde9662933379376
I: MonitorObliviousTransfer::next
I: GeneratePublicKey::next
D:  sending message (size 0.000032 MB)
I: MonitorObliviousTransfer::next
I: SendPublicKey::next
I: MonitorObliviousTransfer::next
I: RecvEncryptedMessages::next
I: MonitorObliviousTransfer::next
I: DecryptChosenMessage::next
I: MonitorObliviousTransfer::next
I: ChooserDone::next
I: MonitorObliviousTransfer::next
I: MonitorObliviousTransfer::next
I: InitChooser::next
I: MonitorObliviousTransfer::next
I: RecvConstant::next
D: received message: 49d640d3a7fd1701ebff8c89d56dbfd5
I: MonitorObliviousTransfer::next
I: GeneratePublicKey::next
D:  sending message (size 0.000032 MB)
I: MonitorObliviousTransfer::next
I: SendPublicKey::next
I: MonitorObliviousTransfer::next
I: RecvEncryptedMessages::next
I: MonitorObliviousTransfer::next
I: DecryptChosenMessage::next
I: MonitorObliviousTransfer::next
I: ChooserDone::next
I: MonitorObliviousTransfer::next
I: MonitorObliviousTransfer::next
I: InitChooser::next
I: MonitorObliviousTransfer::next
I: RecvConstant::next
D: received message: b410e45f68a471db078da5966fb2841
I: MonitorObliviousTransfer::next
I: GeneratePublicKey::next
D:  sending message (size 0.000032 MB)
I: MonitorObliviousTransfer::next
I: SendPublicKey::next
I: MonitorObliviousTransfer::next
I: RecvEncryptedMessages::next
I: MonitorObliviousTransfer::next
I: DecryptChosenMessage::next
I: MonitorObliviousTransfer::next
I: ChooserDone::next
I: MonitorObliviousTransfer::next
I: MonitorObliviousTransfer::next
I: InitChooser::next
I: MonitorObliviousTransfer::next
I: RecvConstant::next
D: received message: 61f43d7350c3da1cde2d549e33a59f4a
I: MonitorObliviousTransfer::next
I: GeneratePublicKey::next
D:  sending message (size 0.000032 MB)
I: MonitorObliviousTransfer::next
I: SendPublicKey::next
I: MonitorObliviousTransfer::next
I: RecvEncryptedMessages::next
I: MonitorObliviousTransfer::next
I: DecryptChosenMessage::next
I: MonitorObliviousTransfer::next
I: ChooserDone::next
I: MonitorObliviousTransfer::next
I: MonitorObliviousTransfer::next
I: InitChooser::next
I: MonitorObliviousTransfer::next
I: RecvConstant::next
D: received message: 212b643872cd5b8a18fa85f92e5bea54
I: MonitorObliviousTransfer::next
I: GeneratePublicKey::next
D:  sending message (size 0.000031 MB)
I: MonitorObliviousTransfer::next
I: SendPublicKey::next
I: MonitorObliviousTransfer::next
I: RecvEncryptedMessages::next
I: MonitorObliviousTransfer::next
I: DecryptChosenMessage::next
I: MonitorObliviousTransfer::next
I: ChooserDone::next
I: MonitorObliviousTransfer::next
I: MonitorObliviousTransfer::next
I: InitChooser::next
I: MonitorObliviousTransfer::next
I: RecvConstant::next
D: received message: 32ad4c7e165bbaea7252f091ba63ba4a
I: MonitorObliviousTransfer::next
I: GeneratePublicKey::next
D:  sending message (size 0.000032 MB)
I: MonitorObliviousTransfer::next
I: SendPublicKey::next
I: MonitorObliviousTransfer::next
I: RecvEncryptedMessages::next
I: MonitorObliviousTransfer::next
I: DecryptChosenMessage::next
I: MonitorObliviousTransfer::next
I: ChooserDone::next
I: MonitorObliviousTransfer::next
I: MonitorObliviousTransfer::next
I: InitChooser::next
I: MonitorObliviousTransfer::next
I: RecvConstant::next
D: received message: 2372544caa169572b0c09f08bf24c7b9
I: MonitorObliviousTransfer::next
I: GeneratePublicKey::next
D:  sending message (size 0.000032 MB)
I: MonitorObliviousTransfer::next
I: SendPublicKey::next
I: MonitorObliviousTransfer::next
I: RecvEncryptedMessages::next
I: MonitorObliviousTransfer::next
I: DecryptChosenMessage::next
I: MonitorObliviousTransfer::next
I: ChooserDone::next
I: MonitorObliviousTransfer::next
I: MonitorObliviousTransfer::next
I: InitChooser::next
I: MonitorObliviousTransfer::next
I: RecvConstant::next
D: received message: 4e67d51b948fbe2dff7f120b7986b3b7
I: MonitorObliviousTransfer::next
I: GeneratePublicKey::next
D:  sending message (size 0.000032 MB)
I: MonitorObliviousTransfer::next
I: SendPublicKey::next
I: MonitorObliviousTransfer::next
I: RecvEncryptedMessages::next
I: MonitorObliviousTransfer::next
I: DecryptChosenMessage::next
I: MonitorObliviousTransfer::next
I: ChooserDone::next
I: MonitorObliviousTransfer::next
I: MonitorObliviousTransfer::next
I: EvaluateCircuit::next
D:   evaluating gate 10000
D:   evaluating gate 20000
D:   evaluating gate 30000
D:  sending message (size 0.000001 MB)
I: SendOutputBit::next
I: ==== round duration: 1352.576782 ms ====
I: CopyMonitorStateLabels::next
I: RecvGarbledGates::next
I: RecvSystemInputLabels::next
I: RecvFlagBitLabels::next
I: EvaluateCircuit::next
D:   evaluating gate 10000
D:   evaluating gate 20000
D:   evaluating gate 30000
D:  sending message (size 0.000001 MB)
I: SendOutputBit::next
I: ==== round duration: 1257.629272 ms ====
I: CopyMonitorStateLabels::next
I: RecvGarbledGates::next
I: RecvSystemInputLabels::next
I: RecvFlagBitLabels::next
I: EvaluateCircuit::next
D:   evaluating gate 10000
D:   evaluating gate 20000
D:   evaluating gate 30000
D:  sending message (size 0.000001 MB)
I: SendOutputBit::next
I: ==== round duration: 1241.147461 ms ====
I: FaultObserved::next
I: MonitorDone::next
