I: parsing spec file timekeeper.v...
skipping synthesis, BLIF file already exists.
I: parsing BLIF file synth.blif...
D: inputs and outputs parsed.
D: circuit initialized.
D: connections (#146) parsed.
D: gates (#1099) parsed.
D: outputs: 1169 1172 1175 1178 1181 1184 1187 1192 1195 1198 1201 1204 1207 1210 1213 1215 1167 
D: circuit size: 1216
D: adding identity gates for outputs...
D: outputs after identity: 1233 1234 1235 1236 1237 1238 1239 1240 1241 1242 1243 1244 1245 1246 1247 1248 1249 
D: circuit size after identity: 1250
I: initializing safe primes...
I: using prime modulus 179769313486231590770839156793787453197860296048756011706444423684197180216158519368947833795864925541502180565485980503646440548199239100050792877003355816639229553136239076508735759914822574862575007425302077447712589550957937778424442426617334727629299387668709205606050270810842907692932019128194467627007
D:  sending message (size 0.000004 MB)
I: InitMonitor::next
I: GenerateDriverLabels::next
D:   driver labels generated in 833.028687 ms
I: GenerateInWireKeys::next
D:   in-wire keys generated in 503.077545 ms
D: SendLabels::message
D:   generating in-wire labels for 1138 gates
D:   in-wire labels generated in 521.252930 ms
D:  gateCount: 1138
D:  sending message (size 0.905696 MB)
I: SendLabels::next
I: RecvGarbledGates::next
I: RecvSystemInputLabels::next
I: RecvFlagBitLabels::next
I: MonitorObliviousTransfer::next
I: InitChooser::next
I: MonitorObliviousTransfer::next
I: RecvConstant::next
D: received message: e7bde9698f3e789f303e51b70d3b253bc0d817256a161ee4cf9be8d7610fd7294659408df4b94154cbad35aab4b38314358424dba9eb0967457aba9ee2533f7d965636255a108c08704f7eece6cbfe538b046a5793f0fa10124d834c0e907f5330b150d2e4e3ad93f5009a562db1da4ed9db04131c0618cdbc42ebd1ab253d12
I: MonitorObliviousTransfer::next
I: GeneratePublicKey::next
D:  sending message (size 0.000255 MB)
I: MonitorObliviousTransfer::next
I: SendPublicKey::next
I: MonitorObliviousTransfer::next
I: RecvEncryptedMessages::next
I: MonitorObliviousTransfer::next
I: DecryptChosenMessage::next
I: MonitorObliviousTransfer::next
I: ChooserDone::next
I: MonitorObliviousTransfer::next
I: MonitorObliviousTransfer::next
I: InitChooser::next
I: MonitorObliviousTransfer::next
I: RecvConstant::next
D: received message: 6753be50e4b36c16c5adcb5de844aaad915ce934af8869be9f8c08b0d73d49cbcd42def3e7e2d9412dd7cc2b6ab7e02a2233b9bbc74565552a127fd4831adf0cc2ab5f27eb2f86cee56c4645f61a88f28a44f2538da06bed9b9cde268535831df35440f9251d45628ddbad0fc7a12128262dc133bc6dd09d9ddf2583327e8ffd
I: MonitorObliviousTransfer::next
I: GeneratePublicKey::next
D:  sending message (size 0.000256 MB)
I: MonitorObliviousTransfer::next
I: SendPublicKey::next
I: MonitorObliviousTransfer::next
I: RecvEncryptedMessages::next
I: MonitorObliviousTransfer::next
I: DecryptChosenMessage::next
I: MonitorObliviousTransfer::next
I: ChooserDone::next
I: MonitorObliviousTransfer::next
I: MonitorObliviousTransfer::next
I: InitChooser::next
I: MonitorObliviousTransfer::next
I: RecvConstant::next
D: received message: ee987b3a6246e8dea3e55cdb240ad85d4b37b6110da9f2119e7a55f92bc456ddebcdd6b09170fe06c433f6044f2ebc44e38ce5df06018baf94523d3663e4fe682ab2d00e51641b57b65f564aeccd94e96943521c0840bc8b974c92ec841e08340cc232f2dedc0cb7368f8b6e12573d0be780f7e92975aac4ec943369d1f0f75
I: MonitorObliviousTransfer::next
I: GeneratePublicKey::next
D:  sending message (size 0.000256 MB)
I: MonitorObliviousTransfer::next
I: SendPublicKey::next
I: MonitorObliviousTransfer::next
I: RecvEncryptedMessages::next
I: MonitorObliviousTransfer::next
I: DecryptChosenMessage::next
I: MonitorObliviousTransfer::next
I: ChooserDone::next
I: MonitorObliviousTransfer::next
I: MonitorObliviousTransfer::next
I: InitChooser::next
I: MonitorObliviousTransfer::next
I: RecvConstant::next
D: received message: f736953e75233898dd593e802c92ef7cfed50da42b0a31384b6c1d64337f93a326fa43e8bf34388a19bb41b0a7377d79bb358aacbdf48fcfc8d28748c6ac999d0a9b30a0e2298bd1aa079cee784acacf1602d8a422b699c8eeed31f0d4b5b222adc6b6bc3152dd681bb891d557d94dcba5a9b881033b3cb4d3c96435c594bc74
I: MonitorObliviousTransfer::next
I: GeneratePublicKey::next
D:  sending message (size 0.000255 MB)
I: MonitorObliviousTransfer::next
I: SendPublicKey::next
I: MonitorObliviousTransfer::next
I: RecvEncryptedMessages::next
I: MonitorObliviousTransfer::next
I: DecryptChosenMessage::next
I: MonitorObliviousTransfer::next
I: ChooserDone::next
I: MonitorObliviousTransfer::next
I: MonitorObliviousTransfer::next
I: InitChooser::next
I: MonitorObliviousTransfer::next
I: RecvConstant::next
D: received message: c37eb787e5cfcab7ae9b90a8789b36d41c5aa5cce47ef9265557d815940824fc1accf86b201d7c98e4c16c2979a4835fc25159012c6dbdad6122fa6cac64b289184db979ba4b413db0d41f8d669fdf539398994c470cb900ead97c7a2d895c0bbbec0cd245efb79b4356c326414fd8658572b6cdb4e32cdc2c7b5f687ef9f1e6
I: MonitorObliviousTransfer::next
I: GeneratePublicKey::next
D:  sending message (size 0.000256 MB)
I: MonitorObliviousTransfer::next
I: SendPublicKey::next
I: MonitorObliviousTransfer::next
I: RecvEncryptedMessages::next
I: MonitorObliviousTransfer::next
I: DecryptChosenMessage::next
I: MonitorObliviousTransfer::next
I: ChooserDone::next
I: MonitorObliviousTransfer::next
I: MonitorObliviousTransfer::next
I: InitChooser::next
I: MonitorObliviousTransfer::next
I: RecvConstant::next
D: received message: 28c5b3d174d6b13008f7e0bf49dca85be1ce0b9cc0692fa937b276558908bf0acc34f8990895cc44c7e0027ea9da4ac3170129f0db8a0ebfe79cfa624bd0c4163bcf48b2aa5c46cce4c50d76dbf711db9f10c9f751d77ea460f3ab44549adcdfc296c70cce660fa344ff6b501e166f63f0e90510ed6e3fc85323b08546401c4d
I: MonitorObliviousTransfer::next
I: GeneratePublicKey::next
D:  sending message (size 0.000256 MB)
I: MonitorObliviousTransfer::next
I: SendPublicKey::next
I: MonitorObliviousTransfer::next
I: RecvEncryptedMessages::next
I: MonitorObliviousTransfer::next
I: DecryptChosenMessage::next
I: MonitorObliviousTransfer::next
I: ChooserDone::next
I: MonitorObliviousTransfer::next
I: MonitorObliviousTransfer::next
I: InitChooser::next
I: MonitorObliviousTransfer::next
I: RecvConstant::next
D: received message: b0edd663ac9c030eb3fb0efc6b7cc27486bce956cf4eaef05071d1bf67795eb78f7aea2e6903769cf841f97da3435fb27730010afc766fbf3457d255c167ddc91b5aebd9967a1a12098466b716c1c4461514a919ab67d8e426095b67d2360becaeee5792a647fcb0735cb119c2bcfd952ad95a9f2fabcf2f31841a4d4cc9fbbd
I: MonitorObliviousTransfer::next
I: GeneratePublicKey::next
D:  sending message (size 0.000256 MB)
I: MonitorObliviousTransfer::next
I: SendPublicKey::next
I: MonitorObliviousTransfer::next
I: RecvEncryptedMessages::next
I: MonitorObliviousTransfer::next
I: DecryptChosenMessage::next
I: MonitorObliviousTransfer::next
I: ChooserDone::next
I: MonitorObliviousTransfer::next
I: MonitorObliviousTransfer::next
I: InitChooser::next
I: MonitorObliviousTransfer::next
I: RecvConstant::next
D: received message: d423a97b9700e6cfa90a7f9f9f02ca715af5cd34896552d60acbd1ce53eafa38215247f04d167573d5fc229e13b5c21306157df2e6c3777fbdd4f46053c92eeb747ca36e23aaa9595a81b725bf6c8dd80ac2fe8d56d13fe19d692d80e0a8f84af323199c4a80d9e415a6af8106c77fe8ce40e294aeaff41aa754b16ded5a280c
I: MonitorObliviousTransfer::next
I: GeneratePublicKey::next
D:  sending message (size 0.000256 MB)
I: MonitorObliviousTransfer::next
I: SendPublicKey::next
I: MonitorObliviousTransfer::next
I: RecvEncryptedMessages::next
I: MonitorObliviousTransfer::next
I: DecryptChosenMessage::next
I: MonitorObliviousTransfer::next
I: ChooserDone::next
I: MonitorObliviousTransfer::next
I: MonitorObliviousTransfer::next
I: InitChooser::next
I: MonitorObliviousTransfer::next
I: RecvConstant::next
D: received message: a2e29c97a2a901dd8b08be37fc48138336f2122b60c7aeb471d59aec32b53fc3d726f9c9aed7c77aa392509550caa25b2c529de19593cd5c2d0afa2a55ae302e385c169666fef00c636ee88a95fcbe7bd015b64af815fac701f140f0f335eeefbdd6ab6f8b9deee923f0f3242898d72a17c9c43ff822ed03f4b52d3ecd756f91
I: MonitorObliviousTransfer::next
I: GeneratePublicKey::next
D:  sending message (size 0.000256 MB)
I: MonitorObliviousTransfer::next
I: SendPublicKey::next
I: MonitorObliviousTransfer::next
I: RecvEncryptedMessages::next
I: MonitorObliviousTransfer::next
I: DecryptChosenMessage::next
I: MonitorObliviousTransfer::next
I: ChooserDone::next
I: MonitorObliviousTransfer::next
I: MonitorObliviousTransfer::next
I: InitChooser::next
I: MonitorObliviousTransfer::next
I: RecvConstant::next
D: received message: 18c1651c3f94727ab289b118dd777316c129add5abdff76ebc5398262569a79c5d3c2301a0b5ae6ab0835affbe669d17019724d9399cf381a240bd9f800dad03545b423bfbe691fd6240b32919deb9662f1e11ed75602215204b6740b3ad43a5d9cd184fb8617301746c70d670c32d9757146d94f6768750790329876e3ee492
I: MonitorObliviousTransfer::next
I: GeneratePublicKey::next
D:  sending message (size 0.000256 MB)
I: MonitorObliviousTransfer::next
I: SendPublicKey::next
I: MonitorObliviousTransfer::next
I: RecvEncryptedMessages::next
I: MonitorObliviousTransfer::next
I: DecryptChosenMessage::next
I: MonitorObliviousTransfer::next
I: ChooserDone::next
I: MonitorObliviousTransfer::next
I: MonitorObliviousTransfer::next
I: InitChooser::next
I: MonitorObliviousTransfer::next
I: RecvConstant::next
D: received message: 3875721491f87606ce140a4198f7b0e111d15eda8eabdd44db919ea9213a155225e4f4b7a4afe037201555c3658a5bdcfa3854c180254bd8b2f3f875cf65eb90b628f8fb9f2dada060516d5ed98f502d31703441e18e008f7fc422ddb7f5d7d95a3892dd94fa47a1f0653515ca33b17377776dce871421d8fc3617f19d514af5
I: MonitorObliviousTransfer::next
I: GeneratePublicKey::next
D:  sending message (size 0.000256 MB)
I: MonitorObliviousTransfer::next
I: SendPublicKey::next
I: MonitorObliviousTransfer::next
I: RecvEncryptedMessages::next
I: MonitorObliviousTransfer::next
I: DecryptChosenMessage::next
I: MonitorObliviousTransfer::next
I: ChooserDone::next
I: MonitorObliviousTransfer::next
I: MonitorObliviousTransfer::next
I: InitChooser::next
I: MonitorObliviousTransfer::next
I: RecvConstant::next
D: received message: b12fc41c8e6164abcb4526649ca291c80b98a74acdbf394af9ab232852c922a456705381b3988211d0679c6d5f7be35a034dc6b374348bfcd0b6e9ce72b9353d72546d43d6b38f24a923e10c8a762b5d65040a10f8fd8e14f4f3379bf26e029e7387de0fea668f1e78d2fcaa43a15571c320687f1d8ba5bb8451fb79c2b14f0
I: MonitorObliviousTransfer::next
I: GeneratePublicKey::next
D:  sending message (size 0.000256 MB)
I: MonitorObliviousTransfer::next
I: SendPublicKey::next
I: MonitorObliviousTransfer::next
I: RecvEncryptedMessages::next
I: MonitorObliviousTransfer::next
I: DecryptChosenMessage::next
I: MonitorObliviousTransfer::next
I: ChooserDone::next
I: MonitorObliviousTransfer::next
I: MonitorObliviousTransfer::next
I: InitChooser::next
I: MonitorObliviousTransfer::next
I: RecvConstant::next
D: received message: f6c377c3e703b40b500538fad7c41ec5bb1e540b92ca4b8ff82465699bc74ca3c9a0137a30c05ffa580a9694ff20217cd8d349782b0cbde86cd58d36d72c9c98434038ba519e6efbd54c2dbbe6cdf0920dc127784d2d263feb4d1c994c3a892b27e4fe574f9923f2cb24993d01c9b6d2bfb5e3b5802f871ad202602153f645d8
I: MonitorObliviousTransfer::next
I: GeneratePublicKey::next
D:  sending message (size 0.000256 MB)
I: MonitorObliviousTransfer::next
I: SendPublicKey::next
I: MonitorObliviousTransfer::next
I: RecvEncryptedMessages::next
I: MonitorObliviousTransfer::next
I: DecryptChosenMessage::next
I: MonitorObliviousTransfer::next
I: ChooserDone::next
I: MonitorObliviousTransfer::next
I: MonitorObliviousTransfer::next
I: InitChooser::next
I: MonitorObliviousTransfer::next
I: RecvConstant::next
D: received message: d00e08b7d916c7df54aaa48d60ab3d0df5ae4105851b5e979444614865b94e870ed52508457c7af8a66824a9043d00646013ca4fec269941fb4df41ebc46a269b5bf7579c6800f683c211790273393df2502badc43d7d609cfad950a23fefab347719251084ba93dfa185818db02f28893e8e4408f1e6953338cfe927a5fed2f
I: MonitorObliviousTransfer::next
I: GeneratePublicKey::next
D:  sending message (size 0.000256 MB)
I: MonitorObliviousTransfer::next
I: SendPublicKey::next
I: MonitorObliviousTransfer::next
I: RecvEncryptedMessages::next
I: MonitorObliviousTransfer::next
I: DecryptChosenMessage::next
I: MonitorObliviousTransfer::next
I: ChooserDone::next
I: MonitorObliviousTransfer::next
I: MonitorObliviousTransfer::next
I: InitChooser::next
I: MonitorObliviousTransfer::next
I: RecvConstant::next
D: received message: fca6af07f726502fb64633f9bbefe4c4616655ffc36f0a4bb9affa26314184e9da55e0249dc39b965400d0dfd9f4c7265a9bc00f2dc64c2866bb48144d4d217327b073c927c8e82cee794f79d7f296cbf8c765691a1d984ccae8018713f6edb05349875b9a3cffae68091e9a9dad8975a133fcf11951e36f35f4d939784e8d07
I: MonitorObliviousTransfer::next
I: GeneratePublicKey::next
D:  sending message (size 0.000256 MB)
I: MonitorObliviousTransfer::next
I: SendPublicKey::next
I: MonitorObliviousTransfer::next
I: RecvEncryptedMessages::next
I: MonitorObliviousTransfer::next
I: DecryptChosenMessage::next
I: MonitorObliviousTransfer::next
I: ChooserDone::next
I: MonitorObliviousTransfer::next
I: MonitorObliviousTransfer::next
I: InitChooser::next
I: MonitorObliviousTransfer::next
I: RecvConstant::next
D: received message: 584f175705776340a9bae7c737053aa318e13c34498583179a5087a05bf16be9c2781ee2d3cf2941639263da2089f8205f8f34c13dd13547bbb0b3450bdd214952978c79ec55be91534c9ef04b387afaf8dedef55ac24081ee180915bc405c3ed06287135524335edb160203d36a830dd72e9f4d6b2da9244d936a5f755908c5
I: MonitorObliviousTransfer::next
I: GeneratePublicKey::next
D:  sending message (size 0.000256 MB)
I: MonitorObliviousTransfer::next
I: SendPublicKey::next
I: MonitorObliviousTransfer::next
I: RecvEncryptedMessages::next
I: MonitorObliviousTransfer::next
I: DecryptChosenMessage::next
I: MonitorObliviousTransfer::next
I: ChooserDone::next
I: MonitorObliviousTransfer::next
I: MonitorObliviousTransfer::next
I: EvaluateCircuit::next
D:  sending message (size 0.000001 MB)
I: SendOutputBit::next
I: ==== round duration: 656.357727 ms ====
I: CopyMonitorStateLabels::next
I: RecvGarbledGates::next
I: RecvSystemInputLabels::next
I: RecvFlagBitLabels::next
I: EvaluateCircuit::next
D:  sending message (size 0.000001 MB)
I: SendOutputBit::next
I: ==== round duration: 634.285950 ms ====
I: CopyMonitorStateLabels::next
I: RecvGarbledGates::next
I: RecvSystemInputLabels::next
I: RecvFlagBitLabels::next
I: EvaluateCircuit::next
D:  sending message (size 0.000001 MB)
I: SendOutputBit::next
I: ==== round duration: 934.312744 ms ====
I: FaultObserved::next
I: MonitorDone::next
