skipping synthesis, BLIF file already exists.
I: parsing spec file timekeeper.v...
I: parsing BLIF file synth.blif...
D: inputs and outputs parsed.
D: circuit initialized.
D: connections (#1474) parsed.
D: gates (#14407) parsed.
D: outputs: 15565 15568 15571 15574 15577 15580 15583 15586 15589 15592 15595 15598 15601 15604 15607 15610 15613 15616 15619 15622 15625 15628 15631 15634 15637 15640 15643 15646 15649 15652 15655 15659 15662 15665 15668 15671 15674 15677 15680 15683 15686 15689 15692 15695 15698 15701 15704 15707 15710 15713 15716 15719 15722 15725 15728 15731 15734 15737 15740 15743 15746 15749 15752 15755 15563 
D: circuit size: 15756
D: adding identity gates for outputs...
D: outputs after identity: 15821 15822 15823 15824 15825 15826 15827 15828 15829 15830 15831 15832 15833 15834 15835 15836 15837 15838 15839 15840 15841 15842 15843 15844 15845 15846 15847 15848 15849 15850 15851 15852 15853 15854 15855 15856 15857 15858 15859 15860 15861 15862 15863 15864 15865 15866 15867 15868 15869 15870 15871 15872 15873 15874 15875 15876 15877 15878 15879 15880 15881 15882 15883 15884 15885 
D: circuit size after identity: 15886
I: initializing safe primes...
I: using prime modulus 5809605995369958062791915965639201402176612226902900533702900882779736177890990861472094774477339581147373410185646378328043729800750470098210924487866935059164371588168047540943981644516632755067501626434556398193186628990071248660819361205119793693985433297036118232914410171876807536457391277857011849897410207519105333355801121109356897459426271845471397952675959440793493071628394122780510124618488232602464649876850458861245784240929258426287699705312584509625419513463605155428017165714465363094021609290561084025893662561222573202082865797821865270991145082200656978177192827024538990239969175546190770645685893438011714430426409338676314743571154537142031573004276428701433036381801705308659830751190352946025482059931306571004727362479688415574702596946457770284148435989129632853918392117997472632693078113129886487399347796982772784615865232621289656944284216824611318709764535152507354116344703769998514148343807
D:  sending message (size 0.000005 MB)
I: InitMonitor::next
I: GenerateDriverLabels::next
D:   driver labels generated in 117678.898438 ms
I: GenerateInWireKeys::next
D:   in-wire keys generated in 7971.163574 ms
D: SendLabels::message
D:   generating in-wire labels for 14542 gates
D:   10000 gates processed
D:   in-wire labels generated in 199634.515625 ms
D:  gateCount: 14542
D:  sending message (size 34.578264 MB)
I: SendLabels::next
I: RecvGarbledGates::next
I: RecvSystemInputLabels::next
I: RecvFlagBitLabels::next
I: MonitorObliviousTransfer::next
I: InitChooser::next
I: MonitorObliviousTransfer::next
I: RecvConstant::next
D: received message: 2171ae1728dfc68b9eb1aa73325b42b86f96ebd8cf932186c282186ad09073eb11a505d9580fb9852346e434206b734c314dd44ca16e221db97eb2821cd4fb69b11464f16e7d693b29ede4c488cf94bfded42301c152f92506f11098d55e8da86e1daab753629c4785a614558310c829d07af567c54824bb441c80e9d57185a47994a5388d6c0345ce7f320287b03d7c38fc675f5e1c32373b1b3e8cee00ae0ee9c32f2b76aed6735daf4bd307c5b4ab058869b99650757f488ad3645fed417e4845cc9ce2e25f20f34ddc5f1015601021fe9356be8adf52eed27651250827114d7b366b46fbed8d1e9226517e53c1a7310cc038a3f2d0041a6d5cbe66d78028447156b5cd1fbc660759d4e980bc88d08c260e2c91e4579058a9e16f47c65a0e34c1946dc31b437ccc5780f7aac3ba73210ee630a397c98f89ef1175ed3d4a4494da4c42761ba8c3a08af47802d30754547704a6bb25f60d71faa40e85abd8a62124658577fb5e9ccabe7822141a3523fb732d0d5c078803d44312b36e37c04a
I: MonitorObliviousTransfer::next
I: GeneratePublicKey::next
D:  sending message (size 0.000768 MB)
I: MonitorObliviousTransfer::next
I: SendPublicKey::next
I: MonitorObliviousTransfer::next
I: RecvEncryptedMessages::next
I: MonitorObliviousTransfer::next
I: DecryptChosenMessage::next
I: MonitorObliviousTransfer::next
I: ChooserDone::next
I: MonitorObliviousTransfer::next
I: MonitorObliviousTransfer::next
I: InitChooser::next
I: MonitorObliviousTransfer::next
I: RecvConstant::next
D: received message: 877670678e10c127a4abca16a44e6fb2d41525ef7c2038a0bbce72ff4c4351fe722c7ebf98578f932f4cae8649fb207e6b6ad21c0394b80960bd2365c6d9a48c056b09bc58b965c84b8badea2d8ea3630ab16bd9c06f4e971352b5553da23342e43336676911969f5075eb8c9ea721b0fdd93f42a9030668355eecd65eb67d2e4b5ae82e4eb59642bd6ff835eab454fbaae0c186261df057a0db6c8be330521c3e3779f98a1ac531846ccb5c1fb8400414a0fa1f4678442226b9123572865080eb8c96a60e12f353ae6b848a734fd76263ebb117ad7d0674257ed8dc4184f57204e1b116df33cf0a9c34bd13bc7288c88c74d0bbf8df04e7e065b8b402809bdaa3e50a5814ca8095b518f72bdd6dfd70e18e73a5a4ca72112ddc0a3d0498bf249e5e37a99c82594e2c4f54bee0a4a7344d62ccb0daa1c39efe63d813e5ebc5aa65dea8a7d98127fb0825d5df3bea255a5f19597b2b63b0e6ed211ab9d4b78cc17c99195498e2283bd177caf9b0e2424eceabe2a7d5ada6e99f50f395826731ee
I: MonitorObliviousTransfer::next
I: GeneratePublicKey::next
D:  sending message (size 0.000768 MB)
I: MonitorObliviousTransfer::next
I: SendPublicKey::next
I: MonitorObliviousTransfer::next
I: RecvEncryptedMessages::next
I: MonitorObliviousTransfer::next
I: DecryptChosenMessage::next
I: MonitorObliviousTransfer::next
I: ChooserDone::next
I: MonitorObliviousTransfer::next
I: MonitorObliviousTransfer::next
I: InitChooser::next
I: MonitorObliviousTransfer::next
I: RecvConstant::next
D: received message: b463436ba47f546eb9e2004af1ddce8db0f07c47325df10e5f1cd3d3d620bc72e15234875e07e432fc1821a96e6688fca1424c900e594c768029c22d11370752dc2b237aac36079442419c136451a70569f0575222e01ba328251bdcac059b5bc778b15386121986d2a3a68983383a7e346dfb789544193823b3146869d0f4538be2b38301d6eff11400da8cc98c0a5d76b7b7f8884c2c903e2c6aea8b19ec4f7a8ee2b60f2de59fde2cfbd2d6476225a871dd9ee3f6cfc0aa4fa333d2d7bd0665d0ee3ac60a69cb967af99eb6585faba282ad459f303772a48c69ac9619d5e4b389dbe0f6587083c4547cd6b079156232d6784f44ddedfb0b3c23135a8e81f6558c0406b4df189e20fa03b3d54c0b034916e9069deb95531991dc8b6e326492afdbea47b7103e6b492df00c2626dfbd12180ba36be28f9993db9507f3b53b1641adda8d18f27dbf6a3cf334e5e1fbed29b1b1e9f4f94c10b9c15828bba462975a4e104b6af5a9d3f3ed8240f35ca37a7911c95c1ab39a576b470417c7b14753
I: MonitorObliviousTransfer::next
I: GeneratePublicKey::next
D:  sending message (size 0.000768 MB)
I: MonitorObliviousTransfer::next
I: SendPublicKey::next
I: MonitorObliviousTransfer::next
I: RecvEncryptedMessages::next
I: MonitorObliviousTransfer::next
I: DecryptChosenMessage::next
I: MonitorObliviousTransfer::next
I: ChooserDone::next
I: MonitorObliviousTransfer::next
I: MonitorObliviousTransfer::next
I: InitChooser::next
I: MonitorObliviousTransfer::next
I: RecvConstant::next
D: received message: 8137b1e656b75239577dde9936d7cb39077c5b1a946ab48ee61a80b1bef9fbb35ad38bb2f536b8ef04f2ce715ee9fbb9a8976f165913f662a1223904a5fe51089151fe8e0d946cc854150b1c0a70562f56f49f278d1e3a9318a8b90cbd5414113947235296286d8b096efbd7cdaa97ed9b0a22235817df744c2109ea4732af936dd7a7223c66d20b52dd65bb6bf0503dfc62e0f98f0251814e4ce83b3a30c222b64bb4f29dca3836e25903bde53c76d317438959664a65f8cc38f91736e778a6eaaff39412a17a4744888a7a75cdb7b0e6a90038a02cb6b3beefd9f8288200148bc6283a80bfa90fe083912f52133456cf9798c4c9ea2e303298c15609751b0c58537e48a1d441768ce4c6d57f3d9b13586fd3fd11d1df580a5abef0a779e371883ecc435dbb2d3e7177565d7a74acd4d2720348a93684478c48fc75e2da9a6f4f50672010e83a0e7d36a82f270574f8d3bfc984db65c14e3554891394311755b7cc0b06c72b8e575ab3cf421492f164d8652a29d2d448c9ce00e3cbe276cc2
I: MonitorObliviousTransfer::next
I: GeneratePublicKey::next
D:  sending message (size 0.000768 MB)
I: MonitorObliviousTransfer::next
I: SendPublicKey::next
I: MonitorObliviousTransfer::next
I: RecvEncryptedMessages::next
I: MonitorObliviousTransfer::next
I: DecryptChosenMessage::next
I: MonitorObliviousTransfer::next
I: ChooserDone::next
I: MonitorObliviousTransfer::next
I: MonitorObliviousTransfer::next
I: InitChooser::next
I: MonitorObliviousTransfer::next
I: RecvConstant::next
D: received message: c07a12ba11ea9dc072ecc02522b8afb9ed04dad25ae4a66c59c36f4109b570ef7d721d86e09c82dd069dfc72396c88cb97b2adfeee4159f8b7440dbc583a731ad39b71e87e32bf7d2733fe654e9f7374c68b0233078dfa5620cac22ebecd1477136ee82d136a4dc11003cc8434adbaf1fdc2780e143c9221bcacd71a658a626b53dc7452e8af9252ebb5721b45529c9f8d013168358ffe4676995d43ed6c456f017dba97002fd970e089891046149cce64e4d83ab5b932c24a3397bd4aad407afb56675690f7b209882cb9b4ef295580e467c7fc114a53c90464f60940100c9eaebcfc62b941bfec2508f83d7a6c2033851c450189a1f4c4fa9b2411c0869e7300163a061754209937a24477a4ed1b447622a4bbcb03519978a8e3bad9a8fc8538081671e2a3860998bec2e3708a16b9056d9c34ede9fe4b3386f117422ad0ec92f89baa0edad90f37892bce948afc3f424cf33538fe6e36d7c9d2c20c13c5c399f9ec0335365d9d4079863aa28f214975f7423f958025ad79b88a1a5090dc1b
I: MonitorObliviousTransfer::next
I: GeneratePublicKey::next
D:  sending message (size 0.000768 MB)
I: MonitorObliviousTransfer::next
I: SendPublicKey::next
I: MonitorObliviousTransfer::next
I: RecvEncryptedMessages::next
I: MonitorObliviousTransfer::next
I: DecryptChosenMessage::next
I: MonitorObliviousTransfer::next
I: ChooserDone::next
I: MonitorObliviousTransfer::next
I: MonitorObliviousTransfer::next
I: InitChooser::next
I: MonitorObliviousTransfer::next
I: RecvConstant::next
D: received message: 2a83e214ee5e228cdb03ff508f01d613b383bfc46b523de47168f1568064a3401409fc22075707db3760e89ba238ecabbe19996ba686946f89c8eede995f4d62a1a31491b26f9a6a8eade5b217765fc4000104bf4951c807147c2eb969b2093967ce5dd6c367db1f05fae1dd3430b1799d75904ae65915c92b150d140955b67286f23326f260855348c4ca15c94ffc8cc12f0ca22149902fa3aecf579273c6ef2f74d4af783674b2aef2a7ec60f8632b5b95d866eccaa17eba50b2aa11ef1d5c8c200ffce3ceb7d3144af1cca041d548a749dcf53f8ebfa9ee0a4a69c6f0c7d069def33ea4c8f96912710d25c43c7c87ca4e2cca4f651510053cd9c7f2b191cf033e2e8107fc6254706825f2dd0f6974a1ab180671a41d7a772a204c24e6d6362e3ad8be4d15501f4698db714b1c6a2ccff9abb8083fd6c8a34a9a6de67681581a2d5f50a2f9ba004da1894f16b7af2b87234b4906dd458deb9e5c81de72238bc393a3e748d991ed83f389c94d767cd4e265988a7453bba269a5fadf16ec05b4
I: MonitorObliviousTransfer::next
I: GeneratePublicKey::next
D:  sending message (size 0.000768 MB)
I: MonitorObliviousTransfer::next
I: SendPublicKey::next
I: MonitorObliviousTransfer::next
I: RecvEncryptedMessages::next
I: MonitorObliviousTransfer::next
I: DecryptChosenMessage::next
I: MonitorObliviousTransfer::next
I: ChooserDone::next
I: MonitorObliviousTransfer::next
I: MonitorObliviousTransfer::next
I: InitChooser::next
I: MonitorObliviousTransfer::next
I: RecvConstant::next
D: received message: c9131f5bb2c26423703571ac417f9ac7a9514e8d3d0c6affc086f57edd51b5fd6c876b57de166ca4ce3cf275d1088d9c0ec1b737c1abb04fa5e93f26c1c26040e7b2a3efa51fab252fb45a7d003f789cac23326f8920fa82496843a235424df18c89168e02a0541d5976f49ba66b989afe1c2c873e77d86f6164b01280c42f22c7b965adb4c12e471f14e81942cb47fa4b132bf11fec7d380d2b947320a931b0764d03b055825cfbb4a90d7fb5370f0ed979758a41db6734eac01d419a18bd00837ff1cbb5e5374b91e902df8ebdf252d46ad039c01964c728de28c7748fadfe55c46a1a0ad7f988cab47c250c1d1ee58134e7f1c66db9169a2f938edeb51aae1304b59f58fb777d8bb1b644dd37d77ac55a84349fb54646b214da5dd0658ef0c741205dcfab5e20fd6aef5cf614edf3d6ca9b77441c30ddba6308387a51e3003bd888997c4a40d31f9ce2e7af235b481fbef8b8b50f5f9c0a4ca0501c4a3bcc1f0858dd1b7ec826ad113ed756858e6cc69975238dc09fa8031bc672315e3fbb
I: MonitorObliviousTransfer::next
I: GeneratePublicKey::next
D:  sending message (size 0.000768 MB)
I: MonitorObliviousTransfer::next
I: SendPublicKey::next
I: MonitorObliviousTransfer::next
I: RecvEncryptedMessages::next
I: MonitorObliviousTransfer::next
I: DecryptChosenMessage::next
I: MonitorObliviousTransfer::next
I: ChooserDone::next
I: MonitorObliviousTransfer::next
I: MonitorObliviousTransfer::next
I: InitChooser::next
I: MonitorObliviousTransfer::next
I: RecvConstant::next
D: received message: 18373e6f4e6853434b9de8f8eddd002b48e7d6c38a7bfc211be5cbcf2539452ea60c747033a7bd5d67c576439bba56d5ddb3d831b727327003349bae607d9d5506d7be090fde103414e009c59fdb18000cb35160bd1a7250a1a79e8cc09bbfa3e60df8dfe418c4d83ebd0e1935a9d8b982ea21a2ba9c8fac85b1a29f3fe72ba323901d5d1819fab3912184caafb0a6d958b07cc2fe902991664479dec9d0ee5bfcabe5703b77eb7face6e92beb2e286503e7116008e79c6b9e8d617d9b4312c3ac5da9480334dfb947933f250291437e5ac672e8340603cbe747bcac660460ab1338581efdcec2207ffdc828e234cd08c8af4d2c287bd992aa7bacab2cd91fe18b48a07b396734503270d6ec1bce0937610a85a80c7e6425bb9870d095544b96d24a0af3b26de3f8c89d9e686794fb27214c8eec14fcafbc66e68d619a11b7a847b41f74943339e44dc12c581929ecc2dd8e6a0bb1df49684585a07ab00300668c0032b569652d0ddbb53dfe78ae71e7c0d591701169a942fde48899e55c78e0
I: MonitorObliviousTransfer::next
I: GeneratePublicKey::next
D:  sending message (size 0.000768 MB)
I: MonitorObliviousTransfer::next
I: SendPublicKey::next
I: MonitorObliviousTransfer::next
I: RecvEncryptedMessages::next
I: MonitorObliviousTransfer::next
I: DecryptChosenMessage::next
I: MonitorObliviousTransfer::next
I: ChooserDone::next
I: MonitorObliviousTransfer::next
I: MonitorObliviousTransfer::next
I: InitChooser::next
I: MonitorObliviousTransfer::next
I: RecvConstant::next
D: received message: 1c5225f0fefe52d46f3c2cb860ef85a6ef40ccd7c22811962d00f42978f3e7128e7184e86edd8eace91c931e5dbda9569121754de273b730127a39ee4623e541db46399cdad32d69990f5c690d96a7b091f62688452c20cf70caeafb8f3451b729072291089d27da28cd54efdb289ca6a294644ff0fdf2016aa55907a1b3d740d7c57d32bb04c30d9f5ef588d81badaa7f014ac14d313bce850b0336a029c62cb86e1ad04dddae338a41b252712861a8e659fba4a8d61f8dd0deb4e3890c57999e0c7d7ade3c6dd131e0d7bc3c4869ad76611579b2787d76cd24ee1ba00f7ddafab8b327e2c8bd3b47fd0849bd6ae9ef7f3dc3420ccd6596c66bf8a81d3afaf73034d8714d5686ad47063162d3c4c79ab566f44392cb5274c8cdecc29ed77107ae8f97c297bff38c967d87d472e7cb17be13de724526ae1eca69661ac09d2ddecec22f61082e0ffd2d39691221e7672524fdc6cee0cf792b5bbc6742af3dfdd542ffaca4e61f25a8286aa72c40a6c2ae256ca60d9845671efb26635c2da3989b
I: MonitorObliviousTransfer::next
I: GeneratePublicKey::next
D:  sending message (size 0.000768 MB)
I: MonitorObliviousTransfer::next
I: SendPublicKey::next
I: MonitorObliviousTransfer::next
I: RecvEncryptedMessages::next
I: MonitorObliviousTransfer::next
I: DecryptChosenMessage::next
I: MonitorObliviousTransfer::next
I: ChooserDone::next
I: MonitorObliviousTransfer::next
I: MonitorObliviousTransfer::next
I: InitChooser::next
I: MonitorObliviousTransfer::next
I: RecvConstant::next
D: received message: d89136a2f8823f97f6053fe3e4603b594cc02cca58d65609b693cb3ff64c6f68d917a07ca35c149904d4dcb74074be5e0edab87b32a30383f28cd6eed5da10e76501bdd18503a2ddcbc6a834fadf0afa2f83244c0f8e363dabfb2ff6df13d55be0f1864dcd0dfce98934697c8c17b567ed8192f5a869f1536d900c1ca10e9479fbef17cd0b6a2463688588f4aaca020200b37574a9ca6e94bf03edb0f70207cc2ee133c1651c61cb4bfb9721973f0cbdfaed8a09b25fd7ceaffbe8884eb97c32baaae18e6830d32b9fbfb91bec349a82971316b480af4b991849e3dd6b6336ef6aca0f5bebd09607e2fe9627003ba2d3aa6e59847eededaa592283dd48dbf3b256af51017dde73e3cbf0b24a086bad13a8eb0d27343b6c5f72876a1ea72bbdb46240fc0dcfa7d2062966de5d1a889a3f7171ee4c5577cde9a72290021e051049e88aa98d9d7295b8523b0b7d039731ddce564f8bf9c719238d31dcaaa45b440aa7c9ec0f2f2ee0aa032935e5988a5d8e507431d9f781d91da4639227ba626d27
I: MonitorObliviousTransfer::next
I: GeneratePublicKey::next
D:  sending message (size 0.000768 MB)
I: MonitorObliviousTransfer::next
I: SendPublicKey::next
I: MonitorObliviousTransfer::next
I: RecvEncryptedMessages::next
I: MonitorObliviousTransfer::next
I: DecryptChosenMessage::next
I: MonitorObliviousTransfer::next
I: ChooserDone::next
I: MonitorObliviousTransfer::next
I: MonitorObliviousTransfer::next
I: InitChooser::next
I: MonitorObliviousTransfer::next
I: RecvConstant::next
D: received message: 7079357b864dcc7ba07ed1919f1477d8ab9fb3d024189d080b2c4f4e449dc9ff56a0506ad67f7281539778c8d13bd5ec1ae15512fdb663546290eaeed376ea1afa94f9175b59497d9f5a4d514746bf08a6dae98f33f0f41defd11eff38ae3b7f2ccc6a97ebbfe74b1bf511dadacc2b9f626568e917fb4453639ceac0b37dd3f7fc89c25eb280afb2aed3bf22bc5ffd01a5b8b707b2f84ba6d4341a47659a2516362cc71e1225bca43cf05033b54839bdfb6af37d9126558981e685340bfef5acb0cd9150268bd44566738997751cce93d83fcd4fc28693ad1609280a0ca3b56d0147eea4a02d55ebdc985a964c762e9e677fb21b490abbb485a92e803489befb34fbc88e5c724db15968b1b7314bf2d5500fd1da952f3633f095fc5fedbf5d6474bb63dc37139e227da6fce09ea341e7eb333975d53600b608eedcea2bd8251e844ada11560be5109a3db0826d2f4c3bde6cc129bc889f00900f502625aea2e95af83d0c8863c43d8a3be0141e87da10c46420beff250ed372b8e48f3711fab7
I: MonitorObliviousTransfer::next
I: GeneratePublicKey::next
D:  sending message (size 0.000768 MB)
I: MonitorObliviousTransfer::next
I: SendPublicKey::next
I: MonitorObliviousTransfer::next
I: RecvEncryptedMessages::next
I: MonitorObliviousTransfer::next
I: DecryptChosenMessage::next
I: MonitorObliviousTransfer::next
I: ChooserDone::next
I: MonitorObliviousTransfer::next
I: MonitorObliviousTransfer::next
I: InitChooser::next
I: MonitorObliviousTransfer::next
I: RecvConstant::next
D: received message: 77614e8a76b982ffce4f49d263c65ac6a3629dd950dbfad76433472033ac197f64eede22c814a4e4265378bd8928d53c4839254427772173fbe6a67f72bdef22790d2281e467af933a09cf677865f7e457d3a4225f28acafb7bcabb9f83c80994501a0bbd3d519fb37b3cb23ffafeba0edeb3559cfe8527b9862b9c1875b94c836648edd49e0d97186f00747deec48dbe5649dd37f1b5df30b7e3258f1a4cde8873f6c0f49cbe8058d1ee514ef80472f11f67f454c8bc6a3a5309963e428b353542a76d6f4d080f2beccc72561e0d296591cc979c37a56d85396d765490cbb7bb29591de2d803d3407e6f8295467bd65804e0cdedf30b9ad4f698ca1fa3784082754689ea9739ad9febd8e43961e9be8b878aa95de86d3e186f47f557f274f7e8846f01b8b2cee221ba554771bef117f3bc253a840d50f85b52991c75d44825da252367c8c4014f1fbe797dfb2697ac5604348ceac8e56db8b71753040c8655208c45494e01612005607fe1e9ffbfe596dfd1704f976e31f459fd8612e0cb7d3
I: MonitorObliviousTransfer::next
I: GeneratePublicKey::next
D:  sending message (size 0.000767 MB)
I: MonitorObliviousTransfer::next
I: SendPublicKey::next
I: MonitorObliviousTransfer::next
I: RecvEncryptedMessages::next
I: MonitorObliviousTransfer::next
I: DecryptChosenMessage::next
I: MonitorObliviousTransfer::next
I: ChooserDone::next
I: MonitorObliviousTransfer::next
I: MonitorObliviousTransfer::next
I: InitChooser::next
I: MonitorObliviousTransfer::next
I: RecvConstant::next
D: received message: b6a693200be94b8a582799fc7cdf6b4223b1acac12a838db70635bc9db6bd0a4866c2a77d98d0c745d7ac757fa332d2318626f52b0246486272756db1a1c62b3a2f48ef16dec08402ff27eac9d1ec437b6940edee60425881a89dc377e47806652ba31534ef759412163a4a0256ad3c211b611e4837dc25de661adb29bfcd6d48c551277141bd310776d4b99397c306c9a1795fe5922c52b831876d84f492d22300f2cbf4a4eb169da7de2e0cde90b2331b3ad67bfbb0ff4cc7daecfcc42c6e46af72be6450c1551199ec87e0d77ddd206262a4a59f2af6d84ce4a5889958ba6f7857248109fde931513d9a813e7ea86cc58d61207979ae14009b5e1b3075cb2368cefcd00002a45054e825c7c9198c1e5958a2b11e656f26385e2b512649c36741b79067579f6f3bedf20e0539cf3bd94b0a46ccdd830397aa0ccfee77d21e732e26f4888f9d86ac1180125e68577aeb14330ca8d0e29fc08b1dd44e882a4b925e292c2498caf1cd3ad3b807e398fc442dfc81df0c3e0df187af43f3cc8ca36
I: MonitorObliviousTransfer::next
I: GeneratePublicKey::next
D:  sending message (size 0.000768 MB)
I: MonitorObliviousTransfer::next
I: SendPublicKey::next
I: MonitorObliviousTransfer::next
I: RecvEncryptedMessages::next
I: MonitorObliviousTransfer::next
I: DecryptChosenMessage::next
I: MonitorObliviousTransfer::next
I: ChooserDone::next
I: MonitorObliviousTransfer::next
I: MonitorObliviousTransfer::next
I: InitChooser::next
I: MonitorObliviousTransfer::next
I: RecvConstant::next
D: received message: b3f92ea4f75529947ad8961d45fb2f74f738206fe1c82de3edea4ec872896b9c4f89b54a29dbd6ad839de0e82a6c33159b91472bb4c677516ea1105c6c9cc094a330fbd50b3982f2afc96b44e87e92015991b215291a8d9e9bbc7dec62d96a35b754d619803bdfeacba118bb1e612a0594ed58f5ca44e4b18773508fb05810f5a99772a69f0c1f2a8e75e52bcc908671bfa8348c86f6015c9fa69b291aed8399895dfc5c941dacc5109f74b52cf6bde2b240736d16d688a3b16cfe9a034e6a494556219049c48e7ce161303d1f7cd90dbb5daf7f0cf066c308a23949d5fb9c69c13fd93a1aed661f4db7dbef5f793d99ad46332535796562a82d3bae0557c76d934ca0e350bec8c2bc2624f51259def29397e46c4d0614ce0b7ee8e4ce49d548aa1c831b35e8b154ca801264aa5794fd2bdc1819914849577eeb5386973e2da1ae257654f23e79ad9a3ffbe3b0a46cf2dcc513f10212ae924a66a3701b35488295cf98ab72d1b72498caaeaa8f120f56da1142a8c10bb0fe911bd7671b9ed98d
I: MonitorObliviousTransfer::next
I: GeneratePublicKey::next
D:  sending message (size 0.000767 MB)
I: MonitorObliviousTransfer::next
I: SendPublicKey::next
I: MonitorObliviousTransfer::next
I: RecvEncryptedMessages::next
I: MonitorObliviousTransfer::next
I: DecryptChosenMessage::next
I: MonitorObliviousTransfer::next
I: ChooserDone::next
I: MonitorObliviousTransfer::next
I: MonitorObliviousTransfer::next
I: InitChooser::next
I: MonitorObliviousTransfer::next
I: RecvConstant::next
D: received message: 7a743a39c620e031eeedaf4239d46d3dde57cc13cb508fcb77a8da209dc3d252a46cbb523091eaf6d53a81c251c68b73ae0a7022aa362046b96bf48d549fcee20b5f979d5f275f6d14622e303b9e33370916fe5b4cc2039a840acd109823ddf2f2ef96c4aacfec2b42cb26278bb1be0a47d51f6ed84fde0d108a485d24792350646c19e1718d00d89ffdf28f69015943a7c8d037b7aac8e406f53657f5a1727ee1fced595a7aad0e61bdba0f0c9144cbd71e20ab254e24fadb3a6f4d2d3052bb256cf689b61a8cf6b6495f7923e1ec1e40c70d7c94c0ed07ce1541339193a98e9a3ff250719b863e2a3dd4882db9f35593b446c462ffbc9589ba0672c49a7d56f6b9bb500229ddbc0c199e112bd41454cdbe82f8eb656cafb0692b616df8dafaa051fec7d09293cb095e33e53c05ad3d60352db6346491289b37857ffc39c887eb593aa844ad59c43b76836175e618cc73a06464905a0c5311cb862fb9c9b6774531acbefa8f99fd87e2bf621664be7d1b7c3c8568d5a9ff39faa03f149b051
I: MonitorObliviousTransfer::next
I: GeneratePublicKey::next
D:  sending message (size 0.000768 MB)
I: MonitorObliviousTransfer::next
I: SendPublicKey::next
I: MonitorObliviousTransfer::next
I: RecvEncryptedMessages::next
I: MonitorObliviousTransfer::next
I: DecryptChosenMessage::next
I: MonitorObliviousTransfer::next
I: ChooserDone::next
I: MonitorObliviousTransfer::next
I: MonitorObliviousTransfer::next
I: InitChooser::next
I: MonitorObliviousTransfer::next
I: RecvConstant::next
D: received message: 6fc499ab3144e5ade316a83f3c048094c84a7c2f01a8900cf8ccbba2d1f601431f4241e3a7d9ed29e0ca028e138a8433e5b847fee46039a27a008e2b41c8a81f08bd68446981a2219a5c66f487eba546d306d9349ad7f77913ba95fa479d7ed575a929f799f0aa6dad5f33afe10972cdbc69e4cc238d6f4b7ddb5d8e195b6595f3783132f71fa6728c0cc9b5eb7dd21e5bff88c07d86ae945a90269318791a394b269bcb26e78c3a73af156cf6a39774385ab6f228361bba38c2024da4e9f8a2adc318b109df85ea5a69d9e3929cc00be5241986605ee1d44e56e4bdb3bbfb8cc7f8c2603c786abcfd1f6f00d9dd7c92b1bec84a0d37472211ee1af6802ce302eb7eb7cea04aed9e485897b726cbbd33304f3cbede5d763321f3686184004adca7036a75fab75a9bb61c8193c2a74d9048b6d6628c6ed139d862275eb5d7eda162e5d932b4ed9631d73ec37d89803f6efc1c0d1a53fa2df1b520982d558840c7933e380fee61d6754fef57df0b1d43b79b31e1f970c6dce766a3fc3b59a79f11
I: MonitorObliviousTransfer::next
I: GeneratePublicKey::next
D:  sending message (size 0.000768 MB)
I: MonitorObliviousTransfer::next
I: SendPublicKey::next
I: MonitorObliviousTransfer::next
I: RecvEncryptedMessages::next
I: MonitorObliviousTransfer::next
I: DecryptChosenMessage::next
I: MonitorObliviousTransfer::next
I: ChooserDone::next
I: MonitorObliviousTransfer::next
I: MonitorObliviousTransfer::next
I: InitChooser::next
I: MonitorObliviousTransfer::next
I: RecvConstant::next
D: received message: a85a6f85a97a0e4e5a3c46622e0ed35129fabf028d51b9e3fc62c29590c5a49208ec558f65d0365a900d084b6628ea5704ecfb2814dd047362bc6e054c41a5ec718197b4aace9093bb9eaa081c555b79ae87a3661968c43bda49c45e38fa8a4ef09d5414b6cc610366633782abe5c32eeb1fc3401c5693e8fb95174d9f0383b7053d81fe7050963d056350cb0a6e79ee1423dc8674cef29fe621f969f3af12299fe61d34356df98b8d36186e0d8a21aa8bc22a074e00d3264dde5772beb0e61e9aced323e51eda2c05bf5afe97de91cd8cbdd39db9ed646c61aa62106b8f4478d658949e7698f1d071ceb23649b84a3b88c6853870c10ffb7b081877514d1df221966c02e129929d4370ebfdd42d09609a29333f543bd3dd3ffd2b2bedad02c42c0d17c8a26a323d1e71a41ddb224e66b89aa89e67004c9b27b49f1ce67943760b3b6f0d72d6ff141bfc5f627d044ac65215d813a469bdd7c1ce9bb63708781c04a5e861541187f9827179545134d854745c32ea31d181139fcea85c9bd6a1fd
I: MonitorObliviousTransfer::next
I: GeneratePublicKey::next
D:  sending message (size 0.000768 MB)
I: MonitorObliviousTransfer::next
I: SendPublicKey::next
I: MonitorObliviousTransfer::next
I: RecvEncryptedMessages::next
I: MonitorObliviousTransfer::next
I: DecryptChosenMessage::next
I: MonitorObliviousTransfer::next
I: ChooserDone::next
I: MonitorObliviousTransfer::next
I: MonitorObliviousTransfer::next
I: InitChooser::next
I: MonitorObliviousTransfer::next
I: RecvConstant::next
D: received message: 60964cae71873982ef2d8ebbc5cf7c6da57bddca5886dbb2344d9ce7ce49d09cef1a3a64f5d477ed24dafe221b4dccca615740f19e5f92db8a725674f1b88168746b9e380136e643894191920905dbecf9fcc57af55c5111204df2580d212d0224fd5e8ea95a8debbc3ec735dcc58b5147fba3a101fb15286367a2fac2e9405fcc3dd16e5bda3a1f200a88ac1d046782f84da1d485c0176de0bbc60b9e03d5985d4f8afef50fecd64f4519f5881408ab24dbfe973050a654c904caaaf7dc606b2b7cdd43db0deb4b63e11b131217f489cd16e0a771a70060ed08b00d37cc4dfa79541ac7980a5cd9d029d76e0f649f70a1c54ec09f773ed09211a5206fa8a17f4d6a5cd71e3d0d504c0d6f20060e9c2ed09a14362cf543112582f2cd777e025fba8c6fc891695dc3c4c84ec16b7a147bb6cc632abbd2c035c7ad213172d96a2ed060cbfee3ef3c6693cf146cc2fe01c7649b142207044f0600a39ab48f7e22307504797dcdefd87e346a5d0b84192b482da59914e11f50d87fc1c248a82c329
I: MonitorObliviousTransfer::next
I: GeneratePublicKey::next
D:  sending message (size 0.000767 MB)
I: MonitorObliviousTransfer::next
I: SendPublicKey::next
I: MonitorObliviousTransfer::next
I: RecvEncryptedMessages::next
I: MonitorObliviousTransfer::next
I: DecryptChosenMessage::next
I: MonitorObliviousTransfer::next
I: ChooserDone::next
I: MonitorObliviousTransfer::next
I: MonitorObliviousTransfer::next
I: InitChooser::next
I: MonitorObliviousTransfer::next
I: RecvConstant::next
D: received message: 9080c34e7deb4d366e502df96ec909c07d7c7865b7bd72171aee06ae33b905dfe4ac101c751b1eb428f849c630818aa2338f3bd5b90a748994b4451b8a2aa7b3c26703e7c1db7219a876aaf097839ea41a875dcf24cab2e61fc553b2201fe778fc00ce354a1f96e6f99d26dac9650c927239829b852ae30d2b620bd50644a2cb1ecbe5b4efe249fdc73f2d485e30adfbc080cc63f1d2d756c51b5055be343063565fdfb0459bcc2dcd093c7a1d12ac4edf939a949a69923b772c252c1bf84dcf53a234fb2692c4929bb41d4c9acd533dbda1252c195003c99a728c40143b9db30924b357795b07f614fd824c1f7333845cbf442cf9bf2dc48c506a6ea8fb90e599c09f9e27cae636b46cadeba4d8de80fe432298a0b7bc1700d5113b09b247caed9cd5ce9f8cbc832fc4f06bb26d8ba36d2a705169ae48afa7c38eb033539e2ca303ff0ee700bb56cbf31440b2db81d8dc1930da12b571995457e725f0a08a68e638a39555e07892a546247c956e95b9504faf1d11ae1ed56e8f91022a32863c
I: MonitorObliviousTransfer::next
I: GeneratePublicKey::next
D:  sending message (size 0.000768 MB)
I: MonitorObliviousTransfer::next
I: SendPublicKey::next
I: MonitorObliviousTransfer::next
I: RecvEncryptedMessages::next
I: MonitorObliviousTransfer::next
I: DecryptChosenMessage::next
I: MonitorObliviousTransfer::next
I: ChooserDone::next
I: MonitorObliviousTransfer::next
I: MonitorObliviousTransfer::next
I: InitChooser::next
I: MonitorObliviousTransfer::next
I: RecvConstant::next
D: received message: 52ce57ed7e9233d6a08e5ecf2d4ef201e0026cdbdd519166b5c1ca88e97f3ef4a24eb91870b767675dbd23dde6c297270d929925e108488b2542ddd0608abcd8ae63e7d06c707d83d1aaea5ff9e7445799bcf26bb637547fa754bf154cc8809bf3966fa7ecdd350e365af488fdaf88e65f54332eea279cc11cc234e8087d65df93ca13c976bf4b9ef6a96773657ebef8c1e15dc17ce4b60f73b295e6221fca482a3455c6fa6072ad4cecf9eda7a42f772d7c5b9b338b59fd91f8600926acb9c751b1381e67da55ecde94e5603e6fd507d7ec4709892855fc42b5b33634892188eaacf1a5663d91b1a2fb5cd808400ebba378d8beb13f34d8c451e7ebab471e9b1ca98e82b622edb27771a5e8db9a9162f123347b745c474c653f85afe06f255fa9f785959d58db094107e0e4f30e2fb06c99efcf626ebc8b866aaf9bdb0a37aaeef3207f8103e003e23d707bf38690b1d2df031785f2d1e72502942777d5ba6c0df18d357baa43e4995ddd2bec2030e7c918450a47b4dd9cfeb7ea7fc35168c9
I: MonitorObliviousTransfer::next
I: GeneratePublicKey::next
D:  sending message (size 0.000768 MB)
I: MonitorObliviousTransfer::next
I: SendPublicKey::next
I: MonitorObliviousTransfer::next
I: RecvEncryptedMessages::next
I: MonitorObliviousTransfer::next
I: DecryptChosenMessage::next
I: MonitorObliviousTransfer::next
I: ChooserDone::next
I: MonitorObliviousTransfer::next
I: MonitorObliviousTransfer::next
I: InitChooser::next
I: MonitorObliviousTransfer::next
I: RecvConstant::next
D: received message: 79e4890c6f5e99528920599e4b8a6f53c9dbecddef7bc2a2333d68f35614c9b4ddea363e89d41b9ef73de03a470d3691d89f7a750ba1b8021a1f17c438934e158e6f513878258975d143a676f5a851be544cc03d0c129698592049314f2e5aa2856a1ddec42c7fc275987d3358965b2e2ef03b93dc03d54a4254468cd109a4d17e8b64c2ea36f8a34f69e15e19fe6a678528aaa9746a2478aa8512a508a20f8a4e3c0db725bef61f8cde65432ef70e1a8d90b929dbadd3d2412cbc8f2cba3fb4b40b459f3649e54f222e65902dc5263d5a0393e396738030f4b43b4409538d949f6310a1b401edb6cb161fb9837c504b83edaf40657cc4ec8530ae173f5a8473e59ca03e8e63186bf6fc9950940b107f33b764ce7b2ea8c68fb494c223e42d1c35ba5b72123bf6e596122fa3b61af7f2d1b2a898af420ecac48467027fe58c921e9e7791c88e0d88710d9a93952132a481585e11b26da7a60a3ce6294e49594cb5693c4395a0a7ed88f4782621bb018690549aafd74bfbe4e84917ca44c619ba
I: MonitorObliviousTransfer::next
I: GeneratePublicKey::next
D:  sending message (size 0.000768 MB)
I: MonitorObliviousTransfer::next
I: SendPublicKey::next
I: MonitorObliviousTransfer::next
I: RecvEncryptedMessages::next
I: MonitorObliviousTransfer::next
I: DecryptChosenMessage::next
I: MonitorObliviousTransfer::next
I: ChooserDone::next
I: MonitorObliviousTransfer::next
I: MonitorObliviousTransfer::next
I: InitChooser::next
I: MonitorObliviousTransfer::next
I: RecvConstant::next
D: received message: 24a659873efed12df005de3ec79d69f8ac3fafc728254fa59c6d36858e28d211e78933e50bce625f691142447ac484a4ece1f9dd8839299409acf32d1bae6fe4737db56385cbbc8cb2bdbf89aca6bf4e1bbb2cc2d7d8a1517cfc927342430f45a34359a77187a922632daa71226584d7c499493075431a4f28bfae20f6cce5073d5ad2cda56ba715e23b672290feba8f698f093d932f13c760a98aefa8693e6b65bfc3008dfb746ff728c90dfb5c1df256a7b51ed95b75b2847d2a40361a6b694c8f9ae912bd464fdb19e58454197043e376eed04bed677e12f2d0c8e23c739eb1513ce13d98b4a29e62ac1f4fb005ddbc013d5c02fb6d2bd66712073fd8ac96adbc4ba11d58443ed4b5ca5bb080f5c8321a0bdf9c85e9555b54eb5d32f26e129679ca77e8a0847f44d7d6097904070c7bfee39e4dc10d413d7bd080880604d7d98e37a9eea53a34f65c6c62252603df6d8f5118660cd73a8e0227932dc35fc81650be4c15b937002b0a043a49a66648c3c04e70c6cc35a4ca4a78e30e3badab
I: MonitorObliviousTransfer::next
I: GeneratePublicKey::next
D:  sending message (size 0.000768 MB)
I: MonitorObliviousTransfer::next
I: SendPublicKey::next
I: MonitorObliviousTransfer::next
I: RecvEncryptedMessages::next
I: MonitorObliviousTransfer::next
I: DecryptChosenMessage::next
I: MonitorObliviousTransfer::next
I: ChooserDone::next
I: MonitorObliviousTransfer::next
I: MonitorObliviousTransfer::next
I: InitChooser::next
I: MonitorObliviousTransfer::next
I: RecvConstant::next
D: received message: 1c16a43a3107d1f938d3d876f63759a50e25e119585beed1b3c58b6f0559ce751ce091ab9aeed802519bce8014237c4ff09341acced1f5c30efb017cfcf5f6c73c353deb31232304bea14ea2120d977ae833e20ddac7d46ff4234fe8e47fb15792527c2d6e067555e93d014ba5df0cf969172109719531892d7f1bc2872c40baf18ad8a5bded887fb5e8dde7f6a0dbfe0e628ba654a056274443c7044a1814897e7c46ef6116f8d59d45806f3fea59be718a5df9e4715cb9b422ba95535bb4c919c065a2f055f93596b0ed6bcde3ffed505d9c24386b619a67233c967aa1b407ea53511597dc9ca49f7e2a5fe4aa6298b88b252bc7cd947c4a1379887dfae197a1cdcb7b30c0a3fff16345183b20963bb89f4a1292c7cde2457b175efa3f0bebdcd861a406950f27205c6a96ce777051119b38c7ec1bb41b0a7622f58a04bfc87e3d936e6b834a174aaa727edb7997aff2059e47393f0e4584ad061f9c4889d425d9d286bf9ecac85e18c354f1ec4e9e2ecf658bc88aab3eb31c1f59a703816a
I: MonitorObliviousTransfer::next
I: GeneratePublicKey::next
D:  sending message (size 0.000768 MB)
I: MonitorObliviousTransfer::next
I: SendPublicKey::next
I: MonitorObliviousTransfer::next
I: RecvEncryptedMessages::next
I: MonitorObliviousTransfer::next
I: DecryptChosenMessage::next
I: MonitorObliviousTransfer::next
I: ChooserDone::next
I: MonitorObliviousTransfer::next
I: MonitorObliviousTransfer::next
I: InitChooser::next
I: MonitorObliviousTransfer::next
I: RecvConstant::next
D: received message: 97b0639bb776478bd4d3528dcb29dc9445943fe56fcab57cfdd70035c054bd6dc3dfa08d11b2caf0f7ff17abe493b6c81401922e79138e8995a9850ffdcda2932bf79d75fba904a1e267379ddef0cce3f21f538d7ed478f7395a7fab726c1dff4de2d2fed59f116eed554242ddbe399b36d448c6c36e688680afe1a21adf95d776a0ec599e75af6d8d5fe955f8735355de2664dedf2ce13a739e95f9980c123644ee1710ad7ca8ad5fb71147ac20d543eca0a9892a19c7b483a6d356b44d9648227ecef165e77a91aae0397403e1bb51406b729d288ec1a429ad238e58968d45b949c41351551e4500abf3cc850c93c518966b5649b00710375249f2aa8f50ad853d7e77a1a58548ca4a99df5f666abd65181b0ed589326ae535130f29f91a4f6612511963f57b5aa040518c7c6c946d823504d35ab0b6e911360432300f6701a8e90f1917a17b6ab6bcd12233aaa9e938acaaa8dcb603562392dbc5d3566fad88b36e5f138d276743be2cbb6a5f84b46d5798905e1b78c203ce9b086db7f665
I: MonitorObliviousTransfer::next
I: GeneratePublicKey::next
D:  sending message (size 0.000768 MB)
I: MonitorObliviousTransfer::next
I: SendPublicKey::next
I: MonitorObliviousTransfer::next
I: RecvEncryptedMessages::next
I: MonitorObliviousTransfer::next
I: DecryptChosenMessage::next
I: MonitorObliviousTransfer::next
I: ChooserDone::next
I: MonitorObliviousTransfer::next
I: MonitorObliviousTransfer::next
I: InitChooser::next
I: MonitorObliviousTransfer::next
I: RecvConstant::next
D: received message: 47e0d0c2ad7a50b106b6bd351bf512146bf4d59a47ac7d6f2f89382522ec5b6925443d7f4f079d81cd8585ccf2d030806a01059e200923d1bef636763907b2f034604bd3547a08e9bf630f8f39aef3e5efc8b22dd063a246a8ed90bc626ac2411a1c47d07109cff30fefa87bdd52e6d4cfdbfac072b88784179668730ef897f9f15a6a99b79eb99c3bfea0cf39c1646c33d25f603ff7166eb0da57b1bd0b186c1b05bf7a5fd0e66e60f8ec1c4cab6bc47a2c1a0f9264dce13aa4311795bbd80d1996cc1561effcff98262a64a3e4c62a11112689d456236b679227c80d1d8e1d088666a383bd4470000f53079c20a8becee3c577e42af1a50baae2df7ffd14f05c408db08615b153a0cc978056e76a4e22ca020801946e1fceb52f2178faf27c76392ed277d36457c56e40a733719f1b2f7dac0ce8963f1d87c6f49be195766a84df32b0af3737f25379c353b47d5db0ccca05da5daa072a4a2d641436e0c0d07c53acdcf75363c2c182fb12a0daa169ecb65aa73b73c947fa974b52b6dffa3a
I: MonitorObliviousTransfer::next
I: GeneratePublicKey::next
D:  sending message (size 0.000768 MB)
I: MonitorObliviousTransfer::next
I: SendPublicKey::next
I: MonitorObliviousTransfer::next
I: RecvEncryptedMessages::next
I: MonitorObliviousTransfer::next
I: DecryptChosenMessage::next
I: MonitorObliviousTransfer::next
I: ChooserDone::next
I: MonitorObliviousTransfer::next
I: MonitorObliviousTransfer::next
I: InitChooser::next
I: MonitorObliviousTransfer::next
I: RecvConstant::next
D: received message: 8de6b65aa58cf1f4b63b08b73c479b7a674ddc59f82cec025b5f0a2b56ec158148eed058e4af39b0e78211ef0c23d0da698243d4b29be61a80f76941bd3aa76cfe49433ed913b69a687b3f650703d9d0adaac0de5acea9169dcaf42a5fd43d0b1a3bc3d581b8bcad5bf5b61ba5f14d12721a5b0bb09328d4945e2d1a9f340b851fc67ea1bd0dcedce4494a3baa3147193df124cf918372d96c4baddaa106ffd804a5a0c1679a790d6316123bf1155f4e133ef1df3a0f059b6290ab7d33eb24e272ba4920ef4a4041400aad0c6e5c40b26e8bab1f6ccc23a70f1b9d3b454ceb3adeda999c3f5ebaf33661fac729ba8cdbc404f52b64c1855ff8e2750dc922eea43e3514dde7fdb90f129d293f2f6bbbf0df9d8d7960e1dbd69b416600404fbcc1b3fd06055e63d6eaf0b61664c0b33fefc9f5c4acbce7f8c3d7f2408e4176d05f0f3b551d155d9fbd0096e7b9834bd9b45b04dcf7aee99b02156962ceb5c513be677c13c5ea1eb03e2330e180711b0bf9189cda7e82db166af51057256f216dbf
I: MonitorObliviousTransfer::next
I: GeneratePublicKey::next
D:  sending message (size 0.000768 MB)
I: MonitorObliviousTransfer::next
I: SendPublicKey::next
I: MonitorObliviousTransfer::next
I: RecvEncryptedMessages::next
I: MonitorObliviousTransfer::next
I: DecryptChosenMessage::next
I: MonitorObliviousTransfer::next
I: ChooserDone::next
I: MonitorObliviousTransfer::next
I: MonitorObliviousTransfer::next
I: InitChooser::next
I: MonitorObliviousTransfer::next
I: RecvConstant::next
D: received message: ba07f1a5f64b3063e8d32bc57f7910e26ccdb8aa2ce367528a8c65e93227ee17f7a73e238a3c8f750096f2288c22ae6715d68571125a4a699e7ee8a416bba2da36ada450367113c3a8d7dde381d58895e664c4253f3755dbb707ffb098cbff0a1117982cd91aa081ca378a6f74445ab170c7b1033f69153b7d2e9c7760365a9e92335d9f9019f038d80643bb51064cd94b3ec3e85e1d31df8bf53a72b5142c9c6638f9f380fdf7d5c65c6e31dc6dc542f520e1eebd92f588b55c884086ae7d5266ec3c1f8ffc93bb4080f51a63beefcfe16536659bd8f08c57c2f47665079c3208b0a7325181f9625acfc1d5cffb6a4c5c29f71aba05d0e1105f964cee7c11c5a9c1731a58bcfbdbe74f37bbf2f45a9ac23ed20df6b0478d5bb1af938c792adabfe72e914fb7c9dc318af0a153ce6fcb876054627ec5d34acc85f6bb5d48738cc0611f6701c315cfa94286035f9f8c804ff3b52e47b042e5a5e4ec1e2a9e00b59ad1288cf5420065d9fe7d1a92e428e27df3ad5a1641ee4a2e25e677e98baed2
I: MonitorObliviousTransfer::next
I: GeneratePublicKey::next
D:  sending message (size 0.000768 MB)
I: MonitorObliviousTransfer::next
I: SendPublicKey::next
I: MonitorObliviousTransfer::next
I: RecvEncryptedMessages::next
I: MonitorObliviousTransfer::next
I: DecryptChosenMessage::next
I: MonitorObliviousTransfer::next
I: ChooserDone::next
I: MonitorObliviousTransfer::next
I: MonitorObliviousTransfer::next
I: InitChooser::next
I: MonitorObliviousTransfer::next
I: RecvConstant::next
D: received message: 1149432823ea2dea5629548db23f2cc2ee34191eeb537b2d74118607dda0cca7c54932f19caedb4d435bbb28dea40a2acf0c1da1af56b46704e8e7bd39f74f1fe9aefb24e0a5a49b963b880ccc5e37409cbcce42c7973206d7beb5710bde7c9bca76b58ab099120e66133f514d17e6fd420628fdbe78e3abd7f628f171a7aa1cbeec1780bfc0ba8c9196691c02a420f3c80b241f23bbc41fba2322aa0225066c9d005d874ffec48d64a01e0777564e39499df756e074f17120a79762c0446f8dd1506c01844e0ec8e24e519b262106d9fb39ceb0a4ccebb672302bf169cd00b6cb1ed8b39b41f0af4d07db476c2928d432bb9c5a61ee2615fd785f9a3c6021811248d2168de4d55d136baba0f5b7f33e3e11c41e4f0b3ffa326789b13e2ec9d7f7e454403885cc9c1053a9043c8dad00038916f1bdd111ede03cd3067c06b3b0479dc29d08895039a9aea7818263179b67fb3e4ba5c05c711b2c1737e25aef2c401164fe4b9cae266582581c83c2b5086d3d7a8c1f137ea7eb1cd2e10c3ae662
I: MonitorObliviousTransfer::next
I: GeneratePublicKey::next
D:  sending message (size 0.000768 MB)
I: MonitorObliviousTransfer::next
I: SendPublicKey::next
I: MonitorObliviousTransfer::next
I: RecvEncryptedMessages::next
I: MonitorObliviousTransfer::next
I: DecryptChosenMessage::next
I: MonitorObliviousTransfer::next
I: ChooserDone::next
I: MonitorObliviousTransfer::next
I: MonitorObliviousTransfer::next
I: InitChooser::next
I: MonitorObliviousTransfer::next
I: RecvConstant::next
D: received message: 77f2279d5d90466e354a2a1d51d68b39995f555e75e08fac32871e1a114487806a9c624f4deb581713f5b9f9ddb3dc9c4dd48250fbc7a2babcebfd156e2a8e6a4c00a3e52711c3807a7f8dc42ac3c4c9e10ce1d946e483033e14fef105092b52f3bd3100b9288d42d4dbf012fbe7f3d17b154e95db5e3bf325e52454be9a22f2b905ea0bf4c25d0154432138fb47310f3f4fe11bb8a99018effc8ffbc2e6225fa72f6aa74d707dbc49c832bde37edb1832a351bfee046c074a08faef8e352046bc5c32a9e526da51d6c90edce2161519e80cc3547479b8da53b63a4b7c367bf3aa0ee50b0b01b7918231183b2b05fec6da0d7a0d64a8a417d531ed65c36ce85d7dc845f4e0e65502635e88f1566690df247bc879b22b06aa80d9279333712dcc2a960d16507ac282298992351c8fd7c65ff1645562cdab3a59c8345ed4ab1e227bb81b4a5bf972d130d091acc392be15011e1c59b39f8319c5c9626f8d66062b8b20133b4b3d0b965c62febe3217e42f26df70f38d93bdef796002bcce84ae3f
I: MonitorObliviousTransfer::next
I: GeneratePublicKey::next
D:  sending message (size 0.000768 MB)
I: MonitorObliviousTransfer::next
I: SendPublicKey::next
I: MonitorObliviousTransfer::next
I: RecvEncryptedMessages::next
I: MonitorObliviousTransfer::next
I: DecryptChosenMessage::next
I: MonitorObliviousTransfer::next
I: ChooserDone::next
I: MonitorObliviousTransfer::next
I: MonitorObliviousTransfer::next
I: InitChooser::next
I: MonitorObliviousTransfer::next
I: RecvConstant::next
D: received message: 38a85e8dd4811b961eb52916bc6b5d363e21a52a17b023b7aaf46ea8812ef2f4e26c08987870c8ddf594417224f2bd2d6de907dfa32de6f5d95edef1ddc7b30ec310ff6b938f5c032f3c04745fc2e083a94c1a42cee12ea9ca6e2dadbab8720d7714cffcb2d2efb58b2c5ccea0b89030b09191af60ed0b5161b44252070b45c99a61f0e6e27431430a001a14f1e58469b55b10ef1f2d4ab5199e67bec76f21e0f5465b25f989f18180d0602ec99c26581f8ad9ba5377a7ce8a9e0878bc696c0ebb1da08f5ec42eb8894f7881905eace1e287e3b612fc024093346d8c1935fb252fae239246e88d63a7d9d5fbd9db7a2d916616549f4851fadef65d022d8c5c052b4f9da85d38ec085db20407f7dea51e1f43a9af951692cb03dca199eb72a243dcf4eb57e7689fbd2845784c0b4cc076fb327d69eb789ea9cbd39bb8ce8273f11020fd87686c913db35e990edc3a93a24f1593446d01c0f9062c63462863e159879dbc6ea6bba25affc3efbde71b2cdfd92acb0a4fa15213b6b1695cfe743a20
I: MonitorObliviousTransfer::next
I: GeneratePublicKey::next
D:  sending message (size 0.000768 MB)
I: MonitorObliviousTransfer::next
I: SendPublicKey::next
I: MonitorObliviousTransfer::next
I: RecvEncryptedMessages::next
I: MonitorObliviousTransfer::next
I: DecryptChosenMessage::next
I: MonitorObliviousTransfer::next
I: ChooserDone::next
I: MonitorObliviousTransfer::next
I: MonitorObliviousTransfer::next
I: InitChooser::next
I: MonitorObliviousTransfer::next
I: RecvConstant::next
D: received message: 545e91cefd980b3b251dace3b812eb8cd4a2e8d369c0ce8c21b77ea9ff9e8c2509d5b8557089214b03d23c15fb16098f92fd4e8175f7bd6b786ea7ae50b2967a898b12e13e7eb89ba1a130e8b18da2fa66280127fe6c70756a6210f79fc800c5ecf615fff751b1a5cd53dfaf28c428e3088b505ffb9b8186f054d743daec025353c430585b6e195de4bd360b773df8f23c59e044593eb2d4757236dd6a0db8315bcf4a184f047731f1f7e527a0c435fe8e715fb25f855fb74826a4dce966db40a0e7c1d4a10cdffb7e92b2e81ded2afad19f53700fc88bd9c8ee3547afd67d83869b6c1b16a405165828781b45db65a15dcb6b46897f68dc7336c4434c0f4d2af6f5f4f26ab21ce3294edf34e7319de7df90b78bc4b67581619ff78c9a5d9c1fbd3d2726946155245a88f5dbd17af431955d9444701e45367f70d3be0b555f5ba1c63b7391d369a3907c5061ebb9c46b149298827e65349604d49000d6230ae1a97523d920ba472f375fb8e6b27641b790e2839fb91f9be80d8ba2324be62924
I: MonitorObliviousTransfer::next
I: GeneratePublicKey::next
D:  sending message (size 0.000767 MB)
I: MonitorObliviousTransfer::next
I: SendPublicKey::next
I: MonitorObliviousTransfer::next
I: RecvEncryptedMessages::next
I: MonitorObliviousTransfer::next
I: DecryptChosenMessage::next
I: MonitorObliviousTransfer::next
I: ChooserDone::next
I: MonitorObliviousTransfer::next
I: MonitorObliviousTransfer::next
I: InitChooser::next
I: MonitorObliviousTransfer::next
I: RecvConstant::next
D: received message: 397b88ef86c9b117053fd9ba1a5a67a65c2b4922e404833305e3176d115acec474872b4133e695fe8536c7f30e117d3e491ac8d5540b166eb261b1fdab29cf91ca511127cb415784cf2915ee4c958cfe5bc89096170b771ea6433af386c769cb93b530ccc64e38d63df5b4599f3067f52bfb8d8d7eaeeaa9ff2afb0b1f6b0f1e7c1aaf81e72ab4648bf1ba5fb90f5e0f602f98f2c87cc422ad33e0995ac2194a5b8a9f61252739d08f47782f53692b8d44432a05f2d1f2fb56b0d46f644f8874c73d4e92a91c46d0cea1e57093e86b508151fd71683e7f75287aa665686f5aad0b743f11ab1a76a66269db86d82879eddecf5e5b7c12248c5e35d919ec3e70f58b6781217553c985ccdcb563779d859f6bff7da16c121af31e8af507a78a4c2dbd3462e6e4031373f017f30d1172c7e7e872dfb019802f774ae51f15d18c46a963a219ae32bff0c1a553d96895c29cc7c7e099c03bbb650050e65afb47d3ca684d500f5a790aa5b686d3a2fa7c6dc54cef7ac41485cd6918ea7d275b2b41607e
I: MonitorObliviousTransfer::next
I: GeneratePublicKey::next
D:  sending message (size 0.000768 MB)
I: MonitorObliviousTransfer::next
I: SendPublicKey::next
I: MonitorObliviousTransfer::next
I: RecvEncryptedMessages::next
I: MonitorObliviousTransfer::next
I: DecryptChosenMessage::next
I: MonitorObliviousTransfer::next
I: ChooserDone::next
I: MonitorObliviousTransfer::next
I: MonitorObliviousTransfer::next
I: InitChooser::next
I: MonitorObliviousTransfer::next
I: RecvConstant::next
D: received message: ac7761389bf34b86e09ff5cb00210bceac7e6a041904c6369877779dbdd8c29c23b48371594e2728cd1a1eb3fd3345b0c6918cca7e6583bea27777c0677c13867ca7fe1937f713a8a5f60ac26c02366d7556a0c09b867d8738f9c44899c40e44d7fd5ce1a2cfab21a921b994ee5b72d28d8ebf54ea539ba9233af58f85082596e2670d93733c26920eedc6a7e1b9555e454adf77008762924298d34c62795479870f402f3baa3508b4adff1b18a8e6a08d67e1e39cc25dc7016a5ca048fd09b330b8c0a7dbe09643f5655e1eb54e6d28da39e4c8127987e2e617e0c58fe498434ebcecea394104d30374c0f9959d63b28cec07d42eaa20ce4743a88e33070b7f17170dad990bd70b4f30d8a7b3baed11d1487a68c62ef20254990bdb0c8a45ede073aeb65d48ed12ec4ea4de8d9287e9f183d4090943fc27a33a534c898d65c48920ad8fa4473488ff2a1be5584f044500ea75ef485ae8703ecfc979fe1ec39d203ac326a4a416ca651b5ca31c93ff4886e2836b6440dd585cc4fae8643b0136
I: MonitorObliviousTransfer::next
I: GeneratePublicKey::next
D:  sending message (size 0.000768 MB)
I: MonitorObliviousTransfer::next
I: SendPublicKey::next
I: MonitorObliviousTransfer::next
I: RecvEncryptedMessages::next
I: MonitorObliviousTransfer::next
I: DecryptChosenMessage::next
I: MonitorObliviousTransfer::next
I: ChooserDone::next
I: MonitorObliviousTransfer::next
I: MonitorObliviousTransfer::next
I: InitChooser::next
I: MonitorObliviousTransfer::next
I: RecvConstant::next
D: received message: 623ffee3496f379fd83aa2c49e3264c52002c5bd890263e49cfe586585e16b4a2ca7e1227f1c8d9151139bfe68ddb01789d6fa6f667052aafa50d37a0d6b1c5057747f5978ac4e3d9f221d8d86a2c1492209c423932675e6ec3076dbec344ed32ae0c5c97dea3c46953f6482452551399382a908a2ebf642cad32cffc3911734196c56bf5775fc2d9c5a43bd5856b8ec918cad55a235672c1b3e02802b9fe782d5688c768c72ca6fb5a14c9bd08df0ffdd5309eb04d8d25dc504e6f40454b133e97f2dece0d01cc801356cef8a6c0eac2f1e367703f7ec25ccc13301eab08a69bc0d67d514b1d05bff0660b5fb6a55c8effe771c13f2710faf7e392a0f02179c02ebe0d4d97ce6cb4818f707703766b91e14d644f6ead7664d5d481d7abd106122fe9afa06a0992b62b753b1e93c4641b5bb082f24089574a396778830b89552815ba370eeca036f5bea60b20353f28566421320c6cd4e2123e4808d3823d9a289929409eb60ff5c55e884343bcb723590b1cb0a452e54770bc798285ac5165c
I: MonitorObliviousTransfer::next
I: GeneratePublicKey::next
D:  sending message (size 0.000768 MB)
I: MonitorObliviousTransfer::next
I: SendPublicKey::next
I: MonitorObliviousTransfer::next
I: RecvEncryptedMessages::next
I: MonitorObliviousTransfer::next
I: DecryptChosenMessage::next
I: MonitorObliviousTransfer::next
I: ChooserDone::next
I: MonitorObliviousTransfer::next
I: MonitorObliviousTransfer::next
I: InitChooser::next
I: MonitorObliviousTransfer::next
I: RecvConstant::next
D: received message: 14b392b71136d8e7b43990559f51fd464456798620c24444061ff43d773fecf812e2dc2bb51a3c54d6818e2901960b1925e267f75d37502912434c902221bfea22c2fe23cdc8aca349b897da0fb1843c0945b79cd63fa9a19bc7c68c69db10c8f937e8ea144f3b312346c56de2ede0f7c827319aac57d4ae3b36626b07fce6ce0cc1691b4f74b3b635758d400415a51ca1da9bacec936e1c586573b0257e43922aa18dc4716f898c90d112139e931be298ea027ea8bef4a2379c984cb17a362b9260eec5c5b8dcc159d4bfabc924306bbad1eda6e9b9d6bf58b9ac28905e67514f5cabc26b0462c5169bfe5d5f78d70b8e9a0dc840b925133fad00be63eeb43783f15d26c23ec724b8144f935e629c3fce17cc1ba8514db2b7da7f73534c84be113b233302ffb06e629c05bacec1ca05a121c20644121cf09183ee967ed47d3fc332bf31f511cc39e5bebd792448b50f64ed7cf6756c221b5a9274d367360fec19a5ab73321040451c4f808d731716ff147c6f8d783eb64358988a9bd7c0c939
I: MonitorObliviousTransfer::next
I: GeneratePublicKey::next
D:  sending message (size 0.000768 MB)
I: MonitorObliviousTransfer::next
I: SendPublicKey::next
I: MonitorObliviousTransfer::next
I: RecvEncryptedMessages::next
I: MonitorObliviousTransfer::next
I: DecryptChosenMessage::next
I: MonitorObliviousTransfer::next
I: ChooserDone::next
I: MonitorObliviousTransfer::next
I: MonitorObliviousTransfer::next
I: InitChooser::next
I: MonitorObliviousTransfer::next
I: RecvConstant::next
D: received message: 5a41b72ddd08f43e5c81bd5f074f974f56cadf15ef8d734092448bbbce7866208846c4de24142f12780611bb7cf9a109159ff07980d93619e2a4accfc5c889f5e07377a1fec6401f7fd221a3fd97c44964e1ea18df9f4c5cd4b6f56a405662717490ee86d6d46edf8427b685c70a7ef76771a4cb5905824e65817f2813b74564030f5acf3e8935ed21e92c5004b5cc19cbbe4d7187099073ab0e8968fc1b47094ad3bf956383e4f8388b9dd70683744817754d9088aa3d24c062a2a05636bacc585ce8ad58040d63d238060b33961aa8b22a6563baed6db1b93c91a84519e9a507567a65c238f7d8c156073ab4211402cbb595cade371a5203a4e8f806256fbc457af72a93ce73354ca683ef37cf5d9de2d691835b2caeb185612975bc8962dc43b758a018106ea4670645fef813e9d510ab62346c280b539f2ff5e87889085528ba7ba7d2f15dda0d1c276ac1590cc137b864a93eab66ff77059f7b7b231169129c921d05e06b2a2f52be0f665606219a8551a2809070f815fc03e97f95bb3e
I: MonitorObliviousTransfer::next
I: GeneratePublicKey::next
D:  sending message (size 0.000768 MB)
I: MonitorObliviousTransfer::next
I: SendPublicKey::next
I: MonitorObliviousTransfer::next
I: RecvEncryptedMessages::next
I: MonitorObliviousTransfer::next
I: DecryptChosenMessage::next
I: MonitorObliviousTransfer::next
I: ChooserDone::next
I: MonitorObliviousTransfer::next
I: MonitorObliviousTransfer::next
I: InitChooser::next
I: MonitorObliviousTransfer::next
I: RecvConstant::next
D: received message: 1da660c2888c9c0c3aedec7ac3cefe2d26b299a462880acc7e4943d59e4ab4a634fe5dff59509bf38b03705cc4e0b1aeda5287e5dd46de658ff087c544852ca39c25b8b30addfa00e5c6dd456d65c4f52c1c0acffbcb79ecf8bec5bce63261b8ea211e2956cb35967860f41cfe16125ad105e4e242f94344c295ef6aae404d12bca845b256a0cf584354ee61c2f056e8b7b96b145d7e2b533f7f399d023c76f05845e54fc46902f74fad1d7046abe6bfb7e7c6d027000b0ff3bc2efb00aca793e06123134f6c9348ab6a5bedf4e33806c2be91508b0166f265114187ba21ef5337cd11d92934b51909153053713ca74b28193719e411d35fde3fb001eb1b96a986cd856391ec9147d62e34c0f4a2a59136b23cec0ebb6ce151e82cbd4667e144da5a71636f7309ef1bded2a27dc3680f6f03e886ecd603deaefc895e063bfc7a88b42e3086dc7ac7c0778dd27a658a198e47f47cc578069818430c1b21df92ab8928525d9362ec59427b01e1bef25675f5047d991969cf89df56030809040448
I: MonitorObliviousTransfer::next
I: GeneratePublicKey::next
D:  sending message (size 0.000768 MB)
I: MonitorObliviousTransfer::next
I: SendPublicKey::next
I: MonitorObliviousTransfer::next
I: RecvEncryptedMessages::next
I: MonitorObliviousTransfer::next
I: DecryptChosenMessage::next
I: MonitorObliviousTransfer::next
I: ChooserDone::next
I: MonitorObliviousTransfer::next
I: MonitorObliviousTransfer::next
I: InitChooser::next
I: MonitorObliviousTransfer::next
I: RecvConstant::next
D: received message: cd1f2074d77f2c72dc4722a3f252323e5620f194fd310c2424d62ca688579ee7fb032f3ae2f63059344334a1ce0fdd25f8d04cf5909dff27205758580519373a5037aed1c2a468f0531147ea234649f7ca5ece47614fe791b96acaec5c4ef5127b54dda9af2eef2ea669869f92eaa287d5b6608d0a51e5ccc87480c96b8fcc418de96d86dd02240a8c28bd7781af56bee5069c355424c7506a04f5eb0a9004a65fbfeff413f5d84d1538eb5a864adf699ffbc347487a8a934b291d5169840112e4806125e57c95775567eefda058770e46ab0d3cb106b1aa75823ccd54972048b9ac4e9acf6a626f1ff0716c94889f86276151179759454ac47ccbb3d9a85c9bfa7790137f80922081aeb1866e40430208eb2be29e76d094ec0ec0304c48bed359f44399cdd79197388f6e72320ac392c0c756f42c20f1accdab6ac126ca597b97926cbccbe253397d2a53cb497cf0cb8bf968a0d8dd71e37ea8a504f599b7371f3437e3385f4bac445591d610dfdc915f9eabdd6f09e8efe7d96926d09d837c
I: MonitorObliviousTransfer::next
I: GeneratePublicKey::next
D:  sending message (size 0.000768 MB)
I: MonitorObliviousTransfer::next
I: SendPublicKey::next
I: MonitorObliviousTransfer::next
I: RecvEncryptedMessages::next
I: MonitorObliviousTransfer::next
I: DecryptChosenMessage::next
I: MonitorObliviousTransfer::next
I: ChooserDone::next
I: MonitorObliviousTransfer::next
I: MonitorObliviousTransfer::next
I: InitChooser::next
I: MonitorObliviousTransfer::next
I: RecvConstant::next
D: received message: 49daf5d8f8162d10d2d45f7ab16bf815ca403b86c7e3f3790a6b7b88948cc2721ece071486e92c17685c9f563fc8d69a356a4f682f8f486fad4005f8bfffc5237c96fa93ed1b396fc51871d432e30699624f257e470e4ba830aa9f9984b17728c8cc8c8ca547b73fb9ae5264186cca3bc1638e62e1f43abae77a506aabf23429fd36b37d1d1f72aaf42fef1afe9a348842f552be14d940786c6c4caee8641f91d51320cba226294505e6b0ab6f40a7f462630688903d0f949a9c44e82aa10c5b07647cab37e0d0e0c5e8159d1c4d6c085f2b77bd478c74f9ee951ea49676aea65e149ef5580707cf15fc278831d1049f95b040de0688b472cc08f12674c4983ebef90e287bfe7583486ddc40a1c63cc6f44a55dd7c70f59c53091172689f254d21759d77b6a042fb1e0f7a51725e9b9475c5becd146b42a8e0d2b280e59d3d026caefa8de0ef3cc8c86c7d979eff6d0b68347e772512deef77644a4c29fae1643567a1f7d6b5caf3eaadc6c8b54fb10358c5c7dc06458717dc146ae1ef47df1f
I: MonitorObliviousTransfer::next
I: GeneratePublicKey::next
D:  sending message (size 0.000768 MB)
I: MonitorObliviousTransfer::next
I: SendPublicKey::next
I: MonitorObliviousTransfer::next
I: RecvEncryptedMessages::next
I: MonitorObliviousTransfer::next
I: DecryptChosenMessage::next
I: MonitorObliviousTransfer::next
I: ChooserDone::next
I: MonitorObliviousTransfer::next
I: MonitorObliviousTransfer::next
I: InitChooser::next
I: MonitorObliviousTransfer::next
I: RecvConstant::next
D: received message: 7d1a7cbaa4c196f9c1b9037f9427db27e394b95c06d7125e08e41d6033b327386c5f632cf980d608d8bf2b8d945e2d16c84c55fa8cda1991c6361314b7e3a216090793d37824377682ec84e3a9003ce58ab50b723d77323f7e2f090de23a0a8db815d06b0f2f8543bfa9b9d2b18b2441ceba742f3dd740e721639decf79f4def76506e7a3974e6ddef9154db83e433fa3c0e5dcabaafc6fc3610ad4834c0fb5dfdc8eb3ed432b01900a192702df3b6e03b0ecb78b66d312890932d2084d216897ed61b92b7b79c99deab6d277012093e70fab6ead1afa684fe182f169936d6de4dd32569a23db3e13d0eeb5eb5e9a00220f7f29a14bdb7c52173bfa57cf3aee5572b0aea8108094143adde21ee9e8366935fa057da7cf86a3b7470a0ca0f5977a8a5d92813bc09fe3317601670474f923bea3a650050c750ca275f0c6f6088d0009256784cbcc55deb2362e0c3853160bc91af008f9a416e65753bc42e61e16543057601f05ae13053b40bab306b46bcd096ffa963a88686741a0625520642ba
I: MonitorObliviousTransfer::next
I: GeneratePublicKey::next
D:  sending message (size 0.000768 MB)
I: MonitorObliviousTransfer::next
I: SendPublicKey::next
I: MonitorObliviousTransfer::next
I: RecvEncryptedMessages::next
I: MonitorObliviousTransfer::next
I: DecryptChosenMessage::next
I: MonitorObliviousTransfer::next
I: ChooserDone::next
I: MonitorObliviousTransfer::next
I: MonitorObliviousTransfer::next
I: InitChooser::next
I: MonitorObliviousTransfer::next
I: RecvConstant::next
D: received message: c9ac93c40686435eca6474684b489b43fb288d7f4595326d0b3e21dfe9f15b3b3f3cfc0516eac0d84f0298224fac9e2de41e8fc80a4b6d5cb5ddfd69fac62d6549964f6e61f5ff4b829aa75986e861744efacbdb89fc8cd0e04413abe34f09741a1c0153567fe69818f9e67ace2a531a08fc44f0cea797f5404994842d5d2f4a948a656121824809827f5be0aa0e43756ed3643496aabd35ab7f196ba171156142b1b81b74d706c962f21bb1d3bf84376dafcdddc7e9509f8dedb0c9950f59c061c8618b0157d8fe5932d07c7cb060b934b147ea54250d2940b99af5c0a2fa4b52ba5aa6ac0018c7c0352e735a4ddd73758d03015d3a5711df7becb23029ded849883bb39c9f12e10b08b3c8c07e62a7a3a24709c5b451d03eec96c93a78549d5e4b5c87cf420cb9155fefaf173af23e8f8ee6b235de924bc0a7267d833e44b590f59061aa3035f2f6f7a0d33bbfc99d8500394f42e166519bc03c03ea406f0f0d2e9e78689b2488412b1dd0292ccc1def6eb5cdeebfe80ba1de454e51995520
I: MonitorObliviousTransfer::next
I: GeneratePublicKey::next
D:  sending message (size 0.000768 MB)
I: MonitorObliviousTransfer::next
I: SendPublicKey::next
I: MonitorObliviousTransfer::next
I: RecvEncryptedMessages::next
I: MonitorObliviousTransfer::next
I: DecryptChosenMessage::next
I: MonitorObliviousTransfer::next
I: ChooserDone::next
I: MonitorObliviousTransfer::next
I: MonitorObliviousTransfer::next
I: InitChooser::next
I: MonitorObliviousTransfer::next
I: RecvConstant::next
D: received message: 7717a2da465af104ac34ea5de721ece86a75911f45bbb3f1875f4566cf565d2a2f8c8d09b398bac0692faee517bff3de619a4767cd0a61dd38a62b34a9277c206af3eff4d9c5137e668e253878a86a71431c09815db5795bc34e0583a6c016865a0e4ba55d9987aec137228d7da81bd67fa5242b00834b90a0e6dede6d6d8e1b152bdbad73a3cb35bf342b8ea23d6aaa5bff1c1b8e378acd4ac7ca54d2279a4fc970e34d204c9e410e5209b772959fd83069f028dd39044c09cd2f0fd0e64249ddc4aad1fd00f9b4aa03bd79fc40528305a3efa7d77e28277f3bfc61ae7aec706a946c72bf74819ddd9b74da3dc91db20f6c65eca330bb365b252b5286282298a06a1ecc7bc83e4fc619866521dcba56ba58fc0740c570c470b92a5173ce8eb2fa41dafbd14d1126f222b77084bad47acadf758f4c32d943f3c987744743ce47a75880ca6b92ad235d5910d616009472938f48a6ba0875cee033d0bbea8fcaee18b20b2ff09c4166ec6c685cfb3b2a192cc56d39ff37e8a9448f4d58799e45de
I: MonitorObliviousTransfer::next
I: GeneratePublicKey::next
D:  sending message (size 0.000768 MB)
I: MonitorObliviousTransfer::next
I: SendPublicKey::next
I: MonitorObliviousTransfer::next
I: RecvEncryptedMessages::next
I: MonitorObliviousTransfer::next
I: DecryptChosenMessage::next
I: MonitorObliviousTransfer::next
I: ChooserDone::next
I: MonitorObliviousTransfer::next
I: MonitorObliviousTransfer::next
I: InitChooser::next
I: MonitorObliviousTransfer::next
I: RecvConstant::next
D: received message: b2190bff0e2c4a309ad7ae8dae7a3b08248b5003d76eafcfb9c5efafab59270a3bf5cadea0fe26a0429c982bad1169eafcb28c3527babd97e0fd933f46a7437dfc34f103acc5a770d6822581f18213a7db1994253f9a1599be6ff97e81e1b2c55151c1229b07ac01caf7063b2a574b63555871399bb9ba3c405749cb158837d0cd57b1b9ca786c8d74b91807aa278a9eebeed29d8ca8f51f5e8abaea129067a6ed2c17139318d87ed8f781ef7ada27b7f6217586870f27e5cc3d4e24b610307c206544e2c97c177161631d2c1e2e1c76d199b0acf82efc5305d879ee6451cf5cd3e73f7ddedb0ee4314568eadc9749619f1a7d138e4fe7b5f2d6fb6a3bbdd3330b1c75b14386fc96caf9d54f7ae23a06e98f54a898195c21a1c71b8e38a2034dc4b1a311eef83037ceab2f5b0a0f627b29d112dc14422911028492aa254b8f0f758d22c91b22635cbf16da56dee78c807a07a49314301fabc47fd684392e21c0241d65b76b88b1a89a03e499d1653c8546396671cd8005804743682efd7bf12d
I: MonitorObliviousTransfer::next
I: GeneratePublicKey::next
D:  sending message (size 0.000768 MB)
I: MonitorObliviousTransfer::next
I: SendPublicKey::next
I: MonitorObliviousTransfer::next
I: RecvEncryptedMessages::next
I: MonitorObliviousTransfer::next
I: DecryptChosenMessage::next
I: MonitorObliviousTransfer::next
I: ChooserDone::next
I: MonitorObliviousTransfer::next
I: MonitorObliviousTransfer::next
I: InitChooser::next
I: MonitorObliviousTransfer::next
I: RecvConstant::next
D: received message: d2892cae0be98788b82781aa2ccd47a839782bf9ebf90c1da0e659ac5bf27c2bd82f9070898167eb9962ac5df55867ad19001b9de94a7df68145729479328d03c3dfd70c1a7b2793d897a4baeaa0083bc56bddf2e9e93d738282a2dfdc7c0714d1a0e08e59bba154f3b08c918a9a47e9fe9657abf14d0da79c370ea980675967347bdd242dcf2073d0801a40e5221eace5169704edd173792540c3ccb2f95f6be271ab28098d8d83d5fa1f41b5923849dcfac73162ae3959f6a72351ba7d4007b47f655bd1ea7d37d48573393858eb98d8ec3326b5787d8a36bb126262ec47a2d573a1019fffac3520800da2e99cadcf8e2838f1ef1aa47a05023a0e5de63f57ce65ecf2b7a7c173c17c78f0aab24f181c448b40c5deba1ece259887b6cf8e0ee33266d38ef16750eb9695bd5cac6ce79f9c4274e22ce9d7b08665b3b4b951e6c4ba04d4ae2284d518477b274f7c13db7153768a0393248920b77895f615b0ec8d17c6e4a1acf75dab411d53ffbfb8d6a454744c904657af6ba1fed0659e161
I: MonitorObliviousTransfer::next
I: GeneratePublicKey::next
D:  sending message (size 0.000768 MB)
I: MonitorObliviousTransfer::next
I: SendPublicKey::next
I: MonitorObliviousTransfer::next
I: RecvEncryptedMessages::next
I: MonitorObliviousTransfer::next
I: DecryptChosenMessage::next
I: MonitorObliviousTransfer::next
I: ChooserDone::next
I: MonitorObliviousTransfer::next
I: MonitorObliviousTransfer::next
I: InitChooser::next
I: MonitorObliviousTransfer::next
I: RecvConstant::next
D: received message: 8b524e0263781c851fe922f09b4018ef54d59659cb87509b9f18c3a3b298aaa3362871d9e6160c56ef0d75a62331efa6e12f352cfef3103294ceee375eb1e4dd3aa159f4f99b85fa715ccc3bbcdd80bdf9b6ac05e509b8660abe6c98e3805dee7b3a5891cfa8d674a5b885001447df2193cbed18a1d2402aa8c039d77e99acf89bd3bc76559e23e7d754d4492724a50e53e948ea83a4ca3f870786f78a24815d9cb99a9f8d4fe5cfc5a6218f8be589d84844518190649144f7f4b14f007ae06696ae7d4833f3fc7014b4123b2aacbf91bfc0f15862740f7ee0ffd71a823f48405a0f739a80cedabaf2dacf2f3a5b33c1f73e727eae16dfb42878a17cfbae7d3993772c0aaf5108679501f203f0c84a0a4d0503fecc7eb9927b37c1bf4a8c661e7b86e6171d5cb17b4add7d70a013856c40b6f5f605810324fcf7026f34eee1933dd9fe3aeea95484a3b8b40d7db10009dcc698f3a8579a6dd9230f289256e92cda91c53125e195e177dd077e7ac9ad4829b2d07699cee22a74101693450ea067
I: MonitorObliviousTransfer::next
I: GeneratePublicKey::next
D:  sending message (size 0.000768 MB)
I: MonitorObliviousTransfer::next
I: SendPublicKey::next
I: MonitorObliviousTransfer::next
I: RecvEncryptedMessages::next
I: MonitorObliviousTransfer::next
I: DecryptChosenMessage::next
I: MonitorObliviousTransfer::next
I: ChooserDone::next
I: MonitorObliviousTransfer::next
I: MonitorObliviousTransfer::next
I: InitChooser::next
I: MonitorObliviousTransfer::next
I: RecvConstant::next
D: received message: 8a50c7ad5af88644ca667c1fa83cf3f5fa0ead441f90df5b25cbccb37157106c5dcf1c1df343f5ec5096c7213ad12bee92334c93f6eb6fe45d5801069b28fb54fa93511e75ee46f26e30da40f20d49e497a151d12e8d9411abcfce64700eb341d35bc1ea2a42ab37c0fc47732e818e37e7931152ee3bc5c81777cbd74bc9bc957c4d9524799f04319bdd9d4759f1c3d27ab1ed361892b5a3ef39b2b9d5f539268456d174da40ce0595337331c6df939a86209a46b6e52df3bd5e1e77c9da408208da04c617c075d9d8534f3860cfa3029a6a20402bbbeeb8c69e45b416684fc396d3ed04ef59a19df126b9ebfd679f057bdd2d6f69833c4fe83232fd464d6192bb1680b74996f7413596f8ee3f9461e4479cf26221d7b36cfe1fb12496a87fe11066748b3a540780c1ab2ec931ae906bcff319ef3f0fa0072547c1018dc34d21ed3fbf7abd22cc8ad516b0fb6ec022fa387e0bff508ba26e5e7d2de38dfc422e08fd868b4848b4b81c66a2a512799bce5e5378043685512189876f8a8b82493f
I: MonitorObliviousTransfer::next
I: GeneratePublicKey::next
D:  sending message (size 0.000768 MB)
I: MonitorObliviousTransfer::next
I: SendPublicKey::next
I: MonitorObliviousTransfer::next
I: RecvEncryptedMessages::next
I: MonitorObliviousTransfer::next
I: DecryptChosenMessage::next
I: MonitorObliviousTransfer::next
I: ChooserDone::next
I: MonitorObliviousTransfer::next
I: MonitorObliviousTransfer::next
I: InitChooser::next
I: MonitorObliviousTransfer::next
I: RecvConstant::next
D: received message: b3530fd499214696fe5bd1d5facd70b822823694c03af79bf5881b70c9db043cb278d419a2d8f1f43afcb83ac8ddd44c64d64dbc59e5ef12b5a2250f0f0612c13d78be735bd02badac8e4829ee88239f7578c28a9830df713fb27ed3d6dcfaab54b53e05d2e49dd443049a6bd84ac2988247b4d21a063589feaf3429639bc4d8cf669594af49c9986dec9bb0b8c41047cb74f1727e3b778e499fcbf80934a3728635ffa92577965075d13f4c03eac1ddc39bea32d1896b4ad114030869f2caf9dd8e9fd681ad5e6568ebe02a9f7500fee8d172f9b0811bc8c9a070e9606e7ccf9f376538f8e5efc6b45d3bd2301933be7a4d73ef4e8bbd74a8c3cc7da03050ab6897ba1e75b3bceecd450fee8c7ebd4e8f9c5df72f1c5cd50cc6a7a6b9ba0c2a3526a03582659359f8205fab552f3c92bfc27ef00a525c9da85f839e66167ba466530726c7cabe02006af2a45dccb92f69b3679fe75861b66fc1b60131b389f031dea2f3360868e2fe3fc24eafefe97949b4eb324645ccc14400a38189850bb9
I: MonitorObliviousTransfer::next
I: GeneratePublicKey::next
D:  sending message (size 0.000768 MB)
I: MonitorObliviousTransfer::next
I: SendPublicKey::next
I: MonitorObliviousTransfer::next
I: RecvEncryptedMessages::next
I: MonitorObliviousTransfer::next
I: DecryptChosenMessage::next
I: MonitorObliviousTransfer::next
I: ChooserDone::next
I: MonitorObliviousTransfer::next
I: MonitorObliviousTransfer::next
I: InitChooser::next
I: MonitorObliviousTransfer::next
I: RecvConstant::next
D: received message: e0326e7a7ee640934fbdcc52fd83e58a860332d0c1e18fe29f065882929370449775e01fe8f1f464f28978688cd7232f4a0316c8b618d66e8984fdc2d36b06d5140a6c78b6a3c9ea82f9d07e44a83a4b2943a5b08b0416562bc31229e4c4c894ab77bf6bec73d200c0b997ab0a3f6e612d14f3a4ae46521b82faf50d19b7c211bf575a47625231ceb804221f6038da2d9dff2528eeb28576cbe3760e238c9666dbaff24290c51ea672d72fc68ccd603cdecd4ad6fd60ac40bf8618496b83848b36204f2fb9841ef0611e0d7172b345fac079a199c33014846ca34ae39838a3dbed7650a06704e0fe2fa6f7b879c3e5db2be06ded6be1f838a8bf1f4818df93f0ea93a7698e544a2147a1d4a8822f23972fc45d496bac441018c826b80f34bf579ad80d00d87f1bce404c238956b079491f91d3a061f060e481054f14e8ed0bdfede5c833cdf856ed2bf89e1607503e6d3ded08ad84694384f1013f54859136397b23c636030a50473a4305b6b75ddc115129e1fa6815a5850b54b0a70e172f42
I: MonitorObliviousTransfer::next
I: GeneratePublicKey::next
D:  sending message (size 0.000768 MB)
I: MonitorObliviousTransfer::next
I: SendPublicKey::next
I: MonitorObliviousTransfer::next
I: RecvEncryptedMessages::next
I: MonitorObliviousTransfer::next
I: DecryptChosenMessage::next
I: MonitorObliviousTransfer::next
I: ChooserDone::next
I: MonitorObliviousTransfer::next
I: MonitorObliviousTransfer::next
I: InitChooser::next
I: MonitorObliviousTransfer::next
I: RecvConstant::next
D: received message: 25d195b1506aa475debd27dd4f13b54d026671e6e50ea2f4b4e13f0f31ad365103c7445cd22a2b0a77843c107e23bfb2275692ed9c7f225683f84b7d852d54fba77b51dac0bbe3c7e0d224ece0d5cac12a1b0673a56ebf1dda75ac344db3bdb6608213004ad983a2633ae16d67724592494c662c8edbf81532a751cf863955ee758ebca4a5ffe84be1643275f41a41b301dd75022ba28dc877fff6734d58d818cc81b9275970bd417586ce728bd7eb4cfe7e3b1f4f0dacb6a2f3f05777f9e8e47fa24ead23bb801d6491635e2805fae020751715385bfc3806819da57f241aebef1a15a28d20d9539cee37333bb5698eabffc7aaa2b1f9446d04a43c1dc6d3ee3e2d6a6c283e59ffaa387bee2f3fab393d8fbac6a76de3d7d3a5e5b53b1d8e69bf7ebea3e6cae1490f392aa7c5a28c3b678e35dc7487be6c42ca20a1a973c3b7c301a65b363fb6770186a110cf1b8df3c5001f8089573da2192096f70321c72d22930cd5b66f00c954f3a411c5fc37149e8d4171a1f5520b143b0c7bddf25759
I: MonitorObliviousTransfer::next
I: GeneratePublicKey::next
D:  sending message (size 0.000768 MB)
I: MonitorObliviousTransfer::next
I: SendPublicKey::next
I: MonitorObliviousTransfer::next
I: RecvEncryptedMessages::next
I: MonitorObliviousTransfer::next
I: DecryptChosenMessage::next
I: MonitorObliviousTransfer::next
I: ChooserDone::next
I: MonitorObliviousTransfer::next
I: MonitorObliviousTransfer::next
I: InitChooser::next
I: MonitorObliviousTransfer::next
I: RecvConstant::next
D: received message: 519e60b821c8980a3433cbe9972cfcd895106b59c9dbe7629f3824e3001803c71e4e5177bf77690d8b41374f914706eaf3760d824554956bf06bab1023929def5671a8ef2c6e5ff83149f9801dd6acff530d478e20be5de38db91f191e5754cd3d3d4236a06092985fa3c4d8df3ba72db9b38e2c7a84f169908c8baace6072956ad81cf71e0a2a54d2de131a2786b20d05c98cd01c950c309ebc7ee696c2569618e03ba77533b7b8002ecea043988217aef83319c8ee4e439081b76a104a68e73285351828933d532c0fd032bf9bd8b0471331cf2a8ba443e01731aec84ef1eb1f670ef698a95da8b879a4c70369e3632ecbd99c1d4f6eb4e3221cc0578f9621910bfd4e2a7de60b7abf03ed542f30d041c5daa884960bbf597ad32fd9c6f9722ab59a2c48f9fd735f05659caf515020ff7a7c39e4521e5a3b7a4f952eaff7c59d26ba449cd951b820c67f2589117369a779ab12510150eb1fe327a3c7f452ad88ab5754ce1598670df33651753b537d1e8808833949e42f5e16bb1941a24094
I: MonitorObliviousTransfer::next
I: GeneratePublicKey::next
D:  sending message (size 0.000768 MB)
I: MonitorObliviousTransfer::next
I: SendPublicKey::next
I: MonitorObliviousTransfer::next
I: RecvEncryptedMessages::next
I: MonitorObliviousTransfer::next
I: DecryptChosenMessage::next
I: MonitorObliviousTransfer::next
I: ChooserDone::next
I: MonitorObliviousTransfer::next
I: MonitorObliviousTransfer::next
I: InitChooser::next
I: MonitorObliviousTransfer::next
I: RecvConstant::next
D: received message: e7f6d3e85f1b479af71a21bea4bedb827465cd3823a3911b94a0edbee68f3d4a4bc8e9a4857bdffcb838244b3ad9c76902083ab63e17e4908b52d2cb34087560b8862f8bdf2f74b65d1d0bf2556a5cfec591b769dd9da0f4d5c69755c856febdbdd2b09f29b172c9d5b5558ba7a22864077ac4dbe0728afd91cf2b8c9f5af5367a84c26f731533010acb63bb46c9901afa027a5660ee696aa7b29466b71328bc63000d4f9b72afe4400f3fefdf29929520a217391fe4ecac5ac38380efd0460314a946aa59899c5490dd1c040a6e7f896aa9ad0b486ac332095754239845e2dd28de0135b0fa75024dc88c4ee32a051305cd267fdfa1c1afa5f909ca39ba4cd1f83669554ac4621b50db3f7f6349e247e60024653bfbe5df6bbea8074ef16d5b736667aa3da2711e64a2c57da886b1e4725bb8b71c2f734ab630b3e4d349cc878ffdcfb4879afadeb2986c0038299e7de59151db262fc3d2edc58cd785e7c0ec2936038c7e8db2a1e32afb12e2c63e04c8bdbb3995bfc64cc2a3e5b01bd5ddcc
I: MonitorObliviousTransfer::next
I: GeneratePublicKey::next
D:  sending message (size 0.000768 MB)
I: MonitorObliviousTransfer::next
I: SendPublicKey::next
I: MonitorObliviousTransfer::next
I: RecvEncryptedMessages::next
I: MonitorObliviousTransfer::next
I: DecryptChosenMessage::next
I: MonitorObliviousTransfer::next
I: ChooserDone::next
I: MonitorObliviousTransfer::next
I: MonitorObliviousTransfer::next
I: InitChooser::next
I: MonitorObliviousTransfer::next
I: RecvConstant::next
D: received message: 4cc820dda543176bcc80788bebceb99ac2e60f7386f11772df75cf5ba40e84319f66e255979ff12ae48202eb9e060ea27af09dad211e329925b99209796a98a7ad028eadaa4755f1ae390f68860ad0795993854372a1a0af144ef79e0d95e6421f648f705ee6db543d6a7b83aea4e3b4ae9b6b688deced4256158fa5057100b2c26b16d370b16170ee606c44990fb83dff97222ee28954b36e834f28b35bee9673863244b1b12f07aa0c2bb9dedb26d2932edb2d5210a2153d1d565bdffdcdb76c1ab9a6143a7a9710a022086933e626498c39c19629f3fded9d1602005dc71339594dacb0e884fccb09bbaa653d3e5743cdff46c9cb4b21ad174c86c65f4b2977cfe4f44f4320f39ca8fead118d465eb6ceade0bfd3f2b1704c9e5efc97b857c1c002a841f94ddd0ea78b6c834d0a2342c7e421774b68aa13cc4f3682a928137e570fe3156d509d809c76ed19d2843dd9956ece78606185ad609524ced1d351f13d52f2ca9ea3ba788ac3af7f610e324eaaf97dc49b446315f82aabe79d780b
I: MonitorObliviousTransfer::next
I: GeneratePublicKey::next
D:  sending message (size 0.000768 MB)
I: MonitorObliviousTransfer::next
I: SendPublicKey::next
I: MonitorObliviousTransfer::next
I: RecvEncryptedMessages::next
I: MonitorObliviousTransfer::next
I: DecryptChosenMessage::next
I: MonitorObliviousTransfer::next
I: ChooserDone::next
I: MonitorObliviousTransfer::next
I: MonitorObliviousTransfer::next
I: InitChooser::next
I: MonitorObliviousTransfer::next
I: RecvConstant::next
D: received message: f5e3488f1648328f1fc2a326fa7173d5fd97543d6251927725333c41fbe23c64dcfe429a22ef8193f3fb104c60dd0ebb1a2317d7a2a28451cf65d99fc88be2fcf7525d33a736e51d707acc46fe29b594149865b9c47bb4caa19eed1515a8eaea075fabe4a7e640c6fce016d881ddd25f4663e410261fec226d6272396acd98d0a9559d25d658fc8c9dc64183287e4fb02a2bf2139f2b9bbc1d9d3a2ebb5f1ce2c9716c0d36c95a7abb66b6056ef5bc0936cf7d46cc360945bf3042772bec6a3ff617fe4f42975a7530003bc4ab804bf7f2f4389f3e4cab26a7baf420cfdafa2da1790861e838a3733a1f5324360848a56c756b9d20afc14ae111fb727d84e0f2f355b8c574add0afa6d83efef8379c8f2ded654a93471bfe1ca604e261c1f2ca3ac97739ce08ab58ec5b9671cb421899abbc4bc403c9b353855422dce82d3eec84dc52786bb04c664ed52c0f87cb1cf31123881edfbbcd10bfac8148a359fd831df79d02b749b90b43e90b1792b222cff56e4da42de2003d86da2af191778e1b
I: MonitorObliviousTransfer::next
I: GeneratePublicKey::next
D:  sending message (size 0.000768 MB)
I: MonitorObliviousTransfer::next
I: SendPublicKey::next
I: MonitorObliviousTransfer::next
I: RecvEncryptedMessages::next
I: MonitorObliviousTransfer::next
I: DecryptChosenMessage::next
I: MonitorObliviousTransfer::next
I: ChooserDone::next
I: MonitorObliviousTransfer::next
I: MonitorObliviousTransfer::next
I: InitChooser::next
I: MonitorObliviousTransfer::next
I: RecvConstant::next
D: received message: c032ee8ab48a3d3c02dc15c23ff44f5eb8eec6dae0aa179e0a632ff65d13edb2b5e5f322281b32c9183ff8af492cbc02edff3e90cc71a3ad1723540e3d4dbb3bb233aa9def4a27875b30a3230d40a66438659c4577e3e59337c44d46543bc28bb2b5f7933c48723956afc736a51f6fa5c74c4f6bb7aee5cc61a58638d74e17777e507dcad79b68732ab8d5d0d5d25d97dea65b92f75ab04488c07c462870b96a11fa138a6e407b953ddcec72692478ff7d03759c9d74155bef5eb2a35f2a70b17182cec26ce18cf56b281420261dc965e54e35b7734747f5c7c116a9c0124a26daf765956bbe11cc91e603a6116c688b208e15796ac94b966b6e60496c14fb86760d2a0de10c48a1c751e2d44533df2590d2a2d47b1995fae9a0af5dcaf99cf5c7727b6b4393c8ba941b530c5aa58b7a8d2891e756f01c0f95e0442b9d4432a5e8b82ddc5296b131470abb96353e0a0c13fd85982611ba528f322fe255d30aeb4ca051cc941f0cd0839132d0ddd7f6efb8358997e0c1af2dc18dc4a3cb29d577
I: MonitorObliviousTransfer::next
I: GeneratePublicKey::next
D:  sending message (size 0.000768 MB)
I: MonitorObliviousTransfer::next
I: SendPublicKey::next
I: MonitorObliviousTransfer::next
I: RecvEncryptedMessages::next
I: MonitorObliviousTransfer::next
I: DecryptChosenMessage::next
I: MonitorObliviousTransfer::next
I: ChooserDone::next
I: MonitorObliviousTransfer::next
I: MonitorObliviousTransfer::next
I: InitChooser::next
I: MonitorObliviousTransfer::next
I: RecvConstant::next
D: received message: 815bebd79d7833af650f5333ba9f0304bf9e8fe4b77318eb0e63653a0c5784e7c0f0a9ad9416c6726b7a848a63521881e7adff3008cdd963560f3cd4393adf1eaff0a4e0170ac5e88694d1f4d5d2738287e78f5af72006cbf1c6c4408ecf5d3d786a7a9eff47a184d15b8ab6bedf8060e01092b282b7a920b03570ebb4c32a451326e932c903f4a4e38dbddf0430763fbd7433925fea4d35c8a82e71a1910cbaf3fca812fd508951a536e55c18b80239b9ad0b3057694e65660fc55ff892cd765b906ea2942dad23643062e554c14a5dc1596b26efedaac38d6baec85cdc9436109e412ec404eab0efe3deae3e0a7f4f77efa9cf8f3453e3d7535280960329e2624d785ab138eba7740ed18ec17bd47dcc496ae6ec7e25fe1ededd75f96cab97c6f22add6f1adce9180a76087fb4bd6843a9da4bcccb6d4cd3015c8d677625c055e9e59b1b7c498fdda189ad3d65833bade4b83a3f0142f975679ee1f159fe2579c3fd0a8c6452a2271337b8d34e5a77a2cdd5cc16ec31992188b323ae295077
I: MonitorObliviousTransfer::next
I: GeneratePublicKey::next
D:  sending message (size 0.000767 MB)
I: MonitorObliviousTransfer::next
I: SendPublicKey::next
I: MonitorObliviousTransfer::next
I: RecvEncryptedMessages::next
I: MonitorObliviousTransfer::next
I: DecryptChosenMessage::next
I: MonitorObliviousTransfer::next
I: ChooserDone::next
I: MonitorObliviousTransfer::next
I: MonitorObliviousTransfer::next
I: InitChooser::next
I: MonitorObliviousTransfer::next
I: RecvConstant::next
D: received message: bf5a99c57d53c1cb39c96f7383ab05af105dc4dfb2bb7cb9a6c3063e213eb3d1ab40de5a97fdb5086ffd70ec2bdcb1413ff4ae3da10705d7c80c15c6f661de4f397c8e51aed2cb1b9f89173d523892517bca5129f77d0229852d69f39928e977462ad304ea85d9b63d779f30a7465b62c3a51926c8826614ceff97383a3f75a5de89af8488f14c6ca99ce3910c1ad8e8384163d951c811309ec670c86340c1acea5dcf9a20c79f6b6880f0f3deb50c97c03d91869347d8928686ada91255b2ae0329ac3aae07f5cc9aacfa06e5c476782ec40dbd444ee875b3902dbd5a15cec63fa0724e0a78b8d861bd33a36c8cf91c7f16cc939ac77031e829a198756b6e508907aad9f26350e3dbdfc5114bb531e035134107f8e4eca07a5acd772a2b7f9d590a2cbca530261d14fe06a91622c2d01a85200d3e9934f216a98126b4fef9634921b732dfd43bc13b14a923fbfa5657041baffc1f167c076eae278b312ab3fb1c85b02212633931ec256914e2101c156ab976e3ed4b5db88df85e6384acb892
I: MonitorObliviousTransfer::next
I: GeneratePublicKey::next
D:  sending message (size 0.000768 MB)
I: MonitorObliviousTransfer::next
I: SendPublicKey::next
I: MonitorObliviousTransfer::next
I: RecvEncryptedMessages::next
I: MonitorObliviousTransfer::next
I: DecryptChosenMessage::next
I: MonitorObliviousTransfer::next
I: ChooserDone::next
I: MonitorObliviousTransfer::next
I: MonitorObliviousTransfer::next
I: InitChooser::next
I: MonitorObliviousTransfer::next
I: RecvConstant::next
D: received message: f8cf65b19382d7bf5f1643379cb36867570d182088c71a3a6b111f21e92eb2c9bc22a23f68adbd9307fc4eeb5594cc595ec5f6c82e0ebb3ffbd98fe588f8ea1eb0d0d75217f62bf1da193cba20d9bec44db60533dc3d76bdd268502de17389638cd992f4a7cc96230fc92a0451884969c519be931397adbc816b425c5f79b62d0fca143f37c5469de29463a92df2f23c4a99120e8d408a9d0f27530beb62ccb46429bcc727bc690f8f3aacde46a2dac4f4505081063a395916ab11953894918b16c874dd47c5c8c228f99c9bc94d9d06f47b2a3716e6911bfcfa72860ff80daafc1036ecfb8bec363236732d8b25b1c5be177a16ef221d4725ac8fa74ff5cf5d901e92bc6c6e3b2f3128f06a107532c6ecd326400e78e7cfeaa3a05a02f9018849eba09423c19c6ff2976234da1ef5b64e319ff849db6155770497b5380dc0f9a657ed67675ea03c7a3b5186ab21b712ec2d5e7af8e367849050e304216e446e4a9291d2d87f552f8c12a558e3953c3e25de4b3c995ad23e5dafd5acae3fac02
I: MonitorObliviousTransfer::next
I: GeneratePublicKey::next
D:  sending message (size 0.000768 MB)
I: MonitorObliviousTransfer::next
I: SendPublicKey::next
I: MonitorObliviousTransfer::next
I: RecvEncryptedMessages::next
I: MonitorObliviousTransfer::next
I: DecryptChosenMessage::next
I: MonitorObliviousTransfer::next
I: ChooserDone::next
I: MonitorObliviousTransfer::next
I: MonitorObliviousTransfer::next
I: InitChooser::next
I: MonitorObliviousTransfer::next
I: RecvConstant::next
D: received message: 98d25b585e0b81f3941be1d94f8f3c57150b26ed3782f7de7d9b2b4c6623149ec75a5926ff745fe099a562968f845a170655b74b8c6d6b034638fd395edeef9e9a52ddb263bffc79bdc30b1e781ab3c72eaab095bb96e0e1c543bc615f637f4223bccd97b69d7acc4215ec2f0c0bf9d03b1acf9ea79ddd555ec405625f89fa8f5aaf0af0e8cb414e9183d07e1798662765228aba5fda17cbb43b7d894324464fb5470ff1c3b7867700f9ed3dc044798b8d4800f10a0c8c63a6142c5d502187d061527e79e2a7666225aa1f8046dc194086dc90cc117e316d83269b855e7fc46cb808da5dce41b70a6561709caf1647ec987633f41480a2c26f9f78953d0deb5cb20d1e9091adc40f9891903732895ed393140131eb4e9ead01cd540f00df663bf6851e218afc4e464e870bbe9ffc350b6802230d8fd0d8eb863f164c2af831b9b7ce34050c16ca9e77e85db06d15f755812f011d297e878216de794a0299c7037e22142458c31177bed3ec5a9be5071559281f23350a0d3b067609c7a0448ba
I: MonitorObliviousTransfer::next
I: GeneratePublicKey::next
D:  sending message (size 0.000768 MB)
I: MonitorObliviousTransfer::next
I: SendPublicKey::next
I: MonitorObliviousTransfer::next
I: RecvEncryptedMessages::next
I: MonitorObliviousTransfer::next
I: DecryptChosenMessage::next
I: MonitorObliviousTransfer::next
I: ChooserDone::next
I: MonitorObliviousTransfer::next
I: MonitorObliviousTransfer::next
I: InitChooser::next
I: MonitorObliviousTransfer::next
I: RecvConstant::next
D: received message: b53cdb4633fc361ed4a5d070cc7cc17f0b556de296a93fe834ecb79be17a8e46346dee150a4c9b2f25aea3b04e13be11b2291d4a1584d3be9a73e243676fa52b683437152e5938a4e52d8b5165cdea19931eaf6b24965a51d7f22a3b67448c49c8f9f3d26530d06cc040fe50b6c0358ce5420f62329453bf7328cdff492dfa75d51f664ca1510778cce22f140571a15f5d747c6b728dc82c4ec8938eb8994cf9f0a781999c80e4752d0dc0184a39c73662b08105dfafdd9e9f35d0cd9e444cf9a33565c6d409abe1f7d2b8351027a2a346e15cac9ef0c67dfe1feb250240f030e6083bfedd0f80ff45911500af2153648ff45e102f2a8828a865c6dcdba66c7cc4f9f03085f4a50675269d571c89732940459ccad53b401570137b2b36713ffcea4353dd447fe70e4104abf480d834034c8ef2b6f820151f523dea0daae24cbfefd6bcd4b799f80dd47eb9db2adea9f66a185ccfffd1261ede5323de7f277744081cb83c0500030356210d8a7693a279815cc6c3a0e827c8a21f42b3500de8ca
I: MonitorObliviousTransfer::next
I: GeneratePublicKey::next
D:  sending message (size 0.000768 MB)
I: MonitorObliviousTransfer::next
I: SendPublicKey::next
I: MonitorObliviousTransfer::next
I: RecvEncryptedMessages::next
I: MonitorObliviousTransfer::next
I: DecryptChosenMessage::next
I: MonitorObliviousTransfer::next
I: ChooserDone::next
I: MonitorObliviousTransfer::next
I: MonitorObliviousTransfer::next
I: InitChooser::next
I: MonitorObliviousTransfer::next
I: RecvConstant::next
D: received message: 2b0096c29e10d30befe46c8c161e09925f83fd77b35857b6067c3ab3411c111a2d8ee8716121f708353bf6f10ea11ca7aa6a4f7bd888eba1207ad9b3da734787014095b08c1b1652766ab2e3aa8c184624a17fe0ee12c2a77c309f5cf17cdb10b0f291c00204fd528b7526b8cb8cd69f0f13c71ed9cf444cb1afc18430f8cf22ac206bea9dbc2965c672256530c2e14bb08705b46788635abea621873345eeaf83d9407753aabf699b6ff1fb8aa7339768c2046c6b0878cd2ff1b6e88604fca52bba79f4f17e97e3c5e270a2541e48904161c99ed635d0de8a89a14ac439e89d301b8d13f48f9644cf526bf4d1a28432d77ec3d0831464771b642d4e30e7fcb6afe765a06b5eef6a7b7bcb4351491d27024fa83db5ee3af0f4ccf9e53aba81f19ad7df90b880e3e092b79aeddfae6b069256d542bb8391c80f11a72920a41242b010ff24c837302dcf2cc4818957ee2abf5037ac4deae67ff47b4000f80ee2d508648d9203ded9883c8c7361bd6409051e9ef527232e1dfabf1780742853aaeb
I: MonitorObliviousTransfer::next
I: GeneratePublicKey::next
D:  sending message (size 0.000768 MB)
I: MonitorObliviousTransfer::next
I: SendPublicKey::next
I: MonitorObliviousTransfer::next
I: RecvEncryptedMessages::next
I: MonitorObliviousTransfer::next
I: DecryptChosenMessage::next
I: MonitorObliviousTransfer::next
I: ChooserDone::next
I: MonitorObliviousTransfer::next
I: MonitorObliviousTransfer::next
I: InitChooser::next
I: MonitorObliviousTransfer::next
I: RecvConstant::next
D: received message: 6a7994ef92aaa4480014d6a883198602dc5a41165d3ce4af4ae98655078a3ca9bb3296279ab14bf24741d428cdeac60b3c4cd7341e92744d6d1228f1c73959716885345e88c87bc9468b7f88fb9436dfceb1a160367106adf7b163b97a1d37503e93e09b5c3eb8cff2e95f3a02b44fb477a85af7f2f6cceeb96c00ebf25dccbd8c9db1fa8e1953479041e70f9d5b4ab3959e9d4915ed9cdb1bddd645c17e6b5ba6bb33749fc299e1cf9f8e3e4a9cceee2ea4191176a3826aa5d395c4bf885dd3738556e544cd686a4d4672498bcb0e6639d7102816290d3dfeec96c6bad626902ba62544e6f4f94db838603300132bbfaf032831407182499fb4afd47d060ee68f356a25fc5673a2bba9aeea9cb982f399fe487a7f64c85d2626d2dd432a49fea670dabc466cbdf538b78e730c967684079099983fc7a17a6c9c50f22e824a0b6458ac9422a357bf07098d0919fd00ff4ebc654664bda36bcf6b5d57f82b2662a99db15316b7b0cb97b976124b822be32de2ca7eba095d502c66f4bf205533c2
I: MonitorObliviousTransfer::next
I: GeneratePublicKey::next
D:  sending message (size 0.000768 MB)
I: MonitorObliviousTransfer::next
I: SendPublicKey::next
I: MonitorObliviousTransfer::next
I: RecvEncryptedMessages::next
I: MonitorObliviousTransfer::next
I: DecryptChosenMessage::next
I: MonitorObliviousTransfer::next
I: ChooserDone::next
I: MonitorObliviousTransfer::next
I: MonitorObliviousTransfer::next
I: InitChooser::next
I: MonitorObliviousTransfer::next
I: RecvConstant::next
D: received message: 59dbde328a7851681506ff22fcaea4a6b5f1227b038c65922bbcb8e282fecf7a252b6d3f08f7416993c2d5edd9375a5e15b69d482307d0679c99fcedad5674da9880ff0c655bed3c5a994a7a6bd7492fc0d0bb34be9a8473632c33bfd730ef6f39c2597d755ffc85704c35e3aecdb4fa54087307e5241d53ecceb79500c076bba21ce8628f8d5fd35fb7d6a2591c1ef98aa9da6aa11d8c8c2a6e1b9aa456dfca18b1d2ebe7c849475c6f466dbf75d60b429b26c6f231e5f88928c366ca520114bddb939692029796160acc8b92f4e52829d21f5359a53be277aaf095b524cea03275d44e4926b540accacb9d8c9e56581956ab31b2d00b832caaf50ae718127674c750dca20121e1d4a5029525ff77798727ce2feb7519a6ac744053a2421ef1959655e12342f9b49e8158d482adae628a4abfc6fcef015b1ce1554fbecda8a4ff40da914597864b9f5f92c7139210805cd55e938637726f7287c32a74642a6e49e4ed15cad86d2b3813b90f673c0be61deb6d4100a2188b17fe9d297d1ebc56
I: MonitorObliviousTransfer::next
I: GeneratePublicKey::next
D:  sending message (size 0.000768 MB)
I: MonitorObliviousTransfer::next
I: SendPublicKey::next
I: MonitorObliviousTransfer::next
I: RecvEncryptedMessages::next
I: MonitorObliviousTransfer::next
I: DecryptChosenMessage::next
I: MonitorObliviousTransfer::next
I: ChooserDone::next
I: MonitorObliviousTransfer::next
I: MonitorObliviousTransfer::next
I: InitChooser::next
I: MonitorObliviousTransfer::next
I: RecvConstant::next
D: received message: 75b5a76423743afbd43dd66af9e9ef9be1c8bec487c78014c1562768af6774115a9e245e03e40489eb155154c1b356026ddbb72ce098f091cc55c8fb70d123faf04828f7011050efee38c02c34d024a11027f286ce5d257aa746fb920e73d49cea0f4e598a4fbf8743fe7f8272869971cfd8ea950d2b2803954997d71913578a061902c2cd943552a34ef5ca068d141a8b373496928e3083889814470b2563e24e51d5cf3199b03fecc678b876cca1aab75d2107fc5982011049ddd693c4d8c4032ac94553cd4604df486ff30b56b5940496795fde8817b1f77492532e1294be118bd19432f5a2b488482062b6a0d83ef8dd3c371fcf6978bf80a4e5df7c5575fc9ad465a70494f3ed107a7f03c004b197b00c2431bd3aa9f7b48397b759b6c0223bcdbfb5706316b4a7777c43e74e64a345ce1c03a02264e34126d74afecbdce728c0dbb6381ed2fc69b0e1b35c23cd55e89806c8b81c2c5604019794f6af11309bccd30ae02574aa2754e05b20477aab81804fe3c5698cc74df56fb6b086b1
I: MonitorObliviousTransfer::next
I: GeneratePublicKey::next
D:  sending message (size 0.000768 MB)
I: MonitorObliviousTransfer::next
I: SendPublicKey::next
I: MonitorObliviousTransfer::next
I: RecvEncryptedMessages::next
I: MonitorObliviousTransfer::next
I: DecryptChosenMessage::next
I: MonitorObliviousTransfer::next
I: ChooserDone::next
I: MonitorObliviousTransfer::next
I: MonitorObliviousTransfer::next
I: InitChooser::next
I: MonitorObliviousTransfer::next
I: RecvConstant::next
D: received message: f522c04b8e4461e712822ea80254e89fd78937304bd30a7adf5340dbbc095b7589842e91fd838fadfb6f6159badacd95a264eccbf31f26f248e0ba59a8fde67b0bc3c484c3bfd2a4ed7e8e27b9d424e2b76164be10269bcea21b82ba3ff416fa086d7c46ee83b8a7a725beabc779235683197cd64998552a5c9b13d1da0b17c45c5b966e886931a28385b34aa7b6c73dc60e40cd9fc4c867072384286cfeff2780e16521411bf3dd18362c29975d1ca131823eb13d5ee53a6f9cdbdc18a2fb8353b13ac4133163a20d4b8af564cdb967ccd331b9dee9ce786f60d6addb1e87fffc1c285ab3c1a2cdc60be5f836aa6640c68995dbe219ecc5e90fd26137b374a97ac689c9fb601a70cfd99f6b3ae8bc2ee05f9e3b7957b36ef5fd785d2b2008c3578baf2c222175ddd943e5565a9b62da2cab0cdbed34008351ada636cc3b8db04d3df0cdb03089cb8deab654e4adf0a5cf0df5796a46b850a1ece689bb9ca404a7d538828c5903f59226ff48fa87dca4b1591615bbce175dffb62a09321fbcc
I: MonitorObliviousTransfer::next
I: GeneratePublicKey::next
D:  sending message (size 0.000768 MB)
I: MonitorObliviousTransfer::next
I: SendPublicKey::next
I: MonitorObliviousTransfer::next
I: RecvEncryptedMessages::next
I: MonitorObliviousTransfer::next
I: DecryptChosenMessage::next
I: MonitorObliviousTransfer::next
I: ChooserDone::next
I: MonitorObliviousTransfer::next
I: MonitorObliviousTransfer::next
I: EvaluateCircuit::next
D:  sending message (size 0.000001 MB)
I: SendOutputBit::next
I: ==== round duration: 205636.234375 ms ====
I: CopyMonitorStateLabels::next
I: RecvGarbledGates::next
I: RecvSystemInputLabels::next
I: RecvFlagBitLabels::next
I: EvaluateCircuit::next
D:  sending message (size 0.000001 MB)
I: SendOutputBit::next
I: ==== round duration: 203479.109375 ms ====
I: CopyMonitorStateLabels::next
I: RecvGarbledGates::next
I: RecvSystemInputLabels::next
I: RecvFlagBitLabels::next
I: EvaluateCircuit::next
D:  sending message (size 0.000001 MB)
I: SendOutputBit::next
I: ==== round duration: 203468.421875 ms ====
I: CopyMonitorStateLabels::next
I: RecvGarbledGates::next
I: RecvSystemInputLabels::next
I: RecvFlagBitLabels::next
I: EvaluateCircuit::next
D:  sending message (size 0.000001 MB)
I: SendOutputBit::next
I: ==== round duration: 202815.203125 ms ====
I: CopyMonitorStateLabels::next
I: RecvGarbledGates::next
I: RecvSystemInputLabels::next
I: RecvFlagBitLabels::next
I: EvaluateCircuit::next
D:  sending message (size 0.000001 MB)
I: SendOutputBit::next
I: ==== round duration: 203645.609375 ms ====
I: FaultObserved::next
I: MonitorDone::next
