I: parsing spec file timekeeper.v...
I: parsing BLIF file synth.blif...
D: inputs and outputs parsed.
D: circuit initialized.
D: connections (#4034) parsed.
D: gates (#42010) parsed.
D: outputs: 45728 45731 45734 45737 45740 45743 45746 45749 45752 45755 45758 45761 45764 45767 45770 45773 45776 45779 45782 45785 45788 45791 45794 45797 45800 45803 45806 45809 45812 45815 45818 45822 45825 45828 45831 45834 45837 45840 45843 45846 45849 45852 45855 45858 45861 45864 45867 45870 45873 45876 45879 45882 45885 45888 45891 45894 45897 45900 45903 45906 45909 45912 45915 45918 45726 
D: circuit size: 45919
D: adding identity gates for outputs...
D: outputs after identity: 45984 45985 45986 45987 45988 45989 45990 45991 45992 45993 45994 45995 45996 45997 45998 45999 46000 46001 46002 46003 46004 46005 46006 46007 46008 46009 46010 46011 46012 46013 46014 46015 46016 46017 46018 46019 46020 46021 46022 46023 46024 46025 46026 46027 46028 46029 46030 46031 46032 46033 46034 46035 46036 46037 46038 46039 46040 46041 46042 46043 46044 46045 46046 46047 46048 
D: circuit size after identity: 46049
I: initializing safe primes...
I: using prime modulus 2410312426921032588552076022197566074856950548502459942654116941958108831682612228890093858261341614673227141477904012196503648957050582631942730706805009223062734745341073406696246014589361659774041027169249453200378729434170325843778659198143763193776859869524088940195577346119843545301547043747207749969763750084308926339295559968882457872412993810129130294592999947926365264059284647209730384947211681434464714438488520940127459844288859336526896320919633919
D:  sending message (size 0.000005 MB)
I: InitMonitor::next
I: GenerateDriverLabels::next
D:   driver labels generated in 65174.113281 ms
I: GenerateInWireKeys::next
D:   in-wire keys generated in 22156.285156 ms
D: SendLabels::message
D:   generating in-wire labels for 42145 gates
D:   10000 gates processed
D:   20000 gates processed
D:   30000 gates processed
D:   40000 gates processed
D:   in-wire labels generated in 76867.453125 ms
D:  gateCount: 42145
D:  sending message (size 50.171436 MB)
I: SendLabels::next
I: RecvGarbledGates::next
I: RecvSystemInputLabels::next
I: RecvFlagBitLabels::next
I: MonitorObliviousTransfer::next
I: InitChooser::next
I: MonitorObliviousTransfer::next
I: RecvConstant::next
D: received message: d224575a6af666745319af3e2e9a549fa1abcf2a00662e6abf2cde0a39ee0131f0b0a62d6b79efa9802a2f95d09f5cdd54f98a21c08374de1b1afd145a81f5a4c2fc08ee180f41d82dfe6b7c30c10e7d934d8a98bff20fc76d3a67e578512cea3ee58748efbeceea70dacada4567178e4b1c208320fb42036b253a1c967f7457d259b64a8dbbe9cdbae201e9966b4946081d359b76ea6c29a3ee09499a37cc980ef2b20b37656354ff8b4e59ac726f5f45c8d8dab64c7eccbe551e4ba2043f12
I: MonitorObliviousTransfer::next
I: GeneratePublicKey::next
D:  sending message (size 0.000384 MB)
I: MonitorObliviousTransfer::next
I: SendPublicKey::next
I: MonitorObliviousTransfer::next
I: RecvEncryptedMessages::next
I: MonitorObliviousTransfer::next
I: DecryptChosenMessage::next
I: MonitorObliviousTransfer::next
I: ChooserDone::next
I: MonitorObliviousTransfer::next
I: MonitorObliviousTransfer::next
I: InitChooser::next
I: MonitorObliviousTransfer::next
I: RecvConstant::next
D: received message: 8d851b89c1d08c5bcfaffa718759103a244017b4c2d4144c721c44ba11688e86258357d9323c15ef80f36ab5bb03b1621a94e2edff060d34bfef3495c711b4baa08cf296743e72fd37a5c4ca4baa218d5168ad12411baec7c817c3d522bc6734b6150145745a6d84d68ea9525c3c8520f9283ab7cf5a6239b510bfec5f0d174d835a47725c2732f407b7cf1c8021cef7372eb39248e759f2b93b10186cc02466352ee2e75ebc342deaf10155ae75c8d9261f29515042e406bb95943588df9f93
I: MonitorObliviousTransfer::next
I: GeneratePublicKey::next
D:  sending message (size 0.000384 MB)
I: MonitorObliviousTransfer::next
I: SendPublicKey::next
I: MonitorObliviousTransfer::next
I: RecvEncryptedMessages::next
I: MonitorObliviousTransfer::next
I: DecryptChosenMessage::next
I: MonitorObliviousTransfer::next
I: ChooserDone::next
I: MonitorObliviousTransfer::next
I: MonitorObliviousTransfer::next
I: InitChooser::next
I: MonitorObliviousTransfer::next
I: RecvConstant::next
D: received message: 8da93e83580c226287a55911031613a07c2d36dfba4736aaf59bbab57a195f11720f732b4b7cf2efecd778bcdf4780857bc6d30170fae980d34391b8b8c3f490b94e82895c499afacad378f5fcbf9c6071d1b96590c0b3f2b7e5ee67097d7efdfd954a19d7a75113d5f0b0c1baa95bd3dd9d2953e4c626e228753e621dda18ea920be6eb48e17dbabe1ba89182c8032d78539227091ee19bc202bdbf88e3279ddf277bb26a0fb4e90daef7094304d4a69fb21cba4a344ecbf00822ed51edfbe0
I: MonitorObliviousTransfer::next
I: GeneratePublicKey::next
D:  sending message (size 0.000384 MB)
I: MonitorObliviousTransfer::next
I: SendPublicKey::next
I: MonitorObliviousTransfer::next
I: RecvEncryptedMessages::next
I: MonitorObliviousTransfer::next
I: DecryptChosenMessage::next
I: MonitorObliviousTransfer::next
I: ChooserDone::next
I: MonitorObliviousTransfer::next
I: MonitorObliviousTransfer::next
I: InitChooser::next
I: MonitorObliviousTransfer::next
I: RecvConstant::next
D: received message: 46418f884002e6bcdbd44b6aa3f7515251728c49584d6803ea69a686c4f5a090cf2ac2781c3342818bac7bd9b6dad6a4ecefccc24e8e063db45e81c7bffcf4c523e47448833eb8262706ced004ec9c0414fc2b3f9d7df5f4dd41a7d9af31c7b669c62fe5b1e4245b1f92ada592cf9f4cbd1dd7d81292ccc0f5c5b3d0cfe11dfd227746e0d353c1ddb9628e362d5bb0d1c1935d14c10b58d9bc17fd54a6bad5d33f27704a69f071325591ac31151f43cc0c6ad7a38d4abe9aeaee703e4f069cb1
I: MonitorObliviousTransfer::next
I: GeneratePublicKey::next
D:  sending message (size 0.000384 MB)
I: MonitorObliviousTransfer::next
I: SendPublicKey::next
I: MonitorObliviousTransfer::next
I: RecvEncryptedMessages::next
I: MonitorObliviousTransfer::next
I: DecryptChosenMessage::next
I: MonitorObliviousTransfer::next
I: ChooserDone::next
I: MonitorObliviousTransfer::next
I: MonitorObliviousTransfer::next
I: InitChooser::next
I: MonitorObliviousTransfer::next
I: RecvConstant::next
D: received message: 705164f0d7afda683c99a234db63b00396a8f1f56d5f8eb6a195a7f8d4c92b144e03724834f939289c720b110d270c421fe5a06a64c23a10fbc88dfc6b2f54488a85b0612310be0f7d9514a0241619241f581e83732923099475bda2e3af9cf111b5123594009503ed7b28c6e176f0f734cc7a9dfc1856e77e3acc350e0a6fe74fd8fc14d4d7e6e2d5920dad6103da2ffa392f0b9a494c4593e046cca3127fceedfa1741a4283a3beae03ed726aa1df2c912dd388e8297cf95faccf194cd46e8
I: MonitorObliviousTransfer::next
I: GeneratePublicKey::next
D:  sending message (size 0.000384 MB)
I: MonitorObliviousTransfer::next
I: SendPublicKey::next
I: MonitorObliviousTransfer::next
I: RecvEncryptedMessages::next
I: MonitorObliviousTransfer::next
I: DecryptChosenMessage::next
I: MonitorObliviousTransfer::next
I: ChooserDone::next
I: MonitorObliviousTransfer::next
I: MonitorObliviousTransfer::next
I: InitChooser::next
I: MonitorObliviousTransfer::next
I: RecvConstant::next
D: received message: d68ef49808f903cc334bb806006f2ca77e6b9c2f3f6dd474dba27e21ccdd37c59f3ab8859e60448e562434787c5fa9791be0fe352940b109d27c17472177ad131a09b0878721d057ef4984157269bdb1fb2014750d1d131bb1d8d9c58bf820a9e4eb191b85f2b9ec1b095d645f59b875090770548f04a6fd057ef3e4f99596a1e4927ae64c64ac18a70980b118606514d932720b54544c820cf74fce55178f97d852ce584afd85a4cb959e0360d99d923dfda17980c573a46c3e877f5224242e
I: MonitorObliviousTransfer::next
I: GeneratePublicKey::next
D:  sending message (size 0.000384 MB)
I: MonitorObliviousTransfer::next
I: SendPublicKey::next
I: MonitorObliviousTransfer::next
I: RecvEncryptedMessages::next
I: MonitorObliviousTransfer::next
I: DecryptChosenMessage::next
I: MonitorObliviousTransfer::next
I: ChooserDone::next
I: MonitorObliviousTransfer::next
I: MonitorObliviousTransfer::next
I: InitChooser::next
I: MonitorObliviousTransfer::next
I: RecvConstant::next
D: received message: cc2d3fe0de1f0201a9e3e917bf06fa5edd8a3f891b987e9ad46132dc28ce2ceebfc2db98961cbb3b786e0ab56e65403ba7c9732dc3ccf745b549f7fdd233692692d7cfa4a57134557571d53f83e6f20f9e9aaa46d191f74be7fe4a52f571a33621f1dc760a8ca8e40114b8865d66a925a6e39cea0e47ab8e37a6d14cf653ef8188bfd1aff81f91a02e17d604fff5e34461c94a001be1fa82eaa7d46a9cecae1873ce6d384b14c60b7ce95cb1647db16f64f95dff01ff1195d1344b21deba750f
I: MonitorObliviousTransfer::next
I: GeneratePublicKey::next
D:  sending message (size 0.000384 MB)
I: MonitorObliviousTransfer::next
I: SendPublicKey::next
I: MonitorObliviousTransfer::next
I: RecvEncryptedMessages::next
I: MonitorObliviousTransfer::next
I: DecryptChosenMessage::next
I: MonitorObliviousTransfer::next
I: ChooserDone::next
I: MonitorObliviousTransfer::next
I: MonitorObliviousTransfer::next
I: InitChooser::next
I: MonitorObliviousTransfer::next
I: RecvConstant::next
D: received message: 9fac523b9bc04964c9ccc051c84ac287a2d49d6bde7d1a9299edca022d3f629bf6eb5b50af9ef049e03514ddeeed8912ef35da19bb53c50b99cafcff437a79932aadc013bad06e6d03cf9db561b9fff1925752f8ae5bb25ebc06e300650353f8262dd0299131e22fa35d506f041643445f53fa9e01f2095f9cf1de0582f026fc20ec953ce46f80d5ff418162822aa361ef707f8e66d8812c7f4dbfb84b4c711cdeb0bdbaaf25070dabb76a5414717de51e420fe8a5f27282f5c5a9308f1c9924
I: MonitorObliviousTransfer::next
I: GeneratePublicKey::next
D:  sending message (size 0.000384 MB)
I: MonitorObliviousTransfer::next
I: SendPublicKey::next
I: MonitorObliviousTransfer::next
I: RecvEncryptedMessages::next
I: MonitorObliviousTransfer::next
I: DecryptChosenMessage::next
I: MonitorObliviousTransfer::next
I: ChooserDone::next
I: MonitorObliviousTransfer::next
I: MonitorObliviousTransfer::next
I: InitChooser::next
I: MonitorObliviousTransfer::next
I: RecvConstant::next
D: received message: 86ebb6911b493cfcff7da0a080505648d4739a6612609030cbcd25b499a9cf9b7c2dee9b907f40ec046b646220f618feb53a84068674870b62778744a766b0cfe7785799eb1840404c8ac6bc1c3aeb77a77508ad83b40316cb78dc2d12cb32bf9a920240edebf14754368abd0bf23014d19d16dd09ae8b071c402cf565f20b8cf4f728ed2bc16c49d7d71f7ffa0dd759a03154e91d017673d5e22f650b240436cc0b116dbb456f6666aa27fb515968e960387a4620c3bb94f401b5db5a312212
I: MonitorObliviousTransfer::next
I: GeneratePublicKey::next
D:  sending message (size 0.000384 MB)
I: MonitorObliviousTransfer::next
I: SendPublicKey::next
I: MonitorObliviousTransfer::next
I: RecvEncryptedMessages::next
I: MonitorObliviousTransfer::next
I: DecryptChosenMessage::next
I: MonitorObliviousTransfer::next
I: ChooserDone::next
I: MonitorObliviousTransfer::next
I: MonitorObliviousTransfer::next
I: InitChooser::next
I: MonitorObliviousTransfer::next
I: RecvConstant::next
D: received message: 9559baad3894a65e5cd98a95b781350657d8dfc7a549c5a1a57e24f65ebb3c2d04bf1f0ff62882199ff2af7ad8c7bd6e73cae916e4a6f6cb8c9e96f0119a5cc5bff7546eaf427ad95f963e3b9974ea91f43afea95d0094795fc94c30126295d2a2cc66f2b937e3075709bfc59f179071222dfc55a52502260515a008d9795a800eafb7ea099e7926ea9a9322178cdd6a3db51ad72d0810b154172f7b3cbe78e1bfff17d843d306b37e8bbfc9f6a874b9fc42598604e9f53aeb988299de6858c2
I: MonitorObliviousTransfer::next
I: GeneratePublicKey::next
D:  sending message (size 0.000384 MB)
I: MonitorObliviousTransfer::next
I: SendPublicKey::next
I: MonitorObliviousTransfer::next
I: RecvEncryptedMessages::next
I: MonitorObliviousTransfer::next
I: DecryptChosenMessage::next
I: MonitorObliviousTransfer::next
I: ChooserDone::next
I: MonitorObliviousTransfer::next
I: MonitorObliviousTransfer::next
I: InitChooser::next
I: MonitorObliviousTransfer::next
I: RecvConstant::next
D: received message: 75cbb9cdb54f9b8245c5846928384dfb7ef3d7e1ceb93e58aa690639dfda291b3831fe49022a20bf5bd2049eb3a8e0aa4ffe9789daa1fb6e4f464a1497ea227798f6807fec9c0fcd2d5f1c04792300eee8c8fc2b92a29b740924973fcdfb60a4cdfc906e6104b42b9f908839f899959d5d80264c4a157d2fec0a9b24ea1a6ce8ae23bed6fd43959b7798492c61c985aacc29ceb3af78510d9decaf7d451ad69444d49aaea8c8e957b223a4c5240c7299ffadc29079e07955ba989f77ddfdef59
I: MonitorObliviousTransfer::next
I: GeneratePublicKey::next
D:  sending message (size 0.000384 MB)
I: MonitorObliviousTransfer::next
I: SendPublicKey::next
I: MonitorObliviousTransfer::next
I: RecvEncryptedMessages::next
I: MonitorObliviousTransfer::next
I: DecryptChosenMessage::next
I: MonitorObliviousTransfer::next
I: ChooserDone::next
I: MonitorObliviousTransfer::next
I: MonitorObliviousTransfer::next
I: InitChooser::next
I: MonitorObliviousTransfer::next
I: RecvConstant::next
D: received message: 770a3f6d78c1d502a73a82ee5d8eedf503135efd1dabd779561559407d4371032e57dd7fb4383862afbb8e42d998647c24db93d5e55b8f1efe04bf57715125648fc087afadcd575083e762e88d5c9ed3f841fa7d1c4b33ada0bb41406ecf5d559a0e22c8163e06a7163c8ba8c41461c3fde5307653fd73b25795b4a5763d2e5f1e5c6d68e4132ca8b7c4ac629afa8b3e995a2934af5508f5b4210b005adc7d23abede8cc440dd86b36d828580f6f91e61d3ed21426dd97f2aae41966ef9c0b09
I: MonitorObliviousTransfer::next
I: GeneratePublicKey::next
D:  sending message (size 0.000384 MB)
I: MonitorObliviousTransfer::next
I: SendPublicKey::next
I: MonitorObliviousTransfer::next
I: RecvEncryptedMessages::next
I: MonitorObliviousTransfer::next
I: DecryptChosenMessage::next
I: MonitorObliviousTransfer::next
I: ChooserDone::next
I: MonitorObliviousTransfer::next
I: MonitorObliviousTransfer::next
I: InitChooser::next
I: MonitorObliviousTransfer::next
I: RecvConstant::next
D: received message: 643510a8cf29d3286ad3b399b99ab92bd544e859d9737440a7b7e5e56545aa6f45cbfd40d7cd3fb025c0bad0aea8ca70ee9e9eebe3871e87132d54e596085b5578a4557829a20ffc0bd09cede1cdb9b526b9991d251fc43675541fb4a1623d4ed6999d58b81db64cd3c8afe042966071bf9a06faf981ee7e85aec300d3227db8306d3a2fcba6a624f131748b6d3bcc7bba4b628ea50f2f8b6162422a35e77a337fb419956548fe436dd03d3ed20a4137459080f7e30f9cbe39261116c70b1c48
I: MonitorObliviousTransfer::next
I: GeneratePublicKey::next
D:  sending message (size 0.000384 MB)
I: MonitorObliviousTransfer::next
I: SendPublicKey::next
I: MonitorObliviousTransfer::next
I: RecvEncryptedMessages::next
I: MonitorObliviousTransfer::next
I: DecryptChosenMessage::next
I: MonitorObliviousTransfer::next
I: ChooserDone::next
I: MonitorObliviousTransfer::next
I: MonitorObliviousTransfer::next
I: InitChooser::next
I: MonitorObliviousTransfer::next
I: RecvConstant::next
D: received message: 54c906573bd618db6ffeba859aac728c44d592707bbfcee4b10bfc1de885762e5b8a7673cee1144c0aabac6fc6d6126b66ecc7b8bd5871672fcf7d32a43e664d4aabd00285e5f224523bd47ee68ed8f63ab6501c97a6b8823ce53132e648360efb106719f5136cac7538e67af7848314c467156508f9f60189cbb9052f34ed3aa023b028701ffdf7ba7e900e72afd20115fb16e9ab06069cb35cb4549bd5da7ab417401e6b1a1fec267282938c96d3385c21176424cb6866070ccc85ff028323
I: MonitorObliviousTransfer::next
I: GeneratePublicKey::next
D:  sending message (size 0.000384 MB)
I: MonitorObliviousTransfer::next
I: SendPublicKey::next
I: MonitorObliviousTransfer::next
I: RecvEncryptedMessages::next
I: MonitorObliviousTransfer::next
I: DecryptChosenMessage::next
I: MonitorObliviousTransfer::next
I: ChooserDone::next
I: MonitorObliviousTransfer::next
I: MonitorObliviousTransfer::next
I: InitChooser::next
I: MonitorObliviousTransfer::next
I: RecvConstant::next
D: received message: a911ed996eeaea3b92a41d3ce033e673e57e5b54ff4fe79122d6f089920baee929dfda8da051e1c5b8be3b85fe772706f04ebd2086a21b9dd3223d1ff60bced875d4cf7baf7766fadfbf9fc574ff4cd59bd7a347c9e91a74d151ae087f101841e9a8fbcff1ff3bfc0d1b3bc6ffdb38b0e621e9fffa22355bc6797bb53039ed071a305cfaaa5c43cf9f1adc84a125ddc9315f9131c8f951e80f61e1626e1b857eaf158bc6112e1c6b8eb15be213898fe77e0fcaba6790fff016f246fc1eb5d84e
I: MonitorObliviousTransfer::next
I: GeneratePublicKey::next
D:  sending message (size 0.000384 MB)
I: MonitorObliviousTransfer::next
I: SendPublicKey::next
I: MonitorObliviousTransfer::next
I: RecvEncryptedMessages::next
I: MonitorObliviousTransfer::next
I: DecryptChosenMessage::next
I: MonitorObliviousTransfer::next
I: ChooserDone::next
I: MonitorObliviousTransfer::next
I: MonitorObliviousTransfer::next
I: InitChooser::next
I: MonitorObliviousTransfer::next
I: RecvConstant::next
D: received message: 317411ad030351727c138780bb6090a540a0693f023b449b57cabb4f12f6e8a828ffe411a3ab114377a76e9af8cfd8882f19cc6c70b5d395a4f61bf728e32f90e5855c1b43ea2bd6d59a76cfad92445bf7e046ac82f47e5ca4be4f350aab812d641aefd2c8b666398925ff8908ea2feea2f38e2b65e05b1c6a938c636d24f807f3861336aeb3832776dbbce4eaf486b0760852db7e11c981ce71c424b99dfadb02abb6bde5d8e1adee41e32fc24c8b7291d52da3d3a08366bce4186c70c4372
I: MonitorObliviousTransfer::next
I: GeneratePublicKey::next
D:  sending message (size 0.000384 MB)
I: MonitorObliviousTransfer::next
I: SendPublicKey::next
I: MonitorObliviousTransfer::next
I: RecvEncryptedMessages::next
I: MonitorObliviousTransfer::next
I: DecryptChosenMessage::next
I: MonitorObliviousTransfer::next
I: ChooserDone::next
I: MonitorObliviousTransfer::next
I: MonitorObliviousTransfer::next
I: InitChooser::next
I: MonitorObliviousTransfer::next
I: RecvConstant::next
D: received message: c10d94c618ebbd21859e16ebc79c35636157f2fa092c79f3718d98ae11093d2f1e382a6713755a4b34245d7cc6c5c4297ee411ae673a23cb5b7e54d24227eab2ad0d957ddef423b581f93f8900245c273de7cf7ed314a06ff372102457014970db4043252a701946b58d92f79b4f85ee4db9d4c99ea9e81db3d7d9ba93657e64e8df79eb9cb119ade3ae14a521da5d2eba10197012aa165bd4b339f75bfd96a326edfd678e20b9757401103abf1093e6b8b3c698ad45000860fba749d9cc452b
I: MonitorObliviousTransfer::next
I: GeneratePublicKey::next
D:  sending message (size 0.000384 MB)
I: MonitorObliviousTransfer::next
I: SendPublicKey::next
I: MonitorObliviousTransfer::next
I: RecvEncryptedMessages::next
I: MonitorObliviousTransfer::next
I: DecryptChosenMessage::next
I: MonitorObliviousTransfer::next
I: ChooserDone::next
I: MonitorObliviousTransfer::next
I: MonitorObliviousTransfer::next
I: InitChooser::next
I: MonitorObliviousTransfer::next
I: RecvConstant::next
D: received message: 5af6de8af9b0fe375bdef18a3e721978db3076b1fcab8552ee7158be78d125c01fd06a6ef541dfd389284144845d756b0bec5fcf55291ebbc3aa9919c1c51469f97764b3ba8ae9fe80c27cd4f1e9350c829ebfe05060003d44a66b1c8452ecbdf91024d29079c927c6350d6010a62668f1fb3b99aad844d05aba34742f38182ef0984215f223a0bbf4cfacf81bed22ff006fbe520ce441331806638ebbdfb2604d28a4ff34c0355910f66e8fe7d02b78dc3eb2ddaef6ffe5ef1788fdab5c98a0
I: MonitorObliviousTransfer::next
I: GeneratePublicKey::next
D:  sending message (size 0.000384 MB)
I: MonitorObliviousTransfer::next
I: SendPublicKey::next
I: MonitorObliviousTransfer::next
I: RecvEncryptedMessages::next
I: MonitorObliviousTransfer::next
I: DecryptChosenMessage::next
I: MonitorObliviousTransfer::next
I: ChooserDone::next
I: MonitorObliviousTransfer::next
I: MonitorObliviousTransfer::next
I: InitChooser::next
I: MonitorObliviousTransfer::next
I: RecvConstant::next
D: received message: 21487fe23cf41d1dcd5c47dc86060e25d3bd46a3ffcc845738e235a494cd130bb15a81beb282565c164750518fdabf78cba79a3211a3c41ce9958983da2921048109b43424e8b06428de2d6468c0996a0c0e91acbe261b9fb24e96b9b85eb4cc7739666ca4aa7e2781aee4c24bce98e6111556eb3f715acce5cd80f2c3816419057b77bd8718d9014a417220b9d26caa5cdefffe27260e368244ac090cc321903464723850d6fedb5ec93bc68a7d858a2676ed8e46fb2e3be6692f92505382d7
I: MonitorObliviousTransfer::next
I: GeneratePublicKey::next
D:  sending message (size 0.000384 MB)
I: MonitorObliviousTransfer::next
I: SendPublicKey::next
I: MonitorObliviousTransfer::next
I: RecvEncryptedMessages::next
I: MonitorObliviousTransfer::next
I: DecryptChosenMessage::next
I: MonitorObliviousTransfer::next
I: ChooserDone::next
I: MonitorObliviousTransfer::next
I: MonitorObliviousTransfer::next
I: InitChooser::next
I: MonitorObliviousTransfer::next
I: RecvConstant::next
D: received message: ef77f56ea21f1ec4425572b173992251e4f002973ef2f5e2b03517b1ab6401b4905799b0a83d95651936a710b71fe35c8911d9794a57d04f2eeb82b9495858889ed256dfa9bc1019d82f0a90a23b167ea4a308bf8c78c54cc4157e837dcf77e4f0cabf1b6147c1370bad1fbea83a25db08c6ce8e2ff9e3a71aa30a317f6feb2385dada4041d8870bad2cb5a00c2a81ea120be3b5439d18b6e16ca388bc99721084987b69e13000b55a7ce2e0b552c56bf3ee6fce09cfe24b1b8269e9cc8c3225
I: MonitorObliviousTransfer::next
I: GeneratePublicKey::next
D:  sending message (size 0.000384 MB)
I: MonitorObliviousTransfer::next
I: SendPublicKey::next
I: MonitorObliviousTransfer::next
I: RecvEncryptedMessages::next
I: MonitorObliviousTransfer::next
I: DecryptChosenMessage::next
I: MonitorObliviousTransfer::next
I: ChooserDone::next
I: MonitorObliviousTransfer::next
I: MonitorObliviousTransfer::next
I: InitChooser::next
I: MonitorObliviousTransfer::next
I: RecvConstant::next
D: received message: a5932a02e661e4a05614d6e495fd66babcac099c1f81afab739f84c0de3f75e186dfadb7d75f373fddf700c14924707b01fc80a59c410786e7dc95fd446578cbb7ea4baa470f878a011924dcbf34fb2fac3cccc90eca90fcf4b25cbe09421646874f8d0e47319d718d4fa6e73538f310a63708fee825e4540a1ff59e7bbda4a31ed4b12506c7e819d8bb28b0dadafcfbc5b00b75c1950246b537b8751ae81e754233414e3dba30711d558fc05a301a4b2c664cb6d951231d0d5a8e5eec932ae5
I: MonitorObliviousTransfer::next
I: GeneratePublicKey::next
D:  sending message (size 0.000384 MB)
I: MonitorObliviousTransfer::next
I: SendPublicKey::next
I: MonitorObliviousTransfer::next
I: RecvEncryptedMessages::next
I: MonitorObliviousTransfer::next
I: DecryptChosenMessage::next
I: MonitorObliviousTransfer::next
I: ChooserDone::next
I: MonitorObliviousTransfer::next
I: MonitorObliviousTransfer::next
I: InitChooser::next
I: MonitorObliviousTransfer::next
I: RecvConstant::next
D: received message: 599dd571232770371b1ce419a57fa7c66c898754a439f1adbf789ff09723b8b8ad7d554b9cb657e65e5879bd612c06d6acee6585221d10f1b06237675a4795ccedb532d8b4eb8164828193adeb561a2495e8e34621cad6a3103a1d01a6e8a69a8cf004dd28d52d054edd4c7d7693297edce459508f55215654cc96b0e1188238c629ea96d03baa4af323ba9d4a46bf306b52ce78dde3ac2bd9f9c16cc44843c628ef708a5e35e2cc9f3c6ed81978fb05c2f0676ab8ab78fa3745e6257938b488
I: MonitorObliviousTransfer::next
I: GeneratePublicKey::next
D:  sending message (size 0.000384 MB)
I: MonitorObliviousTransfer::next
I: SendPublicKey::next
I: MonitorObliviousTransfer::next
I: RecvEncryptedMessages::next
I: MonitorObliviousTransfer::next
I: DecryptChosenMessage::next
I: MonitorObliviousTransfer::next
I: ChooserDone::next
I: MonitorObliviousTransfer::next
I: MonitorObliviousTransfer::next
I: InitChooser::next
I: MonitorObliviousTransfer::next
I: RecvConstant::next
D: received message: 47289c126bec04d0188aa866e0e81a358fad3e8e47c514b0bd92085b5238b46e2ac74098267319b3647403eac6ccb6c9ca5439d68d38d75803e9366bf4c69c39499ab458b0a189e33678799a5aa93f632836caeb639fe55526073467f033c9a89365919a5a0a7aee137d8c7f5b890b576f03c86c3ab0fd80fd66a8baad9e3488a1f95ab0ac4b6598a9286fb6f103ed7c7343458f81e472efb8203e35edd534be94d2b72166a8795c8f318783896874fd06bd36152e50b5f4557657297a257763
I: MonitorObliviousTransfer::next
I: GeneratePublicKey::next
D:  sending message (size 0.000384 MB)
I: MonitorObliviousTransfer::next
I: SendPublicKey::next
I: MonitorObliviousTransfer::next
I: RecvEncryptedMessages::next
I: MonitorObliviousTransfer::next
I: DecryptChosenMessage::next
I: MonitorObliviousTransfer::next
I: ChooserDone::next
I: MonitorObliviousTransfer::next
I: MonitorObliviousTransfer::next
I: InitChooser::next
I: MonitorObliviousTransfer::next
I: RecvConstant::next
D: received message: 5ed378aa2bdcae4f2814ba0c85788e526b9382c1d715df93dc105707d4a4c58e1c25fc7b295a84246780ed9b7c0d843577c4a41a67b9294632de0d82c58c1a3544bad3cd27f7eb7d4fbf4a7e3f1ea2ee908fc80926e1eaedfdd353a13226982f63678a43a424540d34342495b9e421f3bc6100c5949259ed58e4bb6920d3204cd5a31714716fddf2287a26793afcc6d02b1e2812f062e795b6b55532dfacfc64d3635fa1b76cacda0f54b1a3846c2d51ad8822dbf72da6c7069667289697d7dc
I: MonitorObliviousTransfer::next
I: GeneratePublicKey::next
D:  sending message (size 0.000384 MB)
I: MonitorObliviousTransfer::next
I: SendPublicKey::next
I: MonitorObliviousTransfer::next
I: RecvEncryptedMessages::next
I: MonitorObliviousTransfer::next
I: DecryptChosenMessage::next
I: MonitorObliviousTransfer::next
I: ChooserDone::next
I: MonitorObliviousTransfer::next
I: MonitorObliviousTransfer::next
I: InitChooser::next
I: MonitorObliviousTransfer::next
I: RecvConstant::next
D: received message: c5ac8cec2c59c90ebdbad0d448078823b7e2da96caa79008c9aca7b7aace25c3634cdc61897b01d6cc03fb46df28e8b62806fb2233707344e1e087c84853f0ddf6a71374c2128a32894d47f437d099adf4575228dfd0c2257dc9638489364ed19777dd1ca592d85ce8bd480a706e688a7e41910c78403c1dd0355469e8d42762e29968094eca8513e8644a508d41535023d926540495dc2d84e503a555297debfeeb9d067e20f6d84a4d9aae327740f1b99b53c871d90ed36b5bd08dbc3a9829
I: MonitorObliviousTransfer::next
I: GeneratePublicKey::next
D:  sending message (size 0.000384 MB)
I: MonitorObliviousTransfer::next
I: SendPublicKey::next
I: MonitorObliviousTransfer::next
I: RecvEncryptedMessages::next
I: MonitorObliviousTransfer::next
I: DecryptChosenMessage::next
I: MonitorObliviousTransfer::next
I: ChooserDone::next
I: MonitorObliviousTransfer::next
I: MonitorObliviousTransfer::next
I: InitChooser::next
I: MonitorObliviousTransfer::next
I: RecvConstant::next
D: received message: 9b2feaf9014b10fc7319ef4911246569215191f69e2d41af4e7f2fed94dde587f4d63dee8e155647b2f940adb44415b14c2661f83788dcb21b368d34059af43b5809741e59b0721f283d80b3e966ef76f5ed2e1ac1f1d4a1858287b94761194a0c1c0278de6774f2f782ad73627dbbac27f3f1d31feb9a9c6183d1b45415fb4b7ea470a730cb5a9d4870537f96795a56c8c924d88eb4cf90ad2bf95a4269185a2b8e1c3e7b27cd7a78292f7f2d6dfeb2a0565b44f3a48bc857f8f1eaca3e813c
I: MonitorObliviousTransfer::next
I: GeneratePublicKey::next
D:  sending message (size 0.000384 MB)
I: MonitorObliviousTransfer::next
I: SendPublicKey::next
I: MonitorObliviousTransfer::next
I: RecvEncryptedMessages::next
I: MonitorObliviousTransfer::next
I: DecryptChosenMessage::next
I: MonitorObliviousTransfer::next
I: ChooserDone::next
I: MonitorObliviousTransfer::next
I: MonitorObliviousTransfer::next
I: InitChooser::next
I: MonitorObliviousTransfer::next
I: RecvConstant::next
D: received message: 2e083f1ea26ea3fe5367ca3aceef9d0aebcefb1170da0b48c49b990850e31f441c84d920b76199a49e0b1fd3e6cbd200898d2fb00fcecf6845e3789d543e309f1afbfa84ad4c7a37e829ae51eeb3830a970e1084f125fab64b2e8e00e96d46fd7242f1c568e177d0009443ca002d7b6f5118e157bf6fdb7ab9ab341abd7ed3ffc14bdb8ed305a1d54cab76ebff89e9cbd80ba4ed0116ac499479d2aab9e62c9c98370212b290bea6af8710f3303dadba86e8c44f809fa75ed77587a0ecac7e1c
I: MonitorObliviousTransfer::next
I: GeneratePublicKey::next
D:  sending message (size 0.000384 MB)
I: MonitorObliviousTransfer::next
I: SendPublicKey::next
I: MonitorObliviousTransfer::next
I: RecvEncryptedMessages::next
I: MonitorObliviousTransfer::next
I: DecryptChosenMessage::next
I: MonitorObliviousTransfer::next
I: ChooserDone::next
I: MonitorObliviousTransfer::next
I: MonitorObliviousTransfer::next
I: InitChooser::next
I: MonitorObliviousTransfer::next
I: RecvConstant::next
D: received message: d8d08cb61f3f09fbc3d42025fd9895797734df91286e97fbfe25602b235619a176d25dfef2801966cf2cd88f80361b76c5aeebd3ea65f6b5abf69adc1326397b10c221f8c2f77b415572e063e6a521451b1f146003745130aff1c674147e7410d2b6b62157890a3cb225aed3a6c78f901541322bb2955c66de11f861bd28a220020efd98204d1e6c529c6e71e13cac43451a855aadffb5c221c997ad615006b05d4574b728741ac18be07ed65dbdb570afea0960784c6ce2366b50dac04bc9a4
I: MonitorObliviousTransfer::next
I: GeneratePublicKey::next
D:  sending message (size 0.000384 MB)
I: MonitorObliviousTransfer::next
I: SendPublicKey::next
I: MonitorObliviousTransfer::next
I: RecvEncryptedMessages::next
I: MonitorObliviousTransfer::next
I: DecryptChosenMessage::next
I: MonitorObliviousTransfer::next
I: ChooserDone::next
I: MonitorObliviousTransfer::next
I: MonitorObliviousTransfer::next
I: InitChooser::next
I: MonitorObliviousTransfer::next
I: RecvConstant::next
D: received message: 2be0e123414d9d73a5f1833742c2c070ca3deb2dc3a46fe6e60b913f28538329d34fdf4bd899112e4bcd2c954ffc1b918f3908d229377589c1f3a6d4397a02a3093caa97a3d99bf82d365940582d67b92abc35dd259ddf99fcdced33d8304a0b9a1c42b834ccc4426810fea7f60e791cbdd39d6084e8d2cc5693bcbde1faeac8d04fa1411fbde7a91cf353f86912b3264844603a504ecad2d2d94a254d7d00edce375c8d9bcc3612c50bab69e2fb309e971db3c03deb9c57bc6840795d4964a2
I: MonitorObliviousTransfer::next
I: GeneratePublicKey::next
D:  sending message (size 0.000384 MB)
I: MonitorObliviousTransfer::next
I: SendPublicKey::next
I: MonitorObliviousTransfer::next
I: RecvEncryptedMessages::next
I: MonitorObliviousTransfer::next
I: DecryptChosenMessage::next
I: MonitorObliviousTransfer::next
I: ChooserDone::next
I: MonitorObliviousTransfer::next
I: MonitorObliviousTransfer::next
I: InitChooser::next
I: MonitorObliviousTransfer::next
I: RecvConstant::next
D: received message: 5db020b0da904e0d83aba14175b8eae44f2dfe7dfb126f104d55cb95c8f7a183d78307bb30b23df13e3ca50aec9e0cc2c3a2a98b13e484e0dcb4f6d694b320907d79afdcbd392ad91dbbf7de75770e74c001072656fb249c80dbc2b991ccd82647e39442d54f85926a67d7b8f5f3090f253ae145907e26a877892b756ec8fba5dd93620d674686f7604bab5d71d33e4ea14dd3f0eaf2e7b00c7e1ffeb95d57dd1ac7f1686eb3bb542109d5f4849b69f7c3ec409c0790b81cf44eca67fd17ab36
I: MonitorObliviousTransfer::next
I: GeneratePublicKey::next
D:  sending message (size 0.000384 MB)
I: MonitorObliviousTransfer::next
I: SendPublicKey::next
I: MonitorObliviousTransfer::next
I: RecvEncryptedMessages::next
I: MonitorObliviousTransfer::next
I: DecryptChosenMessage::next
I: MonitorObliviousTransfer::next
I: ChooserDone::next
I: MonitorObliviousTransfer::next
I: MonitorObliviousTransfer::next
I: InitChooser::next
I: MonitorObliviousTransfer::next
I: RecvConstant::next
D: received message: 8996d28dcd1998190199ff3e9530bceebcad8694cc762d0c5c33f7c3c4493a1dfbcb113dcd16bc200af031144825a3850eb71fd36d060eb01760ea44a3a86ab4b8296e17acee97f5d1592220d2a5f3007d10c5d676c097c17429a757ca2d5be5f043aa9602850bc469d9b4a65fa32c7c5156281788f8919a2caaf69e0a21ecb49768ceb5ac1c28a35a6e42ac280147aa733cde7a7e5937fdc814742f62383ccec896bd15e66f2cdc8dd61aa9f79a1a9e4f993ef0f285b727ebcdc9ba2548b427
I: MonitorObliviousTransfer::next
I: GeneratePublicKey::next
D:  sending message (size 0.000384 MB)
I: MonitorObliviousTransfer::next
I: SendPublicKey::next
I: MonitorObliviousTransfer::next
I: RecvEncryptedMessages::next
I: MonitorObliviousTransfer::next
I: DecryptChosenMessage::next
I: MonitorObliviousTransfer::next
I: ChooserDone::next
I: MonitorObliviousTransfer::next
I: MonitorObliviousTransfer::next
I: InitChooser::next
I: MonitorObliviousTransfer::next
I: RecvConstant::next
D: received message: 454137e536de53e6d44622dafdbc31001c4a03fd4d7fef13d6cbedac5914fcdd72b9221aec2ff5df29b6f72f5d577eac9ed1266a34559d03032740fe3d296afe92c38b3b8c74ecbcd11cd9c2d9204e41bdeae982fa79f7a8267d442415d6b4dd871a87ce50382ce873d947bf0c8ab31af0ccab64ce1275e37f56252757286c174820d710388dee9197c802604e3645f1c57fd31d9e9162c287e61529712624a1944ae36fc7afa9cf482e1b6ee89ecbf9ea9ef6d82d36ef8bff497b13727ec8d5
I: MonitorObliviousTransfer::next
I: GeneratePublicKey::next
D:  sending message (size 0.000384 MB)
I: MonitorObliviousTransfer::next
I: SendPublicKey::next
I: MonitorObliviousTransfer::next
I: RecvEncryptedMessages::next
I: MonitorObliviousTransfer::next
I: DecryptChosenMessage::next
I: MonitorObliviousTransfer::next
I: ChooserDone::next
I: MonitorObliviousTransfer::next
I: MonitorObliviousTransfer::next
I: InitChooser::next
I: MonitorObliviousTransfer::next
I: RecvConstant::next
D: received message: bf49a7f175ebe5347fa68804cd6ffa10dcdd254f937764634721c68197c7541ac9d6244df7a432cdd435acd74883deaaf8d2945402e07cd0ae278a9bbea334ff95a4337155e9b451c8f83aa3e53e77b16709984a85208403c5f4253174dc4c86bb2ff0d05c0d6bbf8ba6aec4e11e462d06c82fce68eb1cabbc63cfbf76c9e503d60b071fc46145b766d834c95bdd02b3413224abc2415696476f663cdb1dfdc8359d444df37323f7767cbc152ef5d81c69bcdc4de62105f7c9084b802420aa2d
I: MonitorObliviousTransfer::next
I: GeneratePublicKey::next
D:  sending message (size 0.000384 MB)
I: MonitorObliviousTransfer::next
I: SendPublicKey::next
I: MonitorObliviousTransfer::next
I: RecvEncryptedMessages::next
I: MonitorObliviousTransfer::next
I: DecryptChosenMessage::next
I: MonitorObliviousTransfer::next
I: ChooserDone::next
I: MonitorObliviousTransfer::next
I: MonitorObliviousTransfer::next
I: InitChooser::next
I: MonitorObliviousTransfer::next
I: RecvConstant::next
D: received message: 95148462d577318cac55d9f4c3e54b86f56c863f362f11bcb124840bc6d17e0733be3e41875fb8a1f0f36ba432061d209788e70d58df9c99b8c53f63585af7a8831738f738e2ccb92fe609ef970ce84e4bfc037b062896eb4e92811c352060f4f0399fb5d3a7568c4aee8ed342e9ed016a716d98eda1157b01feac5e8547ce41f03e4643f1522dcc65c3b6ceaf24a4c52e18cde2f8d5d4a8dfc1417362532875585f3bfed05c15183ed8943e0afd819d6bfdc3fe925ce49d1b60fc441d9c2587
I: MonitorObliviousTransfer::next
I: GeneratePublicKey::next
D:  sending message (size 0.000384 MB)
I: MonitorObliviousTransfer::next
I: SendPublicKey::next
I: MonitorObliviousTransfer::next
I: RecvEncryptedMessages::next
I: MonitorObliviousTransfer::next
I: DecryptChosenMessage::next
I: MonitorObliviousTransfer::next
I: ChooserDone::next
I: MonitorObliviousTransfer::next
I: MonitorObliviousTransfer::next
I: InitChooser::next
I: MonitorObliviousTransfer::next
I: RecvConstant::next
D: received message: bc9e372affdea82c57a348fc02289f2407c0cb4267a3bbe91cf5d4f07d093e8814a4ce45ad3ff07c3fa15684d6e6b2a6c5477e59ca547477f5e5205349d3570e71e854eca3cf340cf80e9446b95cfe079c209422ac3ddc0a67bf8a2f0ac29c9bee2f8db6cc55889d4d6a06d4c7ae0a5c4918dd502ce7f26a28be76b4e760477c8e63e41e75d5d0005f6a918e3464ae7a79479ff84b92b4a65b2b391e29824b8dc9201a96477d797b38e063b896d109871fbf48e0dfcfd665d55455cc4afe1ee0
I: MonitorObliviousTransfer::next
I: GeneratePublicKey::next
D:  sending message (size 0.000384 MB)
I: MonitorObliviousTransfer::next
I: SendPublicKey::next
I: MonitorObliviousTransfer::next
I: RecvEncryptedMessages::next
I: MonitorObliviousTransfer::next
I: DecryptChosenMessage::next
I: MonitorObliviousTransfer::next
I: ChooserDone::next
I: MonitorObliviousTransfer::next
I: MonitorObliviousTransfer::next
I: InitChooser::next
I: MonitorObliviousTransfer::next
I: RecvConstant::next
D: received message: ed98114a165fe36e5794305298b837ef6d1f224b012868eb6148b866e4936b3b1f6ae14a7b8e46f585f03c5f705bbdcd33a12ba1c68bac6a090354e0b9ef3ddf8522d3f1cd8c69a57b4e882333d399f06f91cefc0494200ebfde57ad88b7f88ee3fe4cf0a1ea44d2b2a90c45cb9ede4e01e26d8d2c9bbd69ec3fe54b91517a22264d17da40e8775831d4df9a3d375527eed0d3d0d7d5e50e6b7f82327806ee2be56f904671f5bcb3ca6c64788df62592c3618a885ae33a4a655c9d8a8d8003ad
I: MonitorObliviousTransfer::next
I: GeneratePublicKey::next
D:  sending message (size 0.000384 MB)
I: MonitorObliviousTransfer::next
I: SendPublicKey::next
I: MonitorObliviousTransfer::next
I: RecvEncryptedMessages::next
I: MonitorObliviousTransfer::next
I: DecryptChosenMessage::next
I: MonitorObliviousTransfer::next
I: ChooserDone::next
I: MonitorObliviousTransfer::next
I: MonitorObliviousTransfer::next
I: InitChooser::next
I: MonitorObliviousTransfer::next
I: RecvConstant::next
D: received message: 370b32ef210355ce3484bce7b1722d0093c616d1c7eaa25f882329c494a8c0aab67e06692e67416e72e8c79eab55fac6cef0e22bd3b71300c0fa89d1bc41f5225b5e955f5f2735e5ffc092f577f96487fee74c207d9bc367fd50ab01539afb936839c28b19ee12bc95bc2f6ee97803d4bdc40bf21a7ed72074e1b857092e0ac263d07d77d1f9b952843119e3d35ddedcb81b8182792ba357bdfef1aa39239843c2b23c840dfcf8ac8dc7413940f037861f5aa5cda2f3ca466f33cb475051c2d
I: MonitorObliviousTransfer::next
I: GeneratePublicKey::next
D:  sending message (size 0.000384 MB)
I: MonitorObliviousTransfer::next
I: SendPublicKey::next
I: MonitorObliviousTransfer::next
I: RecvEncryptedMessages::next
I: MonitorObliviousTransfer::next
I: DecryptChosenMessage::next
I: MonitorObliviousTransfer::next
I: ChooserDone::next
I: MonitorObliviousTransfer::next
I: MonitorObliviousTransfer::next
I: InitChooser::next
I: MonitorObliviousTransfer::next
I: RecvConstant::next
D: received message: ac6d45ff8d70d7e8ede5b617de9774d3f14a86b114bde1e533a952371bf780ed446decc1f71502d87ea9ea787136e1fed724be0522adfa2d3ed4048479bb54c72a720241f2e46f82a43e5c0b6cf635f4fd5272ec6b6e2e1a2b47259bb34a4819a72882a142a7df62f32a334877618a71d1ab256aa3ae3de4db474102f9eef463c7b01b07fd4bf04e9efa6723c00b9264653d9184e931be6636aa15b60aed47f9d434a874da4492479ee07d8231fb886204a5a1f58b931cee7cc5ee16ec370dd0
I: MonitorObliviousTransfer::next
I: GeneratePublicKey::next
D:  sending message (size 0.000384 MB)
I: MonitorObliviousTransfer::next
I: SendPublicKey::next
I: MonitorObliviousTransfer::next
I: RecvEncryptedMessages::next
I: MonitorObliviousTransfer::next
I: DecryptChosenMessage::next
I: MonitorObliviousTransfer::next
I: ChooserDone::next
I: MonitorObliviousTransfer::next
I: MonitorObliviousTransfer::next
I: InitChooser::next
I: MonitorObliviousTransfer::next
I: RecvConstant::next
D: received message: 6d6851efc798409629fc19430b1dfe298633a1b8409badbaab535688b3528c879292ea987e57d45f0f0e109dfa492ba34c18bff87411c06df7c25661a9ac3f86a5ccd0469e39f5b5e1ae70031a665559a73867ebc8b9ccb96496242d6fb0788a9b05b9954e8751db8217c9b368dca947074c8f6d17d7ae60be74658b950193c311726f8d6840d4c72315634bf970ec0a0fcec1ba98436c4665cc7aacd72bbc1370fb89c2c744ba58c30bb198f52c395d98f0a82f72796372d948c7c6eaef791
I: MonitorObliviousTransfer::next
I: GeneratePublicKey::next
D:  sending message (size 0.000383 MB)
I: MonitorObliviousTransfer::next
I: SendPublicKey::next
I: MonitorObliviousTransfer::next
I: RecvEncryptedMessages::next
I: MonitorObliviousTransfer::next
I: DecryptChosenMessage::next
I: MonitorObliviousTransfer::next
I: ChooserDone::next
I: MonitorObliviousTransfer::next
I: MonitorObliviousTransfer::next
I: InitChooser::next
I: MonitorObliviousTransfer::next
I: RecvConstant::next
D: received message: a3356e4193e9c42dec736013424c7224575d1a9dea9da35d144b441aa08bb9461e697a2ff172d27de5c465c7c2edc36833c06699cadbe2126adc030ce2a95f496580cc953b70dc10c86e0816e5fb68c7318bac9bcb50f7a6bf49e0aa64531366b450d9cbc56d3ae6dd32ed5c81f0d1f88a31f33925eb52b1e98ddebcfbdc1573b116ccc56ca6b8138015a3dbaf268fae45cf8ccc0e67b771148a88eac25b074fe5a54f7e9b65dcaf990685bd8250b542456b61c7da8de67b34220338ff928295
I: MonitorObliviousTransfer::next
I: GeneratePublicKey::next
D:  sending message (size 0.000384 MB)
I: MonitorObliviousTransfer::next
I: SendPublicKey::next
I: MonitorObliviousTransfer::next
I: RecvEncryptedMessages::next
I: MonitorObliviousTransfer::next
I: DecryptChosenMessage::next
I: MonitorObliviousTransfer::next
I: ChooserDone::next
I: MonitorObliviousTransfer::next
I: MonitorObliviousTransfer::next
I: InitChooser::next
I: MonitorObliviousTransfer::next
I: RecvConstant::next
D: received message: 7a86b37e723f39682df5920b34280b010d2c742c4ee942987b8ecd7ea887ead40c798db2530366e425413131a51aed69a9302f872977b7111b59b3012d532842a1bb12050dd8ed440a6a6b8a4f103091ba1e804fac2ed8e81d13df911bf7bc9061c0419908b8123f6c6abc960071cf072a412bf29fd28f4fcaebbf47ae8f66d25e484ba4a55b3e6da0e3d64a97ca61e12ce095b77c9c4234433e17eaf36e9f54756fab7df4d1af4536feb92a7c78e1f1b2d02a93577d6f1243a8921fab61ad3e
I: MonitorObliviousTransfer::next
I: GeneratePublicKey::next
D:  sending message (size 0.000384 MB)
I: MonitorObliviousTransfer::next
I: SendPublicKey::next
I: MonitorObliviousTransfer::next
I: RecvEncryptedMessages::next
I: MonitorObliviousTransfer::next
I: DecryptChosenMessage::next
I: MonitorObliviousTransfer::next
I: ChooserDone::next
I: MonitorObliviousTransfer::next
I: MonitorObliviousTransfer::next
I: InitChooser::next
I: MonitorObliviousTransfer::next
I: RecvConstant::next
D: received message: edeafa156a6d2d824d70ca8c0f439d86a4d99dc6c379f699ade8053eca7dfee6812e029b0cdd2e562dc26a14bfd8f43ce7df708ca05031324e10f289d95952c697f94840c41f57fbf9a8fcb738e64167c1072e0e46984fe40f9f2cfbf6101a66aa56907df5a28af2b94c6b7a308fa0623a427e7dc31606da709a9867281e14752470b49502c6bf53def2687cda09975dd3421b0cebfc53fd18ef6fcf89864fd37347b29986a13763e510df37c49beb2c8d2bb2adca3ec482f84ac652e1f2fcba
I: MonitorObliviousTransfer::next
I: GeneratePublicKey::next
D:  sending message (size 0.000384 MB)
I: MonitorObliviousTransfer::next
I: SendPublicKey::next
I: MonitorObliviousTransfer::next
I: RecvEncryptedMessages::next
I: MonitorObliviousTransfer::next
I: DecryptChosenMessage::next
I: MonitorObliviousTransfer::next
I: ChooserDone::next
I: MonitorObliviousTransfer::next
I: MonitorObliviousTransfer::next
I: InitChooser::next
I: MonitorObliviousTransfer::next
I: RecvConstant::next
D: received message: 9558f6ad4dd5e413e403bad7c4fcbbf035ad2e92ca90cf95d15fbe95499953f3383828a1a5d4a99b970f83dc8169e17639baa3c2da5dd8d0e2fd58bf81030127c16f367a9f42b1eb0a1420d36c6ceb07f709e3b4a4bbb38727358932af47803f0f3ab5cf35a621baf2f626987f801d745568fc5816985f83ec084f287ca151a19461fa188cabda66dcf57ecc4853485d8d7784e96b8686494851895fe794f3678af9ac34fc451bc408250e2f5690e749994879a08f48aff8cde16b2c816fba86
I: MonitorObliviousTransfer::next
I: GeneratePublicKey::next
D:  sending message (size 0.000384 MB)
I: MonitorObliviousTransfer::next
I: SendPublicKey::next
I: MonitorObliviousTransfer::next
I: RecvEncryptedMessages::next
I: MonitorObliviousTransfer::next
I: DecryptChosenMessage::next
I: MonitorObliviousTransfer::next
I: ChooserDone::next
I: MonitorObliviousTransfer::next
I: MonitorObliviousTransfer::next
I: InitChooser::next
I: MonitorObliviousTransfer::next
I: RecvConstant::next
D: received message: b7ead54ad40bc7f14793e22b77c3722127acc2767b14f06a86db7e929f4e12c23d4847d5516dc08dc91ec21924645224b5f25c7c89888d02f46d75e519d3ae1943ea9e6282d42c40508617302b3f616d30f70799e0d323720183122d2b1ad831f17a9bac567256978a5b5166a9515b8ee57c54f16010b25df9bec8f456251002e84c2a014b28bb5f8dba3354d8e24fd1da2217840f26acf793dc64c62057dad5b38205ea9f80e0f36752fcce1cb00bb2c0988d808229e3512c859be4df6e2c64
I: MonitorObliviousTransfer::next
I: GeneratePublicKey::next
D:  sending message (size 0.000384 MB)
I: MonitorObliviousTransfer::next
I: SendPublicKey::next
I: MonitorObliviousTransfer::next
I: RecvEncryptedMessages::next
I: MonitorObliviousTransfer::next
I: DecryptChosenMessage::next
I: MonitorObliviousTransfer::next
I: ChooserDone::next
I: MonitorObliviousTransfer::next
I: MonitorObliviousTransfer::next
I: InitChooser::next
I: MonitorObliviousTransfer::next
I: RecvConstant::next
D: received message: 6b7421786544445ad179a202d9f1aaa5b5649378b09fd237bc3af92f034f6c5fe96f184723b80eb2c84f011c157bc63bb4a301e69f4dc2f44c1266c76b45ed82dc363d48380c5c1ceebcfdc868aa98a1d6bc4b63d365ecde2abb95829d99ceefac4f07bb1901a559956a895016d5794481911715c436a16f63eff7f088e6b0f087c9ffb2f8a5d432456d58bf808bbbc0afc15bed7f26424d25fe2d0a87948a895ceab06d26611368c54487a2c8fe258e8b3b20376614e64fc5e953fc6af85c6b
I: MonitorObliviousTransfer::next
I: GeneratePublicKey::next
D:  sending message (size 0.000384 MB)
I: MonitorObliviousTransfer::next
I: SendPublicKey::next
I: MonitorObliviousTransfer::next
I: RecvEncryptedMessages::next
I: MonitorObliviousTransfer::next
I: DecryptChosenMessage::next
I: MonitorObliviousTransfer::next
I: ChooserDone::next
I: MonitorObliviousTransfer::next
I: MonitorObliviousTransfer::next
I: InitChooser::next
I: MonitorObliviousTransfer::next
I: RecvConstant::next
D: received message: 5a4c1ff3687b3452ed4cf2d52114c6d158189a150cedb3e52732196d4ba4e9c7937ab4b23b9d161204b7802682f7ad04dbd5272a3c951c0bda76557d84a7c8381228bfb26921e9d3672611b2c86e8b19289077aab23400505121aebb660f9c265295cf4ec7964f4098735937d4d4627e43e3893a14c9aa25db7049768a02ca813b652830ad9f29dc5b3f6c002eeb3ed6eec204d26329a158abc73cd0b54ae11062c725d1144016afa1dc934225eb177936b3193cd48468c10e02edb26456bc67
I: MonitorObliviousTransfer::next
I: GeneratePublicKey::next
D:  sending message (size 0.000384 MB)
I: MonitorObliviousTransfer::next
I: SendPublicKey::next
I: MonitorObliviousTransfer::next
I: RecvEncryptedMessages::next
I: MonitorObliviousTransfer::next
I: DecryptChosenMessage::next
I: MonitorObliviousTransfer::next
I: ChooserDone::next
I: MonitorObliviousTransfer::next
I: MonitorObliviousTransfer::next
I: InitChooser::next
I: MonitorObliviousTransfer::next
I: RecvConstant::next
D: received message: 3291beb74af8f1adbdf7250c1392aac6866a3f40d9933ef8a408e90f09fd4c565d3459e2cdb448b202e29ae35c8cc90125be69c5ade549993e498e771f45a63fdf1129f47a0811008bf339432de48f48cc501f7ece92134ca4511be18620afbefe1e4fee758769ee9b3d9cd3596e25a5ec515a99fb8786a218474ef2ff6bc1e370677ef5c54b6c38efa074e7b7b397b809397016d05d5163b371b43fe3fe8049c8cc74e14ef11cebca7e57473ab14351d21c0658212553b24b2c21d7bcb8a9b8
I: MonitorObliviousTransfer::next
I: GeneratePublicKey::next
D:  sending message (size 0.000384 MB)
I: MonitorObliviousTransfer::next
I: SendPublicKey::next
I: MonitorObliviousTransfer::next
I: RecvEncryptedMessages::next
I: MonitorObliviousTransfer::next
I: DecryptChosenMessage::next
I: MonitorObliviousTransfer::next
I: ChooserDone::next
I: MonitorObliviousTransfer::next
I: MonitorObliviousTransfer::next
I: InitChooser::next
I: MonitorObliviousTransfer::next
I: RecvConstant::next
D: received message: 46dbb6d1737008e3e366e3c859713f34655f4bc9d89ca71ea1b9ec3d3898fb4f9e6c2a663179a4d6896ae228bbe44e3d67294514696c09e2f894ba9861706f8df00c84d19680b738107cd96eec1e4e2051395026bbb9bc4720b3458b5e905ec494e494d9263ead92b3f553b2bf2bad25ade5690dcc43f1a62155cf72123f54e6a65cfc666827012b5a37c6d2e497463575f3fa231a6bc4871f076653a3ef846dd6982901518a48eb30d2bbc493a1006b26817ce5c39622bc1c1e402843dc1162
I: MonitorObliviousTransfer::next
I: GeneratePublicKey::next
D:  sending message (size 0.000384 MB)
I: MonitorObliviousTransfer::next
I: SendPublicKey::next
I: MonitorObliviousTransfer::next
I: RecvEncryptedMessages::next
I: MonitorObliviousTransfer::next
I: DecryptChosenMessage::next
I: MonitorObliviousTransfer::next
I: ChooserDone::next
I: MonitorObliviousTransfer::next
I: MonitorObliviousTransfer::next
I: InitChooser::next
I: MonitorObliviousTransfer::next
I: RecvConstant::next
D: received message: d50a453a5f80dbd57f3008650790ff67ea4668c99cf361469d1051947d8b903daffdbcfcb0f7c948531601e3a46d6831126187f0dda09a34a507b3a5b5ab581260190f35d826ecb6c06c5ecaa9810ead1d168bef709841c8dc661078222cded69ee8620c34e1b5df758bdb53dc84c1f65fd95b1f6999729c11581fc5a4002ffc18a23f344bc5d5e06a1204ab4980353ca13e1fdf5232417d04fd6437cf5e578f2818bc1965d0dabb5bb696534456f795e8eb98ef64d3f10586612bf17ec17020
I: MonitorObliviousTransfer::next
I: GeneratePublicKey::next
D:  sending message (size 0.000384 MB)
I: MonitorObliviousTransfer::next
I: SendPublicKey::next
I: MonitorObliviousTransfer::next
I: RecvEncryptedMessages::next
I: MonitorObliviousTransfer::next
I: DecryptChosenMessage::next
I: MonitorObliviousTransfer::next
I: ChooserDone::next
I: MonitorObliviousTransfer::next
I: MonitorObliviousTransfer::next
I: InitChooser::next
I: MonitorObliviousTransfer::next
I: RecvConstant::next
D: received message: 801667b47e0a66ab323ea3b60346b1f6475e9c2d6007d0e86b98e83e7309c9abdfe041944d046183d466c1e63422631eb72765b0ff0a4d1adb51a4e10a3bd8757ea3151f413d6c1e0a5ae11d647de89fc59c9e96e7e5a4632fc120f61ade31cf15291803b74a21eb1f4c82f94ef10e086dfbc493a88e7c67546f510c44398c5995bb51dd3cd051ab100015d1c8a7e0d220f739da06854376f9f71b042ac4aa04bf09a669ec357d9f13c2ea186dbac437e139921db663243c022299293981a6f7
I: MonitorObliviousTransfer::next
I: GeneratePublicKey::next
D:  sending message (size 0.000384 MB)
I: MonitorObliviousTransfer::next
I: SendPublicKey::next
I: MonitorObliviousTransfer::next
I: RecvEncryptedMessages::next
I: MonitorObliviousTransfer::next
I: DecryptChosenMessage::next
I: MonitorObliviousTransfer::next
I: ChooserDone::next
I: MonitorObliviousTransfer::next
I: MonitorObliviousTransfer::next
I: InitChooser::next
I: MonitorObliviousTransfer::next
I: RecvConstant::next
D: received message: 97837356fac53203169fa7fed824e5503d17855f8956037d983fe07412a1484cff02b27ad8ef9b2fcb944d442b45d869fae381f84537bdb8ebc6612b65e2a620a6ebbd51e48478e7c3169f30e87bee806ba743c828de31f603380d1e7ccbf1d1991bd908a07a276d278f3f31bb6b78400baaa385d436a00f917624bfd7d22a0d42ece2a48e8a9494b41635c05cdd04b597b2200280b247af0d1dc846d9e41c0650beb073a087f599200ce8c76408dc99ffe45b72c00c0c3d4b3fdd27c6600da7
I: MonitorObliviousTransfer::next
I: GeneratePublicKey::next
D:  sending message (size 0.000384 MB)
I: MonitorObliviousTransfer::next
I: SendPublicKey::next
I: MonitorObliviousTransfer::next
I: RecvEncryptedMessages::next
I: MonitorObliviousTransfer::next
I: DecryptChosenMessage::next
I: MonitorObliviousTransfer::next
I: ChooserDone::next
I: MonitorObliviousTransfer::next
I: MonitorObliviousTransfer::next
I: InitChooser::next
I: MonitorObliviousTransfer::next
I: RecvConstant::next
D: received message: 34d96e2dee4c82b64ea9e3e8d9a5f20eafadf27040ff77bcc3e5f9bf86103bc345a7806adb13a66e38ed06d128814174fa9af3ab0b4c93dbf00644820190ec1f24cd8d7364082aea44633ea88ce69fd99d869e56a0a5e6292022892982f6c36f9beecf09e23667a3d2fb5a304f0961175345b3bc0f56a0e6d5cbfe9ab4b082ce8e9214b57d78383b712d9436228d603e758c2c2a3e8787464a5ba2a518f400638b6aaf386405c43110e03112193c1b7bef79d6901f9b02d0929ef361e2efe84
I: MonitorObliviousTransfer::next
I: GeneratePublicKey::next
D:  sending message (size 0.000384 MB)
I: MonitorObliviousTransfer::next
I: SendPublicKey::next
I: MonitorObliviousTransfer::next
I: RecvEncryptedMessages::next
I: MonitorObliviousTransfer::next
I: DecryptChosenMessage::next
I: MonitorObliviousTransfer::next
I: ChooserDone::next
I: MonitorObliviousTransfer::next
I: MonitorObliviousTransfer::next
I: InitChooser::next
I: MonitorObliviousTransfer::next
I: RecvConstant::next
D: received message: b84a116d8abdbdbc729c464da593e41c629390dab98c0759244a53b80c969865349259f0bdb67b88e982b0dd0b21b5b54fe19a838f3446bcfb813665eafcc2bc6e439acaf8d9c91a6dd33abccb1819a45b1315246679c003e38b8d138fdf46122916243fa1ef3d20db68127ce273345555f0a2fef748b96a7d22ab0e828219c7afc1d5b532fb3d0844a3572d14fdd22a8f34bcd9c9d039b54d43971f4a347ce09d0ba8d230e7b0dc221a250c637aadde4d644eeeeebf9551c421741ba1faa4
I: MonitorObliviousTransfer::next
I: GeneratePublicKey::next
D:  sending message (size 0.000383 MB)
I: MonitorObliviousTransfer::next
I: SendPublicKey::next
I: MonitorObliviousTransfer::next
I: RecvEncryptedMessages::next
I: MonitorObliviousTransfer::next
I: DecryptChosenMessage::next
I: MonitorObliviousTransfer::next
I: ChooserDone::next
I: MonitorObliviousTransfer::next
I: MonitorObliviousTransfer::next
I: InitChooser::next
I: MonitorObliviousTransfer::next
I: RecvConstant::next
D: received message: 4e7c76758783a7c84f316411f1ed52550df1d2a62e94247cc71570c9834c0d3daaba0e190962bea6a56953ec7f36832cd1e4536cb90cc0c3bf6321b520714457ec3e9f6047dff55ab905fd6301f54182eda7e7ec847cb7147f1b173bb39638295a9b39124e56eb912ecaf0afb603498b14e0d7acfca2a0b94ffad94a993efd1706144a600e809f682fe8e1166b304eda8d7bc694c188ffa3a5413a319e554261516850c8d7308a4b2c38a71ed64e2f510924617f82426beb8e21713ea3d95d71
I: MonitorObliviousTransfer::next
I: GeneratePublicKey::next
D:  sending message (size 0.000384 MB)
I: MonitorObliviousTransfer::next
I: SendPublicKey::next
I: MonitorObliviousTransfer::next
I: RecvEncryptedMessages::next
I: MonitorObliviousTransfer::next
I: DecryptChosenMessage::next
I: MonitorObliviousTransfer::next
I: ChooserDone::next
I: MonitorObliviousTransfer::next
I: MonitorObliviousTransfer::next
I: InitChooser::next
I: MonitorObliviousTransfer::next
I: RecvConstant::next
D: received message: ca4065562b212a12d0336ada0961bd3ab7bf151e79867a91bfa72a690ee4e255b29079281850aee1960b8652e24fbd0c43118e74001bf5a65c2ed70275adcc89e7cc67f67e6c288300f664d4143e1fdafc34a210290b8ecda4d4c859c7c41a7c926a5823e1e0eb2d544197ba4a6b7cb9bc69a39fd6034a1717be1eab56d7338772b22eed711d8168d869c35861772323d7e9ff2cee5766e5e184bb9f3d5653313e4c1986f46037e960ac6dd24f8556f5b9a0d54dce83053b9521114d3f14c871
I: MonitorObliviousTransfer::next
I: GeneratePublicKey::next
D:  sending message (size 0.000383 MB)
I: MonitorObliviousTransfer::next
I: SendPublicKey::next
I: MonitorObliviousTransfer::next
I: RecvEncryptedMessages::next
I: MonitorObliviousTransfer::next
I: DecryptChosenMessage::next
I: MonitorObliviousTransfer::next
I: ChooserDone::next
I: MonitorObliviousTransfer::next
I: MonitorObliviousTransfer::next
I: InitChooser::next
I: MonitorObliviousTransfer::next
I: RecvConstant::next
D: received message: 321c037de6c61e0a62db4d51648055b4b7eda894b3639d4735cbbd9ff4661fdbbd600269f6b0fdde891cc096fe972a9cb29e678cd241de720e52fb0bbd69377b8473c5c77919a4946568b12d1d0c2348693dfefb2b011f311ed63cfcafc13ea9395ada9d1d1207927b9bbc551cf4c1a2d193d0a8359f6f5109d77d5e81a22e1dfc049631b6f5678bf2dea09239a2cbb4b244aacd4c92917af730a83d83dd5aca570d9ebd88d1de9039351b654e0046f0ad981f5032785aa021b1987c03bd71a4
I: MonitorObliviousTransfer::next
I: GeneratePublicKey::next
D:  sending message (size 0.000384 MB)
I: MonitorObliviousTransfer::next
I: SendPublicKey::next
I: MonitorObliviousTransfer::next
I: RecvEncryptedMessages::next
I: MonitorObliviousTransfer::next
I: DecryptChosenMessage::next
I: MonitorObliviousTransfer::next
I: ChooserDone::next
I: MonitorObliviousTransfer::next
I: MonitorObliviousTransfer::next
I: InitChooser::next
I: MonitorObliviousTransfer::next
I: RecvConstant::next
D: received message: 146a13097b71fdd1e5dcb0b886773a54efc47f13d781f4dfb984b759194393f3f739f61e470f1477a3cff80c7a1d0413686858cf574ebafe5af587e71891746bbbe7e51113381b3991fb6e6ace7f1ba35bb7ff54137bc752e6701f0817ec359f399f57f2cccad1dd6db78f2dcb4537653e477bb6f762debbdac966cc5a70a70f4db9fe03f75722b8cbb9ccc570dff0a160645582b4e0ce1e9a3063b8b228647531d1871d22747c2afea4c86f8c13f2454cd0794e13f11a2e382a10f3519a0857
I: MonitorObliviousTransfer::next
I: GeneratePublicKey::next
D:  sending message (size 0.000384 MB)
I: MonitorObliviousTransfer::next
I: SendPublicKey::next
I: MonitorObliviousTransfer::next
I: RecvEncryptedMessages::next
I: MonitorObliviousTransfer::next
I: DecryptChosenMessage::next
I: MonitorObliviousTransfer::next
I: ChooserDone::next
I: MonitorObliviousTransfer::next
I: MonitorObliviousTransfer::next
I: InitChooser::next
I: MonitorObliviousTransfer::next
I: RecvConstant::next
D: received message: 3f4fd0c3f06fedda81688a8bf924f59b7d00eb516175d4a496e4aeeb20e0d12fb0114cbf0d4ec9f93da497e53412749bfc2f4ee41bec05549b6d19cdf58713c0022756026130843dbac7410b338eeb3a17e562a026d09bdbf2e76d6f4efbc7aaeb1b0d6fee4070de17b144a6058bcda097ee1b816598fee1e9d9ceeaa019bdbcb236c08e02e2add667820841a71d3d0fdc5fcaac642f1615b83f6fb5266eb719484b527d933c90609665db9baa3d58ba6f83a580c41f15343ed7280e2cab770c
I: MonitorObliviousTransfer::next
I: GeneratePublicKey::next
D:  sending message (size 0.000384 MB)
I: MonitorObliviousTransfer::next
I: SendPublicKey::next
I: MonitorObliviousTransfer::next
I: RecvEncryptedMessages::next
I: MonitorObliviousTransfer::next
I: DecryptChosenMessage::next
I: MonitorObliviousTransfer::next
I: ChooserDone::next
I: MonitorObliviousTransfer::next
I: MonitorObliviousTransfer::next
I: InitChooser::next
I: MonitorObliviousTransfer::next
I: RecvConstant::next
D: received message: ee911e4e1a8b5baa3fe03cb7620acf2515658b3b5dce704f86f5682df6714a73c996aa4fe5634eb224acb83e8adf623cbd231b886381ef8a9feb9aed7b2e84aeec8da14fdb72d24a9a53245455d26eb1c1ccd5a5ce52c28803841392a6b0991e0214a660003a3d2d21c9b4e3fd69277550f6d7d35f4d63f7919f13e8e683a96da8f78f058ff531ede7fc888d100a9c0d4b625883445764e7c14f8fb7eb196cff5d29a20b0d711c525882ba5b0a1bb4cead3f43ee519d82a10302b924746dc33d
I: MonitorObliviousTransfer::next
I: GeneratePublicKey::next
D:  sending message (size 0.000384 MB)
I: MonitorObliviousTransfer::next
I: SendPublicKey::next
I: MonitorObliviousTransfer::next
I: RecvEncryptedMessages::next
I: MonitorObliviousTransfer::next
I: DecryptChosenMessage::next
I: MonitorObliviousTransfer::next
I: ChooserDone::next
I: MonitorObliviousTransfer::next
I: MonitorObliviousTransfer::next
I: InitChooser::next
I: MonitorObliviousTransfer::next
I: RecvConstant::next
D: received message: 60cdd91a0905a3c544a1f7898a7f931aea191f4d2d80f4481eba7810a182f8f11d51a45cfd1a05f2aadf37f7c4d16d7d339084b5c466e4518ccf376a8aeac5c96b8ce79df8aa653c6d8f3806cdd2232c10c78b33c54f6707dd19f79c4d1429ad77b266abfdbcdbca4a209fe8ad3c7dc00ceb6c9e8f14559fb4bf1e21cb325d06500249c2ebf8c75e4f2cf3c2cbe4645334a777d0772edc2ef2a915f1cfaa4dcabdfe58ac2a15cfe457aec6fa36c6e6116034a357380a82e1b837a982f68bd3fa
I: MonitorObliviousTransfer::next
I: GeneratePublicKey::next
D:  sending message (size 0.000384 MB)
I: MonitorObliviousTransfer::next
I: SendPublicKey::next
I: MonitorObliviousTransfer::next
I: RecvEncryptedMessages::next
I: MonitorObliviousTransfer::next
I: DecryptChosenMessage::next
I: MonitorObliviousTransfer::next
I: ChooserDone::next
I: MonitorObliviousTransfer::next
I: MonitorObliviousTransfer::next
I: InitChooser::next
I: MonitorObliviousTransfer::next
I: RecvConstant::next
D: received message: 5f9f15f02592bd6ac2dcf5697938b554424bdcebe563d0abaea0ecd083b09774d834f34360614bca83b7049e6a11e5eb8596fdafc95ca4dc5420731bf668c8f4fef58b9d3b8d14a9f250fd47b9a9a3e0178a5171c094b58c8037abc69b4bc396ec170b5125428c3111f7f5fe6bf13a8419085be6af7ffcc745ea1568dadbaf1df414fcab97f383c4ac4491b20fee1231b9e49b964ef4c6a28df07f540c9a0aa632de1c907ae02c5e067483b4c348ea815b38218cb76c6d517ebbb86f765b10e
I: MonitorObliviousTransfer::next
I: GeneratePublicKey::next
D:  sending message (size 0.000384 MB)
I: MonitorObliviousTransfer::next
I: SendPublicKey::next
I: MonitorObliviousTransfer::next
I: RecvEncryptedMessages::next
I: MonitorObliviousTransfer::next
I: DecryptChosenMessage::next
I: MonitorObliviousTransfer::next
I: ChooserDone::next
I: MonitorObliviousTransfer::next
I: MonitorObliviousTransfer::next
I: InitChooser::next
I: MonitorObliviousTransfer::next
I: RecvConstant::next
D: received message: 9463b0e42700f0320c42daa40eb0a1a2c3b33dd706b567b72d504fedd1c3af7ba63e5a31c8e7f98b907b226a8ff74ec735846cf5b04c8ac8e3b1ba6689c53e94b38bb9f9946669e38834b6a8abc78a606d8a95c55f50d412a25620ccc13521f0d173ae604f79efb3194a32113eb59b293a7cd8eb95e412c56806ffad2a85bec24994fef657e4847fa09ec819621b7db5f0fe9dbf676c8b319297caaba4e2af7accc2cf56d96278aa631a68f38d69a035236bd4d92f0d8418a978baf04e4f25ea
I: MonitorObliviousTransfer::next
I: GeneratePublicKey::next
D:  sending message (size 0.000383 MB)
I: MonitorObliviousTransfer::next
I: SendPublicKey::next
I: MonitorObliviousTransfer::next
I: RecvEncryptedMessages::next
I: MonitorObliviousTransfer::next
I: DecryptChosenMessage::next
I: MonitorObliviousTransfer::next
I: ChooserDone::next
I: MonitorObliviousTransfer::next
I: MonitorObliviousTransfer::next
I: InitChooser::next
I: MonitorObliviousTransfer::next
I: RecvConstant::next
D: received message: 811339bc7773fd8a66411b88ff7ac2a99026a34f30b63b76ed42137f3e056d845199bc50ad8419ecb896d40859f3b14b0841ee3fbce4dcc9dcc9c0e0fc1c98d8a06294280d245b40c6691eb907765221d5cd30b778438faea2e2cdc475e909230a67fe6d1a74edf0ccccbf59d70eafc747c61226937e2f23494c41e486f9dff3f1c847b2df70be33a43d23d6164cf6720ac9f0afe625859d13163472ef34450226e7e7f68c3b31522f3f61919d71fd0995dca35bcac9a758f3a683eb89f74b4b
I: MonitorObliviousTransfer::next
I: GeneratePublicKey::next
D:  sending message (size 0.000384 MB)
I: MonitorObliviousTransfer::next
I: SendPublicKey::next
I: MonitorObliviousTransfer::next
I: RecvEncryptedMessages::next
I: MonitorObliviousTransfer::next
I: DecryptChosenMessage::next
I: MonitorObliviousTransfer::next
I: ChooserDone::next
I: MonitorObliviousTransfer::next
I: MonitorObliviousTransfer::next
I: InitChooser::next
I: MonitorObliviousTransfer::next
I: RecvConstant::next
D: received message: 5f529f5fa77dcc800f78a2016666d3087062a2ca0fd71fe48eb34d2269bcfdd0105ef8a4020243ec1a59ed7ec534db91c115ca06665a6968078f1750b2a6bad4340dd1091578a3b9efec35df8b4f14f51154d81f63aa1cb7b27ecfb3dcd20caa319157166e866dbdff3b4d19e63dac8d6cd6893ea75038c780d2260acdeab0ab218cbc8ce73669b845f4628dec869ba767f3bd034f5b1ffff9471c2bde43dea910e5472889ed1ecce6a87d62726eaf32656b2b2e26c76678d5dd0f66763e4cde
I: MonitorObliviousTransfer::next
I: GeneratePublicKey::next
D:  sending message (size 0.000384 MB)
I: MonitorObliviousTransfer::next
I: SendPublicKey::next
I: MonitorObliviousTransfer::next
I: RecvEncryptedMessages::next
I: MonitorObliviousTransfer::next
I: DecryptChosenMessage::next
I: MonitorObliviousTransfer::next
I: ChooserDone::next
I: MonitorObliviousTransfer::next
I: MonitorObliviousTransfer::next
I: EvaluateCircuit::next
D:   evaluating gate 10000
D:   evaluating gate 20000
D:   evaluating gate 30000
D:   evaluating gate 40000
D:  sending message (size 0.000001 MB)
I: SendOutputBit::next
I: ==== round duration: 90162.679688 ms ====
I: CopyMonitorStateLabels::next
I: RecvGarbledGates::next
I: RecvSystemInputLabels::next
I: RecvFlagBitLabels::next
I: EvaluateCircuit::next
D:   evaluating gate 10000
D:   evaluating gate 20000
D:   evaluating gate 30000
D:   evaluating gate 40000
D:  sending message (size 0.000001 MB)
I: SendOutputBit::next
I: ==== round duration: 94432.171875 ms ====
I: CopyMonitorStateLabels::next
I: RecvGarbledGates::next
I: RecvSystemInputLabels::next
I: RecvFlagBitLabels::next
I: EvaluateCircuit::next
D:   evaluating gate 10000
D:   evaluating gate 20000
D:   evaluating gate 30000
D:   evaluating gate 40000
D:  sending message (size 0.000001 MB)
I: SendOutputBit::next
I: ==== round duration: 88407.820312 ms ====
I: FaultObserved::next
I: MonitorDone::next
