skipping synthesis, BLIF file already exists.
I: parsing spec file timekeeper.v...
I: parsing BLIF file synth.blif...
D: inputs and outputs parsed.
D: circuit initialized.
D: connections (#3250) parsed.
D: gates (#32544) parsed.
D: outputs: 35718 35721 35724 35727 35730 35733 35736 35739 35742 35745 35748 35751 35754 35757 35760 35764 35715 
D: circuit size: 35765
D: adding identity gates for outputs...
D: outputs after identity: 35782 35783 35784 35785 35786 35787 35788 35789 35790 35791 35792 35793 35794 35795 35796 35797 35798 
D: circuit size after identity: 35799
I: initializing safe primes...
I: using prime modulus 5809605995369958062791915965639201402176612226902900533702900882779736177890990861472094774477339581147373410185646378328043729800750470098210924487866935059164371588168047540943981644516632755067501626434556398193186628990071248660819361205119793693985433297036118232914410171876807536457391277857011849897410207519105333355801121109356897459426271845471397952675959440793493071628394122780510124618488232602464649876850458861245784240929258426287699705312584509625419513463605155428017165714465363094021609290561084025893662561222573202082865797821865270991145082200656978177192827024538990239969175546190770645685893438011714430426409338676314743571154537142031573004276428701433036381801705308659830751190352946025482059931306571004727362479688415574702596946457770284148435989129632853918392117997472632693078113129886487399347796982772784615865232621289656944284216824611318709764535152507354116344703769998514148343807
D:  sending message (size 0.000005 MB)
I: InitMonitor::next
I: GenerateDriverLabels::next
D:   driver labels generated in 262687.593750 ms
I: GenerateInWireKeys::next
D:   in-wire keys generated in 17527.351562 ms
D: SendLabels::message
D:   generating in-wire labels for 32583 gates
D:   10000 gates processed
D:   20000 gates processed
D:   30000 gates processed
D:   in-wire labels generated in 434844.937500 ms
D:  gateCount: 32583
D:  sending message (size 77.634672 MB)
I: SendLabels::next
I: RecvGarbledGates::next
I: RecvSystemInputLabels::next
I: RecvFlagBitLabels::next
I: MonitorObliviousTransfer::next
I: InitChooser::next
I: MonitorObliviousTransfer::next
I: RecvConstant::next
D: received message: db85636954f3a03a4f1c7b9a006297563388ad6f2676545c001f1597e6037eac428fb92136c02ff52b4d46153d316fc7c662dd6519a212181373ff2d6670dbe6ea8982c42de01764ad3cf2cc7f3fda354aabbeb9b87fd14a51e4c05fcbe99350650c7ae5fc684a03087aac0d03bd9e24f0fec2ec84662bebdcf64b7fec9c792120f377d02e71d6db3a46179f1d7c581e00c9a7fa8c0cbfd66eabbc1a380eef9bd4d38f6569c5707dd891d9a968f1d94c1cfbebe74720c38b1b9f7a1556d19184555bf16a287df693a2678bfd5e578d24ca844b6b518bedcc8e3023cca8fb2a8a18fc44bf3131352f5c72861c808171867355dc189891c0a3abfebad5dcf81fd30acf64d0f46c2c90df82d5d489cf3d6a92fc2f0a4b627e8db36b96ed5617613dcff3ced4e78132c97c27838515c32eac8d44d1249e3ce36f94e0ad4e0a34df0476e7e1e8e34ab7f64e51571f48d5b4e8d13c2fb12b2795056db2a1f706ca3f8a48c01b56d5abc34f19debfccea9f35fdbb8b80a2582e1fb6659062b4d322bcbf
I: MonitorObliviousTransfer::next
I: GeneratePublicKey::next
D:  sending message (size 0.000768 MB)
I: MonitorObliviousTransfer::next
I: SendPublicKey::next
I: MonitorObliviousTransfer::next
I: RecvEncryptedMessages::next
I: MonitorObliviousTransfer::next
I: DecryptChosenMessage::next
I: MonitorObliviousTransfer::next
I: ChooserDone::next
I: MonitorObliviousTransfer::next
I: MonitorObliviousTransfer::next
I: InitChooser::next
I: MonitorObliviousTransfer::next
I: RecvConstant::next
D: received message: 226f12a70a4af4f330daf2852db520f8b34d40da76f88643957ca7e13009edee701a50196846fe6c238020e8384f23e8bb30161a5c992410a87cd7eafb828a030d4abf4180c8a072f9880ab282702643c73cee2188a6bf3874dc4053b08bf11a7f8467ab4ddcb2ce1df88b02aac1cb217d949ddb8b9b92ef16c9335c50f261fdb039c6288fafb7655621c444465a9cfbb7631a62ef296c701830b04a43442a583bc8937d87931ba2ff35ce25952da9c5fc3668d089faad9262403c0f4cc56e45720571bb011f25d3e84d38def65dede360c5a64fbaac8028a6d40e6f50a2497716b43d643b0a71b0f574ea635c013192758948f3d5e9198e2e1515b9e20f20d43c1913b23892824cc9acfdd41d1a766c14d2468fac00bfe8b898788aa9c9c017d5c37dfccf7237f62fe856c40fb3713b2569f705df3a78d2cba5c097788573b1b5a75b75f51e2db8d66b3e779b11c189e9b777e2603e1f459df5a608dc667ef8a60e4f15aa9e20b60c7e496d2ffb85c023359dde7c2ce2c364ce409a64af7735
I: MonitorObliviousTransfer::next
I: GeneratePublicKey::next
D:  sending message (size 0.000768 MB)
I: MonitorObliviousTransfer::next
I: SendPublicKey::next
I: MonitorObliviousTransfer::next
I: RecvEncryptedMessages::next
I: MonitorObliviousTransfer::next
I: DecryptChosenMessage::next
I: MonitorObliviousTransfer::next
I: ChooserDone::next
I: MonitorObliviousTransfer::next
I: MonitorObliviousTransfer::next
I: InitChooser::next
I: MonitorObliviousTransfer::next
I: RecvConstant::next
D: received message: 623c8078f546bcd1cbc4a5111f12f7dad112df613a8efcf3f64178022850827f8d065b9c3c270ee4e423813308788dbb88c452c9336c8256a3becedcc17d2b1759288d3d352c96c6991f53339de3cd1d310d05c3706b7539ff2ddb738b2f06475e3ce5820c2c402f2b5109d4602f4e5130f9bde061564f496cb05bfc4160dd827eb28aa5a1dff468806c22806f69682ad69a20fac40802d3b890242cff88af14ee28e1db8cf00649b34bf4435984cfc63e976b2aab01d620b6683d91311608c370a6275109f2164e88ee36f5649dfe0ab3bc28b29c781f532f71ca544b1ec3da9e56b782056b198f35818f3995a45751f816309915bfe93a0c07857dac2a6c7276e205712eec1b38ce2de9e1b3014401119fedf09ae7418530223cabb5568ef9f154aeab26f9972dbe239b90f2c74ee456b59caf47fd13ecde3d10f0356ebd7af2590eac7bddb18bcb6fd9f8b2b0d597d817ddb823bc846471ede124e9c8ff1ee64d615517a3339bf04c29f3a608abaad6d0cb6d7d0bfa5518df134f89ed5364
I: MonitorObliviousTransfer::next
I: GeneratePublicKey::next
D:  sending message (size 0.000768 MB)
I: MonitorObliviousTransfer::next
I: SendPublicKey::next
I: MonitorObliviousTransfer::next
I: RecvEncryptedMessages::next
I: MonitorObliviousTransfer::next
I: DecryptChosenMessage::next
I: MonitorObliviousTransfer::next
I: ChooserDone::next
I: MonitorObliviousTransfer::next
I: MonitorObliviousTransfer::next
I: InitChooser::next
I: MonitorObliviousTransfer::next
I: RecvConstant::next
D: received message: 612f9f139e0d4cdb413664b0d49d5c9a984e347cdf556cc50840585d9fae784e7381ee4c6a7028391c396172ad5a67892f35b2d8c84b636d6e24ce8bec06218d2acd08b8b923be7f09d2dfd7a48710d2a5d0b6a45f49555d55e1947698a7bbb5817d677c3e501b076994c6b1955efccf84194aedb57a5c86c6b08c8fd37baa5bd1d8df0c7c80d2e648f691b6c3da1c88ea0dfe9d86ef10e33f68361cbfcf63946726415de29ce868e91503c95a88b8b156274e07144deb0e9f179834f2a1e31b8057d48236f64e606e062518d08dcb2b01316cb771d409ebc7270f770ec080184d49112f0e28cdec559aaa059daee8d571de06a0a7c0c3d4431da6ecc12b5be09af85542b30d7833d756b562b8b4018de1814d0cac8665a64119b1d9db3663511af1b1ab0b7af7f18f0175ac1b6840113902c015e2fe7dfafb97754ada4d48ca6abeb0276b7d10e908d4d273a84918c63f345f77d388789e2434cf9151beebfd866a123c6314b2ac41efeae07f0397ae9fef8b49a395d36b594c0da017aa8c98
I: MonitorObliviousTransfer::next
I: GeneratePublicKey::next
D:  sending message (size 0.000767 MB)
I: MonitorObliviousTransfer::next
I: SendPublicKey::next
I: MonitorObliviousTransfer::next
I: RecvEncryptedMessages::next
I: MonitorObliviousTransfer::next
I: DecryptChosenMessage::next
I: MonitorObliviousTransfer::next
I: ChooserDone::next
I: MonitorObliviousTransfer::next
I: MonitorObliviousTransfer::next
I: InitChooser::next
I: MonitorObliviousTransfer::next
I: RecvConstant::next
D: received message: 61af9c89ba29bf589d61b33c4c2dca2cc185744c447fb4a9db037bcc852e50ff6d6a363ebf1304e4ad68f16c406ccc4a5bcdbab7ba1d4ca4804fd4eb0c5c7b8883c42b531d19af23a8107584381848a27ba68aff221c144e250e8c97764f7d245aaf55e545939957dcccd6ba59e43d5a96032b5673bfb7ac1b65ac512b26d3f021dc78a5acd5cce637ff1c77dd38342b11b43094a758f6c1edb440ddbeda0679cfc08072c2fe25543d428d29574e29b8759d9903606d66a4e517b8f6fca61941c14edc5e557936d5d17a770fc956b40a8b246c44b82cdff916d970407eff66ea5923a2d5c23d4a49c6f84f1963868d7a4010c1816a6d635433fddfb844dd61766a03c07e1502516f63a3fe91acae596a24ed9d0a1a7b27b1571a4f3a68b3f343deb781f9453a6ef40312e3ad17c22f81a4d4b774746a4f84b0191b40a2f9f4eafe4c572dfe5a0663394f8bad734de4802441986693fd7de3cf1c42e3ea950644faac45ca2efa892125bf1d94a3b80cbec8e302a1ac21409ee8077f0cbbced8bb
I: MonitorObliviousTransfer::next
I: GeneratePublicKey::next
D:  sending message (size 0.000768 MB)
I: MonitorObliviousTransfer::next
I: SendPublicKey::next
I: MonitorObliviousTransfer::next
I: RecvEncryptedMessages::next
I: MonitorObliviousTransfer::next
I: DecryptChosenMessage::next
I: MonitorObliviousTransfer::next
I: ChooserDone::next
I: MonitorObliviousTransfer::next
I: MonitorObliviousTransfer::next
I: InitChooser::next
I: MonitorObliviousTransfer::next
I: RecvConstant::next
D: received message: 23a1c02dd5278eaa0de6a6e1e8f59b696057b7378e0250f206da5349a2b7c41eb62740a56aef0c02508924704ee729ae94d870b859cd7dadc92c339363ae50f88c285f16c128e387ae75226c3c5a983bfded8edcd9a40e46a3041db9333d3ab46518a06aec3b065865aa50994134a757356fb3534a23d4f891cf4012becb32bc5c59835c5d7a416fc317d4b2da5b6355c72d913ffad53c23200e197c719dc007fafb89cdcc17b11949c7e597674d6c224a8676b8578a0f1e647381502b323cfaa5663445d9b3d2246935bc6be3dc15fa395f723aa441c64eaa9a8a1676f6fee81e4a46731b61da02c5e3755c375a36949a57942ea9024d00da5733cb8ee09d049aede5762c237760c862862cbed9b8e381425bb4e334142abdd8c701df9f494dd3ec8bd47fcfe320d37f824c94ca50df39cee2c8238f8cae01d0f4b2d26c35e8b074ae90e1e29e60844cf55d31945a6210ae583c69e659cb9c88eff894c3811219b6a1199784d601d973314e45801b92fd269a6e2bb938f5446c248bc500a7ec
I: MonitorObliviousTransfer::next
I: GeneratePublicKey::next
D:  sending message (size 0.000768 MB)
I: MonitorObliviousTransfer::next
I: SendPublicKey::next
I: MonitorObliviousTransfer::next
I: RecvEncryptedMessages::next
I: MonitorObliviousTransfer::next
I: DecryptChosenMessage::next
I: MonitorObliviousTransfer::next
I: ChooserDone::next
I: MonitorObliviousTransfer::next
I: MonitorObliviousTransfer::next
I: InitChooser::next
I: MonitorObliviousTransfer::next
I: RecvConstant::next
D: received message: 12fb70cab3fb1ce6fc80b1f0660234c6561b1ea663e43f60ad1324a1c9b71af964a3c9c3534d4d4e746b70e1d18db1a818bd2104a83b2c24d028e3dd3163bf1c7e6b1c3cc19c0185ba6234a07f403f96abb24d48d331275a61f1a91141feaa49c52aeeb4214f8fa1f6bc6de31fa0bfb987fb43265c58eb3c6b3e1bf105f1d25cd58ec2d3918873a5e6ef2f44395883a17be58e3224ab3d18a65e501b83cfa2751ceb80b8dc380f47098d9904aa977740a5d4438172c97d6d8361968b46e88eed127f8c5a65f403b5af32138f21a29174b5ef5029d31d850679812883c0272f8d0f65abd4dc46ca130482c00bdd6a25b06028dd4e1dcabe0540059e5e0b51ddc028764dbd1d6b9dbdcfa48441821dea6217917b9c5b3fd0a39ca17dd91c50c21df6f66a5864fb201adcb395b144a5a4999be0987da26de64a75165c9e21b4c47b565b85e856581ba6c92fa624d1a6c5f5073ce36f4417cac4c81134e52959fd61995283684b86da80af45104f213193d87d3439cf9149fda236d6c1abfd438d16
I: MonitorObliviousTransfer::next
I: GeneratePublicKey::next
D:  sending message (size 0.000768 MB)
I: MonitorObliviousTransfer::next
I: SendPublicKey::next
I: MonitorObliviousTransfer::next
I: RecvEncryptedMessages::next
I: MonitorObliviousTransfer::next
I: DecryptChosenMessage::next
I: MonitorObliviousTransfer::next
I: ChooserDone::next
I: MonitorObliviousTransfer::next
I: MonitorObliviousTransfer::next
I: InitChooser::next
I: MonitorObliviousTransfer::next
I: RecvConstant::next
D: received message: 90c56c912cfc7718c95a2b468dcdd243497ce5e05a301ecbe1f4c91ee06ec81396443b00d8a8a610f904b3d95b98bf86af61d3da3fceae5ef2edb743f2d1342124f638cf95ab0a85dd7aa68b046e9827f4d21f2e3309cec472b7be5e0f7eea867c3340aa35ea475e7ce7cc20a12c77d1eb2b15b494f84dc592dc8c1e38fb153b47d34b567bd161af980e91d4acc2a9c7026e88de4f71d151d2102c8f2546cd466f29d5aa2da8194eab2c7f66486bd9fd0041c450bbaec47ad9166751a7b89b3372246b71cb377143581038bfa170388164728d98dfbd329f3bc78d455c4bbdd08a3e840c18a59c0a61aed06f9569c230c16a0b25a73e061cd87b3e2972009efb21e38878ca9007f837a5d173b2cbff858e398f24673f9d00bf63d79aa2276912a817ef6c1d1e6f7f7c7bfcc37ddb602e8a9ea0eca1cf64860eee3fef8a6331cebf3765f44af19bab37bfb874a1d822a62a42b435737ebbf83390f3c8517ebe63a37ffa382c343fc170095a84bae27018ab78278687f17b9f52d5f73504a7179f
I: MonitorObliviousTransfer::next
I: GeneratePublicKey::next
D:  sending message (size 0.000768 MB)
I: MonitorObliviousTransfer::next
I: SendPublicKey::next
I: MonitorObliviousTransfer::next
I: RecvEncryptedMessages::next
I: MonitorObliviousTransfer::next
I: DecryptChosenMessage::next
I: MonitorObliviousTransfer::next
I: ChooserDone::next
I: MonitorObliviousTransfer::next
I: MonitorObliviousTransfer::next
I: InitChooser::next
I: MonitorObliviousTransfer::next
I: RecvConstant::next
D: received message: 4ad1f1c3c1db51a64a4e86b21b5969041d28abe6f703ccd3cc627eb88a3ed653b7818ed1149fad77eff8651aff0e07bac05052e065b65b559db07a5d9917acc5e0bc52568560de651d18e0b27117adca37f6a51bc83ade6ada2ebf0ab985ca5aff1fced1a8ba59cdc0519318ff1f56b442bf952feacb565ffcc00f351f10e97fb0ea9d09aade6b3599ba6d12f419e6b77f5f184cdbf3de0d468e444834c4ebbb10138978e3a58b0bcad1dc01c50a85042414f4de0660adc924a35fa8e17ed64c7f8a0750db0a0b19c191be589eb38fc0b11151793abb87fb99de7b3f18f83ea1b02913bb4ba729304513465aabf830cf0fe95c3b983e42bd2319b6ceefd24af111d8f440df7a6d042fd4f05f71468efe3dcb5218172ce5db3cca5828c463a850eccbef58ee0688fe47a6a1202d2a9bbaf824d6196c95fca4ad7c09560c95b075c1bf28c878b8c6b16222ed9f0c7bce86fa499987c3f26cc5d253162f33ee96e5de89a3f058b8ed3361318d719a78a42a0f54d80589885f8af3239fae2f9b09e6
I: MonitorObliviousTransfer::next
I: GeneratePublicKey::next
D:  sending message (size 0.000768 MB)
I: MonitorObliviousTransfer::next
I: SendPublicKey::next
I: MonitorObliviousTransfer::next
I: RecvEncryptedMessages::next
I: MonitorObliviousTransfer::next
I: DecryptChosenMessage::next
I: MonitorObliviousTransfer::next
I: ChooserDone::next
I: MonitorObliviousTransfer::next
I: MonitorObliviousTransfer::next
I: InitChooser::next
I: MonitorObliviousTransfer::next
I: RecvConstant::next
D: received message: 9c62bd2df1dc81a0a8ac7b20f9c66f2b8b56e5439a628af54f49aafb2371d41e1357c70f2dc0f0c601154e758bb02b118f9f86d94d23da35583b5134e78f172442f054ee6a57aa7861dd3cdc2cd4de13ef6e08fc26f4d78c3a74e597a1f0221309addf415c8c1a88400cb0dd0c6f964701577ab723129baea28deb134331b2609b708c3e4654100878844f648de13f736a645cbb58de4b2b56c375255801467ddb36cd05fba9c75e224c7ac229b42c1205b743c37d9870c23f059757558f39da1b32f59d9e6b18225fba0da108ff498db40446ca6ab5032ee58077d2ea756d3c3a866c178dea35e522027a7f7cb53344b32c8c2e9f2ef922ce347e6c0596793ed3963dc7c43f89bfd4f51bd36db68a0f03a43c6bbdfc01ce0afbdce0160c3ae77ecdfa9975ed3a99d7d2ee261982e110c77892704939ef75fe1923dd1df165b66560821be55967350524f90418546a3060a28fa0c7abd8fc9c1a0dfc5d2092ed04e7f545425f17ffb9e3ff25d1f6b15155e83cb2bf0644f4c3d253ba3394fdfa
I: MonitorObliviousTransfer::next
I: GeneratePublicKey::next
D:  sending message (size 0.000768 MB)
I: MonitorObliviousTransfer::next
I: SendPublicKey::next
I: MonitorObliviousTransfer::next
I: RecvEncryptedMessages::next
I: MonitorObliviousTransfer::next
I: DecryptChosenMessage::next
I: MonitorObliviousTransfer::next
I: ChooserDone::next
I: MonitorObliviousTransfer::next
I: MonitorObliviousTransfer::next
I: InitChooser::next
I: MonitorObliviousTransfer::next
I: RecvConstant::next
D: received message: ff5aa84903b4224061b68ea1839ab9148982ab272bff5474803e9f404cc83e2cd83afaa9b46e24da15fa3f909de1e1f7d1de82d9677a34b260417b9639e6c2b826d9916057dae82c67e4a31087db6797a33f49a92538804ddc208897673ef9441986f56dcc76c96a128d28d35e6edea9ab2be2c510e08a5ac4728afa94e56c324af6d229ceefd93a9582548b5e40dcd0b4eafa3a46e3da4d1e0751d7d401af483904d189d087d0d0dfd63b648d8d65ea218c53eccfc3f30698817c908545ab243307e65a479a77aa926d129f5057c5e4b3ec059ae2d27ebe2c7b94f45e6cfa14657a8a88031568171032f20be8487a43fb51880f9e6ee5ca2e35cb7c6dd1037f685cce48a82387af11b6fe8db7c67420daf3fe844bf13d72f11d8233e5f25e5573e15a230458c3047ab810c71af8b34974433a9087839702f80ab40a981982e822e8d8a44e77adb7c72364b83a6b16f0ae474dc88ff259efdd07f89e5412ef3af06f378676a6b21842890a0f7a5a4598a467e577be1a307471971b0e16272d4c
I: MonitorObliviousTransfer::next
I: GeneratePublicKey::next
D:  sending message (size 0.000768 MB)
I: MonitorObliviousTransfer::next
I: SendPublicKey::next
I: MonitorObliviousTransfer::next
I: RecvEncryptedMessages::next
I: MonitorObliviousTransfer::next
I: DecryptChosenMessage::next
I: MonitorObliviousTransfer::next
I: ChooserDone::next
I: MonitorObliviousTransfer::next
I: MonitorObliviousTransfer::next
I: InitChooser::next
I: MonitorObliviousTransfer::next
I: RecvConstant::next
D: received message: bc4da829667c4103a921c8c92ef792dbfef12676e958d68bec79a150fa52cc7836ed835554a2e64e0127c9cd44e20346b8fd25766bc731426e19f7cc6b589053494f927f2e21d80e6eed37a8b0bc566513e249bbfd9445b536102ac9b07627938fd80240ab7f106a8d711c7e7e12bf2923dbee8ab03e32cf20e450e7c89b9399b353fab00312e3996da95ebed1cc81336638837af1c5afc6e596783c0bad697817e5f6d2a3e6bb596cb8060e1db53cfc6e1ef3ba0842099ec96a452605ccc4b2d7f9198b29a06dacee8a48f70fe9dd245f41373f1b87f4ce34f83b6c436bdfbfae95ccf74c8c467f9b814a9459e0100d29e1452ca97faa0f1502c9f9cd9a873e4818a1c772048e0f988aa0d83a3a3abf20c9770f81465bb71a09b8ac94954374bc184388bbe36b5cac49b8f49a4fd913bb17529be95c81386e59616556a4ec76bdcbe636b6f824247cc48d722d3850df793b668ee07823cfac429b517d5facf41a9584c6e7f96a060cff8e99a492aedff1beb237a59a944a0922a3ae66adb4c7
I: MonitorObliviousTransfer::next
I: GeneratePublicKey::next
D:  sending message (size 0.000767 MB)
I: MonitorObliviousTransfer::next
I: SendPublicKey::next
I: MonitorObliviousTransfer::next
I: RecvEncryptedMessages::next
I: MonitorObliviousTransfer::next
I: DecryptChosenMessage::next
I: MonitorObliviousTransfer::next
I: ChooserDone::next
I: MonitorObliviousTransfer::next
I: MonitorObliviousTransfer::next
I: InitChooser::next
I: MonitorObliviousTransfer::next
I: RecvConstant::next
D: received message: 531d5b26deac1dc90e6c730aa9b56e4772d0d8ffa80ab2b14d3ed4313e94e584010d22c4aaca08b6a88d7660fc18184e4c2a438950c496cd30ef1afef44248a09e182b68be92ab6feac7f8e56e83479656b79e2c4ce413fe8ac6991fa8df12bb25df2c94acb006968080913706512326c817e9e2ad6f8699a3b286408e94e90f1dcaab34fb7bb8ebedeec2249a3d3915701bc5d246bcd22d2bbafe4adb9813e459ad40a390b9d3e6fc1ec830ad9089cc0dad2e3506544e3f786f9ca313f4e0b5a08fefb6479625a2d10b2b323dd39340c0273b1ae98e2647df58480d4ca42c5fabad2eb3c2005f69ca043706bbb980faaec12e973892ad476ac9d1de88e484533ab5f944c7a865b0293d66cb0f198a54122fc3a2bd7515fab3b75ecbf707e071228b68e05ce30d616fe04b0a50769570567a6fe616b74c64a644260e980750379cd768a978991ca71b958409bb9a3f18d644b1b10de02148fc8189440abd555feb0bf6722c6172161eb5e18d139cd365ac56acd084edbd77b04fa92c8426219c
I: MonitorObliviousTransfer::next
I: GeneratePublicKey::next
D:  sending message (size 0.000768 MB)
I: MonitorObliviousTransfer::next
I: SendPublicKey::next
I: MonitorObliviousTransfer::next
I: RecvEncryptedMessages::next
I: MonitorObliviousTransfer::next
I: DecryptChosenMessage::next
I: MonitorObliviousTransfer::next
I: ChooserDone::next
I: MonitorObliviousTransfer::next
I: MonitorObliviousTransfer::next
I: InitChooser::next
I: MonitorObliviousTransfer::next
I: RecvConstant::next
D: received message: 4e605fff2a21b076f05e4cb5f9f4d444a3f675f504a1b94f8d1f83961690f84912be5b274c221c514eeae596b5e93b736727fa88e43987a138798e1de3812e0e39c5b6a4506688a61827c791196495e4b9b1a7f8a39a385dffb29cedc738a164706adfee2900a5368cc74fad09c2f1d37132572a98bb1d3d6f98241c1b8ff6be4228e607eadf38db37a17dedcda15709e97aba07005f66e792483ef33629093f5184dccda87b10fcb383e7a85d04b43cd1022196c79fec3fd8120271552d24dcd2d95ec759222ef0aef1ebc58b8e6a6673c23ffe4e7b928d426ce9349fddf935d525b0a26642a6adc36a6b0237f7bfc1a3e2710a09a25abd184947e6726587d85e1da98f670c3f0344aa348e334e320dfdde9c6ef66d5dd65915fd5a875865abba4ddd7dbec571efe3393be13200ceb4343365722801003209a13071b5fce45de8c04b6a6b3c99fe215377b5d80d60a96ace581aae1b81c05d6b0122b22312c5aa1e33f142fd79335b24ab5860dd2e2dcc36199266bc724fa1c4037ed1c372b0
I: MonitorObliviousTransfer::next
I: GeneratePublicKey::next
D:  sending message (size 0.000768 MB)
I: MonitorObliviousTransfer::next
I: SendPublicKey::next
I: MonitorObliviousTransfer::next
I: RecvEncryptedMessages::next
I: MonitorObliviousTransfer::next
I: DecryptChosenMessage::next
I: MonitorObliviousTransfer::next
I: ChooserDone::next
I: MonitorObliviousTransfer::next
I: MonitorObliviousTransfer::next
I: InitChooser::next
I: MonitorObliviousTransfer::next
I: RecvConstant::next
D: received message: 426f3856bb95ea23371bcca09d82dc11cf3d99ec2b7e44a7a517a2a7c3c7b7ec70e38d21c92c501001dc1daa74120dd4e58e9b16139dc9a123ec6e3eb4fb77b20a2a345bb295c1e2319369da5ffec1bdf9c7ddb66ed861be7bb14a194f5546a7bce48330b2ee6dfc0030c5aa9e94c60d410edba335535fa3823d8616d0b0afb9b49fd1993324ffa53951219c07c56b0cd4ed1b7bfb6d54b2543e4f897568a2bc2ceef79360b82078e40f4533c63408bdfc5ffe62160d3580c420a00c451318fd26c9942f21ebc21666f8f7d5398bd07b1aeff0fe405d0bccff90723c3efea452731f7b7b78a72f58063c16bf22329e8adc973e9fd56faa2d524469d24955ae4410ddf32f4e57f655109bb952fe416a09cc9c53dcee1198b94cbbd8dd8fa268c81d418d2f21c4d8a3f76d3ea40534f5e330824c13b25930327e6bab737a5074ff499727777035380ac576171d2939fa5fe93381433b46c03f62920740619633aa53a6bc49f70fa7c5e0b067d889a7f9840a8f568a01790f5bd2992dd92566f6f5
I: MonitorObliviousTransfer::next
I: GeneratePublicKey::next
D:  sending message (size 0.000768 MB)
I: MonitorObliviousTransfer::next
I: SendPublicKey::next
I: MonitorObliviousTransfer::next
I: RecvEncryptedMessages::next
I: MonitorObliviousTransfer::next
I: DecryptChosenMessage::next
I: MonitorObliviousTransfer::next
I: ChooserDone::next
I: MonitorObliviousTransfer::next
I: MonitorObliviousTransfer::next
I: InitChooser::next
I: MonitorObliviousTransfer::next
I: RecvConstant::next
D: received message: bc0e2365ec5d3f21e14b1f13a3fae9706480f42abf5969f55856fa58a32000ead0c1bf970f4f97c9ba3c1e7b706994070fe3d9186352d7f2159c3a7ceb9fcdb8a84204c47a74805b85da349c408bb357e7d5b3d46b236a71d73d9e8cb64fc71c85cb86a10412a29469dea986825d4dae7587a9b267efe861b2b872233955f0f0065fde4c9292dd7ec15d2a782223e41ce0686e600eebc10c8dcfad1e3bbc6b8e06da30ffd5f3cd6b323df5eb4b52e4051bfef95dd839a415bf389520cb6614b5f649a7dc56020233b39127145b35b6462c45a69df96670670ff35e899badbe34190784f228a110520749a9f5da32042a87cf7b1bb9c9bc50ad4a8033feae533825bf03b1725c01f342c30b76f89dcd7aa2612a5a34e1f7366c5881292eef9df57c4e6285a6a765f054d0827e0097d7c7ea6e0fdd86ad8eabb06e6696ed0e289e0a4be7ed7dc7efb80d4fcf4c0b92e19e1d872f1c18e241c0f576243af4ff4209335edce7afbba9142333cb44d3bc1b1d36f09314909a0183398965aca50d1357
I: MonitorObliviousTransfer::next
I: GeneratePublicKey::next
D:  sending message (size 0.000768 MB)
I: MonitorObliviousTransfer::next
I: SendPublicKey::next
I: MonitorObliviousTransfer::next
I: RecvEncryptedMessages::next
I: MonitorObliviousTransfer::next
I: DecryptChosenMessage::next
I: MonitorObliviousTransfer::next
I: ChooserDone::next
I: MonitorObliviousTransfer::next
I: MonitorObliviousTransfer::next
I: EvaluateCircuit::next
D:   evaluating gate 10000
D:   evaluating gate 20000
D:   evaluating gate 30000
D:  sending message (size 0.000001 MB)
I: SendOutputBit::next
I: ==== round duration: 448812.968750 ms ====
I: CopyMonitorStateLabels::next
I: RecvGarbledGates::next
I: RecvSystemInputLabels::next
I: RecvFlagBitLabels::next
I: EvaluateCircuit::next
D:   evaluating gate 10000
D:   evaluating gate 20000
D:   evaluating gate 30000
D:  sending message (size 0.000001 MB)
I: SendOutputBit::next
I: ==== round duration: 448791.500000 ms ====
I: CopyMonitorStateLabels::next
I: RecvGarbledGates::next
I: RecvSystemInputLabels::next
I: RecvFlagBitLabels::next
I: EvaluateCircuit::next
D:   evaluating gate 10000
D:   evaluating gate 20000
D:   evaluating gate 30000
D:  sending message (size 0.000001 MB)
I: SendOutputBit::next
I: ==== round duration: 449882.187500 ms ====
I: FaultObserved::next
I: MonitorDone::next
