skipping synthesis, BLIF file already exists.
I: parsing spec file timekeeper.v...
I: parsing BLIF file synth.blif...
D: inputs and outputs parsed.
D: circuit initialized.
D: connections (#4034) parsed.
D: gates (#42010) parsed.
D: outputs: 45728 45731 45734 45737 45740 45743 45746 45749 45752 45755 45758 45761 45764 45767 45770 45773 45776 45779 45782 45785 45788 45791 45794 45797 45800 45803 45806 45809 45812 45815 45818 45822 45825 45828 45831 45834 45837 45840 45843 45846 45849 45852 45855 45858 45861 45864 45867 45870 45873 45876 45879 45882 45885 45888 45891 45894 45897 45900 45903 45906 45909 45912 45915 45918 45726 
D: circuit size: 45919
D: adding identity gates for outputs...
D: outputs after identity: 45984 45985 45986 45987 45988 45989 45990 45991 45992 45993 45994 45995 45996 45997 45998 45999 46000 46001 46002 46003 46004 46005 46006 46007 46008 46009 46010 46011 46012 46013 46014 46015 46016 46017 46018 46019 46020 46021 46022 46023 46024 46025 46026 46027 46028 46029 46030 46031 46032 46033 46034 46035 46036 46037 46038 46039 46040 46041 46042 46043 46044 46045 46046 46047 46048 
D: circuit size after identity: 46049
I: initializing safe primes...
I: using prime modulus 5809605995369958062791915965639201402176612226902900533702900882779736177890990861472094774477339581147373410185646378328043729800750470098210924487866935059164371588168047540943981644516632755067501626434556398193186628990071248660819361205119793693985433297036118232914410171876807536457391277857011849897410207519105333355801121109356897459426271845471397952675959440793493071628394122780510124618488232602464649876850458861245784240929258426287699705312584509625419513463605155428017165714465363094021609290561084025893662561222573202082865797821865270991145082200656978177192827024538990239969175546190770645685893438011714430426409338676314743571154537142031573004276428701433036381801705308659830751190352946025482059931306571004727362479688415574702596946457770284148435989129632853918392117997472632693078113129886487399347796982772784615865232621289656944284216824611318709764535152507354116344703769998514148343807
D:  sending message (size 0.000005 MB)
I: InitMonitor::next
I: GenerateDriverLabels::next
D:   driver labels generated in 331545.031250 ms
I: GenerateInWireKeys::next
D:   in-wire keys generated in 22022.994141 ms
D: SendLabels::message
D:   generating in-wire labels for 42145 gates
D:   10000 gates processed
D:   20000 gates processed
D:   30000 gates processed
D:   40000 gates processed
D:   in-wire labels generated in 566488.500000 ms
D:  gateCount: 42145
D:  sending message (size 100.221288 MB)
I: SendLabels::next
I: RecvGarbledGates::next
I: RecvSystemInputLabels::next
I: RecvFlagBitLabels::next
I: MonitorObliviousTransfer::next
I: InitChooser::next
I: MonitorObliviousTransfer::next
I: RecvConstant::next
D: received message: f418362c03d713426e33ac53df504bb46c03d0097fe12fa32cacd2d709f87f57ce519384fbb0382234d967e3ddd721657adb1bd3dd52993eae4aeab369ef6ba158417e2c598368fed2fb08cfb984cff0e18a3d6d1bf98b35b01e7357b51ae04a913aa44407730dce2a5c2037c09e53614925902b45dcdc91eaa7fdf34e21cf90b306d71e3cb324c17437d381fb779259731406d823178649c3c768d8af5f6d003e16ba2520ebed8cb26b949803d5ccc2e9dd3879a90be012c0b67624ead11af35cb0499ddeda274d046c6d14f6a5dd9cc9f304bd9f0c4cb660d21e92b5ea124e3112ed247f53da7f0841c497dcb87c165f9eadf9aabd19c0356581b692ad984bbcce222270b59b8b80d297564455be7ee2a0911dee3b6be99234c339b286cbd4e4fb88228613d89544e8778afc89cba7a9adedcdfe73c0e476ef2668406038c5b5e91ada9c59df153ad6a6846449b69250297da0a758c16e29ab5a9831ae20bec22708134f6d03de0a6e328e95049c13d3995548e17c1574ae15222d62024bd1
I: MonitorObliviousTransfer::next
I: GeneratePublicKey::next
D:  sending message (size 0.000768 MB)
I: MonitorObliviousTransfer::next
I: SendPublicKey::next
I: MonitorObliviousTransfer::next
I: RecvEncryptedMessages::next
I: MonitorObliviousTransfer::next
I: DecryptChosenMessage::next
I: MonitorObliviousTransfer::next
I: ChooserDone::next
I: MonitorObliviousTransfer::next
I: MonitorObliviousTransfer::next
I: InitChooser::next
I: MonitorObliviousTransfer::next
I: RecvConstant::next
D: received message: 59570bd9732a1756cef82427ec9ccfdc6431d6f1a4c211e7e570a82e1b2e7306c1d4a01bf748539ab8effcb28968d8dad2775455b106a41362985cf870d1b25a746a43c777cdd56a586bbb879591bf290b21fbae9f5991363208e75bba10af748968f5cbd896ed03a62ebad41be8548c7e51fcc682816c4f87600971fd338a9e131df4a0529cdd03f706e84811e6de477622a2e13a23ac0712e61a3e8ccdb6ae5f69763f1495e60e631cdcc134224834f1fc57bd3d6c387aa87aa4f04333a23e8573606ba53726a9fd5cdaa36a83126ade0f13e072d7998a61df282f7f1ddeec42c26c8df89dc94f5265f5ac8fa09173e7a29124f664fb053e288cfa367b6b0c6352b05b1973d1086791c3b3f4e5b1f66eb5103790d394abf94c6272ebf0d79e573b720c7c0de887832bbc10b2ba8cf1229b0462fe2ed6201f5a92af1d3ce535b2c49da92bde2278696490e742cc05082f915c0a4bee79c3aea2e713779c8f4219b60bf86a985ba87e483734dbef21b30fe7eb555d6b877b8f3d8f1884ad5669
I: MonitorObliviousTransfer::next
I: GeneratePublicKey::next
D:  sending message (size 0.000768 MB)
I: MonitorObliviousTransfer::next
I: SendPublicKey::next
I: MonitorObliviousTransfer::next
I: RecvEncryptedMessages::next
I: MonitorObliviousTransfer::next
I: DecryptChosenMessage::next
I: MonitorObliviousTransfer::next
I: ChooserDone::next
I: MonitorObliviousTransfer::next
I: MonitorObliviousTransfer::next
I: InitChooser::next
I: MonitorObliviousTransfer::next
I: RecvConstant::next
D: received message: ca0ee7b1a413164744d72e637fce6a71d9ad002df33dcb714980dec29609bff17f292f8cbb903c36640c887704ad7278c9bf5f1035f7ec4d9796e9150ddbc21f36ef754a4e830afe804be15c7899945896e1e10ca5015cd6eef60705794db05d2a6fbe4bcd9d9d65f700c4bee41621b0641bdf9adf6e2a3373ce4de1414b264100d3b137e24fa74c747bedbbeabe1b13acfce64f50f0d787237707ad5be0c29db1cfdfb3321cd8ac5af4c8584a48c39a720eb956185f002aa818bddd8faf2a355d6bad9f76b62e0263db6db0c6eeb8676de6237f418a3ce9584efe086e8167c6b703a0d2fa7a53d9b56cb00958a2db77ff4ebe960525931d59a680de63d7b635b48d1d3cb75123ff32a3a6a6bd478177c4aab5881d1af4981a51e9602ed1c7bc93513bfbf66409864ec48569749397f6d6a6370c741e63a7fb122c4b4c4939502817af8ac4efce01f17afaa2d48472cf01aacb4c302bb4e2b73543540befc44ff59a4be9d609b522f1490c9fa53e0bb14769dea1398d0826f0bb0d806bf2bee2
I: MonitorObliviousTransfer::next
I: GeneratePublicKey::next
D:  sending message (size 0.000768 MB)
I: MonitorObliviousTransfer::next
I: SendPublicKey::next
I: MonitorObliviousTransfer::next
I: RecvEncryptedMessages::next
I: MonitorObliviousTransfer::next
I: DecryptChosenMessage::next
I: MonitorObliviousTransfer::next
I: ChooserDone::next
I: MonitorObliviousTransfer::next
I: MonitorObliviousTransfer::next
I: InitChooser::next
I: MonitorObliviousTransfer::next
I: RecvConstant::next
D: received message: b395bfa9e8ca62089e5e8644522159550ec00683a71525280c742ec109cc3c770439a6928fff99e32ee8db8b5aaa1cde437637a0f14b6ada950e9b0ed7cee222ab5ea9a82fffdcb2ab54154cc48fab00c7783f9e2a0cd47867a0a9ea1e0315638f490f6e0dc4548a71deaadd3c76820ab9f9b6250d314a5284264157e0a11e78d32cfbe1533f5e79125d0012a77b689e40778d230f402e8f9aa1cd373bb4f30efedadd5025dbfaf14270827f60d44be06493138c9035e144f8d47e16cf52c81ae0550699ba2c9a24d7d43c992e2b570497496aaa785474bf5af817cc7b6c4b32cfbd8bc6e035cf50a4df98ded0f789b8f5b66c02bfb55e0a68cb72ccb9a0fd61b58774c64e34993878634d43742670be3a1d863838219aa3c050d60b99c494a6fd25efa6f361f8b00aef33bd723a50359bca24e1a7983f2955a6be5c243b466931e68282c147b74dcf88093ac0dc3b6f9929ca578f1e11a41e5f84965bbcf2efb43ad9bc700f9792d4f0786b7f64cd18277659e765067281bbc25b93a65ca818
I: MonitorObliviousTransfer::next
I: GeneratePublicKey::next
D:  sending message (size 0.000768 MB)
I: MonitorObliviousTransfer::next
I: SendPublicKey::next
I: MonitorObliviousTransfer::next
I: RecvEncryptedMessages::next
I: MonitorObliviousTransfer::next
I: DecryptChosenMessage::next
I: MonitorObliviousTransfer::next
I: ChooserDone::next
I: MonitorObliviousTransfer::next
I: MonitorObliviousTransfer::next
I: InitChooser::next
I: MonitorObliviousTransfer::next
I: RecvConstant::next
D: received message: 160b8712381da18c824f70bd2bedb439e5e2eeb9862a5a135a80dcf19b7c03283531af09091fa6fb31e037b010dd9417760dfd9d531b9a5744871e4019118f24c8eb382d361947fbe6b5cd0cd5fd471c844eafa0da16e4a4701baf0f64be53bce2bf66ad966315a390cd07b6a30774c9469046a57e1d3dfd9c9d7901fdfac5135ab415ff9d4a47ce36dfd29cbb5185a3c49a74551c91f57d58b37b692a8943936229156ac974f2ea1bb103dbb7fd67bb30f986619d421f8f3357a6510d02e857bf15579fe74e2902a8bf19ecd88798472c2932aaef4d36c677d6613531afe640b8e87c513abc9744344b907742dd44be6ae4c322da739ab98ddbccfe744f07b1784085ff5342c0776d341116fb6af1645be800a0d0871f98e8a6a4acba194290f5a0f338af60538ef7276ddc94da35eb2933cb8af49b84290087489cfe40485a024a34b9b83a4c62a6ac20abf5b3b6f3bb6cd1b2dc5f33a538a393c09ea68c844254f947a63c2dae665da30134f793c8ae3eb92b667b1ac96939fb9bdcb8dfbc
I: MonitorObliviousTransfer::next
I: GeneratePublicKey::next
D:  sending message (size 0.000768 MB)
I: MonitorObliviousTransfer::next
I: SendPublicKey::next
I: MonitorObliviousTransfer::next
I: RecvEncryptedMessages::next
I: MonitorObliviousTransfer::next
I: DecryptChosenMessage::next
I: MonitorObliviousTransfer::next
I: ChooserDone::next
I: MonitorObliviousTransfer::next
I: MonitorObliviousTransfer::next
I: InitChooser::next
I: MonitorObliviousTransfer::next
I: RecvConstant::next
D: received message: 524dac2d6df4929b1b41f2f84394a7e9a355be5b9560e949e5d0a6e8f30673fd616e7fac188112c68f9c4d4b3cbf3c1cae90936e3cfc0065b66f7388b1e6ffc369ee3ca3466bf8591ce24e4ae2edaa7a8a9ca92f919406c6e290371825be035c6c6a410e129c938717ae2736d301e6705117a33b4986ce9389d2abe77c9929948e8ac03d618a7509ce06bfa732176b922daeedb2decebe730cc4ab67f7f2d6468e7181cb6a3c4c75cda8a03bb1e1d51f728dd9bc726714cbd526f03ac022b6a779adb4f8122c0e81ce222cb511115e20acfb9f7b6daa07eb0fb930e3f31d847cf4f47b8024f996f1b9302531be359f70cfe84c36c142abf3d02b6d2bf9f2addf6871c674c0b9bdc4fc80992feb04504da0ab27b0a44e2072c545c76fbc28f150310cb2b771ab45fda39758fdeb1d25a5b1b490e20ca883a38fc94bf41efa595fe6141ef58ca26de890e0fccc504e9fd5a8059c63a23896092987ca166e5be6a4ee57bb7cc5611567bee3183eb7a3badb8a99bdbfc74da407e121a79060d9ffa4
I: MonitorObliviousTransfer::next
I: GeneratePublicKey::next
D:  sending message (size 0.000768 MB)
I: MonitorObliviousTransfer::next
I: SendPublicKey::next
I: MonitorObliviousTransfer::next
I: RecvEncryptedMessages::next
I: MonitorObliviousTransfer::next
I: DecryptChosenMessage::next
I: MonitorObliviousTransfer::next
I: ChooserDone::next
I: MonitorObliviousTransfer::next
I: MonitorObliviousTransfer::next
I: InitChooser::next
I: MonitorObliviousTransfer::next
I: RecvConstant::next
D: received message: aaaa5c8b4542190641aa303f5aa9ce69de179ed3af5827d419c4524a07d1eb77899ca8b100dc54f511816375cce1de13e21da78523a1853a7aceae671e351065e26b804461fc3da6322f1722a8c910a2d4cba504719df24ffd86f593d1bf69c7fc9bbb7f44826aae8e2aca2691b5854252ecb756fda092093c8450f4487c94f8a945f3dd7932c81e2c5652b3cbf9bb96a7dbefaad59633b56135baaca4e41fc288471f6af403899c1d45551cd19b4c7a42f8f367ff85eeb86269e3696a98c31076caf7cd32c483fc3f90eb50c65c06c194a75cc3aa0f9e8e9ccea1d7cbfb1cd5ed7cbd12e2dc8c86b04a71c1b48f57d776f080173be138bd814b6a93848274aa3e6173a4e7519cc33c6b842ebce3a004d39ebb672982b383e82189a17ad9b1904d4c90f023adb0e123e5cea8ecb5ae25e56ebd284def2ba6e430115a55d9e06aa5ffda183c4c196e13044905371eee309c3a6a4116c768067ca37ab640e4bf4260bf809ddc8f9dd353d5786b775e6a4ce85409e4d2eeabb3c415361a704a2eb8
I: MonitorObliviousTransfer::next
I: GeneratePublicKey::next
D:  sending message (size 0.000767 MB)
I: MonitorObliviousTransfer::next
I: SendPublicKey::next
I: MonitorObliviousTransfer::next
I: RecvEncryptedMessages::next
I: MonitorObliviousTransfer::next
I: DecryptChosenMessage::next
I: MonitorObliviousTransfer::next
I: ChooserDone::next
I: MonitorObliviousTransfer::next
I: MonitorObliviousTransfer::next
I: InitChooser::next
I: MonitorObliviousTransfer::next
I: RecvConstant::next
D: received message: 95b16f78b14fe9cfe7dd7f2b2d3e05ea422007b6df0d8ea81e6d63ce49617b74b2b34fb9f84dee69bfe374c334e95e2c9ca00c340f11f77fd6cf993661438886dc6bf657fa1a8994079079c7514c08f18120829ef97a192b9ca4ac5869f7816a1c26d36bbe7fcd81247d665d220891e9e58f3ce96c61e8152d08b9c7ecfe7fbf4c867de661bbf68756fa58643af327547e9ab7c3a415d475aec1f204dc00f2dcb5e5b6c7e70dd007beb2d55ca990aeb4968aaf443a1ca57a4b4eff1d984c80306fe063ce1bab434fe648a5659f115efdec60c76cc5d52c5908d9870b6801bf440e39734744c3e108190b968eb0f72c84e4ad33e140f9c613123e9cf4be4cd188298ff222e4e3174a43970da4628c08013b267941072df9979c3fb0dbc91b84904df69b62dd11a1e0660973f39d7057184d05ea6b02c508419ad7da2a33dc7723acaa783a3c23aa52e02e10346ea662a14a220f07daac6a681ecd8504eb54e53d96d355370dfad78f93d8d2827550242a71037e25f2e1ca3543fc92911cf7f472
I: MonitorObliviousTransfer::next
I: GeneratePublicKey::next
D:  sending message (size 0.000768 MB)
I: MonitorObliviousTransfer::next
I: SendPublicKey::next
I: MonitorObliviousTransfer::next
I: RecvEncryptedMessages::next
I: MonitorObliviousTransfer::next
I: DecryptChosenMessage::next
I: MonitorObliviousTransfer::next
I: ChooserDone::next
I: MonitorObliviousTransfer::next
I: MonitorObliviousTransfer::next
I: InitChooser::next
I: MonitorObliviousTransfer::next
I: RecvConstant::next
D: received message: 4a1470a5e78da7f030f2306459a955c8756df297a49c4acc797268dac323b8d7f69a1c4c33dd5b6e9123c251366f1469a7248f8e0fe2b2dc4cef6d17c9eb5dff45b6bcf135fbd462e742273191643bac2328acfd663788670a1f695cb434368fa11940eafd28a3104c09dcecad5aa8cb9c6317cc68a0c526f9266958a37474c1c9b194b97d4b2f48c955afa4a03c34c0172f66af069e392a237b5fe845e66c67b5ce1e031e00d6d7f61390bde1d78f3381e81b2887c5a3c8488491afaea6e6e564bf95dba9f1cebf9614a5ae00a2a4c8be7496742a9196354156a5ebf75bec1703cbfd813d6dd9ff9cbbd4a54d4769c000d6d2b4efcf9edbd37f7673bb7b01234c5b273403651ff396eb05f0d03239772f11912c15dc8bd33c05a724f1f26747c8fd54cd9e7de3ddd1736672ef286c75a280a1194550d7b1e4fd7e02baea695ea141cf0c4fb6ab1212bbb1531fbbe17237287c4bb8e950486b6d610e5fcc7d4083cd0947a19a721f22a7a6d1aa44246f781392009cd8e4132ff540b3fe32a083
I: MonitorObliviousTransfer::next
I: GeneratePublicKey::next
D:  sending message (size 0.000768 MB)
I: MonitorObliviousTransfer::next
I: SendPublicKey::next
I: MonitorObliviousTransfer::next
I: RecvEncryptedMessages::next
I: MonitorObliviousTransfer::next
I: DecryptChosenMessage::next
I: MonitorObliviousTransfer::next
I: ChooserDone::next
I: MonitorObliviousTransfer::next
I: MonitorObliviousTransfer::next
I: InitChooser::next
I: MonitorObliviousTransfer::next
I: RecvConstant::next
D: received message: 5dde29a3d3fa63b8b235d107d79692604903bd55626323e2c4aa5eb16af9a4f32f47d8db57853f8396b2ad0af02a8240ec303138008164702107ca8a60aabc2979558f42f09c1bf3d8e811bccd480d31ce8634f801af6fdd62eacaaa37c5d482fcbe7a4b93375f954eefadc427c6a410e4a417a8992b5f9a729c44e19121a6094666a4f77c6df1002e6b6e49564eaae3567a922fe6c16e29bbffe4f3d2379b8aa9bf3fd34f3e6b7c316722b28978f57d5f5c3e723fac3c9da9f87b68a74cc226828942586cf2fb4f9f13380111e4ee7212f18f1d04d005bd22737ac17ce9d7425c5934caadd285cecf50b09535a2760e311f2187b574f2eb5f86c01ec9018fac073156d37aede51efb8e26eabdd5cc5730d0575fc9ea1e7e72eac32ad69c4d8e377826c035b1c49b9257e3233f6f9a8ce0f0d76c5efb3859a42ed5767319d627ebd8105a2e2c8b32ebf7192f4ca6962a5a87b599b0aed994d012d447a0ced171cca9c049dcbab2d2aa8457990a0e8185c8d9ee2d935481fc7818627c1e553be6
I: MonitorObliviousTransfer::next
I: GeneratePublicKey::next
D:  sending message (size 0.000768 MB)
I: MonitorObliviousTransfer::next
I: SendPublicKey::next
I: MonitorObliviousTransfer::next
I: RecvEncryptedMessages::next
I: MonitorObliviousTransfer::next
I: DecryptChosenMessage::next
I: MonitorObliviousTransfer::next
I: ChooserDone::next
I: MonitorObliviousTransfer::next
I: MonitorObliviousTransfer::next
I: InitChooser::next
I: MonitorObliviousTransfer::next
I: RecvConstant::next
D: received message: ace18a23f9671db1626715f3f474696f58404bb983b4b3a57c1f9c8c8c3f10c081dea3655dad64193bfda541913826fe0fc4ca51a3eec739bce7496c0a03df05e96fb76b4183d58098df93cb79936047acc4eefa8ce7a7601276023f929914c3d83479d35bb4a6e608a13d747375e7f6d4766f8bcda9f356698642074832161d45acdee2214f053bd1925d5b81c3a573d9c2da326d1b0975594955edf79d607b5a7f01fa16ca1efee7cd19af9e9da68d93caa0c7923a984b393d7f7970a031048eb7d33a1fa910e94b510f6322cc469c99c4cfb6e86647c381d5b68ee53266462f03413e262ab54ee883481340464ff68e2c652610269dfc9fb7e8e67f9533225cb8c108a504a975b719c6bf89cf01b7a554f68604c7c191973a37379cb244a4dbff6500cfe1b8713ad79109db6b9eee36588dd35a4c5e7b82d9d5c28a35af7956bd4b88071861e64b16a31d84102cc25a2ba732bcf5b66b287014caed6446731a545955643947af95eb323ed2c1f66f87ad3dcb4dd84c44251ab288a88f9952
I: MonitorObliviousTransfer::next
I: GeneratePublicKey::next
D:  sending message (size 0.000768 MB)
I: MonitorObliviousTransfer::next
I: SendPublicKey::next
I: MonitorObliviousTransfer::next
I: RecvEncryptedMessages::next
I: MonitorObliviousTransfer::next
I: DecryptChosenMessage::next
I: MonitorObliviousTransfer::next
I: ChooserDone::next
I: MonitorObliviousTransfer::next
I: MonitorObliviousTransfer::next
I: InitChooser::next
I: MonitorObliviousTransfer::next
I: RecvConstant::next
D: received message: b0ee13e499a1227df18c92603bfbb63139c76e8e546557ba053c4eeaa5a59b096d4ed8fc02cbc370284c4dd668c90c28951f9036bae55282afcb885b5a1bc45991e0adf86394d69cdd2159f85641a38ede0b427d9ebf4e706d3645e0d41b00b9407c386f59d1c4b2a5f306a68139f812652d61aceda33e88028204fb83c34b476fa6609cb1433ccdeee2124af222c465cd82e50f8ad37cb3af31ded977cd45f1301cc8b0e544ec89fff3100afb76b39d10122032fe63ae0f26d65e69524b6a0d7434557fa2eeb927658baded8ae333b12274adfde68b302f27f130949801460f49a373b6d8dbb0433832af4c84394128a685a299027f7093653d7a7d2e632d9088a48c687d9e5315715b6929982711d44ad4a53a8899f19f256c3b995b2d292442a663b16020e212225677662733cf61fe6a1b2dc8a770433062fe7816f000e0de01664f9b4d1a4c6629c6acd13e13cbaa64cd8e52311b1233c735c0028b29d69a51e78a6fd15f97cfaa89f55838a3218fbfba9d570ded34cac71e4f2d935b05
I: MonitorObliviousTransfer::next
I: GeneratePublicKey::next
D:  sending message (size 0.000768 MB)
I: MonitorObliviousTransfer::next
I: SendPublicKey::next
I: MonitorObliviousTransfer::next
I: RecvEncryptedMessages::next
I: MonitorObliviousTransfer::next
I: DecryptChosenMessage::next
I: MonitorObliviousTransfer::next
I: ChooserDone::next
I: MonitorObliviousTransfer::next
I: MonitorObliviousTransfer::next
I: InitChooser::next
I: MonitorObliviousTransfer::next
I: RecvConstant::next
D: received message: c9314b65f36fc2fd75ab1760e2ee974dc6703abfc0a4b6c421005a487a4b88bd6f33a4b791c54ae1cf80ef2988e36ca14b3a5cbb2085c44699d68536484fcf88dffaf31ca46da915427757e61e6bd59cef9849097c4738aa4de54e79c3ceaa36a84f31dbf52134e4feac6269523017ae12509cfc6303c188cd51a561baeaa12a7da75078f205022135fbd30a2696ea0210e909fa9cffd396105707c0f57daf4ddbe1476ca9e2e33e49245baca84147704081130cb61ac4b9bc2379c1ada8924a6e54e2b27051d93236950e01610eb214ef27b0bb52e4bcc78e5273196f8992167c459458f1d169e134a4577a9fc25030a637809eba5ba1af834bd957080359358586869dcd68a1ab66b3de6585e19adceb6d5599bbf2b8b9cb912abfe4085539f57d4378b5d1780ee96ada09b31e9f560871f31725e5b062151834e57c379ffc66934c1434b5d9ee4a71972a4a67c9155ea65c97e30d3a54e91731d85bb5c84970820819999e9813a9dd3e60a334b6f2b6cc2f23a4040a95376fe3bd0e3a8d93
I: MonitorObliviousTransfer::next
I: GeneratePublicKey::next
D:  sending message (size 0.000768 MB)
I: MonitorObliviousTransfer::next
I: SendPublicKey::next
I: MonitorObliviousTransfer::next
I: RecvEncryptedMessages::next
I: MonitorObliviousTransfer::next
I: DecryptChosenMessage::next
I: MonitorObliviousTransfer::next
I: ChooserDone::next
I: MonitorObliviousTransfer::next
I: MonitorObliviousTransfer::next
I: InitChooser::next
I: MonitorObliviousTransfer::next
I: RecvConstant::next
D: received message: 6f501794637c60baee54dde12339b40d92dabc3c45623dbfccee95a9088ceb24e7d6f368b97eb342d0162bbff3d7c296bd075833a04e89b1c3fe695cb7cc4b102837c75c2d250da89e283cdf17ec16e343d34c19026887cc9f633babf7b91225f37f24f30863c757a20740fe5dc2b9c726c3ecea16d6fc218dd89d2c29f48de2cd2ff1ebcbbee226b2af2b6e942be0b56bd8940f28a3b78110afbe8fe62e16e3f27aaa3ea3c004bd0308e4c3565be0ac8df4e856d30533e0d3946d4b1a8dd7f70b1661a94789e7174cd4cba1aa30fb29ed5b596d5351e735edfff645ecb123559b3df0926cf9ce2d407e14299f1dd0b2d5098c68c2e147fe09b4c9fabaf1a1619b8abb36517c3bd216ddd89ba1d27f378fd72d52a42faa412796b34a21cf8488318048e1c760ba33adae03d14f289bcc6163e86b0ce620d0187f62e4bc7d01ce8ad2fc3daefaf7b62f82097169f9cbb7d2e746f165d71a2315baf7fbc577be03c72c650da36aa62e483fca619528b131ef4d5b8a5b58f46f6e84aa420b0d2130
I: MonitorObliviousTransfer::next
I: GeneratePublicKey::next
D:  sending message (size 0.000768 MB)
I: MonitorObliviousTransfer::next
I: SendPublicKey::next
I: MonitorObliviousTransfer::next
I: RecvEncryptedMessages::next
I: MonitorObliviousTransfer::next
I: DecryptChosenMessage::next
I: MonitorObliviousTransfer::next
I: ChooserDone::next
I: MonitorObliviousTransfer::next
I: MonitorObliviousTransfer::next
I: InitChooser::next
I: MonitorObliviousTransfer::next
I: RecvConstant::next
D: received message: 6e3607af7cf6464b613a27d518bc2f702c3d15f0f473034cc4cba6c13026f8a3df5f7d1e906763179078f45e1605908db362dba0ca1987a650a060463c1c6b4df96e983f3e00cd87c8b68d46f464d8fc740ae838b751b317f268f04842f6c166adbeb1971bbe60d9bb99e85e43bf5ae0b7011a3b27ef3c43c647daef332c84a3b9d53ec4c4a3681606de06d8b5e31015b693bff59a0dd75721578dfb78b4dc0ec22b4e87fae0ef74316aa5e49145209b2259edc4df7d6a92bcff8206cbff06dfef601670d38c69030d3f5f702b14118dd49ab4a222a1b07d497d3de47ce3787e8ed52cb606fc22a0899bbd72d57a75306116e541f9ecd555b5a30fd8e2e51f66dbe14f3e2ed00ee9f22d74685b3c4e5a2049314ab5ec9d439027db0856bc57b453f25b4c2a2e595bbe49773b88d9865d8303b5b5033c039cb342a4df6f1d315aa19519536d92393dfb6844da77f8ff930dd2fe626cfe32b926635844b4ca8888af6f32717be0579b23958063553ee38b21cf5b475b92973df658ca8b8d554d46
I: MonitorObliviousTransfer::next
I: GeneratePublicKey::next
D:  sending message (size 0.000768 MB)
I: MonitorObliviousTransfer::next
I: SendPublicKey::next
I: MonitorObliviousTransfer::next
I: RecvEncryptedMessages::next
I: MonitorObliviousTransfer::next
I: DecryptChosenMessage::next
I: MonitorObliviousTransfer::next
I: ChooserDone::next
I: MonitorObliviousTransfer::next
I: MonitorObliviousTransfer::next
I: InitChooser::next
I: MonitorObliviousTransfer::next
I: RecvConstant::next
D: received message: 39e9601d6f49f83fd7b37b1f78da7c30895d8b6c50f9fba416c51ec532f4badd5c1aafdd1178f6fded504c6b38711239cab66eb74a1e01b3f569eec80612091f5d7692c2940913f6db8a9688842f1267d9ace9d5b47cec63ad80e123916a54f54b03b47ddf2996d18120229e1388ed7863915fb30e41583b9e4b9a8db436a7c5af9612647779f26bb17941a68b887eccbb11969e512f1abc69c467e6e2f0227f774f219e14ada8622c71a67db58f3c8af3cc9065af6f1e3bca6281977f341f5dd137ebec4602b18eddf971b79abb0c9df5648e670a0334eefa4c64fd034710bc95553f45cc9d08e350ba8fdc7883a4b4981772e42730c18f68ff9112dda1880791e3b18482a40eaa148ee7823bfc6b9a88761d57df777fae3c1de2c783a489cf080120051dcb5e95a432aaaf6d781c76735a43cadc862b5bdf6fedb8910418497e60a319c32352772284b00a835d31ac93bd47b845959b6f236d626cfc3dc83658a934c12c92b4d9c6b3dc541b141702dd611112ee44e88757f749f37a3c5b33
I: MonitorObliviousTransfer::next
I: GeneratePublicKey::next
D:  sending message (size 0.000768 MB)
I: MonitorObliviousTransfer::next
I: SendPublicKey::next
I: MonitorObliviousTransfer::next
I: RecvEncryptedMessages::next
I: MonitorObliviousTransfer::next
I: DecryptChosenMessage::next
I: MonitorObliviousTransfer::next
I: ChooserDone::next
I: MonitorObliviousTransfer::next
I: MonitorObliviousTransfer::next
I: InitChooser::next
I: MonitorObliviousTransfer::next
I: RecvConstant::next
D: received message: fe0ffdcbfc42dc35c99c444e0d4e94530333120cad2f1533df6f3befa0549668c38c39e25c9bacfd25c50ecfdbe2165b5e3a3c5e1821bbbf6d8453d6b01bc0df36d14eb42a307e9e2864edfb7c0be758a8a34e679430e302b731b2c9fd103d8f774407ffd7b7f5cc1900eba28cfbb962094938b7feb6f71b2319ce8c9775c1683094f2f0de85e7bcd8dd89d1f37d1ac1924e02e93956ab4689dd885c5424a2e189018a38ab14bec29b564b40ba9633ba6354379ae63f3f0311128de4293ffb8f196f1f166d8fd5e37794b4916f2982d14471d383f7421fad9029b8cb6934ba94e445bc04ae7d09bed7a2946616bda05c4bc05b8ff633040e75bc9b606afb26e11cc75284c94660d7a5b442e8a273f0cd70657d6810d2985c0874e5cff83f9ca9c1ba607a42a102162361c41486583d41c0df6930159a9d43aec5525310b84e59a1b409707677ed4139f60ce26c8c354d381e08840c76261bff9f02a7b2abf31dc48d723ec0594f02965ff90ec0255002032f4f3fcfbd603950288d73951a30d6
I: MonitorObliviousTransfer::next
I: GeneratePublicKey::next
D:  sending message (size 0.000768 MB)
I: MonitorObliviousTransfer::next
I: SendPublicKey::next
I: MonitorObliviousTransfer::next
I: RecvEncryptedMessages::next
I: MonitorObliviousTransfer::next
I: DecryptChosenMessage::next
I: MonitorObliviousTransfer::next
I: ChooserDone::next
I: MonitorObliviousTransfer::next
I: MonitorObliviousTransfer::next
I: InitChooser::next
I: MonitorObliviousTransfer::next
I: RecvConstant::next
D: received message: 855e1a5a4d911f1ec4ea43fb1b13e216b676373e1be3053557f0673b3519b6b5b748da7f352fe383b26f133d429b3a37f9ee7b9296aed6904ae540dfa98876995cd8991ae0e48bfa6218e7361f60426e7fb38b7f7640686f925f90f768255c26f07007301a07d1c39a9aec08311eaef72bc02d4926b9ab02cf32c070ed283298fd494625d5ad921d4210aed4979f293a797390b24e9a277296076bbb3aebdcdce8fbc9f6339e08955aa4bb7653c6fdf1c13fd6c957707980f25c4cf77bbc68573070dcd694ae6c27d1af38fe89c80f46d7996a5b788c3c639c6c3dc607b7fb08190d4230de8ff93b3a2c9bbe3b98db3bb1b183f6d066a979ba4bc5b818df0b05af44dda39c2d46245b52826b03920cf216d74a94c67717de85f62a8cba45b8cfb63f7c85307ee9e215c7c6e830f63a63ef02add6615e4c2583b17653523ce077960541fc504b8873497be36bcda14a3c0843d9eeeaa1199d790c2f4ff989536f9355e32d43de2a3a7f140ad8f310768f0c27c01db19d77311ddf62eda8d7e88d
I: MonitorObliviousTransfer::next
I: GeneratePublicKey::next
D:  sending message (size 0.000768 MB)
I: MonitorObliviousTransfer::next
I: SendPublicKey::next
I: MonitorObliviousTransfer::next
I: RecvEncryptedMessages::next
I: MonitorObliviousTransfer::next
I: DecryptChosenMessage::next
I: MonitorObliviousTransfer::next
I: ChooserDone::next
I: MonitorObliviousTransfer::next
I: MonitorObliviousTransfer::next
I: InitChooser::next
I: MonitorObliviousTransfer::next
I: RecvConstant::next
D: received message: da2e30be8b09b0b13b095ac8dfa05ed0a4f453984000de04bb6ef273de7de0c0a8978deeadaf047f7e950ddbf8102ea75780871b251affd0e47ef968112b939c95c829fcfab4bd27a3646cfdf809c4739d7662d5a607b8eae466dea74c1c7206849e57ea5a0c54c7fe0fd8e21b6a4fc681f59124e28f957b44c3a55aa4069461f5ed34f7cb840d7c27db3a00f3a8c6f20d35a7a151028f9ab48f89741e589dc21261af8db8d8c3cdd1b3b44914b95bcbbe725be727744c34c306b2bbde6816b08dfe3558e9e33ef30db1cf799ee3582dddbbfefc5d06eb024baff95e23d7bc57b8aed81f9c0204d009013051a6a8263f0168855071841e25a0d64c6f7267817248f7e19088ea74f2e411a19660131cc949d407e03338d6aded4bf955d8bd13ae8bd1fd5c843b84e4b393ed80a300162717eb6c4dc2a02ad6a1eabd824601e4276585d1814652e43b81fa2165d941a43158fb4e1ffafe6c5d0a8463d82e56e46117b6336250ae69b58388e2dbdb63979a174314fca256dfdaa0e4f2edc6038c93
I: MonitorObliviousTransfer::next
I: GeneratePublicKey::next
D:  sending message (size 0.000768 MB)
I: MonitorObliviousTransfer::next
I: SendPublicKey::next
I: MonitorObliviousTransfer::next
I: RecvEncryptedMessages::next
I: MonitorObliviousTransfer::next
I: DecryptChosenMessage::next
I: MonitorObliviousTransfer::next
I: ChooserDone::next
I: MonitorObliviousTransfer::next
I: MonitorObliviousTransfer::next
I: InitChooser::next
I: MonitorObliviousTransfer::next
I: RecvConstant::next
D: received message: dae0e3464febf7c297ca66dc87c12ae5267c341e7ffe47cc094bf7d3e5e97eb2edc5bf90e00e62845e870bfd0c4198b645d6eeeed4fa0ad1b6bb0e7f0184c8839cbfe13bd4de23b2e8512822e7c93d5fb211c90e7e411bc4f00533fe0eae3627ed9cb63f75d03289ec49dc89ef4e6b34ba0b325f5df314770bc9c82fb9e4848652efa94db8282bc518e3fdc1021634cf02a97b8727cbb31759bdeb17ee08359c273eeca73eef09e68058abac2c77ec93c76d8db43271370117ae40ddfd6d55e30424b4351611d5257a3c483e945e0c4e1c4b070ac3c31994851c450d2a15d622aac4dce1e7eab17293a0d5d8907c80b0c5b077cc7bd510c4332383c4248073c8eef94c4d6ee6916c36710a3b59479b03f30234f815eaf7f3ed1c00370a3ede10311aaaec15391f3ffd50bf0363204264c26d30133da9462c7b03cf7e416a3147e98f309de5793f6db1c49adc1575d3a5e1975ab3635a57c69be29a945cee5a0e777698dfd75c155eeb0d4ed79f3bcb1988faca1bc285a584103bb03897b7bf36
I: MonitorObliviousTransfer::next
I: GeneratePublicKey::next
D:  sending message (size 0.000768 MB)
I: MonitorObliviousTransfer::next
I: SendPublicKey::next
I: MonitorObliviousTransfer::next
I: RecvEncryptedMessages::next
I: MonitorObliviousTransfer::next
I: DecryptChosenMessage::next
I: MonitorObliviousTransfer::next
I: ChooserDone::next
I: MonitorObliviousTransfer::next
I: MonitorObliviousTransfer::next
I: InitChooser::next
I: MonitorObliviousTransfer::next
I: RecvConstant::next
D: received message: c03e41cdecb2502cf78e1442c50d92f71a27b9d3b6478b4f73051f9876ab66f9cf029c40a2c84e6e477aa2f1cf7b91eb3b527678a79137cf544628075163527f91eb509bde5430ed5eab41bfa36201dcc71f53af1dacd44a554b28dc9d10dd7f9f2d085b1cd41e06e71494431ce8bbe8799ac06be28e7910ce712c890bf5cd1cbed777a3b32679eb58a22cc28f699790c8e8675a3213f013eff64f897649e32a761c2cff99253b0b6a7126e2e2cdc5fae45774e6bb5989b0aefb04100d53ee83b4afa41ed090a6c120876d9946192ac87547d5a14d178659118c150845b791d84fdc8ea7a296bc60907d506c5411a374496aaf0fcf8b43ee48b5117df9ef020b7e932703be9210b323358a9592a6a081ecdb623ad08d23d27fe93a28a0722e5aa8516e4f6b8ca7f8dbb0a5392faac93bbea94acb72cf4d673895b9b03b492c5b40249f148dd671836af5c154be6cdd54123f403f3f25a79ae7628d84ff448e034b3908bbe99cac23807ea098fc9a209c6cecfd3a6ef2a0eac769b25d85e9ed11
I: MonitorObliviousTransfer::next
I: GeneratePublicKey::next
D:  sending message (size 0.000768 MB)
I: MonitorObliviousTransfer::next
I: SendPublicKey::next
I: MonitorObliviousTransfer::next
I: RecvEncryptedMessages::next
I: MonitorObliviousTransfer::next
I: DecryptChosenMessage::next
I: MonitorObliviousTransfer::next
I: ChooserDone::next
I: MonitorObliviousTransfer::next
I: MonitorObliviousTransfer::next
I: InitChooser::next
I: MonitorObliviousTransfer::next
I: RecvConstant::next
D: received message: 884e61f316a33224ffbe3f6f01257147b5bd85e8bca7d0441eede99cd5716d445b5c8b70c98ac26d353bbcd91d36b15e43a4a01032913e8b3bf20b0bdfb37e5778c8b0efff350cac719609f5e24224062d550190fb49fda45ee529e951a7dd8e7f78f867d990c029454a6b014b435a491251c6e9a0449047598c910a756aa682778df3d815ebb0904c9b2cad0eb89a52f188722fcb22ceb795c0960f0ccc943d749f9bec1907131acd20334358ecbf16f3407cbf22491eec5a484ffec2da0aa83a16a1ca7bcffb792e4b53f631e6ad1afda9dc55ecca4e3621669273d2aba6c51c1ace66fc0a3c9e47c7e20c944448e39d12b46bf811cf560b7858eab724db3577a9f11b02e2aa684d69586a3b82de1237ba7f9e7403df1719ada0542e859afcc383cabddf61f7c89a91914fe99d0bddde67805ebe2d838411b7fde99dcb84024090b5cea4a84cd638b4b0269f5e2fd962504a3382035b495cc6b2144a49b1b8920626a97bf4e8b965bb09482130047d745c5ccf3f58721b6652df0e1b5abfb1
I: MonitorObliviousTransfer::next
I: GeneratePublicKey::next
D:  sending message (size 0.000768 MB)
I: MonitorObliviousTransfer::next
I: SendPublicKey::next
I: MonitorObliviousTransfer::next
I: RecvEncryptedMessages::next
I: MonitorObliviousTransfer::next
I: DecryptChosenMessage::next
I: MonitorObliviousTransfer::next
I: ChooserDone::next
I: MonitorObliviousTransfer::next
I: MonitorObliviousTransfer::next
I: InitChooser::next
I: MonitorObliviousTransfer::next
I: RecvConstant::next
D: received message: 2bcb880ba3d66f25c9fba01eb228334c567edc3c08239072f838df3838525d59df52c888afcd7f0b2a2a57436e4cab6b69d49cb606c037cd625fe2049754ebb3624c2599991c8c5dab98c370f1b7ce33f6cc76b48df5f9460f1f5259c1aa40348c79865e52506295576db9067e01548f88f3cf9411566c655d966fe7172eee2d1ffd4e0054c72b46520bd7ea926196251a3ec44d823d077c835e71e83a4b3b5b0b20a94e5b4a3e650cc8d3e1e40e22cb1bbcb0276e4125abd7c533ac8ea804985c6662de32ae91b210b744ab248396479fc26b029fc790d2fb864b45666d07cae6673c82b0de5e9264d5c5d4fe5ccf50f71c22416a1ffecf03133dea80cb6045cfe6034417b081b79e8e89c6847c44775f2adf15209228e6ddc33fbd19ad5b820c8ca6248ee1f59775480892db8260baf6e6ff35366280df52ad2c3a3af841982f49cbedc6244d0136c08a2aafacdb28dabcaef94369098363685a87f177c0fc022151ea806716e1c5bc1698a3f984544472cd49e7deca2103c328713ea889f8
I: MonitorObliviousTransfer::next
I: GeneratePublicKey::next
D:  sending message (size 0.000768 MB)
I: MonitorObliviousTransfer::next
I: SendPublicKey::next
I: MonitorObliviousTransfer::next
I: RecvEncryptedMessages::next
I: MonitorObliviousTransfer::next
I: DecryptChosenMessage::next
I: MonitorObliviousTransfer::next
I: ChooserDone::next
I: MonitorObliviousTransfer::next
I: MonitorObliviousTransfer::next
I: InitChooser::next
I: MonitorObliviousTransfer::next
I: RecvConstant::next
D: received message: 555019563ca67f8697a2fc9cdb059b43507c4846c8a29605851850dc320d787340d8a4ed36651acc089d239b395b0891e5e8f1994df023a639e54283f85d93e7986a7bb699876c4a96a1df22d880d47cbe882d89e844f1a3716c3e0367abdeba70f905a90398dfd13f6b9d626e17ee4b1c6bcb0d519b4dc51b22dfa82d876a7487fc50c7b2e1236a51bea6783a4e465cbd1f10a7cd33f2e739453fd21adcbfe1b6aa4b8f735eee1f7f6115661d495d240b2a7c24f52bac9dc4d687155e8eb131433d1291c7874d88105aa1ee1685ad96f24ae4c8ff4c7e58bd8a75bb899a6253a74ad853961b0e608f70fef98701c60c801436abf4b2638c42e0d323670a49df90269f0bf59a10ce4639f216909d81565fc1cd2f44631cbcd111bb586d63972d0d90110919e998daebc6a45f159d46bc7aa21d276c2cd570fbc577408868c8792005230beee15308ac8552e2aa95cf4a1e1cfa25a2e1e3a34d89da58d7053e86aa3a47bd88f108610fd95a2470776970a1b233a9f928face7e0bf5375f44b36a
I: MonitorObliviousTransfer::next
I: GeneratePublicKey::next
D:  sending message (size 0.000768 MB)
I: MonitorObliviousTransfer::next
I: SendPublicKey::next
I: MonitorObliviousTransfer::next
I: RecvEncryptedMessages::next
I: MonitorObliviousTransfer::next
I: DecryptChosenMessage::next
I: MonitorObliviousTransfer::next
I: ChooserDone::next
I: MonitorObliviousTransfer::next
I: MonitorObliviousTransfer::next
I: InitChooser::next
I: MonitorObliviousTransfer::next
I: RecvConstant::next
D: received message: 971ba22adf1e4c0cea310c970d9ed3ddc986b55521fbe4f581affe913361dde9212edf354a1cc648a9082f01f4754aa8e3a423b81ff86e63bfdb6c01ee9cc8c0978ecf6a8708d117e7ef8b195e0951623fbde9bfd469908df8cda5ef4bd037735ad1e9b2b37e93d922273f1e9a5687f06841b11fd2a408db0ff9de5bde72c9fc4f8b3426c17a5dc730be79d24784770b602434d8487f5b3c4bac25e3f44e443d22daf36238ef31ec63d1323b83b920664b4148fb82a9fdb795f001eaffdaa36275365a148343f1dc574599b506f6f7539bf63ceb58179bfd27b9d8b6026baf0734622f2930142ce41efbf253c4256003c6ab4a08e5d955a7175003f494a0efbd09fc78b356a37ee65c419c9604a35e58a39a5c7a5e6d74b5bf05630bd209d98608868dfd3c2d72ae596f21804f96223e3609475e5c283f48c3bacad891e54f8856e1e5cab8517f85da767cd28beaa41e1bd9829b4c5b44540681f21cb8cb866edbe609b52111f0a689280e927b47054421bea10e5f3f674e2964374799076277
I: MonitorObliviousTransfer::next
I: GeneratePublicKey::next
D:  sending message (size 0.000768 MB)
I: MonitorObliviousTransfer::next
I: SendPublicKey::next
I: MonitorObliviousTransfer::next
I: RecvEncryptedMessages::next
I: MonitorObliviousTransfer::next
I: DecryptChosenMessage::next
I: MonitorObliviousTransfer::next
I: ChooserDone::next
I: MonitorObliviousTransfer::next
I: MonitorObliviousTransfer::next
I: InitChooser::next
I: MonitorObliviousTransfer::next
I: RecvConstant::next
D: received message: d15ec754303a07e35957dbc53b1a4f223b41db44024bb11e602cd8d4b3f312ef4d8f2b6dbf7f7c6e10c5244c1afd36aa052ee03dd04ff5ad6fe8b8822496202c081b516025d52a8d110c6b6fa46e4358aacaf5343cba1bc9bd37545dfb04d5728393f7f756fe8888be3d74f0935c1a8c27f2f41ee983be465fbc63d895e8998fa9c7d97a5bb71a5e2fb57cc8209ada22f58383e12411dacacb21da9d92239b3adc76dd57d7bc36fc120a6de83aeca5cccc94217d90d8fde1ddbf924cb58170665872d89602d63b8349b992267264b9099b380dbc7c97d184d9192f5055558bfefc3b27a333231b6820caae75ba40d34eab9df98b212f15933fd55be66c741455d63027294700a2104303ffcdeb8b4407d7ed7e0d7fbd1ce613d958f3a9b547fb78987f2c52dfdc0638134944532796543102f46d89fc93f36a1aaba86ec6e9551d1f48d56f2a19926cc452378852554bffc7bf7f7f7b94af1831aa9f13f3d92bb9130552d89dbe227ca3633fde7291738da60ad873ce10cb0ad7b9c95e040bd7
I: MonitorObliviousTransfer::next
I: GeneratePublicKey::next
D:  sending message (size 0.000768 MB)
I: MonitorObliviousTransfer::next
I: SendPublicKey::next
I: MonitorObliviousTransfer::next
I: RecvEncryptedMessages::next
I: MonitorObliviousTransfer::next
I: DecryptChosenMessage::next
I: MonitorObliviousTransfer::next
I: ChooserDone::next
I: MonitorObliviousTransfer::next
I: MonitorObliviousTransfer::next
I: InitChooser::next
I: MonitorObliviousTransfer::next
I: RecvConstant::next
D: received message: 465cb3c811e7dc0a010b5147d6ba1ac1037668551c04be6afe5ca5d53da47f74e43eb064c929ac4640f4563ec7c5a19d3ae0ff70eb5218f387ad7fadbf8246de862926691d82edb9110f42fa6bc410db00c7107a8f44987e04a3f01b7cb939db98e5d542373aefed4f9bf0ed413800c81c4f0a69c88be995dcbf662a13f18e11bc8d52f491e24b3b72d4aec223cf1a5c9a4849cf3d742a1dfb4ec3998e9fcb169b90b59e79ef21995f04fa163582c16cd0dea79a29f16a3d9d87c24e932af059dedb3910582b79d43ef369e34ac3cb5dbb29b60e48758930477d704361a35ed52c5575fb54596446245cb2135698966252fbea76148e9b36aba77a635f5d16ab8d24dfd492cf4fc110074da82c5b4899613ffbf9f52cff2aff70e173b4ce40809047c831f3ff793c83d960cfa190a52a05587f2b89fda094e60cee17905abe9aeeaa54b4e2785e5f6f08a4065ca4b26f35d03ff86d33440338fbefbd62d2b37e4edc5edda0bd406c4612ddce020a442699849c2c8da17614170f9b9a6a06e23e
I: MonitorObliviousTransfer::next
I: GeneratePublicKey::next
D:  sending message (size 0.000768 MB)
I: MonitorObliviousTransfer::next
I: SendPublicKey::next
I: MonitorObliviousTransfer::next
I: RecvEncryptedMessages::next
I: MonitorObliviousTransfer::next
I: DecryptChosenMessage::next
I: MonitorObliviousTransfer::next
I: ChooserDone::next
I: MonitorObliviousTransfer::next
I: MonitorObliviousTransfer::next
I: InitChooser::next
I: MonitorObliviousTransfer::next
I: RecvConstant::next
D: received message: 79172c0d2375d1f0cbc4057c0f232f28ae8789bc7e12a22ef15f7e33ccb49849bf38298571274b4cee5c4728ac665949c566f050fc072a2098a611943bfe97641398da0006c743b1c2cd7d255e4950a49c0d764e8ca4f04afd557186f2bc3e82975d87b8b0be83dc8ce554c11d393d370ef09deb20fcbdc25046767496bbe703287cd57f1b100cbae9c11571d83fd8e9668076d2a657b40edf1c3407ad9b719fc208ba0bb7a5e30d0de54182ca3dbd8224110709dea72041794a0639a97ab41df80713fb00be5ffa4aefb71eb7e4a0d0d0de22bd76cdded13c01f6ed3b483e6028f29e11089489b7ad5252a71b02a514421a074b56706be26f6c1e73d1e15dbd8140a732a1a3343418f3d49ac0d945eba72e052cbd196b1e6c1edfc2eb3933a4e7a00d8586686b489ee6f0ded6457f70d5e1cd1d305da9fbdbce864d5d4fe51e774859d0650f3c089f792eb79153c22976dd9ff64c038bc8c9a4a9c2c03494abd5c418a0b535d98d45e15300f3e951bd4697d7d96952088cd2db57c5b16bc32c
I: MonitorObliviousTransfer::next
I: GeneratePublicKey::next
D:  sending message (size 0.000768 MB)
I: MonitorObliviousTransfer::next
I: SendPublicKey::next
I: MonitorObliviousTransfer::next
I: RecvEncryptedMessages::next
I: MonitorObliviousTransfer::next
I: DecryptChosenMessage::next
I: MonitorObliviousTransfer::next
I: ChooserDone::next
I: MonitorObliviousTransfer::next
I: MonitorObliviousTransfer::next
I: InitChooser::next
I: MonitorObliviousTransfer::next
I: RecvConstant::next
D: received message: 816e9fd6e887cc3abdaf6d0204b0cf469d83e3b180b80ab50be3b4e65e0f86ddfb7fdb515000065648f7c6fbf2007a96fb4fcb21951b3db656c72e39d295a6fe2091054e6fad62887b018ffb57574f5f50a0e3f5a36cf6b685d6d1efc350de81d6ab81548db5db30d49bab8abc210701da4d40b62b743d4cb40f0f97b9b57a40a659e08f203ef64c2f5b5dae07ea0cca58a5721990e5cc7d2c7a16d370c64ce0b16b92e2f8b379deaa4d9cf161cf87bf11bdc295b64eb5b8f44a900989c188cfbcb1b25ce19d3f5370c1370952466f0f9b295a58c196a4c0610a1d3c6790ba9d9ed8941086e77349a5dbbd9b463050e9bda7e9c38236664ed9ad8f61e8447cdf64a0f2c6329f996fdde2cc27eaab3fc9f436ac657ac83bc1a789b0d2ca02273f99b07f3cd15e7e60da20fa198ed595d72d55b73413b3fd2f6ead9c5caf07212b0c81c5d2740b343633d2aa4814443eb43bbcab3be2e0e8b5b68a3f27daecd017c89b86dfd7e4580820e82234d2a31d5593d56c612dd61ad5b3d5d02f273d7b11
I: MonitorObliviousTransfer::next
I: GeneratePublicKey::next
D:  sending message (size 0.000768 MB)
I: MonitorObliviousTransfer::next
I: SendPublicKey::next
I: MonitorObliviousTransfer::next
I: RecvEncryptedMessages::next
I: MonitorObliviousTransfer::next
I: DecryptChosenMessage::next
I: MonitorObliviousTransfer::next
I: ChooserDone::next
I: MonitorObliviousTransfer::next
I: MonitorObliviousTransfer::next
I: InitChooser::next
I: MonitorObliviousTransfer::next
I: RecvConstant::next
D: received message: c0cfc74c702ada043ec6ea78392f5db26fc4aed3cb4521aa0be3be6533c95e820d42f61748018b2b6237216a3fffdc9816af6f6c4398925cbe8fb31356c7b899993a5d0ea3c0f964d771db4d8662d53ec9d38ca3c2e063889c09058d7e990eac5106fc5133bab7cc1570a3c2b28d507a4513e1c370ecd26f6ab345fa591507389b213915a36c5eb8fc4cfe6d2f2ab6b654a6fe94fbc6949b9df035afd1c3e7a0951b62a77dfcff167b99016fba94a7fa33eea4491fa82658e609fd7b3703f5d96fad6d401dca0de53d094e9f6014b94e5d2fe1f793c916d125156e7ba2820f9f39eafd84cee3b794bfbdabbc968f6eeca43fae22e821afac01926d1e63f48de4e1c67eebb0229700acc71ec121db5099a7d5f8f2cc79b0ee231d4c718dd35d3bc3703e6d5b756c525d5a444398b51bd5ac823caf69db331154626f6f04528f0176eda8bececb65fcfe09bacd7af3da5743a188f56e5bc1f1d2b153174d6197bf8e2f6923249736b79df8f8c2add91ed3e449690043f8e4243ec5678fdbdd5d8d
I: MonitorObliviousTransfer::next
I: GeneratePublicKey::next
D:  sending message (size 0.000768 MB)
I: MonitorObliviousTransfer::next
I: SendPublicKey::next
I: MonitorObliviousTransfer::next
I: RecvEncryptedMessages::next
I: MonitorObliviousTransfer::next
I: DecryptChosenMessage::next
I: MonitorObliviousTransfer::next
I: ChooserDone::next
I: MonitorObliviousTransfer::next
I: MonitorObliviousTransfer::next
I: InitChooser::next
I: MonitorObliviousTransfer::next
I: RecvConstant::next
D: received message: a2c81bdff419fede5d558478bd532a11cc86a45a00bf6eed87a8af420c5cdd004c0e5f1db6d2a558bf9127f1ad845be354f5cd87f4e6d55592ae7caa3ec39410b378d03516bb516f7c24fd64745db7a7bd8528e073811d690eea56d0729cb68b0a5e17ba6032cad558f4b02f13c4976193b04097a70575b43da7760277513ee3ecfd7a15296cb5d9cb15ed8de578bcd22e3980d61ca5098efc43b791c1a688ced5379b92e072752abfbd640e3d5475326f5a5c63b4078397daae778754e72095f115a840b02934c0609b374af71fe2d1b05dcf1e692c983f400e0512ffbbfd5bd7e3c49e26940a0567693f2aabf3451a47d1d263dc7f235461da0abeb1a57ea26daa3bd88a48c005d5d633ad6d8582a5f0ffea13561f796ed0b1daa77c6e5d8997913034eb737ca4b79d94ebeb4db68f07a4a159bee57761d193781ef2c3dd86ae6db6a21c1d1cdf5b2aee5455bb136c01e75af5ae5864c4ce9bf67e8aeff4960a1ffc471cf2b8f93efcf0e6ef2124e990bbfed26d4e26884b58043e5169107f
I: MonitorObliviousTransfer::next
I: GeneratePublicKey::next
D:  sending message (size 0.000768 MB)
I: MonitorObliviousTransfer::next
I: SendPublicKey::next
I: MonitorObliviousTransfer::next
I: RecvEncryptedMessages::next
I: MonitorObliviousTransfer::next
I: DecryptChosenMessage::next
I: MonitorObliviousTransfer::next
I: ChooserDone::next
I: MonitorObliviousTransfer::next
I: MonitorObliviousTransfer::next
I: InitChooser::next
I: MonitorObliviousTransfer::next
I: RecvConstant::next
D: received message: 82e19fb5ed1fdf50eefa43b78249628f7f9f90c208a6a84593064bc933e14532288f1b360070614dc35812c789ec8498d14c9fcecaf6f90c70152c01ef643290dee5135ada32bd062232c8c82cb8672582bc8ef902bca2230dd86767d4235c9aafca92e44d75dc881428be220eabd9f40567d4d21153660fe8f40ec3f6aafa5c6bc8e23462fc3b199e5fdf0ed054f2aa5159b52f4fde46d312e13aa70a2446877d18f42a2fde380ff63bb34a0ac99ec2537cfba1a7f5f87f49613533bbaf3dd160fbb59ef2454d11d26225bb2deaeba9060e37093b883c128452b84dd85b0dca6e52d4fb40f6754fb17b726575c97ba64d65649f7a6e1369dd9155ef36b287637c05dc0ce6fff94edc265d5f4aa4f74053b393f3d1f94db31cf44ccb598bdd640ef8e17338238e2d8d1053b95d1234e63370bcb03fcbb7273602994dd219ca456926368e3e051fa8e8a64de449d035db20db39ada4f260c730984d6a86c4b43c157e04022e372d3f9cc96d02a4e1d6e397dcbf1b0cf92aa6a856cc71aaa4cdb6
I: MonitorObliviousTransfer::next
I: GeneratePublicKey::next
D:  sending message (size 0.000768 MB)
I: MonitorObliviousTransfer::next
I: SendPublicKey::next
I: MonitorObliviousTransfer::next
I: RecvEncryptedMessages::next
I: MonitorObliviousTransfer::next
I: DecryptChosenMessage::next
I: MonitorObliviousTransfer::next
I: ChooserDone::next
I: MonitorObliviousTransfer::next
I: MonitorObliviousTransfer::next
I: InitChooser::next
I: MonitorObliviousTransfer::next
I: RecvConstant::next
D: received message: dc5ab0ecc5708fb96ed8e9d324058e4717a540a075518e4212f9ac37e2bb74f46b50a3bec98e3ab7f93d6a308434e17952f8f998eebb8a6a828be3e5eeef0219e5954c475d94a468016b646289e0f93fc2ef180da771fe1d60133e88cc32f70a800374cf2ac7fb4890bf8f78202f6d37a255a5e45823b8201a9aa827ed96d40def20a3692dfb1c1aeb67955d6bfb45d401c3403e2c9a3ba360b299d55ae5ca5500e4bcb4d1dc70177ab277a2bc0469abd78820672f8dd57b60339f6b3b2a1f22fcc5dc03cb31975269dec76cd025b27336da094d9f192c687c46ce40d00b6d33c78e0fbfd741f5853bf076f2d6038e4687b1872407fd4d4b928732674980bb00ebabdd13f5c7430e04676bface487492652b7b1a25d8090c3c8b118ec7c83cd226c8c3c3abf799b39d8e784d70412111e6f66e5c61051d059a36018d8968d77493414f78770c511d238178ae35d4c25b6b731e66bbf92a1b3a306750d1ba6e74cbfc07e3ce2cdf6c21a3d85ea79f3a2b6a9998bc040ac4bea94a91ced449b5fe
I: MonitorObliviousTransfer::next
I: GeneratePublicKey::next
D:  sending message (size 0.000768 MB)
I: MonitorObliviousTransfer::next
I: SendPublicKey::next
I: MonitorObliviousTransfer::next
I: RecvEncryptedMessages::next
I: MonitorObliviousTransfer::next
I: DecryptChosenMessage::next
I: MonitorObliviousTransfer::next
I: ChooserDone::next
I: MonitorObliviousTransfer::next
I: MonitorObliviousTransfer::next
I: InitChooser::next
I: MonitorObliviousTransfer::next
I: RecvConstant::next
D: received message: fdc284ca80d153801f8866e46fc785287f3d3f289547bfa368f7c0f9e26b88b4a6992288c85804e1eb81986071847a8e4729648f54203b9915ed710e4bbd9d6dbdae675db80923d1b24f26db9167b14f5ab76802419e1329e6ca48826b45e7ff2ec14fe8640e7d6b34a513e20ba9d7cce6c80856f8fb7c8068d8314bcbb2ccb3ef066693ab624b7e6c8cc723b9c40aef8338386ea514dc7e49c1606bf34fb2553c5db0f6d6de116ac85a44aba93e32dfd38d0ec733f7c7ce438ffbcf1631b7c025b33c6510a99b0fc82b73a6308743733867e43ab00fd3ed68bdfa0515a2985c99b98021ea224335ff4cdfbcf46cf0e45bc0b79c5af28a1639a6e419d4c0c84be92bd562837929c977e5fbba9213ade6231d2083efc0bf87aab1a18d09518fd4c0acc877b8aea4c236046c83e39198e313ac7b2768c9fcda75268d7979bd20d9d205bd5a265b33a84bcf756f52ff275057ccb6faef401d7493f7bf0a2e586eaf26503a9be6bc6b2a7a945bb38d813083f3c7c219e214d87554d78215a8427d6
I: MonitorObliviousTransfer::next
I: GeneratePublicKey::next
D:  sending message (size 0.000768 MB)
I: MonitorObliviousTransfer::next
I: SendPublicKey::next
I: MonitorObliviousTransfer::next
I: RecvEncryptedMessages::next
I: MonitorObliviousTransfer::next
I: DecryptChosenMessage::next
I: MonitorObliviousTransfer::next
I: ChooserDone::next
I: MonitorObliviousTransfer::next
I: MonitorObliviousTransfer::next
I: InitChooser::next
I: MonitorObliviousTransfer::next
I: RecvConstant::next
D: received message: 972ffa9e2b57077992972c95257ed13613c80c8c95e5c1a66f156ab3ba00d8185ac1d739a7dbe5edffa01d1a402c6c694023ea6c9531506bee5ae5edd57d6b595653514dd713471b3eedd69ea6f49c2fcb7028ca5fbef90b2a17d4be18d652710185bdc4deab3fde06aad0274e024eb62f7d5c6dee8a6e9336e0f3ae85d5cbbbdab127c2e3c5400e07d17c7a3843d04e623b1c750d7804bd9c5ee2de5210b960e7b11073cdd9a26f71775e04ef17cdbf7751b1fb64c392a47b907779fc8a6c3b49195839b3f26aeb174a09703eedb3b4c4d8d9d3f4c5bf1dfbf20c0dd57583ff342308b96a6954d9b122ce251548477445fa72f211e56290b1a9b937a1efe06653416b36089eb275de989fba8bd8c1150d6d8705851fe820e60f529987c6a6c4eb659232a07fb6fbf9e4698d9821ae56f38bfadc353921bb083c37d445b4ecdc1b6c093bc6909380b00a6224875635a56c26c7103843886ba13daea03a8aaeb8c4777101715ac202fb14bf433e7d7a8319c598f7a64331c61a52cd38fa6884cd
I: MonitorObliviousTransfer::next
I: GeneratePublicKey::next
D:  sending message (size 0.000768 MB)
I: MonitorObliviousTransfer::next
I: SendPublicKey::next
I: MonitorObliviousTransfer::next
I: RecvEncryptedMessages::next
I: MonitorObliviousTransfer::next
I: DecryptChosenMessage::next
I: MonitorObliviousTransfer::next
I: ChooserDone::next
I: MonitorObliviousTransfer::next
I: MonitorObliviousTransfer::next
I: InitChooser::next
I: MonitorObliviousTransfer::next
I: RecvConstant::next
D: received message: c8c87e07765c4c1907ec68b0808607e0892219a6f19af3b3350036526a1f422384996b5b471b44ff8041341393b54ad8d408296e61e676ed14a3b94bfafab5a215cf080f1330db26ff721992664596f9f417f907d43e1a76f75030b9e31888e672a9bf200619a81d70e4dfdf2d29b4f15cbeed68f32ab1ab79f98e75f6f90e3df7c12ac110bec15ad62df3d9a3cf68774cb730b40e72dbf4814e542556c0b17436b621cf197272070671279f1a3410cc58bfb46b5f550123a6950377610ca6cea601b2261101f2093a715305bf2ee70a7022f4c4d14f625c5a80b3109ecbb3c77e9ffa5eb3c48600523ca4a67b0ebe913aa2da68ea1ad619dd673f7371714aba94220bad72376870cd6c1bd2090d960514592df251927bd8587e9e9f0ea7368417ae3e31ebcb744fad9b5a9482d0b3b6f9c68c0120e6c730cabdeb2925efc5a094c2be1ae5b52f4721679b816bceb0b0b5b30e5615b5c6f5dbb3da4588cfdb4fcae6eff77ac4453607624a857398f3af59cf7a7555c57b2e1142720fd0089198
I: MonitorObliviousTransfer::next
I: GeneratePublicKey::next
D:  sending message (size 0.000768 MB)
I: MonitorObliviousTransfer::next
I: SendPublicKey::next
I: MonitorObliviousTransfer::next
I: RecvEncryptedMessages::next
I: MonitorObliviousTransfer::next
I: DecryptChosenMessage::next
I: MonitorObliviousTransfer::next
I: ChooserDone::next
I: MonitorObliviousTransfer::next
I: MonitorObliviousTransfer::next
I: InitChooser::next
I: MonitorObliviousTransfer::next
I: RecvConstant::next
D: received message: 1a716940825c09549401c3c519910c96103676b8a08407953bff1c55801914752e6081c12d1b416725c1b7b0b4bca5bf58b6da252007d5c224be7a923fba37b9132a29707de6ed5f47cf8efe35c3be749f0926767ee9c8fca8a273e94e5b173aa77852e9ca6b7a5efa1124026aa003da7ccba3956e8e57403f68a3f379934f9c5636ff26a3f9b2b8c8ccc4a4e0439dbc87d3054bfd4597f79effb9e6d4fa00a98907c00c4fbea5a2b40a07e2161d76de3e7496da493bff56b9c49e8353bed1f03da07efba713717f8f92bcfbfc0ec8d35d9e58651cfd54f39db36375103061eafb3cd60b78b76f0652a0cc0bc35e0967b2ab0dc6a5aa84daa983ce09325032d0398ed2fb74be868ae96a473547e0113219721fc6c088d8cff547bb318cddc4e7c2095d4d10d16269a52d8632a0cc258c2b3700f66195ae6994e381df01a197c6c7116ca6d219bdb909f20927a675819431503c80aa911503bb9567f710614041f4d40b9e098c3d6ea0655ebb66e3c7733fbd3e75b5ca304a83480ae9a3a65b2c
I: MonitorObliviousTransfer::next
I: GeneratePublicKey::next
D:  sending message (size 0.000768 MB)
I: MonitorObliviousTransfer::next
I: SendPublicKey::next
I: MonitorObliviousTransfer::next
I: RecvEncryptedMessages::next
I: MonitorObliviousTransfer::next
I: DecryptChosenMessage::next
I: MonitorObliviousTransfer::next
I: ChooserDone::next
I: MonitorObliviousTransfer::next
I: MonitorObliviousTransfer::next
I: InitChooser::next
I: MonitorObliviousTransfer::next
I: RecvConstant::next
D: received message: d1ff546cd0bca5d3e925318ef29a3120dc32d8e173cde2e1b0cdccde7d52ae749b8a193b7e10b06b4a39403e97fd40e7efc3780b2c39f93ff8b6466c9594101c517602cfb115e0144c453c7cc9bccd379acdd5f0379a29cd16c5bea166edea8fabe7f43c73f93786cb5e6ed14d6f1753ec9249262e85b53318b8c5a4c66a7a38c41a225c42a69a5188c6483fbaa1c540a6b9e44e2419d86ecf4aae6de80862e17765a8401290fce9714886461a68b59c1d64bc3e965e70feca2a7af273b2ff0d642a2eb1b8e959c7c60920006dbbefb7b28e4ef080f8e0bfe44ea2302c99f9f774c3097fb5d0b67c8cba162922470c3388cfa99b91174a8f6c718a6111e999b5402e77e0501652823b4f838b5a4af31318801ec005c6147534b248d238ebe3a5548a9bc7a98ea49f71c05e34021e7febf7afca0489c280f6caaf9d6c6a448fc352fdb687a3442be12e51f0649e496290e23e25ab877c0f9bef8ef11c69c6a40fe5e1aeba4e0c5134acef8900d13b862f1ea11a24d88fc7b6c3e7aa1eadf5f7
I: MonitorObliviousTransfer::next
I: GeneratePublicKey::next
D:  sending message (size 0.000768 MB)
I: MonitorObliviousTransfer::next
I: SendPublicKey::next
I: MonitorObliviousTransfer::next
I: RecvEncryptedMessages::next
I: MonitorObliviousTransfer::next
I: DecryptChosenMessage::next
I: MonitorObliviousTransfer::next
I: ChooserDone::next
I: MonitorObliviousTransfer::next
I: MonitorObliviousTransfer::next
I: InitChooser::next
I: MonitorObliviousTransfer::next
I: RecvConstant::next
D: received message: 8b48f21644410469139ed426ff7a672434eb117b0d57ea0267917736274115676dad3833cd63af48be866c527f20ecc367392677879c8101e7072afd17c5a648d9e157efe9bc34719ba12f9eca1821d04873fcb902bcd72617c328d1671bf1cdcf651ed4d61a081b58b36435b482a43256c15f789a47490d6b5b339305d8766549523aae3bc9d13e6375262ba09080b1f38dd0168a6910b1f29aa65eeb9b578f51da538cb23a4c36bd23ae8ff79368058ac73c099c562c02c28fca9d18f64e0a5603f89f452acf7df2299ba07b15e4e03bae64f2ca524b939597992256bc4b796b4a1ce490a1234bbbb7b809dbeaad27e5840c3d22316ff5390d076db360568c06853264a4dddc9c101b12efd8656e2ae4bb914e91365a63097e7f9f91b6408a5942a2d2c9e04b7c122407820682b4f2ce3f184f512d8f4e75c675949730900b162b3652dc0dc7b843d88f4b48c540ee4a12630abc2b45ee9dea78ca2f79c7fe72a8bbf79adfb8b5f1bb414df2d2ec01f8a57e08222db31a6b45683fca2652ee
I: MonitorObliviousTransfer::next
I: GeneratePublicKey::next
D:  sending message (size 0.000768 MB)
I: MonitorObliviousTransfer::next
I: SendPublicKey::next
I: MonitorObliviousTransfer::next
I: RecvEncryptedMessages::next
I: MonitorObliviousTransfer::next
I: DecryptChosenMessage::next
I: MonitorObliviousTransfer::next
I: ChooserDone::next
I: MonitorObliviousTransfer::next
I: MonitorObliviousTransfer::next
I: InitChooser::next
I: MonitorObliviousTransfer::next
I: RecvConstant::next
D: received message: ce18991a8e262ec01075f93159d34e7e9bb4c2b701604a9eb536dee1cfb8bc0732df569603342c7e3d856327b3d2fa0ff540b8f71f2aff69e38de06a7d84e690d1909347acd9101ef62baf7877635f1c26f95eb7ab61e6447d020c0282d9613b5cc98976cd2f6e306cf37b822ab978defb5c456d0e876a9cb4b16a6f17a4bd3b984f2552485a1b76e94473b9e84060dd3863a1d43fd117d3d561a7f93f131961e9c5b48289c8725253679cb771d7872f0e5e0dce32ea648ad66886104cfe613fbbe3b1635f2958e5906a49db62486c79da70d3420f0b353e7324c49e4f8792f24727408143fd38fdb092949e726d1a696acea5aca5e616361a4449727c4f2cc267fc456e41593d8e14c153c6a19ccd8416e387e6e9551e092d3097188d82e43957230be2dcb7b813ecfa9c98688460d83862377ff7dffe65a7641926b1fd147d0536ecfe13f3b4cbea221aee5483de5fd30a51bacf105d025a3b03c6736d8616d15db6a63905a7157392dc174551da9433cbefca8c0b32325b1ba86a610f75c3
I: MonitorObliviousTransfer::next
I: GeneratePublicKey::next
D:  sending message (size 0.000768 MB)
I: MonitorObliviousTransfer::next
I: SendPublicKey::next
I: MonitorObliviousTransfer::next
I: RecvEncryptedMessages::next
I: MonitorObliviousTransfer::next
I: DecryptChosenMessage::next
I: MonitorObliviousTransfer::next
I: ChooserDone::next
I: MonitorObliviousTransfer::next
I: MonitorObliviousTransfer::next
I: InitChooser::next
I: MonitorObliviousTransfer::next
I: RecvConstant::next
D: received message: 6f95164de8fe7315efe41e188c40315c1eff889c476097331933542484836055156b8ce111c29a2f26d8b365457a5fb09eae1304bcb5683994709f68fb3f36f4ead28c737f472f99f61135381b96bef109595c970b04dec9d0aaae4a98374b36c4bde670fa633217388da6da332a2c97ddda5616ddb3a95352955854211d2b3b4ee44b1c86573edff589b92be9942e60e2fdd2a6bbcdf96b46f136e29935545651dae2cac8a1ad441f67ac3a8b7f8f40cefa8ef719441249baac252ceb8141174d257f62ac9a30627a9ecd8cd10c0ce689477d9ac5b7e30cbfa7f866bbb7854e06728d3cd706f5a643fa38800e03bb92e597c58b907b345099580e1908ad84e7c9753d791679aab9d887336a8a7cd88e3cb6d736a4984ee5aee44df6023a49f8d186891d0343e3f3cdd3fcd3a47d98fab52d573297bbbdade83325d5ddc42fd74e03dd2e221e2302d34068f5df4589da17b2dbfb5b6d2f787c11ec33d0a0b382991d9e63b124b999d7ff0347772afa0ac557b773e8dd4e1d2a6d00ba9fbccad6
I: MonitorObliviousTransfer::next
I: GeneratePublicKey::next
D:  sending message (size 0.000768 MB)
I: MonitorObliviousTransfer::next
I: SendPublicKey::next
I: MonitorObliviousTransfer::next
I: RecvEncryptedMessages::next
I: MonitorObliviousTransfer::next
I: DecryptChosenMessage::next
I: MonitorObliviousTransfer::next
I: ChooserDone::next
I: MonitorObliviousTransfer::next
I: MonitorObliviousTransfer::next
I: InitChooser::next
I: MonitorObliviousTransfer::next
I: RecvConstant::next
D: received message: 8c9fc7e869b68454e7b4996f630d887e491ba395825c0afbef25cc2f6ba6ef2f6b7d0f678c00f60cf9bd533f2b477d84d806dc92f7ffdf459c4b8441d1c71bc897a95b0eeec6b3779c2c8a7676cb950443abdffdf438a8ad4ce9ced950253d9979b85723b6cc634e37994b7a3bc6372e258d51008adea48e32c012753ac770f9561150ec29a597bfc3d233730ecba287a790ed7ed56a2b0eb14c427bd43296b2e62a3aa232f75d79f42159498ae7b5c51e61f6acb3f7a99d24b75afc6f4d7cdbd5adce824fb0843e5ba56aa64574c13aa3885cebc4443e625351244a349385167c2e42045e2d79c0bc3cb2d1cb86d217808cbe6088443bcd658c12550a3ddce3dc0ea805b3b8c88110bb0f7763cdaf26cc945a6323ca6829a0cb2b406ae4e4d6688ba2abc86a2ceaca8455b36594023babf496a1c122372d55ce2adb38b469d07bd92b1a8a14838470a0cc6cff614f584ce5c01521ab126ca014a097ed86831c94411d18081dbd5d473c88ef6bcca1f5a0d21977bc017e806c265626d0ca19ea
I: MonitorObliviousTransfer::next
I: GeneratePublicKey::next
D:  sending message (size 0.000768 MB)
I: MonitorObliviousTransfer::next
I: SendPublicKey::next
I: MonitorObliviousTransfer::next
I: RecvEncryptedMessages::next
I: MonitorObliviousTransfer::next
I: DecryptChosenMessage::next
I: MonitorObliviousTransfer::next
I: ChooserDone::next
I: MonitorObliviousTransfer::next
I: MonitorObliviousTransfer::next
I: InitChooser::next
I: MonitorObliviousTransfer::next
I: RecvConstant::next
D: received message: 3b59bb7725c2c887f521a11b8424c7a6a0029f7616c86165acdfc5e8034d4749b0f4d008c569c3c588b94d12440ff93425d22220a49fe40225f15e13fdcd34653b86eb321c40f7160872e57c9cf90a2d08eeb2e3defb6ab1f8061e8e31fb7b3a69360a82751619a055c327528c7f4b03392f9dac7632063ecdbf8d5d7e24d06566eace5c39836d44335087a019c3cf72882085fae4a6ad3e29dd07e5647a2c8c254dd3b91db7439aa68c07c2712f7364a77055f95d78733215c636689e758a3a9a19cdba769e6a368545cb55be9a234306561c872cf24082d542fc4a2aac398f5b31aa3d8f6f6d5e1b109a7dfa8bd62bc90350097e5ed2c4303cc02be7dbffbaf193fe6a2471720c150c86ae2c59ccca7e42b209168886ec8e7110b07f3c2305d817a8cdeb8b8cd53e25e2963a4c3e880b44625053d0450caf5b383e0eb333a13b65b43035dce0db2c8675700009ed9ba98a860c2645dd8d884d2ee35a7996cc9061cc1691645c84fde76b6f92c4e6902255459e07f6ef0c82b6cb1b9d3fc369
I: MonitorObliviousTransfer::next
I: GeneratePublicKey::next
D:  sending message (size 0.000768 MB)
I: MonitorObliviousTransfer::next
I: SendPublicKey::next
I: MonitorObliviousTransfer::next
I: RecvEncryptedMessages::next
I: MonitorObliviousTransfer::next
I: DecryptChosenMessage::next
I: MonitorObliviousTransfer::next
I: ChooserDone::next
I: MonitorObliviousTransfer::next
I: MonitorObliviousTransfer::next
I: InitChooser::next
I: MonitorObliviousTransfer::next
I: RecvConstant::next
D: received message: 27935cbbb0cb7f752b0f0d17f9e327ee00c3b0ca5fe19ad0b26b6fb0588e64ed26b76b3e12c9adfbe61813aec5f6fa5203969c079881b5cf0a05e0d0cb2e922e63aaf20acffb5eb3e257a990cb6908d22467d2ac26f3d5010af85dac307f54e13e87d6dc10b5f87d08c362b42abd1e1a47aab5571796146e284fbd98be93a36cd63c0e8493801f3d74bd270eac986baa317d492e60ce34cf6028d05481b14016cd195b0e1304b0867e9e721b42917f554f12f569a779f619760fc91fcdf676b73979290a691df566437c088cec07b276b104cb328bf4eb1d005e53824376bc1d3856b38dd79e8cf1595afc7bb6b3ed164d3314a083648eb0b8fea8054d7a47ae78489360431764500664e1745a5d651db8c6be14298a635ee9bc2ea2262fe4eb1bb8fcf01185facd5c8bed7621c41f6e53e2eecca992686cf2871a0009a4d7728991913beebbb7274ec846c7020256bca422962534db46aec43281e2e34db64b2073e0ab2540e1d12a4e9e5eafc38f1450afaa1aeb772b74bc4adce8e990ad32
I: MonitorObliviousTransfer::next
I: GeneratePublicKey::next
D:  sending message (size 0.000768 MB)
I: MonitorObliviousTransfer::next
I: SendPublicKey::next
I: MonitorObliviousTransfer::next
I: RecvEncryptedMessages::next
I: MonitorObliviousTransfer::next
I: DecryptChosenMessage::next
I: MonitorObliviousTransfer::next
I: ChooserDone::next
I: MonitorObliviousTransfer::next
I: MonitorObliviousTransfer::next
I: InitChooser::next
I: MonitorObliviousTransfer::next
I: RecvConstant::next
D: received message: 1a994196275986e0053636e24a7f8c25bbdadbba66d765cea89536e3f8d0323630a7e4d5f397dd07c4fbbde90649ddfdea03a0c62464dfa3bc22373f34ee5411b806e1471c442e5488143f5ea56ba9a86421191367aefef658749d2cfd6d7e8b4dd7954e489f6ec9928d6d398c15c25c2c3ffbea1833e68a70d21204eb823af0d4fedc39b8cfe7b210598351440dbcc036479f895a7db1a3150da6fbf3e298d66f6d85e60e81669866bd6cdc71b41072487cb82be04f8ece1d1766b8e9fedc33f2913ac9567809a8ac0a38137f40faa87b7a6b2746565ee9fd052599eee1d1af7092ba6af8da77c8a5070fbd34722c8993298cc4e9de53fb158aca3ac769862cadea3a359e2660e015084fa060d9def62f2f1154b3dd5ccd677c1660d3002c4dc5fbb639820d50a44cfde07040fb807bdf2698420ad6b69abe723215df8dd93c0dad230b0a20be90e9d35e2fad8f5f9e4d585ae8295a90fd098bcf02bf484d6e696bc9d33901b914ed603fa072e4c1ae359569dddd7f74c1c983fa63aada60af
I: MonitorObliviousTransfer::next
I: GeneratePublicKey::next
D:  sending message (size 0.000768 MB)
I: MonitorObliviousTransfer::next
I: SendPublicKey::next
I: MonitorObliviousTransfer::next
I: RecvEncryptedMessages::next
I: MonitorObliviousTransfer::next
I: DecryptChosenMessage::next
I: MonitorObliviousTransfer::next
I: ChooserDone::next
I: MonitorObliviousTransfer::next
I: MonitorObliviousTransfer::next
I: InitChooser::next
I: MonitorObliviousTransfer::next
I: RecvConstant::next
D: received message: 63ae03c15f65cba8c91e82b397a4778d6854b02bccd68bd042aba13d94c2838fc4702b59d3691fbbccbb64cb85ffb0b5da8160427b10e41b46889237bfba1a26c9c1d34034ccf37122a7efbcc6df8f288d65347b63165fa862b72640ddd25f5021705e19b15fb95c5222c7751b3e6ffe7ea9cbc6a281748a1e84460f5bbb5f553b077f245486ff85ac65b8ce15be5fbc0091f389b0ba85990d60bec0edd2f0e7140040fc81d260396ed25a4ec14a67272cca3d6435c98a231f6957c938409617d82dc161db463f79524778af0b5ebcf0347e5ff34c86c377037ae680a927b71b8320aad9e7b3991edb753f7d5165be0351dc1ef53c774a4b52e845d1f2f1b165fe33b2460ec1a9c26c5a104264b731213d43fbb1682f493c0e1975af1a1b1b1166c45ed1e60f8de08bab3131239d1fbe494f377f35c72a3427ddf13f72e57ba385971234effc17e241453e068d8e6c2f5cc7d684b9290ce6b7c21792de674187024403bd9dcbff52d1716d18d2447288341250390c9a59d878994d1c9628e13d
I: MonitorObliviousTransfer::next
I: GeneratePublicKey::next
D:  sending message (size 0.000768 MB)
I: MonitorObliviousTransfer::next
I: SendPublicKey::next
I: MonitorObliviousTransfer::next
I: RecvEncryptedMessages::next
I: MonitorObliviousTransfer::next
I: DecryptChosenMessage::next
I: MonitorObliviousTransfer::next
I: ChooserDone::next
I: MonitorObliviousTransfer::next
I: MonitorObliviousTransfer::next
I: InitChooser::next
I: MonitorObliviousTransfer::next
I: RecvConstant::next
D: received message: b24a860c14f50fdc2aac933bf640e08a3e24d735db62b710055169e64cb9c822877719ae45d73fc73dac85694217692884fd7d5f8d7a12af74d233990f296db53ee5cbc07eb9f31dc20207bba10f7b20715d1b83e6274b9500298efa117875c49a897f128eaffc48c10105f6b3bb370f5f00cd91bdd7c3a1d0002a92ce25094632aa1b3d02293fa0374718045f679d82ca18795d231b979a5ad6de4df7d967d318ee5e7226ff8db991975d819f0f389d4b1ea75749b63ded8a36213a0c992b211d37f9a54aec33e6950e90692ed2a9aebbf7fba33192f261e603c9c4262cefb1a4870ea75d71c3e308877ac419e84d9d9ab7f8e53fa8fbb39a540354e10e62df98c03ab8e96f2d3488c86ae91262ca9a82da4815ec8fc083479689ca1fb7ccae4cc7aa8960dffcf1e816e65c04012454abd9229eae5d629b8273e5bfde56caad4c33d9d36aa9df279853c0feb3bd82bdcb068f5fa975dc1cbfeda9f24c62a68d75481f71592ce4961b3b1a94914d5ca1da55bb7d4e87ef4bf6fedcd3c2a68000
I: MonitorObliviousTransfer::next
I: GeneratePublicKey::next
D:  sending message (size 0.000768 MB)
I: MonitorObliviousTransfer::next
I: SendPublicKey::next
I: MonitorObliviousTransfer::next
I: RecvEncryptedMessages::next
I: MonitorObliviousTransfer::next
I: DecryptChosenMessage::next
I: MonitorObliviousTransfer::next
I: ChooserDone::next
I: MonitorObliviousTransfer::next
I: MonitorObliviousTransfer::next
I: InitChooser::next
I: MonitorObliviousTransfer::next
I: RecvConstant::next
D: received message: fe7a10fe60e19ee346730798b89b98aa33c55ebabc9bf122a3cbc7d190f37a1bf9cdfcb8f7fa7cb3bd505e7a13507300b599a3d4c4c89528c8b047b5fd30ea849f475a621c4eeb2e0c8f86824ef3b9132fbb2e8346c2c8aaabcf28be5864c8386c2389daa6a70c4de3de859aadfc32672832d1c7bd35d7c9ffde91e313f402735f8d24bc26a6c70950be773628d66b1f323bc6b15a25f2b59f105bd1bab3a45a5b96577efece42a6144138439caa2ef0cb6c7cb10f1ffd32be3d648ef09e77ee1ea6355ed21b31600568c048d86bf6fca09f57a0b1a20839eb578d19155957be0e62ad96c55439f7e3f82b7660194b4673bffc48fbfc118a851f82c6ae3ad602bf8c1e72d654a9aa3c181b1cc0bc2af4b3efcdfd9634507bb1fb68a7f4f98b68dcb6c13a662ac30c436f379ce074bee6bc65f85d9524dce2fd12152c3af453b2a95ec1f6d40dfac3a87e3156f52a38c1370209ab61f14ce1e6ed64b666b953b098cc6423e30a01b58567bd3eec7a4b430e6af0410d21f883d93d8ce537f26f43
I: MonitorObliviousTransfer::next
I: GeneratePublicKey::next
D:  sending message (size 0.000768 MB)
I: MonitorObliviousTransfer::next
I: SendPublicKey::next
I: MonitorObliviousTransfer::next
I: RecvEncryptedMessages::next
I: MonitorObliviousTransfer::next
I: DecryptChosenMessage::next
I: MonitorObliviousTransfer::next
I: ChooserDone::next
I: MonitorObliviousTransfer::next
I: MonitorObliviousTransfer::next
I: InitChooser::next
I: MonitorObliviousTransfer::next
I: RecvConstant::next
D: received message: d3209ad7d1a27a625628ba4c4e0a9a4843617fb6d6550d3600c899a6bc306b0bfc499c1d16bf1d27eb0a8012fb824414333f07b8af329c7627182867b526506c5182b32102a3b3690f08dfe56c8f2db2bfd9e56a9808cdd5de94a5428eea8e5e9c6677583797ebc514041c2e014811825e387facb227fd9827ef758ea660ebd9e3a1f3bbf62c4ec49d478fd27356a9ef4584f1199bdfbd433d50a51cb04fd63bc191034ae9be897ec592e28a4861e43fd04d1bf0f402c025d2da6c4ad1100bed5fcf17fb6974f6b718fe2d06f0447d26f5fe4eff5359206cde32a2579a364c97df7dbf6e9058b854bd258d5f4e2ccb67671a1cbb3f45fd259f3151f733678d6cd88f602ba2a2fe005b8b1dcb578dc5c96dffe71aa73845e90a4c310a7b5b195b1c8f60d971a347e4d32c05e3caec91e2e9228e444ef959d1eb33028014c8dc12e8d1c1b94dbfad4b68c629579b79e69512d1e9b584bb190e9c572a3f937f9cca8c0f4909e9426917751ab08b68a6104b699b53f73e80294d364ec0d368cda7a1
I: MonitorObliviousTransfer::next
I: GeneratePublicKey::next
D:  sending message (size 0.000768 MB)
I: MonitorObliviousTransfer::next
I: SendPublicKey::next
I: MonitorObliviousTransfer::next
I: RecvEncryptedMessages::next
I: MonitorObliviousTransfer::next
I: DecryptChosenMessage::next
I: MonitorObliviousTransfer::next
I: ChooserDone::next
I: MonitorObliviousTransfer::next
I: MonitorObliviousTransfer::next
I: InitChooser::next
I: MonitorObliviousTransfer::next
I: RecvConstant::next
D: received message: 4ed8d8cf2c0086ab0ad15dd5a8ea0f8fe84407f9fdb10306e1ee5a9207aa40999f0333376ad747ebc6d32958532a7ff8d496da8e2f12fee39d0ad9f6095978a7937f87b429dccd0e89a34521d0a76513d0fe8f6cce248a62b7131233455e09a8c4b062d170deefb4bd878aa82cd1766f49b4d5f7ff4f3bebc7cae191c6ec126cf6cc80049234c971a3d8170cab75d6154eb27023cf613cdf48fffc6192b93843395e0fec64fbfd21bbc221dc6ba88309751414da50bed24432d55a0ced94f11ce4c67a16b354e073eaec1a4c9085e3ebbdefbaf7bd6816f82f27d337c8b99d66cb5c609703ccd82d365862770f4dd7c4df33d547994382ff235db157e67c65455ea7fab1944fff7dbb380eb74c6855969c16bdaa4afd293a5760e46c700fa21fe34c3025e4fb9b11c74c2ec641fdd0f9d3d8edd2ae4d62d75fea2c4eaa931c4b0f5fb6900c018cb914e7937a423a785839bf2afed1521be701721c7e4c09be203378d452f568db44b5dcc461cb18c8ba4c907727dd4575c611ab6453499171bf
I: MonitorObliviousTransfer::next
I: GeneratePublicKey::next
D:  sending message (size 0.000768 MB)
I: MonitorObliviousTransfer::next
I: SendPublicKey::next
I: MonitorObliviousTransfer::next
I: RecvEncryptedMessages::next
I: MonitorObliviousTransfer::next
I: DecryptChosenMessage::next
I: MonitorObliviousTransfer::next
I: ChooserDone::next
I: MonitorObliviousTransfer::next
I: MonitorObliviousTransfer::next
I: InitChooser::next
I: MonitorObliviousTransfer::next
I: RecvConstant::next
D: received message: 1127fe53d680d871efa5ecba4a3abd7f5bd103cbe080a1fcf9596bdd5948ed72e6d7e82c4e1bc9fa6a10559b9c54b821368f3b97da5216037486c7b14fcfa981809d2e531d224a6bfefca0925fcb386a694b27bf61c0990cf05f216cf24193ca32b872a52647872d9fe68b5285e057f8c598009d638699f71411a6aaaed63b7aef5312e4a957ce70f912a4e64b9619f7711d62903fb612d00b2f1693795081f93369fe9e0c51fe63d1fa3b64866deb3f212306474beb64bbfe531be357da81834785ac479b6d6b296b0ef05b04424cc2922a4a4a58ea5e81cc57df1d4641a4d663d7a651a427381b7cf990cf429d81426eff3c711154480b57005aa21c8f9017eab370e4ca05977bba5901f882f7b055e4ca4c9c099fce844b507056817892d39ac098c2d11939e082d40eda6a4f4ef857a06d19a927557df1ddc2d9e2363148b81304eda01ad82f514c263a811af6c50dbcc43a22b9939c615764712e89bcb10aca0a0212c005be6a5b461d57269ea7f32bdf598db6916419399759100d68f5
I: MonitorObliviousTransfer::next
I: GeneratePublicKey::next
D:  sending message (size 0.000768 MB)
I: MonitorObliviousTransfer::next
I: SendPublicKey::next
I: MonitorObliviousTransfer::next
I: RecvEncryptedMessages::next
I: MonitorObliviousTransfer::next
I: DecryptChosenMessage::next
I: MonitorObliviousTransfer::next
I: ChooserDone::next
I: MonitorObliviousTransfer::next
I: MonitorObliviousTransfer::next
I: InitChooser::next
I: MonitorObliviousTransfer::next
I: RecvConstant::next
D: received message: 16b78ee687a54c42b3bd4b27413f151a43c05afbed3993f52edc4533173ff9f183ec89b12a5bd0571e85243e07621008f8f37d758da27b44d25630a7d365aabf950bd4541d3cbaf6b98522517320cd52d78859c2d056b8340de865eb1a9c803cbfc2f1e45f50bf793e0a9d1857dd08dc5d9dfb811a785bc0c564d017ceea15f68568826fdc7594ee73a304eac8c360abc79b68b44bf4bcd83d2336d31dd9232f71f9e78048f9e66cab13a8c191ae6efbcb1e347899213da7ad3aeba0f9617be80b5b663541df94f7358f569804819c322dc89bb76a80a6cade2728ae2843608572e9eca7bdac81876b7e2c51a6303a46fd61e53ab7668a52fdfad10e23059084b78c6426a3413cec0f2e06e3021ea558e2e1a2e3a8958745558ae548639d804ce23b6f513a3b636c3e3459579b05cb3bc3e7cd1a39021d38f83e853b672701383a3fda0425c68f8c64931bf56713fb10c02642cf47def32529f42e1275b233ae063ab0b9c93f509d23167579f4a10f1040627c364b0594d0cc3d3fe9e71b428d
I: MonitorObliviousTransfer::next
I: GeneratePublicKey::next
D:  sending message (size 0.000768 MB)
I: MonitorObliviousTransfer::next
I: SendPublicKey::next
I: MonitorObliviousTransfer::next
I: RecvEncryptedMessages::next
I: MonitorObliviousTransfer::next
I: DecryptChosenMessage::next
I: MonitorObliviousTransfer::next
I: ChooserDone::next
I: MonitorObliviousTransfer::next
I: MonitorObliviousTransfer::next
I: InitChooser::next
I: MonitorObliviousTransfer::next
I: RecvConstant::next
D: received message: 31c0fdeeff2ab25ec6c77b2da716834cbafd7db18b61d20e79539b8515fc2ade333908b2b6a21671f9bc80cce5da2acd8c0457c8efd43e6d3a0e31a284e96aaf33eae1203de89bc0ba7964d06368d2681a45380800624cdfaa6f526de493d7027975b472ee1910dd9d9f8013a6e152a0d7ac40d26ee054a7195087731c303f6755eb2b3e6c30c042fdaebd6c7ce7d64f8e6d32a8c2a1e18fd5c53ef2182d795eecd0ea82ba80719f6a8029578697018642875f80963880df8633b8efa807c85a285fa101b184bc3a67c4ee1403c9be627a334403bc4e0bd0d8dbc08c129bfea6df4e182167503ffc2be0cfeef7046a434d88b65cc3c602518d94a57e6bfb93578e1fe7161139b41219cd6b9552da70ed98079347f6b544a3e6988f7596cf39cb2eee2ec48c0914a957e0b6dcc7cd60920fe503d8fb27a1e88aa8d46712fc0c5b96b01ce37b2ef192983887b489208b1d105f1622a4edc468a8a2ee533d8fc274583996eea9a24b01b5ff8e7e6bbc784500467c82c71be2785ec38ab8d015c6db
I: MonitorObliviousTransfer::next
I: GeneratePublicKey::next
D:  sending message (size 0.000768 MB)
I: MonitorObliviousTransfer::next
I: SendPublicKey::next
I: MonitorObliviousTransfer::next
I: RecvEncryptedMessages::next
I: MonitorObliviousTransfer::next
I: DecryptChosenMessage::next
I: MonitorObliviousTransfer::next
I: ChooserDone::next
I: MonitorObliviousTransfer::next
I: MonitorObliviousTransfer::next
I: InitChooser::next
I: MonitorObliviousTransfer::next
I: RecvConstant::next
D: received message: af19050dc7ab6e5d02333a683a072c0805555b5b0bd47c7c786d775bd123b946bc55f6b9ac9beac0b596caa1f7e05043c434f80860f54b96eb52b019245371cb6c15a570408cb920b38cd861d8f4a4d5d0574527d0b6c714aaa458dfe12bd701310db6a8eddf3558c3c315d660eb9476b515f956a6fc67347247fead9fcf4ac035e58aa7c8d05dd95ff0a08d004a7ed87b84e94aefdf740fea0bd7883a33ae09418a2b57baa9b3cc1b25e8e8b674eafb828b7301bb99c08b42a05ec11d0119af2ac88bd6086110408a3cefc3e7e7b88da66a154df89c8e1598dac2d6e1501298e519d3e88704cdecff75b670af06ec5e97915925ab809071455cc350f2d2f5be8c9bb13aefb55c646c491739b02264eeb25096fe7ca559142a27912400018a9b30cc3e51001908685f1a05252909b72d83b719bfda7104b810167929fa3cb72ce00c2f2e09a3735cb671fd7d6c210652800d022bb5fb5a3aa79247b8929da80fcd14970eeb500cec14fef5192d9fb7427100f4cd156f10e08ad90b50e090c264
I: MonitorObliviousTransfer::next
I: GeneratePublicKey::next
D:  sending message (size 0.000768 MB)
I: MonitorObliviousTransfer::next
I: SendPublicKey::next
I: MonitorObliviousTransfer::next
I: RecvEncryptedMessages::next
I: MonitorObliviousTransfer::next
I: DecryptChosenMessage::next
I: MonitorObliviousTransfer::next
I: ChooserDone::next
I: MonitorObliviousTransfer::next
I: MonitorObliviousTransfer::next
I: InitChooser::next
I: MonitorObliviousTransfer::next
I: RecvConstant::next
D: received message: 67b517dff3ceefffc168738af708fe072ca1ee3054f822bccef0f6be1388a0d7d64b4e96c7cbd6c52468cc4421c51845c8a245a62cbc36d809d557b6ff0d0b7991e77a49f64bcf6f49058882c5fdc08e29dfbb167a6ca549c375dd7de814a694ce54c4c33c95d14069e759665ce4757140eac30a8169229781fa79c735fe6b04e0618652332936d1e0bf35aa1a2e460e57e2eb3ccd8a5190b84f713f90c42204fc6821b9156d01e77374fa7dd70a5c83d23e505ce3fe38136e2c2f6592879df6a7965d8c49f24f31b9f3f3d5469802c95da133836cdaf092c3f4557c7823db68732630dc8c7c1245ac37ed290a30a083a881974b9b0afde9da659bf7e7db4f9af7b710b5570c0762cdc5d43a3ff66800613f1b2a57c667ae6a63b99be49250df066fa81380ec8d07ab5cbcd1bbd39341d687d060b87add2812850bbbab704f1e9f970b0c7621e1e4c4073fc1e3985871165c333c2b69895acf2982a8de9117a84623e3b5788baf15c7cfcc7e68bbb5225c29549b66250584b03eaac041e1c1fb
I: MonitorObliviousTransfer::next
I: GeneratePublicKey::next
D:  sending message (size 0.000768 MB)
I: MonitorObliviousTransfer::next
I: SendPublicKey::next
I: MonitorObliviousTransfer::next
I: RecvEncryptedMessages::next
I: MonitorObliviousTransfer::next
I: DecryptChosenMessage::next
I: MonitorObliviousTransfer::next
I: ChooserDone::next
I: MonitorObliviousTransfer::next
I: MonitorObliviousTransfer::next
I: InitChooser::next
I: MonitorObliviousTransfer::next
I: RecvConstant::next
D: received message: 6811f8bacde1389bb45d03dbbc90e69e984fc647ee7a665f4982113d1cf5d850e799bea863de0d1290351b370c507dfab5b2f9a3e9e3a2f8a3e6e68e985296beff3865ae87ed074b10bf5c1533d336574adc7f20812987f4d41af993ad5f871be84687b6ce1709c1fc36ca7564767a63e3b018396b13d59a82097a6be4ae7ec9105b3b891291195228de055b08dc543bd3e2a66456fa9d7d208c12890f0290daee969149d43da75763b1d162d6126442e3e5e53d1dbb8c870ba6d31d509345ab5439de18737725a5b4d5973b13f173779f1a7c9a34fbc16320ff86bfff44dd4c406793b6bc75477c2cc235c0c22fec9a50181a665d7327dcd40b5bf1f185ab4545e02f77146c6250bb2d7a5c6060071018877723ab86c661be3e4b4122d08bb7552943d916e057e61ef369d8a9f91d9904a7f4d399dd4cee5e3be4efe9820e8bfb8a5f22e6ed7182c0c777547b2d11bfbbfb6320efd2c9f0dd2af7da87260c7854f4bb0b54b6edf5756ebc35b3cc39a858d6f954631dffda7a39781cb458292b
I: MonitorObliviousTransfer::next
I: GeneratePublicKey::next
D:  sending message (size 0.000768 MB)
I: MonitorObliviousTransfer::next
I: SendPublicKey::next
I: MonitorObliviousTransfer::next
I: RecvEncryptedMessages::next
I: MonitorObliviousTransfer::next
I: DecryptChosenMessage::next
I: MonitorObliviousTransfer::next
I: ChooserDone::next
I: MonitorObliviousTransfer::next
I: MonitorObliviousTransfer::next
I: InitChooser::next
I: MonitorObliviousTransfer::next
I: RecvConstant::next
D: received message: 57f0a881a4de3b1afdb12970014b1edd2194af735dc1ee3618a8decbd9f877f4cfc5aacabf60ca30dc06fbbd7e5b4157846318a06f9f31deea560f1c3f99f1c214a9bd97fef08e661192c853fb3a9641ad4fed01384a352d5f88034a9d4ed1ec1a2140119ea1eb6d40c9067a6f5fd9e300aef7bca35f5a9bb6efd2647a06da1baeac38eeddef928097001c7617d50290f778283820f308b3a09ad3658b9a3a28c4f5eb4f5efcf0abdb819eafbe97f74b3fd8d299b9c2e0f1a12dec7a4b39ad9addf5effdafaa93dbc828798fc2e78d59da6e1632422db0ca29e02d5f0ba311b1284b74a5824de61a672e828a60397d9ba6fc445d686a2d8a6de5f936980101fa41f4be7ca868b324dc3b8467791a11c49c6bdd23fec570bf98d6548c594de6d4dea5dc20b4d3106ac0e0870245e08fa7e5d18b344b359fe87166f07c3960a32caffcc3a08744b691f6c2836448953a318ece520781a23c5896838b62ba4b1865f40aebf1bb6abc983116574c69c32e7b0c8780866a51795697a8ab773b3dc899
I: MonitorObliviousTransfer::next
I: GeneratePublicKey::next
D:  sending message (size 0.000768 MB)
I: MonitorObliviousTransfer::next
I: SendPublicKey::next
I: MonitorObliviousTransfer::next
I: RecvEncryptedMessages::next
I: MonitorObliviousTransfer::next
I: DecryptChosenMessage::next
I: MonitorObliviousTransfer::next
I: ChooserDone::next
I: MonitorObliviousTransfer::next
I: MonitorObliviousTransfer::next
I: InitChooser::next
I: MonitorObliviousTransfer::next
I: RecvConstant::next
D: received message: baae3fd2abe65f593459aced3de4ba8f3361548251da19b2c625d156c0a8e94326d52a9e1c0bcb8e2dfe04166021a1897e56bf090d5dc062cf2bd51ff5f4b04c009af8461a83e25b4e0ca61e117ca1c844bd1230b2ec833eb417e7e7a7de13f3d24848b066828bda5db92ddcb0e775f8e2efcb119c15d1583204c1e1f81fbf4f1f6e19f8f1ca344c3d3f54635355785a206e7a90203e96ae7dd8c0b4afa4c75964e8440fd5b9bb027596326a256e18a5e7931be29abcf397d96c3236dd1ba893185d331e8396de2e7b8add6aa0965274253a6bafc94de79ba41d171410db51b23f884f03207060095969ecbc0e96e0b61b8c02573a503faff454b97c5ff5233ed74f43f3d679579009289771e163614e7e83fae5885ba8730b0ad93702a33fabfbf7c52a68f705845f45ea8c2ceb8f93ba14b5008a6b00e9a97c8eb180a45ddd2ca1665df28e32415cc153805333f50f2bf51bc2157c92f2a1f45685954facf61b31c9ea070d1b9eb7d5b990a100de6c03c2fa1b1dd138798bae22f8af1ad7ab
I: MonitorObliviousTransfer::next
I: GeneratePublicKey::next
D:  sending message (size 0.000768 MB)
I: MonitorObliviousTransfer::next
I: SendPublicKey::next
I: MonitorObliviousTransfer::next
I: RecvEncryptedMessages::next
I: MonitorObliviousTransfer::next
I: DecryptChosenMessage::next
I: MonitorObliviousTransfer::next
I: ChooserDone::next
I: MonitorObliviousTransfer::next
I: MonitorObliviousTransfer::next
I: InitChooser::next
I: MonitorObliviousTransfer::next
I: RecvConstant::next
D: received message: 3bec9626f21b092f4ec6e17a30c61d431ab19966d4262e0290123f17fbc1e46cb0f654ea642285639e4e2c24c06c2d3f241e7f9d9cf1bfc7f7ba18d640d6f4458c1f1bd9b898f20aad8f0db76ce82485bea671dcaac0133bb0626544e1c9611ed5247ea3e52aea843290e7cea5776671ed98f0b1b62e50622558cf1486bfcc972c45ee1e987e4dc525fe4095ea0921184b0c65f3e6031953d453cd7ada2d43530436a623b016c90ade67648ae5c51fbafb016dcc7b42356caebb78d56a8a4287d31e744e88216ba22a2f41a9d81f6eb64ea02fcb48aacfa9059cf2355015bd4e8f09a8d9f6f77e9586d61b223fe6457f6848cac6d7d2b609622c949e08f7e9c89606907421f07a03efb086101953a6453d3ea73dd43b3d5e051ad7f9272fd404ad0e63a14ab9f92afebf2fa63ee1efad670dcf0f8e4e3e614d8d692857a5d60b893495aa2b10d82a1d4d1a3370728418e4b96551bec4b48695431d48ccb4a43632a6316d7ffcae564620f6ba44ab28a40f381149e649658e1c0f377c778b5cb2
I: MonitorObliviousTransfer::next
I: GeneratePublicKey::next
D:  sending message (size 0.000768 MB)
I: MonitorObliviousTransfer::next
I: SendPublicKey::next
I: MonitorObliviousTransfer::next
I: RecvEncryptedMessages::next
I: MonitorObliviousTransfer::next
I: DecryptChosenMessage::next
I: MonitorObliviousTransfer::next
I: ChooserDone::next
I: MonitorObliviousTransfer::next
I: MonitorObliviousTransfer::next
I: InitChooser::next
I: MonitorObliviousTransfer::next
I: RecvConstant::next
D: received message: 13f8e0f9f7689ca037ea6b342954e09a76ccdd604156a534c722c9a36a156fe94e4416af6524d8453004fc0811dac4511e0212d5951978eed4d5c4beac915f625297333d1df762291b4221856cdbae84b9c920a3df0d035bc448a98b80f136a83fb0b7c86695db4561f969427efd1f1a1e7e5303be820966f0ff1e9d396bcf09a01bb596313d41c304a5f697536354cf51101a89ab8cf325cf618e81c617f41faf8794b85573008cee0405f43582e74a2ec467388bffe40a39451c01a13f686d67f0d8c3ab0af85ef1816c98cc9959766aee8d042f65a1d7d3328490a3124051e9279d2985904893754d8f2119ff5fabf88f07d48049396479976dcbabcf7edd32c0e7824952591f08f9c32663e0cfd1254462308ecc55ccb67c0c0a422862f19427e477de86db3fddb02e436fcb854ce11988aaa648a38fa1b5e9b43518f99e74754fcb8538a6b025a1bda42c9e22b72b69517dfefd1edd6e3d91596fed04361e145b55fe5356fd0ddc896395b24d2b4c7a9aa0cf2dd0f45889c0c5fd61b1ac
I: MonitorObliviousTransfer::next
I: GeneratePublicKey::next
D:  sending message (size 0.000768 MB)
I: MonitorObliviousTransfer::next
I: SendPublicKey::next
I: MonitorObliviousTransfer::next
I: RecvEncryptedMessages::next
I: MonitorObliviousTransfer::next
I: DecryptChosenMessage::next
I: MonitorObliviousTransfer::next
I: ChooserDone::next
I: MonitorObliviousTransfer::next
I: MonitorObliviousTransfer::next
I: InitChooser::next
I: MonitorObliviousTransfer::next
I: RecvConstant::next
D: received message: 75be4a861331c150c6e5c1384cc5698e19407f603f5ec9f0d15f3c2afe2cfab13c5514d9f28ff3cbbcb89f295b8eef5fbc0f280f924af4e3ff5906360e1e6b293db0a933dc2074ff7d4ac86d59b18d29969b2018278eefdea278d14a96cb23029eb27f534ba8e9ebeece0466178d097627004dd516f74dd10ef04deec50a6c986afe52db6a4227adccb70bd7b4896dce2da04ffcd8a3d4892f059b42eb8aa53f6c703dbd8914472042e17ec98553e05c13c53c61932efee37e9eee72d082c1e208ebd63b187564b12b4d373f828441dcaf0528479d1f27dc78203dedd8c3f50c71038608c33bc367ee40b929c47caaac0ae08a5a04e4415c002dc079de415946b7e590280e1e7f3661c10e51a4afa4e97847719e80767d9a391d3cb3db73bdfa2d1d0d77d0f7560e8df5c0791f6a215da59e208e5f44f60179c2300a37f8827a3f47b12df7e3bf296db399bec7f05d67d2e5ebe8e6e94acdba0133bbaab94d487b3ea65b816deeeef6f9f60f74a4f11f6e2f130a176c864312d6470502a19933
I: MonitorObliviousTransfer::next
I: GeneratePublicKey::next
D:  sending message (size 0.000768 MB)
I: MonitorObliviousTransfer::next
I: SendPublicKey::next
I: MonitorObliviousTransfer::next
I: RecvEncryptedMessages::next
I: MonitorObliviousTransfer::next
I: DecryptChosenMessage::next
I: MonitorObliviousTransfer::next
I: ChooserDone::next
I: MonitorObliviousTransfer::next
I: MonitorObliviousTransfer::next
I: InitChooser::next
I: MonitorObliviousTransfer::next
I: RecvConstant::next
D: received message: 72a79064073a46d96a27afcdfe344e793e2b5da7091c3f65329ce5f77d91fdddd32974a65ea47a82f18af8e31224f0f774faa78843b3b9d8aeae170f2be5c9bc8522a9fcb2a07d9ec423a93a6bff39b9e48a3e6322802b9b5d3c5ef093b262144aa3f85201b797795c2671c8a49d27450995ca08b112ea9bfbc1b4aff8a9d49fbc27f7de51a0410eb98c05e2587048395e62fb22b635e6fb8034c8397be6e9257357d65903d77633de085cb90b9368a960655a3873652d1b932628cfaafac9bcebbc6373e66d21c4bcc10339c0f50cc6dfc8afb6f727b8e51ae4f7e6a174297c661752f6a28ba3359f357f4ea328324e662779c0959eb2e8a195599edca541593e2b995cce943372eeb0e1c246f2ef9c4442e97a1c61043d9620a3611843fb344dd6e87daf4e1c0aa4c7d0c317dc67d88d8f9071020929a7ef20ff0ee755526ebba89359fdcd49ded9670a05f98da306e2c86d7fc6885541f66a88fb92b45c88f4c4619ffc95998651889da21b6037e8de23408ff9230a882c7bc7e159bce42a
I: MonitorObliviousTransfer::next
I: GeneratePublicKey::next
D:  sending message (size 0.000768 MB)
I: MonitorObliviousTransfer::next
I: SendPublicKey::next
I: MonitorObliviousTransfer::next
I: RecvEncryptedMessages::next
I: MonitorObliviousTransfer::next
I: DecryptChosenMessage::next
I: MonitorObliviousTransfer::next
I: ChooserDone::next
I: MonitorObliviousTransfer::next
I: MonitorObliviousTransfer::next
I: InitChooser::next
I: MonitorObliviousTransfer::next
I: RecvConstant::next
D: received message: 59eb7be18b468faa9b52d88d42136619bf0d4be63b099896e30756c3f159a5ccbc0c6c2107810ebf7a3af28364bf89189143f82b6f11c72c81ca283617bb26a1901a9191ecc6d8fa8f3bdcb9a5b2d4fd6099bd86ae6e1f8233db8466b651a74c095d7bd56496b109ee9f9c08181736a17a764f8335460be9854b32108250ff931b8f6583dd8910cf1ef40ae3b6c58c44f5c8c3bd220af7600779ae78858e9a92c5eeac22b539845d174b3156dd5d0d9e696c2b5a5416462d17da1152870cd42500d424d17683e72a3f656a94a8d92b8a9bc8a275134dbf0ef7b606028b426dffcd13855001b19c3fb4b338b51062053bd680f189e907bdf6d5551f8c4bde5366d2b745d8d1b561f609068645d1357450b40481ea3b2a1c432af2e2f77f25761f7a2d8affd5cd9fb5f5963ea14424b8a14917b1940c77fb74e54ebd1d40399c3b5953a8513e0f28c97ac84503348b9c5adc0891ed8d46f96fb41c9aa3acf816a93d80eeec098b84db0e5abbdb0cb26b074d596be775888daac32a781f19c1dc2d
I: MonitorObliviousTransfer::next
I: GeneratePublicKey::next
D:  sending message (size 0.000766 MB)
I: MonitorObliviousTransfer::next
I: SendPublicKey::next
I: MonitorObliviousTransfer::next
I: RecvEncryptedMessages::next
I: MonitorObliviousTransfer::next
I: DecryptChosenMessage::next
I: MonitorObliviousTransfer::next
I: ChooserDone::next
I: MonitorObliviousTransfer::next
I: MonitorObliviousTransfer::next
I: InitChooser::next
I: MonitorObliviousTransfer::next
I: RecvConstant::next
D: received message: 76b5431f6fc04165108590709d87f2ab463aefc42ab442a1dae4198ce71f76da163552e7bf84eff8ed430d10b60a84df14cea13a54db6f63f2ec56043e15ab14c9c88908f415ab78d5f614cc44b2378cd0e3daf4661e96cf3d2a7ba54adebfb841c1ae4253f1a12a4b7e2a6b266f0ad0467222d93737d529dd8990b316f232baabe8244e985ff34c88fb4722bc239d8c1f03b99714cf8283659acaa827ee408e7a108c41b0146da57c839ce39e089e8dcb5db6ec23d16d2b6b59c47d85389cc2ddf1c1573237478afbc22cca7e9c453812e29c3f18b32e96f66ac3961284a806dd562150811f73cab32d68a1496377ffe2691f361bb75ec2dc6413c224d890a616b1f4f3850aa31b0559ab79994851d24fec64959cb019d99f9a3bf8c23c5392339ba8f3d695b51414861fa25aec4b50e2f1698bbbfe846b4de12b9d89dd751699242b9147aec8fc691edb580668fd7b02243624294033bb4f3c460d1c072da524a0aabb5fc3c98e197bb9e6a9bc6bdfe9d257e3e4f6bc45ec66b4911529684b
I: MonitorObliviousTransfer::next
I: GeneratePublicKey::next
D:  sending message (size 0.000768 MB)
I: MonitorObliviousTransfer::next
I: SendPublicKey::next
I: MonitorObliviousTransfer::next
I: RecvEncryptedMessages::next
I: MonitorObliviousTransfer::next
I: DecryptChosenMessage::next
I: MonitorObliviousTransfer::next
I: ChooserDone::next
I: MonitorObliviousTransfer::next
I: MonitorObliviousTransfer::next
I: EvaluateCircuit::next
D:   evaluating gate 10000
D:   evaluating gate 20000
D:   evaluating gate 30000
D:   evaluating gate 40000
D:  sending message (size 0.000001 MB)
I: SendOutputBit::next
I: ==== round duration: 647464.937500 ms ====
I: CopyMonitorStateLabels::next
I: RecvGarbledGates::next
I: RecvSystemInputLabels::next
I: RecvFlagBitLabels::next
I: EvaluateCircuit::next
D:   evaluating gate 10000
D:   evaluating gate 20000
D:   evaluating gate 30000
D:   evaluating gate 40000
D:  sending message (size 0.000001 MB)
I: SendOutputBit::next
I: ==== round duration: 585062.500000 ms ====
I: CopyMonitorStateLabels::next
I: RecvGarbledGates::next
I: RecvSystemInputLabels::next
I: RecvFlagBitLabels::next
I: EvaluateCircuit::next
D:   evaluating gate 10000
D:   evaluating gate 20000
D:   evaluating gate 30000
D:   evaluating gate 40000
D:  sending message (size 0.000001 MB)
I: SendOutputBit::next
I: ==== round duration: 646238.437500 ms ====
I: FaultObserved::next
I: MonitorDone::next
