skipping synthesis, BLIF file already exists.
I: parsing spec file timekeeper.v...
I: parsing BLIF file synth.blif...
D: inputs and outputs parsed.
D: circuit initialized.
D: connections (#1010) parsed.
D: gates (#9852) parsed.
D: outputs: 10787 10790 10793 10796 10799 10802 10805 10808 10811 10815 10818 10821 10824 10827 10830 10832 10785 
D: circuit size: 10833
D: adding identity gates for outputs...
D: outputs after identity: 10850 10851 10852 10853 10854 10855 10856 10857 10858 10859 10860 10861 10862 10863 10864 10865 10866 
D: circuit size after identity: 10867
I: initializing safe primes...
I: using prime modulus 57896044618658097711785492504343953926634992332820282019728792003956565016447
D:  sending message (size 0.000004 MB)
I: InitMonitor::next
I: GenerateDriverLabels::next
D:   driver labels generated in 5960.951660 ms
I: GenerateInWireKeys::next
D:   in-wire keys generated in 5367.582520 ms
D: SendLabels::message
D:   generating in-wire labels for 9891 gates
D:   in-wire labels generated in 148.754913 ms
D:  gateCount: 9891
D:  sending message (size 1.988163 MB)
I: SendLabels::next
I: RecvGarbledGates::next
I: RecvSystemInputLabels::next
I: RecvFlagBitLabels::next
I: MonitorObliviousTransfer::next
I: InitChooser::next
I: MonitorObliviousTransfer::next
I: RecvConstant::next
D: received message: 4fef807cdee98a112d9a2c984af0e93567747ad701dfedcabc2918db45e0b97a
I: MonitorObliviousTransfer::next
I: GeneratePublicKey::next
D:  sending message (size 0.000064 MB)
I: MonitorObliviousTransfer::next
I: SendPublicKey::next
I: MonitorObliviousTransfer::next
I: RecvEncryptedMessages::next
I: MonitorObliviousTransfer::next
I: DecryptChosenMessage::next
I: MonitorObliviousTransfer::next
I: ChooserDone::next
I: MonitorObliviousTransfer::next
I: MonitorObliviousTransfer::next
I: InitChooser::next
I: MonitorObliviousTransfer::next
I: RecvConstant::next
D: received message: 355b17f69aabd1278c54046b8d519b97f3ecd5404e8a1d7a3d26fc7c4dc46187
I: MonitorObliviousTransfer::next
I: GeneratePublicKey::next
D:  sending message (size 0.000064 MB)
I: MonitorObliviousTransfer::next
I: SendPublicKey::next
I: MonitorObliviousTransfer::next
I: RecvEncryptedMessages::next
I: MonitorObliviousTransfer::next
I: DecryptChosenMessage::next
I: MonitorObliviousTransfer::next
I: ChooserDone::next
I: MonitorObliviousTransfer::next
I: MonitorObliviousTransfer::next
I: InitChooser::next
I: MonitorObliviousTransfer::next
I: RecvConstant::next
D: received message: 58ff22ad22bc5ad5c7d3d5502c5b3d529415a23c03a614a56d6293ee195857fc
I: MonitorObliviousTransfer::next
I: GeneratePublicKey::next
D:  sending message (size 0.000064 MB)
I: MonitorObliviousTransfer::next
I: SendPublicKey::next
I: MonitorObliviousTransfer::next
I: RecvEncryptedMessages::next
I: MonitorObliviousTransfer::next
I: DecryptChosenMessage::next
I: MonitorObliviousTransfer::next
I: ChooserDone::next
I: MonitorObliviousTransfer::next
I: MonitorObliviousTransfer::next
I: InitChooser::next
I: MonitorObliviousTransfer::next
I: RecvConstant::next
D: received message: 7e7ff750b87fee679ea10559ddb359a9ae448d1f5d21804d00b1f59e97292b05
I: MonitorObliviousTransfer::next
I: GeneratePublicKey::next
D:  sending message (size 0.000064 MB)
I: MonitorObliviousTransfer::next
I: SendPublicKey::next
I: MonitorObliviousTransfer::next
I: RecvEncryptedMessages::next
I: MonitorObliviousTransfer::next
I: DecryptChosenMessage::next
I: MonitorObliviousTransfer::next
I: ChooserDone::next
I: MonitorObliviousTransfer::next
I: MonitorObliviousTransfer::next
I: InitChooser::next
I: MonitorObliviousTransfer::next
I: RecvConstant::next
D: received message: 41c00a6474c5c3c92845796d86a518361d5fc0a0a03f3b62c00796a8f867097
I: MonitorObliviousTransfer::next
I: GeneratePublicKey::next
D:  sending message (size 0.000064 MB)
I: MonitorObliviousTransfer::next
I: SendPublicKey::next
I: MonitorObliviousTransfer::next
I: RecvEncryptedMessages::next
I: MonitorObliviousTransfer::next
I: DecryptChosenMessage::next
I: MonitorObliviousTransfer::next
I: ChooserDone::next
I: MonitorObliviousTransfer::next
I: MonitorObliviousTransfer::next
I: InitChooser::next
I: MonitorObliviousTransfer::next
I: RecvConstant::next
D: received message: 613caf66a66a49fe7ba57b990421aaf69de73fce6e5e111081d1439bbb0c9950
I: MonitorObliviousTransfer::next
I: GeneratePublicKey::next
D:  sending message (size 0.000064 MB)
I: MonitorObliviousTransfer::next
I: SendPublicKey::next
I: MonitorObliviousTransfer::next
I: RecvEncryptedMessages::next
I: MonitorObliviousTransfer::next
I: DecryptChosenMessage::next
I: MonitorObliviousTransfer::next
I: ChooserDone::next
I: MonitorObliviousTransfer::next
I: MonitorObliviousTransfer::next
I: InitChooser::next
I: MonitorObliviousTransfer::next
I: RecvConstant::next
D: received message: 5589c8a632d2ea804378c3b3f122a69a97a69e2c9a40a929504a10a99786116e
I: MonitorObliviousTransfer::next
I: GeneratePublicKey::next
D:  sending message (size 0.000064 MB)
I: MonitorObliviousTransfer::next
I: SendPublicKey::next
I: MonitorObliviousTransfer::next
I: RecvEncryptedMessages::next
I: MonitorObliviousTransfer::next
I: DecryptChosenMessage::next
I: MonitorObliviousTransfer::next
I: ChooserDone::next
I: MonitorObliviousTransfer::next
I: MonitorObliviousTransfer::next
I: InitChooser::next
I: MonitorObliviousTransfer::next
I: RecvConstant::next
D: received message: 657153e35b5b8d2d6d9d5b5a4f638a0e81fbbfa2b33282a0140bd936902c7e2b
I: MonitorObliviousTransfer::next
I: GeneratePublicKey::next
D:  sending message (size 0.000064 MB)
I: MonitorObliviousTransfer::next
I: SendPublicKey::next
I: MonitorObliviousTransfer::next
I: RecvEncryptedMessages::next
I: MonitorObliviousTransfer::next
I: DecryptChosenMessage::next
I: MonitorObliviousTransfer::next
I: ChooserDone::next
I: MonitorObliviousTransfer::next
I: MonitorObliviousTransfer::next
I: InitChooser::next
I: MonitorObliviousTransfer::next
I: RecvConstant::next
D: received message: 5f947f56dfc5ff304d3b76769b633197ded111f9dffbdbea27e51890408a279
I: MonitorObliviousTransfer::next
I: GeneratePublicKey::next
D:  sending message (size 0.000064 MB)
I: MonitorObliviousTransfer::next
I: SendPublicKey::next
I: MonitorObliviousTransfer::next
I: RecvEncryptedMessages::next
I: MonitorObliviousTransfer::next
I: DecryptChosenMessage::next
I: MonitorObliviousTransfer::next
I: ChooserDone::next
I: MonitorObliviousTransfer::next
I: MonitorObliviousTransfer::next
I: InitChooser::next
I: MonitorObliviousTransfer::next
I: RecvConstant::next
D: received message: 142078579fd14665562459e0d81556ae539ec3f8b825aa6427ff7c42e7ce83f4
I: MonitorObliviousTransfer::next
I: GeneratePublicKey::next
D:  sending message (size 0.000064 MB)
I: MonitorObliviousTransfer::next
I: SendPublicKey::next
I: MonitorObliviousTransfer::next
I: RecvEncryptedMessages::next
I: MonitorObliviousTransfer::next
I: DecryptChosenMessage::next
I: MonitorObliviousTransfer::next
I: ChooserDone::next
I: MonitorObliviousTransfer::next
I: MonitorObliviousTransfer::next
I: InitChooser::next
I: MonitorObliviousTransfer::next
I: RecvConstant::next
D: received message: 74e856a07ce8d4c0e9a3f784b698e25af20cefa9f6d8d63d82af50b31d99dede
I: MonitorObliviousTransfer::next
I: GeneratePublicKey::next
D:  sending message (size 0.000064 MB)
I: MonitorObliviousTransfer::next
I: SendPublicKey::next
I: MonitorObliviousTransfer::next
I: RecvEncryptedMessages::next
I: MonitorObliviousTransfer::next
I: DecryptChosenMessage::next
I: MonitorObliviousTransfer::next
I: ChooserDone::next
I: MonitorObliviousTransfer::next
I: MonitorObliviousTransfer::next
I: InitChooser::next
I: MonitorObliviousTransfer::next
I: RecvConstant::next
D: received message: 51264da6c3025104d79cbe2304742360eb85b10e647eab70513445fee76e23ba
I: MonitorObliviousTransfer::next
I: GeneratePublicKey::next
D:  sending message (size 0.000064 MB)
I: MonitorObliviousTransfer::next
I: SendPublicKey::next
I: MonitorObliviousTransfer::next
I: RecvEncryptedMessages::next
I: MonitorObliviousTransfer::next
I: DecryptChosenMessage::next
I: MonitorObliviousTransfer::next
I: ChooserDone::next
I: MonitorObliviousTransfer::next
I: MonitorObliviousTransfer::next
I: InitChooser::next
I: MonitorObliviousTransfer::next
I: RecvConstant::next
D: received message: 75b8597bc7e8da665e67a298fe5b49c455b6c76d56479c8c915d43d85383c95e
I: MonitorObliviousTransfer::next
I: GeneratePublicKey::next
D:  sending message (size 0.000064 MB)
I: MonitorObliviousTransfer::next
I: SendPublicKey::next
I: MonitorObliviousTransfer::next
I: RecvEncryptedMessages::next
I: MonitorObliviousTransfer::next
I: DecryptChosenMessage::next
I: MonitorObliviousTransfer::next
I: ChooserDone::next
I: MonitorObliviousTransfer::next
I: MonitorObliviousTransfer::next
I: InitChooser::next
I: MonitorObliviousTransfer::next
I: RecvConstant::next
D: received message: 412c7441fc0fea757a21695302d5ba1a13dade2b8530abd8cce81146f3573411
I: MonitorObliviousTransfer::next
I: GeneratePublicKey::next
D:  sending message (size 0.000064 MB)
I: MonitorObliviousTransfer::next
I: SendPublicKey::next
I: MonitorObliviousTransfer::next
I: RecvEncryptedMessages::next
I: MonitorObliviousTransfer::next
I: DecryptChosenMessage::next
I: MonitorObliviousTransfer::next
I: ChooserDone::next
I: MonitorObliviousTransfer::next
I: MonitorObliviousTransfer::next
I: InitChooser::next
I: MonitorObliviousTransfer::next
I: RecvConstant::next
D: received message: 30b7e77cf92217fdb912ac9306aa9eae23b8815a540c03334d033537f602cf40
I: MonitorObliviousTransfer::next
I: GeneratePublicKey::next
D:  sending message (size 0.000064 MB)
I: MonitorObliviousTransfer::next
I: SendPublicKey::next
I: MonitorObliviousTransfer::next
I: RecvEncryptedMessages::next
I: MonitorObliviousTransfer::next
I: DecryptChosenMessage::next
I: MonitorObliviousTransfer::next
I: ChooserDone::next
I: MonitorObliviousTransfer::next
I: MonitorObliviousTransfer::next
I: InitChooser::next
I: MonitorObliviousTransfer::next
I: RecvConstant::next
D: received message: 7106f5950d12d6a3cd04d3dafd66640f58203007c6085cbe8bb8b4a714a0d2c4
I: MonitorObliviousTransfer::next
I: GeneratePublicKey::next
D:  sending message (size 0.000064 MB)
I: MonitorObliviousTransfer::next
I: SendPublicKey::next
I: MonitorObliviousTransfer::next
I: RecvEncryptedMessages::next
I: MonitorObliviousTransfer::next
I: DecryptChosenMessage::next
I: MonitorObliviousTransfer::next
I: ChooserDone::next
I: MonitorObliviousTransfer::next
I: MonitorObliviousTransfer::next
I: EvaluateCircuit::next
D:  sending message (size 0.000001 MB)
I: SendOutputBit::next
I: ==== round duration: 602.716858 ms ====
I: CopyMonitorStateLabels::next
I: RecvGarbledGates::next
I: RecvSystemInputLabels::next
I: RecvFlagBitLabels::next
I: EvaluateCircuit::next
D:  sending message (size 0.000001 MB)
I: SendOutputBit::next
I: ==== round duration: 597.105835 ms ====
I: CopyMonitorStateLabels::next
I: RecvGarbledGates::next
I: RecvSystemInputLabels::next
I: RecvFlagBitLabels::next
I: EvaluateCircuit::next
D:  sending message (size 0.000001 MB)
I: SendOutputBit::next
I: ==== round duration: 583.515564 ms ====
I: CopyMonitorStateLabels::next
I: RecvGarbledGates::next
I: RecvSystemInputLabels::next
I: RecvFlagBitLabels::next
I: EvaluateCircuit::next
D:  sending message (size 0.000001 MB)
I: SendOutputBit::next
I: ==== round duration: 597.481812 ms ====
I: CopyMonitorStateLabels::next
I: RecvGarbledGates::next
I: RecvSystemInputLabels::next
I: RecvFlagBitLabels::next
I: EvaluateCircuit::next
D:  sending message (size 0.000001 MB)
I: SendOutputBit::next
I: ==== round duration: 598.301025 ms ====
I: FaultObserved::next
I: MonitorDone::next
