skipping synthesis, BLIF file already exists.
I: parsing spec file timekeeper.v...
I: parsing BLIF file synth.blif...
D: inputs and outputs parsed.
D: circuit initialized.
D: connections (#738) parsed.
D: gates (#7056) parsed.
D: outputs: 7640 7643 7646 7649 7652 7655 7658 7661 7664 7667 7670 7673 7676 7679 7682 7685 7688 7691 7694 7697 7700 7703 7706 7709 7712 7715 7718 7721 7724 7727 7730 7732 7638 
D: circuit size: 7733
D: adding identity gates for outputs...
D: outputs after identity: 7766 7767 7768 7769 7770 7771 7772 7773 7774 7775 7776 7777 7778 7779 7780 7781 7782 7783 7784 7785 7786 7787 7788 7789 7790 7791 7792 7793 7794 7795 7796 7797 7798 
D: circuit size after identity: 7799
I: initializing safe primes...
I: using prime modulus 32317006071311007300338913926423828248817941241140239112842009751400741706634354222619689417363569347117901737909704191754605873209195028853758986185622153212175412514901774520270235796078236248884246189477587641105928646099411723245426622522193230540919037680524235519125679715870117001058055877651038861847280257976054903569732561526167081339361799541336476559160368317896729073178384589680639671900977202194168647225871031411336429319536193471636533209717077448227988588565369208645296636077250268955505928362751121174096972998068410554359584866583291642136218231078990999448652468262416972035911852507045361090559
D:  sending message (size 0.000004 MB)
I: InitMonitor::next
I: GenerateDriverLabels::next
D:   driver labels generated in 20489.693359 ms
I: GenerateInWireKeys::next
D:   in-wire keys generated in 3829.074707 ms
D: SendLabels::message
D:   generating in-wire labels for 7127 gates
D:   in-wire labels generated in 29713.781250 ms
D:  gateCount: 7127
D:  sending message (size 11.311191 MB)
I: SendLabels::next
I: RecvGarbledGates::next
I: RecvSystemInputLabels::next
I: RecvFlagBitLabels::next
I: MonitorObliviousTransfer::next
I: InitChooser::next
I: MonitorObliviousTransfer::next
I: RecvConstant::next
D: received message: daa521df4c5b4b114517a5e8d20ec8e713d7e1f20416f9e116e0e2d1d85e3b600042aa88cd3a0f98e810f9badbdb2a4be751525469eaf608df8016dafb395b826cd3b90c53cb645fedf3ec430af4294fdd9ebe6168f319575904021dd7fdf59c0c6c69080e007071b01db040695587878e1253a23466b7c9894e3c3119a5d74324315ca8b91b8357b2d5450e1580e0d8872fa82a41387b07c2e4158913842a51d7e70440517eb5cee6cd7f9edf1fa59d0117461cb42bab57282602afc569cfd5d9c10d82a00dd1f0b9f057373d863f2d8d03b51802a690277cb9ccbb06f72f213a79f6a14125029204ae0cf8acc586ef1a81cc3b2173e2e2d742d376a35ee38f
I: MonitorObliviousTransfer::next
I: GeneratePublicKey::next
D:  sending message (size 0.000512 MB)
I: MonitorObliviousTransfer::next
I: SendPublicKey::next
I: MonitorObliviousTransfer::next
I: RecvEncryptedMessages::next
I: MonitorObliviousTransfer::next
I: DecryptChosenMessage::next
I: MonitorObliviousTransfer::next
I: ChooserDone::next
I: MonitorObliviousTransfer::next
I: MonitorObliviousTransfer::next
I: InitChooser::next
I: MonitorObliviousTransfer::next
I: RecvConstant::next
D: received message: c589619b01e322262c13070cc750efd38ecbeaf9891f02dc202e8ca7750abf37d3318433b11ec969280f1455472c3fdd3eb160a75d50e77e46f64e85b118579a80f9c4b083ecf44fd6ff4fea99e582c3cdde61f60272d355c759c8bd8b2ede54d1044ac61efcabbde8c88a4b4556d3c3ec7ebeb673436eda66cb5ddec7d26a26cea8226093fe4541efcee5ed8b31146e7109c402afad6a646d124f6be4a430209f125a22df20b619fb365c0798ccb376ff2e1e4fe0e5751f6d1311c8733330bbd806b3393edfab8e8dd2641ae3c7fa26cabe62fb6b4cd13961fc9557af432522968eb4d7f4239a15103057159c41cd38769f87d08a99f8cf47f6a70bf2fa5959
I: MonitorObliviousTransfer::next
I: GeneratePublicKey::next
D:  sending message (size 0.000512 MB)
I: MonitorObliviousTransfer::next
I: SendPublicKey::next
I: MonitorObliviousTransfer::next
I: RecvEncryptedMessages::next
I: MonitorObliviousTransfer::next
I: DecryptChosenMessage::next
I: MonitorObliviousTransfer::next
I: ChooserDone::next
I: MonitorObliviousTransfer::next
I: MonitorObliviousTransfer::next
I: InitChooser::next
I: MonitorObliviousTransfer::next
I: RecvConstant::next
D: received message: 67fb24acc333992ab4758b1d4cc625eafe03cd7eca03c4e33366810180e11e815bbccc15103af9ec834d6ed20b6b637f6ab63ce95a24eb6789ef578695a7c02f2a1b084115abd8aa8c1c204badef9f53336a733d008e3b04b6f9f759c58421ce244f44f22f7f3b972925915a71a1ffc076b315fb2a03efe252be72bdcf7d13811c804a23df2be1877f91a56407441971344f4534a7522442beb9dbb6f6f561f7a6fe56b390eca6ad68d0bf11ed52e1a8876a05405dc1ab744a0f499e88610227fa3eecbad18559bc3a155c31ba368d3a60ea8d40902f01893741d8671e1669f9c8f0d4b0289d7f68815523109ecafac62fd8b8656b05a93aee9fcb88a7b4aaa6
I: MonitorObliviousTransfer::next
I: GeneratePublicKey::next
D:  sending message (size 0.000512 MB)
I: MonitorObliviousTransfer::next
I: SendPublicKey::next
I: MonitorObliviousTransfer::next
I: RecvEncryptedMessages::next
I: MonitorObliviousTransfer::next
I: DecryptChosenMessage::next
I: MonitorObliviousTransfer::next
I: ChooserDone::next
I: MonitorObliviousTransfer::next
I: MonitorObliviousTransfer::next
I: InitChooser::next
I: MonitorObliviousTransfer::next
I: RecvConstant::next
D: received message: dd2d5218d29fdecd2d96bf84178bd1d8472a52a9116e2820a7faeb05a3ab4f7f6694aa1b5c2a47ff94839f86c82a7caec0b54919fde353e6ae9bd32e279c1890b1882388cce42efeb1d41b6b100debbdf00a8f22257ca23035fb9031ddb47e79a1edc3670b559794b566669a1021d6ef27ec00d29b58f53760cb760a0d1a5059085786766834bc0c6dea9665995c867c1be98095251221770c727be5ef088949b28158cd109bd0a8e39696e43fd598614444404235f808d33dc703d6603bbd684e0bd4849e31befb48f2479b87903ed81866d3e59d888491743c25e781ca4c2883e0132d7bda77d6484f537803101c7b457e57a361f342a5dabed39ee6166f3f
I: MonitorObliviousTransfer::next
I: GeneratePublicKey::next
D:  sending message (size 0.000512 MB)
I: MonitorObliviousTransfer::next
I: SendPublicKey::next
I: MonitorObliviousTransfer::next
I: RecvEncryptedMessages::next
I: MonitorObliviousTransfer::next
I: DecryptChosenMessage::next
I: MonitorObliviousTransfer::next
I: ChooserDone::next
I: MonitorObliviousTransfer::next
I: MonitorObliviousTransfer::next
I: InitChooser::next
I: MonitorObliviousTransfer::next
I: RecvConstant::next
D: received message: 2ce561f10b64294b81e69f24c18f6db4028f1c6e1dc2e30fe9fa088f2482e17f24df243717e9d9591ae7e02537715f002185d1ae898a9616c178107cf9fea3175493e28eb4b2ba4507ed0a46b007c2e757e6bc1fff99f0db4c8ad709ffdc364abadf25c19ac25e22fb0e834f28c0f3e14da02eb2a36715da2fc78813a222220e5d89b417124f789f6252d0d9fc1f8be0c602f05b832ad9470291aa65e8442486246125824f1f418f9b2afc7b9f57aaf5255a0db722586e7141b3164762db2e1b403d20d8cccbdfbba4dffb4f5a68a61870d2462a5c095f3aa372efa1618f2cfa2c9269c9517d5f778d36ccae78d08e281304bba3bd9122f2adab1f1bb56d7382
I: MonitorObliviousTransfer::next
I: GeneratePublicKey::next
D:  sending message (size 0.000512 MB)
I: MonitorObliviousTransfer::next
I: SendPublicKey::next
I: MonitorObliviousTransfer::next
I: RecvEncryptedMessages::next
I: MonitorObliviousTransfer::next
I: DecryptChosenMessage::next
I: MonitorObliviousTransfer::next
I: ChooserDone::next
I: MonitorObliviousTransfer::next
I: MonitorObliviousTransfer::next
I: InitChooser::next
I: MonitorObliviousTransfer::next
I: RecvConstant::next
D: received message: 8e6473a031883d96c6e6ec3aee7f1066ace29aea8d9b32d2af69cb5fa8bfefbd0cbbd69953573f342fbd220d99b849bace62832bca34407a8e0ed01f034083c957f7b48652c7c3c56569720ee3cb09c1fb95cb9f4eb9ef1cc5f06a008071bbfe3c46d83f70f3cf183fe701daae41236e83fb6f68272cc21824a13c3a813049561f3596dd0ef7fea6b5574852c846baf0c6a735a8f5c4d01579227706d0432677309d04162da155601ab766269c016e6fd968e1c31926c07ee80253c0fd030b3abd4e189e1885139fd404704d748fb75a6ad0b123d13a4716ecfbb2a381cd2772cf785efc227b9e7a67bd0951374a4a800f610bad8e8aa57c76f01912e3b7a0c9
I: MonitorObliviousTransfer::next
I: GeneratePublicKey::next
D:  sending message (size 0.000512 MB)
I: MonitorObliviousTransfer::next
I: SendPublicKey::next
I: MonitorObliviousTransfer::next
I: RecvEncryptedMessages::next
I: MonitorObliviousTransfer::next
I: DecryptChosenMessage::next
I: MonitorObliviousTransfer::next
I: ChooserDone::next
I: MonitorObliviousTransfer::next
I: MonitorObliviousTransfer::next
I: InitChooser::next
I: MonitorObliviousTransfer::next
I: RecvConstant::next
D: received message: 5436b06cdce2c0abbcf3230b14e77ef4d0b703755c7b2768caaa31ba0b33c892257d2f5b46525228c4fc9623d06da090291ed457b778aa476b91c8eed69ecbbd072b45645806ebd64288d1c0d0fe4396a2b862578ee932c9ffbfe91630ba9ab5f17d43bdded5e95f1687da3f35faac963448139ab234f1bdb6afb54c699659dff0bbcd1ec4b228bf4cba185b47977c1a6dc198c101df9d07ced2f4d0ea86b7485bef1fca83eb6e2b3578cc4dc0cf07cb4771dc3c23e1840b90098c795f9f1aef034404437b6ee599cb5e3523b5b39a3d52905d2b477b626d94d7f486192222399790e72e6f173c7684522569429818aa37f1ce4d5b09fb9edf22f37e44d72974
I: MonitorObliviousTransfer::next
I: GeneratePublicKey::next
D:  sending message (size 0.000512 MB)
I: MonitorObliviousTransfer::next
I: SendPublicKey::next
I: MonitorObliviousTransfer::next
I: RecvEncryptedMessages::next
I: MonitorObliviousTransfer::next
I: DecryptChosenMessage::next
I: MonitorObliviousTransfer::next
I: ChooserDone::next
I: MonitorObliviousTransfer::next
I: MonitorObliviousTransfer::next
I: InitChooser::next
I: MonitorObliviousTransfer::next
I: RecvConstant::next
D: received message: 3fb16f5a0ad0d53c69c70a7ea0a5d0df1bd7ef6c0abadb705eaf489cc545ce6dc9b9a667faa28c142515017de0aefffbc683f6a01c4a986f874c2cf777c4e45815e04ce00e25e08acb7fd9b1cf032ef98eab39240f04adf6f9d38f959fa404d9dde330ca8839ba46db291673c8cf0263b6931cbcb9265ed62c5e0a02180a271174aceb73596b707b242eafcb6b30f4036b8a842e2afcddb6b5cf4ec29e25e91ec18151e1acbd451c3aa1ef0b50fb6e20aaedf85d96dbe80886bef3fea56c8a35d8ca8d685655b2f38278d6148437ede4d0bc514c11b7d0a29c66f73ee72e230070755bbc3af93d8082c43e75e34f44b706f2026ebaeab131b62a08a7aa8fea0e
I: MonitorObliviousTransfer::next
I: GeneratePublicKey::next
D:  sending message (size 0.000512 MB)
I: MonitorObliviousTransfer::next
I: SendPublicKey::next
I: MonitorObliviousTransfer::next
I: RecvEncryptedMessages::next
I: MonitorObliviousTransfer::next
I: DecryptChosenMessage::next
I: MonitorObliviousTransfer::next
I: ChooserDone::next
I: MonitorObliviousTransfer::next
I: MonitorObliviousTransfer::next
I: InitChooser::next
I: MonitorObliviousTransfer::next
I: RecvConstant::next
D: received message: b751fd0a4f7a7dfad98d8c4867dc16d907bcfa497262f4e3e3a8116dd730e6dca8564f39a597a852f1ea799d3dae1c65dc845a85f87a0dbb1ba15fb3912b81169a956aaeca3403277118d089157e42df9db5964d9ee4fd47014d36da31f685cdc9214a0e580a9e8b44896d7314a9af3f591b666ab7160e307d7a9265d22b112675369d249f8a7575546d37581c8ce42ba73b05a575cc1c44cf628a18f623e26e2aa41164c9eb47d1ef834b19e1aa3a392b8bc342a4e4e970bca9ebeaa7091481f94241b9e5fdd6be7fd372ef22daf6dd679743177484daf7d4c7e0ef93d8d57dd86777c1caf2f50a07153e7b9436a8c070910de44f099abc5364a0ea2f7eccdd
I: MonitorObliviousTransfer::next
I: GeneratePublicKey::next
D:  sending message (size 0.000512 MB)
I: MonitorObliviousTransfer::next
I: SendPublicKey::next
I: MonitorObliviousTransfer::next
I: RecvEncryptedMessages::next
I: MonitorObliviousTransfer::next
I: DecryptChosenMessage::next
I: MonitorObliviousTransfer::next
I: ChooserDone::next
I: MonitorObliviousTransfer::next
I: MonitorObliviousTransfer::next
I: InitChooser::next
I: MonitorObliviousTransfer::next
I: RecvConstant::next
D: received message: 31e0967d2ccf026c1cd3a1ec27784e7e1fd9df4936a9b57758f118b703de565c15506b9b61a31c3a7dba432ba8d90439c71520d70ced589851a67a130821aa5f6cf49bef89f1d94dadee4cdcdfb1e9717b51c1cb033738c37e0d1a5b29d519f54e5731fbd0a7249484d8df2ba0ec1f45377a4e1787cf356046b286502ea9729f9edfd94ae2d8e57ac6b884ae6c3b5277e56749e42efdfa03e657f2d3bfecc4b59b2dd994b27922a102c23ff5d8542be05cb5f248afcc598b6c01c6fb72cae10ca9dbbecd9a5bfad0d75ec41456e1318faebd75d1c112e80c1ecd58725e78492039462d815276ff06f59d9d1b420f82939960682babac64c19cf4846e051ed6a4
I: MonitorObliviousTransfer::next
I: GeneratePublicKey::next
D:  sending message (size 0.000511 MB)
I: MonitorObliviousTransfer::next
I: SendPublicKey::next
I: MonitorObliviousTransfer::next
I: RecvEncryptedMessages::next
I: MonitorObliviousTransfer::next
I: DecryptChosenMessage::next
I: MonitorObliviousTransfer::next
I: ChooserDone::next
I: MonitorObliviousTransfer::next
I: MonitorObliviousTransfer::next
I: InitChooser::next
I: MonitorObliviousTransfer::next
I: RecvConstant::next
D: received message: ce776efcec3cf24ae8758bfec01c98eb1aca70a8b4a7f8b96d4b11bb7acddc80e347342944078cea7d679b30c0f811305c61619842b3b9308b54e42acdcfbbaa5917de03f6836c1cd7c1e62c5fec41322cadb3e2a29556f0b9429cd32d7d15f011f214e910a6ba950f064a26f586888ea8c9f18f1e0a3557a4479a7d170af3724e2aef215cef41fef4073dde0b56329c808d92856e7d16f43d4e14fbdd8008c67a40de53c004c615d9cf677c4a13da16cf397155c25d53e44a0504f8ad3c7bf20c7e6ded217a4ccd0a2b12f0c0f008423af7801db356084c1ccb8a28818c7e321c434097118ab7c83e34fde02e7c0b761c5a2a7bd3840f25530d8a1b2b6c3de1
I: MonitorObliviousTransfer::next
I: GeneratePublicKey::next
D:  sending message (size 0.000512 MB)
I: MonitorObliviousTransfer::next
I: SendPublicKey::next
I: MonitorObliviousTransfer::next
I: RecvEncryptedMessages::next
I: MonitorObliviousTransfer::next
I: DecryptChosenMessage::next
I: MonitorObliviousTransfer::next
I: ChooserDone::next
I: MonitorObliviousTransfer::next
I: MonitorObliviousTransfer::next
I: InitChooser::next
I: MonitorObliviousTransfer::next
I: RecvConstant::next
D: received message: c6cc46922ddf2753c3b336ee20c7d74a1b6c48524ce602f63183c7cd63d6be2cee7cb416dd6a5b39f4fe939e64a20b2d02bb1887f4638240329996313418b69efc310a6cf272a25b71218c6dec271d69820dc7e9369d4b0943d7f5c1e36b5ad2a0ba1fada4a02d466e88fca6eeabc4b8b9f4f4dfc0f298e56e2f68e4b11010da47e5b3310fbc0515f2829da64ae34f1788c281b02879710d67bcd251521705f2f571e74724f4452d6ab249f70aef8f87b37b15e32a7204d0d522988c54b54750f68928f2918cbe6a68b55205785fb3f30908b29d5f1ab211252cf6fff5286d9541d9af47c753913348a0ab10241a9bf4ab7b6cd6fc791881d600799750a2fde
I: MonitorObliviousTransfer::next
I: GeneratePublicKey::next
D:  sending message (size 0.000512 MB)
I: MonitorObliviousTransfer::next
I: SendPublicKey::next
I: MonitorObliviousTransfer::next
I: RecvEncryptedMessages::next
I: MonitorObliviousTransfer::next
I: DecryptChosenMessage::next
I: MonitorObliviousTransfer::next
I: ChooserDone::next
I: MonitorObliviousTransfer::next
I: MonitorObliviousTransfer::next
I: InitChooser::next
I: MonitorObliviousTransfer::next
I: RecvConstant::next
D: received message: b4b91e105c3a235cea155d4857765d40feaef1be233c6f7b3c42ef8bbdb9785da2b7faac899b41a4b0a422e7b2a9fea948866a5cdce5da8206b443d7b29a07886db0f487faa43d72e7d2d7c96d52ef3edbb602cc805db058c88ac5d812918290c18ed093b02ebf8916827e7a50b8f7691bbfad72ebef193d873446cacdca73da3558d751c9d0586177f024718ce149c1436f8dc6ad551e78605c9deaa76251ebf1e36212cb527a1aa44740d146977ec505b703d2efd12d973b23fa9f8df5f09fae3fd0cfc01c1d483f751592fe3710546004fbafef5bdebdedf16cc249631ecd003662a585743a14fffd38ff8a8abca66c6f48a8aa1236abc0d4e01a142c63ec
I: MonitorObliviousTransfer::next
I: GeneratePublicKey::next
D:  sending message (size 0.000512 MB)
I: MonitorObliviousTransfer::next
I: SendPublicKey::next
I: MonitorObliviousTransfer::next
I: RecvEncryptedMessages::next
I: MonitorObliviousTransfer::next
I: DecryptChosenMessage::next
I: MonitorObliviousTransfer::next
I: ChooserDone::next
I: MonitorObliviousTransfer::next
I: MonitorObliviousTransfer::next
I: InitChooser::next
I: MonitorObliviousTransfer::next
I: RecvConstant::next
D: received message: e697bda6c65c97fa55776498596e61886da740f45aafadebe3959b52967c96012dbeddfe397a772722742823da61e8ecd5aa7df84a3612cf66646a5ac051d9dbad204205f285c5d0ccf4f3f9fe760dc4036f172435303582209bb443e725d8790a64da530ada9bc0cb610a0048f079e311fe1756ce4ea8c44e52d86b43277b75c3d982e8d4010621c1f2a89c23c82ef465076beb5c423295e4adbed43bea01fb96ffc4abd63868211f3f8136a32ca789993d13774eb3c52f2016b04966d6a54b822913fce0444c1742594acedb7b56c568e0d05408b7d373fe48509c2333bb8602997b25d2316b7c3d6e25d0fb9e219fff40cce2e4463843a2a6a0801791d186
I: MonitorObliviousTransfer::next
I: GeneratePublicKey::next
D:  sending message (size 0.000512 MB)
I: MonitorObliviousTransfer::next
I: SendPublicKey::next
I: MonitorObliviousTransfer::next
I: RecvEncryptedMessages::next
I: MonitorObliviousTransfer::next
I: DecryptChosenMessage::next
I: MonitorObliviousTransfer::next
I: ChooserDone::next
I: MonitorObliviousTransfer::next
I: MonitorObliviousTransfer::next
I: InitChooser::next
I: MonitorObliviousTransfer::next
I: RecvConstant::next
D: received message: beda984299a42a2f08e3dbfcb78ac7cd814ee3decfb49b6796a329e278d27161e63b14c7b838b8840e0a38c496f0cd2fde40808c36ddd0ed28bb7826d22c8f69dd8d4168b6dc2226c34e75e1c565a0be5101765598fec391078358f17610508d816a7925f7f2fe0d5a877976948c3a6221abb6499f558d890149ecde241ba68cc741b9c01e19df3d71db6c4a78509311909fa3d0af71a7e7e33aee64f489e1a470f597e1e9c8aa7f14f49913ba35a84e9dc00b71386d5076184f1d908567a4e511d11f58af73e7badd64fa2a26be908547f1e48691e97750458200144494da1ed59c63774d6024f0436293b4e619afc4a2104b19989d1e0e9a983b2bf00a980e
I: MonitorObliviousTransfer::next
I: GeneratePublicKey::next
D:  sending message (size 0.000512 MB)
I: MonitorObliviousTransfer::next
I: SendPublicKey::next
I: MonitorObliviousTransfer::next
I: RecvEncryptedMessages::next
I: MonitorObliviousTransfer::next
I: DecryptChosenMessage::next
I: MonitorObliviousTransfer::next
I: ChooserDone::next
I: MonitorObliviousTransfer::next
I: MonitorObliviousTransfer::next
I: InitChooser::next
I: MonitorObliviousTransfer::next
I: RecvConstant::next
D: received message: 73077794a1ec24e439db59e3feb4a65378c66d1068b6c1eac807aee9dc01f54a61d626bb139d5b34bd8aeb9e6eee64de9be8af21b2716b7fd15d4a98836ebde97e8bd3466f4e948091f630e6f23d096e6982a6a9eed6560d8100aef2d27379f8b95279f09e6f1c5e6be67340dc8481f94fcd05377f04a04f0bb122c79a2e87b1d178ba3587dd1c2b5256fa85e055000623302e9bbaed339b1f7dbc5c118785720a7e7da4d7bc83e35af6152d5af74cd76db5bf3877f8240adce38abb207c773641ba43261f78cc142ef26aff3a5c2617ffd233d7809dc1dd20440ecd6f1d1da8a2d73f5d65b9819cb9809cdf6c82cb3a7470f55dc1185312fcad0360c04e10d3
I: MonitorObliviousTransfer::next
I: GeneratePublicKey::next
D:  sending message (size 0.000512 MB)
I: MonitorObliviousTransfer::next
I: SendPublicKey::next
I: MonitorObliviousTransfer::next
I: RecvEncryptedMessages::next
I: MonitorObliviousTransfer::next
I: DecryptChosenMessage::next
I: MonitorObliviousTransfer::next
I: ChooserDone::next
I: MonitorObliviousTransfer::next
I: MonitorObliviousTransfer::next
I: InitChooser::next
I: MonitorObliviousTransfer::next
I: RecvConstant::next
D: received message: 782d8a77a41869063976ac3d77f8094b2e92d6fe7c8c23c938d8d9d977f297a73c9014d8cba46dd3675919b39300a87c5aa0f86df27866f9b598bd39acd16ab9162a912eda8f876b0dd26338cbee8f38d315319c810d20c2455250dcbf9ed271b3b7b44f84e3be0df7053032f25d0def563ab2206054034c8c27a2cda79708f8bc1fc5abf08ff9b990034ec4d5a127dc460c19e25b5d7e4457fe1fc47e807a9415daf0a9c020f2bd8eef8113303300b2f444aa13455a52996760da463d15fbe57261f9b99bb70778277dad17b2e4b17d34fd03d9b2a90ffc62facd666e7cc0574b619adb22040bfd7c4a6e5ae022871c5115c5f06e0b14bca99f1de987f75f20
I: MonitorObliviousTransfer::next
I: GeneratePublicKey::next
D:  sending message (size 0.000512 MB)
I: MonitorObliviousTransfer::next
I: SendPublicKey::next
I: MonitorObliviousTransfer::next
I: RecvEncryptedMessages::next
I: MonitorObliviousTransfer::next
I: DecryptChosenMessage::next
I: MonitorObliviousTransfer::next
I: ChooserDone::next
I: MonitorObliviousTransfer::next
I: MonitorObliviousTransfer::next
I: InitChooser::next
I: MonitorObliviousTransfer::next
I: RecvConstant::next
D: received message: d381871d8ee139255c9592a69f85537752f23f9e041de8c572152df1616369b25f707f6d550ebbb72ab40c14dc163329d3e89bf02f6cb05ed1df4ad1ef4e4c1b6e2e821476d67f170bcd0502a32e3c52301b02775dc5975a25e50b70eef787171af3ecc3aef8b271e978307e86e9354f079876641c3eb1fb5ad3a9be19f8635c63877451f40c7331f98d9b808288ddd07ba8caea584d50f28d8f69346b7ed72c40db77f4daac5eab8f039d4890e281658f3c37c94d9811e19a990d1ce60cc2d29cd26f93d30813d4e1deee12d89be6a9cf11e87e24e440d97fdc5d74e81c061632a8fd0b8e822ef860d6ddc13fa8d2b532dcc4e6541c661091abd986d308b879
I: MonitorObliviousTransfer::next
I: GeneratePublicKey::next
D:  sending message (size 0.000512 MB)
I: MonitorObliviousTransfer::next
I: SendPublicKey::next
I: MonitorObliviousTransfer::next
I: RecvEncryptedMessages::next
I: MonitorObliviousTransfer::next
I: DecryptChosenMessage::next
I: MonitorObliviousTransfer::next
I: ChooserDone::next
I: MonitorObliviousTransfer::next
I: MonitorObliviousTransfer::next
I: InitChooser::next
I: MonitorObliviousTransfer::next
I: RecvConstant::next
D: received message: 8a497f69d81a56a6a9f1f9936f9dce961fe9a7633c1543aa6631cf3cccb81b7c4f7f77cc09df9efab389feda908cd208b52efd74780b327a55e1b8a95502a94f40da8204f3294d2377d188ca81421f55023cfe6681cc1a2f64c59b4ad6f181759cfdc0b1bfa03e00f0f60492cb02dfb10faa0c63f946ea1146b9c39e6d6a3e6f997dd7392d2e7facd70ec2a2b8e0d0207303db595a8ceb1bf988b9882b41997d6ae2e43f34afe2fb4c51cf60602415c19b0c2aca940369654b56a4a6c6833ff3ed98ae2452558075f068dddae6174b633ddca9af67de9d76522ca728c119dbcb44f9552230c5a0d8df29ac6b3473b35639ee8dae727d63f5d5412a2126d97d40
I: MonitorObliviousTransfer::next
I: GeneratePublicKey::next
D:  sending message (size 0.000512 MB)
I: MonitorObliviousTransfer::next
I: SendPublicKey::next
I: MonitorObliviousTransfer::next
I: RecvEncryptedMessages::next
I: MonitorObliviousTransfer::next
I: DecryptChosenMessage::next
I: MonitorObliviousTransfer::next
I: ChooserDone::next
I: MonitorObliviousTransfer::next
I: MonitorObliviousTransfer::next
I: InitChooser::next
I: MonitorObliviousTransfer::next
I: RecvConstant::next
D: received message: e9307e83b23f0bb0d4cd4c15ba1bf7b2d894ebd15567554e1a92b4e265adf33ad11948897c1f4fd1d34b7fab6939478ba20b9e1a8479cc7974a7fb6b636591adc4816f8b394be7d853e499e3b4ae36d94446337aa8d2f02cf892b1c63e8942e2e7d1ddd9484131301ac44f2a2fc1f80615253c44d01e4c8146d812e0089be9c4cf77cd5e24ebc21e5d167c8a19f45042bda0efb9f9134ffd57e06a20d7e237022e147981937559d1932ea38fa7db4d07a273be9175354a316f9e871b9106d987174da5cd039a746f6271d5aca0815e379890f3ca04ba69c2abe8f6e170e7d7e2e9d66747adc66e468a8f97335cd93b018cefb1e125bd1dc30c979101c0ff8126
I: MonitorObliviousTransfer::next
I: GeneratePublicKey::next
D:  sending message (size 0.000512 MB)
I: MonitorObliviousTransfer::next
I: SendPublicKey::next
I: MonitorObliviousTransfer::next
I: RecvEncryptedMessages::next
I: MonitorObliviousTransfer::next
I: DecryptChosenMessage::next
I: MonitorObliviousTransfer::next
I: ChooserDone::next
I: MonitorObliviousTransfer::next
I: MonitorObliviousTransfer::next
I: InitChooser::next
I: MonitorObliviousTransfer::next
I: RecvConstant::next
D: received message: be6bda8d1bf1b0c80c2f5eb591052adeda2b7170f84a7d99e0aa9665b34d3baa710822fe4ebb24c9e843b44cfd4922aa252178980478a74d7032facc44a9e541a64c0f4cc2b96a4c253598990706db23ce6ce0aa2aa57f6fbed8b42dcc1fbc02a785b6b5ec2ffdd65b81478802855ff603c95e35c280986fd4e62dd8ff05bc24fccf71ce7fa816d231fc34580d84af790c67607b7229bca480e78fc3f8e1997a997ba0fe222179fa7bf1b17ad6a61cfdb2003dc718f4aaf451c37cecb2803a266181085ba39fc4e33f58de5ff1b0698c0d89ebbb4cd943673e43b4ccbf80e70a1dc03a1a811eaa6a59555fae29614435d72fd8dd48fd1159f0307ef4e6a4f1dd
I: MonitorObliviousTransfer::next
I: GeneratePublicKey::next
D:  sending message (size 0.000512 MB)
I: MonitorObliviousTransfer::next
I: SendPublicKey::next
I: MonitorObliviousTransfer::next
I: RecvEncryptedMessages::next
I: MonitorObliviousTransfer::next
I: DecryptChosenMessage::next
I: MonitorObliviousTransfer::next
I: ChooserDone::next
I: MonitorObliviousTransfer::next
I: MonitorObliviousTransfer::next
I: InitChooser::next
I: MonitorObliviousTransfer::next
I: RecvConstant::next
D: received message: 81476ff5a0d57d31f36d917ecfc193666403555f3172f47d63e8375b85ab71f9aabbb9b01458e1c11de6d22c6699b205ba863e2aa34eb7ff70d3666e9fdabd64d34537e3e94990f1293ddf533bdcd46d14e6d5c414c941aa3ecdb14f04d38a3f3d065c8037d3f110a660e085cf383dc62cc8acb10266ff04f8610040802e474a899c740bdede8a2eecc0bce0de44278678e27527e77d3c6c878f83a22b6dc26c555c90b69d36da9723fbd9a245e2e50a1b2aafb5dbc534d7c0111fa17ced103fd7967c5b8defc26e216e03ac16e7376be0883f51d9aa385d919bc52ea7f7ca45304db664ce8406b73dcc0b799407dc3a89985644298a107d28b94f276e716f23
I: MonitorObliviousTransfer::next
I: GeneratePublicKey::next
D:  sending message (size 0.000512 MB)
I: MonitorObliviousTransfer::next
I: SendPublicKey::next
I: MonitorObliviousTransfer::next
I: RecvEncryptedMessages::next
I: MonitorObliviousTransfer::next
I: DecryptChosenMessage::next
I: MonitorObliviousTransfer::next
I: ChooserDone::next
I: MonitorObliviousTransfer::next
I: MonitorObliviousTransfer::next
I: InitChooser::next
I: MonitorObliviousTransfer::next
I: RecvConstant::next
D: received message: 1b6d9c6db0a98641f77b0e589bafecd73f701b5506d01f645fb97372f10ea4b2b3882be4298360b66313dd8a7351e824beb0b63b50518c28f0f3c167f5477a2f00478c929281930946316e86c1a8a8381bbb74ed018deb9bb176941a3245efd6243d79c6211e86c979dd6d5b85bf765ba388638be6dbb4cb33735cd019f84a8c0074ee47eda9af83515754fbc8dbe07ef6dbdc54e04c5880653bb9d94e3600e58202c9f6560ecaaa7a39ced8e1df52f6d34e288aac12d655bd75ccdc701290221128135ceadcc26dc0dda013dfe68f39bfafe1d31f46d8716bc2df2ab64d9051c41e775f57af9bf84173f477a30a20b562cfa084025a553444397bccedc01d3e
I: MonitorObliviousTransfer::next
I: GeneratePublicKey::next
D:  sending message (size 0.000512 MB)
I: MonitorObliviousTransfer::next
I: SendPublicKey::next
I: MonitorObliviousTransfer::next
I: RecvEncryptedMessages::next
I: MonitorObliviousTransfer::next
I: DecryptChosenMessage::next
I: MonitorObliviousTransfer::next
I: ChooserDone::next
I: MonitorObliviousTransfer::next
I: MonitorObliviousTransfer::next
I: InitChooser::next
I: MonitorObliviousTransfer::next
I: RecvConstant::next
D: received message: 43c33ba91831ea2e64224efd99ab8b495b8e60cf9bd3ec8c81d90e73ae29e21ba928c48dd0d44b4c1392c5a4cd98d1600937ea55a97ddc66997964ca80a9481957dc9875911fa0a8665a18921ebc109069ff9308d9b2aa4c0118df078081f655830ac99cb904e51d0f39db35ede0672ec2282c9336f343c7da0b74d6080d5065f1d10b88ccdb6102ed6872e3dc8f4af86e950c1bd81cfbbc5f42024df5aa50218fab21ab35aa9fa930e83482dd12de1e5d26dd0ad2e877fef59d783f4b33e345a05afc093b287fa85192e151b498d49f281a492529bb4e6c5b3629152d8235a1e8f84d47d946a0d060b10a30acb06d071a96997c9f7158b6f3406e5f565dcbb
I: MonitorObliviousTransfer::next
I: GeneratePublicKey::next
D:  sending message (size 0.000512 MB)
I: MonitorObliviousTransfer::next
I: SendPublicKey::next
I: MonitorObliviousTransfer::next
I: RecvEncryptedMessages::next
I: MonitorObliviousTransfer::next
I: DecryptChosenMessage::next
I: MonitorObliviousTransfer::next
I: ChooserDone::next
I: MonitorObliviousTransfer::next
I: MonitorObliviousTransfer::next
I: InitChooser::next
I: MonitorObliviousTransfer::next
I: RecvConstant::next
D: received message: 4198209407846258ee9568f2e745f525887a881506637ca14a3dab0adebca3cb9d3e93059176ce0bb64140142ed43e16933ff667f21d4615be37f3a72902577aeb602bf5581a95f706d79baff713c8dca6a73118a1cfee4616845d2d24113128c4c676c2bdec976d9541410c5fe2ec9c35e033e491b360cb3c5341aaf896b5f81736c84418ac5934bba11a484569ad897287a75157c42a887af714abc7a1266bd93c6559d7db225d663610f9d7a70f52c506152c50f311d88222c7530118529ca9e3c05af4e45ba4b452fa40f76b9e85c981afd1849e30e931e79525b0182a103834c9effc5debf8088cd1e10dbf05024472ce4d773d7338b33081bb401e0aec
I: MonitorObliviousTransfer::next
I: GeneratePublicKey::next
D:  sending message (size 0.000512 MB)
I: MonitorObliviousTransfer::next
I: SendPublicKey::next
I: MonitorObliviousTransfer::next
I: RecvEncryptedMessages::next
I: MonitorObliviousTransfer::next
I: DecryptChosenMessage::next
I: MonitorObliviousTransfer::next
I: ChooserDone::next
I: MonitorObliviousTransfer::next
I: MonitorObliviousTransfer::next
I: InitChooser::next
I: MonitorObliviousTransfer::next
I: RecvConstant::next
D: received message: a4382438c92aee3258b785d939fc3bcd3d55d2e4276080c815de492ebb124ccacc971175110041addf3da023fb1b5ced096931e066c2119b5e91ff5f573c70ee560142b101fdeaaed960aa0f086baf39665a2448e0f419f9a4428e5c07504288ec02b637bee41af7c2eb7cd9ad2bee997fad4e41ca72082177f6707a3d9d3d93f62cb9af1f939722c9b08669027d3699e2589a39367627b9cc3fc581d2481490bc3b8ff00280031e0f6390359f01584f8644abde632754cdc825aa6145ffde3c013a5379154f3ee187e7fd5ae84b8309036ccb68f24ca1552e0a3c4d826eb663ebcb8021418eaf91311c3f4cc302bb2882d17055bc52ce92164ec046c4548d50
I: MonitorObliviousTransfer::next
I: GeneratePublicKey::next
D:  sending message (size 0.000512 MB)
I: MonitorObliviousTransfer::next
I: SendPublicKey::next
I: MonitorObliviousTransfer::next
I: RecvEncryptedMessages::next
I: MonitorObliviousTransfer::next
I: DecryptChosenMessage::next
I: MonitorObliviousTransfer::next
I: ChooserDone::next
I: MonitorObliviousTransfer::next
I: MonitorObliviousTransfer::next
I: InitChooser::next
I: MonitorObliviousTransfer::next
I: RecvConstant::next
D: received message: 1d4be9046529bf7e62192934749c5ed0d896b7cc5d43c374710a4d123e53a85a75d64bc804a3c02f326c42b688141dfa8675d85b24b637b868f0dccd1649d5c872dbb019ebde131d6dd5267edf888e14615d29e780cb93b166e313d0c17a7850c2c3569321b1c5ffd5cd466e6372017f8d0e25c22c4fb8d52a377743dbacc7c6aac89b59e8fd83a486365b743692879614e6a7ef2aae7c00e1227f8ea4a1c9cdd027107e04405c0c5ad2abd9bf42bb958a3f2157abc8b3ba00384ac8a2dc6108767d954dbc752f950471a95b80c646ec0844e4129e16fdc58a2f8cc6b00cbf42fff3d6ade6b884c3721aa9b3765f9126e657ad8e87e8ea08ee92ddacbaf1b73c
I: MonitorObliviousTransfer::next
I: GeneratePublicKey::next
D:  sending message (size 0.000512 MB)
I: MonitorObliviousTransfer::next
I: SendPublicKey::next
I: MonitorObliviousTransfer::next
I: RecvEncryptedMessages::next
I: MonitorObliviousTransfer::next
I: DecryptChosenMessage::next
I: MonitorObliviousTransfer::next
I: ChooserDone::next
I: MonitorObliviousTransfer::next
I: MonitorObliviousTransfer::next
I: InitChooser::next
I: MonitorObliviousTransfer::next
I: RecvConstant::next
D: received message: 23eb692b3f34144a364b4223b32f51746587fe43b46f7f9e0d8c06eb91409d9ab726d04d379702a71ae729a8d3954bed88d5b04585a6aa792ec869952db274708a7446d2c083e42c47e38ca7c2a4eeca91e988d46ca36fa3cbe5e1fbacca61353ac7956f22c3ce0850343debbab6f6ed2883b680326e5fd29fd871c6d2a08abb13d4d74c2396f20a0a9156c3fde17fd789bfe9e08cc942a90804130c344865a4125188684ff5e1cfd9edda8cb5435477ee62cb7a76ce0f3b6fc24d0c5e9b9a40583ff4bc041e37062aaa5132861daf68faf8cc3046119c9d2ba480e94288db6f3b2f9507097a6d97c26034189ab7c7aef365b018ed280755bd85ac52658f71cd
I: MonitorObliviousTransfer::next
I: GeneratePublicKey::next
D:  sending message (size 0.000512 MB)
I: MonitorObliviousTransfer::next
I: SendPublicKey::next
I: MonitorObliviousTransfer::next
I: RecvEncryptedMessages::next
I: MonitorObliviousTransfer::next
I: DecryptChosenMessage::next
I: MonitorObliviousTransfer::next
I: ChooserDone::next
I: MonitorObliviousTransfer::next
I: MonitorObliviousTransfer::next
I: InitChooser::next
I: MonitorObliviousTransfer::next
I: RecvConstant::next
D: received message: 207613c8de6d727cff81758ae6e4193141776abc8e4285924fd5541a2b5eddc9d189514b45294df8f33d41b85d7a6390dccec4738543af088ea46c160197e4d16a3d30fc5c33ee9093bb1024655bab42b60e7ea4c3605aae1f8b0e49c88186f4a5d2b3ccbd02d4a01436e4bbb5294200e9800e0f2d15dbc35405b5fbda3f419f0dcc80712d67a9516f6c24ae76596cf7a0283f99df2580f4d7e1c734103ac4439fed58304ae613ac4eb78285699a063f4d387788f576bc119dca76179210db9a02b2a0d1e2ac62351e365786244cd9d308d9577f503b429a1ad83433299aa6173b1d6c714dbd9573319279929f48d1f8826a052c4451b57a608935f36385d13a
I: MonitorObliviousTransfer::next
I: GeneratePublicKey::next
D:  sending message (size 0.000512 MB)
I: MonitorObliviousTransfer::next
I: SendPublicKey::next
I: MonitorObliviousTransfer::next
I: RecvEncryptedMessages::next
I: MonitorObliviousTransfer::next
I: DecryptChosenMessage::next
I: MonitorObliviousTransfer::next
I: ChooserDone::next
I: MonitorObliviousTransfer::next
I: MonitorObliviousTransfer::next
I: InitChooser::next
I: MonitorObliviousTransfer::next
I: RecvConstant::next
D: received message: bf63a21e7686af2c533f98d6505ad8b941501b80699badbd7185cfeb5aed20c1415d3f51182af7098ee53fa50b2ace6fb9ea131740245b8d511484eaaffe65f4be309c45a4382e571278a6e3bb07378ffa3adc7fde88b18278c8810711faea086798c6c7456f40480f639793099101d30f0c03d6afa31b10e9a144b9ed349e86168b8afce9b0ddc14197d20f76af8fa4ec3bf3b33d414d3e8126857526cf46817eef1d7754cfed1c1123c0ebbe3a63fd8bede47248ede7cc30eadd9c203b57082813e631a4a4be02c4182d08e04b1b6bee94f135f3770e8b99491f818802ac17762ee6ab9edefe7e1e67c2b52cc057aa4dc6105a0ddcc2133d2da53b41df06a6
I: MonitorObliviousTransfer::next
I: GeneratePublicKey::next
D:  sending message (size 0.000512 MB)
I: MonitorObliviousTransfer::next
I: SendPublicKey::next
I: MonitorObliviousTransfer::next
I: RecvEncryptedMessages::next
I: MonitorObliviousTransfer::next
I: DecryptChosenMessage::next
I: MonitorObliviousTransfer::next
I: ChooserDone::next
I: MonitorObliviousTransfer::next
I: MonitorObliviousTransfer::next
I: InitChooser::next
I: MonitorObliviousTransfer::next
I: RecvConstant::next
D: received message: 3debcdbe939c618787420959b0c077534987cdc7ced95ed55aea701b38f465ab77332ccb84cce0a1eac5c79777ea564d025f010bd261834d717d1cfedd88f12684de4639ba04ca8029a3c46bfba79f1641e2562891b22378703ab5e4cf9732d681ed55ef44fa55fe8d1be1e84c37b25e63a54d67ea5b7eefd78ce2693a8d6011fbde0c63b134437809844ad9bab16af26d711f0d5b717106bd51cb05f6c450d191c6b35494de741c6bb9003dc9d8b2dc3fc92218c97bbefafd1965f0ec69ef5368ebc40a060bed3268bf0580178dc8cf3611882c1682dc47b4157d24724f67f5b9c9c7446c87681a2cb56a864946bf97cb28a2766b12b2b807b5cd05954ee44b
I: MonitorObliviousTransfer::next
I: GeneratePublicKey::next
D:  sending message (size 0.000511 MB)
I: MonitorObliviousTransfer::next
I: SendPublicKey::next
I: MonitorObliviousTransfer::next
I: RecvEncryptedMessages::next
I: MonitorObliviousTransfer::next
I: DecryptChosenMessage::next
I: MonitorObliviousTransfer::next
I: ChooserDone::next
I: MonitorObliviousTransfer::next
I: MonitorObliviousTransfer::next
I: InitChooser::next
I: MonitorObliviousTransfer::next
I: RecvConstant::next
D: received message: 36e558600ae7bc8afba6bef29884a2922c48ec7d8f8920823eb47f5c8f9756bf66198ca288065f648e228f5c4bab85a9aa78f7e4aba07a1000e603782292edfd39c782275d12bc2506b38ad9458cb7af6cfa88c86d41361a7feb33128a32ea41240a9ee974aa49fa260f0218ce96c0e74828eda3405d008bcc0cd1450b6d4bb4e33df7f1afbd8ad7434bd371d4447eb0b4ea592ed2859033efcf6ed0696d8e6a7ad3e6fdbe52ed4c40a7697dd2ec0d81a37cfaf71b08f1323abe7e347c696cf626f8ae777e0bd74a0f300e864687d3bff6df456f49c5b6c51c0bac7e52d92571ea09443df62b76281814bbea12bce9dcf7e3af7dc60ce559181c1d845c868b37
I: MonitorObliviousTransfer::next
I: GeneratePublicKey::next
D:  sending message (size 0.000512 MB)
I: MonitorObliviousTransfer::next
I: SendPublicKey::next
I: MonitorObliviousTransfer::next
I: RecvEncryptedMessages::next
I: MonitorObliviousTransfer::next
I: DecryptChosenMessage::next
I: MonitorObliviousTransfer::next
I: ChooserDone::next
I: MonitorObliviousTransfer::next
I: MonitorObliviousTransfer::next
I: EvaluateCircuit::next
D:  sending message (size 0.000001 MB)
I: SendOutputBit::next
I: ==== round duration: 32113.812500 ms ====
I: CopyMonitorStateLabels::next
I: RecvGarbledGates::next
I: RecvSystemInputLabels::next
I: RecvFlagBitLabels::next
I: EvaluateCircuit::next
D:  sending message (size 0.000001 MB)
I: SendOutputBit::next
I: ==== round duration: 31379.410156 ms ====
I: CopyMonitorStateLabels::next
I: RecvGarbledGates::next
I: RecvSystemInputLabels::next
I: RecvFlagBitLabels::next
I: EvaluateCircuit::next
D:  sending message (size 0.000001 MB)
I: SendOutputBit::next
I: ==== round duration: 31931.531250 ms ====
I: CopyMonitorStateLabels::next
I: RecvGarbledGates::next
I: RecvSystemInputLabels::next
I: RecvFlagBitLabels::next
I: EvaluateCircuit::next
D:  sending message (size 0.000001 MB)
I: SendOutputBit::next
I: ==== round duration: 31064.109375 ms ====
I: CopyMonitorStateLabels::next
I: RecvGarbledGates::next
I: RecvSystemInputLabels::next
I: RecvFlagBitLabels::next
I: EvaluateCircuit::next
D:  sending message (size 0.000001 MB)
I: SendOutputBit::next
I: ==== round duration: 31133.009766 ms ====
I: FaultObserved::next
I: MonitorDone::next
