I: parsing spec file timekeeper.v...
skipping synthesis, BLIF file already exists.
I: parsing BLIF file synth.blif...
D: inputs and outputs parsed.
D: circuit initialized.
D: connections (#370) parsed.
D: gates (#3373) parsed.
D: outputs: 3662 3665 3668 3671 3674 3677 3680 3683 3686 3689 3692 3695 3698 3701 3704 3713 3660 
D: circuit size: 3714
D: adding identity gates for outputs...
D: outputs after identity: 3731 3732 3733 3734 3735 3736 3737 3738 3739 3740 3741 3742 3743 3744 3745 3746 3747 
D: circuit size after identity: 3748
I: initializing safe primes...
I: using prime modulus 179769313486231590770839156793787453197860296048756011706444423684197180216158519368947833795864925541502180565485980503646440548199239100050792877003355816639229553136239076508735759914822574862575007425302077447712589550957937778424442426617334727629299387668709205606050270810842907692932019128194467627007
D:  sending message (size 0.000004 MB)
I: InitMonitor::next
I: GenerateDriverLabels::next
D:   driver labels generated in 2948.624268 ms
I: GenerateInWireKeys::next
D:   in-wire keys generated in 1754.112427 ms
D: SendLabels::message
D:   generating in-wire labels for 3412 gates
D:   in-wire labels generated in 1854.078247 ms
D:  gateCount: 3412
D:  sending message (size 2.716099 MB)
I: SendLabels::next
I: RecvGarbledGates::next
I: RecvSystemInputLabels::next
I: RecvFlagBitLabels::next
I: MonitorObliviousTransfer::next
I: InitChooser::next
I: MonitorObliviousTransfer::next
I: RecvConstant::next
D: received message: 2c56a4e3592b6244de5578a33759dc255295736230b1838908211be943e19964926f28d46e50be86b327d3d116a6b243ce1caa8a70a7f9c29fe395891b2e9a2c88ee10d9f1dd52bf50b09e70dab5453c6660d02107011206649f2ecc836de4727bbbaaa84a0a9a0486dc279eab86fa43ce206270eca92ada64504ae6016aba1f
I: MonitorObliviousTransfer::next
I: GeneratePublicKey::next
D:  sending message (size 0.000256 MB)
I: MonitorObliviousTransfer::next
I: SendPublicKey::next
I: MonitorObliviousTransfer::next
I: RecvEncryptedMessages::next
I: MonitorObliviousTransfer::next
I: DecryptChosenMessage::next
I: MonitorObliviousTransfer::next
I: ChooserDone::next
I: MonitorObliviousTransfer::next
I: MonitorObliviousTransfer::next
I: InitChooser::next
I: MonitorObliviousTransfer::next
I: RecvConstant::next
D: received message: 1b22d9068ed5416e729aef41200d37dd57cde6a372ae0ee9f87f1a5fd5678133fe0744292fc6fbb1f1011da248801661e32fccd8c8d96fa2b15167e3f4df346bb8ca12458236413a9ceea542e09ad0349287c6091615cf4259d4d3dce7856e74e4ebef8dbd01a46d32c7a436cacffbc59f735d9eb9c04d6ce99316c127c2d1ff
I: MonitorObliviousTransfer::next
I: GeneratePublicKey::next
D:  sending message (size 0.000256 MB)
I: MonitorObliviousTransfer::next
I: SendPublicKey::next
I: MonitorObliviousTransfer::next
I: RecvEncryptedMessages::next
I: MonitorObliviousTransfer::next
I: DecryptChosenMessage::next
I: MonitorObliviousTransfer::next
I: ChooserDone::next
I: MonitorObliviousTransfer::next
I: MonitorObliviousTransfer::next
I: InitChooser::next
I: MonitorObliviousTransfer::next
I: RecvConstant::next
D: received message: 3d6072a80eccce2626d38cb44a9c893632c1572f984f3e0995d70a995fe49ae02ae3b72d57eca94fbb45073d2d85bf254fae81142c5f3ca2fa7d83d0e6886c6d38f2f9d357b83d4f2e2d3b44236296e44ffe6feabbaab5782c53723af7afaf4d6e46d50561be17b877ddd9bf6f89016ea5e7833dcf44c2b974e9354f47c5b0ef
I: MonitorObliviousTransfer::next
I: GeneratePublicKey::next
D:  sending message (size 0.000256 MB)
I: MonitorObliviousTransfer::next
I: SendPublicKey::next
I: MonitorObliviousTransfer::next
I: RecvEncryptedMessages::next
I: MonitorObliviousTransfer::next
I: DecryptChosenMessage::next
I: MonitorObliviousTransfer::next
I: ChooserDone::next
I: MonitorObliviousTransfer::next
I: MonitorObliviousTransfer::next
I: InitChooser::next
I: MonitorObliviousTransfer::next
I: RecvConstant::next
D: received message: b7e105deb000cf84865630afc0c7043fb5711b57c298b03f1d3f9908218db5ca6a360d7c382c083d13f2556f29fea74cbd6cc1fda8d467d953497948834e9bc6dd658c04a4b3307cbc1802805bc3c5130e9b2a6e9bbcd6d12ef0676c55bb4eb41115419df045eaaed76f2db75fc05911ee346585573cb6b774df27e22ce106c9
I: MonitorObliviousTransfer::next
I: GeneratePublicKey::next
D:  sending message (size 0.000256 MB)
I: MonitorObliviousTransfer::next
I: SendPublicKey::next
I: MonitorObliviousTransfer::next
I: RecvEncryptedMessages::next
I: MonitorObliviousTransfer::next
I: DecryptChosenMessage::next
I: MonitorObliviousTransfer::next
I: ChooserDone::next
I: MonitorObliviousTransfer::next
I: MonitorObliviousTransfer::next
I: InitChooser::next
I: MonitorObliviousTransfer::next
I: RecvConstant::next
D: received message: fea8727070f58ae2b7f5a5506c951918cb3d65225f58041027d377434a946c8a1cf23cf5be1f28eda12a692b70824194590f64cb184bacd276d4b4b2b2a0bc2729cf59162bb55458785c26236bcd3179c1c02b324b75762146ec5345c484a841a5f3d4df4e3ab1397b1b05436d637322bc98f7bc56c1100fd4096da091df23ad
I: MonitorObliviousTransfer::next
I: GeneratePublicKey::next
D:  sending message (size 0.000256 MB)
I: MonitorObliviousTransfer::next
I: SendPublicKey::next
I: MonitorObliviousTransfer::next
I: RecvEncryptedMessages::next
I: MonitorObliviousTransfer::next
I: DecryptChosenMessage::next
I: MonitorObliviousTransfer::next
I: ChooserDone::next
I: MonitorObliviousTransfer::next
I: MonitorObliviousTransfer::next
I: InitChooser::next
I: MonitorObliviousTransfer::next
I: RecvConstant::next
D: received message: 936d1ebd47906ceabb93593da903dbf6c4113e453a790401df132ee21e25ca4d1b2224faf29e71e39b0230fda94fd616af7d09956a35d63efb786b4dee2c69ec4027dfa38f3f6537c1a389fc9ecffcd68978aff765a5a2159816ee73fec5d822aabb8a38a085aa6b69799f09b5fc46ff3806ab70da19a700f6c57970fc819ace
I: MonitorObliviousTransfer::next
I: GeneratePublicKey::next
D:  sending message (size 0.000256 MB)
I: MonitorObliviousTransfer::next
I: SendPublicKey::next
I: MonitorObliviousTransfer::next
I: RecvEncryptedMessages::next
I: MonitorObliviousTransfer::next
I: DecryptChosenMessage::next
I: MonitorObliviousTransfer::next
I: ChooserDone::next
I: MonitorObliviousTransfer::next
I: MonitorObliviousTransfer::next
I: InitChooser::next
I: MonitorObliviousTransfer::next
I: RecvConstant::next
D: received message: c52c488075ee79b7217d99f721982660b9a1f71b0c1c97f61015d87e3edd0dfa27c8c976cbe8755998fb0a2576a412bec82e91ea25c866bc81a751d5c36bfe5e9ebb8d3ae5c9045a2db7673f2865ff7662967af7dbd7c707224ee5ebc41006b01ee7ac82e9f528fa4e8d2452cf6e5b733d04ed129a3bae71f15820d6c7fc6a42
I: MonitorObliviousTransfer::next
I: GeneratePublicKey::next
D:  sending message (size 0.000256 MB)
I: MonitorObliviousTransfer::next
I: SendPublicKey::next
I: MonitorObliviousTransfer::next
I: RecvEncryptedMessages::next
I: MonitorObliviousTransfer::next
I: DecryptChosenMessage::next
I: MonitorObliviousTransfer::next
I: ChooserDone::next
I: MonitorObliviousTransfer::next
I: MonitorObliviousTransfer::next
I: InitChooser::next
I: MonitorObliviousTransfer::next
I: RecvConstant::next
D: received message: aacad5a4b65d58a55ee46879d69f6acd98e590308e6e15115f6e97d19969395eb4bb054756720cdc8f3628d22df938c0dbe86faf1b710d95d61ff0040dddc4240675a089a8922f45d5e50957c6efe8e4d23a503ff49fc532309eacbfd1a41637ee008223db41f541e8955345151f51275a8ce6f19a0edd658752ecf77204a83c
I: MonitorObliviousTransfer::next
I: GeneratePublicKey::next
D:  sending message (size 0.000256 MB)
I: MonitorObliviousTransfer::next
I: SendPublicKey::next
I: MonitorObliviousTransfer::next
I: RecvEncryptedMessages::next
I: MonitorObliviousTransfer::next
I: DecryptChosenMessage::next
I: MonitorObliviousTransfer::next
I: ChooserDone::next
I: MonitorObliviousTransfer::next
I: MonitorObliviousTransfer::next
I: InitChooser::next
I: MonitorObliviousTransfer::next
I: RecvConstant::next
D: received message: 56e392843471454caddb9af3acbf29892a5012d69bcdbdcc879617e4dbe80b4812bb6daad1351950333f1af6cad59b3555bdf588cb70dd3189f5e350f6e8ae4414a411b2cc3142df3e34a548a916b53ae6249097f9b96ed78fa3c83b58566c3e54c4fae0639c6e178ee744f274c15d4f3db10eb7e96eec96e499f112a78396a6
I: MonitorObliviousTransfer::next
I: GeneratePublicKey::next
D:  sending message (size 0.000256 MB)
I: MonitorObliviousTransfer::next
I: SendPublicKey::next
I: MonitorObliviousTransfer::next
I: RecvEncryptedMessages::next
I: MonitorObliviousTransfer::next
I: DecryptChosenMessage::next
I: MonitorObliviousTransfer::next
I: ChooserDone::next
I: MonitorObliviousTransfer::next
I: MonitorObliviousTransfer::next
I: InitChooser::next
I: MonitorObliviousTransfer::next
I: RecvConstant::next
D: received message: 6362f7e8ba7bbfd273ef799855ad002586081b708d2c5dd51f2ada78c73942152ec0225b6ac56a538e85f76b6b30e99ce1a29e5d9b1fe05f9a5c002493d0957cae5a6f0e02bece8d62567ea58f765006c5af9c356885e81e7c16a360f4305dbd5d75a254f231e050509d4b0db20823ef302d2657a508332af88f138b25cf0b4d
I: MonitorObliviousTransfer::next
I: GeneratePublicKey::next
D:  sending message (size 0.000256 MB)
I: MonitorObliviousTransfer::next
I: SendPublicKey::next
I: MonitorObliviousTransfer::next
I: RecvEncryptedMessages::next
I: MonitorObliviousTransfer::next
I: DecryptChosenMessage::next
I: MonitorObliviousTransfer::next
I: ChooserDone::next
I: MonitorObliviousTransfer::next
I: MonitorObliviousTransfer::next
I: InitChooser::next
I: MonitorObliviousTransfer::next
I: RecvConstant::next
D: received message: bd1191e3bda1438f801a3f72c5bea8d25ea9c10ef4d2fa9a13d439be7cbf9287d0d17735c9ec29d264fffadd31db2266e08021bbcb7f6e870c97ee2f14540717b2227b5ff675672f6cebe5489e70e6f641c3994b45408ed940810781febfee4b40e391445203850398a984981920b2dd94fe84e4db32db64aa312154164151db
I: MonitorObliviousTransfer::next
I: GeneratePublicKey::next
D:  sending message (size 0.000256 MB)
I: MonitorObliviousTransfer::next
I: SendPublicKey::next
I: MonitorObliviousTransfer::next
I: RecvEncryptedMessages::next
I: MonitorObliviousTransfer::next
I: DecryptChosenMessage::next
I: MonitorObliviousTransfer::next
I: ChooserDone::next
I: MonitorObliviousTransfer::next
I: MonitorObliviousTransfer::next
I: InitChooser::next
I: MonitorObliviousTransfer::next
I: RecvConstant::next
D: received message: 6424587d023c365737f7462a626c47a1f0eb73685f1e664d2e274cf8e2c2caff7d99a600d63e9d2482cad9fbd0919f0bf1217e076a8cc3f0fad235baeece7c92241a77a5d7630012a16ba3b7c5b2535648f87545398d5b2985948787b2dbb9c1915fe93349516fac9ba33433263fb96c8211d15329d6f9d1de7fcdd578c7fb89
I: MonitorObliviousTransfer::next
I: GeneratePublicKey::next
D:  sending message (size 0.000256 MB)
I: MonitorObliviousTransfer::next
I: SendPublicKey::next
I: MonitorObliviousTransfer::next
I: RecvEncryptedMessages::next
I: MonitorObliviousTransfer::next
I: DecryptChosenMessage::next
I: MonitorObliviousTransfer::next
I: ChooserDone::next
I: MonitorObliviousTransfer::next
I: MonitorObliviousTransfer::next
I: InitChooser::next
I: MonitorObliviousTransfer::next
I: RecvConstant::next
D: received message: 9f96f62b03967767ce746153cd4d1c6fa2fa3da001495a02ac94886a10dae26888f7a59e98937745fa91bf23f188646cf9dc0da72f8a3eb4235ec6888904bd8d02e8a373b94b408854e5287145ca85f435677409305ccee1fb048e64ea6687eb81d52251be44f8bb0b5263c5382a331ff4c9eb1c6f2f4e20106c78112a2a27a0
I: MonitorObliviousTransfer::next
I: GeneratePublicKey::next
D:  sending message (size 0.000256 MB)
I: MonitorObliviousTransfer::next
I: SendPublicKey::next
I: MonitorObliviousTransfer::next
I: RecvEncryptedMessages::next
I: MonitorObliviousTransfer::next
I: DecryptChosenMessage::next
I: MonitorObliviousTransfer::next
I: ChooserDone::next
I: MonitorObliviousTransfer::next
I: MonitorObliviousTransfer::next
I: InitChooser::next
I: MonitorObliviousTransfer::next
I: RecvConstant::next
D: received message: 8a54b493d8a3c3be8a73532f4a6c1d04d93c1760e1a7a724b741ec9e0dea0d57ebf549f3ad183481448f83e18b12e6c8d3147eb1496bfc0a7b0444eddf2e9da3648835bac752a09441c2d44ed224187ed21db0e83f1dbdfb4d1111428e9b2b67368859051ec6f91ccac20c62bdee1d4c38910544460b52f102c62bd3d7ed8fc3
I: MonitorObliviousTransfer::next
I: GeneratePublicKey::next
D:  sending message (size 0.000256 MB)
I: MonitorObliviousTransfer::next
I: SendPublicKey::next
I: MonitorObliviousTransfer::next
I: RecvEncryptedMessages::next
I: MonitorObliviousTransfer::next
I: DecryptChosenMessage::next
I: MonitorObliviousTransfer::next
I: ChooserDone::next
I: MonitorObliviousTransfer::next
I: MonitorObliviousTransfer::next
I: InitChooser::next
I: MonitorObliviousTransfer::next
I: RecvConstant::next
D: received message: a388e0256e0ceb139a230bed483c01e217f6e5ae8b342ab0c7718d60724ac46d5ca1cb6d27dc8b5c1bb43aa186da6e9b80bd64c51851f263e3dfe57b5f7e398fd7e5bfdeec6b6661d60a7172abb8f02038f670ad5cf23ff378957bdb63acc6385619e3a352e1ff5736e1a5efd672cfd4b9dc80b113fc7a87af10a24a071b84cb
I: MonitorObliviousTransfer::next
I: GeneratePublicKey::next
D:  sending message (size 0.000256 MB)
I: MonitorObliviousTransfer::next
I: SendPublicKey::next
I: MonitorObliviousTransfer::next
I: RecvEncryptedMessages::next
I: MonitorObliviousTransfer::next
I: DecryptChosenMessage::next
I: MonitorObliviousTransfer::next
I: ChooserDone::next
I: MonitorObliviousTransfer::next
I: MonitorObliviousTransfer::next
I: InitChooser::next
I: MonitorObliviousTransfer::next
I: RecvConstant::next
D: received message: c21dee228d9faf2b0164d09c05f01b0c3f4ae1a9da33eff2f34079f36a433d26c1e4bca5954b744eae601901a722238a7ac0fa7ba27512710dfa9ed0f6d0ea1d5fa1629130aafe5bc00952d08651e66bc9f54d502434c07970f684735cbabeff53d6e44195d1b695dab4dcd2d714a10f49aaff69cd17e909391486dcc8c4939e
I: MonitorObliviousTransfer::next
I: GeneratePublicKey::next
D:  sending message (size 0.000256 MB)
I: MonitorObliviousTransfer::next
I: SendPublicKey::next
I: MonitorObliviousTransfer::next
I: RecvEncryptedMessages::next
I: MonitorObliviousTransfer::next
I: DecryptChosenMessage::next
I: MonitorObliviousTransfer::next
I: ChooserDone::next
I: MonitorObliviousTransfer::next
I: MonitorObliviousTransfer::next
I: EvaluateCircuit::next
D:  sending message (size 0.000001 MB)
I: SendOutputBit::next
I: ==== round duration: 2227.666016 ms ====
I: CopyMonitorStateLabels::next
I: RecvGarbledGates::next
I: RecvSystemInputLabels::next
I: RecvFlagBitLabels::next
I: EvaluateCircuit::next
D:  sending message (size 0.000001 MB)
I: SendOutputBit::next
I: ==== round duration: 2220.870361 ms ====
I: CopyMonitorStateLabels::next
I: RecvGarbledGates::next
I: RecvSystemInputLabels::next
I: RecvFlagBitLabels::next
I: EvaluateCircuit::next
D:  sending message (size 0.000001 MB)
I: SendOutputBit::next
I: ==== round duration: 2217.757812 ms ====
I: FaultObserved::next
I: MonitorDone::next
