skipping synthesis, BLIF file already exists.
I: parsing spec file timekeeper.v...
I: parsing BLIF file synth.blif...
D: inputs and outputs parsed.
D: circuit initialized.
D: connections (#1010) parsed.
D: gates (#9852) parsed.
D: outputs: 10787 10790 10793 10796 10799 10802 10805 10808 10811 10815 10818 10821 10824 10827 10830 10832 10785 
D: circuit size: 10833
D: adding identity gates for outputs...
D: outputs after identity: 10850 10851 10852 10853 10854 10855 10856 10857 10858 10859 10860 10861 10862 10863 10864 10865 10866 
D: circuit size after identity: 10867
I: initializing safe primes...
I: using prime modulus 5809605995369958062791915965639201402176612226902900533702900882779736177890990861472094774477339581147373410185646378328043729800750470098210924487866935059164371588168047540943981644516632755067501626434556398193186628990071248660819361205119793693985433297036118232914410171876807536457391277857011849897410207519105333355801121109356897459426271845471397952675959440793493071628394122780510124618488232602464649876850458861245784240929258426287699705312584509625419513463605155428017165714465363094021609290561084025893662561222573202082865797821865270991145082200656978177192827024538990239969175546190770645685893438011714430426409338676314743571154537142031573004276428701433036381801705308659830751190352946025482059931306571004727362479688415574702596946457770284148435989129632853918392117997472632693078113129886487399347796982772784615865232621289656944284216824611318709764535152507354116344703769998514148343807
D:  sending message (size 0.000004 MB)
I: InitMonitor::next
I: GenerateDriverLabels::next
D:   driver labels generated in 79571.773438 ms
I: GenerateInWireKeys::next
D:   in-wire keys generated in 5298.557617 ms
D: SendLabels::message
D:   generating in-wire labels for 9891 gates
D:   in-wire labels generated in 137408.343750 ms
D:  gateCount: 9891
D:  sending message (size 23.566240 MB)
I: SendLabels::next
I: RecvGarbledGates::next
I: RecvSystemInputLabels::next
I: RecvFlagBitLabels::next
I: MonitorObliviousTransfer::next
I: InitChooser::next
I: MonitorObliviousTransfer::next
I: RecvConstant::next
D: received message: fd0372d3de643864001e21f86722e1496639ac01d83074ac919c1b6973e509477490d43087a98e128736445a38ff7bfbaafec94949a773ee45e70ae24d772f76f333a2f19ea0cf92ad5aa794eaa80eca916bf61e87a69782c59dd36d45f80d1fdd7fd7deb478d24f9994c823b8412346251cdda66ca76d5ad0c1b75f0afb54b5304dc885d5c51304f7640dba2ed5e4c4d5e0c7e6d4986b75b5d44ff261cdd5412c1e037844e34c9e8983746dab89c1ad4dd73327cb88140fdc92f505265254798e5b54fd6f4e68dc1431e2302e88b17b5fb2c5066f900432cdba02f88147fcac09fc7eb658aa51aa62144aa190e0f088e697bb8f859879526945b3547c06b08a0177e48815138a1872a56c688a62d017c878e16b501bef06149bcd4a3e28afef68b9005bdddc230ece930d8f6ced04892e2b5c38ba9b2b3afc63374397123a47530e6a3b61f49cc61b0f5862eb0cb23d4e14a183cc04fa004a59a1b6973918f1124f36f125bc0aa06fe8e0bace06841753ebfe2b989cea6df70b144b1c81ea2a
I: MonitorObliviousTransfer::next
I: GeneratePublicKey::next
D:  sending message (size 0.000768 MB)
I: MonitorObliviousTransfer::next
I: SendPublicKey::next
I: MonitorObliviousTransfer::next
I: RecvEncryptedMessages::next
I: MonitorObliviousTransfer::next
I: DecryptChosenMessage::next
I: MonitorObliviousTransfer::next
I: ChooserDone::next
I: MonitorObliviousTransfer::next
I: MonitorObliviousTransfer::next
I: InitChooser::next
I: MonitorObliviousTransfer::next
I: RecvConstant::next
D: received message: c7e6b389a17ed2fe3004f0789d048cd58c3578cc8aa87d08e249de2afb567b26d59019a2836386ad90b72f3741f226839f302da99c18a94088d89f5e152096da02077216c0e616c0ac4a1cd9c338953c9ceb504ba35338cb48cb75fb531c6172c8251077393782173d53a3a979e88890129e8a5533b5675acc648eeb4c01f928b98d4fad13a692badda2812550444db03c0b6c734a2572bd739710d2a970269148f9aac91ccca6c964bebc4b9dc152ff502e391f2fb4f1725bc2504a32ecd1b84adaa56079c00605429e6147b637734275c0b7c77ea7fc4470292c1f88825888f664e6afc906f170505b35d992f3fc113ed2664a3f22a8ba74bda5a894eb0467d34d92df06619aa148c21b6f1d5e7edaaeb42da4cf30cb8f85b7f13a9aa20e7e43b629175c4531f27db76d3648c248658963356970d54fb01c362f818d1b6d95d3fe62e3ee0b34a84d3f129b9eaba1dc59acd1803c7858b609c242831727e860eba83181456c164b83777a9023acdfe552d274640c1078ce83decb9104f0bd89
I: MonitorObliviousTransfer::next
I: GeneratePublicKey::next
D:  sending message (size 0.000768 MB)
I: MonitorObliviousTransfer::next
I: SendPublicKey::next
I: MonitorObliviousTransfer::next
I: RecvEncryptedMessages::next
I: MonitorObliviousTransfer::next
I: DecryptChosenMessage::next
I: MonitorObliviousTransfer::next
I: ChooserDone::next
I: MonitorObliviousTransfer::next
I: MonitorObliviousTransfer::next
I: InitChooser::next
I: MonitorObliviousTransfer::next
I: RecvConstant::next
D: received message: a5e0a484d53d56e75b8c4f2f5676e4755b019240509b69229755a3413b97ae32541a240442082583478a1edf611fee989a1b79213577e70545fb862027cfff75e29773ab9c3b5bcd108b856b83bb6a9ff4061d20693ac2c92223157071d58427acf5ffc46baa7a3d54101afbfa3f196e17a79a1cc9d898bc7e6c8172aa12cd7de89f2e6ac6d83e6d0c1cce8db3e446c8532072a9518e44cdfa37121ba92c65a866d79c837a9770089994def607ee7ea0bfaf0e406843ed26a408af79af17a0950212aa945c53e16eb235a2031a467a4abbd29719526a4f747ff6f6d120fede71acb89a4cf955196c68116e93d65494fe4e09525225b590816811f9de2a7272ce4c21ab9e24d0e45415fae3b56b34a04f3fe30d26e68a6e46715cf9bb346a1e3d5a3aa5b2dccf3ac23a56b2c2d8feff78e94144bf47a5366778a265b1cf860735ed1e55d2ef2d9475d7aaad2b4b4e462623f44467d48a7fd469e128be8a38dba2f58b2222b0a622faf38469b2fb97d2cee2d5fe5a099574b2b58a33b3761e510b
I: MonitorObliviousTransfer::next
I: GeneratePublicKey::next
D:  sending message (size 0.000768 MB)
I: MonitorObliviousTransfer::next
I: SendPublicKey::next
I: MonitorObliviousTransfer::next
I: RecvEncryptedMessages::next
I: MonitorObliviousTransfer::next
I: DecryptChosenMessage::next
I: MonitorObliviousTransfer::next
I: ChooserDone::next
I: MonitorObliviousTransfer::next
I: MonitorObliviousTransfer::next
I: InitChooser::next
I: MonitorObliviousTransfer::next
I: RecvConstant::next
D: received message: 19fcc25e5d44af9e30bbdcd8a577551400fb673724e04965474aeabfb76f3683eaa5c53e831d0fabeec439fa637938547fb684cfff1ef16ca1b7d84a96f9bb7c86493dabcd9eb7457c03d52707dfe7f00b4f83a80bf8488a8269e38672c59fa6df207b5a2fdb4bd88ed5fa93cf87c87a6841b3fee66d7b89ce007f8279c8e558ade3dac9a7aaf3351366d9341d3421bd83097040152346fe598d77c18487695d2db41615eaafada81ae4fbb4a325623203d77dc654ee34b3cc21b0d74fd10a472c0a604761d9d5b701d586647266807618b275d60c70477cd9305b902777ee4806c65eb4d91f471db6226704f0cce40a9053a62ae86ad878956f476a53c0ad5af76fb18e7430b078b4f5e7ed078a99b40ada55762f6f5ce88f3a24202f3460a2a1cb50e3085c7f4d97d882283165397ea57104d157f89abeae4faf546a5401d30af255e690c9cc45e33b6d7a43b97a3044b61031eb8123d9aa115d9ea09513fdc0838c49916fb6439f800aed3725edcfe7b3a502fc0ce558b8fde59652c35dd8
I: MonitorObliviousTransfer::next
I: GeneratePublicKey::next
D:  sending message (size 0.000768 MB)
I: MonitorObliviousTransfer::next
I: SendPublicKey::next
I: MonitorObliviousTransfer::next
I: RecvEncryptedMessages::next
I: MonitorObliviousTransfer::next
I: DecryptChosenMessage::next
I: MonitorObliviousTransfer::next
I: ChooserDone::next
I: MonitorObliviousTransfer::next
I: MonitorObliviousTransfer::next
I: InitChooser::next
I: MonitorObliviousTransfer::next
I: RecvConstant::next
D: received message: 9b4371544c025a14a8fe2bc80a7105e07a68a265736c29a4a8931b7e174efd3de420b8af2dd39409508500b73b8575f69bed7d7e68053ccf09eabb67d708f03e382c413ebeec684545c6608c5f610757a4d8181e36e71acd2bdf355772c16bf23fb265f61861a3346b9e1c1c68d7dfb06aa21cc76e24717ae78d69af77ea27974ef65acd7e0d22ed7e22318472b7ff9512150173e88f47570cd32dd6fb27cb1e23475e67dca0018856a6be8266f2da98bd810fa74c7b9510f11276492379dd146d0b9eace5b9449eaeaf472e314158ee650913092fc92d007bd796c667a1dbbeaa3e7b4f02165867cb19eaaa62cc3c0d42dc136781c5b5b3450aa0d36d80848510780980dc8a47132ab72bf5d8c30deaaf7882415c60d638fc9e33b0c2c133f2d1b0aa8aceef8b8f1409bd8e54042adca7d75d2ad3ff757b05c504d31e41d230a1fa834b9b7a735cbb3dc584bdb129bcc411786f4b24feac1d5bf2e6009fb6b92dfd2c7eb6b4e263973b2558018b72e6935507bb30f6ddd03a7f0cfdcdbd29bb
I: MonitorObliviousTransfer::next
I: GeneratePublicKey::next
D:  sending message (size 0.000768 MB)
I: MonitorObliviousTransfer::next
I: SendPublicKey::next
I: MonitorObliviousTransfer::next
I: RecvEncryptedMessages::next
I: MonitorObliviousTransfer::next
I: DecryptChosenMessage::next
I: MonitorObliviousTransfer::next
I: ChooserDone::next
I: MonitorObliviousTransfer::next
I: MonitorObliviousTransfer::next
I: InitChooser::next
I: MonitorObliviousTransfer::next
I: RecvConstant::next
D: received message: acee63f7633c40b8aecada3848d8a1380d58ceb1ba458f0454a7ec3eb4c0c672a3536d96fe4cd1e4b45f1eacb35d34821494bdefb37259a3f2b470d1396bfe1b1776522591a8ed87ac844bee99b2d95c660654e889e91538ecc7cf7f6007df1719b7c22a657c1181c57afd8f4f2089c39cae187a64430e256ec2229c9288010faeaefe912cbb8fd392ce9aa3d8dc0f9bcdf1a6c6c7b058c27f97bbd58ba28a3e8f50900763e8dda59b56cef41040106522bddebb2519ceb252cb619fd9394e9a70a0983d5e05bb23858e5f1e6245bdc3907122add5811c0af763cd0fd1a2099775f82670f3b5669dc4d6fe29e963ea2035febcb4f8315098b10a6f164b892775bc80845cbe9354f32451e244706d1a90bfe5219bdaf00967de7cdf2d1e689b7c1208be7b0cd32aa5ad6f2dcff85cc163771763bd42f2f015d4f0967f90d4ee454ac494920a30a100f8d1d0abf73cffc23455c817e02faa6e7db85e97de847369f7bfbbf866460443849746d5873678982ee25605d40db6b58cfd5be9d2c3e000
I: MonitorObliviousTransfer::next
I: GeneratePublicKey::next
D:  sending message (size 0.000768 MB)
I: MonitorObliviousTransfer::next
I: SendPublicKey::next
I: MonitorObliviousTransfer::next
I: RecvEncryptedMessages::next
I: MonitorObliviousTransfer::next
I: DecryptChosenMessage::next
I: MonitorObliviousTransfer::next
I: ChooserDone::next
I: MonitorObliviousTransfer::next
I: MonitorObliviousTransfer::next
I: InitChooser::next
I: MonitorObliviousTransfer::next
I: RecvConstant::next
D: received message: 648b45b6d9effd0bf8a5cbfc7ea4e5b0c2bfd957e2b67b4be9968505479b208fdfba84b5dc94c7aceed7cbf23d37ae726b2986bf981b78e9cd0c73adb8f462d6d205927cf70bf22428c497abfcbbfd78ad00f332599b869818154e3f47b27f226254fbb935974106b8c8eeeb90d6ea9db3b6c3e61aba8929dca25b2ed4aaf53750c869dfd48d43eaeeb135e94ad84fe372f062d8205ae1d9523dc4e9d288c47877e66054d06c988fcb215efda726f6a78146bb5cf5c71275fc561fc808b59728652c554ff8e4b99a8483403f31c20a892ccc4de5a4cad35c058f0729adc89e01f966e44c436e782e55186fff0762a908850d6ac6004101fcda49350e711a24f76874b798548df6a591095b658396bc46088628ef7d0a4f33702e8cc258e56226725dd01b4f77ba32a46cc52bcd5f109dc64616b4461bee3423ced53ae2be92a64d6f203efaac25f52a74ecdb0b850bdab654a06f169e558b601ec95ac38f7e64243b0ac1071b14274680e5617f96cc7d0f727eb0e087413ad81841a6e9ab934b
I: MonitorObliviousTransfer::next
I: GeneratePublicKey::next
D:  sending message (size 0.000768 MB)
I: MonitorObliviousTransfer::next
I: SendPublicKey::next
I: MonitorObliviousTransfer::next
I: RecvEncryptedMessages::next
I: MonitorObliviousTransfer::next
I: DecryptChosenMessage::next
I: MonitorObliviousTransfer::next
I: ChooserDone::next
I: MonitorObliviousTransfer::next
I: MonitorObliviousTransfer::next
I: InitChooser::next
I: MonitorObliviousTransfer::next
I: RecvConstant::next
D: received message: 8cae0acb9c22331e45911e26952c983a726950580a8f3a9d891b5248fa7cb5e963a379e7f8ef781cf82c1d4004eff2c4b5760db46cbbe23dcc299a6a929a4d5a9f6b598f5d2b7d515f730bff7cc82c55d6e59ccdc7c9bf0018b0c1eefe05ab7dd52dc36e109c647b28fec13d00fec8930bb7886bb16cc84e20ae9cae6c2b8d1afce1aee7d62c48d24879830acfe2579ce04fded62cdec7001d3acd13438d5e8a49bb496d49672a32abdf1baad8b08d3d0572a2c98bf7797fe019c6a530cd279034f03eb1e6289ebb144461f0fa9dc394c2fe07893cb6a92e0b2ddb034cea46cfaf32e0df53d1bfae800c4d8b49ba8217fac79b7eb495dbe6584eec67ade4f41bdba19707fa3d315bc4f43b36d5bdd03d04420215b2ed403026cd4f2da2785abe8a2e1572f7fe8f8b4104e34670301c3191e7ee75199ca63d5329ca1f3945039b792d06861f7c4cddef4293f74076f54f7c2b6f33a342faf0c4b66d63cfd8a837b2c272a1685cd6d80c2199bae0f7dbada7b8132c2d878c99b3e3341144f1ec76
I: MonitorObliviousTransfer::next
I: GeneratePublicKey::next
D:  sending message (size 0.000768 MB)
I: MonitorObliviousTransfer::next
I: SendPublicKey::next
I: MonitorObliviousTransfer::next
I: RecvEncryptedMessages::next
I: MonitorObliviousTransfer::next
I: DecryptChosenMessage::next
I: MonitorObliviousTransfer::next
I: ChooserDone::next
I: MonitorObliviousTransfer::next
I: MonitorObliviousTransfer::next
I: InitChooser::next
I: MonitorObliviousTransfer::next
I: RecvConstant::next
D: received message: a6cbedf85a674027fd243df1e3e05dda6a6aedd700adb907d5940e63220723e9d7d0bd567b323e2f21c4ee6d9c5d2591de4f85916489df8163ff9aebe029b821429360b0cebb892ef0bea148abd0666d0a54cb02ca9b523d938a6debac9aec9387adc2d0c39e8b8ff18e192ff8792efc5cb8a4449ff52b70aba175c58d2f711bc5d9f59eff954268a0b358f257080900b1ae9175c3273124707f9a92a28443f3b7ee46bb4bb4fc8653f334a6440e00dd8d7653ab41e3b1baf5862b81f3d525ea80db83d1e73320110a49b9f4ff359bc688e481938d07ceffad14eda2b83869f99be040f1dc34032694e779b3db0f4acdb01e9e83a1c5b0a6a59d1e3327ada4a42927f45ea823e0ceb35a726aadefe620c2d9f5ed36e50902bba93a59f727de4df304381ad68dc278abe8b2af79acbe3cd68edb27b50ff6e446d5c2dfd9a6f31c7be3d6b25c488d600ab9d872eead162f89abc51c8ccf77d6de79d9a7204d3d1dfcc64c1bc8e02d6ceddc0fc8c299cf9d741e016b3701a71fa3e3d58879313393
I: MonitorObliviousTransfer::next
I: GeneratePublicKey::next
D:  sending message (size 0.000768 MB)
I: MonitorObliviousTransfer::next
I: SendPublicKey::next
I: MonitorObliviousTransfer::next
I: RecvEncryptedMessages::next
I: MonitorObliviousTransfer::next
I: DecryptChosenMessage::next
I: MonitorObliviousTransfer::next
I: ChooserDone::next
I: MonitorObliviousTransfer::next
I: MonitorObliviousTransfer::next
I: InitChooser::next
I: MonitorObliviousTransfer::next
I: RecvConstant::next
D: received message: ee9396debc0573d6d0471b2ceab250f9f24561219da0fb4b7a1bc467b3212054cae0e72b053c63ec54b7512282be0c398e559720e08db577fe67212a61a6c6d1171ca07f07058be5ff3d7055279a8efc9843787d6890ef5b42b459f27fd806242b979af73508985e398e8698761726ae526a7159eeb4b70d0d1ec321f26939f854c4f6774ec097123b9e10234b671c83eff34d7482c2a284cb33b4309fd702f2c53dd38b5e38ea6d551cfee6214bccc660c9f317f495672892b728f4f47f50738bdc7b62f223cd662d6cfdc515858befe45b6841342d1a59a09bfd4ef08903e82f6b49813ce3f22e526eb5128434573f761cda25659c6ff755bbaf8d9ea2be71277b4968ac4030a76bc2481d737069fffc07d91ec5d4012346f1319a545100a3e3ed4a933ec6226b4c13e71d236a9b50be27153ab990d9995c176dc1d0a6dacabfa83a7f471279b97c7b5300ec91b47c7da842e80bccf46a162c552572eb9de5c864406c18339eb68c96ff4aee9c6c2160fb1b24808c3db7fcd42d715a1d0a18
I: MonitorObliviousTransfer::next
I: GeneratePublicKey::next
D:  sending message (size 0.000767 MB)
I: MonitorObliviousTransfer::next
I: SendPublicKey::next
I: MonitorObliviousTransfer::next
I: RecvEncryptedMessages::next
I: MonitorObliviousTransfer::next
I: DecryptChosenMessage::next
I: MonitorObliviousTransfer::next
I: ChooserDone::next
I: MonitorObliviousTransfer::next
I: MonitorObliviousTransfer::next
I: InitChooser::next
I: MonitorObliviousTransfer::next
I: RecvConstant::next
D: received message: baf0f2386cc4ade10310dbf5b0dbcd24a1b9bd86d6192a1733af2aff295a181e43d8295a1d3916c49ca21e69b2fe708e7a1403aff548fd37e8c326eec42118e9f1faf386c4b8dbaa1720ce65aca8d96298b19bc5a8fec5d18dd089a33d47003885b91acfff84a1685eb39bb46dee823c344596015ebd912059f68d25bc961d46f42ec09984aaf970e9e9d9806e39e0da5fc7542a38d21c89200586d2a3e2c82b2c6b30c209423109a14b4490d4a6497b0ed2efc10d876980b1dfe3000db036cd241fc8079b225d626a1230115aaa33d8f839eb2c7be2a95147e4f9ee09e7519cc64964b6cd6185dfaab895cfe6a48f3f1e9bdcb06487970f2d740d377d7337bd7dff29804dd10cea80f41b124fb5be8b58ad10e2a083766083eecd6c3f13344d30616ca7b769682c993532f2ea29e595d421b38b9e57ccb88f1b0d023771b232041cb887835bca318dcb5f96a5fe30e84ea74a8bba043c9b0c0dd9f90d664babaaea4951f2cfa5bcee84d462928c73cda0bdbf5643250f81a80ed6c24303182d
I: MonitorObliviousTransfer::next
I: GeneratePublicKey::next
D:  sending message (size 0.000768 MB)
I: MonitorObliviousTransfer::next
I: SendPublicKey::next
I: MonitorObliviousTransfer::next
I: RecvEncryptedMessages::next
I: MonitorObliviousTransfer::next
I: DecryptChosenMessage::next
I: MonitorObliviousTransfer::next
I: ChooserDone::next
I: MonitorObliviousTransfer::next
I: MonitorObliviousTransfer::next
I: InitChooser::next
I: MonitorObliviousTransfer::next
I: RecvConstant::next
D: received message: d53ea4c2c94a7b25d83e703d918cbe5c568a2faaa32d46cd1deceb10f02d83ac9aca11f474c0d6c8de3a4b646f1a0d48975cf8414a4dadb6efa0e3e818de0ce1b18e6ef84c1dc17996c142ab73b15b826b08dce94bad6ac3ce7216882b1aa182dde9326ccd08ff84fe3d02007e1b37d78a4b90c8f5a3f1f54ca1f995b5849065e54c3a960afa2ec14f3df00ddd9a0e15c441acd544f65ed658195608c164521eb185de67cda1322debde1cf3fc05954a66e4ba782b31b0a53d3b5fda528c923e9eb4956ad44128cf6618277f18df30ca008dceb5bc161d4b3ab666711131df48a14db5383d2dc4bbfebc5c71ff5aa6aa363424d8452d9336be1e677d5a6070b3cd86fcb0d0f166d46db9bd0bdcedee3c1c1fd8b55661825668351fad603f0999fe3456c822d51133b6618cc9ae3d968d46f4f259ea24ce3c34d84172ced18c0c47fc27e6e5878f32f4baefd9b1ca07faf8ae696d28483c03574d309d8f48baefb6f8c6fe20661d1432551f6f1792328547a78266032675cb410e27453070419f
I: MonitorObliviousTransfer::next
I: GeneratePublicKey::next
D:  sending message (size 0.000768 MB)
I: MonitorObliviousTransfer::next
I: SendPublicKey::next
I: MonitorObliviousTransfer::next
I: RecvEncryptedMessages::next
I: MonitorObliviousTransfer::next
I: DecryptChosenMessage::next
I: MonitorObliviousTransfer::next
I: ChooserDone::next
I: MonitorObliviousTransfer::next
I: MonitorObliviousTransfer::next
I: InitChooser::next
I: MonitorObliviousTransfer::next
I: RecvConstant::next
D: received message: 3cd62eb3d3c7b500c90c46dd3409ad776dc418d9b0c7a71e87c561975195e6e61971e9a17ea638d3e14c9c1ad92a88cda0a24e3a414ed61b27d09f7f95588e079f9029edfff7ea9f1a779db22de0ca29f581c57018636bcfa459705ba1ee368bf066e591a2d76cab9d8e193383f40fc5fab39668e0a175fd1f1022bacaebba5f030cf7ce91ff7a446d15eb223a533242a63314b5b9ef915c5141c27febb5fd715ae785c7819aa910f8eff8d70adc2464389b11a7ff8431a1984429bdb4945b4658320bed18ccf864d67e49c58c989d4e855eb0e0eeba1afd67e381665cecddbab38b6e72e241f74152bf737204ab33619c8e23a4bd7543b3bbf3a6d7cf77bec8a31b045d67885b62f4aca08684e95061e4a49f4465d402e674929e583f70b96574ff55b22355d6aaeb66264effcfffc1e18ad2b4b9d997a03fb5bd1d391736209c5f1e46830e967faadfbc851f366054a9265914619d48ae3e3ec51178e9fd8ccc9c99f5c486a1a069f6102e1d0836bfc2ba665e30647ee11db3f5d13a0972a9
I: MonitorObliviousTransfer::next
I: GeneratePublicKey::next
D:  sending message (size 0.000768 MB)
I: MonitorObliviousTransfer::next
I: SendPublicKey::next
I: MonitorObliviousTransfer::next
I: RecvEncryptedMessages::next
I: MonitorObliviousTransfer::next
I: DecryptChosenMessage::next
I: MonitorObliviousTransfer::next
I: ChooserDone::next
I: MonitorObliviousTransfer::next
I: MonitorObliviousTransfer::next
I: InitChooser::next
I: MonitorObliviousTransfer::next
I: RecvConstant::next
D: received message: 3c0ee28724ffa0ef5c97986502bc24c00883e39de3b818c9b5d848f6f8205a28e45ea4b1f9a4ca8b92bdb140f70cc0e8f442a24cd7c7ba9b03328dc6169a5f9ba498b11aded754eaa292dab28fc954f1748af1c2792da48cbb03bdc33598c07f6f5abf4c845607b2dda324f7c101fa36ca197524761a1cb6e8db56b02e22abb25d0f09a3b4ca66062cc7fd633d37894d73273f696b14b033b3b1b6b3e479c0716dd4fd42a0db91308f32583cbd052a464f9daf0daf08a840a877757dd929971a98a73fdd54dad225f044bb1704604013bd6b97aefe61c71cac2e0ea901ac3e48bf409ac82a888c2497ba8c3737ca4a55070946f622302eb646d41ca292783f0a21a22a1977657d7cd06032d3a331358416b644cd179aa3a30545c1ecf14bf0ca529840a0257e04a1a3f9b05c9b7636cb85b3edcdc61fa1f45cceb1f651cfa21c63d0552b36d43c20d4f2c405330f7edeeb9475875977eedc6c78ae96772d8bdb73855121ac893fce59e18e33b60757b91ceb29b73631eb182ff5b7ed9c817cd1
I: MonitorObliviousTransfer::next
I: GeneratePublicKey::next
D:  sending message (size 0.000768 MB)
I: MonitorObliviousTransfer::next
I: SendPublicKey::next
I: MonitorObliviousTransfer::next
I: RecvEncryptedMessages::next
I: MonitorObliviousTransfer::next
I: DecryptChosenMessage::next
I: MonitorObliviousTransfer::next
I: ChooserDone::next
I: MonitorObliviousTransfer::next
I: MonitorObliviousTransfer::next
I: InitChooser::next
I: MonitorObliviousTransfer::next
I: RecvConstant::next
D: received message: 4f2b70016de44bfff21ccd46ad4231104a869d43df29f169ae6cc2f0980236582114fa47d5d116b44e47687fe0ecd8446fa11d87f795f9aaadf33bfd8649294cf4c2e01e6d5fa4755e28eb2c9c71e32a3278df3b7aaecec3e3c8ae55604427cf26cfb857deea94b4c45bc412ffb0b3d0f0fa48fd69d50a27ea5f910916b36d4d690ac2ba381ec5f017b0a154c0956f28dcc26dd406247e0aedb8c50d461165153bbc67cd266d03b564908f47fba2d48682aafd73962ee24de240744e7e17e18338ae38fc51b475f96fb50296ea19bd3b5e47637e563a4d4a8ab42858fee527b20ccc53360030135f7118fee0fc4f83bc14b7ce233cf69a4ae4c52ee54c74e1481228b1b296bab62fef957be9db5ba2715dc14945e3a190f70badabe532802331f0bce9260fc20e34fd646f1d193d9259414bd3167296c0c2d5d97b9a15a778b4c4709439799bccea05f588b85ea2d7559662e693d5d0bf9b4bfe39189e03a9cf9886fab19c09f573db14705162e36ce6fbd363066d45fac40cd2e00a3e9dbccd
I: MonitorObliviousTransfer::next
I: GeneratePublicKey::next
D:  sending message (size 0.000768 MB)
I: MonitorObliviousTransfer::next
I: SendPublicKey::next
I: MonitorObliviousTransfer::next
I: RecvEncryptedMessages::next
I: MonitorObliviousTransfer::next
I: DecryptChosenMessage::next
I: MonitorObliviousTransfer::next
I: ChooserDone::next
I: MonitorObliviousTransfer::next
I: MonitorObliviousTransfer::next
I: InitChooser::next
I: MonitorObliviousTransfer::next
I: RecvConstant::next
D: received message: 75ab61665873d02cc123a04947058950a8e25dbdd2189daacd21e37389f08b5050cb6e31f1ab60e77dda666a8a55d2d04edd794d75dc6eee61533c6ee83bbedbd361b15c483cb869f1014953eb1d2d4d7c003b12caf0a75763c418b077911aa96d153c2b097849d50d3f9867cd1d0ebe25d5ddbd5385fb73e372416a352d5a887a1500bfd71a01cf268a2462fad95c01cf3583f707912f28bdf5868b1ff3b6de59c50e078737dd90c94b6f55511d8215a967ec22b2bf34e73ab3de250629633a18f26daa151afaaf3a3f17fe652fdb95085b252c4986fea1ba8962e17aa9581fef874f3f9e8ebeecb3f9a26058aa2c12c9cbe436fb3b695b861b2416013c2f98c4f9f9a01f8a4d86ad9c5e7c8e2e64d04f09520cc6b05ad5d8684326cc95d255c8ebd6410c7a8a585ab6b5cedddba928ba6e3edd2281429285705e50a6c30cca1dd1950b84799a438be484a1954579fe55ebc4cb6d431174e5daa97c8d198fb34e6ee304b6d2545b3e7bbf976481160369759c5c16bcd3ba25f781762f762427
I: MonitorObliviousTransfer::next
I: GeneratePublicKey::next
D:  sending message (size 0.000768 MB)
I: MonitorObliviousTransfer::next
I: SendPublicKey::next
I: MonitorObliviousTransfer::next
I: RecvEncryptedMessages::next
I: MonitorObliviousTransfer::next
I: DecryptChosenMessage::next
I: MonitorObliviousTransfer::next
I: ChooserDone::next
I: MonitorObliviousTransfer::next
I: MonitorObliviousTransfer::next
I: EvaluateCircuit::next
D:  sending message (size 0.000001 MB)
I: SendOutputBit::next
I: ==== round duration: 138208.546875 ms ====
I: CopyMonitorStateLabels::next
I: RecvGarbledGates::next
I: RecvSystemInputLabels::next
I: RecvFlagBitLabels::next
I: EvaluateCircuit::next
D:  sending message (size 0.000001 MB)
I: SendOutputBit::next
I: ==== round duration: 138525.343750 ms ====
I: CopyMonitorStateLabels::next
I: RecvGarbledGates::next
I: RecvSystemInputLabels::next
I: RecvFlagBitLabels::next
I: EvaluateCircuit::next
D:  sending message (size 0.000001 MB)
I: SendOutputBit::next
I: ==== round duration: 137604.265625 ms ====
I: CopyMonitorStateLabels::next
I: RecvGarbledGates::next
I: RecvSystemInputLabels::next
I: RecvFlagBitLabels::next
I: EvaluateCircuit::next
D:  sending message (size 0.000001 MB)
I: SendOutputBit::next
I: ==== round duration: 140396.828125 ms ====
I: CopyMonitorStateLabels::next
I: RecvGarbledGates::next
I: RecvSystemInputLabels::next
I: RecvFlagBitLabels::next
I: EvaluateCircuit::next
D:  sending message (size 0.000001 MB)
I: SendOutputBit::next
I: ==== round duration: 138682.796875 ms ====
I: FaultObserved::next
I: MonitorDone::next
