skipping synthesis, BLIF file already exists.
I: parsing spec file timekeeper.v...
I: parsing BLIF file synth.blif...
D: inputs and outputs parsed.
D: circuit initialized.
D: connections (#1474) parsed.
D: gates (#14407) parsed.
D: outputs: 15565 15568 15571 15574 15577 15580 15583 15586 15589 15592 15595 15598 15601 15604 15607 15610 15613 15616 15619 15622 15625 15628 15631 15634 15637 15640 15643 15646 15649 15652 15655 15659 15662 15665 15668 15671 15674 15677 15680 15683 15686 15689 15692 15695 15698 15701 15704 15707 15710 15713 15716 15719 15722 15725 15728 15731 15734 15737 15740 15743 15746 15749 15752 15755 15563 
D: circuit size: 15756
D: adding identity gates for outputs...
D: outputs after identity: 15821 15822 15823 15824 15825 15826 15827 15828 15829 15830 15831 15832 15833 15834 15835 15836 15837 15838 15839 15840 15841 15842 15843 15844 15845 15846 15847 15848 15849 15850 15851 15852 15853 15854 15855 15856 15857 15858 15859 15860 15861 15862 15863 15864 15865 15866 15867 15868 15869 15870 15871 15872 15873 15874 15875 15876 15877 15878 15879 15880 15881 15882 15883 15884 15885 
D: circuit size after identity: 15886
I: initializing safe primes...
I: using prime modulus 32317006071311007300338913926423828248817941241140239112842009751400741706634354222619689417363569347117901737909704191754605873209195028853758986185622153212175412514901774520270235796078236248884246189477587641105928646099411723245426622522193230540919037680524235519125679715870117001058055877651038861847280257976054903569732561526167081339361799541336476559160368317896729073178384589680639671900977202194168647225871031411336429319536193471636533209717077448227988588565369208645296636077250268955505928362751121174096972998068410554359584866583291642136218231078990999448652468262416972035911852507045361090559
D:  sending message (size 0.000005 MB)
I: InitMonitor::next
I: GenerateDriverLabels::next
D:   driver labels generated in 42322.101562 ms
I: GenerateInWireKeys::next
D:   in-wire keys generated in 7752.367676 ms
D: SendLabels::message
D:   generating in-wire labels for 14542 gates
D:   10000 gates processed
D:   in-wire labels generated in 61054.437500 ms
D:  gateCount: 14542
D:  sending message (size 23.065972 MB)
I: SendLabels::next
I: RecvGarbledGates::next
I: RecvSystemInputLabels::next
I: RecvFlagBitLabels::next
I: MonitorObliviousTransfer::next
I: InitChooser::next
I: MonitorObliviousTransfer::next
I: RecvConstant::next
D: received message: 3057c34a939b9e19c792f9e8b82636bda820a1edad6356b558c3947664182277e178b05e342602fccc411a018c99ad49b490f3b848c94f6066de1f10b9dc68ed3830ae23355ca8229f56466e0cc1320e94553dfc5da47a65e9a27ce54d6cd7a80973bad73880d2da80ef86fcd196465b2a074e2355b36b41df56e4b00967aed47feb45674cbfc802bd5c15b36f3df40a7fa9254b1d9bb1c55a98f16ebea583bfd4ecdec4f4d4ac699b94c191f462d09123289153519b1a2d09ecfd959aecf1f89418a0042ee7db356d5520d0742a33199b75bbbdb77dcdd79607be2821cf0d8165cde6bf7f01a365506659bfdd3996507c2f3771bb15e2f6c861a94faad1dc68
I: MonitorObliviousTransfer::next
I: GeneratePublicKey::next
D:  sending message (size 0.000512 MB)
I: MonitorObliviousTransfer::next
I: SendPublicKey::next
I: MonitorObliviousTransfer::next
I: RecvEncryptedMessages::next
I: MonitorObliviousTransfer::next
I: DecryptChosenMessage::next
I: MonitorObliviousTransfer::next
I: ChooserDone::next
I: MonitorObliviousTransfer::next
I: MonitorObliviousTransfer::next
I: InitChooser::next
I: MonitorObliviousTransfer::next
I: RecvConstant::next
D: received message: 886415090e0d45b63767b488578705d263fe6a20cf1c72a4fa85cabdab7f77572d0d389f1c81cbaf69de66373b98d0f9f5a3e123561749ee22adc87ac84aa4c141d28645e658c8f2ab2f2751aaccce6ad8610430b253e8abf1e7ef09552c09b16690f4d7e6fa7a90ff349dc67522c29fdc427cd650ab8b51185a6a6d5e8f46258f43f251e346ab6d5553d10b7bfb8df1a9e4415d42ad4be8fc0c76cf742ffc1e1ff7bd7aee1660fc1f4b2c65fb9ceeb3bc8b9b58cad6a7da6295d768af9349fddbaf101d4ae5d1ecc28b4a509b6a153d7a17b515d66697ba56967cf15abb8c45f4171b91ea147d408729a8f16b9e2f5ead4ae8bc566cd063cc7415b889833ddd
I: MonitorObliviousTransfer::next
I: GeneratePublicKey::next
D:  sending message (size 0.000512 MB)
I: MonitorObliviousTransfer::next
I: SendPublicKey::next
I: MonitorObliviousTransfer::next
I: RecvEncryptedMessages::next
I: MonitorObliviousTransfer::next
I: DecryptChosenMessage::next
I: MonitorObliviousTransfer::next
I: ChooserDone::next
I: MonitorObliviousTransfer::next
I: MonitorObliviousTransfer::next
I: InitChooser::next
I: MonitorObliviousTransfer::next
I: RecvConstant::next
D: received message: 24f6911197d4d3589a98205a8605c607f7d004f04277e05d27d634d54771b6466bebc7ca31a56581c62cc0f7f36f8f08185c6f905473631bd411ae1d33b0c080ff0b11d8ee058e05de5db2c732eac4f1fa341940b1eac25c76b200aaf28a69cd60b1b2c1029b5e99d48b056bcb30bb051f086e17f20eac3b7ea9975b29bb3770beffe6221be6f2d210df4c743934cfdc9d2df7ae9a60590475328274c82006dce8d6938c6809fa1493f4736fc572b1319da86ac1f6b5382aa17e60cc87e611dbf36f942e1ca67a87f759d903934f21c287a70c081d56adb4221fba98a664871ae97f23607564421d8938305ab6868cdee7dda56612f47194759a12e3bdf3ce34
I: MonitorObliviousTransfer::next
I: GeneratePublicKey::next
D:  sending message (size 0.000512 MB)
I: MonitorObliviousTransfer::next
I: SendPublicKey::next
I: MonitorObliviousTransfer::next
I: RecvEncryptedMessages::next
I: MonitorObliviousTransfer::next
I: DecryptChosenMessage::next
I: MonitorObliviousTransfer::next
I: ChooserDone::next
I: MonitorObliviousTransfer::next
I: MonitorObliviousTransfer::next
I: InitChooser::next
I: MonitorObliviousTransfer::next
I: RecvConstant::next
D: received message: d069c2fcb68b82e03292af9213d609f07394a6ae5a7314093779b61c87588e8c23c342c6efda4c8a0fa3450630a471109f4eb5f519c72efe50d3f0333267e46003796db1ec579b7a3aaadb6597e40373558fdf47fc274886aefd15ec92a7e453e5a816c2d3f671073ff173f89db20ce1fcbfa8d4c7f2b861ca217a6ad34fa0ac11a8b6a2a6fd1c299d4b7e88c8456c3e3316afe3b715b80391794ce304044f09ef2922628e1a12339240b5fd53a403dd83e1bde4dab12f0b5286e79cfb556b892a6355b20cbe5339d48c397163e8734d66c19ad73b641e955d8d1fa2601a06ef4d1fef6cc82c7be9646a0f47a49af623f4c5ab20f277be1a850a96b4d87e0813
I: MonitorObliviousTransfer::next
I: GeneratePublicKey::next
D:  sending message (size 0.000512 MB)
I: MonitorObliviousTransfer::next
I: SendPublicKey::next
I: MonitorObliviousTransfer::next
I: RecvEncryptedMessages::next
I: MonitorObliviousTransfer::next
I: DecryptChosenMessage::next
I: MonitorObliviousTransfer::next
I: ChooserDone::next
I: MonitorObliviousTransfer::next
I: MonitorObliviousTransfer::next
I: InitChooser::next
I: MonitorObliviousTransfer::next
I: RecvConstant::next
D: received message: d6abb18bef2c782651f8b35f00698791f41fa623c03b5f95b8cf94e95a325cdf1ae28a2f174168a1ed34ee3d5a968276eb86a149e3002ba7c9ce7192cf44efdea091acb72032fcbd696b2d05c9a9a5d529533043a395fcc49dbdf85a4cdbea79ed0ff22693a5851092675db9edf61b3b234124e9676c5b595d9288ae23b1d7ed93cb0b2af094da682681c6a7055e663a0acf246d3ee7c16b9d27253d0029e24f40321e5254ad2067a7ca18a17f598e244ae444eca9f877d499baf3f945c6e1fabc85391e0d5b71ba221a6725c0d289b201178702e9857bd1e07161c3b81e0db09f5f9d48a11432d875414a8078105a5375a823371587c5e55cdced0bb340afa6
I: MonitorObliviousTransfer::next
I: GeneratePublicKey::next
D:  sending message (size 0.000512 MB)
I: MonitorObliviousTransfer::next
I: SendPublicKey::next
I: MonitorObliviousTransfer::next
I: RecvEncryptedMessages::next
I: MonitorObliviousTransfer::next
I: DecryptChosenMessage::next
I: MonitorObliviousTransfer::next
I: ChooserDone::next
I: MonitorObliviousTransfer::next
I: MonitorObliviousTransfer::next
I: InitChooser::next
I: MonitorObliviousTransfer::next
I: RecvConstant::next
D: received message: 50636838c445564ab4953fc8d0466ee798ec5a57369e67a245139152f4b6cb7909fca9b75faea3f8806316b336c8bd3663998bad29a570351bae87dcac11088eb1e0b9193440aebaf5a48a7f4d1ebd5563dec5361c5e3974bbba927f8dd4ac3378e41fc4bb5b691bb478c91839619878fb399170e05f55a79124848940ca9d27d8f6655e4e898c3465f94027d74cb4ad8c034d31da93767cc62599e6fbd884fa1537ca9284636e746eaa0197cadfadb6aa9448e7cd64d9f087714f91945ca472808ee3babbc5e479457bac9bb509c0916dfa60fe8d5a52ae1d84901257df606a5060322d0349562121707c0ba975e985b3c7450e26036e490063b7f7a2faa72d
I: MonitorObliviousTransfer::next
I: GeneratePublicKey::next
D:  sending message (size 0.000512 MB)
I: MonitorObliviousTransfer::next
I: SendPublicKey::next
I: MonitorObliviousTransfer::next
I: RecvEncryptedMessages::next
I: MonitorObliviousTransfer::next
I: DecryptChosenMessage::next
I: MonitorObliviousTransfer::next
I: ChooserDone::next
I: MonitorObliviousTransfer::next
I: MonitorObliviousTransfer::next
I: InitChooser::next
I: MonitorObliviousTransfer::next
I: RecvConstant::next
D: received message: 38b1e53e5a66b171095a7bf0db6b9a0dcc786080888c5790bd6c83c9614ba90eaaf852bb9070379b630ba35c33c38d6e340aef2c1633cddf4cec0dff946febd4bc23aebb56346a498cfea4d49e7c63415971fa5c1021908abbb9bd48855aaecbe0a77012e0192469128684b1399009cd0c0b6adc518c43d6620879bac502d847b14c038b34939fb5ac4129c9c36dd9d83c881047a4b8cfa5fd5b514a7a1f510e3353fa75842bdf797c5dbc4b9f274c484599ab815074d4e7316f7246ba7a840be8ef5497093aa24aa6cddb7fbac71dc8c1378479a981d12384b22cdaa4110478c5e3da825161247521f04b726d484fc6d6dbe59dbabb5b553c6acbc8316de278
I: MonitorObliviousTransfer::next
I: GeneratePublicKey::next
D:  sending message (size 0.000512 MB)
I: MonitorObliviousTransfer::next
I: SendPublicKey::next
I: MonitorObliviousTransfer::next
I: RecvEncryptedMessages::next
I: MonitorObliviousTransfer::next
I: DecryptChosenMessage::next
I: MonitorObliviousTransfer::next
I: ChooserDone::next
I: MonitorObliviousTransfer::next
I: MonitorObliviousTransfer::next
I: InitChooser::next
I: MonitorObliviousTransfer::next
I: RecvConstant::next
D: received message: 94d8dae76512c4e8e518ec8e6e428ffe23ac49ad69465f3f7ccdf8d9993daab0619071a48c39f0c76ac789724193e9e4c899c1b283892afc2e90d7cbf979b6588b7b2d195b10fedc6927876630ab55e4d53ba973ae4c0b8768f26d7f04354c0a3959d001fb149cf86234fa0cd26542d25a443ed457a8a9c6501de28ee5bc37bde672f15b8f9d8ce08e9dc7d968e3dc1281ffd5519de92ed492f7804a813a5c8b12c2f54b3653ef10c6345bfe812a120cd1949a881297c999d54672a62d952ef5db5aa3e603c01e768928dbdc0bbecd4bb4f6a79477e5dc3b68d8d49cd622166994e86686a7a6c373b5c12c3522543963b86c12c216d827be3050825d17c5658a
I: MonitorObliviousTransfer::next
I: GeneratePublicKey::next
D:  sending message (size 0.000512 MB)
I: MonitorObliviousTransfer::next
I: SendPublicKey::next
I: MonitorObliviousTransfer::next
I: RecvEncryptedMessages::next
I: MonitorObliviousTransfer::next
I: DecryptChosenMessage::next
I: MonitorObliviousTransfer::next
I: ChooserDone::next
I: MonitorObliviousTransfer::next
I: MonitorObliviousTransfer::next
I: InitChooser::next
I: MonitorObliviousTransfer::next
I: RecvConstant::next
D: received message: 17ce1626ce676852ae412caa3c12dda32f98339227d0beaa8c06412c4ec05b22b059ea16407eadbfe1eb1cdbf3c15db667a4b69cf4ec423328c4b1337432c7c308b16480da89b7b1a264c047143f7ce6c0590dd3249a7602ac0a42f1587ac1841374e1ed15bb785db4119ebf00247606505a740d63e041fc62f421d9a8832ab5adffa212fd030b0a187e12a41fe3961c44475b3111afdd986b021d5f89b92f0a3c0e3d2af54019b654374bcfa2bfe908874272366079efa50b19647720f07f185a37e455b1c4798b82fc24232a71936e3d891877c6e6c0f35b2abbc7a7c79c3fd2d031718d419c2e95ebe43eefc87395aa0978683bf551fd7be306f5d7c280ea
I: MonitorObliviousTransfer::next
I: GeneratePublicKey::next
D:  sending message (size 0.000511 MB)
I: MonitorObliviousTransfer::next
I: SendPublicKey::next
I: MonitorObliviousTransfer::next
I: RecvEncryptedMessages::next
I: MonitorObliviousTransfer::next
I: DecryptChosenMessage::next
I: MonitorObliviousTransfer::next
I: ChooserDone::next
I: MonitorObliviousTransfer::next
I: MonitorObliviousTransfer::next
I: InitChooser::next
I: MonitorObliviousTransfer::next
I: RecvConstant::next
D: received message: 9d48a96a6d6b125d632d4741a507ca6f7700ec8c35517ec1662fe7c4ab371cbdf9edddc1badac808912295d52d44b063b0572502360c2125f9c3db2d95d62b65a403c2127978ed4171cf1d961ae0fca810bbc4cce06d77782e3e054e10925052ec51be326d82d3b4480bc77c58aef5399773c028c7f2e7f90e78253918a71280ce51839c73bf1e045cbfa4a8f8f1f50301a6aa4f7e51aa8ad0c7792ffef4cd9880df06d594da2b9da005d6deb50f83ea6ac8d94fa152db9c0501814235aa5a272aea3b895fd864052e99de65a68254c187134e8687971da0b08d8e4e4b9397f4dbb1abb9746d8dac276522697724a6bd8d283194a85ecbb4da29ed68e0dd23ca
I: MonitorObliviousTransfer::next
I: GeneratePublicKey::next
D:  sending message (size 0.000512 MB)
I: MonitorObliviousTransfer::next
I: SendPublicKey::next
I: MonitorObliviousTransfer::next
I: RecvEncryptedMessages::next
I: MonitorObliviousTransfer::next
I: DecryptChosenMessage::next
I: MonitorObliviousTransfer::next
I: ChooserDone::next
I: MonitorObliviousTransfer::next
I: MonitorObliviousTransfer::next
I: InitChooser::next
I: MonitorObliviousTransfer::next
I: RecvConstant::next
D: received message: 3850a8f297a2006d04b835de0b5afba5efbd42a03eec4cf6ba7c7cb26463b82e585161d8f6e2a0d2d5e12bb6eb281dbc3ddfac76adb2da1d88ff6a4661df99420020d5961032cc8b9731b3e50f0aad2951bd0a08444c3762d2e2d2bc138391d4c9eedd3fd318ef4380527622e830731188cc7815c32ca1cfa09dddb0a18b586e663658088397e043fff7d41fff7b527780b66d4e7c384cea2e1527804904f7b3e844c3b0fed95890440a727aacf20d3f693f832e53c73eb8570f89dd5c3cb5ca30eab346fe55daabaac5d088b4afae07af52924ae43b0a584fd18c68432b94c26b42ffdb96ec5c63280f7348fb777cfe4ac45d2865cb22ccb384af50a0ba2a7b
I: MonitorObliviousTransfer::next
I: GeneratePublicKey::next
D:  sending message (size 0.000512 MB)
I: MonitorObliviousTransfer::next
I: SendPublicKey::next
I: MonitorObliviousTransfer::next
I: RecvEncryptedMessages::next
I: MonitorObliviousTransfer::next
I: DecryptChosenMessage::next
I: MonitorObliviousTransfer::next
I: ChooserDone::next
I: MonitorObliviousTransfer::next
I: MonitorObliviousTransfer::next
I: InitChooser::next
I: MonitorObliviousTransfer::next
I: RecvConstant::next
D: received message: 1b94243f63ffa7a6c2c074ea47e4ed21cfd1119b65a7ac07f9ff6220439719f977043e9c52c7c59b7f661b90c854ba786f2ec22531bf030c913fef0981694ee68389b17a506ff1882e28477c68e40d8ab5df31d57bd51b688147e4d7c46089deb8480c1b3926683cf4bada4afa090b102fc37aee553874923cb362b414e3a63a88e244cfaa371fc4fe3d742697a88f4fc22fb5c0a54e3efc72433177d04ad7b502cfd8d5f5f6dfdf1fa269fd65fdb43e65b96a42c54498d9cd60fa4f8e5a51cd90932bf5c62429fc8ac9b90fb92f0a09fdfbe86534426578f62bf9e7401a493d4011e13f3b95623e8f196ef5cc0d0308b5421362d537216fd488f38d0389f495
I: MonitorObliviousTransfer::next
I: GeneratePublicKey::next
D:  sending message (size 0.000512 MB)
I: MonitorObliviousTransfer::next
I: SendPublicKey::next
I: MonitorObliviousTransfer::next
I: RecvEncryptedMessages::next
I: MonitorObliviousTransfer::next
I: DecryptChosenMessage::next
I: MonitorObliviousTransfer::next
I: ChooserDone::next
I: MonitorObliviousTransfer::next
I: MonitorObliviousTransfer::next
I: InitChooser::next
I: MonitorObliviousTransfer::next
I: RecvConstant::next
D: received message: 81ac4ac5dd70363a40f5bc56a3a965500e70b9b771371f83c4c9a41f2697588f46150e4fbdc496b27ed440533cb96e7899e6034f5ba9e75b519d37f25f6e421026e9a1b5352f7305e0da4c29101f18b3bc4f9b4de9ae01663b5245dc83cc7f34f32349b25cbd4476ba5ddc7e8446ffa87ded8ab4c0fcdcb6faaff748c595ad3257e2b3a5aad814cfb2b6dfbf55fd8ea1a1cdbcc3f7e4d094b04ef6bff02e217dd4464c6d6d52354cc061ddcca35cd2997b40a0c1749ba21b6145214e4a39f37db578188ad7e003e2e6d1a0108d0d3fc5d97b888295f0a415c45cae33fcd0dee3043e15dd0011a677cede6216ad3c9d460309749410a1c0afdae85067da9c2807
I: MonitorObliviousTransfer::next
I: GeneratePublicKey::next
D:  sending message (size 0.000512 MB)
I: MonitorObliviousTransfer::next
I: SendPublicKey::next
I: MonitorObliviousTransfer::next
I: RecvEncryptedMessages::next
I: MonitorObliviousTransfer::next
I: DecryptChosenMessage::next
I: MonitorObliviousTransfer::next
I: ChooserDone::next
I: MonitorObliviousTransfer::next
I: MonitorObliviousTransfer::next
I: InitChooser::next
I: MonitorObliviousTransfer::next
I: RecvConstant::next
D: received message: 73037d206f3673c68cc36a1929c0eb06bacd0c7f71db1d5fee4d86ed6571b02a20701748cd4e0bc213cbbe64d31429542612706490b572417eee208ede6903d833d426fc851d7f22c59c8fddf16cc9187cca14e15e39167c77c9a36b8cb70ac3d6151c63a6c21069adaae70f04f29033193d41126d02e457b139ac3e91f84a31117ea2cb0d7470c43b68a4151d2a6e267f4ee6f046da3d3c8cf65bc54d4b9ca61f8ca73d5ee0071117b4bfae285d74925da72f2115a9506abef20b38d8e44b5c1cc34d9c01e6f160a777fb524408ffd35d7086ee6d3e78989dfb4f68740ecd239b561647fdea9d85c8e9e1d97da17b3c6d3ad063f045e3c60ec0e29e59c39a7f
I: MonitorObliviousTransfer::next
I: GeneratePublicKey::next
D:  sending message (size 0.000511 MB)
I: MonitorObliviousTransfer::next
I: SendPublicKey::next
I: MonitorObliviousTransfer::next
I: RecvEncryptedMessages::next
I: MonitorObliviousTransfer::next
I: DecryptChosenMessage::next
I: MonitorObliviousTransfer::next
I: ChooserDone::next
I: MonitorObliviousTransfer::next
I: MonitorObliviousTransfer::next
I: InitChooser::next
I: MonitorObliviousTransfer::next
I: RecvConstant::next
D: received message: fc2f4e0a8d0b79cb5c0a91175b0668fb1782249073bc55b54021604d71b5f761ff87de75c2f3831d0efd107cdc0f85ff0b49beca7c8c977c5ea829e2fa4637b710deb98eb235dead4ac1affcfd4d7df542cda9c13214b29961dfad59eb3f08c470ab1b31d4ff9883ae7fc6c90a96cbd0ba6fc43410337f1baa2c29a568bc32e26196a3e7862dd1268d784992656d0ac60f5f94930ff7f7735fc9229de5234b13851de8ffd04102931cadff2bda8966320a31447243d2cae0ae4b7313d2474eae23038a42e23cd5770add1a8333c5932d8682808a01be2e689fc4bf94c1eebe7148bed44d82ed3ee3992c84bfdd96a281e5144ca305b002c5dd6c95c7f13e36d5
I: MonitorObliviousTransfer::next
I: GeneratePublicKey::next
D:  sending message (size 0.000512 MB)
I: MonitorObliviousTransfer::next
I: SendPublicKey::next
I: MonitorObliviousTransfer::next
I: RecvEncryptedMessages::next
I: MonitorObliviousTransfer::next
I: DecryptChosenMessage::next
I: MonitorObliviousTransfer::next
I: ChooserDone::next
I: MonitorObliviousTransfer::next
I: MonitorObliviousTransfer::next
I: InitChooser::next
I: MonitorObliviousTransfer::next
I: RecvConstant::next
D: received message: 62f76409f59064429850f8b030cdd69244f12cefd19506c743415f495c2fc0fe097427f7ed9fa7547894445eea8618c5fda2dad0be8818f7d6069111f8ccee7c36ecfc639117cadcbd06987960dc6b29fd1d916b2f37671db0265ea7577122696be8be5a53029a732594b367e495f6b603b0fb7e16c329c8f52a61d689d60bf739b3aa0e81c6cf18debb5568a1ed4484d33f3a00b711d3c7abe13d3eac0ed70f76180519c7870e8a84c76e3aa407c70f294fac451fdefe76affa5b5851785fc966bec58db2d74faa9cf37630f59d2800cb29512f977e29a4657128839d377f61d6c18309109d48ca1855dc64827f0e4446e0f78aec3d3fcc43e2657c3e3f770a
I: MonitorObliviousTransfer::next
I: GeneratePublicKey::next
D:  sending message (size 0.000512 MB)
I: MonitorObliviousTransfer::next
I: SendPublicKey::next
I: MonitorObliviousTransfer::next
I: RecvEncryptedMessages::next
I: MonitorObliviousTransfer::next
I: DecryptChosenMessage::next
I: MonitorObliviousTransfer::next
I: ChooserDone::next
I: MonitorObliviousTransfer::next
I: MonitorObliviousTransfer::next
I: InitChooser::next
I: MonitorObliviousTransfer::next
I: RecvConstant::next
D: received message: c88792d52873883dd07c6023eed7d025981eb7fd87ea3f6143efdb2ac35555e26094f0dae89317f1f18d95ce568e6b7955b436a60677d1412c09821cb38a0913a231ee9646773538940a06c63eb46dba3f4d0a4c90d8e8e5123a2089fb71f81ec2fed135d7d5656e185a944d6c6953bf1fb9e37433ec9f74be2f6844d4614f1f831715e47e1eb8d0daafd0e5b2eba817a850155efa075ee90372eb3ee3f532d9aa7f67639528a5cc8b9df2599147b5c70f571f5f6abadda22d14a9a1c77142fd5469492dab5e23598e809af618337c3175c9515a6460f6eceab54468e067ec6322c98b0ab9dc86239c2c306b784a081a95eccae2d9f6731e742fd05430e5edd4
I: MonitorObliviousTransfer::next
I: GeneratePublicKey::next
D:  sending message (size 0.000512 MB)
I: MonitorObliviousTransfer::next
I: SendPublicKey::next
I: MonitorObliviousTransfer::next
I: RecvEncryptedMessages::next
I: MonitorObliviousTransfer::next
I: DecryptChosenMessage::next
I: MonitorObliviousTransfer::next
I: ChooserDone::next
I: MonitorObliviousTransfer::next
I: MonitorObliviousTransfer::next
I: InitChooser::next
I: MonitorObliviousTransfer::next
I: RecvConstant::next
D: received message: 866f0abe56c9167a25d125f7548eafb71104d1b2748d79d3dae7ccae928131644aa7b2287dc20394a85cec1bdd54c247cc2867589c7dc9a26ec72c53f3d9ab085277793f76c7de5a26ce60aae2bd6a5455bb492839973b32defc3a77a56867d120c68e62bbb24aff4b24784d0ea1ad3a57325eabd9dcf73ed22bc7878679e7b6db0c752d6d8eb1c306c026d184ed0a76cf1841d2f04dbc5888f0d5c6515d4b94b25f050a70ecdfd7af7f9378d8651305cf01ac19791104ea028d8d85c4dafa6e088d8ae18dd433944f1ec53c340f963675d2da6ae54b5aee420fc9ac499e897da0d2eeee21889012788630193a1cd3222993696d65f1015fb170be44e1e55ddd
I: MonitorObliviousTransfer::next
I: GeneratePublicKey::next
D:  sending message (size 0.000512 MB)
I: MonitorObliviousTransfer::next
I: SendPublicKey::next
I: MonitorObliviousTransfer::next
I: RecvEncryptedMessages::next
I: MonitorObliviousTransfer::next
I: DecryptChosenMessage::next
I: MonitorObliviousTransfer::next
I: ChooserDone::next
I: MonitorObliviousTransfer::next
I: MonitorObliviousTransfer::next
I: InitChooser::next
I: MonitorObliviousTransfer::next
I: RecvConstant::next
D: received message: 1c771fe383681f19b3dec83eebb4c45fe9aa4e8c6f81eecf8a41e54e33a9aa0de2671fec2f49cc803b6d09fbfaf195a5d11ea91367abcf1f391025377811b960d158b30beb426e3fdd1c7cb4c390881fa7b11cd98a21ec7dc86dc793896fcc73eef689db3649499be688214ba9e00c340b960ff8dffdc752cf0c8211eeb7c0f2bee7fee17e7ca3f8fd9d517cd43ea5203276b49fdca3c2e0e9768ccf04918638199e9329c7b3326bcdaa2f23063de16a2ba2e45dbce61c2b24d6da42310c0c15047efbb8c859469457e3dd9397de66b6d91cf91a1fd79bc0cea37ed51a67cc9912e1f47bb31b9e89d2256c1e19879c58ab098af31bd810153c23749dd6486e54
I: MonitorObliviousTransfer::next
I: GeneratePublicKey::next
D:  sending message (size 0.000512 MB)
I: MonitorObliviousTransfer::next
I: SendPublicKey::next
I: MonitorObliviousTransfer::next
I: RecvEncryptedMessages::next
I: MonitorObliviousTransfer::next
I: DecryptChosenMessage::next
I: MonitorObliviousTransfer::next
I: ChooserDone::next
I: MonitorObliviousTransfer::next
I: MonitorObliviousTransfer::next
I: InitChooser::next
I: MonitorObliviousTransfer::next
I: RecvConstant::next
D: received message: 570b089b6b3a6c01b3e55e46a7a7bfc870d5d6793eddceb74bc1d373f3ce473916b4daf2eda3338d8879ba3869d620949da4873e3ea15d685b5bed4f764909ff5b2b54a5c9566e4ceaf93b8d717d32b8c2a2b7033596f13ad17054d4bf64a22cb9d1bfd928ae2c3bd08e7392e4b6e394e64cf5a9f039693dfe2c38f9668e6360c643387bdabe5d1ed3b3f95bb08babc110e2a7595fc73acd93adcdbef6f8023f0002ea92801ff4efc6c254a74d3d7689b75d6f3f7fedf0aaba53c295598332339075616cc7928247ff1862615001c0f9f026023902dc15dde32a64d85f13db09be00c297405065437416df3866b04f138392a8b246d26ed9ce94a5c8af3722de
I: MonitorObliviousTransfer::next
I: GeneratePublicKey::next
D:  sending message (size 0.000512 MB)
I: MonitorObliviousTransfer::next
I: SendPublicKey::next
I: MonitorObliviousTransfer::next
I: RecvEncryptedMessages::next
I: MonitorObliviousTransfer::next
I: DecryptChosenMessage::next
I: MonitorObliviousTransfer::next
I: ChooserDone::next
I: MonitorObliviousTransfer::next
I: MonitorObliviousTransfer::next
I: InitChooser::next
I: MonitorObliviousTransfer::next
I: RecvConstant::next
D: received message: de1c49fd4e3fbd7d321808047561b65b81daabfdb2be58827111488120b9f56ed493078d81f3b11454a637f3d2c4ed9d1a99ff9693385d9f737b6040abd68130affe216e4d1a5f4f8d7d37f64f9dd9fd23981943f44b85109951e7ac06cc56148cbf30314c46bc444c7aa39e8027fa2e2f0f34267d6969a5e3632dba627e54801f1fad43fc7eacc0aadd5cf137feaed9b4dbbdbcefaa6fc06d300bf7ceab20ad45ce0357b901e73e843953017cfbb521b3100c94f366c04c5524bd39a79f6adbdaceeca65504b1fa36c441bbafca6d8172b60d28207d36b64dfd26f4ede910eec05e226f97379721570de50ba027973f3d09fa862920775e366bca6f0817a059
I: MonitorObliviousTransfer::next
I: GeneratePublicKey::next
D:  sending message (size 0.000512 MB)
I: MonitorObliviousTransfer::next
I: SendPublicKey::next
I: MonitorObliviousTransfer::next
I: RecvEncryptedMessages::next
I: MonitorObliviousTransfer::next
I: DecryptChosenMessage::next
I: MonitorObliviousTransfer::next
I: ChooserDone::next
I: MonitorObliviousTransfer::next
I: MonitorObliviousTransfer::next
I: InitChooser::next
I: MonitorObliviousTransfer::next
I: RecvConstant::next
D: received message: 3af288f585321d17d10656eea6326496784d431e5f88cbfc7c4b94db9bec1b21d62c3bf79d64a1261a6bb5411857c2c8757a0d2b41007f361622c0d0acda40425f3f40a02682b2479a82d002ba8433b178e3092005f333eb1b3bcbf2871ab12763f14b20ba99de6dad5a9f4ffba0d2bddea85a0c4c69139737ea3d33ef654cf33444ee956f62c81d6daa8c6016c9128961e65b02cdc709522d6752b52d22699fc430bde1d04c0d24fea19ab430093eecae53e373a46ab644d000f9478dc3928172d3be7b2d8c86835225b8528185f907d9596ef2cb2c71bc9ed9b62e2f77111c6110cfba77eec6e44f7e8bd103c2226ab84909f2e1737386c2974ef8d9289f1c
I: MonitorObliviousTransfer::next
I: GeneratePublicKey::next
D:  sending message (size 0.000512 MB)
I: MonitorObliviousTransfer::next
I: SendPublicKey::next
I: MonitorObliviousTransfer::next
I: RecvEncryptedMessages::next
I: MonitorObliviousTransfer::next
I: DecryptChosenMessage::next
I: MonitorObliviousTransfer::next
I: ChooserDone::next
I: MonitorObliviousTransfer::next
I: MonitorObliviousTransfer::next
I: InitChooser::next
I: MonitorObliviousTransfer::next
I: RecvConstant::next
D: received message: f0023360e8a669985282159e8200564b71c40c5adea82bfaee1bf25b975559807054293a2f1928a7e24fdafaa275a2a835611aa571a4ae594f02e123ea203ec48f12400caa5f4259bca74ba9f80991c1e0ba7d1fb8d1889e6373318d7cf528a387acc08a8d3a9f3147637b186fd87576f5e9ca1b0e68e64466ed312e4bc9f41568db56d673aed08a0d936ea5818ed0d9658d7d876d9e5563ddb3034934e33f2512824243ec4f4c8252a65417501406efa964a8115854e60640ec36cd94c5957a7797e6d9c98419515c2ed61d0c4a99a4bd98f31d416c77b8d6a2695479e4563cb7df737cd2bdceeaeeeec2f03b122bd5e302279767841d8118bdf98ffebe0a46
I: MonitorObliviousTransfer::next
I: GeneratePublicKey::next
D:  sending message (size 0.000511 MB)
I: MonitorObliviousTransfer::next
I: SendPublicKey::next
I: MonitorObliviousTransfer::next
I: RecvEncryptedMessages::next
I: MonitorObliviousTransfer::next
I: DecryptChosenMessage::next
I: MonitorObliviousTransfer::next
I: ChooserDone::next
I: MonitorObliviousTransfer::next
I: MonitorObliviousTransfer::next
I: InitChooser::next
I: MonitorObliviousTransfer::next
I: RecvConstant::next
D: received message: 99b2679fa9d6bdeedddd3722d7c8c2a4a639eb1bb304b8c8474fdadd953d126d49b8f2383747eb245991727fee973abeb1627cbbdd335f0dcdee4f6518ff7e224e7bcc79b8f2d88e1ec8593f8d0595c6c0e2b0f0345f971d3832312dbe2849af8a9b56c423690a239fad22cbfdfc6bc9d632eda28c62b9e3bfe7679539191cb60be466b7619e01248917b952ce2cb3cbc8144f59ffa7245c459b9676875def979e7f681ec6f242309abac8b1d3e7c29672d43bede7e59541a3e5be82ea992926eefde37b5ce4906483fd4b6a817c9c69d6ca086b56e72c5570f40e42ed5437f2beba54db8c2e91bac0fa0c7eebe57e20281064d8024697612df3067a92984e6
I: MonitorObliviousTransfer::next
I: GeneratePublicKey::next
D:  sending message (size 0.000512 MB)
I: MonitorObliviousTransfer::next
I: SendPublicKey::next
I: MonitorObliviousTransfer::next
I: RecvEncryptedMessages::next
I: MonitorObliviousTransfer::next
I: DecryptChosenMessage::next
I: MonitorObliviousTransfer::next
I: ChooserDone::next
I: MonitorObliviousTransfer::next
I: MonitorObliviousTransfer::next
I: InitChooser::next
I: MonitorObliviousTransfer::next
I: RecvConstant::next
D: received message: 7f8dc6a79498f13407f92d5995a2e512d964bdb0521f54bcd8034e628564a4cd63be2e6a0a4630c441c867e8b5a73020ce8206df8497306ca3a3a5cb440b8272a62820a601f1f4824bbb26fe4d42961fa65cb43582d4bc543e3755293819aa11e74438f38a2b2d8d50fbdcbba2a90cb28e66c4c282d7e32dfac3b0735ef59b4e5269803cf65c00528efc72d06f79d127df1a1d99459e80707d3558f23c6b0aab0a2f9b03d087f6a65058b727abba9d40bb2746836bc52d593f44e0eec6f0d7b28d67a6de7d612f7fad4feebcaa9864a7bda41decfc80ff0e1d2cf7199f73d6709c09252c313012d5cdd3a2185be6500f38db17dae490b29b20f190ac350a5393
I: MonitorObliviousTransfer::next
I: GeneratePublicKey::next
D:  sending message (size 0.000512 MB)
I: MonitorObliviousTransfer::next
I: SendPublicKey::next
I: MonitorObliviousTransfer::next
I: RecvEncryptedMessages::next
I: MonitorObliviousTransfer::next
I: DecryptChosenMessage::next
I: MonitorObliviousTransfer::next
I: ChooserDone::next
I: MonitorObliviousTransfer::next
I: MonitorObliviousTransfer::next
I: InitChooser::next
I: MonitorObliviousTransfer::next
I: RecvConstant::next
D: received message: 73e6d5a3669b2924bda3bde4bfbc8fd30dd46d4e449b721631709e39b50ea82ca7c2cb0cda0790246e8ada5915552ad22e8fa51c5de9aa36a9889ea114e1cc8643922ecd685b514643d2b7ad5534a40e63b6fe23e509e6837d41b89f9bc0b4ece3b0d7417a672523ef9649dd4835aa1ad883f4f91aba614d5b4bee0063fc61b88a3d6e9132baf5a4f6ddc4be3b32a0fbca8020c0cfb07434d6bafaee718b0bd6fd327a862e7cb59869b9e9879bfb5eb5089c84f7974564e3cee6c364f5b3ebf4ca6b8acee17012d61adedc85fc80d7354870a67760276338a7097bbc8deb16b8133963fb8da63773abae11f7c9720a77ee41c4fc04d0d3d68fd6f5e6106d0447
I: MonitorObliviousTransfer::next
I: GeneratePublicKey::next
D:  sending message (size 0.000512 MB)
I: MonitorObliviousTransfer::next
I: SendPublicKey::next
I: MonitorObliviousTransfer::next
I: RecvEncryptedMessages::next
I: MonitorObliviousTransfer::next
I: DecryptChosenMessage::next
I: MonitorObliviousTransfer::next
I: ChooserDone::next
I: MonitorObliviousTransfer::next
I: MonitorObliviousTransfer::next
I: InitChooser::next
I: MonitorObliviousTransfer::next
I: RecvConstant::next
D: received message: b7fc2ffa29644ec3aaa5001a0f9e5ab3fd7c4e1167e6db9272dc8a74c7169817fadb3100e1d49a1c95f71eb25315cacb9bd50a9a08a243dcf0f40e57225f1d7503ed404194e0145d99846d287ea8c4998c1d2a380d910920a6513c60860a7132235050ca3e7cace992ea69199f23bdfdc0c3ab7bf19b78cc3a60e60d4fe70391d7026d8296123548ad77046450098f76948d386298af33cb7187e935d1bcce26f4114664c8701774ad153ad62d638c4d776ad58f917880151b34dced947422ed2c704792636fae7fa2db15bdaa4ea2e469da70a7b85c5981d3e724c6481e847a3e3b74effde3a951bb24d5a02043494fabf544a05856101bf5dd269d8fbab477
I: MonitorObliviousTransfer::next
I: GeneratePublicKey::next
D:  sending message (size 0.000512 MB)
I: MonitorObliviousTransfer::next
I: SendPublicKey::next
I: MonitorObliviousTransfer::next
I: RecvEncryptedMessages::next
I: MonitorObliviousTransfer::next
I: DecryptChosenMessage::next
I: MonitorObliviousTransfer::next
I: ChooserDone::next
I: MonitorObliviousTransfer::next
I: MonitorObliviousTransfer::next
I: InitChooser::next
I: MonitorObliviousTransfer::next
I: RecvConstant::next
D: received message: 6abe296bc9c23a8a8cfce174536746fdeb49a106d2772bc495698b431353b8b4a0da6f15d369f3931843e8e0c278ab93e437754152cbe311010e36b7f48a46175f213a191461154ee357e51812a217806cea0c42206c3fad61584a209303cd50d1e1048637968e6c15fef720b53d1a978f41d69aa1b528005a27b7c0fb142d8c218ecd50adf04b098680757e608d2a6754a4cdfc4d7ef103dd2acf994d36fd79ff90303b2cf96d6154e80ba4546181032a425c5718914e5bd1225a8a10a2be5a5d8cab70de179dcf16ef4e41f412d05391d4e29505d8773799fb6ccfbbef260c6a5741563ac14f38a5db93b352db8058118b3e8dfa3313f267244ff0c06b8270
I: MonitorObliviousTransfer::next
I: GeneratePublicKey::next
D:  sending message (size 0.000512 MB)
I: MonitorObliviousTransfer::next
I: SendPublicKey::next
I: MonitorObliviousTransfer::next
I: RecvEncryptedMessages::next
I: MonitorObliviousTransfer::next
I: DecryptChosenMessage::next
I: MonitorObliviousTransfer::next
I: ChooserDone::next
I: MonitorObliviousTransfer::next
I: MonitorObliviousTransfer::next
I: InitChooser::next
I: MonitorObliviousTransfer::next
I: RecvConstant::next
D: received message: 105b57f9177f29b1ecc9b9b4f2f67f751609d3dc30d9974816a449afffb904267df3a96f43af132cbfa434e7b0865c2e9926eb9c66e403ca37ac0f0e3b0f80ed469087a9aafe8c9b7bf17f09c70bdf59bb99917aec18d3c2fe62829452ad3cf5bd3a5abdc0aec3005a09e9bc5f9ee102bdcc13e27c1f8c61a608632657af1a43a07299286247130e875990111b1dfb4347febd3d1fac10776ad4e910bfcddcb9fd990e41ee238d6e21525ed5b25af37781134d0a59a319d7d23e8fabc42ed8b35b028286288e06578c7ef1ea6ca7500fc326f507a5bfa6a05a2b946e97d0119a2f9f083c7a877a02355045f0e60e10c445d33b66fddc3716c4fa35675e4d71dd
I: MonitorObliviousTransfer::next
I: GeneratePublicKey::next
D:  sending message (size 0.000512 MB)
I: MonitorObliviousTransfer::next
I: SendPublicKey::next
I: MonitorObliviousTransfer::next
I: RecvEncryptedMessages::next
I: MonitorObliviousTransfer::next
I: DecryptChosenMessage::next
I: MonitorObliviousTransfer::next
I: ChooserDone::next
I: MonitorObliviousTransfer::next
I: MonitorObliviousTransfer::next
I: InitChooser::next
I: MonitorObliviousTransfer::next
I: RecvConstant::next
D: received message: 59bb748c2311f3ca4d25e1efb403ddd03e137b6ca17959634cfffa7c6b80c20df2596c29cb309cc2d531d5dbda747ca756e15c3e269123e1af54ff4013f7b18a52c73df346c5af676791a8c32a131b32fa8a775823418ae3ba47895dfc9f35aeaf5be42f843d2c19e96633b8fb6c9df148b4c6d0c4801ca9799784fb2f5559fffc630df2b944c56f280e909632a139bcdee69697cd9718683b743e85afa0c13da4e29fac1e763528e8b114eb3850e6763d9baa1b10fddf28e68b5185c78c41103e488368dc17839e09546791e1e50fbeea6268fceb2d071af92dabbadefcf7b6ebac6565e32d468367c4a0d2492a61807b0e0ae5af077e19b71dd27234c711e1
I: MonitorObliviousTransfer::next
I: GeneratePublicKey::next
D:  sending message (size 0.000512 MB)
I: MonitorObliviousTransfer::next
I: SendPublicKey::next
I: MonitorObliviousTransfer::next
I: RecvEncryptedMessages::next
I: MonitorObliviousTransfer::next
I: DecryptChosenMessage::next
I: MonitorObliviousTransfer::next
I: ChooserDone::next
I: MonitorObliviousTransfer::next
I: MonitorObliviousTransfer::next
I: InitChooser::next
I: MonitorObliviousTransfer::next
I: RecvConstant::next
D: received message: c323388f4fbe49b4e10eb41906a6b0d57965acccba21f5848584751010c1eeefa18640214e46f353d802744941faf35c01ad24f23d710ba24ea1adf4a3559321b667b53c145407d3e079ef33b2a3f8581398542030e7045fe0f11faf7d1a64ecd61c16d15ad541cab0b30b39b00a869fe9f36bb079e58255173102d28f4ae604d10ec91b7d128bd0b0a372078201efce0fc56ef842b26eb94f150a1d6cf07f096952a7fe36f0a278ef4fd0dd9b7c4d11bb7e425ead91f7222baee3f7e99b614e1689cddd5f4063bb8ecf5475f7e56c3d9e78a22ae17f7ecc08484a635844fbdc894e1fbf6f16fd65d2d33d8bd3f976a2803031b54686bfc7c5c8168eb6905080
I: MonitorObliviousTransfer::next
I: GeneratePublicKey::next
D:  sending message (size 0.000512 MB)
I: MonitorObliviousTransfer::next
I: SendPublicKey::next
I: MonitorObliviousTransfer::next
I: RecvEncryptedMessages::next
I: MonitorObliviousTransfer::next
I: DecryptChosenMessage::next
I: MonitorObliviousTransfer::next
I: ChooserDone::next
I: MonitorObliviousTransfer::next
I: MonitorObliviousTransfer::next
I: InitChooser::next
I: MonitorObliviousTransfer::next
I: RecvConstant::next
D: received message: 53d7b929fac28da3d33743459024243842affe6d0fa90f38ad3d7a449a9cda2510caebeecadc408ad972b512b952806fa68d5a001c193e85dbf105e7eaf5a40f3f8f4372c5ea784c58677fb892d03960e251df24ec0594c80716d34e40d6d8cc6b06a2251514380e30943d26529a220d7035c81280e51b05419e635a13083e268eba8b8f24d66d8a145032c363e8c894126b76357f6e1c707b2d14f380784951894cd283f877d272b7c1ddcdd3bce8b9a4b98f3221382a1416bd1eff64828ef96982f2dd081742f10815b9e6b613c9d85bcd596ba5768fba8b8c3faf773398372ec4966bb02e56f2090a234d2d240e3941993a895efcca75db5414fa4444c225
I: MonitorObliviousTransfer::next
I: GeneratePublicKey::next
D:  sending message (size 0.000512 MB)
I: MonitorObliviousTransfer::next
I: SendPublicKey::next
I: MonitorObliviousTransfer::next
I: RecvEncryptedMessages::next
I: MonitorObliviousTransfer::next
I: DecryptChosenMessage::next
I: MonitorObliviousTransfer::next
I: ChooserDone::next
I: MonitorObliviousTransfer::next
I: MonitorObliviousTransfer::next
I: InitChooser::next
I: MonitorObliviousTransfer::next
I: RecvConstant::next
D: received message: 4d110508d44488cd58e6ac4dd1dadb2b3830c5a847af5589d27b6ae574384bc63c6debddb804ceb58ebfea82d58c7a0436a6359267e8ceb14c16206143f5f6168fe77e640144c67c8bc1f39ea29ff503a0a7d52e6471ec9caa6b062b23d1af7b4a47a1f89aefeb8e1878e6b3436820f56a603dd2c1fbea5c3f8be0bbb18f0633aa1374b06fb0d21424207c9042cf2c3c29fec22ecfd64f122905985fe6ea5e19e43c5397a9439a799d9325e9c238acb067b88c1767d927db7f55a19660770110bb4ff29aaa203c730b33e0706e7f071bd4eda8efaf816ab1ee576c51e1f06ffbdffd8c1854bfbeb323a7393998f3c2bac954dee3379e64e3c041beda9dbaa600
I: MonitorObliviousTransfer::next
I: GeneratePublicKey::next
D:  sending message (size 0.000512 MB)
I: MonitorObliviousTransfer::next
I: SendPublicKey::next
I: MonitorObliviousTransfer::next
I: RecvEncryptedMessages::next
I: MonitorObliviousTransfer::next
I: DecryptChosenMessage::next
I: MonitorObliviousTransfer::next
I: ChooserDone::next
I: MonitorObliviousTransfer::next
I: MonitorObliviousTransfer::next
I: InitChooser::next
I: MonitorObliviousTransfer::next
I: RecvConstant::next
D: received message: 7c8f65325c78f507b6faebb3a79debe28e6851df950a14bd10b1761675ec2c92bb84245d5151ac13afc9d13c1a71d8ec0e8c2520be37bacfd445636672bd14fc24a2c243286696488b314579d8320eabfb43ddd8403025f8b608e8172fc37a5bae913b057d9f126a9b650b05832bc628a7bfdc2e1123105f66a70d38c391a3253353e790e6a2010b01ba90dd23ceb0538cc156ed9cbd82bbdd1bb859655c68315685488adfd26856103ff677f1df51abce6881f8f9ec0caacff97f59032c882c051916310724bb1924db11091024cf2bd431cfdffd2de23d7ad33ad61bad36154ad8124ed851a11aa6e5ae53934e1dff7e2ef725b93782732aaa3e506b6efe16
I: MonitorObliviousTransfer::next
I: GeneratePublicKey::next
D:  sending message (size 0.000512 MB)
I: MonitorObliviousTransfer::next
I: SendPublicKey::next
I: MonitorObliviousTransfer::next
I: RecvEncryptedMessages::next
I: MonitorObliviousTransfer::next
I: DecryptChosenMessage::next
I: MonitorObliviousTransfer::next
I: ChooserDone::next
I: MonitorObliviousTransfer::next
I: MonitorObliviousTransfer::next
I: InitChooser::next
I: MonitorObliviousTransfer::next
I: RecvConstant::next
D: received message: 53cf1575fcb67bb2249ecc671b50f0519c671fb59490b0bc2d5dec668e0e8f40280d39b74d74f914dfa66ffa349d2c25ecd83cc003aeef48753e72bcc23e41c8d4c48f888342909ac54258d810baed3525b116535ec5a68afde1b8abd39d4e45f08a3f792a4457750e43e39f5fc9342e126f11bdb9e82b11e0490352c5fa816a5766f8fd8f0ee58943be42b24d7df0d24bf502ec90ef2bdd8c963b644db5bea3c64bc3c49630abc2e02d6eb7747643f245160a391fb21459f9f3e82fd3cfdddfcc9af6ebaa643116e219d53d897398f47d72d425be6bef2a6d9460f905ebbeaf45efd6238a6f8814d3ebeff7849c33ca6e9f3adfad7c083f45d5393af1522b54
I: MonitorObliviousTransfer::next
I: GeneratePublicKey::next
D:  sending message (size 0.000512 MB)
I: MonitorObliviousTransfer::next
I: SendPublicKey::next
I: MonitorObliviousTransfer::next
I: RecvEncryptedMessages::next
I: MonitorObliviousTransfer::next
I: DecryptChosenMessage::next
I: MonitorObliviousTransfer::next
I: ChooserDone::next
I: MonitorObliviousTransfer::next
I: MonitorObliviousTransfer::next
I: InitChooser::next
I: MonitorObliviousTransfer::next
I: RecvConstant::next
D: received message: 43c322b262c2b14ddad380e102c2d218a10643fb7927b95ed3f5f41aeb50090ab64788161129506dc886ffc07d421dc6c6ff002a2e9abd135ebc54084e6e8108a453eb23ebb964b346d166eb458b366425d8e8c664d0642118f8a619f7332e5d5b7ce332952c8f0a6bc14543e9e13028f8b5703017a03fd34792e04a6b1610a2d99c07bda03115fd8069885cc52cab893b98b5cf8b8dfb558e281f1316f8049be32e85aeb463f6b398cd54664431b6176ff5f64c6f01cee59f94a8f07c1aec80542c94f1ab515f9a19f246e5d9df34b06f0986404ef66008be9e3786831cceeb3180fa181c7dee7d83260bffd18a0ad2b90f047bbde3f435f6cccf8941448e90
I: MonitorObliviousTransfer::next
I: GeneratePublicKey::next
D:  sending message (size 0.000512 MB)
I: MonitorObliviousTransfer::next
I: SendPublicKey::next
I: MonitorObliviousTransfer::next
I: RecvEncryptedMessages::next
I: MonitorObliviousTransfer::next
I: DecryptChosenMessage::next
I: MonitorObliviousTransfer::next
I: ChooserDone::next
I: MonitorObliviousTransfer::next
I: MonitorObliviousTransfer::next
I: InitChooser::next
I: MonitorObliviousTransfer::next
I: RecvConstant::next
D: received message: ac46f66b3e162c207341676c34c2c2963586ccc18a28084dd1e7c81652398eeaeaab740c4ff4e566cac8a0c76e19ae972e77f1179d30d663bf31dbc6a909f3cc5c9e6b16a57b69d5320ea1fc5cf8c0a6f98482f1384400dec26e39d7fe70f79c874bc82b701e3be6d2b9bcec8cb08ca713c3e4cd53ac1a6aa1b88755a73cbcd34ec8191a09fb4ca637811fc6c6d65724fc6bb769cdaabc15835f3a0be054c04316f962788c31c67c16a541b6c6eb5b2f037df9d4df46cb668aa099654c3d1ffc972551b72076656e04b14d6fa5d05f27cef1bf13e93bc8b5b5c72265884a64142eeabd75c0724e91f7fce94d579ff9b3453419d8f3d87423b79bb9c4dd4f1e4e
I: MonitorObliviousTransfer::next
I: GeneratePublicKey::next
D:  sending message (size 0.000512 MB)
I: MonitorObliviousTransfer::next
I: SendPublicKey::next
I: MonitorObliviousTransfer::next
I: RecvEncryptedMessages::next
I: MonitorObliviousTransfer::next
I: DecryptChosenMessage::next
I: MonitorObliviousTransfer::next
I: ChooserDone::next
I: MonitorObliviousTransfer::next
I: MonitorObliviousTransfer::next
I: InitChooser::next
I: MonitorObliviousTransfer::next
I: RecvConstant::next
D: received message: c0daa24aa22f720a932073ba1f043c5974a53a37f388d156290ba04aea085ff940b809b88457c9d6c60f3f4ccabe0f4c084f69c2c0db0395aabd3b07b2704b88ad782931b4731a161f114a35ba41eb06114f1e69697baf2a57b172106dd0afce1d111763154eb1bb2cb44e3ea8a744e69c222dd6d52bd2ccb90a121532b33f1fbd2ad5adf9247f316f7d03d204eb8745ab31a3077ad81bf93a324aeab5998934f50061cc92b4d19e5bdf3543890adbb871affa161a26d8161bc179569d2d94b67eb66f5dfd1de65e51f37cc46e9bdb39b3f58c961a2f5dc5c727f9b5d38e54af47062058476d774c86849c772d22a79a0ef2a7daf5391b9bf3996ccfd6537ce9
I: MonitorObliviousTransfer::next
I: GeneratePublicKey::next
D:  sending message (size 0.000512 MB)
I: MonitorObliviousTransfer::next
I: SendPublicKey::next
I: MonitorObliviousTransfer::next
I: RecvEncryptedMessages::next
I: MonitorObliviousTransfer::next
I: DecryptChosenMessage::next
I: MonitorObliviousTransfer::next
I: ChooserDone::next
I: MonitorObliviousTransfer::next
I: MonitorObliviousTransfer::next
I: InitChooser::next
I: MonitorObliviousTransfer::next
I: RecvConstant::next
D: received message: 6468762f7a55a41954b66fff4beb57de39aebe0092b0898fbd853c04c06ccc40e1057c5ba5f33950618dce3ab9f7be0dcff742ecbb369d00ee99efd25b6e962603fb6c4e347120daf221632980c15f7a958888c0bb69520b7d08c2ec99b983da477077e9f2133bfc1fd9e50e232b1dd9e604b51f36ddc5330c3ef65bbc82ea307b6b6c9e1cded12cbd002479f5decdd8a412de2d77c32413fa66cee106b8ff04564edcc8f8f9969d5932fc42954c3cfd3f102cd6e93e657990bc22be69878ed1d349aae4ef99080c938b2f121972f772bf2c7816b173eb2fee830e480a54033de9fb24bb14125d71da2a84e6cc318a5f524ce91c8ff8f090e919636aff7e6594
I: MonitorObliviousTransfer::next
I: GeneratePublicKey::next
D:  sending message (size 0.000512 MB)
I: MonitorObliviousTransfer::next
I: SendPublicKey::next
I: MonitorObliviousTransfer::next
I: RecvEncryptedMessages::next
I: MonitorObliviousTransfer::next
I: DecryptChosenMessage::next
I: MonitorObliviousTransfer::next
I: ChooserDone::next
I: MonitorObliviousTransfer::next
I: MonitorObliviousTransfer::next
I: InitChooser::next
I: MonitorObliviousTransfer::next
I: RecvConstant::next
D: received message: 538d4a0582cbca5f38b6e66a53b0e3b5d1306bdefc9daa4e558195c40469fdf7021612a3ce0182d5b062315fbcb84f7444923bc52736fce79e60b8092165f4424bceb1f683e60b6603c9fd2b28af12b9c94b1d323eae8ca86bf0087368aaa1555ff3011e00e67ca6410842b860ca8ffc0a4fbf2e6243c8fd75ed672cf583255edb178dcbfe8e3c23f475f6d6a8039794fcd8b784bec18a751089ece29426648a9ae57b23a0ca79a63bf545e4a814c0c0ac3539dcdb213bd2e0a08cd6bd0a015dba1010aa13acc6a656d302c64f28938fcc2b6b1e6b576ba0e5b4453b503eb2f7b3d31b1c6bb3b25a5af5021d017e6978f1677a26a2cb23f3fa6549c03b703ba9
I: MonitorObliviousTransfer::next
I: GeneratePublicKey::next
D:  sending message (size 0.000512 MB)
I: MonitorObliviousTransfer::next
I: SendPublicKey::next
I: MonitorObliviousTransfer::next
I: RecvEncryptedMessages::next
I: MonitorObliviousTransfer::next
I: DecryptChosenMessage::next
I: MonitorObliviousTransfer::next
I: ChooserDone::next
I: MonitorObliviousTransfer::next
I: MonitorObliviousTransfer::next
I: InitChooser::next
I: MonitorObliviousTransfer::next
I: RecvConstant::next
D: received message: 6b6d4c1d0110d79993deb6d3fb38c01572b16ef491094c2d578dc0222078d1cbfc9e09513925cacdfad251c3c37fbd6b38965f99f0638bd8c0a2474fc1995388dee5a52407fb4ad2fd40e0b572a3f9d0d98441797becbf472dc309aeb447935f7f986464b33b275d8ab97d931b5776df001f9431b61923378b250a94b66fe2788a57c995681fa22210d07a309e1d957b685c37820164fc33a8e5504d31422606fa27dc928101c516f168fa51b468f084e2f2ff009109f749d8081807577df685486c5bfa973402ee7f00c29924baed3c728a8ef4426e50c02b36f0595dec263cd7a9627b809d9ea431cd3d2885e8e08ab239945e580cfdd12f6a1f544b617228
I: MonitorObliviousTransfer::next
I: GeneratePublicKey::next
D:  sending message (size 0.000512 MB)
I: MonitorObliviousTransfer::next
I: SendPublicKey::next
I: MonitorObliviousTransfer::next
I: RecvEncryptedMessages::next
I: MonitorObliviousTransfer::next
I: DecryptChosenMessage::next
I: MonitorObliviousTransfer::next
I: ChooserDone::next
I: MonitorObliviousTransfer::next
I: MonitorObliviousTransfer::next
I: InitChooser::next
I: MonitorObliviousTransfer::next
I: RecvConstant::next
D: received message: 8fd30008a876e409296fd5a14958ad7681cdf07c0f27d0a389f3e7dcad818e59647a895b4520407dc975fa19b8abb8e5f0ba52237138b4379d914058bfa53233879bcb4bdadcc059431de79afe778d54606a0ef4107e555bb5d0360ac9fbb79aa70e8ec8239aa9c7b51c7936ef08af3cf08a03558ed833a8fd2ef668fb0d9128fce823209dfc6118a6af1f4bbc2ba8c382cec925c513c6325260db6f1b355a7a14044767a1b208772d70d4d25fbd604bdf35ed0ff543268f10fffee3cb02d9d01644372463c33e021e53725c898a76e151c2cc2df2bd4b96cc9dbbc6e28a53f0f6d795c3cc779d9145993841ab74db8567d60cc0cccd864f1ab8949eed44a4da
I: MonitorObliviousTransfer::next
I: GeneratePublicKey::next
D:  sending message (size 0.000512 MB)
I: MonitorObliviousTransfer::next
I: SendPublicKey::next
I: MonitorObliviousTransfer::next
I: RecvEncryptedMessages::next
I: MonitorObliviousTransfer::next
I: DecryptChosenMessage::next
I: MonitorObliviousTransfer::next
I: ChooserDone::next
I: MonitorObliviousTransfer::next
I: MonitorObliviousTransfer::next
I: InitChooser::next
I: MonitorObliviousTransfer::next
I: RecvConstant::next
D: received message: 43ec7b11478678c940927e61d0809546875fa382f6542ac7300c548db35c3a5c06a3ff695b1224f1b990234b3e4842b3a234f3877da06042d0180ca3f18aead363ef9ad83c85f3cb2ab80326df9c9a58359a51caaf8dd097e72489d755344e2b366169e81279665f4c0fe94807ded603f3ae66a24bd69c1b4329e1747fa08286a1d3c65a21bd3117e07670e87ffcb133d90e09f6c61db5683945e2f58706fbffef4ce1c02f9453df612a725410eab9c757bff3ada98ca1b7a9930687de54998fee26efa5ae4052c374f4c08ad596bbf646ceac2cd4efb868730c314d1fef8dccaef4a302d06a0f2b9d233fde1c31c41f47f68f406f1800fef650c72fd7fe1837
I: MonitorObliviousTransfer::next
I: GeneratePublicKey::next
D:  sending message (size 0.000512 MB)
I: MonitorObliviousTransfer::next
I: SendPublicKey::next
I: MonitorObliviousTransfer::next
I: RecvEncryptedMessages::next
I: MonitorObliviousTransfer::next
I: DecryptChosenMessage::next
I: MonitorObliviousTransfer::next
I: ChooserDone::next
I: MonitorObliviousTransfer::next
I: MonitorObliviousTransfer::next
I: InitChooser::next
I: MonitorObliviousTransfer::next
I: RecvConstant::next
D: received message: 7098c3bc2f6a3985f8011efa5099c3b3fb54da037d4faa78f9a06c7cb0258191170eb6456b7d8a1babab9f8089b125346dc92e3d5bb082a78068da525207c18eba2b607531227d475a9597e96f46c703c50154ee571180dc2ba44f25885c6134e264a790509e6566c2b3b47debdab8ec0ae4c28f98672ea43bbfd13f328640224d7bae86ba82af1ba7046cd45fadac303128d473305311eb7cb1a76f33f5a2a01cd60bd7cdc67d55aaa09993e2096a2fa209a29a836225a436aafc8110372754e2113cd899a9a57ce247b92440b452459e4bf5fd8ee08f7877150e63e749bd51685f96185909f854d6aae1e2196005e521d49cf4581fcbda35fb77b9166fc56b
I: MonitorObliviousTransfer::next
I: GeneratePublicKey::next
D:  sending message (size 0.000512 MB)
I: MonitorObliviousTransfer::next
I: SendPublicKey::next
I: MonitorObliviousTransfer::next
I: RecvEncryptedMessages::next
I: MonitorObliviousTransfer::next
I: DecryptChosenMessage::next
I: MonitorObliviousTransfer::next
I: ChooserDone::next
I: MonitorObliviousTransfer::next
I: MonitorObliviousTransfer::next
I: InitChooser::next
I: MonitorObliviousTransfer::next
I: RecvConstant::next
D: received message: 9726d4ffea4c2eaf0917488a2205a5c86e163aa90690c56d4bb22dcfcf6769906008f0e3e4f4d864e765330b9aaee3d2fa26f3b1ae8939e5e9cb7d8155f0b8f896eb1bef934bbef6b4b257346c43021586e1372e71c8f9ef7b429175da07cc6bb257c47cd11938d575dc9f2c2ba3839368abbffa4a3565a66bc61084814d40bdff5971c3cfa1ff035f3e0c101f3bb9bbf22af1e9b2463c6eb7ca99dd725a34342b85fd1d06b595b470699220bb6a62147f46bf621232c19eee83b9b40618ab222848b911fd2d53b872d701681e6202cabf18ab34471d3d830dcc614878eb3b6ddf45dd258553f563f4a36bde8b317fe4747d0d9cee5de29e9cd02a09ec35f07b
I: MonitorObliviousTransfer::next
I: GeneratePublicKey::next
D:  sending message (size 0.000512 MB)
I: MonitorObliviousTransfer::next
I: SendPublicKey::next
I: MonitorObliviousTransfer::next
I: RecvEncryptedMessages::next
I: MonitorObliviousTransfer::next
I: DecryptChosenMessage::next
I: MonitorObliviousTransfer::next
I: ChooserDone::next
I: MonitorObliviousTransfer::next
I: MonitorObliviousTransfer::next
I: InitChooser::next
I: MonitorObliviousTransfer::next
I: RecvConstant::next
D: received message: a16f6987374ef650b8452e4bc03e40daf364c688de6ddeb666f1373a13a25b4fc13912526b662321ed0bfe2cafee03a33647febf8be70ede71c1584bdd5294dd41e678b1f94ec7e9a12385b4a02f0c8851295062ef3edb32fdee07b383d12410886c6d49d4b3d58076faf4fb12c9f818aeb557936c488fbaaebced625abdf7960c00d8194c25a52e41e126be75af6f00065c5d0a6c1340e27352fb472559d398c2ef74f00f4a0b6b92bb2805ced391457a1df25d2fd6ad49a8488bcee3cf1ec3c3f684672a75609b3312f8cc094889989377544a6a14490d61b62e6ce8f07557e8f044479b19db6c29538815db563847a19e92c272a392d97cab5ed3364af8aa
I: MonitorObliviousTransfer::next
I: GeneratePublicKey::next
D:  sending message (size 0.000512 MB)
I: MonitorObliviousTransfer::next
I: SendPublicKey::next
I: MonitorObliviousTransfer::next
I: RecvEncryptedMessages::next
I: MonitorObliviousTransfer::next
I: DecryptChosenMessage::next
I: MonitorObliviousTransfer::next
I: ChooserDone::next
I: MonitorObliviousTransfer::next
I: MonitorObliviousTransfer::next
I: InitChooser::next
I: MonitorObliviousTransfer::next
I: RecvConstant::next
D: received message: e02e258cd52073a049915e00e88ea1c23229ebe35ad0240cb11facbb6131b43b25b6d13ab813c42c56fc7bd8fea12254082f6b53e9cf86f2bdfe560fce0f80f71b936bb769eca70eb0a9b847c508159cc10f6226b1e0d37337018d1b6d80d7314ac8c1142da40d140e41d401ca2c9f4c45c2740faae7d5bde90de37adeba83aabb03c01fb18975ad638e454c9d5e78d435a586c28b73db217cb4ebf2f36994a342a2031df4d18e3cb6f978743da5c94394fdf10e1ccb6ce91544fec27c61a4de9b895e5b8644083de090494a8d8bc6a312cf5fdd2d1e38c34d525dae83587467fe6e38ea504e1a9e0ad117d5a66a29324269419558a1ac144892dd2a09c2bc17
I: MonitorObliviousTransfer::next
I: GeneratePublicKey::next
D:  sending message (size 0.000512 MB)
I: MonitorObliviousTransfer::next
I: SendPublicKey::next
I: MonitorObliviousTransfer::next
I: RecvEncryptedMessages::next
I: MonitorObliviousTransfer::next
I: DecryptChosenMessage::next
I: MonitorObliviousTransfer::next
I: ChooserDone::next
I: MonitorObliviousTransfer::next
I: MonitorObliviousTransfer::next
I: InitChooser::next
I: MonitorObliviousTransfer::next
I: RecvConstant::next
D: received message: 39bf308862ba91b891d862b9649c788df42b3fe81f8715fa128421910dcdec7b083ce0fe5732e09f18f635da61624c03e40b51b51d525f0be0895795cfaee0e938e4a38c617c92e15c770b36129074a0977f87b9194db2bf999859d688aa248ffb8c1e9f29b98c38fe4df50ca8d3540d5bf1871eebd48425d78390d44daf673c5c9726574b63b83cb0ed0973f7792ca0b4c2b9a3fdce3782fcdcdbd1eceedfb02607e7b1ea64e6c1add36fc4dae0a1f6656c53be7319a5d3d91280faf7068bcfdca084ab24aa28adec0adc64a8dee5776088a857cc75036a32f576480b851a509710ec37acf6304bb228adef3713377834b7faed43eda166efa67d6dbf701a27
I: MonitorObliviousTransfer::next
I: GeneratePublicKey::next
D:  sending message (size 0.000512 MB)
I: MonitorObliviousTransfer::next
I: SendPublicKey::next
I: MonitorObliviousTransfer::next
I: RecvEncryptedMessages::next
I: MonitorObliviousTransfer::next
I: DecryptChosenMessage::next
I: MonitorObliviousTransfer::next
I: ChooserDone::next
I: MonitorObliviousTransfer::next
I: MonitorObliviousTransfer::next
I: InitChooser::next
I: MonitorObliviousTransfer::next
I: RecvConstant::next
D: received message: 51c1773d3ec6bef6f2ebce5216563cbd607fd41551b95fd81e33bd8c761e1501057bb02ac6f72c469d260101ec7d816e9c562fcb34ff70f18d3ccb927e346967914c694cf1ebf76d8a7ee151d5b2935ca8932ed1f6c63e398a76c8dda9d23686fc75202e553e6b1cd5528164f25c4674062722dd541a93556cdd80dd3b925a2ec879fd42fe0e69c13ce1ddc6a1ff7cd4679500c23317f8072232269ba31a00f802980ae816649a1a8cf4a232ac48251d349ea49becf9024b1361e404984fb509afd93543b17f35f7fe764cab276998c14c8fff4192a9c1f26cc9e39001f4ec2515ac048130884e49344bd361a5c8afeaee05a44cfd913d17a26025dbcad910ab
I: MonitorObliviousTransfer::next
I: GeneratePublicKey::next
D:  sending message (size 0.000512 MB)
I: MonitorObliviousTransfer::next
I: SendPublicKey::next
I: MonitorObliviousTransfer::next
I: RecvEncryptedMessages::next
I: MonitorObliviousTransfer::next
I: DecryptChosenMessage::next
I: MonitorObliviousTransfer::next
I: ChooserDone::next
I: MonitorObliviousTransfer::next
I: MonitorObliviousTransfer::next
I: InitChooser::next
I: MonitorObliviousTransfer::next
I: RecvConstant::next
D: received message: f71385e6ba44330f3337836da95500f7150b11e4259af432aaa54c3384ece414de0fea13a47ee23f4a4a6441d0d70e9d0d99e301e1132784c5902cb15aef1ec2f4a2d20b7aedab716607ea42860cc32839b229b5e5270943c3b232bb0cb6feae7ce66426ed3bae290a6a26cc3b6cf7c9f16685dc7cd6b4d41963af404e24959a99e93152d236b2a327a7a184ee3293162e1d193c403bfc8d5876c166c6c5712ac2847f93b188ebae2edb0370777e2138daff24c72890cf74214be62624d5d71b6732dc77b20519dc2326444e693ecc3f4f137f3a475a508287880d574a041081ddf3e38ac411a8e2c0d177b1334e49a82ce5372e89e1f8c6e85d5afdce269fbc
I: MonitorObliviousTransfer::next
I: GeneratePublicKey::next
D:  sending message (size 0.000512 MB)
I: MonitorObliviousTransfer::next
I: SendPublicKey::next
I: MonitorObliviousTransfer::next
I: RecvEncryptedMessages::next
I: MonitorObliviousTransfer::next
I: DecryptChosenMessage::next
I: MonitorObliviousTransfer::next
I: ChooserDone::next
I: MonitorObliviousTransfer::next
I: MonitorObliviousTransfer::next
I: InitChooser::next
I: MonitorObliviousTransfer::next
I: RecvConstant::next
D: received message: 12c8f3a79bbb04bc5e939234c456547d21f8f955fa6027e152e22a14c4e3369fefc54d43f38b754b95f3d6dbee90b5210d5bba5307c3b0010cb6d69ae86d117a36925a9ff9144b52a65bb7532a9278aaeab97e95b31a166f4baa6fcf918168547c54be162472de0a9bb1b5bafe84282c7e1758e1048aec5532073f8a320ba17141132c9588e81949cf2e058c4a26d8af13a60b50f85b7344b63be1c4b6a22009986ed2c8c63df292b86edc7dcb73dd5acfa1a093a7d3a5422cc003c0ac2d773afdd1510fa3971e1d1035094b241eb71502a5e92d72c5f958250f55a6414d5a779d43c90a50e02700e3bebe6c05ea6c560330031231c523ce91108aa6b16a466d
I: MonitorObliviousTransfer::next
I: GeneratePublicKey::next
D:  sending message (size 0.000512 MB)
I: MonitorObliviousTransfer::next
I: SendPublicKey::next
I: MonitorObliviousTransfer::next
I: RecvEncryptedMessages::next
I: MonitorObliviousTransfer::next
I: DecryptChosenMessage::next
I: MonitorObliviousTransfer::next
I: ChooserDone::next
I: MonitorObliviousTransfer::next
I: MonitorObliviousTransfer::next
I: InitChooser::next
I: MonitorObliviousTransfer::next
I: RecvConstant::next
D: received message: d3fe62bbce8e357618d0cb1762aa0e693066c558c20da999cae8fc199c8f22e2fee6c3e7774db4e82cf34d32701e5034895ebf203f98b277353d0fe558ccbce835d72f36fb99bd8b05caefb904b1ff7189aabbddf6c5a7d66253d1c8aef91b08cad97c75a77826fa016a75802fc7f6e94347c7917c63a2b0e825ad8f479c4a3de07b828c5891c1955226525e8c4aa87a1608e8110e0563c46d4938f2f225ff85fc4faef81919e18e89d5443890158f8b0316672b8f60f2bea800b89d9f8ee75f68fef015da62bc687a37dde24843400f6d3bd1aa948d5e7259da7273778230a56f94fb94d60a626eebd1d84edbca763217b73adde971f9b2dc0f7c9bccad310e
I: MonitorObliviousTransfer::next
I: GeneratePublicKey::next
D:  sending message (size 0.000512 MB)
I: MonitorObliviousTransfer::next
I: SendPublicKey::next
I: MonitorObliviousTransfer::next
I: RecvEncryptedMessages::next
I: MonitorObliviousTransfer::next
I: DecryptChosenMessage::next
I: MonitorObliviousTransfer::next
I: ChooserDone::next
I: MonitorObliviousTransfer::next
I: MonitorObliviousTransfer::next
I: InitChooser::next
I: MonitorObliviousTransfer::next
I: RecvConstant::next
D: received message: ecf43c4a16aa56abcd517b9e0a80849d924853bcee7417953c054ca9e240584b3ffa96d293dbb2a5f9071a22651e89e443d2f689da21e6316c02bb6905e2389837453056c22bf4ee9ce487285fbeb2e7763a5ca814d8e6806fc3c199e4d1c123086d7eb2e728fdb28d5ef8ecce6f3a2760bd6ef5f1a6206f85083afc3ae7d099e1e2c361b8d3961385d9979bb52d6d8234816e44d51ce627aea19a5d0baeba02d1fcdd88f2ff02db597a90ae7d4cbb750458d5af59c1349f019880618d53ab6404b592126bb5c8583e692efe9bf7ca7a2c50a1ba6024c75960ffaa6dea06deddad05551e23354c6e623b96e5a08094589b6c2774204d74376b18e59acbb08793
I: MonitorObliviousTransfer::next
I: GeneratePublicKey::next
D:  sending message (size 0.000512 MB)
I: MonitorObliviousTransfer::next
I: SendPublicKey::next
I: MonitorObliviousTransfer::next
I: RecvEncryptedMessages::next
I: MonitorObliviousTransfer::next
I: DecryptChosenMessage::next
I: MonitorObliviousTransfer::next
I: ChooserDone::next
I: MonitorObliviousTransfer::next
I: MonitorObliviousTransfer::next
I: InitChooser::next
I: MonitorObliviousTransfer::next
I: RecvConstant::next
D: received message: b5138f467c0f1c807c8f4b7dc3c1851e01b5ead448e85c6375dbd712a8165b23aa16752abf5c8ef987d80e995f0d9f600c54b276a8dd9d6a37a2e72a3a4891bc659b0f7a4f1fd17b936275458049c624e5d655ae757c73c0e77b01d902d524eb6f130ba3babb21b5ba8ef3f5aa98e20d5f28cc48287414bb284d44a18853148a1d57613697e65ffea5e9f4ac10164554b64c4f063138580ee69278cb08b6ff94fb91181585b2def260a7904715b0b51b67a483fa3f207c52c0ecd7b3462b4433bf99a548fafca1fc09051767effca68df36efb79133411ae7ca81414cbe47a9edf2370f8260a712987c9cf7a7ea0a7b10367102a60630c8b51c264db4ecba621
I: MonitorObliviousTransfer::next
I: GeneratePublicKey::next
D:  sending message (size 0.000512 MB)
I: MonitorObliviousTransfer::next
I: SendPublicKey::next
I: MonitorObliviousTransfer::next
I: RecvEncryptedMessages::next
I: MonitorObliviousTransfer::next
I: DecryptChosenMessage::next
I: MonitorObliviousTransfer::next
I: ChooserDone::next
I: MonitorObliviousTransfer::next
I: MonitorObliviousTransfer::next
I: InitChooser::next
I: MonitorObliviousTransfer::next
I: RecvConstant::next
D: received message: 66ca5b7f41ecbb82cd4955df328507d307dad7f4433fe1264b88a8844bdd75f2b3bd935ef78c90e3347b0f36f11644bef82aca671f52ed58f6e8eb1477b9e254a10d21564743f5919329d53215cf6ea1828b3e172cd32c07b7189ae0429c327be1e44008e466c572f30bc326f233646abd71f15efafb4234968042293a8699dfb854bd6c1d91d11766c8c8122c2f9e29fe56ac821a6cfa20902a058a475a3077ba4d7887a57e98b9c23e31ff42df09d07c0a5e0c6f2b0dfb472e8d3c2d0d647ae382bf1bd6b186889823098e31d35c728e90f44e85f33a5c98abeba8e29f2b0f6c5dbe6b48be5b92590b03f9b711ccb3d82781b3d4dec4e873e49cc83e21bb9e
I: MonitorObliviousTransfer::next
I: GeneratePublicKey::next
D:  sending message (size 0.000511 MB)
I: MonitorObliviousTransfer::next
I: SendPublicKey::next
I: MonitorObliviousTransfer::next
I: RecvEncryptedMessages::next
I: MonitorObliviousTransfer::next
I: DecryptChosenMessage::next
I: MonitorObliviousTransfer::next
I: ChooserDone::next
I: MonitorObliviousTransfer::next
I: MonitorObliviousTransfer::next
I: InitChooser::next
I: MonitorObliviousTransfer::next
I: RecvConstant::next
D: received message: ce81bd54fa7fcaa359a38c866490fd483d3848cdde7beefc44f0de645bebf52d58b8d6b5573b26267f0a9fdcad6a829ef6476bb6b3b6a14cfd54513230ed30e3de5b280110f415c9d2794c9d8d07267c072422f74a277af4880ab8b6864d176e7f05d6eb0206c4b70e64ad1eecd9375cbb5f374bb9dff926ea6c8c3a4b0fc6f3d8e683070b931d9c558647e5e3f3d61ac2ab5b567eb41e2f4be4d9a9fe98162739685a25d0ac6ef2db52a04a2b4499c4a704666f7f69225fffb89df734c8186771bfeb54125c0801cdff2a38867ccc73ba1af3f6bbc9c34770ea35fdf25e4b16a8172facb9faf0435ccd11e6287f773bb7ed1a6c5563e71c64898451562eb4a4
I: MonitorObliviousTransfer::next
I: GeneratePublicKey::next
D:  sending message (size 0.000512 MB)
I: MonitorObliviousTransfer::next
I: SendPublicKey::next
I: MonitorObliviousTransfer::next
I: RecvEncryptedMessages::next
I: MonitorObliviousTransfer::next
I: DecryptChosenMessage::next
I: MonitorObliviousTransfer::next
I: ChooserDone::next
I: MonitorObliviousTransfer::next
I: MonitorObliviousTransfer::next
I: InitChooser::next
I: MonitorObliviousTransfer::next
I: RecvConstant::next
D: received message: 43e2d613aef793ce7d934ce79122f4b9125a164fa590495dee29b142800414c8d89b56d57e30fcf567b5732963ad79b374aeb141d1a70b68a42fa76933039a8cb3743d15356386037376c7ef5666688dba75a09eef749b7cdbce45c47203cfea6bdca69f3996e9807a1c9b0c0437f5c1b8e1673ef9beff2968eb516d86c34cef90ab07e2bd75b9bd94db833cdc4d6b178b0f0057a2e264fea9c58d43217bb9c4f383e14496479a5ae6b316ecbdacb5967f804aadda8aafb660a93ca07a1f2010a6566623eb05ee616f6e4e4a6da4a192c05a9bf98124f53dc8467611de039edc064d85f12c65c1c9a9c5e5087f59c41a1c1256df2e8809e3df30794dab775f22
I: MonitorObliviousTransfer::next
I: GeneratePublicKey::next
D:  sending message (size 0.000512 MB)
I: MonitorObliviousTransfer::next
I: SendPublicKey::next
I: MonitorObliviousTransfer::next
I: RecvEncryptedMessages::next
I: MonitorObliviousTransfer::next
I: DecryptChosenMessage::next
I: MonitorObliviousTransfer::next
I: ChooserDone::next
I: MonitorObliviousTransfer::next
I: MonitorObliviousTransfer::next
I: InitChooser::next
I: MonitorObliviousTransfer::next
I: RecvConstant::next
D: received message: 5bd179466c1b1b1bf40ed626b3a0f480fb0c7890b5179a67a747062fa77717a2007e9b853ec7cda0e5eaafda64fe9ce0af084f7832033f17484e1459e1b435e6485dcf5b3202539045cf87727f1126d9cb7c672c3c4f3baad9d89caece7c7a6f2137221156be315317cb05314e806536be824f7130bf258b52fd0485dfb2eb416674b2284f024851b78280d5b596c3e3ed4414e75c640a05d84cfde2796b6eef2ef820605a6fad24dc018283bd57601f79dbab2a4cf6f9ae31feb031d37548d6fc31fedac3843e69305541a433b0c243b8bdf5b5a1b41a7515008e0b44bffe5f2cd5934390174c246ed48489a74040be53be2540299934f8a7a3a769c8141915
I: MonitorObliviousTransfer::next
I: GeneratePublicKey::next
D:  sending message (size 0.000512 MB)
I: MonitorObliviousTransfer::next
I: SendPublicKey::next
I: MonitorObliviousTransfer::next
I: RecvEncryptedMessages::next
I: MonitorObliviousTransfer::next
I: DecryptChosenMessage::next
I: MonitorObliviousTransfer::next
I: ChooserDone::next
I: MonitorObliviousTransfer::next
I: MonitorObliviousTransfer::next
I: InitChooser::next
I: MonitorObliviousTransfer::next
I: RecvConstant::next
D: received message: d1c72081e62ca385bf3ea9aa71657628b13eafc4fad8438b11f33b9de4377e9515d9afdf94bc00e55cb646abe1872e5ec540db5dd0b7dbb8b297a2fdf6b1d06abe89660f322c30b0e2077f5815933ae1e2c90c19c987ec78c88222e2dda9007b96cadea21f9e193b8b605fcd6d750fa7b37c8d3c27d7deb91c7e3b50a1517a0667c4eda64e8ef42d129222663a9b1fc552b916e94e8d343e7345d525da5570abefd2925afac4ba9708d49e9e29c82940a928c91abb07cd8d65a29c31821bb1efffb6bc99584b8cd44e22cc5cfd927e7ea50c9935c871354799f0c7d1970e756e0a8a77bf19ad4d9003a620215d2caf5a0f3ee47bfd5041cb35f9bfa59cb8823
I: MonitorObliviousTransfer::next
I: GeneratePublicKey::next
D:  sending message (size 0.000512 MB)
I: MonitorObliviousTransfer::next
I: SendPublicKey::next
I: MonitorObliviousTransfer::next
I: RecvEncryptedMessages::next
I: MonitorObliviousTransfer::next
I: DecryptChosenMessage::next
I: MonitorObliviousTransfer::next
I: ChooserDone::next
I: MonitorObliviousTransfer::next
I: MonitorObliviousTransfer::next
I: InitChooser::next
I: MonitorObliviousTransfer::next
I: RecvConstant::next
D: received message: dbc8e0683a355febae59442da8503cfe009f1a4e185320b5d2a391297124b03cceaaa53eb56fe5579171ea24e848c519cb9509964632b11a0d3a5ded6385467031e83360a7632600b019cac568d69ff78ccc6c49fc83425cf38d20b4332c733d2eb65581be5a92b9207fd0667da91e4813a8edc943ec2211db10745e1b76894144f41b8823fda9a13e9d32b9550f2c34cbc2290405fe5900c28124dc20e2edfccec980f1ff0cec6e546beff72a3b9f09e19beaaa6e375b42ba3e50cf6fd2129088f9ec34364c9ae0adb58c13765690bfd799f15ec16c932c73d53709d5679d75277a2dcf90575d92c881249b1f46b3984357fb8858eaa835f09025e4e91605d3
I: MonitorObliviousTransfer::next
I: GeneratePublicKey::next
D:  sending message (size 0.000512 MB)
I: MonitorObliviousTransfer::next
I: SendPublicKey::next
I: MonitorObliviousTransfer::next
I: RecvEncryptedMessages::next
I: MonitorObliviousTransfer::next
I: DecryptChosenMessage::next
I: MonitorObliviousTransfer::next
I: ChooserDone::next
I: MonitorObliviousTransfer::next
I: MonitorObliviousTransfer::next
I: InitChooser::next
I: MonitorObliviousTransfer::next
I: RecvConstant::next
D: received message: f181d9bfd910e4f704cc98471b735ec48b72ad355137a62251f0340b346fba71f12dd963dabe966dc76f8ac276d6d5e8a7bccf487bd480a023d2b761fa298ddd2d919d31efa7e7edb3038a4bb73ff6a6d9d21c94328044d1bef8455ab188ad0d9f26e99139fcaff058d72e0b24aa36b9dcf69d6defc232fff2ed3f87df84b74fbd7a7984357083f0040f217ba2a0a4c08deda3f255b52b7b1d457cc398bda9ba4331fecbead754e283735fb9a8a01568cc73a05ed05e045e1526cd89c0c8ce0f4039a448f50b0d9e020b741c95ef65566b3ebeb59e8b5bbabec024aeb66abfddfcc4321681954c077a5ebf4f34206b6a42d0660747a69edd041bf9c2355ae191
I: MonitorObliviousTransfer::next
I: GeneratePublicKey::next
D:  sending message (size 0.000512 MB)
I: MonitorObliviousTransfer::next
I: SendPublicKey::next
I: MonitorObliviousTransfer::next
I: RecvEncryptedMessages::next
I: MonitorObliviousTransfer::next
I: DecryptChosenMessage::next
I: MonitorObliviousTransfer::next
I: ChooserDone::next
I: MonitorObliviousTransfer::next
I: MonitorObliviousTransfer::next
I: InitChooser::next
I: MonitorObliviousTransfer::next
I: RecvConstant::next
D: received message: c38413f0a3bc4ce68af29bd3066a1ca15a937f30f4b168e86cc833b63fe96a1b469fcc69e9026204ee5b1e0a7ddb36fbbbb1f263e6c8f27cc66164ffcfcae42d4487506643eb22aa545672d6de571dacbc580be7607c138c08512e025e0f52b7d156d377e909fcdf5e81fffd55ba8e9496baca180f122668d45b9266d7319954924ebd12a265ae1070626b994b6d89cf37e1aa2b8139b157ff98a7cb58533ebf887106e6acb3f09d6952c42e0b86f1bbe26d1d022c5e515cd97ca5c575de7c21fe9edb1e9bce3534dda2f9a4f5fd582f185f640f860f391159f4834b1c8247dd3f0ed25875f8dc7988eba76065e0e6bbafa5374df5ddf4847a5a39f194701dcd
I: MonitorObliviousTransfer::next
I: GeneratePublicKey::next
D:  sending message (size 0.000511 MB)
I: MonitorObliviousTransfer::next
I: SendPublicKey::next
I: MonitorObliviousTransfer::next
I: RecvEncryptedMessages::next
I: MonitorObliviousTransfer::next
I: DecryptChosenMessage::next
I: MonitorObliviousTransfer::next
I: ChooserDone::next
I: MonitorObliviousTransfer::next
I: MonitorObliviousTransfer::next
I: InitChooser::next
I: MonitorObliviousTransfer::next
I: RecvConstant::next
D: received message: a702e14fd1fe0cc29270620d73c64137d5c690de0e2a40ee19a9d142c2a8b952613cc9c7e8263dd7d974c6a45cec6f6c4dfca5414be792edc9a46fb598b2d7a5a6c1ba9a1566413314605397a1d4f7438bf9a9ebb44e0455b2e2b5f8affbdfe594411f6d722daafdd57d8df6855ebe0505a1aca9f7fc5c548217811b6c983d4834c695df64337c887cc5d2a3d48cb0fe59890ae58ad431aaccd76c62b044b1b0a4a96642eabe2b08e7213b7349c0047576978c27903d9b30e112dec6b23f2854282f25e718c88e10decc9681464759998a836b2c9bcce7367e9077e7d754ad579af14c69a55a75d1a5ed2376228073313fc36a1cd43bc33d1ef621f191b3731f
I: MonitorObliviousTransfer::next
I: GeneratePublicKey::next
D:  sending message (size 0.000512 MB)
I: MonitorObliviousTransfer::next
I: SendPublicKey::next
I: MonitorObliviousTransfer::next
I: RecvEncryptedMessages::next
I: MonitorObliviousTransfer::next
I: DecryptChosenMessage::next
I: MonitorObliviousTransfer::next
I: ChooserDone::next
I: MonitorObliviousTransfer::next
I: MonitorObliviousTransfer::next
I: InitChooser::next
I: MonitorObliviousTransfer::next
I: RecvConstant::next
D: received message: 425da9079fd5b312048db57539ed1d992afb1c5cabb8f5bf3fd183bb725af635347668c3cdcb660a76295a0ceee2ee1519698ce04b1186e882b48eeac65e2f856393a1d6737c5d6373087a1d8d8c9ded598be368030467fb227bf1b3ff27e1a40ab1e4b5ba480b868562cf9d33a1d642ff8922d03f25d35bde392b9e0e5359ccbcfad75cb2b21d2bbe773c27ad886db7ae1a7be704d74317cf12879c5ee9cbe9deb46c07a79d24bff3fa1e49e05ff6fc4b07a3ccb3d114430732e3eba238c90bc742f0f95a0d2561d76cfde8494ea94d02cf752bb0cbca7bc3d4d708a23a867164b8b4037c3c6eedd581546d1d9aa33a3f3259787a460ae719996dd53bc9d86d
I: MonitorObliviousTransfer::next
I: GeneratePublicKey::next
D:  sending message (size 0.000512 MB)
I: MonitorObliviousTransfer::next
I: SendPublicKey::next
I: MonitorObliviousTransfer::next
I: RecvEncryptedMessages::next
I: MonitorObliviousTransfer::next
I: DecryptChosenMessage::next
I: MonitorObliviousTransfer::next
I: ChooserDone::next
I: MonitorObliviousTransfer::next
I: MonitorObliviousTransfer::next
I: EvaluateCircuit::next
D:  sending message (size 0.000001 MB)
I: SendOutputBit::next
I: ==== round duration: 64085.863281 ms ====
I: CopyMonitorStateLabels::next
I: RecvGarbledGates::next
I: RecvSystemInputLabels::next
I: RecvFlagBitLabels::next
I: EvaluateCircuit::next
D:  sending message (size 0.000001 MB)
I: SendOutputBit::next
I: ==== round duration: 63920.996094 ms ====
I: CopyMonitorStateLabels::next
I: RecvGarbledGates::next
I: RecvSystemInputLabels::next
I: RecvFlagBitLabels::next
I: EvaluateCircuit::next
D:  sending message (size 0.000001 MB)
I: SendOutputBit::next
I: ==== round duration: 65306.968750 ms ====
I: CopyMonitorStateLabels::next
I: RecvGarbledGates::next
I: RecvSystemInputLabels::next
I: RecvFlagBitLabels::next
I: EvaluateCircuit::next
D:  sending message (size 0.000001 MB)
I: SendOutputBit::next
I: ==== round duration: 64254.550781 ms ====
I: CopyMonitorStateLabels::next
I: RecvGarbledGates::next
I: RecvSystemInputLabels::next
I: RecvFlagBitLabels::next
I: EvaluateCircuit::next
D:  sending message (size 0.000001 MB)
I: SendOutputBit::next
I: ==== round duration: 63786.769531 ms ====
I: FaultObserved::next
I: MonitorDone::next
