I: initializing safe primes...
I: using prime modulus 57896044618658097711785492504343953926634992332820282019728792003956565016447
I: received gate count 138796
I: InitSystem::next
I: RecvLabels::next
D:   timer started
D:   labels parsed
D:   flag bit label generated
D:   labels parsed, exponents generated in 209.688156 ms
I: GenerateGarbledGates::next
D:   garbling gate 10000
D:   garbling gate 20000
D:   garbling gate 30000
D:   garbling gate 40000
D:   garbling gate 50000
D:   garbling gate 60000
D:   garbling gate 70000
D:   garbling gate 80000
D:   garbling gate 90000
D:   garbling gate 100000
D:   garbling gate 110000
D:   garbling gate 120000
D:   garbling gate 130000
D:  sending message (size 49.966560 MB)
I: SendGarbledGates::next
D:   system input labels sent
D:  sending message (size 0.830276 MB)
I: SendSystemInputLabels::next
D:  sending message (size 0.000128 MB)
I: SendFlagBitLabels::next
I: SystemObliviousTransfer::next
I: InitSender::next
I: SystemObliviousTransfer::next
I: GenerateConstant::next
D:  sending message (size 0.000064 MB)
I: SystemObliviousTransfer::next
I: SendConstant::next
I: SystemObliviousTransfer::next
I: RecvPublicKey::next
I: SystemObliviousTransfer::next
I: EncryptMessages::next
D:  sending message (size 0.000259 MB)
I: SystemObliviousTransfer::next
I: SendEncryptedMessages::next
I: SystemObliviousTransfer::next
I: SenderDone::next
I: SystemObliviousTransfer::next
I: SystemObliviousTransfer::next
I: InitSender::next
I: SystemObliviousTransfer::next
I: GenerateConstant::next
D:  sending message (size 0.000064 MB)
I: SystemObliviousTransfer::next
I: SendConstant::next
I: SystemObliviousTransfer::next
I: RecvPublicKey::next
I: SystemObliviousTransfer::next
I: EncryptMessages::next
D:  sending message (size 0.000259 MB)
I: SystemObliviousTransfer::next
I: SendEncryptedMessages::next
I: SystemObliviousTransfer::next
I: SenderDone::next
I: SystemObliviousTransfer::next
I: SystemObliviousTransfer::next
I: InitSender::next
I: SystemObliviousTransfer::next
I: GenerateConstant::next
D:  sending message (size 0.000063 MB)
I: SystemObliviousTransfer::next
I: SendConstant::next
I: SystemObliviousTransfer::next
I: RecvPublicKey::next
I: SystemObliviousTransfer::next
I: EncryptMessages::next
D:  sending message (size 0.000259 MB)
I: SystemObliviousTransfer::next
I: SendEncryptedMessages::next
I: SystemObliviousTransfer::next
I: SenderDone::next
I: SystemObliviousTransfer::next
I: SystemObliviousTransfer::next
I: InitSender::next
I: SystemObliviousTransfer::next
I: GenerateConstant::next
D:  sending message (size 0.000064 MB)
I: SystemObliviousTransfer::next
I: SendConstant::next
I: SystemObliviousTransfer::next
I: RecvPublicKey::next
I: SystemObliviousTransfer::next
I: EncryptMessages::next
D:  sending message (size 0.000258 MB)
I: SystemObliviousTransfer::next
I: SendEncryptedMessages::next
I: SystemObliviousTransfer::next
I: SenderDone::next
I: SystemObliviousTransfer::next
I: SystemObliviousTransfer::next
I: InitSender::next
I: SystemObliviousTransfer::next
I: GenerateConstant::next
D:  sending message (size 0.000064 MB)
I: SystemObliviousTransfer::next
I: SendConstant::next
I: SystemObliviousTransfer::next
I: RecvPublicKey::next
I: SystemObliviousTransfer::next
I: EncryptMessages::next
D:  sending message (size 0.000258 MB)
I: SystemObliviousTransfer::next
I: SendEncryptedMessages::next
I: SystemObliviousTransfer::next
I: SenderDone::next
I: SystemObliviousTransfer::next
I: SystemObliviousTransfer::next
I: InitSender::next
I: SystemObliviousTransfer::next
I: GenerateConstant::next
D:  sending message (size 0.000064 MB)
I: SystemObliviousTransfer::next
I: SendConstant::next
I: SystemObliviousTransfer::next
I: RecvPublicKey::next
I: SystemObliviousTransfer::next
I: EncryptMessages::next
D:  sending message (size 0.000257 MB)
I: SystemObliviousTransfer::next
I: SendEncryptedMessages::next
I: SystemObliviousTransfer::next
I: SenderDone::next
I: SystemObliviousTransfer::next
I: SystemObliviousTransfer::next
I: InitSender::next
I: SystemObliviousTransfer::next
I: GenerateConstant::next
D:  sending message (size 0.000064 MB)
I: SystemObliviousTransfer::next
I: SendConstant::next
I: SystemObliviousTransfer::next
I: RecvPublicKey::next
I: SystemObliviousTransfer::next
I: EncryptMessages::next
D:  sending message (size 0.000259 MB)
I: SystemObliviousTransfer::next
I: SendEncryptedMessages::next
I: SystemObliviousTransfer::next
I: SenderDone::next
I: SystemObliviousTransfer::next
I: SystemObliviousTransfer::next
I: InitSender::next
I: SystemObliviousTransfer::next
I: GenerateConstant::next
D:  sending message (size 0.000064 MB)
I: SystemObliviousTransfer::next
I: SendConstant::next
I: SystemObliviousTransfer::next
I: RecvPublicKey::next
I: SystemObliviousTransfer::next
I: EncryptMessages::next
D:  sending message (size 0.000259 MB)
I: SystemObliviousTransfer::next
I: SendEncryptedMessages::next
I: SystemObliviousTransfer::next
I: SenderDone::next
I: SystemObliviousTransfer::next
I: SystemObliviousTransfer::next
I: InitSender::next
I: SystemObliviousTransfer::next
I: GenerateConstant::next
D:  sending message (size 0.000064 MB)
I: SystemObliviousTransfer::next
I: SendConstant::next
I: SystemObliviousTransfer::next
I: RecvPublicKey::next
I: SystemObliviousTransfer::next
I: EncryptMessages::next
D:  sending message (size 0.000259 MB)
I: SystemObliviousTransfer::next
I: SendEncryptedMessages::next
I: SystemObliviousTransfer::next
I: SenderDone::next
I: SystemObliviousTransfer::next
I: SystemObliviousTransfer::next
I: InitSender::next
I: SystemObliviousTransfer::next
I: GenerateConstant::next
D:  sending message (size 0.000064 MB)
I: SystemObliviousTransfer::next
I: SendConstant::next
I: SystemObliviousTransfer::next
I: RecvPublicKey::next
I: SystemObliviousTransfer::next
I: EncryptMessages::next
D:  sending message (size 0.000257 MB)
I: SystemObliviousTransfer::next
I: SendEncryptedMessages::next
I: SystemObliviousTransfer::next
I: SenderDone::next
I: SystemObliviousTransfer::next
I: SystemObliviousTransfer::next
I: InitSender::next
I: SystemObliviousTransfer::next
I: GenerateConstant::next
D:  sending message (size 0.000064 MB)
I: SystemObliviousTransfer::next
I: SendConstant::next
I: SystemObliviousTransfer::next
I: RecvPublicKey::next
I: SystemObliviousTransfer::next
I: EncryptMessages::next
D:  sending message (size 0.000258 MB)
I: SystemObliviousTransfer::next
I: SendEncryptedMessages::next
I: SystemObliviousTransfer::next
I: SenderDone::next
I: SystemObliviousTransfer::next
I: SystemObliviousTransfer::next
I: InitSender::next
I: SystemObliviousTransfer::next
I: GenerateConstant::next
D:  sending message (size 0.000064 MB)
I: SystemObliviousTransfer::next
I: SendConstant::next
I: SystemObliviousTransfer::next
I: RecvPublicKey::next
I: SystemObliviousTransfer::next
I: EncryptMessages::next
D:  sending message (size 0.000258 MB)
I: SystemObliviousTransfer::next
I: SendEncryptedMessages::next
I: SystemObliviousTransfer::next
I: SenderDone::next
I: SystemObliviousTransfer::next
I: SystemObliviousTransfer::next
I: InitSender::next
I: SystemObliviousTransfer::next
I: GenerateConstant::next
D:  sending message (size 0.000064 MB)
I: SystemObliviousTransfer::next
I: SendConstant::next
I: SystemObliviousTransfer::next
I: RecvPublicKey::next
I: SystemObliviousTransfer::next
I: EncryptMessages::next
D:  sending message (size 0.000259 MB)
I: SystemObliviousTransfer::next
I: SendEncryptedMessages::next
I: SystemObliviousTransfer::next
I: SenderDone::next
I: SystemObliviousTransfer::next
I: SystemObliviousTransfer::next
I: InitSender::next
I: SystemObliviousTransfer::next
I: GenerateConstant::next
D:  sending message (size 0.000064 MB)
I: SystemObliviousTransfer::next
I: SendConstant::next
I: SystemObliviousTransfer::next
I: RecvPublicKey::next
I: SystemObliviousTransfer::next
I: EncryptMessages::next
D:  sending message (size 0.000258 MB)
I: SystemObliviousTransfer::next
I: SendEncryptedMessages::next
I: SystemObliviousTransfer::next
I: SenderDone::next
I: SystemObliviousTransfer::next
I: SystemObliviousTransfer::next
I: InitSender::next
I: SystemObliviousTransfer::next
I: GenerateConstant::next
D:  sending message (size 0.000064 MB)
I: SystemObliviousTransfer::next
I: SendConstant::next
I: SystemObliviousTransfer::next
I: RecvPublicKey::next
I: SystemObliviousTransfer::next
I: EncryptMessages::next
D:  sending message (size 0.000259 MB)
I: SystemObliviousTransfer::next
I: SendEncryptedMessages::next
I: SystemObliviousTransfer::next
I: SenderDone::next
I: SystemObliviousTransfer::next
I: SystemObliviousTransfer::next
I: InitSender::next
I: SystemObliviousTransfer::next
I: GenerateConstant::next
D:  sending message (size 0.000064 MB)
I: SystemObliviousTransfer::next
I: SendConstant::next
I: SystemObliviousTransfer::next
I: RecvPublicKey::next
I: SystemObliviousTransfer::next
I: EncryptMessages::next
D:  sending message (size 0.000256 MB)
I: SystemObliviousTransfer::next
I: SendEncryptedMessages::next
I: SystemObliviousTransfer::next
I: SenderDone::next
I: SystemObliviousTransfer::next
I: SystemObliviousTransfer::next
I: InitSender::next
I: SystemObliviousTransfer::next
I: GenerateConstant::next
D:  sending message (size 0.000064 MB)
I: SystemObliviousTransfer::next
I: SendConstant::next
I: SystemObliviousTransfer::next
I: RecvPublicKey::next
I: SystemObliviousTransfer::next
I: EncryptMessages::next
D:  sending message (size 0.000258 MB)
I: SystemObliviousTransfer::next
I: SendEncryptedMessages::next
I: SystemObliviousTransfer::next
I: SenderDone::next
I: SystemObliviousTransfer::next
I: SystemObliviousTransfer::next
I: InitSender::next
I: SystemObliviousTransfer::next
I: GenerateConstant::next
D:  sending message (size 0.000064 MB)
I: SystemObliviousTransfer::next
I: SendConstant::next
I: SystemObliviousTransfer::next
I: RecvPublicKey::next
I: SystemObliviousTransfer::next
I: EncryptMessages::next
D:  sending message (size 0.000258 MB)
I: SystemObliviousTransfer::next
I: SendEncryptedMessages::next
I: SystemObliviousTransfer::next
I: SenderDone::next
I: SystemObliviousTransfer::next
I: SystemObliviousTransfer::next
I: InitSender::next
I: SystemObliviousTransfer::next
I: GenerateConstant::next
D:  sending message (size 0.000064 MB)
I: SystemObliviousTransfer::next
I: SendConstant::next
I: SystemObliviousTransfer::next
I: RecvPublicKey::next
I: SystemObliviousTransfer::next
I: EncryptMessages::next
D:  sending message (size 0.000259 MB)
I: SystemObliviousTransfer::next
I: SendEncryptedMessages::next
I: SystemObliviousTransfer::next
I: SenderDone::next
I: SystemObliviousTransfer::next
I: SystemObliviousTransfer::next
I: InitSender::next
I: SystemObliviousTransfer::next
I: GenerateConstant::next
D:  sending message (size 0.000064 MB)
I: SystemObliviousTransfer::next
I: SendConstant::next
I: SystemObliviousTransfer::next
I: RecvPublicKey::next
I: SystemObliviousTransfer::next
I: EncryptMessages::next
D:  sending message (size 0.000259 MB)
I: SystemObliviousTransfer::next
I: SendEncryptedMessages::next
I: SystemObliviousTransfer::next
I: SenderDone::next
I: SystemObliviousTransfer::next
I: SystemObliviousTransfer::next
I: InitSender::next
I: SystemObliviousTransfer::next
I: GenerateConstant::next
D:  sending message (size 0.000064 MB)
I: SystemObliviousTransfer::next
I: SendConstant::next
I: SystemObliviousTransfer::next
I: RecvPublicKey::next
I: SystemObliviousTransfer::next
I: EncryptMessages::next
D:  sending message (size 0.000258 MB)
I: SystemObliviousTransfer::next
I: SendEncryptedMessages::next
I: SystemObliviousTransfer::next
I: SenderDone::next
I: SystemObliviousTransfer::next
I: SystemObliviousTransfer::next
I: InitSender::next
I: SystemObliviousTransfer::next
I: GenerateConstant::next
D:  sending message (size 0.000064 MB)
I: SystemObliviousTransfer::next
I: SendConstant::next
I: SystemObliviousTransfer::next
I: RecvPublicKey::next
I: SystemObliviousTransfer::next
I: EncryptMessages::next
D:  sending message (size 0.000259 MB)
I: SystemObliviousTransfer::next
I: SendEncryptedMessages::next
I: SystemObliviousTransfer::next
I: SenderDone::next
I: SystemObliviousTransfer::next
I: SystemObliviousTransfer::next
I: InitSender::next
I: SystemObliviousTransfer::next
I: GenerateConstant::next
D:  sending message (size 0.000064 MB)
I: SystemObliviousTransfer::next
I: SendConstant::next
I: SystemObliviousTransfer::next
I: RecvPublicKey::next
I: SystemObliviousTransfer::next
I: EncryptMessages::next
D:  sending message (size 0.000258 MB)
I: SystemObliviousTransfer::next
I: SendEncryptedMessages::next
I: SystemObliviousTransfer::next
I: SenderDone::next
I: SystemObliviousTransfer::next
I: SystemObliviousTransfer::next
I: InitSender::next
I: SystemObliviousTransfer::next
I: GenerateConstant::next
D:  sending message (size 0.000064 MB)
I: SystemObliviousTransfer::next
I: SendConstant::next
I: SystemObliviousTransfer::next
I: RecvPublicKey::next
I: SystemObliviousTransfer::next
I: EncryptMessages::next
D:  sending message (size 0.000259 MB)
I: SystemObliviousTransfer::next
I: SendEncryptedMessages::next
I: SystemObliviousTransfer::next
I: SenderDone::next
I: SystemObliviousTransfer::next
I: SystemObliviousTransfer::next
I: InitSender::next
I: SystemObliviousTransfer::next
I: GenerateConstant::next
D:  sending message (size 0.000064 MB)
I: SystemObliviousTransfer::next
I: SendConstant::next
I: SystemObliviousTransfer::next
I: RecvPublicKey::next
I: SystemObliviousTransfer::next
I: EncryptMessages::next
D:  sending message (size 0.000259 MB)
I: SystemObliviousTransfer::next
I: SendEncryptedMessages::next
I: SystemObliviousTransfer::next
I: SenderDone::next
I: SystemObliviousTransfer::next
I: SystemObliviousTransfer::next
I: InitSender::next
I: SystemObliviousTransfer::next
I: GenerateConstant::next
D:  sending message (size 0.000064 MB)
I: SystemObliviousTransfer::next
I: SendConstant::next
I: SystemObliviousTransfer::next
I: RecvPublicKey::next
I: SystemObliviousTransfer::next
I: EncryptMessages::next
D:  sending message (size 0.000258 MB)
I: SystemObliviousTransfer::next
I: SendEncryptedMessages::next
I: SystemObliviousTransfer::next
I: SenderDone::next
I: SystemObliviousTransfer::next
I: SystemObliviousTransfer::next
I: InitSender::next
I: SystemObliviousTransfer::next
I: GenerateConstant::next
D:  sending message (size 0.000064 MB)
I: SystemObliviousTransfer::next
I: SendConstant::next
I: SystemObliviousTransfer::next
I: RecvPublicKey::next
I: SystemObliviousTransfer::next
I: EncryptMessages::next
D:  sending message (size 0.000259 MB)
I: SystemObliviousTransfer::next
I: SendEncryptedMessages::next
I: SystemObliviousTransfer::next
I: SenderDone::next
I: SystemObliviousTransfer::next
I: SystemObliviousTransfer::next
I: InitSender::next
I: SystemObliviousTransfer::next
I: GenerateConstant::next
D:  sending message (size 0.000064 MB)
I: SystemObliviousTransfer::next
I: SendConstant::next
I: SystemObliviousTransfer::next
I: RecvPublicKey::next
I: SystemObliviousTransfer::next
I: EncryptMessages::next
D:  sending message (size 0.000259 MB)
I: SystemObliviousTransfer::next
I: SendEncryptedMessages::next
I: SystemObliviousTransfer::next
I: SenderDone::next
I: SystemObliviousTransfer::next
I: SystemObliviousTransfer::next
I: InitSender::next
I: SystemObliviousTransfer::next
I: GenerateConstant::next
D:  sending message (size 0.000063 MB)
I: SystemObliviousTransfer::next
I: SendConstant::next
I: SystemObliviousTransfer::next
I: RecvPublicKey::next
I: SystemObliviousTransfer::next
I: EncryptMessages::next
D:  sending message (size 0.000258 MB)
I: SystemObliviousTransfer::next
I: SendEncryptedMessages::next
I: SystemObliviousTransfer::next
I: SenderDone::next
I: SystemObliviousTransfer::next
I: SystemObliviousTransfer::next
I: InitSender::next
I: SystemObliviousTransfer::next
I: GenerateConstant::next
D:  sending message (size 0.000064 MB)
I: SystemObliviousTransfer::next
I: SendConstant::next
I: SystemObliviousTransfer::next
I: RecvPublicKey::next
I: SystemObliviousTransfer::next
I: EncryptMessages::next
D:  sending message (size 0.000258 MB)
I: SystemObliviousTransfer::next
I: SendEncryptedMessages::next
I: SystemObliviousTransfer::next
I: SenderDone::next
I: SystemObliviousTransfer::next
I: SystemObliviousTransfer::next
I: InitSender::next
I: SystemObliviousTransfer::next
I: GenerateConstant::next
D:  sending message (size 0.000064 MB)
I: SystemObliviousTransfer::next
I: SendConstant::next
I: SystemObliviousTransfer::next
I: RecvPublicKey::next
I: SystemObliviousTransfer::next
I: EncryptMessages::next
D:  sending message (size 0.000259 MB)
I: SystemObliviousTransfer::next
I: SendEncryptedMessages::next
I: SystemObliviousTransfer::next
I: SenderDone::next
I: SystemObliviousTransfer::next
I: SystemObliviousTransfer::next
I: InitSender::next
I: SystemObliviousTransfer::next
I: GenerateConstant::next
D:  sending message (size 0.000064 MB)
I: SystemObliviousTransfer::next
I: SendConstant::next
I: SystemObliviousTransfer::next
I: RecvPublicKey::next
I: SystemObliviousTransfer::next
I: EncryptMessages::next
D:  sending message (size 0.000259 MB)
I: SystemObliviousTransfer::next
I: SendEncryptedMessages::next
I: SystemObliviousTransfer::next
I: SenderDone::next
I: SystemObliviousTransfer::next
I: SystemObliviousTransfer::next
I: InitSender::next
I: SystemObliviousTransfer::next
I: GenerateConstant::next
D:  sending message (size 0.000064 MB)
I: SystemObliviousTransfer::next
I: SendConstant::next
I: SystemObliviousTransfer::next
I: RecvPublicKey::next
I: SystemObliviousTransfer::next
I: EncryptMessages::next
D:  sending message (size 0.000258 MB)
I: SystemObliviousTransfer::next
I: SendEncryptedMessages::next
I: SystemObliviousTransfer::next
I: SenderDone::next
I: SystemObliviousTransfer::next
I: SystemObliviousTransfer::next
I: InitSender::next
I: SystemObliviousTransfer::next
I: GenerateConstant::next
D:  sending message (size 0.000063 MB)
I: SystemObliviousTransfer::next
I: SendConstant::next
I: SystemObliviousTransfer::next
I: RecvPublicKey::next
I: SystemObliviousTransfer::next
I: EncryptMessages::next
D:  sending message (size 0.000259 MB)
I: SystemObliviousTransfer::next
I: SendEncryptedMessages::next
I: SystemObliviousTransfer::next
I: SenderDone::next
I: SystemObliviousTransfer::next
I: SystemObliviousTransfer::next
I: InitSender::next
I: SystemObliviousTransfer::next
I: GenerateConstant::next
D:  sending message (size 0.000064 MB)
I: SystemObliviousTransfer::next
I: SendConstant::next
I: SystemObliviousTransfer::next
I: RecvPublicKey::next
I: SystemObliviousTransfer::next
I: EncryptMessages::next
D:  sending message (size 0.000259 MB)
I: SystemObliviousTransfer::next
I: SendEncryptedMessages::next
I: SystemObliviousTransfer::next
I: SenderDone::next
I: SystemObliviousTransfer::next
I: SystemObliviousTransfer::next
I: InitSender::next
I: SystemObliviousTransfer::next
I: GenerateConstant::next
D:  sending message (size 0.000064 MB)
I: SystemObliviousTransfer::next
I: SendConstant::next
I: SystemObliviousTransfer::next
I: RecvPublicKey::next
I: SystemObliviousTransfer::next
I: EncryptMessages::next
D:  sending message (size 0.000259 MB)
I: SystemObliviousTransfer::next
I: SendEncryptedMessages::next
I: SystemObliviousTransfer::next
I: SenderDone::next
I: SystemObliviousTransfer::next
I: SystemObliviousTransfer::next
I: InitSender::next
I: SystemObliviousTransfer::next
I: GenerateConstant::next
D:  sending message (size 0.000064 MB)
I: SystemObliviousTransfer::next
I: SendConstant::next
I: SystemObliviousTransfer::next
I: RecvPublicKey::next
I: SystemObliviousTransfer::next
I: EncryptMessages::next
D:  sending message (size 0.000259 MB)
I: SystemObliviousTransfer::next
I: SendEncryptedMessages::next
I: SystemObliviousTransfer::next
I: SenderDone::next
I: SystemObliviousTransfer::next
I: SystemObliviousTransfer::next
I: InitSender::next
I: SystemObliviousTransfer::next
I: GenerateConstant::next
D:  sending message (size 0.000064 MB)
I: SystemObliviousTransfer::next
I: SendConstant::next
I: SystemObliviousTransfer::next
I: RecvPublicKey::next
I: SystemObliviousTransfer::next
I: EncryptMessages::next
D:  sending message (size 0.000258 MB)
I: SystemObliviousTransfer::next
I: SendEncryptedMessages::next
I: SystemObliviousTransfer::next
I: SenderDone::next
I: SystemObliviousTransfer::next
I: SystemObliviousTransfer::next
I: InitSender::next
I: SystemObliviousTransfer::next
I: GenerateConstant::next
D:  sending message (size 0.000064 MB)
I: SystemObliviousTransfer::next
I: SendConstant::next
I: SystemObliviousTransfer::next
I: RecvPublicKey::next
I: SystemObliviousTransfer::next
I: EncryptMessages::next
D:  sending message (size 0.000259 MB)
I: SystemObliviousTransfer::next
I: SendEncryptedMessages::next
I: SystemObliviousTransfer::next
I: SenderDone::next
I: SystemObliviousTransfer::next
I: SystemObliviousTransfer::next
I: InitSender::next
I: SystemObliviousTransfer::next
I: GenerateConstant::next
D:  sending message (size 0.000064 MB)
I: SystemObliviousTransfer::next
I: SendConstant::next
I: SystemObliviousTransfer::next
I: RecvPublicKey::next
I: SystemObliviousTransfer::next
I: EncryptMessages::next
D:  sending message (size 0.000259 MB)
I: SystemObliviousTransfer::next
I: SendEncryptedMessages::next
I: SystemObliviousTransfer::next
I: SenderDone::next
I: SystemObliviousTransfer::next
I: SystemObliviousTransfer::next
I: InitSender::next
I: SystemObliviousTransfer::next
I: GenerateConstant::next
D:  sending message (size 0.000063 MB)
I: SystemObliviousTransfer::next
I: SendConstant::next
I: SystemObliviousTransfer::next
I: RecvPublicKey::next
I: SystemObliviousTransfer::next
I: EncryptMessages::next
D:  sending message (size 0.000258 MB)
I: SystemObliviousTransfer::next
I: SendEncryptedMessages::next
I: SystemObliviousTransfer::next
I: SenderDone::next
I: SystemObliviousTransfer::next
I: SystemObliviousTransfer::next
I: InitSender::next
I: SystemObliviousTransfer::next
I: GenerateConstant::next
D:  sending message (size 0.000064 MB)
I: SystemObliviousTransfer::next
I: SendConstant::next
I: SystemObliviousTransfer::next
I: RecvPublicKey::next
I: SystemObliviousTransfer::next
I: EncryptMessages::next
D:  sending message (size 0.000256 MB)
I: SystemObliviousTransfer::next
I: SendEncryptedMessages::next
I: SystemObliviousTransfer::next
I: SenderDone::next
I: SystemObliviousTransfer::next
I: SystemObliviousTransfer::next
I: InitSender::next
I: SystemObliviousTransfer::next
I: GenerateConstant::next
D:  sending message (size 0.000064 MB)
I: SystemObliviousTransfer::next
I: SendConstant::next
I: SystemObliviousTransfer::next
I: RecvPublicKey::next
I: SystemObliviousTransfer::next
I: EncryptMessages::next
D:  sending message (size 0.000259 MB)
I: SystemObliviousTransfer::next
I: SendEncryptedMessages::next
I: SystemObliviousTransfer::next
I: SenderDone::next
I: SystemObliviousTransfer::next
I: SystemObliviousTransfer::next
I: InitSender::next
I: SystemObliviousTransfer::next
I: GenerateConstant::next
D:  sending message (size 0.000064 MB)
I: SystemObliviousTransfer::next
I: SendConstant::next
I: SystemObliviousTransfer::next
I: RecvPublicKey::next
I: SystemObliviousTransfer::next
I: EncryptMessages::next
D:  sending message (size 0.000259 MB)
I: SystemObliviousTransfer::next
I: SendEncryptedMessages::next
I: SystemObliviousTransfer::next
I: SenderDone::next
I: SystemObliviousTransfer::next
I: SystemObliviousTransfer::next
I: InitSender::next
I: SystemObliviousTransfer::next
I: GenerateConstant::next
D:  sending message (size 0.000063 MB)
I: SystemObliviousTransfer::next
I: SendConstant::next
I: SystemObliviousTransfer::next
I: RecvPublicKey::next
I: SystemObliviousTransfer::next
I: EncryptMessages::next
D:  sending message (size 0.000259 MB)
I: SystemObliviousTransfer::next
I: SendEncryptedMessages::next
I: SystemObliviousTransfer::next
I: SenderDone::next
I: SystemObliviousTransfer::next
I: SystemObliviousTransfer::next
I: InitSender::next
I: SystemObliviousTransfer::next
I: GenerateConstant::next
D:  sending message (size 0.000064 MB)
I: SystemObliviousTransfer::next
I: SendConstant::next
I: SystemObliviousTransfer::next
I: RecvPublicKey::next
I: SystemObliviousTransfer::next
I: EncryptMessages::next
D:  sending message (size 0.000258 MB)
I: SystemObliviousTransfer::next
I: SendEncryptedMessages::next
I: SystemObliviousTransfer::next
I: SenderDone::next
I: SystemObliviousTransfer::next
I: SystemObliviousTransfer::next
I: InitSender::next
I: SystemObliviousTransfer::next
I: GenerateConstant::next
D:  sending message (size 0.000063 MB)
I: SystemObliviousTransfer::next
I: SendConstant::next
I: SystemObliviousTransfer::next
I: RecvPublicKey::next
I: SystemObliviousTransfer::next
I: EncryptMessages::next
D:  sending message (size 0.000259 MB)
I: SystemObliviousTransfer::next
I: SendEncryptedMessages::next
I: SystemObliviousTransfer::next
I: SenderDone::next
I: SystemObliviousTransfer::next
I: SystemObliviousTransfer::next
I: InitSender::next
I: SystemObliviousTransfer::next
I: GenerateConstant::next
D:  sending message (size 0.000062 MB)
I: SystemObliviousTransfer::next
I: SendConstant::next
I: SystemObliviousTransfer::next
I: RecvPublicKey::next
I: SystemObliviousTransfer::next
I: EncryptMessages::next
D:  sending message (size 0.000259 MB)
I: SystemObliviousTransfer::next
I: SendEncryptedMessages::next
I: SystemObliviousTransfer::next
I: SenderDone::next
I: SystemObliviousTransfer::next
I: SystemObliviousTransfer::next
I: InitSender::next
I: SystemObliviousTransfer::next
I: GenerateConstant::next
D:  sending message (size 0.000064 MB)
I: SystemObliviousTransfer::next
I: SendConstant::next
I: SystemObliviousTransfer::next
I: RecvPublicKey::next
I: SystemObliviousTransfer::next
I: EncryptMessages::next
D:  sending message (size 0.000258 MB)
I: SystemObliviousTransfer::next
I: SendEncryptedMessages::next
I: SystemObliviousTransfer::next
I: SenderDone::next
I: SystemObliviousTransfer::next
I: SystemObliviousTransfer::next
I: InitSender::next
I: SystemObliviousTransfer::next
I: GenerateConstant::next
D:  sending message (size 0.000064 MB)
I: SystemObliviousTransfer::next
I: SendConstant::next
I: SystemObliviousTransfer::next
I: RecvPublicKey::next
I: SystemObliviousTransfer::next
I: EncryptMessages::next
D:  sending message (size 0.000258 MB)
I: SystemObliviousTransfer::next
I: SendEncryptedMessages::next
I: SystemObliviousTransfer::next
I: SenderDone::next
I: SystemObliviousTransfer::next
I: SystemObliviousTransfer::next
I: InitSender::next
I: SystemObliviousTransfer::next
I: GenerateConstant::next
D:  sending message (size 0.000064 MB)
I: SystemObliviousTransfer::next
I: SendConstant::next
I: SystemObliviousTransfer::next
I: RecvPublicKey::next
I: SystemObliviousTransfer::next
I: EncryptMessages::next
D:  sending message (size 0.000258 MB)
I: SystemObliviousTransfer::next
I: SendEncryptedMessages::next
I: SystemObliviousTransfer::next
I: SenderDone::next
I: SystemObliviousTransfer::next
I: SystemObliviousTransfer::next
I: InitSender::next
I: SystemObliviousTransfer::next
I: GenerateConstant::next
D:  sending message (size 0.000063 MB)
I: SystemObliviousTransfer::next
I: SendConstant::next
I: SystemObliviousTransfer::next
I: RecvPublicKey::next
I: SystemObliviousTransfer::next
I: EncryptMessages::next
D:  sending message (size 0.000258 MB)
I: SystemObliviousTransfer::next
I: SendEncryptedMessages::next
I: SystemObliviousTransfer::next
I: SenderDone::next
I: SystemObliviousTransfer::next
I: SystemObliviousTransfer::next
I: InitSender::next
I: SystemObliviousTransfer::next
I: GenerateConstant::next
D:  sending message (size 0.000064 MB)
I: SystemObliviousTransfer::next
I: SendConstant::next
I: SystemObliviousTransfer::next
I: RecvPublicKey::next
I: SystemObliviousTransfer::next
I: EncryptMessages::next
D:  sending message (size 0.000258 MB)
I: SystemObliviousTransfer::next
I: SendEncryptedMessages::next
I: SystemObliviousTransfer::next
I: SenderDone::next
I: SystemObliviousTransfer::next
I: SystemObliviousTransfer::next
I: InitSender::next
I: SystemObliviousTransfer::next
I: GenerateConstant::next
D:  sending message (size 0.000064 MB)
I: SystemObliviousTransfer::next
I: SendConstant::next
I: SystemObliviousTransfer::next
I: RecvPublicKey::next
I: SystemObliviousTransfer::next
I: EncryptMessages::next
D:  sending message (size 0.000259 MB)
I: SystemObliviousTransfer::next
I: SendEncryptedMessages::next
I: SystemObliviousTransfer::next
I: SenderDone::next
I: SystemObliviousTransfer::next
I: SystemObliviousTransfer::next
I: InitSender::next
I: SystemObliviousTransfer::next
I: GenerateConstant::next
D:  sending message (size 0.000064 MB)
I: SystemObliviousTransfer::next
I: SendConstant::next
I: SystemObliviousTransfer::next
I: RecvPublicKey::next
I: SystemObliviousTransfer::next
I: EncryptMessages::next
D:  sending message (size 0.000259 MB)
I: SystemObliviousTransfer::next
I: SendEncryptedMessages::next
I: SystemObliviousTransfer::next
I: SenderDone::next
I: SystemObliviousTransfer::next
I: SystemObliviousTransfer::next
I: InitSender::next
I: SystemObliviousTransfer::next
I: GenerateConstant::next
D:  sending message (size 0.000063 MB)
I: SystemObliviousTransfer::next
I: SendConstant::next
I: SystemObliviousTransfer::next
I: RecvPublicKey::next
I: SystemObliviousTransfer::next
I: EncryptMessages::next
D:  sending message (size 0.000258 MB)
I: SystemObliviousTransfer::next
I: SendEncryptedMessages::next
I: SystemObliviousTransfer::next
I: SenderDone::next
I: SystemObliviousTransfer::next
I: SystemObliviousTransfer::next
I: InitSender::next
I: SystemObliviousTransfer::next
I: GenerateConstant::next
D:  sending message (size 0.000064 MB)
I: SystemObliviousTransfer::next
I: SendConstant::next
I: SystemObliviousTransfer::next
I: RecvPublicKey::next
I: SystemObliviousTransfer::next
I: EncryptMessages::next
D:  sending message (size 0.000259 MB)
I: SystemObliviousTransfer::next
I: SendEncryptedMessages::next
I: SystemObliviousTransfer::next
I: SenderDone::next
I: SystemObliviousTransfer::next
I: SystemObliviousTransfer::next
I: InitSender::next
I: SystemObliviousTransfer::next
I: GenerateConstant::next
D:  sending message (size 0.000064 MB)
I: SystemObliviousTransfer::next
I: SendConstant::next
I: SystemObliviousTransfer::next
I: RecvPublicKey::next
I: SystemObliviousTransfer::next
I: EncryptMessages::next
D:  sending message (size 0.000259 MB)
I: SystemObliviousTransfer::next
I: SendEncryptedMessages::next
I: SystemObliviousTransfer::next
I: SenderDone::next
I: SystemObliviousTransfer::next
I: SystemObliviousTransfer::next
I: InitSender::next
I: SystemObliviousTransfer::next
I: GenerateConstant::next
D:  sending message (size 0.000064 MB)
I: SystemObliviousTransfer::next
I: SendConstant::next
I: SystemObliviousTransfer::next
I: RecvPublicKey::next
I: SystemObliviousTransfer::next
I: EncryptMessages::next
D:  sending message (size 0.000259 MB)
I: SystemObliviousTransfer::next
I: SendEncryptedMessages::next
I: SystemObliviousTransfer::next
I: SenderDone::next
I: SystemObliviousTransfer::next
I: SystemObliviousTransfer::next
I: InitSender::next
I: SystemObliviousTransfer::next
I: GenerateConstant::next
D:  sending message (size 0.000064 MB)
I: SystemObliviousTransfer::next
I: SendConstant::next
I: SystemObliviousTransfer::next
I: RecvPublicKey::next
I: SystemObliviousTransfer::next
I: EncryptMessages::next
D:  sending message (size 0.000257 MB)
I: SystemObliviousTransfer::next
I: SendEncryptedMessages::next
I: SystemObliviousTransfer::next
I: SenderDone::next
I: SystemObliviousTransfer::next
I: SystemObliviousTransfer::next
I: InitSender::next
I: SystemObliviousTransfer::next
I: GenerateConstant::next
D:  sending message (size 0.000063 MB)
I: SystemObliviousTransfer::next
I: SendConstant::next
I: SystemObliviousTransfer::next
I: RecvPublicKey::next
I: SystemObliviousTransfer::next
I: EncryptMessages::next
D:  sending message (size 0.000259 MB)
I: SystemObliviousTransfer::next
I: SendEncryptedMessages::next
I: SystemObliviousTransfer::next
I: SenderDone::next
I: SystemObliviousTransfer::next
I: SystemObliviousTransfer::next
I: InitSender::next
I: SystemObliviousTransfer::next
I: GenerateConstant::next
D:  sending message (size 0.000064 MB)
I: SystemObliviousTransfer::next
I: SendConstant::next
I: SystemObliviousTransfer::next
I: RecvPublicKey::next
I: SystemObliviousTransfer::next
I: EncryptMessages::next
D:  sending message (size 0.000258 MB)
I: SystemObliviousTransfer::next
I: SendEncryptedMessages::next
I: SystemObliviousTransfer::next
I: SenderDone::next
I: SystemObliviousTransfer::next
I: SystemObliviousTransfer::next
I: InitSender::next
I: SystemObliviousTransfer::next
I: GenerateConstant::next
D:  sending message (size 0.000064 MB)
I: SystemObliviousTransfer::next
I: SendConstant::next
I: SystemObliviousTransfer::next
I: RecvPublicKey::next
I: SystemObliviousTransfer::next
I: EncryptMessages::next
D:  sending message (size 0.000259 MB)
I: SystemObliviousTransfer::next
I: SendEncryptedMessages::next
I: SystemObliviousTransfer::next
I: SenderDone::next
I: SystemObliviousTransfer::next
I: SystemObliviousTransfer::next
I: InitSender::next
I: SystemObliviousTransfer::next
I: GenerateConstant::next
D:  sending message (size 0.000064 MB)
I: SystemObliviousTransfer::next
I: SendConstant::next
I: SystemObliviousTransfer::next
I: RecvPublicKey::next
I: SystemObliviousTransfer::next
I: EncryptMessages::next
D:  sending message (size 0.000259 MB)
I: SystemObliviousTransfer::next
I: SendEncryptedMessages::next
I: SystemObliviousTransfer::next
I: SenderDone::next
I: SystemObliviousTransfer::next
I: SystemObliviousTransfer::next
I: RecvFlagBit::next
D: ==== round duration: 11758.300781 ms ====
I: UpdateSystem::next
I: GenerateGarbledGates::next
D:   garbling gate 10000
D:   garbling gate 20000
D:   garbling gate 30000
D:   garbling gate 40000
D:   garbling gate 50000
D:   garbling gate 60000
D:   garbling gate 70000
D:   garbling gate 80000
D:   garbling gate 90000
D:   garbling gate 100000
D:   garbling gate 110000
D:   garbling gate 120000
D:   garbling gate 130000
D:  sending message (size 49.966560 MB)
I: SendGarbledGates::next
D:   system input labels sent
D:  sending message (size 0.830315 MB)
I: SendSystemInputLabels::next
D:  sending message (size 0.000129 MB)
I: SendFlagBitLabels::next
I: RecvFlagBit::next
D: ==== round duration: 11497.888672 ms ====
I: UpdateSystem::next
I: GenerateGarbledGates::next
D:   garbling gate 10000
D:   garbling gate 20000
D:   garbling gate 30000
D:   garbling gate 40000
D:   garbling gate 50000
D:   garbling gate 60000
D:   garbling gate 70000
D:   garbling gate 80000
D:   garbling gate 90000
D:   garbling gate 100000
D:   garbling gate 110000
D:   garbling gate 120000
D:   garbling gate 130000
D:  sending message (size 49.966560 MB)
I: SendGarbledGates::next
D:   system input labels sent
D:  sending message (size 0.830298 MB)
I: SendSystemInputLabels::next
D:  sending message (size 0.000129 MB)
I: SendFlagBitLabels::next
I: RecvFlagBit::next
D: ==== round duration: 11828.625000 ms ====
I: SystemDone::next
