I: parsing spec file timekeeper+.v...
skipping synthesis, BLIF file already exists.
I: parsing BLIF file synth.blif...
D: inputs and outputs parsed.
D: circuit initialized.
D: connections (#2018) parsed.
D: gates (#20547) parsed.
D: outputs: 28807 28810 28813 28816 28819 28822 28825 28828 28831 28834 28837 28840 28843 28846 28849 28852 28855 28858 28861 28864 28867 28870 28873 28876 28879 28882 28885 28888 28891 28894 28897 28903 28805 
D: circuit size: 28904
D: adding identity gates for outputs...
D: outputs after identity: 28937 28938 28939 28940 28941 28942 28943 28944 28945 28946 28947 28948 28949 28950 28951 28952 28953 28954 28955 28956 28957 28958 28959 28960 28961 28962 28963 28964 28965 28966 28967 28968 28969 
D: circuit size after identity: 28970
I: initializing safe primes...
I: using prime modulus 5809605995369958062791915965639201402176612226902900533702900882779736177890990861472094774477339581147373410185646378328043729800750470098210924487866935059164371588168047540943981644516632755067501626434556398193186628990071248660819361205119793693985433297036118232914410171876807536457391277857011849897410207519105333355801121109356897459426271845471397952675959440793493071628394122780510124618488232602464649876850458861245784240929258426287699705312584509625419513463605155428017165714465363094021609290561084025893662561222573202082865797821865270991145082200656978177192827024538990239969175546190770645685893438011714430426409338676314743571154537142031573004276428701433036381801705308659830751190352946025482059931306571004727362479688415574702596946457770284148435989129632853918392117997472632693078113129886487399347796982772784615865232621289656944284216824611318709764535152507354116344703769998514148343807
D:  sending message (size 0.000005 MB)
I: InitMonitor::next
I: GenerateDriverLabels::next
D:   driver labels generated in 205876.406250 ms
I: GenerateInWireKeys::next
D:   in-wire keys generated in 10750.314453 ms
D: SendLabels::message
D:   generating in-wire labels for 20618 gates
D:   10000 gates processed
D:   20000 gates processed
D:   in-wire labels generated in 273578.656250 ms
D:  gateCount: 20618
D:  sending message (size 53.983012 MB)
I: SendLabels::next
I: RecvGarbledGates::next
I: RecvSystemInputLabels::next
I: RecvFlagBitLabels::next
I: MonitorObliviousTransfer::next
I: InitChooser::next
I: MonitorObliviousTransfer::next
I: RecvConstant::next
D: received message: 15ce21316345aee54b530fe527f978caf41a057a20838e10436ec1c42fc3bb141d571b050e476b1c76aa50cae756873ade520d8720ef1488480c5a46f02c6f80eb936174cbbacc1d65181710d3966322fc2d6fa0ae8c743bb147a502afe2ed17a5a31845e3a13eef3cf80e4f64990c1f7586dc9c9fe2c89b49ce21557bce852fac400a5396016c1173077460d15c17e8e388967b529178046e95eb53931fc30c3556f861a2e8f83c4958a4342292287b8408e4d5289c0320bae44a869670010c4c502074093232bd4ec7e3d50d6408da5669ea680cbcddad5d4b4601e9c2ae8be5d8a945fe72405cc43ca09d9d0cf075c717a7485edc53e68c12d4f4e5e3dc1a24a6b002bf444130e00714b7f6ef2b28a148ce59463c2906b1657d259779102e660021e3b1019f1642733296f8024d6cf314bf71bd809f616f600ed3d0b81fc7b59174742f40064b7fdc2145263693752bfc090413a59eaea42f8b10b00d65cb49c00bf9ea1c04979df84531a1a3a956644b9c338f3f6ce0005f424dddf76feb
I: MonitorObliviousTransfer::next
I: GeneratePublicKey::next
D:  sending message (size 0.000768 MB)
I: MonitorObliviousTransfer::next
I: SendPublicKey::next
I: MonitorObliviousTransfer::next
I: RecvEncryptedMessages::next
I: MonitorObliviousTransfer::next
I: DecryptChosenMessage::next
I: MonitorObliviousTransfer::next
I: ChooserDone::next
I: MonitorObliviousTransfer::next
I: MonitorObliviousTransfer::next
I: InitChooser::next
I: MonitorObliviousTransfer::next
I: RecvConstant::next
D: received message: c946f12ff9a5292bcff863ac6b6cb683614ebbe7281e6f647512c59985cad86c3b7a3fefce97ae382c149f7534f3b89673ab2d11a4a43874553fc30cf136d6ebcbafd819e1671eaac391a6db8f9e6bf2c315c9d037abf653efc17ed9702b5e243071d0c8c49f9ae9115a84f275a1d07997d3eac193b452017b5f432ea32e34d677e5cf86a11514f555baac3f715c758d161fc06e5fa7122885bd2deb76b1030221a6886eed57d3698530c87982409db918d88971f8b8e947a851760f7e9e35c00d29a87ba7f4f5ea22f273c4941d3f84baf1f57a245ffe428324c960b3be1bcea4a90fc0d0a5717fd9fa805fc727b4786e6253d3a9ff1b754911ab2cd562f329a9c306649d6e5725f5de6bc4c8d395597a916310501f147679ae266ff0f9fdfbf00f626a0761c5b319d38b81f26a3619995ebd4bdc0697d6a7ca93a89bc8577bac1e5016c594a56b292757df5dd6011f75ed9ffbed1ee6095140fa4993c8ca78ff3805fc6df61d87560914ce1fdc1be56a51305620f803e7494cbe2860423bde
I: MonitorObliviousTransfer::next
I: GeneratePublicKey::next
D:  sending message (size 0.000768 MB)
I: MonitorObliviousTransfer::next
I: SendPublicKey::next
I: MonitorObliviousTransfer::next
I: RecvEncryptedMessages::next
I: MonitorObliviousTransfer::next
I: DecryptChosenMessage::next
I: MonitorObliviousTransfer::next
I: ChooserDone::next
I: MonitorObliviousTransfer::next
I: MonitorObliviousTransfer::next
I: InitChooser::next
I: MonitorObliviousTransfer::next
I: RecvConstant::next
D: received message: bbd8895c574bd9a99bc4ff48b8438d4f65cbd0e8d86c6efff082243fbe47f3a07850f307630c3d9a6c1791b2960041474652fecf9ad2ad8028c544ce72bcbf1d6cf39e8b7029a81ac923d6cff36a07fa3d3f584d7fb3faf565bcbe17eda2e5a8914a01bf6d6d451bab68f9f03993bb38b4817f55de0288a4a3dd292ffafbe3a05cd0efdcd62cdaa56c0124c427402f631dd8ceb8cdfc195fe4ae2bda3d6d9f7e77dbd9fcfb05fc024aedf80ff664abddaef8aec22cd969472492a7713f5365eccb959d2dac3e711bcae2caa053f68aff9c28eb6cbfbc62ea5308c5c2b14696a97d22f2511599926adba882e952b8b9e268ffaa351fbcbf5531b4f3448dead296aaad32e53648243dfaee6eff27a1ca56864ff0c1957644f5208f72e5cffbaf68127a5f3b129a5ec4d3d0c774a0da513a9f8bd9bda29bf4cb670b6e78175cb3f4636d91df1ca069128bd8dcfb3d094a67f5e16e845071323799226189c04804413042e9f36589c91127ffdd699dfb5af0d82c474bb077e6efacddc0a373ab677
I: MonitorObliviousTransfer::next
I: GeneratePublicKey::next
D:  sending message (size 0.000768 MB)
I: MonitorObliviousTransfer::next
I: SendPublicKey::next
I: MonitorObliviousTransfer::next
I: RecvEncryptedMessages::next
I: MonitorObliviousTransfer::next
I: DecryptChosenMessage::next
I: MonitorObliviousTransfer::next
I: ChooserDone::next
I: MonitorObliviousTransfer::next
I: MonitorObliviousTransfer::next
I: InitChooser::next
I: MonitorObliviousTransfer::next
I: RecvConstant::next
D: received message: d9e6dd1740e1d76db55fc4922400f547dcd419f2213402d505f2416b07bdcb6c392ba9b36776905a5944ad6ccc516fda9d37347b9dc8e1e4c3cd45985294dd3cfd1ad144313ab64a7cee424ad0e32df69943f55fe8fa6ae99a81b72ce82971437f4b21973c6903378329c68aed897cb6fa4afa26b1c02e68ab64f809d6b6fd203d401fe2338984266e130484b81263f6deba11782024a5d73b65fa7b1f01d4557ab7fc1f4c53be059c58df94143b2c89adda17cac90a88d6255e6086edb319e7b94a0fbe1b8907446d24e1933a820fc337f3f8a93c7d18a635fca2f7172aab85a231f1cef743d3e9a008bf282b8f26263240775b7c759b50a40990678b3e59b20d006b2c460afea05744896883996efcaac249b0dc6e82568a87c5ef10c47a3578fdf376f53577e63914efd5b3a141c020de54c8758f386f6101ad168abd8f429658f99857c6904aaa2e985bea30bbb44900fbf9f702fa1ecc304d57edc3a495dd24c70d2c4ea9516f24628514a98ce880d4ccb8ec63d4de637d348ce882e9
I: MonitorObliviousTransfer::next
I: GeneratePublicKey::next
D:  sending message (size 0.000767 MB)
I: MonitorObliviousTransfer::next
I: SendPublicKey::next
I: MonitorObliviousTransfer::next
I: RecvEncryptedMessages::next
I: MonitorObliviousTransfer::next
I: DecryptChosenMessage::next
I: MonitorObliviousTransfer::next
I: ChooserDone::next
I: MonitorObliviousTransfer::next
I: MonitorObliviousTransfer::next
I: InitChooser::next
I: MonitorObliviousTransfer::next
I: RecvConstant::next
D: received message: 942c8975d38286b7d444eaa1455a618829d075ff7d1269b5e4d924a19674210d2f46e5b7442a9e4dfb9aa4471696d6c3464096830e8f932bbfd8fed329036d127822fd58b82d3d6fe8b7f05f1b088d933cd6bc4c78a564979fdccdfb370d00589228835a874c0dac67fff7b14988f1e0d9072e55b5ff82e3f6e712d7707df96d98c9cbb94e395c79377b042a8e3043687180d3efbe8249affec4549eef1343fe77c25059810dfa5602f10f3fa31334fc6848d98dfb087469374bb156fa2f29af3435871b30aa56803b489afe63578dc1a4cf802714a9a4707c4a1b95947d1bb1cd10e24e95dc28ec3d98494ae700917648680c7180022b2bd41051a630bc6a52a554c7892be1126d086ab28bf41b312f0e2926075d5fd03725b6210106c81cb8503b1328b40276ecc093e8e7742a8e3eec7869bcdf4f512d24ea8740e698eda86538408f28e196835ce524c0d467d90a99c83356957c00f8a9c57eccbef2e74cfe8509c3aceebf90ad01d888acb57f13e0c77a7c1a49b03dbe1a7d47b743f8ac
I: MonitorObliviousTransfer::next
I: GeneratePublicKey::next
D:  sending message (size 0.000768 MB)
I: MonitorObliviousTransfer::next
I: SendPublicKey::next
I: MonitorObliviousTransfer::next
I: RecvEncryptedMessages::next
I: MonitorObliviousTransfer::next
I: DecryptChosenMessage::next
I: MonitorObliviousTransfer::next
I: ChooserDone::next
I: MonitorObliviousTransfer::next
I: MonitorObliviousTransfer::next
I: InitChooser::next
I: MonitorObliviousTransfer::next
I: RecvConstant::next
D: received message: 8e5517f16a454c0dfd42fa2fe669b2e1700ba582cd758b1a3ef3151f6602b7d242a759c3cebea780d092ddcea0544acb1eaf8add831fd2ab77c1d635e509ad8f811c9fe95a75b1a0f07e9ad154f27692805cf73f97a12b5a6b04c31741643cacd12feb27d7459fbbe0c521bf679a94618e763c89f868805502c7ef3a2924c0c00debb9c6dc95f9d038233814a04893a76da6ff05fea101c2e8854e3a4a21d469ad29a7fadf7e9bbc4d9fa769470985bf96e322de5fea5487b3f976dbde3b71d7093adf6f91d664ce1a2a612e29dae354aa5a1671aed6c47e79bfe1020c1ba6fead3a9fcc180670b2c05d0c3e54fee7e8bc04e646b2f266e271c6d8bb4cd0fd90eddd37440947d037eeef59a1f7b0d73870eaab05a4132dafeb727d6840327396bdef1ef561dbcddae4b46da5d596ed36b0258174853a729dc6fa65d0ce9ed9995495995de6c19f4ce57b9911413b424d2da7e59ea4f98929c3551989dc3620e9ad8dc2b4aba602080f21a7669cec84d7d6399b179ff3b30c9aedf003d72fe57b
I: MonitorObliviousTransfer::next
I: GeneratePublicKey::next
D:  sending message (size 0.000768 MB)
I: MonitorObliviousTransfer::next
I: SendPublicKey::next
I: MonitorObliviousTransfer::next
I: RecvEncryptedMessages::next
I: MonitorObliviousTransfer::next
I: DecryptChosenMessage::next
I: MonitorObliviousTransfer::next
I: ChooserDone::next
I: MonitorObliviousTransfer::next
I: MonitorObliviousTransfer::next
I: InitChooser::next
I: MonitorObliviousTransfer::next
I: RecvConstant::next
D: received message: 157013411312552a596eb46a33261011a6b7e104cdec560a6aee4deae95c112787a947325a00c7f1ac5c4fa0ae46fabd98e6ce41fce2c85673cfacf96c0c7e65e598dc5426886755738f3385047a7f3b4ff166a6374c3c3176a7cef37580368fb587994739faeb5d6434bd9bae13a769464460041c7899f36e18ab77ef77ce44a374f43498d498b2afa817a12fe582121b032697dd6f789c967c0f278517f712dd7666886fb1f547f8f47c419261c9ee581dc0117da034bc727522c88a0bc2f7d507484a54a961b1395ea98b627bd815c8dcdda999b697db18d7555a04912ccfe741389126593ab0d74f92bb3ce8f2b9e226ba1ace0ecbadf6b428dd45079ad9fd6106061bd3b9840d0b2c73d12323e2ca6335f8665c6cc7853068a61f264530961642b1a5a97c5f00ae1cdea89b498b0777753ef15c6af330ad5b60e00652c0376d0b77d4453eaec5beb05f1dd3565933255fc4fe044dbc4c4854b6b4443832863b8da2210096caa4bb95ffa321b71205234e136fa093316d2554c4c6b6b394
I: MonitorObliviousTransfer::next
I: GeneratePublicKey::next
D:  sending message (size 0.000768 MB)
I: MonitorObliviousTransfer::next
I: SendPublicKey::next
I: MonitorObliviousTransfer::next
I: RecvEncryptedMessages::next
I: MonitorObliviousTransfer::next
I: DecryptChosenMessage::next
I: MonitorObliviousTransfer::next
I: ChooserDone::next
I: MonitorObliviousTransfer::next
I: MonitorObliviousTransfer::next
I: InitChooser::next
I: MonitorObliviousTransfer::next
I: RecvConstant::next
D: received message: 8bf1c8117619243d299d2440eb96ccddbe4a13caed0afa401cbb2c973ec67e24726edcbb9a68a84bf8dead54f6963b69316d6a0e14fdd4d5d7169c38f00ce45953d3bf3492fbabe0a262c4cc25a2e9a5caacbcf1b597a06ee3c7495975d3833e4449a324c7cf8511362a88d25c7c9813c7bf7f707e7a6f292d66f3591b6dbf126699cc0755b90ab6102ca5add06342e2564c8360affdc2eadff2fca2f587030bd79838fd0675fcad64956edc559507530266f8cf65de0df3f9438b411307f54021b3634a28d5e4b8d8d9b6a006198ed2605b9f2c1848b92a91694c7d8c2cb124d2b5150a0c81f1cb0a638e10c60790246196ad4ee777f48adeffafb1ca3eb01d646c58e23d3468c64ad6d3092515cc62c0f49e94c4c9f26176c88a6cd3180794a542688fb94a0c3259dbc4e07e9a4b5a771885d8c1b8d0117080f64daced6e290de959c308e2fc6b0e473ab2c95113655e80afa884fed71ee71d191f5dc2ff29986f1316c659675487595f340aba7ce5bde5329a7eb6bbb483760c06f6bde5b7
I: MonitorObliviousTransfer::next
I: GeneratePublicKey::next
D:  sending message (size 0.000768 MB)
I: MonitorObliviousTransfer::next
I: SendPublicKey::next
I: MonitorObliviousTransfer::next
I: RecvEncryptedMessages::next
I: MonitorObliviousTransfer::next
I: DecryptChosenMessage::next
I: MonitorObliviousTransfer::next
I: ChooserDone::next
I: MonitorObliviousTransfer::next
I: MonitorObliviousTransfer::next
I: InitChooser::next
I: MonitorObliviousTransfer::next
I: RecvConstant::next
D: received message: 3485cec7b571a9937631d290f58ebd6c47c9dacb0d399b56938e8d3879ba8003516183fbdcd23d2e912688c3376939bd7745408d342a66201acaed62aeddf3158c29e56cf322d4fa81a69e3fc627b76bfbb0f12a2e4c81326476a2c09b6f2b7bc5aec7cb6177ce74a937001fbda5c92a6361da0790d7e531c3bc2d681bb31e5d5910fd73ffe5a1021dc62da3457e07ad61c447a54f06d37c1ed0fe6cbe5193716b4041e3964b1bd06cd5d6cf19d294d407e84e2bfc39a908d54519387902bd6d1d6b010db1de87de8fc03abb734e8a430dcbebc070523a450a9766ebd989d0c2d722bfee55df19b7ce9f75f5f8a4730832140a32e39bc68f27f2f6c582e5611f6b3a5a49e63282224f6316e08e7c4af308ecf2f69b858e55f6923ff142a1718c9ec9add50ef53cbc01048523e5bd5c2b9e1ca87e4c5d44a833225ba8db46e39e2c51963d9e417f22552ac257e8f86da5c0e2307c7ddda50e77d85e2ad7330769f1df6dc8b822a09582a37f59852388dbf862bbdbc1002d1df265e2cf507fd578
I: MonitorObliviousTransfer::next
I: GeneratePublicKey::next
D:  sending message (size 0.000768 MB)
I: MonitorObliviousTransfer::next
I: SendPublicKey::next
I: MonitorObliviousTransfer::next
I: RecvEncryptedMessages::next
I: MonitorObliviousTransfer::next
I: DecryptChosenMessage::next
I: MonitorObliviousTransfer::next
I: ChooserDone::next
I: MonitorObliviousTransfer::next
I: MonitorObliviousTransfer::next
I: InitChooser::next
I: MonitorObliviousTransfer::next
I: RecvConstant::next
D: received message: 899ed6a0b4978bde9121126ef81a7895dba8d969acec3e94f7458f3085481d58ff41a5434db3d0fb7ab4e6bc70e0948682945dfa330c050ea6c5301e17f27175bd7caeac20d3518438ae99b8001a0ff475b498bd3292654b3226376ed2ae06e81e05668ba1b0dd6a28048bf10b9c0a46da23cceacaf52be00ab30eac83ca3ed3252b5b9b0535084c542ba66808fd78d7ed8c104483f11c56b68692e21502586d4039afb409c98d8f682f69c919496f5ba3e0c480211e20a8b7300139aa9d04ffd094748f1b7ddd41895f85477083cb95abe335d9d4f25ea69ede60e96a38ba42c5c43dbe1321fde8a47fb958aea8cb49aafb65e64289cd021326655fccfd77913350f2175085a3d846322abc141157b7b7302328b02e84499809271139bf5c1f133a33422631d69b46802b1d46b665b8b8266a05f2613107f2c41103d6834a02a09220461fa7c601913ddba19d756d04cd85da7fbca523a809d679050b2d328a0e4f8b202aa815f168ca8b29d749dcc8a586f6bd1d9a2481d3dd28560d958430
I: MonitorObliviousTransfer::next
I: GeneratePublicKey::next
D:  sending message (size 0.000768 MB)
I: MonitorObliviousTransfer::next
I: SendPublicKey::next
I: MonitorObliviousTransfer::next
I: RecvEncryptedMessages::next
I: MonitorObliviousTransfer::next
I: DecryptChosenMessage::next
I: MonitorObliviousTransfer::next
I: ChooserDone::next
I: MonitorObliviousTransfer::next
I: MonitorObliviousTransfer::next
I: InitChooser::next
I: MonitorObliviousTransfer::next
I: RecvConstant::next
D: received message: e6fcd701fac2aea10093b21617cd1590acce96b031a5c7ad48c16d922d7283936f1c35da3a72c97ab018f69aa7c62341eef2aba4b5a3dd62ec720f8dc5f8f2d2a9d039c0bd42fb228b89f75397ddb87317d4b11be18a6e9b867e7d406dbf0d12ba3dad666fdc600f9d9f23cd41a5fe66e277504904f2c83538ca8e67c4662e75f03a41f0329e93f107d3ee1e8d988fed3f2f09bcd8a1d6e2e4723be81fee83face8fb97767c8fb7118aef1ac31c451f1277e969f2223927bb2c0aa7f1a8c608e1f5c827b7d29988bf6414f9c298d7c801c8dfe21d69f21a306978c1b91baa2cdeb1fbecce59e400aa9e1b61ff0558beb3767787ec0a886960f507aa0c31bb843931d604403063dade4624740b636e6cd60323f947758e315ac89efa035c9175373452724d6c068b1f37e90bddbe3271f0970d32d5dcc238fdc64f2353bbe4b15f0b2cb337bc8102e2f8b0168175aa0450d13bd557f06a3655b28f6435b04a713da755e6dbeca7a82e61f45a7116954576df59827dde30e7c846264ca000a1f67
I: MonitorObliviousTransfer::next
I: GeneratePublicKey::next
D:  sending message (size 0.000768 MB)
I: MonitorObliviousTransfer::next
I: SendPublicKey::next
I: MonitorObliviousTransfer::next
I: RecvEncryptedMessages::next
I: MonitorObliviousTransfer::next
I: DecryptChosenMessage::next
I: MonitorObliviousTransfer::next
I: ChooserDone::next
I: MonitorObliviousTransfer::next
I: MonitorObliviousTransfer::next
I: InitChooser::next
I: MonitorObliviousTransfer::next
I: RecvConstant::next
D: received message: aadb404455585a6769ad6301ffea430f173f8a7ca553740da94b0e995f9a7ac55a49eb1764a5125d5c06338aeeb365120539ea233a95492c1e7712d04cd0db4bfcf96778c598389752ed2fb1bbe52a203c674c3b3a93bd6bb906578c433ef22ed43d0f4de47c1b47ee2e201b0f19d9f36696288f52361e7c4dae91beb3e89a216f3f453d789d5ea3adfe87251edeb52eb418edf4885bbe8bb99bda8eb3abd8c870b688d8be03a066df153b375dc26e47fa983db17762bc543c6a41a4ece66b99ed6926b528d2c0bad1964c8f6e79bafa5ac37c31a900756c9e472ef04b2d6d56f19d13c16751faa22ec6226d780a76a156ea16939187a6e655b3da15865a0c22af7ee43a96bb211d98199d16ea4ebc1cb88faa1d2266a968f321d6b097bbd7763062a104a337939d67b1d42513d95722cc122d2aad8a9bbd42ab3abcbc381ed1ffd26cc376ad2fb64417bdbe7230d3aea26d8500040327231764c8d2b8651ac29ba33e8a80d75090bbb7f83ccf7f463d6516beac0deaf59c75e4871cd15eb287
I: MonitorObliviousTransfer::next
I: GeneratePublicKey::next
D:  sending message (size 0.000768 MB)
I: MonitorObliviousTransfer::next
I: SendPublicKey::next
I: MonitorObliviousTransfer::next
I: RecvEncryptedMessages::next
I: MonitorObliviousTransfer::next
I: DecryptChosenMessage::next
I: MonitorObliviousTransfer::next
I: ChooserDone::next
I: MonitorObliviousTransfer::next
I: MonitorObliviousTransfer::next
I: InitChooser::next
I: MonitorObliviousTransfer::next
I: RecvConstant::next
D: received message: cc21a3d5acf8e9db161e08800a45fed40574e288edd0a15a7cb9100886a68db46b9043d98fae6ae8ba318b61befd85b85b6c7f43cbfef41b058c838d3d4f9e6fe4c4e652bca06501b1169fa0be510a544490158318d65256df53b2770ac0022093c39a50bf1842aaf20a47d54cc50ce3f279ebd795b08212f8ca42769041b8842ede8db75dfc9ab87ac10d8e7c9fbf2806fcd267089c48ff1f87bc79b44c0f3e3cffc7618b538834adad0725773c0bca57fc7ebf7a4ad20a299d97fde14c363792954b9decbbfefa58a89f2a10517d20bd2166338f32cf294b9a95231b17c051d18e47d49617d858f25ea603d62c2c636b57ae22a0ff802326062980c6f6fbb8790c945a8adabdbdb41018f3b40096739d8d040d286acc830d7c9f35c0c24bdd1a53d6e20a32db0bcc843d37ab1521be0d6badebd2ef0a43840398a0bee7c852423fbdb7c8ba98b03ef3373e269dd0df7bb80794818da4d7106ef74e30280e98387a4a6cc6c7a0adfd06f717cd6862abb83c4cf7364deefdc7beca43a785035d
I: MonitorObliviousTransfer::next
I: GeneratePublicKey::next
D:  sending message (size 0.000768 MB)
I: MonitorObliviousTransfer::next
I: SendPublicKey::next
I: MonitorObliviousTransfer::next
I: RecvEncryptedMessages::next
I: MonitorObliviousTransfer::next
I: DecryptChosenMessage::next
I: MonitorObliviousTransfer::next
I: ChooserDone::next
I: MonitorObliviousTransfer::next
I: MonitorObliviousTransfer::next
I: InitChooser::next
I: MonitorObliviousTransfer::next
I: RecvConstant::next
D: received message: 1153eda84aabe662ca77c1731348e70614e52e5cc85769ce917e8442a41c7b5e67309e7bcf2adc0d1425c87a5d69fecd6c7e4a39da7e30e1c60204478ec5b6f607b9f2820fd1a86d22d9d8a4ad5f47c70318b9b0fa81a0ed71e92d6a57e0d85813df406fe3763455e693896e4d22247379a6dd72727393fe77a36bf67489880eba3305cc324a687d35ad86c81a5afe0176d970f0c49765e5c89496d587cb82a681ff90533616bb44b20092f7566da8fb1c544a22cd0f4177ef5bb13b2abf627e8b03c35fce822451cbcce5b1fce27359dcf49c10007dab706b744d69e89555011e0eca4a3778ef94c80e9f5556d2f4b225ec205e3d1c10a0fe2bbe287f6518cd62c2019da82129889d21737129e7f4929b71d56bc0113101cb1830472c8360d6bc06882bbfe829b1a8d92f82fc5ab26f1be771d3a5c95ba52a754472213a356d518f223162e9ac688f14d9a5a304d521c16cb3bbbdab00b7d2bfcce379d2a6c851293d9578845aafae214e614b3e258d7de2848dec60e45cb39bda5be4153aae
I: MonitorObliviousTransfer::next
I: GeneratePublicKey::next
D:  sending message (size 0.000768 MB)
I: MonitorObliviousTransfer::next
I: SendPublicKey::next
I: MonitorObliviousTransfer::next
I: RecvEncryptedMessages::next
I: MonitorObliviousTransfer::next
I: DecryptChosenMessage::next
I: MonitorObliviousTransfer::next
I: ChooserDone::next
I: MonitorObliviousTransfer::next
I: MonitorObliviousTransfer::next
I: InitChooser::next
I: MonitorObliviousTransfer::next
I: RecvConstant::next
D: received message: ecc2f6e44dea6a836d9929e8caf891f8374b7db2781ce201156e0ff82647eb1292c98c42aece9d3737e1afdd20c8c5885950c85e8a437d1bebec813f8cb6213fab47fe6eb8c8e3782aa6522d580a942e6d83395bef34141bd3795b5eb9568b643b7fb0e0c1643e4b85f5df23db4fc6e98fbecab884635afbd54c457582c03e70782eb046987ded34a849f4b77c6a05c88597da9f5b54219cddae716c892bf8eeedc3004aaf83462fa9d71a6bfcc97bbfbfddd9a7f4179ca04e0099bb0c1ef6972dab10c72dd818da82fc256c2849ee8ff6cc09c85050ea7d703f848fe0976d296d4cf1feb6a5b9a85fd18dabda6a2ac83f00dac2cdaf895ff2472d0d87d47f52f96a1a86a9cf6f0423d22b65d45451909ad7f3cb2bf48b31050bb7ba50253626852cf6de530450526f639cceed27d287d8d49013f442c5ea22e989d0c58aa32f9fa9c888c18d485de9d5c048006f097f4cca8384ace19d320e773702a3daef172660992dc8bcfdde5a1be217068b888893bace25dc22db6e9167a910ed30d7c6
I: MonitorObliviousTransfer::next
I: GeneratePublicKey::next
D:  sending message (size 0.000768 MB)
I: MonitorObliviousTransfer::next
I: SendPublicKey::next
I: MonitorObliviousTransfer::next
I: RecvEncryptedMessages::next
I: MonitorObliviousTransfer::next
I: DecryptChosenMessage::next
I: MonitorObliviousTransfer::next
I: ChooserDone::next
I: MonitorObliviousTransfer::next
I: MonitorObliviousTransfer::next
I: InitChooser::next
I: MonitorObliviousTransfer::next
I: RecvConstant::next
D: received message: d06c8f61475c07a3680d4ce1d344b8141b52e4914e01b05fc5ce03e5d77233225c417a7c47e461bbf14abc817988d87c6588845ca38ebbef57d8bae50022bfb32a013a2ad8c9190a40d42c12dde3ce5434ec368236c47a5227c8572b65c38b1d883279de317d6a2168ae6336c858fae0fab6308c689872b7bfe3e3b48a42453d2cc5874791e80e10a4f2b16f24e88f077313cc240fbdf7e3dcf822aeac7c0c81a83c6ea4751bbd0e208ff09c0cd0ae870211ef6c8d04e258ae843eae1bc07a0937e64d45b5f869da97bd3c41ea4b88d33cac929b4e5bd400db47cb869b8041b46c7a665d2e00c023d9ed08bfbed3257cb2f21ce9c7d30479aae38db56d82bd318cb8663fb7ff44fb38f2cfd12492fe96207406fe5f7ad597e64a89d0b80bd081a2da547c4587ad9faf16e3118370b9501bb109c984b1cbfc8262b185cfc84c671b433f455d2ea4fc4f553afa22c9652e563d4777f348d8b348d20fd00f72d34ed3e99c47b4435a1b3d7f73349e5e580beab2811a9bbff910fbb954872a88ffc4
I: MonitorObliviousTransfer::next
I: GeneratePublicKey::next
D:  sending message (size 0.000768 MB)
I: MonitorObliviousTransfer::next
I: SendPublicKey::next
I: MonitorObliviousTransfer::next
I: RecvEncryptedMessages::next
I: MonitorObliviousTransfer::next
I: DecryptChosenMessage::next
I: MonitorObliviousTransfer::next
I: ChooserDone::next
I: MonitorObliviousTransfer::next
I: MonitorObliviousTransfer::next
I: InitChooser::next
I: MonitorObliviousTransfer::next
I: RecvConstant::next
D: received message: 25cf8650240b627ed0dea1db859cebe4d1ea8e8b345d40bd3cbb84b8d72e6879692bf7ec7b3149eb4aacb57bc1fb834c3a0a0b73b34fecd2127ba84e48a9c64cb93a25bcd03f82e77661b4d125a4f56f6d8c1a308f3abfd7bb5f230834eb00b609765538b1ccd50cf810d7cadb14c22f04d0df83cec3a0d5cdb52387097c1b6409f6f6638969a7edb89af6d2a2a90a5cb6d1bf76d5fda41bdfd4189d661281a661e1b2a9397d6ffb5edf5da92b58c0c329c32ade1f163cad95ef738b5d59270d8e1e4942dc2fa1588c5bc601ad1a1395d74333b85d955a30de7268e330688ecaccf6fdb0df1f701f0ad169402e7d64d80f9530ee7c15da848c6e45c7497e71f8a126914c335155ab1c74b268d21f3859139ecf4692b7377933d605255f554b8a0e13e6bc7fc98ba04d3d447e7b1e4a713bd5939755b39c7d47e63d11749b25dc9bf97dad2385151140916dfa15b502cd8717183c98bb5f994f532d2d54889e038693e996fa179c8436364b2def9d23e227fce58679ba16035168c32a95653aea
I: MonitorObliviousTransfer::next
I: GeneratePublicKey::next
D:  sending message (size 0.000768 MB)
I: MonitorObliviousTransfer::next
I: SendPublicKey::next
I: MonitorObliviousTransfer::next
I: RecvEncryptedMessages::next
I: MonitorObliviousTransfer::next
I: DecryptChosenMessage::next
I: MonitorObliviousTransfer::next
I: ChooserDone::next
I: MonitorObliviousTransfer::next
I: MonitorObliviousTransfer::next
I: InitChooser::next
I: MonitorObliviousTransfer::next
I: RecvConstant::next
D: received message: 1e4d395ee49c3223838f5ce45b8e842ee58466bac769a0c1742edb3b3ac004960103433c300f82b1d88a45507bf97e110683ab89ad39a64121dfa3472d904b8dff6dd7f4de56950eba20e633a50763e1f3492aa2292f556b154c0bf0d796f2dd5cef7f4c33653d4a7dccec58ed38d40a99a3222ccbc62b40ea7bec8153f3548973b5cdf7173de57129d3c728ad96de52c2bcf4c8b8aad9bc0d73019a54001b24d824879f7530fabe2f71572588b5a6fed5c3f0d5523cdd8c88b3fb0e490461d8c593b73e24f1b0aa44f375a3a057dcdf0679e3158e02e64f17e887577085e6c347bd7181e49bba4fc864a2152fca874370679dfb7579dde02ea64ed1d158818e520987b58295fc9ac5855f8c118e341cfc6440152b937c973960868ebd23c59dc1b2f0e91448c223594b269ffa0eafa1be3ae08589a01ec083cde7b24421b581e80d6265406e2f5f71d1f9b81e8c9b1c849adc68586b5275af42467960d039fca41551bb27ef2cb75f774c3b3d10ed993c83503f2e78ae9d70bd92dfd109cf2b
I: MonitorObliviousTransfer::next
I: GeneratePublicKey::next
D:  sending message (size 0.000768 MB)
I: MonitorObliviousTransfer::next
I: SendPublicKey::next
I: MonitorObliviousTransfer::next
I: RecvEncryptedMessages::next
I: MonitorObliviousTransfer::next
I: DecryptChosenMessage::next
I: MonitorObliviousTransfer::next
I: ChooserDone::next
I: MonitorObliviousTransfer::next
I: MonitorObliviousTransfer::next
I: InitChooser::next
I: MonitorObliviousTransfer::next
I: RecvConstant::next
D: received message: 28707d5f005569f797540d64168c7e0a3fe56bd4071394395bd6d809a4a50b7a14cbd6d00e15ade6182bbbf481c20d8a00073b91dbb74d743669965ab97dbe739a3520f68b05b93f3f986647f43334533f7239267b2fdc0a3a671f314abba0cad9b5c3ef2d22bb7581a20d21b508e71572bb5dced3b8d54b3b1e6ef3638a3a71990ce42317bf3e90e0055cd5872f9c7561cff07fec68a84615f5dc6fe71cc9d748ef535fa99f8016413a5bb7fc359574c59a70f546740c649a775a1f4a9c33b0d9306603b99b80121877d5261b25afb400550fb8de9f4a444de9a623e28705a4a6335845447ab7899459f4ac51a7b28dacf18f4019b9835b1f4602d72eb92657080cae1467a409e1de7f5c46282579b0bee9a2453fb3b72a9550df301da949118cd4d6686747f468a9a26e7c06d2a44e92c577af4a4ace8a2f6a7954687a1d35f855a79151027b1a700f0ca81a349309fcf10caad6f7c1bb2589249b670d7f218a83cf5bbccc8facf5b54d578cb4c436f9dcc399c7de002779e67df64d6892ae
I: MonitorObliviousTransfer::next
I: GeneratePublicKey::next
D:  sending message (size 0.000768 MB)
I: MonitorObliviousTransfer::next
I: SendPublicKey::next
I: MonitorObliviousTransfer::next
I: RecvEncryptedMessages::next
I: MonitorObliviousTransfer::next
I: DecryptChosenMessage::next
I: MonitorObliviousTransfer::next
I: ChooserDone::next
I: MonitorObliviousTransfer::next
I: MonitorObliviousTransfer::next
I: InitChooser::next
I: MonitorObliviousTransfer::next
I: RecvConstant::next
D: received message: 62e93b8fe482337647dd232ab3e2f34d951ba5d943401e412e0772841050d17aa548f51f7d82c3489093e978b3642da98ed039364b1391dd4cd4cbe87b83ca9cb309881445249f426ea1971ee4ed4ac0d2d74fe6ff7bfafac5a9fc4095ea77020c75e92952644bdabf6fee03403889f37438f12d24e3ae20bc9c1d2d907acbf92ad209eab93a0c7c191f1e8d0fa03360e78847ec8f585e6b6cc3af8208fc6c1313c2fc9a33c6033ed1d21494276837a1b588972490bd57885cda7afd8a9fcb4489b93dda30882c609a91c90e99d40adcb77212f3326460ecc2266513105dbc51faf6cd550120df02e36c7236d7f9efcc78d19254aa82555a826496114e424d872db0d6c579590bc608ca794d2399452cdb4a7399219584d650c5c98602da7bf1f87b7d824de3bee0d540662d683f8a266f7a8a1b0d7d62a63bf350aeab255f73cb01940676ddaa5d14a9f43b259a083420dded12932f811b00e31edf083bf167d21ae08c5f36857809ca4ac8590fc13920bd80a9844f82e9455419577d93ac57
I: MonitorObliviousTransfer::next
I: GeneratePublicKey::next
D:  sending message (size 0.000768 MB)
I: MonitorObliviousTransfer::next
I: SendPublicKey::next
I: MonitorObliviousTransfer::next
I: RecvEncryptedMessages::next
I: MonitorObliviousTransfer::next
I: DecryptChosenMessage::next
I: MonitorObliviousTransfer::next
I: ChooserDone::next
I: MonitorObliviousTransfer::next
I: MonitorObliviousTransfer::next
I: InitChooser::next
I: MonitorObliviousTransfer::next
I: RecvConstant::next
D: received message: 65dbfbc259c9e870527c7f368a4474fa1e43713c0b330260742753c541ae274cfc2b0c14603f10c636167c3357b7d1526bd3fd43103d36cb67decf1a8ca9a3d26e0a32db479ca06ba544b3c1244057a84d8e7dae4c68f7bf08d226559f140899934fbf17764ff8a4899391800205b31596612375595e8c91e6d3ad9f0a680611ebe19d98a3ed3ad15948b515da3da78043a39427d598439c6c34a08b11f443b29ae738a83931c317766b68736b77ccb503f104cb26135db397e3db6ebfa059ac8940f330feff40e25a1f2254b0f3a6ee09e04ded232a115e96a81160ef518928e441c1d616b693ece59e006a058819fd4f0411eb7f93d38f9e58b52cceca65c0ecd83c07cb3561559b9d5e0a7faafb1fa0891241fcc0482a325f6fa7711c3f245bf73d4a8b43652ba3c94bf34e4f061c83223394c32cc31866bcf3278426073685c162b43c852fc4241579b2d716cedeee1e18e4f7a366c1769aff8f07ee5179e9a773680b0495591b30300f436d92a8757b8e24796f6292f874bd558c2e82f9
I: MonitorObliviousTransfer::next
I: GeneratePublicKey::next
D:  sending message (size 0.000768 MB)
I: MonitorObliviousTransfer::next
I: SendPublicKey::next
I: MonitorObliviousTransfer::next
I: RecvEncryptedMessages::next
I: MonitorObliviousTransfer::next
I: DecryptChosenMessage::next
I: MonitorObliviousTransfer::next
I: ChooserDone::next
I: MonitorObliviousTransfer::next
I: MonitorObliviousTransfer::next
I: InitChooser::next
I: MonitorObliviousTransfer::next
I: RecvConstant::next
D: received message: 1704e42033271989ab75ccb60f24bf13eae52ed721e0432797a3e0a9f0fa120ddda87ed562c806e1d1a27d3c8938e0dd3048b98fd19f4f8c7529428c67fd7ba524aeac1d7a3309a06c55e714a6fe0cd833c8c1f80698247403e238c2da690f32709a649ecf8978f68c62bd58682a9868f15c7acdde931fc8a8b15c7694edeaecf696e5eedcdaec6dc482e1224df8eaf7ec25829ff690456a1064e189f3f22e8b4e1bdbf0ada500e506a7794b312ff7316af2ab14974fb27eb7a4c585122361dbc72840da0c9595502176ec44d5dad25576d33eadaa6828fa543cce92cb29cac95d84e9f1d2a5c7810cfd349f7e5860daecaa260f1a303fbb2af8884750dfe2ec6ddea2e4aeac5276646e812c1a0a22396c82b8e6369176a6dab7554e182b1ee1025000539a422dd88b7159eb9f4470b53c0c60c10efda8a3abb1801298082dcaa27fd79f7a9cbe7f323663a82d4c86454aadd91564a2a5055859f1033beab2a96cca940700fbde711520793dcb76085561005059e89e6c6c0e360275e617ea4b
I: MonitorObliviousTransfer::next
I: GeneratePublicKey::next
D:  sending message (size 0.000768 MB)
I: MonitorObliviousTransfer::next
I: SendPublicKey::next
I: MonitorObliviousTransfer::next
I: RecvEncryptedMessages::next
I: MonitorObliviousTransfer::next
I: DecryptChosenMessage::next
I: MonitorObliviousTransfer::next
I: ChooserDone::next
I: MonitorObliviousTransfer::next
I: MonitorObliviousTransfer::next
I: InitChooser::next
I: MonitorObliviousTransfer::next
I: RecvConstant::next
D: received message: 682d9ba2de9d427db898378970c4cdaf9586afaea6c05e59564ddb22cfeb834c560900cc1486e3d57120fb510eaee61ab9d1ad47958c7b5b0260f1e46a565bd60feaca54f1325d8aeff974ab3faaaa65231ab2b67991bff918894cb704eef17e1d3dffea588a3ba4ef1d90b873af9dee2626aaadb4d127bedbd5ab4dbd60a31334eff611d21e31a53603fc1057c8fbda8b01e33f242d477878b9e2aa4985dbd2f79ba121781e496f5208bd8859bc8fdaa01c252737b1ac47ac0d1eeb7897fc57321b3aad1d230328772f2a6c4c5319fbc2a25f513e458fd5c3e92f4089ecb7addfa136db7c523e77b0512f12d275b5f6e082a4f7ea06914bcaedb59c499ed3c8c92891b2812a119edcb403be001b5094c81d3d2180fba6e7835e29c86d666e20da7e4a4102ea4c779445398271c9e6182a738fecb4e20036866e8d5b47321ba05fe387ded41a69fc283ce5c46a25326fcdede029dce3460a96fdc0bf09f84c8b42961274b0d0d4837a37431b1fb74737c88d80f1c528c325dab6bd17685a7871
I: MonitorObliviousTransfer::next
I: GeneratePublicKey::next
D:  sending message (size 0.000768 MB)
I: MonitorObliviousTransfer::next
I: SendPublicKey::next
I: MonitorObliviousTransfer::next
I: RecvEncryptedMessages::next
I: MonitorObliviousTransfer::next
I: DecryptChosenMessage::next
I: MonitorObliviousTransfer::next
I: ChooserDone::next
I: MonitorObliviousTransfer::next
I: MonitorObliviousTransfer::next
I: InitChooser::next
I: MonitorObliviousTransfer::next
I: RecvConstant::next
D: received message: dd57f73a496027f7594d4f6be07e92c1e099f233210a3c1a2b4803dae5b4ef384eb3d96adb140f97cb90853aa8d44a3721f6d03642eaaa59623799855fb5a1c910a596fe72a2e968989d7dbabe68ea2e4cae1ca689517d8ebbdd79e64c3af29712fa4f77445f26cdd41028cabe31fef9c67816f1f32d9a19a21f0b1d963306d18aaa20732ce389fee96ebc9aa179c0b522c07e7bc830ebc87a42145e6910787a803351eb0c82831153845c39f692ef59f3d3bfa939df17697166baf360d9d786a524b8b066edb812010ec9307d9ce4435f70113d681c1caa1b845bd28ee49170c1ee5d18f3b9e9d103b2190a70f15b08df08d2334fdb98cd81b95f5ee3fa3f3b676eb47c42254177e1fd70329c8db1cabd3fe2d70691bd801270e66fcb52b1b5dd06f950e4c342482b523984f459d839fbac18d95011bda213feff4db42f29b3232f1dc0054bbfa268f2f50ddeb7dec2ed147d139cfcd829fd2f904bcec2f04d0d04e87d1e2731738743abd750af53fd01ee3d065b36946311b9c23c0792a6ef
I: MonitorObliviousTransfer::next
I: GeneratePublicKey::next
D:  sending message (size 0.000768 MB)
I: MonitorObliviousTransfer::next
I: SendPublicKey::next
I: MonitorObliviousTransfer::next
I: RecvEncryptedMessages::next
I: MonitorObliviousTransfer::next
I: DecryptChosenMessage::next
I: MonitorObliviousTransfer::next
I: ChooserDone::next
I: MonitorObliviousTransfer::next
I: MonitorObliviousTransfer::next
I: InitChooser::next
I: MonitorObliviousTransfer::next
I: RecvConstant::next
D: received message: e168b3c2d6db5e4fe5cfb0fa05305360b9690fbb1f61d9bd53af687d03698f07609eaf942e019a68ecea22227d9b16d4779eec93cd192377af1da8529cc0b0a54367de85b3ec25b2cde5baf94fdc31eee4f7060540e87809cd873766ac9198797e45f7639f3f7012e6c22e3af5312ae5e66bf797b2a054bacfa9a262edabbe21fb289b31c6733542c2d251755c53e4bfb0fa880c5d026eeb129554a3f45168f1681d09dc0219371b6768a45e10243ece21e0a13b141aeb035e58ab04b7316fae6700366cb2c70a444f8469b05e8838f4a1e79b241941ef3435e66938ee40805bfd6a628a9965b1b60f7c135a7efd2a5970436449237bae61471e3bb49c17feabf63ba01a8b5c9a73e3d35d765620a5b55180d63a5af57d02665119736b807cdda8953cb8a31844476a96fb18225288416c5d7b136aabab0cdde68ea339e93d2f736cae944a242133a959983fcd6939d88f921e55566199a5ab342796a33161a3f0377acc6f5ee4effacaeb3d8c69a872c31a009df2c743554aca670a9a6365c7
I: MonitorObliviousTransfer::next
I: GeneratePublicKey::next
D:  sending message (size 0.000768 MB)
I: MonitorObliviousTransfer::next
I: SendPublicKey::next
I: MonitorObliviousTransfer::next
I: RecvEncryptedMessages::next
I: MonitorObliviousTransfer::next
I: DecryptChosenMessage::next
I: MonitorObliviousTransfer::next
I: ChooserDone::next
I: MonitorObliviousTransfer::next
I: MonitorObliviousTransfer::next
I: InitChooser::next
I: MonitorObliviousTransfer::next
I: RecvConstant::next
D: received message: 947e63b69b51c2e089148e2e627d2aacded944762f5a8da1576c8331da74875f30829cc4380767ca3690cd5536690beee690659bc54c74a35aad2e0bf98b045357c8c6f7d8709c36ee6ac415a08b4e86e2234bf11f6566045a52b0b3f973cc804556d4eede40a04068dc0d93b0bbb641351ce831b0cdea05b9c4170be580fd7ac2d84be63f9b3ee33cd81b6eaecd24270a68ac55bb9c3c25ee7abfd129d4bcb589110fa511c019a444e780468106b01d26fb6eeae695ead3e9050eac8a0b9664b99a87e5594bb877fb620c49d538428e9a0edb3789ddd07906060bb9f739d7471646e5be319f782d3a9188d92907c3e34c0224823a9d9ab57c6d5a1822f9b765509a227ddf86e20500d214935b8aabc36a4481901e655a1928620d45c5e84077a02cab8d994f43a17eced5cfcf439e2cd90aede63d1ce192abc742abd63d8effe4ffcf55884c24a3179dd190f19ec4be80623d0d050913c18943cd594f9ea5c8576beebe3bf5543eb8f21fa515cb9d45f05567c8e6108849a1f3ed2c655dba81
I: MonitorObliviousTransfer::next
I: GeneratePublicKey::next
D:  sending message (size 0.000768 MB)
I: MonitorObliviousTransfer::next
I: SendPublicKey::next
I: MonitorObliviousTransfer::next
I: RecvEncryptedMessages::next
I: MonitorObliviousTransfer::next
I: DecryptChosenMessage::next
I: MonitorObliviousTransfer::next
I: ChooserDone::next
I: MonitorObliviousTransfer::next
I: MonitorObliviousTransfer::next
I: InitChooser::next
I: MonitorObliviousTransfer::next
I: RecvConstant::next
D: received message: 861655e3c124c2a3b0d65baff8c18d57a3cd5232da41a6885fabf543930bbc2345184bf965896d956f418914535563bf7592d329d6d9e4982e680dff7189ed2c312f174aa1f617f6da0633ca6828b39b52e72d08454af3659c9ba284c4a30dcdc864d38e83ac8e6ca6e8355872658780f1c8f799263ef39685f8ae6f39ee4a0e2f88e7a4d5aef4c9301de7a4f729bb5649a7828945bdb86e94dc9ced420b83cc2d9751def8e78a1b3ba4e8b6db088b4dc4662030b39bb48a496166789696b0e025ddf794f2d4818133d36e92adf55e326d58f6b27a19956707e27cc91f76bfd9306a86499ecbf30da89d37715119bfaa565740a5ec97fac08988f969ecf59274cbd63c80a6097185a4b7a6c0b5fc3d582be125967d3bbc8010f01060fcc20f249d497eb08693b7d424820c77dbfc3aae5b810e2805604187d06117ffa81470aee196d2ba7646d3f21769b263a397fb782e4546c2600e2ab224ec8e0bb142bf40fea9ae4bcdbbd13a3939bedec02e874eb7b7d186f2d264a13aec5ed651933f77
I: MonitorObliviousTransfer::next
I: GeneratePublicKey::next
D:  sending message (size 0.000768 MB)
I: MonitorObliviousTransfer::next
I: SendPublicKey::next
I: MonitorObliviousTransfer::next
I: RecvEncryptedMessages::next
I: MonitorObliviousTransfer::next
I: DecryptChosenMessage::next
I: MonitorObliviousTransfer::next
I: ChooserDone::next
I: MonitorObliviousTransfer::next
I: MonitorObliviousTransfer::next
I: InitChooser::next
I: MonitorObliviousTransfer::next
I: RecvConstant::next
D: received message: 551cb64f1dfa7138a832fda51d78b0df009aca9d5f52fd451da9e6f7e7d2ced0ecf15787e94d036bb19073094aaaea74af29663d2df7d459f3e0a6c855c8700daa2801736044ae8db32cfa479796a7803e8d545a763df778075a3582a121b5aa1bf5c44c4c900df455719bc033529a1971b151a069e5f66615563f50d1c05773c6881b45753f2bcf6a443e70c0b8192136c9f313674ab01962dd764e97e2ff1bf6f488a669088016fe884f6ba53219b5a57062d4c9593d993410d079b341ad5e49c6b0701a43b00f7ee8ab404593efcb0c37d18eb51d0fda7b196f1c9884a5a9af07b5150aa520ae62f04069cf2c69fc1b630efe3d5fe688422ea19184f7d3530430298079e728c6c798bbb82bbab75a5dfa874a0b4e60259bcba5169f28342efe4d83a52e7fc08f247401066f8cef25d5f268890757d854f5fab7352e2389cb03027a3b82baaf64e987b594998fcec42ff47491279da6e3c69eec496d67f7483eb081c1f9358fb4bf55b29781dfb4b843f3026a6da1df5dcd100bd6478e362f
I: MonitorObliviousTransfer::next
I: GeneratePublicKey::next
D:  sending message (size 0.000767 MB)
I: MonitorObliviousTransfer::next
I: SendPublicKey::next
I: MonitorObliviousTransfer::next
I: RecvEncryptedMessages::next
I: MonitorObliviousTransfer::next
I: DecryptChosenMessage::next
I: MonitorObliviousTransfer::next
I: ChooserDone::next
I: MonitorObliviousTransfer::next
I: MonitorObliviousTransfer::next
I: InitChooser::next
I: MonitorObliviousTransfer::next
I: RecvConstant::next
D: received message: 17d6bf482e53c81ed434db1b744d967680569cbc8a03ba11f29676b9996bc3170e616c5529597b6df6fe1ce18441bb74d69d136d8192e517ca993377eb4d09275e9ddba993d29054b4410dcf7bb2170d98e0d944d6bd3de798c8b87d0423d46a173caa93ab963bab2983e0f6cc7c3f9c4f1beb051dae5a8258de223b9d743ecd4ff631d9b63628f34e69cfa4cb3ea4c47e60ce32a3718fdf924d0ed485dfda44273692fdc183f10f1f83d4c009bbd2c392b85d530765234fc0ec40bf475c01c3253abc129037366498a654ab6583a7556681b6b66c077380e7221abfe9bbdbcd3d6fc00b467cb4de1cd616b104ec2f1e1a30108a638c34b942bb8b536169d04632bef13d5b10539ab4fb2c769f878fd477ed5871e8543eb8f1b7018209649f754db023533c67faa23f4e5256d2c5679ef3e291cc2b80f6785ecbbb928bc2b5058f0bcc86cd3fe98038a6aa3475b65b97e24a778e437b88768567a4b4649c2d3a85b1eaa93714fc3c2fcd33872943907b0be42c28c524242cb11ed71ac1cfa905
I: MonitorObliviousTransfer::next
I: GeneratePublicKey::next
D:  sending message (size 0.000768 MB)
I: MonitorObliviousTransfer::next
I: SendPublicKey::next
I: MonitorObliviousTransfer::next
I: RecvEncryptedMessages::next
I: MonitorObliviousTransfer::next
I: DecryptChosenMessage::next
I: MonitorObliviousTransfer::next
I: ChooserDone::next
I: MonitorObliviousTransfer::next
I: MonitorObliviousTransfer::next
I: InitChooser::next
I: MonitorObliviousTransfer::next
I: RecvConstant::next
D: received message: 268253c61de4756e255b24d4b4bce6d3c68e0808165f679c6cd6d559027660a5ac30c1bed447cd82c00840089648346eda46bf1c13effdbbd45e338f04edcc9a8626428f9d62cf022986a5e1615bc9fcedbca8df287ad394720035707c4330c345575be8251395e915df60c18c4021bd615ad91294cfba838b8d8e4a009f0cceff295f5ae9d10bc83a5914b850edc885ecfa380ca141c0c97f7aaadf7e06ffa5bb8025cbc1b711c579a1236ae7066b743a719533517e4066e955641c413003fad14272f45705b68fbb1cbac670a4bedcab883aab8e839ee239ae92e23e60dc74f4d654147be45d72d1287b617835fd361229621756f4a21f0b13349a47c9b2c0fc2a6c2965fb30b4276fe3678320723a178a630458b020011b4db7191d9a9bcc8fa13c1798d034c390077ad6dad0aad09748b90a7238e157b62ad158fa3033d9793f29b039d99ce27fb808d306a75d915284c77020be2576a3890c7728765c6e8763a66fc7858defa5cf3b2cce623e6013c003f406705cc72c242f2771be1bc3
I: MonitorObliviousTransfer::next
I: GeneratePublicKey::next
D:  sending message (size 0.000768 MB)
I: MonitorObliviousTransfer::next
I: SendPublicKey::next
I: MonitorObliviousTransfer::next
I: RecvEncryptedMessages::next
I: MonitorObliviousTransfer::next
I: DecryptChosenMessage::next
I: MonitorObliviousTransfer::next
I: ChooserDone::next
I: MonitorObliviousTransfer::next
I: MonitorObliviousTransfer::next
I: InitChooser::next
I: MonitorObliviousTransfer::next
I: RecvConstant::next
D: received message: 52f425595ae346f302a26920228c043e93ed22ddebabfc8fe4d1f97333031bcc0107064594978aaec35d10f62f897f475fb8b4656e807aeba51ae3ae13ffd6f10ce25aa1c6330e464ddb54df981a5c0cfec75f0764b10605f0267a6d74968b341312af5b51981c2d96165cd5dfd6740ee7845df096ee614fec57b1b93126c48d717ceafe95bdc37394460eb4421745d41cda35a5aa95df4527ad22f848f5bced34e75256ae92de33253cb243c59cf35ca88a812b3ce3163b7be1450595f59dd384ff50ac29baf6bdd5986648066ee62034dc73b605084ad464727a53edb11c425c132f26e4bccdac178d60492821d8c8936ed2eea7845a6c637c990ed16e6068627a62d9081370812dba06e220e86ef4aa3c45817d2e2cbcdabdbd93e7ee06745ed0bbe13556eacb6ccca75f81a21b9c06e999c1f5d4b6b3227694061c163eab832110a08ef1d7e88e48a28c5334146f2210227fa6dca8fe43514717a4bd49db85ce08a7b6b5a3365125b360da0669385da2b3edec75563695af3f37a24db083
I: MonitorObliviousTransfer::next
I: GeneratePublicKey::next
D:  sending message (size 0.000768 MB)
I: MonitorObliviousTransfer::next
I: SendPublicKey::next
I: MonitorObliviousTransfer::next
I: RecvEncryptedMessages::next
I: MonitorObliviousTransfer::next
I: DecryptChosenMessage::next
I: MonitorObliviousTransfer::next
I: ChooserDone::next
I: MonitorObliviousTransfer::next
I: MonitorObliviousTransfer::next
I: InitChooser::next
I: MonitorObliviousTransfer::next
I: RecvConstant::next
D: received message: 51abc55c52adcbc32e7cbfded15f4e564a1bfaf14467605e226319e43d11ba62d0ea10ca88be8e9e54f7d3962300fe6c7736aacfbf419e6b8c8e20540b77d52462cf44751fb238ea3a597b5903c005faee18548cd3448959ae264ed1952886e9596e0263aad907418035b56ecf91b726580888b2dc0c404a20a3cb493dd04089164436db110e96a4eed2465ccd576a4129ce2e7e5fdc06b5ce162adb0f092fb28b840f3e2044833468d9842e15df72cb63471edf22b451084d9c560116d2e02b1086ab3c807f03bb148d0e552d083ac79255da3b5787d630dac3e2bcb678d7b1eaad1c3aab63cd99043e7133989a0012d4943e4b89deb875059d640d5ef840e00ae2ae7be0b0d44d53bc2e24dde2d01b13c22213e09ea9520059efed263d0639c1964f09a1030bd3de901c17f0063566ad100f2151c9af7f5aa3d3c1005605ab41d5ff017b01bcae719caac5d3ccacdc1281f91821eebc44dea92981417cb05cc9ca8d01f48296803cdb91be72e3458259f89b98febdcb722991067461177672
I: MonitorObliviousTransfer::next
I: GeneratePublicKey::next
D:  sending message (size 0.000768 MB)
I: MonitorObliviousTransfer::next
I: SendPublicKey::next
I: MonitorObliviousTransfer::next
I: RecvEncryptedMessages::next
I: MonitorObliviousTransfer::next
I: DecryptChosenMessage::next
I: MonitorObliviousTransfer::next
I: ChooserDone::next
I: MonitorObliviousTransfer::next
I: MonitorObliviousTransfer::next
I: EvaluateCircuit::next
D:   evaluating gate 10000
D:   evaluating gate 20000
D:  sending message (size 0.000001 MB)
I: SendOutputBit::next
I: ==== round duration: 280831.000000 ms ====
I: CopyMonitorStateLabels::next
I: RecvGarbledGates::next
I: RecvSystemInputLabels::next
I: RecvFlagBitLabels::next
I: EvaluateCircuit::next
D:   evaluating gate 10000
D:   evaluating gate 20000
D:  sending message (size 0.000001 MB)
I: SendOutputBit::next
I: ==== round duration: 282918.250000 ms ====
I: CopyMonitorStateLabels::next
I: RecvGarbledGates::next
I: RecvSystemInputLabels::next
I: RecvFlagBitLabels::next
I: EvaluateCircuit::next
D:   evaluating gate 10000
D:   evaluating gate 20000
D:  sending message (size 0.000001 MB)
I: SendOutputBit::next
I: ==== round duration: 278583.562500 ms ====
I: FaultObserved::next
I: MonitorDone::next
