I: parsing spec file timekeeper+.v...
skipping synthesis, BLIF file already exists.
I: parsing BLIF file synth.blif...
D: inputs and outputs parsed.
D: circuit initialized.
D: connections (#4034) parsed.
D: gates (#42010) parsed.
D: outputs: 47008 47011 47014 47017 47020 47023 47026 47029 47032 47035 47038 47041 47044 47047 47050 47053 47056 47059 47062 47065 47068 47071 47074 47077 47080 47083 47086 47089 47092 47095 47098 47102 47105 47108 47111 47114 47117 47120 47123 47126 47129 47132 47135 47138 47141 47144 47147 47150 47153 47156 47159 47162 47165 47168 47171 47174 47177 47180 47183 47186 47189 47192 47195 47198 47006 
D: circuit size: 47199
D: adding identity gates for outputs...
D: outputs after identity: 47264 47265 47266 47267 47268 47269 47270 47271 47272 47273 47274 47275 47276 47277 47278 47279 47280 47281 47282 47283 47284 47285 47286 47287 47288 47289 47290 47291 47292 47293 47294 47295 47296 47297 47298 47299 47300 47301 47302 47303 47304 47305 47306 47307 47308 47309 47310 47311 47312 47313 47314 47315 47316 47317 47318 47319 47320 47321 47322 47323 47324 47325 47326 47327 47328 
D: circuit size after identity: 47329
I: initializing safe primes...
I: using prime modulus 5809605995369958062791915965639201402176612226902900533702900882779736177890990861472094774477339581147373410185646378328043729800750470098210924487866935059164371588168047540943981644516632755067501626434556398193186628990071248660819361205119793693985433297036118232914410171876807536457391277857011849897410207519105333355801121109356897459426271845471397952675959440793493071628394122780510124618488232602464649876850458861245784240929258426287699705312584509625419513463605155428017165714465363094021609290561084025893662561222573202082865797821865270991145082200656978177192827024538990239969175546190770645685893438011714430426409338676314743571154537142031573004276428701433036381801705308659830751190352946025482059931306571004727362479688415574702596946457770284148435989129632853918392117997472632693078113129886487399347796982772784615865232621289656944284216824611318709764535152507354116344703769998514148343807
D:  sending message (size 0.000005 MB)
I: InitMonitor::next
I: GenerateDriverLabels::next
D:   driver labels generated in 345050.062500 ms
I: GenerateInWireKeys::next
D:   in-wire keys generated in 22582.886719 ms
D: SendLabels::message
D:   generating in-wire labels for 42145 gates
D:   10000 gates processed
D:   20000 gates processed
D:   30000 gates processed
D:   40000 gates processed
D:   in-wire labels generated in 563714.250000 ms
D:  gateCount: 42145
D:  sending message (size 101.205504 MB)
I: SendLabels::next
I: RecvGarbledGates::next
I: RecvSystemInputLabels::next
I: RecvFlagBitLabels::next
I: MonitorObliviousTransfer::next
I: InitChooser::next
I: MonitorObliviousTransfer::next
I: RecvConstant::next
D: received message: a4b6d11aa4a207a0fd484156d5664e5dd69d061595b30c9c086adb834161a6bd8f5c52e0b86f169a087375c92503923780cb5a3df5c6ed625b642d9b3b55c44f2c08f84d02e1f0474bfbd23ee259f62ac8f7cf023f3f707bcc2531c1073604d001975fa247ab2598673051c713acc5e862257e74b033c15626a2140f9300f0bb8dd995b25c5e81ebff28237e181404b1aeca57c8806eedd6f5ab066774ece9ec9e5de0fbb734f4a88479f7c85ac2d12d808f15485481df62e6cee123dc9587fd2090774bc8a5ed6e6bba689a0540ddcb13583a9dd4572912db34f06614465fed8517acb5ea985bf191f8c0738c7ca70a706f48af54e895f0020c9efb5f163131249f087cf9388327c418d370147be0deaefe2124f5e3d73ef5d3374d19ec6d327f9fe044ae4399d332bb57e1b3e66b3c4d3beab1404c6f0ca4affb26829a6dad621935233de73a271a6d148883409c035ddf196b03fd6a6ae9e4afab1c02b05ac139091fee23fbf0a8603fa470513136d9d3b816b4fb1c73a72dcba1e86f8405
I: MonitorObliviousTransfer::next
I: GeneratePublicKey::next
D:  sending message (size 0.000768 MB)
I: MonitorObliviousTransfer::next
I: SendPublicKey::next
I: MonitorObliviousTransfer::next
I: RecvEncryptedMessages::next
I: MonitorObliviousTransfer::next
I: DecryptChosenMessage::next
I: MonitorObliviousTransfer::next
I: ChooserDone::next
I: MonitorObliviousTransfer::next
I: MonitorObliviousTransfer::next
I: InitChooser::next
I: MonitorObliviousTransfer::next
I: RecvConstant::next
D: received message: cbe03f7a1258d48b479ec623c65fa32519c4bf2c6582783377d0937cb742696a5a0a0c6ac3e80f9ba728669e93c8eee05cc3312af6775f071447bbefec9d62aeb61e060404b6a1c153b53cfe29b3ac5673ff2f516ed48abebbe39d631e7e36697169b384a248a53d399b9a8ee18bbd2a21685472e0301eb04a41ba44c864a04620c366f8a8ea2730a0c91bb7de1cbf7c929d4287a01a6db1557924b74378cb82a35231bd43ae422d2215c4db950c35e549a36dc7dfe77f8143264209cb23980d1ed27f753804748ad9cc57991c054c610ed1ef9ef9e84b42841bbc3fa8fc708b53825a456ea44a5779caef76b9b531eba65ae1ddcea9cd373aa8d6f146c9f63adc6cda33829d7c35c33b0cf5f94c353f854f36e3b1bea658e5fd62c42ad3b2e6989a95d374b08006153225993a7844848822310befacdb7bfdb553fe725878173b492a4bdf2795ca67f55b152a5fe91b27371b19da0d23390b5e389f29bc1e89e2db49dda896dc2bee66b85452d46a98fda75a10f1a4ddef699f3d445fef631e
I: MonitorObliviousTransfer::next
I: GeneratePublicKey::next
D:  sending message (size 0.000768 MB)
I: MonitorObliviousTransfer::next
I: SendPublicKey::next
I: MonitorObliviousTransfer::next
I: RecvEncryptedMessages::next
I: MonitorObliviousTransfer::next
I: DecryptChosenMessage::next
I: MonitorObliviousTransfer::next
I: ChooserDone::next
I: MonitorObliviousTransfer::next
I: MonitorObliviousTransfer::next
I: InitChooser::next
I: MonitorObliviousTransfer::next
I: RecvConstant::next
D: received message: 1ee436549210e9c6213f2d75b93787bff7df32427cc8c22eda536c2b04707b9a0f981d9ffc53e5b9f6f35278076db41d8e3e50cbaa0306fead1a0cbc3122aa6030512c70bbeaf72631a16e7b7cd862db6f94c5c6d1d691aac46f8768168a4dc259d0f3b5e21de8e52767fbdd2a6bd13f53b05fa44a190864d4f1ecc995ee3cea40f750b05d8b132ebf1b46690b3fb07d67a323f47fb13c18d71411970c70a7fd696083654c2d9ffb0581110bb9dd78926dd85ce00d8ccd53d5c4e36f9dc922b4e1cbb688c26e5d148adadd1311406a0317253aff6a4fe064ab96cd7336e5f7bbed95b4ee7d376dcdc952d775506a99392e99869ee1da417c02491786b33811c4a8e2636c3bd5a8e922e292506f4201468b876fa93216a7543647f4565fb7b2c36f580e600a35ef1201f3c99ad0e5897442d57404359311f013805d8e03dcb16cd0ddd0b64e45ee6860566788bd656ffb05298243b60805893c8f58b27a270b92bd89ded23b7e16da2b0d29001a352b0f7ec851a2e1517c5750508870acdf4ce9
I: MonitorObliviousTransfer::next
I: GeneratePublicKey::next
D:  sending message (size 0.000768 MB)
I: MonitorObliviousTransfer::next
I: SendPublicKey::next
I: MonitorObliviousTransfer::next
I: RecvEncryptedMessages::next
I: MonitorObliviousTransfer::next
I: DecryptChosenMessage::next
I: MonitorObliviousTransfer::next
I: ChooserDone::next
I: MonitorObliviousTransfer::next
I: MonitorObliviousTransfer::next
I: InitChooser::next
I: MonitorObliviousTransfer::next
I: RecvConstant::next
D: received message: 483659d7ed70e5ce562c0b2d600c2f4aaa9a347c7bc29ca76fa2312c054d5236b774cbc6441ee5aa7eecdda26c4092664c79e875aaa41d9be5b1d4dd266bcf2451ddc55295588a6ce582c1ef1f3d1796a0d398eb239706ce06e4a865d31704337782746c94da5bbd2dd87a80debb657a4253eee5e0200472b0b0f150f462dd32e65f9eebaa907ec6430a9a5a34b508d1732ad6ae91749b52e2bdcf42de0cf637317262734926ebe727c97e7ebfd400550741e14a1efe05ed643aeb5638d9781285f471fccaac283d1ad0f2d1defa411534d637ea14510be8d808d9a387a7754d2b7ee26701aba4bfe04af9f6b27af80b7f8cf176535266f872f071a76f78b7eb8526e34f31fd16e1ed13ce03ec619c0549238d6532d5fe9bafa4a71905ca558361d90a1073407711986be2c366f5b287dede1d9538af9f98df4f00e329119f0d7f4f7f62be72001b70c530a780bba35d8a4fb1b81e500495e38f2d522d8c73a1c7a5e5f067ff722f9a7adaac360f5a8ca48bdd2c6c3f053f8f7bba4afe5ebd1f
I: MonitorObliviousTransfer::next
I: GeneratePublicKey::next
D:  sending message (size 0.000768 MB)
I: MonitorObliviousTransfer::next
I: SendPublicKey::next
I: MonitorObliviousTransfer::next
I: RecvEncryptedMessages::next
I: MonitorObliviousTransfer::next
I: DecryptChosenMessage::next
I: MonitorObliviousTransfer::next
I: ChooserDone::next
I: MonitorObliviousTransfer::next
I: MonitorObliviousTransfer::next
I: InitChooser::next
I: MonitorObliviousTransfer::next
I: RecvConstant::next
D: received message: c5e6fdec42b8c64a133063e657714266a0333c743e30c2cdf4e4e7d4f14676e6e15fe129fc27be18690b8eda2ea9ac6266c64ba09726a1b99e4903a2d8de4b8bcc97bc8bc134e1c63768869fca58bdded562c983372e0e805827fee400b92f065bd2fa333465c0b210ab6447b829ed40f211e9561e3b055b95b2909fb83a6025a724bd30bf85f9e142a3d69bebe4d1fc0e1473937b568619e211cde1fbed443689a630d32fa4f15cd77737b7ffbf3c49c51ad9debfef2713ad9011402c0e5a1f4c7edc765b143f901750490eafa620b5b07cd9bbe44c3ca697e7558e1a9ab4a26fad313fead244cbc25558fbbabb3d28de08cdc9f6f151cc3a511c95307cee4dafb91783781f774e0cd3b999ff29bf8d5f78f18df6e019b793a462d7299fc2d81cb43886a31975f42edb042183092ae57cf673fb55ce77806c62c2e4f4d55271da608f8e467461245498b12823cc0c9c5a7de745f0a9645a05690e2a66861ee4447f09114f181d9bfe2026ff5ce131420807accc2297854506665bcefb59bebc
I: MonitorObliviousTransfer::next
I: GeneratePublicKey::next
D:  sending message (size 0.000768 MB)
I: MonitorObliviousTransfer::next
I: SendPublicKey::next
I: MonitorObliviousTransfer::next
I: RecvEncryptedMessages::next
I: MonitorObliviousTransfer::next
I: DecryptChosenMessage::next
I: MonitorObliviousTransfer::next
I: ChooserDone::next
I: MonitorObliviousTransfer::next
I: MonitorObliviousTransfer::next
I: InitChooser::next
I: MonitorObliviousTransfer::next
I: RecvConstant::next
D: received message: 9a4983df2cf48680942075e2aed4741076e26e835e8b8ac8b75bbc499aecc0acf222e14592592a6e72be9c094906fd2e05481c5118da5039063f3a4dbba3cac404ee6554dbe91025a73c8c5fd29acec1b7afe26ab973d925e6ef474a5a18a14fc8ee58b8dbf89ded59f37fc72dea4855581fb6d32c82e78ffcb25a91e68464a5cc0e0fbd356c0526baeff767c7793a97dcc60e787d65066947fd2b38f7c50393f96f911d007dffac8f6dae2f2ca238b505fd51603b7b643d81c12816323872a2fd4b1887d7e75ee12f8a1843b93c6197f0bf2879a0a71b5e34142cbb30240c6bdd6bd00c36c2829d93c45b26fc3543d6d85902d74003c01933fcfd340fafaf0b4d4f0f8bf34379f351a0acdb14ff049aabe1e5969f43b4a13eb185059c7d8d4303f953d8a39f9b03cc30a1f68c62d0d5938a07f46c0d4f5133858e48b481bf0dd7088088c5e349713a331772189305a7957ac59621b05559cfb64fa86ca1af1db6556a2ecbc1c5e5567bc031becac8bf2b312fc72019661aa16694c91d993a6
I: MonitorObliviousTransfer::next
I: GeneratePublicKey::next
D:  sending message (size 0.000768 MB)
I: MonitorObliviousTransfer::next
I: SendPublicKey::next
I: MonitorObliviousTransfer::next
I: RecvEncryptedMessages::next
I: MonitorObliviousTransfer::next
I: DecryptChosenMessage::next
I: MonitorObliviousTransfer::next
I: ChooserDone::next
I: MonitorObliviousTransfer::next
I: MonitorObliviousTransfer::next
I: InitChooser::next
I: MonitorObliviousTransfer::next
I: RecvConstant::next
D: received message: e865058a6f830f8a9f74db18bbc29328cf0410613fb6debad05c66b818102212d718f076fc2345d84e390fc2f3cd208dc8f7b4a126b2ace281bc099b8f7e7242ce02784892f41f452721b888d7060d50a3afcb46b9f913ead1481dd6cfd44b9082a64cc24f6b4ffad6b21624738c60d05f93fa992eea48b56ae459debd0b38a865839002c35a6a5cff0b25e65cef19c07778c81332b46f312d802d8a839d1a13f050eb7fa84cc41bd10d881a4e98b0906b499e04aac640f6b33ab836fcd02887a79b85b8e07884d6d8a4b14495ad6b56f0ce228b9e0df5d4303cffc086ac594a6b32dd4322b6965fab744c5b163bfb33501a3911daa89b8388f3d9e02fe464fccce2bd1d55c18693060f9e4d949454e4dc223b178424e9c06c70e11bf46d13ecb6685e5ef1bd02a411bd3ed5c2db6bd0ec0e269433ef85ccf50cb9f66fe63d6b8259a6eac4b3ae14fc38885619f27ad305481a31b422e4770fb408979ae94581dc6412baa876a76821ce734bbd96b7e1a462041bb4b78132503f1d2039c19340
I: MonitorObliviousTransfer::next
I: GeneratePublicKey::next
D:  sending message (size 0.000768 MB)
I: MonitorObliviousTransfer::next
I: SendPublicKey::next
I: MonitorObliviousTransfer::next
I: RecvEncryptedMessages::next
I: MonitorObliviousTransfer::next
I: DecryptChosenMessage::next
I: MonitorObliviousTransfer::next
I: ChooserDone::next
I: MonitorObliviousTransfer::next
I: MonitorObliviousTransfer::next
I: InitChooser::next
I: MonitorObliviousTransfer::next
I: RecvConstant::next
D: received message: 405a3bd9f980067d029422291d95c40315dde749f76151dc22f18fc59b32ece212ac56e9b1f444b6da63eafa18dd6181c664ca2e5af20cab605ad546158c855fb8f49898e3d8db9c3236012583d2494e86196a320f1cfc3812e48c3fea7755fdd91d2a6c652c34362d8b333783c4912b81cf743b0cf60ba49225a620b44aa5679bc5476655f52550e2666ede1df1b4257bd16a9173034f2b12a9480d43ec5504fe1eed3973d7e7674434382b638fc2c9297539eda0ad3195f85c758445e7932f9f2f8e08ec29366b4dab2c12ebf6af629d49c4320ce382a6a1cef4b6bf2a4b6c528d3c841f6b90669865d867d9018dd630d5c617e84293ab50056ff07c558ecfeb1d79441267f515e466b522c91d79bcebb8283075afb71bb353bed985077dfdf6fb3828191384a09ee6019f7a540c3bd5653a9cab23212b21ec7fde704f79ae2935d59e259067fef4d7d449cde73f4008ce37c9562fa650658d5cf2bf128b3306c306a7593543c352a3fb6c41f70f2d114e1877d18c3d2e7d84d0dfd006aeb9
I: MonitorObliviousTransfer::next
I: GeneratePublicKey::next
D:  sending message (size 0.000768 MB)
I: MonitorObliviousTransfer::next
I: SendPublicKey::next
I: MonitorObliviousTransfer::next
I: RecvEncryptedMessages::next
I: MonitorObliviousTransfer::next
I: DecryptChosenMessage::next
I: MonitorObliviousTransfer::next
I: ChooserDone::next
I: MonitorObliviousTransfer::next
I: MonitorObliviousTransfer::next
I: InitChooser::next
I: MonitorObliviousTransfer::next
I: RecvConstant::next
D: received message: 873e67539fc8408c1117b4789785348341ca5a8675cee7853cb10a54f509b5baddf8e7bcd968e12964d4cc6a92562659800e809d1b1c198ca619a8bb1ef789ec3eeda90628eeeae0f09ca8d51aac13d35b716af1bba119af4b190c714e6bb06f2b3357686bf6ca80f55324d96263d45a10d4bb1ff454edb5f9ce8a98f34c4e2fd42dad3cba607571025fb255759b7f608d13864bbfb1a413c8e1ee363066dbcb79a8ebc91b3fd3e0063a530315d1341a51cbc970497826483382c6c21967024bfb5027ca68a22a5d594930e69b2946b353acf3c6939f710685d9a50525f69ee2ce7907c1f325cf915d80cae9b0768dfd24809f77604777e08bd4b1a9aee4782e4579f84bf16d0c02876b7730b6591e13a344ac9c0e151133296e8596d47c1d53a80e98f5c6eff6901ffd6a5a9c0b7417996dbc4ec6eead1656f37e88d5537589a8b4d65da3b72314e051ecc1be80b5e5fd5e6014896fbc4cf3ef42c497cf5a2b6bf9590e2b43fb6f7397aa32eb70df1fd5e1796a02d9a5a5a47a95d48444a7f0
I: MonitorObliviousTransfer::next
I: GeneratePublicKey::next
D:  sending message (size 0.000768 MB)
I: MonitorObliviousTransfer::next
I: SendPublicKey::next
I: MonitorObliviousTransfer::next
I: RecvEncryptedMessages::next
I: MonitorObliviousTransfer::next
I: DecryptChosenMessage::next
I: MonitorObliviousTransfer::next
I: ChooserDone::next
I: MonitorObliviousTransfer::next
I: MonitorObliviousTransfer::next
I: InitChooser::next
I: MonitorObliviousTransfer::next
I: RecvConstant::next
D: received message: e45ce976a55f1c2d0f53568a1bb2fe248ae05d1f622207166f41e78c2f0b8798c211d19e4aebd0c939bb529220e13464216efa63f0a83a87296286f0b5cbd9f33e1b7c058ab0965b1273aca5f5d21b9336f163fb33da064c15b7020ba83d095370081b310540ac5c931136c2d3a17c596e4e776668a752014a236c2a90575c53e9e9748f0aedc6d437f9a529045ffa06e5404f8fcb2431b256593f4af81fb76a9c0f5a7ffa24e7576aa4f07201e3f9fc4f3f44a4ed8262c50b5e7e66cd16ca0bec525f437cc1e686fc3f0ff14ad8a579f1b7a909857d1a3d1dbe733e3cb5f486f24b2cdd9bb7d46956a33027a2e54b6d7901192dae48dce1090b6b1efaf26d30ff42f144e5856b4991da476c6a8b7cba0b8ea6f8fee445242da836453095e035e274976bea2607691e1129c0f656917c8d4c1305bbf66ce5bd98bccb0c440afae46a3e3a7a66b2f55b05a9b72a8455e44533b603d7377713c93bf12be4cb19385b1df3e5ebaeb300bf93dc2108aef62fc4fb23c85cdae4206b9e638d51ad177f
I: MonitorObliviousTransfer::next
I: GeneratePublicKey::next
D:  sending message (size 0.000768 MB)
I: MonitorObliviousTransfer::next
I: SendPublicKey::next
I: MonitorObliviousTransfer::next
I: RecvEncryptedMessages::next
I: MonitorObliviousTransfer::next
I: DecryptChosenMessage::next
I: MonitorObliviousTransfer::next
I: ChooserDone::next
I: MonitorObliviousTransfer::next
I: MonitorObliviousTransfer::next
I: InitChooser::next
I: MonitorObliviousTransfer::next
I: RecvConstant::next
D: received message: 4689bf73faa05a1350356332f1c1b7d8b884149b25d7d7863a6688b1d476a0357db6f70d2968f2a7fed361d5ff7996fd1e4855faff1a5b151277bbbdfa2deadad6c1cd2639076d0094765bb217b1e7fea16ac2e492ffd0b5b071856d9d48af77d5934aa8f56d8a4c41612aead11ab4cf4c5743b093de650a7be1d8a640c0108b3b5e3402cf3d1b288a16996a91977da82ec23b5a2ded21e434c6ba779aa8171aeacb51ee959c664e57ae1357fc06165a80af68041f5d597f79cf0c84da6d8772664c17932541e0f4b924a1583f120708a06a1df763de6fee1ff9677d331a668a67c1363812e4ca20176ba5d1dbd86af064eff3d401bc87ce6fa01633b4b0221ace2c0bda5d5a733b0653daddc9def0cc0e11b70836a68eabecbfe04a27409f5bd096ade6170c8d27da726eb8d6e1dae53b3d2b328b5d94ac47320ae221bda2fafcb46168fadaa620b4f94baf1c64ce1efd29d0b8d06fd0fd09ff311604c4ad518eee46dd6fa56dffaab71c4a8a1c5b73a73fa3118ba9872f85ab29ac71a04f64
I: MonitorObliviousTransfer::next
I: GeneratePublicKey::next
D:  sending message (size 0.000768 MB)
I: MonitorObliviousTransfer::next
I: SendPublicKey::next
I: MonitorObliviousTransfer::next
I: RecvEncryptedMessages::next
I: MonitorObliviousTransfer::next
I: DecryptChosenMessage::next
I: MonitorObliviousTransfer::next
I: ChooserDone::next
I: MonitorObliviousTransfer::next
I: MonitorObliviousTransfer::next
I: InitChooser::next
I: MonitorObliviousTransfer::next
I: RecvConstant::next
D: received message: 8c5c8bc3a55d2b2adccdc42d12c7174e5960a5e0c30ef798a8a396a04f0adc86f80ae02f575836dbada35ba4f9274e04c23db57cac50450b4fdad32f2e8e73919b3da98bafdbe795a21ca9e7c219b3ceef3ded5e6cef37cf82f16200574a85580f083d9ad8e3e7551deb8852a47b90e0f6191f38aac42f5f1c0c8088eef73697432fe6ce66562928ccc4f82673aee1ee1ee3fd7698bbce04c5b1f3ce99e78e65612c6215073b4e02408bdfb6821e34343448b5d233f81b4cbcbede89aa3085ca13d718079d3f5b5f82fa46bd03643505391e2eb28e22ee794f8a60884d819a06142587b9094b4a3c9ade7550ade1d9abaf7378d29ae261d182ea4c545bb43bd3784c71e8886418b4409587a0e84c8be8c0a3c2275507592a44b75b2b367cf934a53d44df5d59bb340313082873de4119330e86e32bbbbe77bf88bb4eb31f9c16364269c1fdbee486f0591ff0a88bc97b4bce9dccb90d77fa9e11566c53b80c458118744a4d394a5b54fbce40aaade670ae7c31057a6aba869065b17e88a5ae40
I: MonitorObliviousTransfer::next
I: GeneratePublicKey::next
D:  sending message (size 0.000768 MB)
I: MonitorObliviousTransfer::next
I: SendPublicKey::next
I: MonitorObliviousTransfer::next
I: RecvEncryptedMessages::next
I: MonitorObliviousTransfer::next
I: DecryptChosenMessage::next
I: MonitorObliviousTransfer::next
I: ChooserDone::next
I: MonitorObliviousTransfer::next
I: MonitorObliviousTransfer::next
I: InitChooser::next
I: MonitorObliviousTransfer::next
I: RecvConstant::next
D: received message: 391fd1f493297092c52581d8bea7e88984b7c840b7affaecc2f71bde8a846c7ae703e4ed289445f29a222549876289cebcf12fcb530b1bfee8fef68c6d68eeb513d70689b021719c64e5ce9f70c9bc76fc0c65e4fed8282c2f0e8c8c4ef85e2fb7229335a9692efda56c65300646a395e7b875a9893ad5e0b8d17ab3182ea9298f8502ac444ef09c73a0b8c4418004d98b1ecdccab5a15d8811c3ba382e69cac85eada2cff0abdadee13acf42a282956ab2f5188a6ff4c169aa3ba98aa5bad94847706c45a1230793aaccadf9dafa6ec665aba061b11ebf6aec695bb4e0380ec82f15771ca3f82968a3faf515a0bb97ffbc2259d9f50ce4c945b2ffd22c907a5feae7114e17f1d7888643c400cc6f7e2ea1766a307625559d7e3e9feabf28a7a881382b7be95fad756a108555982882a40180219629e459cc44377345cf5a7f0a0cfc30a0907589762648127101424cd979788906d093d8e7309ffd37f142c99e297342c0d13559efd31f7ab333cc7966ffdd7b9d14961440e6cf9ff7ef3c5d
I: MonitorObliviousTransfer::next
I: GeneratePublicKey::next
D:  sending message (size 0.000768 MB)
I: MonitorObliviousTransfer::next
I: SendPublicKey::next
I: MonitorObliviousTransfer::next
I: RecvEncryptedMessages::next
I: MonitorObliviousTransfer::next
I: DecryptChosenMessage::next
I: MonitorObliviousTransfer::next
I: ChooserDone::next
I: MonitorObliviousTransfer::next
I: MonitorObliviousTransfer::next
I: InitChooser::next
I: MonitorObliviousTransfer::next
I: RecvConstant::next
D: received message: 8b35db23f018bfeab09e0671f4cd02d7bb9dfe145b9f53c7c0a0bea8ccecf4fda2b8eced9e46ebc002bbf252c09861a8c67b9fc254dfbbc5e37da0635298f598a01888daa4365950e2ed0134c53a05235e1d892a70f2d4e64b415001c26ae698db931735ddddd9783ae999ea808362ca54c5e3c4a9dc09464cd1ab3a5e27046b6dda735f5527acdd0b74f200e44bd7800ba3b9c42723c74097270f0f9e1165794a5a2c9a80cc84e97047d3f3566eea6bf020fde087aa00951339ae966b0f4b71191720e82f753e11ed4b9eb0f8a5e97a468888e436832f541a05b2c285d3c8d38a7dd246d03f49341cd44fdbd40eb83dea6e93110538063795376f656bf555a2555b40746f1b70fd713cf77162753673f95e5059354fae4a4e28acaabe1bb639bdfb2bbf76f3f05cc1d82e9d5eba54840bf2398da30e0fd0ee4f2b234a8fbc59cd04e60ca2331e941660c31db42b0299c11fccd143396ae5b0ddfb66cfd9106f2718a53aa9f09ce1a89645998902a3bab221a371546d150ddd3c71bc4b63d879
I: MonitorObliviousTransfer::next
I: GeneratePublicKey::next
D:  sending message (size 0.000768 MB)
I: MonitorObliviousTransfer::next
I: SendPublicKey::next
I: MonitorObliviousTransfer::next
I: RecvEncryptedMessages::next
I: MonitorObliviousTransfer::next
I: DecryptChosenMessage::next
I: MonitorObliviousTransfer::next
I: ChooserDone::next
I: MonitorObliviousTransfer::next
I: MonitorObliviousTransfer::next
I: InitChooser::next
I: MonitorObliviousTransfer::next
I: RecvConstant::next
D: received message: 2c01f896cb78cd3d6d52edccdcb6670880127d3a5c0db95dffac08dfd30d80cb7d42882c5e681ea6492f51b3f5d23810718fdafa8883624a5f4fe65c7d200f7636339642faf99aca6c9d516ca213932b9b37a33a386a674b63def11a272519a19923007a0db85875e1c2d7a7318ec30a57f37601954bbf54246941df9b4945134df70fc611418cafceb36024a8c7ba6b25b6f209015be0282e581e33c63730c1f2eb8d02a104806dcff9b5ae4c3ba8278f0912ebe3727c3b8959e08470c5a0bb0951358f6b3c57492e5703234b66d70ddb1e2030208309466b01dad4029e3d8961c7da0a1f457050a29ab75ac7080d2c333091b2f9a91043e0fdd63630743498c7b742271c9eb83f339281e68ca7557a486f0a68ad3dc48879e51a19440c8ee953a5c293576fdb74d2e2a950872333683d653b2e9be252c9077398ef8369a63566cb30c05d08d83265bebf785bd9beb50dc9bc1cc7d3a80a875bafe57bf5ef06a1138f73b517701f1f1736ef8572be19870fc644b6f0f8a829116f45a8fe0ba6
I: MonitorObliviousTransfer::next
I: GeneratePublicKey::next
D:  sending message (size 0.000768 MB)
I: MonitorObliviousTransfer::next
I: SendPublicKey::next
I: MonitorObliviousTransfer::next
I: RecvEncryptedMessages::next
I: MonitorObliviousTransfer::next
I: DecryptChosenMessage::next
I: MonitorObliviousTransfer::next
I: ChooserDone::next
I: MonitorObliviousTransfer::next
I: MonitorObliviousTransfer::next
I: InitChooser::next
I: MonitorObliviousTransfer::next
I: RecvConstant::next
D: received message: c8a01d9573bd62c262a955083f716ac8c5450c432f9a388640029ef6cb3eb0f8bdbbdd0be724a73987b29464e573fc3342d03366c83dde4e06d0006092b96d5ce0ed6f8b0ea4a369a45c30085bf44ecf4fab2da88355bdf1af993fdf5b0b6bd8b2edf64f5fec1fbfbbf3f96c238062693e3a195d770d470172694c3ac20cde76843a5641e3d611111ee224d76f000a13a384dea30dac9a3bb9a104ccf56925efdaa9ac24325258b4e4d1bf16af60e28ba0b9c40e97f23022a7152f3022be6d9225ecb7362cab3689cd18da9ba964dc08648a88e77213ca5dd6708bd38eb0fcbdfd4c22517151e8150c468b7717c7a25c45a9c445bda5a36abc568f7d8dae54040f6a0d5c6f84fc9aafff0ee262ac76346d028c6c53baa0b6c230181ef5fa2ef7328d198e6615ba102df31806581a9c371d0a884e469fdde61766285bfd1d477cf55a1cc0efbea7f78562fda43daa8a6c939006acb6806aad5460a8a491b46d210a78e3d664cc1afbcd09cdff1acbce563e30856fbdf713c79ae3ac22ccc234
I: MonitorObliviousTransfer::next
I: GeneratePublicKey::next
D:  sending message (size 0.000767 MB)
I: MonitorObliviousTransfer::next
I: SendPublicKey::next
I: MonitorObliviousTransfer::next
I: RecvEncryptedMessages::next
I: MonitorObliviousTransfer::next
I: DecryptChosenMessage::next
I: MonitorObliviousTransfer::next
I: ChooserDone::next
I: MonitorObliviousTransfer::next
I: MonitorObliviousTransfer::next
I: InitChooser::next
I: MonitorObliviousTransfer::next
I: RecvConstant::next
D: received message: 82a91ec76dadfd6533b60ee7ff08a65bf8b4a036f0d929ffac009413ad2cb9beea89724a478a48a08dc1b24616749fb0a5854a7aa7177eab84171636e338ae919351d983345d8982b88e9f07e7a156f45019f77a2fcee727c82f5d1c197ed121698d514cb22ab65109f9aa3beac7baea205f20007ddc3b069ed2577ab0249dd03b09399d4b4d2919b67ba22d56679f779efa34beeed901cf52c92e7b9618fcce2a2b092f1b2f4560186bbe26da4cdce81bed4f4e71d610fcc1d71c7ddfc590ccf1d5748f049fd59638dce219c84cb9f5ada39ea9486840213f6cdc4169b05643e4122c120d7d43cf729cabc01fb5136a8de57773225d7c46fa071c88c7b10081d789742c2ddf9ed8d05610def7c13b0147afb250caeea57d293071b6b4fb11021acbacc598439a71c41e82c2f9a1259da60fb99ab332250695c28afaeebba773bbc77bb6867eb92b1209670b17aa86f8d225fe3cbb0f67dcd3eeaf5f7fae77627e11473e064759f5e78c2ca895d1d100d70a76142e60eb271f69d9cb5761d28d
I: MonitorObliviousTransfer::next
I: GeneratePublicKey::next
D:  sending message (size 0.000768 MB)
I: MonitorObliviousTransfer::next
I: SendPublicKey::next
I: MonitorObliviousTransfer::next
I: RecvEncryptedMessages::next
I: MonitorObliviousTransfer::next
I: DecryptChosenMessage::next
I: MonitorObliviousTransfer::next
I: ChooserDone::next
I: MonitorObliviousTransfer::next
I: MonitorObliviousTransfer::next
I: InitChooser::next
I: MonitorObliviousTransfer::next
I: RecvConstant::next
D: received message: 58943ad97ee644908d1ca256080d64330103fe4d9b91b06796974343a3679a240db0d6790eb4e86e8c4e27903f6b6c944291a4a131fbc2da184deb09f41dd03a1d9f47a3ee3b997b5a51f3c74f99d67e45abdf98143067460a46a1518c8e4b255a09da9870d1d157555c446950f67f5cd0829f7d547d38c6be84012df2fa9f747d7e0ed928e405968f0aaa1240f0579a5c447e50b7b274f9f05580463502c9a5d04c53ce39d61e9cb1c1cd05410a0835d21b85cc000585649a814a32b96014049da2c731e367f5b4107da7dca1451e85ab1727c8494590b988d30505e5a5166329f33116325a838958142e47e490b8e18530c1108f7e9b38261200bfec6aea6cc11cd9275abadec99980254c5160d6f8e92036eb37936babbbc323b195e57b53b78884fb242f29947805b63cacf0964fef016dc856cfbbab952fa61688e3e63961605b65c23298715deb9fc22fe73af9f4adec06a17134ba0aea51520bfec8cf57eee070ed95b83d50245d5de6843934e2f2a4c889a21a99c7fadf6417a4a15a
I: MonitorObliviousTransfer::next
I: GeneratePublicKey::next
D:  sending message (size 0.000768 MB)
I: MonitorObliviousTransfer::next
I: SendPublicKey::next
I: MonitorObliviousTransfer::next
I: RecvEncryptedMessages::next
I: MonitorObliviousTransfer::next
I: DecryptChosenMessage::next
I: MonitorObliviousTransfer::next
I: ChooserDone::next
I: MonitorObliviousTransfer::next
I: MonitorObliviousTransfer::next
I: InitChooser::next
I: MonitorObliviousTransfer::next
I: RecvConstant::next
D: received message: 19ed6ebc88711c4da7cfbfd7ef3500bf92d0f7ebe6d19c693e5fa3a530e4651d5d29b71a185db28460e4747f91e18e06ca68920aa33056d7b239bff0e1aae63756b1727fbd98ca13371d1179e2e9cb013e3f35f7a0091c2496316934af272ee11fe1f885db65d296be9b7d06dbb60b60c92d3e993d563aed8ad28943db3c4cf0a20308785040b8b184bb2af2bfa79daf90a15f2521a42f746d7728a4328e2ea74486f5c9935a66c177a2c3dcf00432ff44a89ff35414625510356942e189216414eb6e2f1f18e9bd1504bd33cdd7c2be6e432d7cca6a5a3ec8c32d25bdc17f4e97048f082687cb675d7044ba3f36d563fcf0ca7be9749882d8d8879c25bb00ce9a5c4442d7edef792b5a64f611e0fa6f42f7013f97911ee4b01f70f6af52bb4c01acb678bc72a547e066ff11d31ca5f05ea3146bca2a3cad7a710bf4044b834f7ffa08d4ea0503bc4028404b155b48bdf6ca9821663a496d2f3b0711d3652951327eccead080bb77d668b04807edf1907d0a814fd82d44faf2e667369c9c2fe4
I: MonitorObliviousTransfer::next
I: GeneratePublicKey::next
D:  sending message (size 0.000768 MB)
I: MonitorObliviousTransfer::next
I: SendPublicKey::next
I: MonitorObliviousTransfer::next
I: RecvEncryptedMessages::next
I: MonitorObliviousTransfer::next
I: DecryptChosenMessage::next
I: MonitorObliviousTransfer::next
I: ChooserDone::next
I: MonitorObliviousTransfer::next
I: MonitorObliviousTransfer::next
I: InitChooser::next
I: MonitorObliviousTransfer::next
I: RecvConstant::next
D: received message: f846556974e93b675cf07b9753fd7d5d193dd183e7a5968e28692ca57e17efdbb491285e018d5c5eb2eca858c78dec6082df637b29b3503c075d54652d3b44db85513a142102f3824098088105348e672a2d286e627e9270d2844411916330cfb4e5ed483a88d3dbe6d301dee91626f66464916265d722705f3a98a251e3873fec943cd1df75c711b61b1403c0d340732cfba0a480a37c3f5f4f4dee41cf0975cda222e56ea4942f166c2faf8aa1cb6936d8ca9fd5439fd823012228d125180f03d8e6e2546e84c3d94b3f626dd7d5d7e1e19d02d906aac055c438cf4546e02892ad8a5eb2bca3840ed90d7cc4c1346998b9a20339c672d5b639fc0bb54b4c099413f658fa95177ce385978449491267933ebfd386f2bc38324587ae916a2991421eed35c95ed40dbabee8bc1452e960d6b0b41fa66b2c212e233625769c0126dd4f74d3891f0ea6ae736e5d5a1bee20ab381a1041e58e0125bbf0fd82b21405e8617d3bb22d4c9bac116d1cc9d4a18e07de46f59ef6950cf9047d66f8882ed1
I: MonitorObliviousTransfer::next
I: GeneratePublicKey::next
D:  sending message (size 0.000768 MB)
I: MonitorObliviousTransfer::next
I: SendPublicKey::next
I: MonitorObliviousTransfer::next
I: RecvEncryptedMessages::next
I: MonitorObliviousTransfer::next
I: DecryptChosenMessage::next
I: MonitorObliviousTransfer::next
I: ChooserDone::next
I: MonitorObliviousTransfer::next
I: MonitorObliviousTransfer::next
I: InitChooser::next
I: MonitorObliviousTransfer::next
I: RecvConstant::next
D: received message: 4821882a02e9fb5669f9210cdb4d103ddcb6aecc0e133b3c2e43623b9504f0ea24aa7aa52f923c2d742ae4d33bc4f03037375032d461e5f489d5228a8682a9fff370288c6a01f8112f61b0c42639b14e3339b5efc0f0ff94944f4fbd6036855fd3c8e070ad4d9875ea7321e94e10d56763c99d8bb54166918bea164c652184ed7dbdbc9928d1bb8e66f1257d8ea2c07e98c9047e956dc0ede184590e3ec4f8940d6857fb5f0026599067082ae996afd9a3ca6098119cbc42782e27738291c033fd8e9800caed7fc6573599d2c35274cfa6154f7571edf1f76f5093d1f8d549b413e6a60564593597b4d265a6a91e540709929a5f94a78024c1346e66f59ff66bf9f14bd63f218a337a4c05d945e83de095482f67acb0aa22dfdabe55b56b8db0e60a4befe0cc12dccd8cc74510b7374e57239bcbf159d738c28ad3f70bbd6d9ee42ab644cd48899b9fd410aa040610168761df4f8d89bcf2f6489a5f883ce7c063ad196138ae5cfc82992d73711f345ee7f89c8b635d956138e4e36a7e144d6b
I: MonitorObliviousTransfer::next
I: GeneratePublicKey::next
D:  sending message (size 0.000768 MB)
I: MonitorObliviousTransfer::next
I: SendPublicKey::next
I: MonitorObliviousTransfer::next
I: RecvEncryptedMessages::next
I: MonitorObliviousTransfer::next
I: DecryptChosenMessage::next
I: MonitorObliviousTransfer::next
I: ChooserDone::next
I: MonitorObliviousTransfer::next
I: MonitorObliviousTransfer::next
I: InitChooser::next
I: MonitorObliviousTransfer::next
I: RecvConstant::next
D: received message: 51125c2f85c26fe9e7ad51e7246192eda29147daa495ab88dbe8563becbea957a70305a3f55c8d2b40f8f7a772b09107d9b77860a990f8ad396115d40da025efe9661f5e5135d93990c7845eb55ff0e25c93839788c5636c479475d8fdee72a57a0b08997cc3b0f4155ddd134d31dfebfbf0c17092e600079ecf6e2b7be45f9da078ebbec6942c299319d1dbcce3acf6dff9672ea987668a4540846fab3a8801c34125cbee522f01d34e892237d033cfa899f7beb45102a6e373750e43e32a52f759f414c9f1c17c49a4fa144a2e517a4605b6903be6717694b5bdab9ac0be638d4b90ea75f0271bb7ad98866e25416ea9851d7420ff830f071077b0033ae9b00f934714394bc66dfb48d128037308bf086514de14ac8369205d7187d5132bebfab98bba178f94930732beb38cdee283de3d7fc2e770eb8eec01604db661ce9f7e29e4a9863336ad5ff2699e382c6fe7d801dadd61ea5503437e5795af90cfea078106a81cf7767313f7bd58ce5997d9f943b2446fc08da20a049677f9c2fba9
I: MonitorObliviousTransfer::next
I: GeneratePublicKey::next
D:  sending message (size 0.000768 MB)
I: MonitorObliviousTransfer::next
I: SendPublicKey::next
I: MonitorObliviousTransfer::next
I: RecvEncryptedMessages::next
I: MonitorObliviousTransfer::next
I: DecryptChosenMessage::next
I: MonitorObliviousTransfer::next
I: ChooserDone::next
I: MonitorObliviousTransfer::next
I: MonitorObliviousTransfer::next
I: InitChooser::next
I: MonitorObliviousTransfer::next
I: RecvConstant::next
D: received message: 33ec885a82de86f9e09c5144e8570fc60b71a69879faac70e3c6cfe897e3f5d9f6a038fa2fe1f8e785549a9be63459a95ed2dfb215f531cab9132f96f4f6ed02a4574a37bfa7e36635f5914eb418bc803afa1600cf2f228757a907527eedd2d1f854ca50145c2a2995ef6a94367fbba3b17dc412ea9143655ad56762f3df93e179faca1cdbf2a46fda0b5528b90df35b8b95495a5ad4ed19d78ee0ee38ea529e3b5b37809b70165839f936b9c7ab28b7f0a46e941a9519f9a0d0d40e22c01e66442c9abb34a2433e6d17d2fcc6234b9977badd6402846cd519efca707b9c2a5850645b7c2743a3ca9a2c389dc0b112bae644413fa81da6e4af91c697b9438ffb098b0d74b9c8a78f21b82a2b65809c7922da14fd5f2b0be99f287c759091eb0011ddc1a63ab254536f5be13dfb169a929aa3398b68fdcccd9638368d5db43c77ae11abe86589f8ed9b97844d0cddecebe48bdcfa3f272515a6c8ee1d61ee7ee4cbbeb1951fcb4829aebba5d7969927cec05b301f5d575afcdf8ae0cd2115c610
I: MonitorObliviousTransfer::next
I: GeneratePublicKey::next
D:  sending message (size 0.000768 MB)
I: MonitorObliviousTransfer::next
I: SendPublicKey::next
I: MonitorObliviousTransfer::next
I: RecvEncryptedMessages::next
I: MonitorObliviousTransfer::next
I: DecryptChosenMessage::next
I: MonitorObliviousTransfer::next
I: ChooserDone::next
I: MonitorObliviousTransfer::next
I: MonitorObliviousTransfer::next
I: InitChooser::next
I: MonitorObliviousTransfer::next
I: RecvConstant::next
D: received message: db7988aedf7990237a90819636e81dbbc848f3fcb191610b343057c404714b80ec4813840c301109cd203d99c3eaa3e60c3b5bf4b1a370d03e828b4e6bf9ea08a519d53efbffaa435429e0b34a4c05ed615d8b3cd52681614bd5036bc5c43c32b81fa88d9e0558734c124ecfc8f9183ff87513e8c6036b09bf00e248864404ce31dcfcc22c602eee98495999d2c6094ad7c6ac824558d7a59dfbbc99f1158397374f20b234861bb070b150291718a054a44735b2460e4545301e036b668bdd2622a231f3c6cb0698b7f4207a88d2a06df2e9e6297c557430cf784e40965dd360b2a940aacc65e48da7a167fefe71050438dd7cec6463615e4768da00ca9be847f74688a69fd0adbbcd44ba00ff96c8fa604832e415954613f20242bc62589dbf033579cc4f8e82f1a042ddab50e96cb48b191f5cf8b904a24e26dc8d7fb2da9593bc8c0f52324a02c51e63dd54c99487cca20b61ed575b812afa42db5a58ecaa5925b5e310f4bf3c659dca58387f517f9a5e9fd1f78f5c7e5d9b71eeaf4383d9
I: MonitorObliviousTransfer::next
I: GeneratePublicKey::next
D:  sending message (size 0.000768 MB)
I: MonitorObliviousTransfer::next
I: SendPublicKey::next
I: MonitorObliviousTransfer::next
I: RecvEncryptedMessages::next
I: MonitorObliviousTransfer::next
I: DecryptChosenMessage::next
I: MonitorObliviousTransfer::next
I: ChooserDone::next
I: MonitorObliviousTransfer::next
I: MonitorObliviousTransfer::next
I: InitChooser::next
I: MonitorObliviousTransfer::next
I: RecvConstant::next
D: received message: efc262b29eaac4949fa2263cdb8529d1a742edccba239acb78fc10f18966f4c3095bbebe7d1f1276dcb26473f3788c8fa4a8fb3222e0e1024128d1c289adb9988c9c3c1049403536816f24ed97d5c637e50f385791eb2e253d632723b512e2064fa1de9857fe72dc200d85fffec466f749443cf5d534e38018a322392a153da33a6658d7ed6a14971f5bd5b3881eb83b5d88df43c4567a47c1438babf7952556812b3275b41f2e0ffca34e9c753ef90846554e9536542ccd372645b9403832019a1707e79624d1f12aced8a8c6d97958958926cb0063f16dd441bf40352050c297fb05037be0f8b14ddddb11401bc9cca743911cafaa067b12e59560f894c486bbb140eeed2231a7907c9bd2655f2f605a1f3c8095a4c3a93884bd364229cee3dbfaa08c1578720069f37412a9b068f6913618327a9f716924b91b129840cf3ee7117e764073a8f120f8c55d1ff140d17dd87ff18216380b22f897db9722eab39601d88a9b0f9538574a4200fb05885becd8c4d25966f9cf3c73db92ba6ef7ec
I: MonitorObliviousTransfer::next
I: GeneratePublicKey::next
D:  sending message (size 0.000768 MB)
I: MonitorObliviousTransfer::next
I: SendPublicKey::next
I: MonitorObliviousTransfer::next
I: RecvEncryptedMessages::next
I: MonitorObliviousTransfer::next
I: DecryptChosenMessage::next
I: MonitorObliviousTransfer::next
I: ChooserDone::next
I: MonitorObliviousTransfer::next
I: MonitorObliviousTransfer::next
I: InitChooser::next
I: MonitorObliviousTransfer::next
I: RecvConstant::next
D: received message: 240f10c0ca8ffef2b72842794360fd14f6d6a9208c9786ae543b853cabacc1073779ed2f19efcfa3fc17a0549b876ef66062516a504b4db3100f90579a398f43bbe21faaf629d7b11fca9bedce0cccba826d0111087e32ea0f08411df932dd0edd5e103220295904ebd62e17e85ca761ed0c03fb10fc34077436e3954e6c1dec37aadeb8840db8a2e0de84434bbd3417243ab0930eae206e5a28ad5c9e7e9331ff4bad00f12f914cd5bf751cecb2d52ec38afc14b7c6caf4d1383f2a4cac289d992eb5b4e0ca39538653a1fc9ddeb40ca5da501753f3dc58e1395835d970316ab80ff179cdd7a2c23ec49cc1b63a57f4672bb8ff731d2fd7f2bb0bcf5290f7c3323c9cc0754abff0afc94abfdd85013c1b97dae78bd138338c27ea521361c8be3cd9967b245e4c0d76928bb371c1ef187e7f3e67ee5a80f57bd522e639d88d7c8c60d067bec484eb3cc38c288e76515c825700ac2a3f2a9fef7f8e09a6544582dd7c038c3e13c8094183e026d399c0cafb5ec95d8ee1ee36a0d3fe6f0e3a09aa
I: MonitorObliviousTransfer::next
I: GeneratePublicKey::next
D:  sending message (size 0.000768 MB)
I: MonitorObliviousTransfer::next
I: SendPublicKey::next
I: MonitorObliviousTransfer::next
I: RecvEncryptedMessages::next
I: MonitorObliviousTransfer::next
I: DecryptChosenMessage::next
I: MonitorObliviousTransfer::next
I: ChooserDone::next
I: MonitorObliviousTransfer::next
I: MonitorObliviousTransfer::next
I: InitChooser::next
I: MonitorObliviousTransfer::next
I: RecvConstant::next
D: received message: 2a1890a93f225b0e255ae7234dec28f45bd6dafeabc6196bd49bb3c30c8108e4b2a1d84ad05671cb93208749779edecc2ccf2b9e3bda9db8e89ec5c82612e507c68ab74f1af41c9d7451c04a6c742b6460560b17167a9d6e18cd1a83dd74af5b9209ca92267230315bdddcd2c5e4778d5644f22c0d1b36548827a070b6581990154ceb01c2a12d1662d4f09622d67714cee357d9ae21e6eeba6787efc665f65910486833f2994877fc25b78fbf1acdb4505c3e17a361e784a40f73d3ccf495df4fe782778e66fa711845be16c7fe8e2a9c451c5ee475d84d5d7e0080017173238a8ac4cb00ba9802d786995be3a8429ad801057d24e905e0ee6fe3a444b3069008c92b75e3776794d00c550359158389412b6af80d4d27ada37dfbc1696430068433fd2b1dde931c15b81dde55947c7545a7777799c3a77771420ffa800bff1517f4315ea980bd02d4779b512ee30f55d779e39f7b63876246440cf22d2b53aea8af21836f098d98b5541ffbccf52eea20cb530cd2994c0421ee307523782c66
I: MonitorObliviousTransfer::next
I: GeneratePublicKey::next
D:  sending message (size 0.000768 MB)
I: MonitorObliviousTransfer::next
I: SendPublicKey::next
I: MonitorObliviousTransfer::next
I: RecvEncryptedMessages::next
I: MonitorObliviousTransfer::next
I: DecryptChosenMessage::next
I: MonitorObliviousTransfer::next
I: ChooserDone::next
I: MonitorObliviousTransfer::next
I: MonitorObliviousTransfer::next
I: InitChooser::next
I: MonitorObliviousTransfer::next
I: RecvConstant::next
D: received message: 85289e1d590614c52403f7e325e9be0b8f23023ab11f1fdcc75739864a66d7f652f68db11459f4f8394ee86a650ab66ed1d82a1e1b993fb2af21c6643919bb2a4bd768b63cb4d41c4f2690fa7f78c5d620c117be7561bb7a4754b48c26bf5728745615e585759956da6c0df51d60d9a95655fe1141773d9c49aee660a67bd2a2e47a839f2a4a7563291bf5577d142f7d8408d97919e467c745a3707cd3ad533494bd58929116c538486a0ab82019b35696e2439080f56318c63f657d87f27ead9e29c716c90754d134b5f857a98f02f087762463f1983c933532c0654982ac34f47311c3f3da490324356578e5579206743780ed94e63dca9e41d53e1fb8e3edbf7eb196fcdfa1f7164cf4aa479fe4d1a10a13f1734bdc2d422dfce6f8707aa9bde9380032af61ad5fefab7fa19759fe59ead6f5a5148cdaaddf6ff60548d35e4c472a22113a0b735b1bc93e856c04277f356056e356a004eeafe2ea327c6f5d938959ca6a692b7c2953e4457989a17f0401c47f103c04898813ffc8661bf145
I: MonitorObliviousTransfer::next
I: GeneratePublicKey::next
D:  sending message (size 0.000768 MB)
I: MonitorObliviousTransfer::next
I: SendPublicKey::next
I: MonitorObliviousTransfer::next
I: RecvEncryptedMessages::next
I: MonitorObliviousTransfer::next
I: DecryptChosenMessage::next
I: MonitorObliviousTransfer::next
I: ChooserDone::next
I: MonitorObliviousTransfer::next
I: MonitorObliviousTransfer::next
I: InitChooser::next
I: MonitorObliviousTransfer::next
I: RecvConstant::next
D: received message: 6d80a37bd1f7c4b58b7b5a878aa574f080e80f399b8d8425276614f611fe8c69e683edb8f917e1e820bab5f7f67d068517aa088d5088b2433046bf86999553df3c300b3b4d02cf20aa25a02bc80c4930a91de1f35b9fbbf63c2c97eb1e6dd4050ab591768d4865e1299e69c21c66e41a598b5febda59bf478b8b34adede2cb346e2cc06b0edc8d301d6c8b31485d39892196551c67afc9eaa3d5bee805912cc1de36383b1dc61ffa62430d9d31f43bb441547821eb7cee6a09293429c141e49101d6e3676d7f4a49a0833355941c2e78d284f13fb60e8418f178c50ae7ff0fbb8eb7e905b38e484cf764b9878b91613857984269096d57e8c74d02ae67ff6d99c123f4c6f5172e9e3168d6956fb0024d62f9eb5cc504409c0c1f38a8f5ce8ba4d25a52d1910f7b20d405a24cd64b1b28a16f0c66d0f9f138bcbed48db0b3e64e05eaea89c7ec6d16bd0a8f671c2a1feb3637ff6cc200f0ad910aaf61e4ab3776b95fb58e7a52db8763b290ba07f1c9715c798b40d3f8cf79087c340962fe5321
I: MonitorObliviousTransfer::next
I: GeneratePublicKey::next
D:  sending message (size 0.000768 MB)
I: MonitorObliviousTransfer::next
I: SendPublicKey::next
I: MonitorObliviousTransfer::next
I: RecvEncryptedMessages::next
I: MonitorObliviousTransfer::next
I: DecryptChosenMessage::next
I: MonitorObliviousTransfer::next
I: ChooserDone::next
I: MonitorObliviousTransfer::next
I: MonitorObliviousTransfer::next
I: InitChooser::next
I: MonitorObliviousTransfer::next
I: RecvConstant::next
D: received message: df2e0053b95c884ee4d5bbd856acc037fdd665040debed9e1824a3b4ee8167092d5f80e53577f88860649f8f24229da419882c415ee2016fe9664654e102a294f8be97686c88eb6565e28da1d274d94835083583a948e77bd1553596dce02a2b9e45156075aba19e7b43b23d7ad1dfa69a722b1946f61c33ee505d44c6d2a9a9dc7b282845b5ce9ad30ab4b2a359016a43a22c400190fed3c333fceb3f6f31555c85074c858d2e844b1aad9274cc9a9d4ed2d8467dfd25a8f93c9e3607ac680e569b7c617603e72ff8f9ae6ed487f52004edc1ac6876c9f01901ca8b8de915c4ff9be5fb70fb5ff787386c2044af25a7b55f134c20e59471f326b470afe89d47f2f5a4c6e37afd2cc69e42fb1bd3fc9c1554c8d51be04dbb958f679af748162c91d3de5fcccb1b9d8dcae6165d43b5e1e4add70e12e76c98205d4d60ee6654a752afcfb24c949ddc2af43c3cd1b17a54ebae861b209befbbefa696598c6b3b22ecef6bb17c39127b6f7bae0b91beb47ccc1c99ec24208e612a4aac10c04910f5
I: MonitorObliviousTransfer::next
I: GeneratePublicKey::next
D:  sending message (size 0.000768 MB)
I: MonitorObliviousTransfer::next
I: SendPublicKey::next
I: MonitorObliviousTransfer::next
I: RecvEncryptedMessages::next
I: MonitorObliviousTransfer::next
I: DecryptChosenMessage::next
I: MonitorObliviousTransfer::next
I: ChooserDone::next
I: MonitorObliviousTransfer::next
I: MonitorObliviousTransfer::next
I: InitChooser::next
I: MonitorObliviousTransfer::next
I: RecvConstant::next
D: received message: f1571520d3f4473a41cadbb88737dda9a3c47482e5d1fef98cddc20c6c30d38f07f7f6de1a454444b9ff6f1ab1a316b1087ab7a07d2b17cb9073a93e841eebc792cc5ea2928a81f8a790400e4503b1f620b8f7e0eaedcc07ba34fa087de6912690b4e28ad25699e527f1ff0d3971ae09e237eea37abce2536c918d0df12b970743266f90cce1b7664ad4766e21c89be9ba245a25adf9812e9cb0d498b54eaafe1e78867322daa33956e778fdf7687ca201518cfa9cca8f698140e39966fc5c4624606560eaffe9d0b22a00b72371815c2cff178ff72333bd747edc79303c6af2d86be8add1ac0ed018933eaaa9efcaf09e76dfc6df49c40d3bd4fc4bbc41edf1f38c5f4de47df1de1934e58ab92711b45b89006de0d94ff41a9258f71868f61af631563e059a3afebdec49fca0399739f843fc4e8986c71319fe25a5d851085775f2d52fc76de62b39b69c595acf7ddc98e8e5890529cdb4b151f249e516f6f684cf72cbd7b0035eeccc10c744706ad00ac80af09c8875ff17d3a1d903e8ea72
I: MonitorObliviousTransfer::next
I: GeneratePublicKey::next
D:  sending message (size 0.000768 MB)
I: MonitorObliviousTransfer::next
I: SendPublicKey::next
I: MonitorObliviousTransfer::next
I: RecvEncryptedMessages::next
I: MonitorObliviousTransfer::next
I: DecryptChosenMessage::next
I: MonitorObliviousTransfer::next
I: ChooserDone::next
I: MonitorObliviousTransfer::next
I: MonitorObliviousTransfer::next
I: InitChooser::next
I: MonitorObliviousTransfer::next
I: RecvConstant::next
D: received message: e8cc777b5fb4e596fb22f8e1a77d71fa224c8eed2abe776500a46744cde73ca92de96896635590e90ab4c415e71da830186d9f4f0aa655a870acb2919fc9e69692619b66c6caca757a107cc27bcb3e40074c4da8974ae3914744d411d2286324153b86dd41630b93001933b0edbf8ad692694764c6bbca497f65a1333585b3578cf7f0d0ec8dee42d6a23604cb181fe50fba143270b91ac6c50c46f066cecf46a8e3f07b81e73e33066ee0099147f18b2d3269fa3c229f2e25e7c1485340dc89deb7f7c96c2838586fc2f381c8ee6a1220a7f46885669c909afccc4459f8671240192516fe117db55df65aff0e00d6a9abb6683aef2b3ff57e3af5253b92ba9b7075b93c4486f12f908ff3204da96109ff5954fefcf6c01671380fcf06d92328a62ae5f742c8d8c8b1d273aa39c1716e6ce54982f3117ae7a5b807993c8afaa218ff1474eb733523ed5a87b565f628a51a61c17b7981ace775b5f9aedd7e68ade4ce4cf353eb3bf6218c04e532d5a99646d67a0e7991e76dc852efecc3482b06
I: MonitorObliviousTransfer::next
I: GeneratePublicKey::next
D:  sending message (size 0.000768 MB)
I: MonitorObliviousTransfer::next
I: SendPublicKey::next
I: MonitorObliviousTransfer::next
I: RecvEncryptedMessages::next
I: MonitorObliviousTransfer::next
I: DecryptChosenMessage::next
I: MonitorObliviousTransfer::next
I: ChooserDone::next
I: MonitorObliviousTransfer::next
I: MonitorObliviousTransfer::next
I: InitChooser::next
I: MonitorObliviousTransfer::next
I: RecvConstant::next
D: received message: e7b1d703d31b911628020785d0d0a97fd46d45980fcf26f7d248d08e25a7d6e8354c17f4b190f01087ceb6fb77cf4215568bc2d4ce6ab3123764d2dc63810f6beb81ac55cef9fd8fadeb59f31cee5a36b49cacf11fb5fc0d3bec0ad1c4d8900677db26c36b74a86a155d5efc14caf31f34c881786d4438d9937ad24712f8061ba3204e34751a1ab89cc49020f6d868811df777df6ab91503460e8dad6a0f0d95cccaecc3b731080407def498c6b75be577e3953498d1bcedab3a8d63f84ea8e0d1e6a640c40fa0a30dac6237f4579bf06bc351ab041601d0ce6bca4e53bc2cc818df3e119eb002d606b8020c7ec6546cefa3f2b26030f904a584e735c7da02adddcd79dec19ef98c03d92b09e6fbbf1759657fb70941d66ea137f73d2e535fdc5841fdb7a16cd2f2dcd83e9bd208c5c7b87735b3148eedb2f5053a5f9bf2831a3fa195c5d593c62181e7afd24c904c7bbd2d9de75a04211dcaff75020e2f6e043b0eb70a813f33a668ff2bd32c535399c01f5d92b91315b1d587491e41b98fc8
I: MonitorObliviousTransfer::next
I: GeneratePublicKey::next
D:  sending message (size 0.000768 MB)
I: MonitorObliviousTransfer::next
I: SendPublicKey::next
I: MonitorObliviousTransfer::next
I: RecvEncryptedMessages::next
I: MonitorObliviousTransfer::next
I: DecryptChosenMessage::next
I: MonitorObliviousTransfer::next
I: ChooserDone::next
I: MonitorObliviousTransfer::next
I: MonitorObliviousTransfer::next
I: InitChooser::next
I: MonitorObliviousTransfer::next
I: RecvConstant::next
D: received message: 6328e8fe73e51fef4cec899df4d442e78700408ca6408b39bd17aadcf6f5172c83e7c2ad406300d763d30dd8b38146b63f1e60328add772676bf22d25f07dab03960c8f09067281597663a386830f5c0fba6ce1fd2e10ac5aca40227242819a9f0781eb4a8582a3b5c19cd5517ae32e02e6a2c74690e6150451c5b0c22756e99b8db0082551c300c8ed1fe63a732846fe3252bc20bc2393bf48af14374e417980c9789b8857c1b46340335d913575f59bd2cf3fab883ebf89b39be90f4723daa4747093dcebf6b9509ee3f0aca188b2c4723baf27af1297e9810e351e305bb86cfb3dc93112a9b38d92a8aa2c2f20e8b60c0ee60d7e7600333a561b5b1ad8b95d75bcafac8139cf132b7021f29e0aade35607f60b7c9fbe02ecf247939b01f6f67c67bc6dbd5b03c8aca68afb8e13fd7b3a1cb67e880317de5719f5266f97e14ca10c10bf2d717ef0ad02730ecc3be258228b7c03ea6eef2390f2ab536f8d568f6bd33d89104a02420a2240b5d673286256745171edb69c12084a7b9709dafed
I: MonitorObliviousTransfer::next
I: GeneratePublicKey::next
D:  sending message (size 0.000768 MB)
I: MonitorObliviousTransfer::next
I: SendPublicKey::next
I: MonitorObliviousTransfer::next
I: RecvEncryptedMessages::next
I: MonitorObliviousTransfer::next
I: DecryptChosenMessage::next
I: MonitorObliviousTransfer::next
I: ChooserDone::next
I: MonitorObliviousTransfer::next
I: MonitorObliviousTransfer::next
I: InitChooser::next
I: MonitorObliviousTransfer::next
I: RecvConstant::next
D: received message: 78a276804307163109f3e5775dfdeca09aec13c79fb7b0ac88e6d3cecc1d053b8bea90f1a4d5ce8669af6c7a926aa328cb0fe3dcebfc90d1f2c01e436a4b4c969814188503e9ce1f3da6b08858642955be8ff10729417131e643294530a1b8c3fde900b54c09f939e8dceb01b1998d7d317cb8b58964b0daf8e6ff0e6844bd964a3fd410ffc95f08cf4c68f871f80f0aa83a3bda706bb397fe9e285ad7837ecafd7ae76bf6609a087935e7c8b2d7cb0c34a057aa980b16e2f4069cd465ae2b832c522fad0e421cb68b9dffb631c59ed54992f5a9909b07b577dc0903101006ecf34a99f19c090fd6d49d5ca4f3e787b1f6e03caee99d6fd15f73278ac0ca3f63faf0985d68cab749688510654acf3730563f5beb2c37551f3697211d332a510026ef9c4675a54459ab800fd41fbeecde14aa32be67b26303ed13237e724ce354a3ddc5a011a2cba5e4f3103ab4c824b9f7e9bd75be2115022affddbceb05c8cb5127bb8ee849e3aefd73382d260da13c6246c93fab729e43e235fe75c33e29ce
I: MonitorObliviousTransfer::next
I: GeneratePublicKey::next
D:  sending message (size 0.000768 MB)
I: MonitorObliviousTransfer::next
I: SendPublicKey::next
I: MonitorObliviousTransfer::next
I: RecvEncryptedMessages::next
I: MonitorObliviousTransfer::next
I: DecryptChosenMessage::next
I: MonitorObliviousTransfer::next
I: ChooserDone::next
I: MonitorObliviousTransfer::next
I: MonitorObliviousTransfer::next
I: InitChooser::next
I: MonitorObliviousTransfer::next
I: RecvConstant::next
D: received message: 79f41b43d6e87e1127aae60cfdb6007ba13bad0b19f6fbb18dd511bbc1f7af7972e60af28ea22ceb49e7fd2639cbeb1ecd506583c3843ec25da8482bef79830c7846efdb4a7f1f0ba2a98c9b0e64b0caa3f7b13fa6b93985bff378d9fc7b07db1ddd698239f306866035decbdfb110241a97159e4017cf252ad0f972dcc3c4171f47f1e2b152de98de62f68150dd13f1efe16181acd208c208f5f4b18a05ae791c523dd71059f74763afd60aca80a7fa769549cfaf52bd7a819b45658ca7c6ffaf628e8014112c7f3d38573ddb46a5fb444250d8d4dc69c2233dc2c7199ec297d28f8abbfcefc548d8dd6b2ec87400ea59ca2135381e632164ec4ebf35debc192121c2b843557b2ae37e923fe781fe2b67d8a7378476de18cf1acfbc585d929e60681a1007a8be9768094059ab00bead3014102310fb3777b2c4063956e417553c29c84fe55221da7ded18f2da94d4547c3f75ee2dd205a06c01639ff8831dabed40e46847ac06de430735eb73ee97e9ba292ddc35d0e6c8ff42eb430a9103e0
I: MonitorObliviousTransfer::next
I: GeneratePublicKey::next
D:  sending message (size 0.000768 MB)
I: MonitorObliviousTransfer::next
I: SendPublicKey::next
I: MonitorObliviousTransfer::next
I: RecvEncryptedMessages::next
I: MonitorObliviousTransfer::next
I: DecryptChosenMessage::next
I: MonitorObliviousTransfer::next
I: ChooserDone::next
I: MonitorObliviousTransfer::next
I: MonitorObliviousTransfer::next
I: InitChooser::next
I: MonitorObliviousTransfer::next
I: RecvConstant::next
D: received message: 14c8210fc17eac6934301df0cfb8c40079f0d39466e91d15324c8d0ea68d85e7a3e83c56ad2f79c0c9c6581f33908407bc3d013c999d499e472ac9b4264d66657b9924d789174b993d0998bac55d48682a1cd606d1ab626ab747da09548a939e100736a3e6d9cc64ca447137abb64d8cce1a7198d55b7318706b5aaceca4ce9bb30e57c7746c133d2a01bbc195d39476052291673919c0125c9bb1d50f76585f13aa77949f95fa353ccad60e2a11d99dac4e6e87a916fe1b18dc9a9f3fc6ddbb2bf13d61cd7fa5eb12f9133f7891b00f441903cd5fd98423f454d1232f5fd0008ea4d34b7d8278b919c2c5af4100fda1ef000ad10a709cc067bec0859c182eebb0b7692c143d2677263799e5fa6d99dab96aad41d3d104737e4dddde3f7730a7085d433002bbfc81409093eb6862acb763cb97d687e6eaee573d54192026bd340f57bd2d2f5233c9170d61fa9d04c8a9c7ee367b4b79ed7e560717b6de09fb0c1f6cc3421afdd6c5eb82eba140fcdf60c6ba3f48a9c82b492fa07aba4ecec8ee
I: MonitorObliviousTransfer::next
I: GeneratePublicKey::next
D:  sending message (size 0.000768 MB)
I: MonitorObliviousTransfer::next
I: SendPublicKey::next
I: MonitorObliviousTransfer::next
I: RecvEncryptedMessages::next
I: MonitorObliviousTransfer::next
I: DecryptChosenMessage::next
I: MonitorObliviousTransfer::next
I: ChooserDone::next
I: MonitorObliviousTransfer::next
I: MonitorObliviousTransfer::next
I: InitChooser::next
I: MonitorObliviousTransfer::next
I: RecvConstant::next
D: received message: 5ab2edbd34c4deeffc4db59ef98c2d7c453124ddca5227648d137f14982fa4c55c0a5b29bc4a1f0baa308395fa6654e009a9fdf4d5533fbc830551c15c339428b44bd26828a2f6c312ac719b017e44dbcac5a84b074bd8f4f57f147308015b283904916084ac8e95ff6788516187578891f1b0d70020a8ab3937b7bfa4eadc3210b5cfdb3c1331e68a1fad3a6b25fa58a8c0b6c0f5b52dcb3946ae31c19995b82d6caa7fdaf4aac846ee21727c263695422b47b5f872cb9f835f37613adaa05a24a9caa5b93f88e3bf51107bb077256ccd316b236e5bff004032a18db4781d366cf7e136fde58479a47b6fe592e88876aaad0724716f6bfe911fb10307a60f0c77eb3de36053a82cb729908a28cfad9ff59292ef9c19251b403ba98af798be1f6abc0e06cf11ea16be779a01e6806cc8c3936fe54dc3aeb2656db9a2855d1e1824a1e0ff4bb6b82cf750d23e288b85361ff4d3cd1a67f8ee71997ba8dc6f1a65b7416146a837945ad993d09afd7a0dd8429a630efa492c12d5416160be5025c1
I: MonitorObliviousTransfer::next
I: GeneratePublicKey::next
D:  sending message (size 0.000768 MB)
I: MonitorObliviousTransfer::next
I: SendPublicKey::next
I: MonitorObliviousTransfer::next
I: RecvEncryptedMessages::next
I: MonitorObliviousTransfer::next
I: DecryptChosenMessage::next
I: MonitorObliviousTransfer::next
I: ChooserDone::next
I: MonitorObliviousTransfer::next
I: MonitorObliviousTransfer::next
I: InitChooser::next
I: MonitorObliviousTransfer::next
I: RecvConstant::next
D: received message: 5c3e7e4face5d1bf86b745c72d551af67cb249451df69646f071fe16ccfb374fc3534c995dbe140c09e0b0de59d0daa3ceb01a1d1a6aa64435157049f698b9e191d207022eae08f5842694ac7d79bae99e948d43240fd048be2237961ab856d820cdbd532703be5af0a951816175b203f1e39dc2339c7dff035fd8c91667e60ce9179fadd886793ddcbe957d1c39de04552230f7d84f2557f7ceed1c0af24453a0e7c4a5aa10178818c3e1bd064c620b90261707566e8aa2e700f81c54684424726265a4e851bff2839a5dd71264308409f6291f2304af2dd9a105992381d5036852f0a57fe64f3ee12ca234860f8efc8c93955bcd4d797b653826c2772a41922c7c834b4344c8f3e097b19a0d16379a88fd92b18f3b776636ae43361dd7325bdf1d70e6e0bb8f498a5d8bbd016c7ab3ac22e037f08a6d953318c280c99dd3e4ccb09f21547472170ddfb1df24f5e61746bae6e01948ab72f0e0c172f5fa8c4000d2331a6eab0da5a0756c1ae87c25bcc707ea1f0544569f15056b553a0ef49a
I: MonitorObliviousTransfer::next
I: GeneratePublicKey::next
D:  sending message (size 0.000768 MB)
I: MonitorObliviousTransfer::next
I: SendPublicKey::next
I: MonitorObliviousTransfer::next
I: RecvEncryptedMessages::next
I: MonitorObliviousTransfer::next
I: DecryptChosenMessage::next
I: MonitorObliviousTransfer::next
I: ChooserDone::next
I: MonitorObliviousTransfer::next
I: MonitorObliviousTransfer::next
I: InitChooser::next
I: MonitorObliviousTransfer::next
I: RecvConstant::next
D: received message: 8257da2f979a6fb353bb9daa90c750ef5f0638e5bc5e3ae370a54c5a5b630c4019a8c8746d2595536f24d9de578a0d5b88f169867b620bf974b1d2abc11766476fdcb96752e29a0ed41bcf756c41594bd6e6a0e3de6a04f7108d66d930113f72acfb8ae34843498a67a678724f62d22c40528f8f70ccb1ab42ac351e5ccee9b58197d0e1d8eeb88dcf0b90401b39790f210376b54ba33b3ab4f74b68b1249aa626d0dc7c2b5b40774a786754a21861ab2ec5786d44f4c988b3a0c31c75f9bcfc84f4e858a9ba91df7d422e2da031ee6148143029b8224977cc00e8fa9242ccf1ee58847706a0a02678b1373af143206a2a06a138d350a5e5aa39807f3a9c5321384ed199a9825c590ef270cf9e45415fca1460e0659e1fd7266dafa6cfe3f9c991e324e75d4e5245977e5c6c6094bbbd9606abe435ba40d5ca432b8e4a80934278a32c1cb3d1797987930b5a637296f1e40f94fab0a5e171c8d475df5cafbf8abe6aa89bd25b033f258489e50a85286204b35c7b0eef0ba94f11a996036b6156
I: MonitorObliviousTransfer::next
I: GeneratePublicKey::next
D:  sending message (size 0.000768 MB)
I: MonitorObliviousTransfer::next
I: SendPublicKey::next
I: MonitorObliviousTransfer::next
I: RecvEncryptedMessages::next
I: MonitorObliviousTransfer::next
I: DecryptChosenMessage::next
I: MonitorObliviousTransfer::next
I: ChooserDone::next
I: MonitorObliviousTransfer::next
I: MonitorObliviousTransfer::next
I: InitChooser::next
I: MonitorObliviousTransfer::next
I: RecvConstant::next
D: received message: f4e03ea5f7fba1acdffa565b81f63ddfb6a5efc4fc383ad1a8a23cf3160100fc85877f2c249462fbb133760029b08f3b84e3d58289a1d763b096a847c7069b8a855b90c1111f187b2725afb1d45878f52816dd221c995bdc0e71e272fa5499c355dbcde6c41364ef8a7cce6a7c1960dbcaadd7de62e778c02ad6f4909c0a4c213b8d52de5732824dd0a12aae576eea98f7b31c81d35503f2ea1e2c83fc93764fe1fcbaec636ffea7df90c3582b4f45478c753fae175abffb51d752fc9be1eda6d2462672aace023db59b019b610f694c017345ffa33e2136a557ba56a850e06196a26509b02d3fa5cc254061ebe464d1b2774a17e45d614c1671080d5bdc6332bb704b3ebbbc298a3766edaeb1b6f83c5d9810226ea7993afe714970e25c25ca1ebb3e42c7b453704c9ee96bd3e35d9873f7825c055bc8f15fbb567f39c965bdb4d723bfca0c5d215c0a863533142961c3c09f854458d32da0b9fe46114e091b113d7061c77d62945e38438d4b3dd93d74d37d7897e611017ba330755cad43c0
I: MonitorObliviousTransfer::next
I: GeneratePublicKey::next
D:  sending message (size 0.000768 MB)
I: MonitorObliviousTransfer::next
I: SendPublicKey::next
I: MonitorObliviousTransfer::next
I: RecvEncryptedMessages::next
I: MonitorObliviousTransfer::next
I: DecryptChosenMessage::next
I: MonitorObliviousTransfer::next
I: ChooserDone::next
I: MonitorObliviousTransfer::next
I: MonitorObliviousTransfer::next
I: InitChooser::next
I: MonitorObliviousTransfer::next
I: RecvConstant::next
D: received message: 1f094d33f9125a867a9731f0cec7f32eaf7e4dce02fe4d94f53bb88346a2b08dc964fb4ae75ae8f7a5bce4b870c97fb97a74394b0c7674a4b0eaeee6c584572f9b8af905b0a756a0a7168f60dc365a50be940a9df44b61fa4b0b17543dae725c949dde947ff75beed23f903ce5d0de73a71ae4f05d15e172ed59c2244dce8d9508cab9b0a0ebbd4bc05dbfc75e0ae862ba6800fc1ad156c23aad2bd73d6b87ae08b825a4649191b4410e77c8951f451bc5eb407f301d54de5718873efb87f06c460e4d7724b3abec6bbf67e7b42d035fd41998800c50d26d119bb216d4c28fa6ba5f343acbb2f935f546f0f0c1d7522c1123c2a5b73c0bcb7bf0d30c40c5d66775ee74616844425b80d56b15d2059b1d7f331b5304820af92f344d3435ba98ee9f9478af4018d38b2a67070580cc325f911bf2fd653f06a2b4455b2e3e8ab53d9b15c9995b14bf4a11481a2e41bf0e371a8318c1e13c73c8440b979b0cb7b7be5154e683c134bc826124dbcba883773f0a89243c580ade41ff00a6dc3a82515b
I: MonitorObliviousTransfer::next
I: GeneratePublicKey::next
D:  sending message (size 0.000768 MB)
I: MonitorObliviousTransfer::next
I: SendPublicKey::next
I: MonitorObliviousTransfer::next
I: RecvEncryptedMessages::next
I: MonitorObliviousTransfer::next
I: DecryptChosenMessage::next
I: MonitorObliviousTransfer::next
I: ChooserDone::next
I: MonitorObliviousTransfer::next
I: MonitorObliviousTransfer::next
I: InitChooser::next
I: MonitorObliviousTransfer::next
I: RecvConstant::next
D: received message: c6d48ef0ce32e84081db5a0368404ca5da696f43103f0dd00f2e4c78de2dd27b0c3f7c0b40491ffcac4bfaeaf946be27abffda6b928fe2f5036176e23bfeeaaa876ac0fc0a994b183db5d97af3c9bb3449524f76ea177c9ffcbc27aa53afef26373f00ec93423568f4b87090c86deea8d2c7a302f0bdf4bc05631b236ebf6fc9e7f219a998cce40c2168fc08080cfab1e3fb21689c589726361d9686843b52199f38d4b6a52c7c827c9826941d8ec02afddc17444743f3964a3f94b27cf2c013e39c106d58ed61cfd57e7c7aff8eb76779a4a215346d8ff50f0360d3887313445267d84c13ad2c5f610fabd5158bda36b3ef7d1153bdb7c29058e67a9ad98c7c5a98a41986c734bb4ba6a8b19525d3ffb8cb275f96b577276b6e55dea32d0ebfcb4c5b7fae08a114a3edf3ba4e20c9de0e86c8edc207185391075fb4490c24885adbf3e199d0ced2c58cf5387595ed4520f33fc8eac587a25f36063586052a137e6a7af1c202709bc9e70212b8bfb648059b6c33acdacf50b1e56be62d997bea
I: MonitorObliviousTransfer::next
I: GeneratePublicKey::next
D:  sending message (size 0.000768 MB)
I: MonitorObliviousTransfer::next
I: SendPublicKey::next
I: MonitorObliviousTransfer::next
I: RecvEncryptedMessages::next
I: MonitorObliviousTransfer::next
I: DecryptChosenMessage::next
I: MonitorObliviousTransfer::next
I: ChooserDone::next
I: MonitorObliviousTransfer::next
I: MonitorObliviousTransfer::next
I: InitChooser::next
I: MonitorObliviousTransfer::next
I: RecvConstant::next
D: received message: 10af60d7b902f89962d54e25c5d78ba477a8a18224f25f03875652ae8b37058b7c746e13182ceb4e123c015daa0fe02252ef462314ce9745d37bfd8af3d2cf68076f9db3c831b88cf816125f114cda4948df0b279909d9aad787affae8569067c09d946183c6eebeb375de54bdd488b56e1a40a2a44c727aef26ae66ace0705ae03c9263a5968eb81a4cddc7a607e9cfce9c48dd29e3e12cb95c0fe054837d7832004f1deda82d50a64fbbec8d746e0c394f2ed9b711f8121e7157ce4f7027a833a87c48cd9e11e4f751a85a0657c14d04ea255c7ce4d2a4e0f57145ee4bb15efc40c85b95fec00e06410647454a4d14665e2387fc2245427222f1779886f8024d9145bf26a9dab4ec7195b45ddb9b4d118f8fab223aac1c87de9b4c1ac7158bf00acc6ed014b687ccc263e9e1c2c93184ec5410fc69113c372c44856024ff6c77ababafd50bfee5b2f49183e3acfc730ed177858c5533e88c6a43c6f9d3334474c7941b501a22cea48f611c7c835a82db230433a87672bfa7b5f53b5103293c
I: MonitorObliviousTransfer::next
I: GeneratePublicKey::next
D:  sending message (size 0.000768 MB)
I: MonitorObliviousTransfer::next
I: SendPublicKey::next
I: MonitorObliviousTransfer::next
I: RecvEncryptedMessages::next
I: MonitorObliviousTransfer::next
I: DecryptChosenMessage::next
I: MonitorObliviousTransfer::next
I: ChooserDone::next
I: MonitorObliviousTransfer::next
I: MonitorObliviousTransfer::next
I: InitChooser::next
I: MonitorObliviousTransfer::next
I: RecvConstant::next
D: received message: f9df4a4a59c1685d507bad94a91925352740d2ac46269584bc9b695ffe9c4d71394fc114ed9de037b1e38e78d287be6d22fe384578e2b33fd55c00186633b9094793611ce10260c012a63b9dfafed500cb6a739bc97b8b60cec4825ef21838f9486f6540b52e05eb12ed952184011a386940c90862868134ce8afc8583c124eacc0712ebe91a3adf4c9b294dd314cde3a79170a95de38a40673d90eeed3c6061121f0be218d19ce51047451132258003abce51bc7eef9057c32e75f81df7351f2ee128595ad68612af072098203580794c89acd632e5f398ad220878bc2141b10e2479c2a7186ef72f27e3fde85d5b5c858e74fbaea611e012963f53eecd6337f9e22940653fd5e73844fda2459dcf76e1a869a563a8536dcb9e5dd7872f64219ab8efb05c35120f2ffb34787b68cdee596c61ed5589072676e6215eef5379227ae666a0cb6cdfcfc86d7d15185746529683677a260e7bfa923a1432063a705234d4e9d5d580d783e3b1708bd2641519d1fd60dad8870f8ad619e2ef12934627
I: MonitorObliviousTransfer::next
I: GeneratePublicKey::next
D:  sending message (size 0.000768 MB)
I: MonitorObliviousTransfer::next
I: SendPublicKey::next
I: MonitorObliviousTransfer::next
I: RecvEncryptedMessages::next
I: MonitorObliviousTransfer::next
I: DecryptChosenMessage::next
I: MonitorObliviousTransfer::next
I: ChooserDone::next
I: MonitorObliviousTransfer::next
I: MonitorObliviousTransfer::next
I: InitChooser::next
I: MonitorObliviousTransfer::next
I: RecvConstant::next
D: received message: f8607ce68abdf0e66fde33a4fc9a2f1e46071b374805141a177d699a2ca50001c7527291aff8c45f524a345f2de22fcfd21f62eb018e7f284cd114e4b0e53818cc9aaf4a2e24fab66d56e8f3ccd92dbdb152161d359c02ccf0afc0754bce916f30d1de5479f95d33b6f7341c47fe0d57fcd839a2b8fe2d359c4bcb4e5b8e6b973dceb60a1379ccc8b07303319f7ebf5ebaea63964e80d9039ae96a4d455717a1cadec719e41bf50c18edfb92092fd917851e799fe8df2800d4af71d90ed0f8fce3ad696ee79b910befb2cd659bd1a96593f96a5c7729f30587e421eaa0d477b6d1e669ee9cc7a68b29f687e68b2d4cb1c3155a7b93533dbca9907e4bda4997fad092508e4fe0e797b3a588dae3c680c0160083cf905d7d44789a23e0e107c78b1146556615dd43a7d29f089c855a8a3b445ca104e3711de71cf76d32a7d85209cc13a4c71f95f0e50fe487c1fc05a3d0297a750f5468ff5f088144ab4a3200034187f7b7137c39b5be88d9b06b668c0772762cdbe8fe0dfaa56934b287ca46dc
I: MonitorObliviousTransfer::next
I: GeneratePublicKey::next
D:  sending message (size 0.000768 MB)
I: MonitorObliviousTransfer::next
I: SendPublicKey::next
I: MonitorObliviousTransfer::next
I: RecvEncryptedMessages::next
I: MonitorObliviousTransfer::next
I: DecryptChosenMessage::next
I: MonitorObliviousTransfer::next
I: ChooserDone::next
I: MonitorObliviousTransfer::next
I: MonitorObliviousTransfer::next
I: InitChooser::next
I: MonitorObliviousTransfer::next
I: RecvConstant::next
D: received message: d273b7703051c646d1779732ad03b278127c2db6c11c80429cd269d94d895c848ebc46503b623399acbd47496e3482815986632f66b0d3a34de1bbc6c0a1b052012390172c0fee8d04a04d0baa64cebc8aae0aadf1368210b43af24f348060da751e12f4f6242c08664626091f30988151f7036927127588a936c855a4e95d50513353e38061171050909273bea01bc5493619e940f4268910cb6da782e47f5e2ff62e4bf21f28eba794612c697442056dad243e0b59159dcfb5129010074cba4d4db7060ac21482f93f1ec7b9d17fb8e7d4dd1ff755148f89414cb7c61b376ade665fde27bc8716df9ab4b6835fa5804f1974e9ecb48489b08d20303890112ea7f76e1f115146bc3df7ca05dcccceac4b48f7aee43ea592c5f8d39fc1506f20343a5d89cd64ea4e1e53d5ccd79d6f12cf601c9d3519a40034465d007c097509c1b6c3063892a810ebcf9ac5539afce9b9f60bb09ae4dc78d4fff8f5049a7654c0f2584f909c232abba990a1fb81931a87ca8d2a7c91e82ded4f8015bac64f96
I: MonitorObliviousTransfer::next
I: GeneratePublicKey::next
D:  sending message (size 0.000768 MB)
I: MonitorObliviousTransfer::next
I: SendPublicKey::next
I: MonitorObliviousTransfer::next
I: RecvEncryptedMessages::next
I: MonitorObliviousTransfer::next
I: DecryptChosenMessage::next
I: MonitorObliviousTransfer::next
I: ChooserDone::next
I: MonitorObliviousTransfer::next
I: MonitorObliviousTransfer::next
I: InitChooser::next
I: MonitorObliviousTransfer::next
I: RecvConstant::next
D: received message: b946b46dabf0607b030e8c73cb0951ad73d09d85066041a8a9c8a2fa625d52e73744fc8d2db3df1e4e99e6cc36fa1a8e333bd4bbcec098070fb45930e1667d77a3922f0b437d83a6d17d193314b1a341a4fc3ecb29532b026654fd5737bef1a3c7731bbb2107d8b3b408fcdd16ed11ae6d0bdedcbb0f0899eb34d37a5fa625974aa8dee7434f7d40bc9d2b794ca7cf66416c2cdf9f0a69f620cda824e9859fe9b6e52caa7d81f70e4bead49f2738bb3b20cbbec0719f4f8647efa8425ae4837523863d5c52a9e3ae8433fbfbc2d1aef5ec8d58b17a8c90108c3163cace2ed2b7691060858d3d0e4a1a59f00a098b9ecd0d39d3318600739ddc07032e47d0460b7accc0ca47ef7cf2e400aa0a3d4429381adca5e7cfa7ee21ba4bd974e24040469d267e5626358da2cf90ab7582e1a97d1b3b3f9a570b7482a46dd6e614d45903384af9d1809d2f8d4ab0154261adee81317196c3461acc6d38e6727634e433ed9ca9dfe36f8b14b2b84326e8d5802992a16881ec28421927118ba9a139fc6723
I: MonitorObliviousTransfer::next
I: GeneratePublicKey::next
D:  sending message (size 0.000768 MB)
I: MonitorObliviousTransfer::next
I: SendPublicKey::next
I: MonitorObliviousTransfer::next
I: RecvEncryptedMessages::next
I: MonitorObliviousTransfer::next
I: DecryptChosenMessage::next
I: MonitorObliviousTransfer::next
I: ChooserDone::next
I: MonitorObliviousTransfer::next
I: MonitorObliviousTransfer::next
I: InitChooser::next
I: MonitorObliviousTransfer::next
I: RecvConstant::next
D: received message: 65dfefa7c5229d51c3681e6ce7cc9b39d17479c6552f803050583beec819f805a509f632baaa5f98db77751e1a19e2385285bcf8e5f6f724f984ecce417e7d3eb7266c3c59c663b5b10d5ae65d78671dbaddc47ffa890ccb9f64852610da438aebbdfebb5076fae2a9b031d3b4272794199a294b5759556e6585e9e3de4fc3630df411af4b4ea78fc76a9a7ce0f97d0a109c114a90ac486ef8d6503f2d85556596f233a2e5a2d2b20de4a9679f207dcc9c029926eacfe986f6cb5eb7f09e002662a0c0ca0a8a3b9cfa5d1a028d78e397a86439a34abdec330bae2fb8555eb9fdd77cc5f7c4e11cf1923b1b6a6e85bf87159f64bb743f75d8b5b8d5f22d685ada0662ec7c71a75225f53033897c82bdb83c85c92a28327187bc291eb715d0fc11d43d6a55a90b467bd8b5038264604cd65be0ab0954ded92986c6f2fc61a199015dea3dc0c2e50a4b82de194ee6b2edfb516db8d221392b08f0537c7f549e3660d7e9f20fceaf5b4afd5dceb723cbcec1703c931efda0d6a6ce4f6dcce6fd6e7
I: MonitorObliviousTransfer::next
I: GeneratePublicKey::next
D:  sending message (size 0.000767 MB)
I: MonitorObliviousTransfer::next
I: SendPublicKey::next
I: MonitorObliviousTransfer::next
I: RecvEncryptedMessages::next
I: MonitorObliviousTransfer::next
I: DecryptChosenMessage::next
I: MonitorObliviousTransfer::next
I: ChooserDone::next
I: MonitorObliviousTransfer::next
I: MonitorObliviousTransfer::next
I: InitChooser::next
I: MonitorObliviousTransfer::next
I: RecvConstant::next
D: received message: 3cf5b6a083e414ecfab485296112d4128bf9ae68f6c5edbe8218f4a585e394a1d3a1cd5027f4392f188f82e68d4861d6cd772544d031c2eaf1b03974009c5a4cdce6888bccc210d0881ac571fa3e7394e65b69a1a004a123b73d45644f7319e4c81e2466f0ccf96aa85f36cfbda13fdb136706684d43ba5c77109b15def2baddb1b38f8abb5de30b2d71752028d960776db1633e1a7ebb9817cdd4b3297bbb9d8c748fe57b83650bf874aeedd1cb9f01da64b050e1e7d6ca74fb9f8ad95d6934325e89f5050053e009f437c0fb7424a2336bb34e3b8b046852ca6cf894e3fa1146081476b262d5e6ebe7d8f3966e0fac3109f4831b13c8cbd28c1c7e228114a4a7339f7fd5538024ec58181c08778444881d43367c72a2a43948a609d2962422897d1519906f80ffc35b95cca715a6f0fb960491f9f9768bad9e091aaad3fe6ea0486c5eac3053d9448522e1d6f0eb7ea04b3d16ff10b451aaa9641bdfc9e2341dbadd8619e1e457fd6ddd9edd4fb82ccca65636da336af19b77bb51b7814719
I: MonitorObliviousTransfer::next
I: GeneratePublicKey::next
D:  sending message (size 0.000768 MB)
I: MonitorObliviousTransfer::next
I: SendPublicKey::next
I: MonitorObliviousTransfer::next
I: RecvEncryptedMessages::next
I: MonitorObliviousTransfer::next
I: DecryptChosenMessage::next
I: MonitorObliviousTransfer::next
I: ChooserDone::next
I: MonitorObliviousTransfer::next
I: MonitorObliviousTransfer::next
I: InitChooser::next
I: MonitorObliviousTransfer::next
I: RecvConstant::next
D: received message: 106c707742a3c70de8d99e4d3d9139ae05169fa50a96009055038b18f48655e12a5f6cc3807e79085e4d7b631305c7d622f4bde022127f7863892a0766c150238e7ccc20641407f5187768b4fd7d58aa807fda3c8a42af3c2beef1fc2b24a2c579577d4b497119e8ea6f4f3898fe69893f300b62d79e0cda0bda8b2803228f0a0722a04985c596af443510afd5173301a325344e52ac91c80ced18fdbecd2ab5bd3dddccb5b2f3b471f5575da033b608d458e994727cd38aba5d9059459edba8f7d3cce6af42d6eed647762202b9fd950a696d1ac0d554983b985a903ab36b7e070ca3093161505d3aaa68326e6be96a883d71d5af4539ff5f40652b3df06cb1e4cfa3048e413f9a9acc5e343b4fc8dd9b32e1e083d033d750792342c04bcbb95bb65a9ce1a52e4bb3277c8bfdb1fb742414743b930f043d1872559d3c5c820a2c8cb4a8e49959dd6096e7e09c95e626f2fb69fca0ad6a20273ae932127f478e6a2eea048b2a3911cded49f05e676a533dfb912e3d5960967b816161c38d2c0d
I: MonitorObliviousTransfer::next
I: GeneratePublicKey::next
D:  sending message (size 0.000768 MB)
I: MonitorObliviousTransfer::next
I: SendPublicKey::next
I: MonitorObliviousTransfer::next
I: RecvEncryptedMessages::next
I: MonitorObliviousTransfer::next
I: DecryptChosenMessage::next
I: MonitorObliviousTransfer::next
I: ChooserDone::next
I: MonitorObliviousTransfer::next
I: MonitorObliviousTransfer::next
I: InitChooser::next
I: MonitorObliviousTransfer::next
I: RecvConstant::next
D: received message: 3d9841301484d20f0e98af689feca8a67b94e638f680c097c0d87d89805b183eac0b6be6f2a308f1e72395c31afb7a8ba57e4de7e717867f0a675521a478852ffe582681d42f518613b821b3b9e26917c9b1e17e77a617a9bea0977b91b471819e7339707ce9a0893eac3bcc9eea41783c7458a325e10c20d6647049440308d85e4b7bbfea35861b1eb3b9014351f86fefb60b05cb833f3f60214955952dfec5406278d08f2f6dda7f80c279815435efd7f9a7bb4bd76fe50b79ef8d7da9dba1756e0a3d477a2dcb2e33aade9bee451827ebd6e01e4392c5517edc07bfc0c46dbf452a060bfbc23011b0caa820a778961b30dc0ae71fd93b1c7a7c3d74ce7b2fe59c6618d2d40db62964213d3e1ab17bf79b6dac3d66f7d3f90430747a18e4a72ff55f45d343c2107e2c06e3342907ac25d308145cca50c543fe21b84998b0049fb95b71e7c0d470153980ba97a4a9d43382197dcdcd48cc1f3e6e7629b77d4b420c16fd55ba46588931c0f315b9f1424055a0d0b2fce679ae6745c00252cb29
I: MonitorObliviousTransfer::next
I: GeneratePublicKey::next
D:  sending message (size 0.000768 MB)
I: MonitorObliviousTransfer::next
I: SendPublicKey::next
I: MonitorObliviousTransfer::next
I: RecvEncryptedMessages::next
I: MonitorObliviousTransfer::next
I: DecryptChosenMessage::next
I: MonitorObliviousTransfer::next
I: ChooserDone::next
I: MonitorObliviousTransfer::next
I: MonitorObliviousTransfer::next
I: InitChooser::next
I: MonitorObliviousTransfer::next
I: RecvConstant::next
D: received message: 6daaddc380e0b9e6bec2cef969f7e6a8221715cef36e12d6ed1d81ace13b6734c1e1b443e90259565bab5691fb6f108187ea2d00d6ce847f5206867edc953df215bc005e1d6be3926328fc621ad21fd7a57719ed087b51863601ff138054e31983301640d25f8f99c83a6b02ba12531236c00a975884f6163b13595f0079cfbf6d97daf5a3fc5fbe090062895b3883d859b43807a619be0b94c924540b6c73771825c81b3b1c34823e482fb6ee7b003acc172472af4a711f178dead2799ad631699dcbd9173275ba20a81a5622eef7d1e60543431a1c61baf9e24a951ece36260514734375f27a975b619e84c997c3cfadfd070a51fd56766a8f980bef23f65fc14c44a188d6ffe77fe9bc1037960ba3b64d9dd2d7976e7faeda86f7085f5a8efc310a8170668e4e91e9165db88e358d104619cd3a12222d24928ee34fd4a561eec76d8178fce76ec5c990c3223598eb7d0a10015074f43ee19969dd5ec52ae79ce69827ce379293f7193e5ca48f80123623c14ee43d6e2ef0cd57e671ff42e7
I: MonitorObliviousTransfer::next
I: GeneratePublicKey::next
D:  sending message (size 0.000768 MB)
I: MonitorObliviousTransfer::next
I: SendPublicKey::next
I: MonitorObliviousTransfer::next
I: RecvEncryptedMessages::next
I: MonitorObliviousTransfer::next
I: DecryptChosenMessage::next
I: MonitorObliviousTransfer::next
I: ChooserDone::next
I: MonitorObliviousTransfer::next
I: MonitorObliviousTransfer::next
I: InitChooser::next
I: MonitorObliviousTransfer::next
I: RecvConstant::next
D: received message: 380e33edf3db4aa2f41cba5c758f012e147b0d64672e27da189b6bf376e8fcb27a1e71ace20e833ae1c76bcb7556e215d6e405243f83a303a09185814e46fadae8d3a6163acb8fd39b11a8f5068bebc6eb474882e14d4982a54bdc2b7514b922ab878186b880678b1296d564abfcb06a678bf1462d92c1fd2979e4b5acf6b2f2df1c639b07cc5482d23d28934d4a4db144928247afbe2b225c2ad72240213f53527f3065d3e788284b62b1d079d17a9b607edc91c97f83302f2f165558a79ccfafd96afd21546a21640559d68eb587853606d6299010357e1b0f0df893e0f797c58755450cde0c45267eda35753bd88018ac759e6a8ceb821f58862935b888ba3c017aa038c35f4120dc306c2baeba012ba1efbfaf6aca17a4b9db524f259df39380cb94907cf89cef506bc074fa9670f989eba8302f80cc26db669f0f266c03342b4d7df6349525a474d9527f12ef7ea151217c0237de7f7937ceab88847155e16673c4d88cc75384ac60deec99f17a84e4236f2005adfb5a19d5593f564d76
I: MonitorObliviousTransfer::next
I: GeneratePublicKey::next
D:  sending message (size 0.000768 MB)
I: MonitorObliviousTransfer::next
I: SendPublicKey::next
I: MonitorObliviousTransfer::next
I: RecvEncryptedMessages::next
I: MonitorObliviousTransfer::next
I: DecryptChosenMessage::next
I: MonitorObliviousTransfer::next
I: ChooserDone::next
I: MonitorObliviousTransfer::next
I: MonitorObliviousTransfer::next
I: InitChooser::next
I: MonitorObliviousTransfer::next
I: RecvConstant::next
D: received message: 203366dfd57fb28391aa44bd526bddb68b079d3bfa5b201e0a3c2dde516399b82dbc91ed94a35884eae46689390e396ecf811047dc79545e3fc73fc1e54c8655136d59773e0711a9847a3f26441facf701172bb6c21572ea407ff48cdc32fac128fbd6bb78a4d8ba2708bed6e43b4fd0052cb5cae3f5792eef2221f718d13e3fac9325f854ad7ff56e28a9ef6f61de256bc59bac02d31d3dcd8d65620f68782c833b895844c1f8dda9a05938ff5bd8cd0947b5d343b4cdac1465b66099a3866b3d14577c238efc905f3d60fee3fd501f2e857bdc2308d762afb12186685d66f502acf14adbcbc231571ff3f753cd1a0792108e93c007ad6ad8ec8a39a65dfaf20603b54c8ea389602d446c2d43de9567281b510bd13102204dac95ace34e86559124fd73f12f7d49dad650c3e04f1a9d3108a32bf67eb49c7c26f0b36248d49a49bd71c15ccd5d52885cb9b43ee056d3a246da53ca84d291c57d56ac450332b31061fba210e1cdc58fbcdbe573cc2e758aeedab93b02ac9a0bcf821530df1c1
I: MonitorObliviousTransfer::next
I: GeneratePublicKey::next
D:  sending message (size 0.000768 MB)
I: MonitorObliviousTransfer::next
I: SendPublicKey::next
I: MonitorObliviousTransfer::next
I: RecvEncryptedMessages::next
I: MonitorObliviousTransfer::next
I: DecryptChosenMessage::next
I: MonitorObliviousTransfer::next
I: ChooserDone::next
I: MonitorObliviousTransfer::next
I: MonitorObliviousTransfer::next
I: InitChooser::next
I: MonitorObliviousTransfer::next
I: RecvConstant::next
D: received message: 7883f4229651322e162314e5d7f27feb955262f3358dda20e1c5493ea053282cd3ee6768d3d3974aafadc9493e7ff98ccc2efb51268ee5244039b3f4bc968680c3513db9f01b70697a45beae66bda3bef2f252cba27c1b66495ee03e7cf824c5cd6b1e551a12c4df25783894c627439131a4560f2d9edd4cad1b8b89d416d70214843eb951757b865f5f02ded044a8aaa2b85d6213c08bb53fef94d014a86827aed5f178c456bd57b1cb9167362db28701506b1dfb694376781b61332e8d5dcfd0b8a443631cb8be56ab9aac060217382cbe171ad689049523d6a1c93be5c1cfd348d14f6d483e5506830a1cac5785acbcc5ffd31045e4d17f3f0fcdd419af75f145ffb5033aef4cbe63553fab93cd6e97e7edb5c1954c0229755cdd15bacb5e0e6574bba36470c154ad709eff0683782ef7e6abb89050d64a3411327e3a7ee46fc605c87afc27798ee65dc4d8fad2ba57e427aa5e12a19dd81831b87588e097f3e7b0f590a0ce75cc923006d659e746d01ee14f7dae95e18bb79a913669bbc3
I: MonitorObliviousTransfer::next
I: GeneratePublicKey::next
D:  sending message (size 0.000768 MB)
I: MonitorObliviousTransfer::next
I: SendPublicKey::next
I: MonitorObliviousTransfer::next
I: RecvEncryptedMessages::next
I: MonitorObliviousTransfer::next
I: DecryptChosenMessage::next
I: MonitorObliviousTransfer::next
I: ChooserDone::next
I: MonitorObliviousTransfer::next
I: MonitorObliviousTransfer::next
I: InitChooser::next
I: MonitorObliviousTransfer::next
I: RecvConstant::next
D: received message: e3e3ada972a5b6f0b8bf5a8a69020714b382f10e9546f3052558d52d44ad29021a0280e40da337e6a1d094b16b9f43899740cedb9ac73314aeaad0103218a3bdde211ff9b6fbae7bef706934bcff67e7ad0bc04edd5166cbd600a82f57be8454cf51c67d686ef6ba9698b2db70067d15a8c4323ee8936a02a740568bc783e282d73a1e53f799dbc89589125d5f6dd27628dfc61039b25bb7d2d45246a3e6fd42493cd0aede54dcff64028a55634793a053d11dbaf3e2df05e399b4ec9cfecea7b6ed8918ac02ce68c62590e54b7da119b5ca58fffa6fafaa9b1d9832d89053cc6dc8e3c5db1b2e73c21e544af2da01dd4aa21fb0467d5c7799176e03d887fc4e0ec6a50baa5303d430990e07d259316ee9dfe72c2af00171b188646eeda34b895e48485b7324f1b7feacf0d52d4fbf14f780adbf041dea537b9d81e069953acf26aaab2d2344d815b421865e3cf2d56371a4e9e7b5533b70636c7e4ae5bc42f2b869b4faac8960e51bdc34bce048aefb0579984b2106b70473cc1a3e8d4c93a8
I: MonitorObliviousTransfer::next
I: GeneratePublicKey::next
D:  sending message (size 0.000768 MB)
I: MonitorObliviousTransfer::next
I: SendPublicKey::next
I: MonitorObliviousTransfer::next
I: RecvEncryptedMessages::next
I: MonitorObliviousTransfer::next
I: DecryptChosenMessage::next
I: MonitorObliviousTransfer::next
I: ChooserDone::next
I: MonitorObliviousTransfer::next
I: MonitorObliviousTransfer::next
I: InitChooser::next
I: MonitorObliviousTransfer::next
I: RecvConstant::next
D: received message: 220fc8535135952550c9e20ee51f26312c5bd1b0784c77933669a5c93173994ea79ee41c2dbdfd11cd424ee278f89e58ba935e8b6a3b5da46f8f1a1ae26727e134b042ebcb154d42294e84651c3fb34c9ca3461386a88efdd86981bde481c6c297259a530edb071b80981c17ac34ef4a5a96c256434b4ec95a3c5dc950d1858701e223033795837059f3ce0cac892e58c259bda7fa886af99ef8bc8915813a083bbe8f453992c6197a54a821be2f58ab7cabcd5ed0ff96eb1b4a0e48a2ca9cad6626b39a34b066b0156dc0c6c068814452b2fefbea557da18ee538e131179328140a5600bfefaafb38b7dfef8a99e2074ff866fc859bcdeaefbf3efb46ccab4315dd4cf79b3426dddf9d4494deed53a5a19a34d01485ad6ae49702175c81921badf0ffd3cd48a7e569269ddd42bf50be63cc7e39e9b4f5346db9f080db2a389b523cc3c3593e88021bf9e24960777f214c4087db8b5551eaa8012ac6b132ea4fcf000c4eb88fa01d82ccbd57a58a28f39a76aef4075730be3da805dd814898bc
I: MonitorObliviousTransfer::next
I: GeneratePublicKey::next
D:  sending message (size 0.000768 MB)
I: MonitorObliviousTransfer::next
I: SendPublicKey::next
I: MonitorObliviousTransfer::next
I: RecvEncryptedMessages::next
I: MonitorObliviousTransfer::next
I: DecryptChosenMessage::next
I: MonitorObliviousTransfer::next
I: ChooserDone::next
I: MonitorObliviousTransfer::next
I: MonitorObliviousTransfer::next
I: InitChooser::next
I: MonitorObliviousTransfer::next
I: RecvConstant::next
D: received message: 1597a791120a58d586e874423989d3532e0a6d33cc1ae94dd8592cd298f0ea14e163a8fd317db161c78b9b5fa5dd7f1d68fa9fa066d91d9e1e8fcb883005b9b4da0c9e56685c6a068851157697b387c05b0e137d1c4d8934bb9a80a32ddceb3862a8991a5955e8a3a37e3b72117a493359e50bdda9787d811e3cf9b51dc526f0040fdc74ebc78afcf2e7b438747d96dd1b4956c6dd66f3ea40d0c41ea47820ff41a9bbb84a3643db2466d0111d6d0792b377713515a065c1d56573514d4e82559318e7c7e24acd5e9ade1c135f07533ff2dfe12aff6e40a2085144aa74d19d1e0307b3e3944e7daea00ca72951018de976786d17d275816d296f7edd38de9149bd0368d5aa603b5ffc8a1b450ee6c8922602a88cd05a877586cc5226df104bb141695bf04467698269da2254a08970b3ecd3d3709fa374b5c02ad078a5eccfcd8cbf2f8007cba97964b87a930907f434251091301a92da8674ceaba15d58929be4a3a2993cc3f3396bc6fd893ece0f7502e46e2d2078f0536758446332862a7c
I: MonitorObliviousTransfer::next
I: GeneratePublicKey::next
D:  sending message (size 0.000768 MB)
I: MonitorObliviousTransfer::next
I: SendPublicKey::next
I: MonitorObliviousTransfer::next
I: RecvEncryptedMessages::next
I: MonitorObliviousTransfer::next
I: DecryptChosenMessage::next
I: MonitorObliviousTransfer::next
I: ChooserDone::next
I: MonitorObliviousTransfer::next
I: MonitorObliviousTransfer::next
I: InitChooser::next
I: MonitorObliviousTransfer::next
I: RecvConstant::next
D: received message: d6010abc6740cf3e9ffb379ce762a5b5492d09b2740dad3647ab7f478d6c51fe4b0d094f1ac80fb31074d92a8a3b8b8730fd4f70f27e0cc5fad96ef0d66b364936723176261c64dfb24742ab326198cd1af0b9bb42be164bb35f89f4b9ed197c97adf6ad3810fdbd286e216074753156836611c149655b4df27d12b543133efb6e17ad2eaa62f38e56bf6f68401d6de9bfcadac5c6af35296c34393e48853b40354213facd5e93ffdceacff09aac8995aedab6b690459e19cc2a633bd685b797170e0ebe073e2b00296574ece138ad59edfd02fd56daca36ef82216fec97547ca9b31adc0b879e54a69d344b8d44c7246bd0832ba24ade00290f21ed1489b457d0d732c491537153f987eecdfeccc81656aa069720a2abce9d5024a8344a56ea5c0d067a56649501b2aba46ad29ce236b568cf5009f4c518a4616cb4006fed51a85a4ca6f7f642cdd754c73be7df1a86063bd2f5fa973254d9bf4d6dbb6ea431c376619a5ae0e16d732d179db1647766bd4106041f29e4b366ce7bbee1195260
I: MonitorObliviousTransfer::next
I: GeneratePublicKey::next
D:  sending message (size 0.000768 MB)
I: MonitorObliviousTransfer::next
I: SendPublicKey::next
I: MonitorObliviousTransfer::next
I: RecvEncryptedMessages::next
I: MonitorObliviousTransfer::next
I: DecryptChosenMessage::next
I: MonitorObliviousTransfer::next
I: ChooserDone::next
I: MonitorObliviousTransfer::next
I: MonitorObliviousTransfer::next
I: InitChooser::next
I: MonitorObliviousTransfer::next
I: RecvConstant::next
D: received message: 7385c5616e3c32d58d5f39a410c48a578b1a49c5b0336a47de58d3f8c4d0d22411597275f7b512123c735513641dc23295e5d00b31f44013494db23a59f66d669f86b993be62d936b6f38ab7692250e86f6695d2a4b84f20412d786e3841c62b224a5584cff420f6b59a31b2eb49d4c41c19e620d37a8ededc644b8e0b754d6da66484f70645fdaa5fe6f0e571cd9794ff07c7df717ba505a65aaabf7de75758fc6fd0dd7c7ae7baa3adff001b299f500b1fa921982212b8d54428140e6274f29f7ae278ea98b54d2edb6be959dac38648a89fbec9dd93ecddaefceb0b82ccc7e189aa057778fa3e953bd8eb62c44fad45f274a81277a623877ae3905308c120cebb6a315c01fdad988ec2186794e9042a041951d89b800e5a5d5b1bc7be6b5d7f0b2e46dce67546bd985d06a769c8e545608ec3702fe1625e412e24d633133b8ae172648611d567208fa125b8a59c88f30749545a76552e87d3eb7b9554546c16e1c01956a44ad1289d3eaeb5139d174ed880818c851940e8cb0ea1333f2f84
I: MonitorObliviousTransfer::next
I: GeneratePublicKey::next
D:  sending message (size 0.000768 MB)
I: MonitorObliviousTransfer::next
I: SendPublicKey::next
I: MonitorObliviousTransfer::next
I: RecvEncryptedMessages::next
I: MonitorObliviousTransfer::next
I: DecryptChosenMessage::next
I: MonitorObliviousTransfer::next
I: ChooserDone::next
I: MonitorObliviousTransfer::next
I: MonitorObliviousTransfer::next
I: InitChooser::next
I: MonitorObliviousTransfer::next
I: RecvConstant::next
D: received message: 43204a90486838125d56c48167de1b5674d778b1ad2250cfbdd948c584498e58e32cd4442ab2f92bddf832d60b9154a5a6e674dc911773fb42c60af2f16dc35b0c7c0de19cdcf60df641dcc792fe2a2837df00769e11e68051711ae5bff597e6e3ddb2fb15f6c3c17ce2517ef7fbb03d5007be633d5a7041e486f449b67e39835edb9b94e830d26e2cf75d5673c467b4e98b0e0ea2dcde1c16b3dc68bbde818a39863bd298a88b6d0048e9706d91d6c70afdcf8539d35d392f33d879d99df517e99d171028dd07928e9c9fecbb3ee25e7b47f8dc429bc271bd1b92f16f69391859f50812c9f42dce9d118985418e9db91849ff128628c696b6e7f70fba0e83c74f43b8e77e7a9844e0f90c22a3db3c659ffbaf934aa0a08935e5a259be45b9854914628dace65effbc28b2e18275dd3f950ef6a2ebf30d6fd1719e029c3226564eaa63ca7a191bd235b986be025947c13afd8134706545be92e3b7b5f4ddabb2b77225bbb0601c87749c2ac98cb82e895554323f1839cc3ec4bb0a3ab992f6a0
I: MonitorObliviousTransfer::next
I: GeneratePublicKey::next
D:  sending message (size 0.000768 MB)
I: MonitorObliviousTransfer::next
I: SendPublicKey::next
I: MonitorObliviousTransfer::next
I: RecvEncryptedMessages::next
I: MonitorObliviousTransfer::next
I: DecryptChosenMessage::next
I: MonitorObliviousTransfer::next
I: ChooserDone::next
I: MonitorObliviousTransfer::next
I: MonitorObliviousTransfer::next
I: InitChooser::next
I: MonitorObliviousTransfer::next
I: RecvConstant::next
D: received message: 708bbdc464e93aed5fea1ff565cb915cf65a5fbbc17584005b53378dd2af8ceeef1c2aa8202e87cf0a829d8fa7a5dd711846d37dcf29b4fd55b915bf298004ae2dfcfe485feaeaaff21869804e324343250a1ceaaf309bfc6953686f1d5537af03ee333f4ee0ed9da496fa448a53567bf23c8279ba2b2e3eb0e796353016a941067038cb2644a5583166fd18676aa17bd56e6b9dc02d05889abcfec462010722cb3e9f040ebc9ce98887313631c26de9c3b9ddd01f8854b3926a275d7b44a87a0822dd95c55f58b652689f87157b222e368e249cb0498d05008dd766f3dc7fa20f28f137928f11b916304516e0b02b0ad154ed077c9ccf5df5f75e3979a44bc4c13f70e8c790e74fefa53fefc3ddaedca89854f6bcba49da2ab731810c659846895da48015f3eeb7df47d73d0ba38870241853e097d8659d1bfcb64e5b827a1b2c34c67ff0e29b9041ecc2b6840520a650b41ae44928b5f39a467d425627b42fbce7c8f2d213f5d965259744796fddd102626bb1544d93c58d6b358ad2fe532c
I: MonitorObliviousTransfer::next
I: GeneratePublicKey::next
D:  sending message (size 0.000768 MB)
I: MonitorObliviousTransfer::next
I: SendPublicKey::next
I: MonitorObliviousTransfer::next
I: RecvEncryptedMessages::next
I: MonitorObliviousTransfer::next
I: DecryptChosenMessage::next
I: MonitorObliviousTransfer::next
I: ChooserDone::next
I: MonitorObliviousTransfer::next
I: MonitorObliviousTransfer::next
I: InitChooser::next
I: MonitorObliviousTransfer::next
I: RecvConstant::next
D: received message: 31f44e0a15187a284230dfd5564b10347dc6864e3128f011298538cd48b4107715b4d58cc66c6899ae73de8dd6a657024df3634b4e74a37e2a4a2daf398c085f1ea35427ec654072fd42562c40c4cdc17a21bb91c4c545593ab6996fbb2c8c8fa8f1df68e3d36736f5e261fe2d922ed85d38aed3b57209ab1c79db9f4ec60e75352e9cc63e11357b6e59e46c60598223ea4937841a8d88e15f4e42535c98de70d27dd0cced314bd86de99a8f8af768a557ae60ed006130daca733a4bd599140b62f75f4e5dab1da46e29d50ae2ae4e30ec2b83da7867e21b598f7fda952f01661a38d017c9003c02bb9a1a647519278c842de23eef79362397a0b47e2ef4d9222f469a534ee0a24642764a6879b33f38f42e17f15abdf281bf6722619f696e590a709b2b539eda9ff4157122effd9a9e7b0101ba0500367b86f527ca807d9c5365038bf625e132d96404c6d9a149c7ca3dd852533727f2684fd3136fb7df5879c0c6de9379519d569367080d051224005eddcb8a8fea306601b7b8c2315c51cf
I: MonitorObliviousTransfer::next
I: GeneratePublicKey::next
D:  sending message (size 0.000768 MB)
I: MonitorObliviousTransfer::next
I: SendPublicKey::next
I: MonitorObliviousTransfer::next
I: RecvEncryptedMessages::next
I: MonitorObliviousTransfer::next
I: DecryptChosenMessage::next
I: MonitorObliviousTransfer::next
I: ChooserDone::next
I: MonitorObliviousTransfer::next
I: MonitorObliviousTransfer::next
I: EvaluateCircuit::next
D:   evaluating gate 10000
D:   evaluating gate 20000
D:   evaluating gate 30000
D:   evaluating gate 40000
D:  sending message (size 0.000001 MB)
I: SendOutputBit::next
I: ==== round duration: 585141.812500 ms ====
I: CopyMonitorStateLabels::next
I: RecvGarbledGates::next
I: RecvSystemInputLabels::next
I: RecvFlagBitLabels::next
I: EvaluateCircuit::next
D:   evaluating gate 10000
D:   evaluating gate 20000
D:   evaluating gate 30000
D:   evaluating gate 40000
D:  sending message (size 0.000001 MB)
I: SendOutputBit::next
I: ==== round duration: 571213.375000 ms ====
I: CopyMonitorStateLabels::next
I: RecvGarbledGates::next
I: RecvSystemInputLabels::next
I: RecvFlagBitLabels::next
I: EvaluateCircuit::next
D:   evaluating gate 10000
D:   evaluating gate 20000
D:   evaluating gate 30000
D:   evaluating gate 40000
D:  sending message (size 0.000001 MB)
I: SendOutputBit::next
I: ==== round duration: 576716.625000 ms ====
I: FaultObserved::next
I: MonitorDone::next
