I: parsing spec file timekeeper+.v...
I: parsing BLIF file synth.blif...
D: inputs and outputs parsed.
D: circuit initialized.
D: connections (#370) parsed.
D: gates (#3373) parsed.
D: outputs: 3982 3985 3988 3991 3994 3997 4000 4003 4006 4009 4012 4015 4018 4021 4024 4033 3980 
D: circuit size: 4034
D: adding identity gates for outputs...
D: outputs after identity: 4051 4052 4053 4054 4055 4056 4057 4058 4059 4060 4061 4062 4063 4064 4065 4066 4067 
D: circuit size after identity: 4068
I: initializing safe primes...
I: using prime modulus 1552518092300708935130918131258481755631334049434514313202351194902966239949102107258669453876591642442910007680288864229150803718918046342632727613031282983744380820890196288509170691316593175367469551763119843371637221007210577919
D:  sending message (size 0.000004 MB)
I: InitMonitor::next
I: GenerateDriverLabels::next
D:   driver labels generated in 2176.782471 ms
I: GenerateInWireKeys::next
D:   in-wire keys generated in 1469.298828 ms
D: SendLabels::message
D:   generating in-wire labels for 3412 gates
D:   in-wire labels generated in 721.441040 ms
D:  gateCount: 3412
D:  sending message (size 2.101241 MB)
I: SendLabels::next
I: RecvGarbledGates::next
I: RecvSystemInputLabels::next
I: RecvFlagBitLabels::next
I: MonitorObliviousTransfer::next
I: InitChooser::next
I: MonitorObliviousTransfer::next
I: RecvConstant::next
D: received message: b0412d20b7255a4bfc5d19167bb1892da7a80980ee61381c2b91224f0043a896c00e3e23d96017e9ff0dc82dadb8e18812cdc014aa39eb9184eb3115c3421c0fb10d58bca4bf7c6ff76c2a322767e8f3e542097ad567941d1cb5960cc0716ebc
I: MonitorObliviousTransfer::next
I: GeneratePublicKey::next
D:  sending message (size 0.000192 MB)
I: MonitorObliviousTransfer::next
I: SendPublicKey::next
I: MonitorObliviousTransfer::next
I: RecvEncryptedMessages::next
I: MonitorObliviousTransfer::next
I: DecryptChosenMessage::next
I: MonitorObliviousTransfer::next
I: ChooserDone::next
I: MonitorObliviousTransfer::next
I: MonitorObliviousTransfer::next
I: InitChooser::next
I: MonitorObliviousTransfer::next
I: RecvConstant::next
D: received message: 11560616db22ba0165287424d2fb65c8f2b3cb0af24bee538bdbe91b9947bbf64aa4b09ff51300d4fa7903c9228b07acefbe3b26160b683f2a6c4b58863cb704ff52d34c8a190edac087545726963c59fe7285c319ad1c2334fbd69e4b1c7f1f
I: MonitorObliviousTransfer::next
I: GeneratePublicKey::next
D:  sending message (size 0.000192 MB)
I: MonitorObliviousTransfer::next
I: SendPublicKey::next
I: MonitorObliviousTransfer::next
I: RecvEncryptedMessages::next
I: MonitorObliviousTransfer::next
I: DecryptChosenMessage::next
I: MonitorObliviousTransfer::next
I: ChooserDone::next
I: MonitorObliviousTransfer::next
I: MonitorObliviousTransfer::next
I: InitChooser::next
I: MonitorObliviousTransfer::next
I: RecvConstant::next
D: received message: 336e3730f645e50beda7eaa6097356b2147a4b8674f3509dd047d9efda5ca9580147d323dca077cc87316d4f522bfae2f6f11634baf02585cbd9a5101088d1ccc8ea5fd78d17833467cfa1eaa7602056f1ac13305128f9947335dff92202ef53
I: MonitorObliviousTransfer::next
I: GeneratePublicKey::next
D:  sending message (size 0.000191 MB)
I: MonitorObliviousTransfer::next
I: SendPublicKey::next
I: MonitorObliviousTransfer::next
I: RecvEncryptedMessages::next
I: MonitorObliviousTransfer::next
I: DecryptChosenMessage::next
I: MonitorObliviousTransfer::next
I: ChooserDone::next
I: MonitorObliviousTransfer::next
I: MonitorObliviousTransfer::next
I: InitChooser::next
I: MonitorObliviousTransfer::next
I: RecvConstant::next
D: received message: 15cd9286e8a94e01fbcc85605791182c7ffacaa060fd86c537518553bf1d4cfd13d344c83edbef102cf3581aee91e140f15527a6201fd2c50540c45cc6f1a6306d892e5a01d019c396b3459578de70eed991436dd815ee09b45f557def9b9837
I: MonitorObliviousTransfer::next
I: GeneratePublicKey::next
D:  sending message (size 0.000192 MB)
I: MonitorObliviousTransfer::next
I: SendPublicKey::next
I: MonitorObliviousTransfer::next
I: RecvEncryptedMessages::next
I: MonitorObliviousTransfer::next
I: DecryptChosenMessage::next
I: MonitorObliviousTransfer::next
I: ChooserDone::next
I: MonitorObliviousTransfer::next
I: MonitorObliviousTransfer::next
I: InitChooser::next
I: MonitorObliviousTransfer::next
I: RecvConstant::next
D: received message: 96dae37f099d12c6541fff5f59e90d041f3f77ab0937919f1471d61bd215da4f724f073bbdc1da2e769dbab0c098324e339fbcf9d10af82ed9a7ceb06474aaa23699fd25a09ee9ffe4a44491d9ab00bef59b2be27ff5d81e3943df827357be78
I: MonitorObliviousTransfer::next
I: GeneratePublicKey::next
D:  sending message (size 0.000192 MB)
I: MonitorObliviousTransfer::next
I: SendPublicKey::next
I: MonitorObliviousTransfer::next
I: RecvEncryptedMessages::next
I: MonitorObliviousTransfer::next
I: DecryptChosenMessage::next
I: MonitorObliviousTransfer::next
I: ChooserDone::next
I: MonitorObliviousTransfer::next
I: MonitorObliviousTransfer::next
I: InitChooser::next
I: MonitorObliviousTransfer::next
I: RecvConstant::next
D: received message: e8e4ede45c38bc4a6602b5837de500918c4f378829bfdae1f5e760f141d131d89c5acc7aa5452f5c4c818fdbd645b2069a6376b0d98640d50f9a2bbf5aaa4d93ec5e46e4eec70445bda02463eafeae649498fde4eceae520c1ae472c26fa3f4b
I: MonitorObliviousTransfer::next
I: GeneratePublicKey::next
D:  sending message (size 0.000192 MB)
I: MonitorObliviousTransfer::next
I: SendPublicKey::next
I: MonitorObliviousTransfer::next
I: RecvEncryptedMessages::next
I: MonitorObliviousTransfer::next
I: DecryptChosenMessage::next
I: MonitorObliviousTransfer::next
I: ChooserDone::next
I: MonitorObliviousTransfer::next
I: MonitorObliviousTransfer::next
I: InitChooser::next
I: MonitorObliviousTransfer::next
I: RecvConstant::next
D: received message: b5d6d7d98f82767fc01791a0badd49ee45e4ab3a9fcd920bc28fbc4830d962cbcfedd0bf4c42a4d959fe43fc98afea6dff3a289a9a15192a898a2dfb230f34498c5e72bb5aab05a9e36d04a207d04c88882a7ef6a00fea6461b5bb6eb5ed866c
I: MonitorObliviousTransfer::next
I: GeneratePublicKey::next
D:  sending message (size 0.000192 MB)
I: MonitorObliviousTransfer::next
I: SendPublicKey::next
I: MonitorObliviousTransfer::next
I: RecvEncryptedMessages::next
I: MonitorObliviousTransfer::next
I: DecryptChosenMessage::next
I: MonitorObliviousTransfer::next
I: ChooserDone::next
I: MonitorObliviousTransfer::next
I: MonitorObliviousTransfer::next
I: InitChooser::next
I: MonitorObliviousTransfer::next
I: RecvConstant::next
D: received message: b4aa989d2a4590aaea5a4ca99b932f6574a91c8f9e37b5a679ef3f3ece6590fc602ecda443e901c4e92abdab0f4b9c33ad28d9182684c3b533808f2833d8b636ac7acfb976348d3fa5ed8faec6871f37aa412ca825c05ffd17e9cec1f91ffceb
I: MonitorObliviousTransfer::next
I: GeneratePublicKey::next
D:  sending message (size 0.000192 MB)
I: MonitorObliviousTransfer::next
I: SendPublicKey::next
I: MonitorObliviousTransfer::next
I: RecvEncryptedMessages::next
I: MonitorObliviousTransfer::next
I: DecryptChosenMessage::next
I: MonitorObliviousTransfer::next
I: ChooserDone::next
I: MonitorObliviousTransfer::next
I: MonitorObliviousTransfer::next
I: InitChooser::next
I: MonitorObliviousTransfer::next
I: RecvConstant::next
D: received message: 4e596ea67a351da3f90ad6a33fb26f6cd67a417a02e4fc73923eae5c7c3465509e19a6017ea4a4b2758b85dd7d16e9b6e183da32bb8ba0152815657b94bcec3329026ed0c65577ddad125b683872500dfe49bf00c5cf9ce3df10c4a048fe2680
I: MonitorObliviousTransfer::next
I: GeneratePublicKey::next
D:  sending message (size 0.000192 MB)
I: MonitorObliviousTransfer::next
I: SendPublicKey::next
I: MonitorObliviousTransfer::next
I: RecvEncryptedMessages::next
I: MonitorObliviousTransfer::next
I: DecryptChosenMessage::next
I: MonitorObliviousTransfer::next
I: ChooserDone::next
I: MonitorObliviousTransfer::next
I: MonitorObliviousTransfer::next
I: InitChooser::next
I: MonitorObliviousTransfer::next
I: RecvConstant::next
D: received message: 8273add18787b1d01fcfd29009a026e19b4afec3206b4da5ba74cc3020a2f22006d4f454e2155cb9dd17b3e41f548651c4857c8ee59434ec96d8986d16c9150fc6ba32ec1778b1ce9529d938783528e9b91e83ec34f2d81f35a6bd56514653c8
I: MonitorObliviousTransfer::next
I: GeneratePublicKey::next
D:  sending message (size 0.000192 MB)
I: MonitorObliviousTransfer::next
I: SendPublicKey::next
I: MonitorObliviousTransfer::next
I: RecvEncryptedMessages::next
I: MonitorObliviousTransfer::next
I: DecryptChosenMessage::next
I: MonitorObliviousTransfer::next
I: ChooserDone::next
I: MonitorObliviousTransfer::next
I: MonitorObliviousTransfer::next
I: InitChooser::next
I: MonitorObliviousTransfer::next
I: RecvConstant::next
D: received message: 1e31b784d4ddec27ed54eb9d558b7613f9b590fdd7cad2d715b6cee90bbeae418d72245248a713e5f30a0522759b804c851d85ef269592fcee43cd5a03ab6ed06f52dd6857a7d40a97c06b008042cea8a4cb32eac70d433ec902937f8464812a
I: MonitorObliviousTransfer::next
I: GeneratePublicKey::next
D:  sending message (size 0.000192 MB)
I: MonitorObliviousTransfer::next
I: SendPublicKey::next
I: MonitorObliviousTransfer::next
I: RecvEncryptedMessages::next
I: MonitorObliviousTransfer::next
I: DecryptChosenMessage::next
I: MonitorObliviousTransfer::next
I: ChooserDone::next
I: MonitorObliviousTransfer::next
I: MonitorObliviousTransfer::next
I: InitChooser::next
I: MonitorObliviousTransfer::next
I: RecvConstant::next
D: received message: a5fd2b84bd7e861cefa05d783bc59f4566970331a75883e53d643112e2a8255bc3b9cc0a4f4ee32435989df332ac1344f23577294cece8db3f8ba75b4761d8104f9f882333281e16b1780069c16e29feb3844e5432a5c5216e593a326874d5a8
I: MonitorObliviousTransfer::next
I: GeneratePublicKey::next
D:  sending message (size 0.000192 MB)
I: MonitorObliviousTransfer::next
I: SendPublicKey::next
I: MonitorObliviousTransfer::next
I: RecvEncryptedMessages::next
I: MonitorObliviousTransfer::next
I: DecryptChosenMessage::next
I: MonitorObliviousTransfer::next
I: ChooserDone::next
I: MonitorObliviousTransfer::next
I: MonitorObliviousTransfer::next
I: InitChooser::next
I: MonitorObliviousTransfer::next
I: RecvConstant::next
D: received message: 87a1cced2a3fffc037837b5dcb3c33b3e5d6369ef43129079ab7eba3806ba37450ac72ba5b44e1162756896ffdca2d8e0121fae9068fd9fc4d4b145080cedc27cfc53f24989cce9335600764a94cd548572eb1655ffa1fedf023c3956f90ace2
I: MonitorObliviousTransfer::next
I: GeneratePublicKey::next
D:  sending message (size 0.000192 MB)
I: MonitorObliviousTransfer::next
I: SendPublicKey::next
I: MonitorObliviousTransfer::next
I: RecvEncryptedMessages::next
I: MonitorObliviousTransfer::next
I: DecryptChosenMessage::next
I: MonitorObliviousTransfer::next
I: ChooserDone::next
I: MonitorObliviousTransfer::next
I: MonitorObliviousTransfer::next
I: InitChooser::next
I: MonitorObliviousTransfer::next
I: RecvConstant::next
D: received message: 32ebeaa20dc4977d97616269f08b4a569704f9187a632360024ef6492669f700f7ffe8d808dee8b2dec505b9cd99be6bff5d9c6bf471396010c8200078c728b89ae8b0de825b3cf5c2f21ea5bdb2ee345736eb124affbb3876c14d39fa1165f1
I: MonitorObliviousTransfer::next
I: GeneratePublicKey::next
D:  sending message (size 0.000192 MB)
I: MonitorObliviousTransfer::next
I: SendPublicKey::next
I: MonitorObliviousTransfer::next
I: RecvEncryptedMessages::next
I: MonitorObliviousTransfer::next
I: DecryptChosenMessage::next
I: MonitorObliviousTransfer::next
I: ChooserDone::next
I: MonitorObliviousTransfer::next
I: MonitorObliviousTransfer::next
I: InitChooser::next
I: MonitorObliviousTransfer::next
I: RecvConstant::next
D: received message: 24482568ecb3442840d0bd69b99a743441c977ff53d27328a81a257f1317fa2abfb16db79c8e2f883533b8372a44835d32628d8ef9b96f8fd716f157b4e1d6c1947912914f52c85ca779ec85cdfcb2d82a0d0a77d1209142a1ba121f458db40d
I: MonitorObliviousTransfer::next
I: GeneratePublicKey::next
D:  sending message (size 0.000192 MB)
I: MonitorObliviousTransfer::next
I: SendPublicKey::next
I: MonitorObliviousTransfer::next
I: RecvEncryptedMessages::next
I: MonitorObliviousTransfer::next
I: DecryptChosenMessage::next
I: MonitorObliviousTransfer::next
I: ChooserDone::next
I: MonitorObliviousTransfer::next
I: MonitorObliviousTransfer::next
I: InitChooser::next
I: MonitorObliviousTransfer::next
I: RecvConstant::next
D: received message: 95156cc3b330875f640a04d34030a3942c4c6f161398e2b50c6b7acbd86714aab0a7bf4ec743880a43a26d288e5307b12b54339b519cff0e0dc9d4797ff8ebc56c7f66e87c6fe322d3fe3f43467c2489b8a63b78e7a9123e272dcf7ca16ba83b
I: MonitorObliviousTransfer::next
I: GeneratePublicKey::next
D:  sending message (size 0.000192 MB)
I: MonitorObliviousTransfer::next
I: SendPublicKey::next
I: MonitorObliviousTransfer::next
I: RecvEncryptedMessages::next
I: MonitorObliviousTransfer::next
I: DecryptChosenMessage::next
I: MonitorObliviousTransfer::next
I: ChooserDone::next
I: MonitorObliviousTransfer::next
I: MonitorObliviousTransfer::next
I: EvaluateCircuit::next
D:  sending message (size 0.000001 MB)
I: SendOutputBit::next
I: ==== round duration: 968.051331 ms ====
I: CopyMonitorStateLabels::next
I: RecvGarbledGates::next
I: RecvSystemInputLabels::next
I: RecvFlagBitLabels::next
I: EvaluateCircuit::next
D:  sending message (size 0.000001 MB)
I: SendOutputBit::next
I: ==== round duration: 965.544983 ms ====
I: CopyMonitorStateLabels::next
I: RecvGarbledGates::next
I: RecvSystemInputLabels::next
I: RecvFlagBitLabels::next
I: EvaluateCircuit::next
D:  sending message (size 0.000001 MB)
I: SendOutputBit::next
I: ==== round duration: 1170.542236 ms ====
I: FaultObserved::next
I: MonitorDone::next
