I: parsing spec file timekeeper+.v...
skipping synthesis, BLIF file already exists.
I: parsing BLIF file synth.blif...
D: inputs and outputs parsed.
D: circuit initialized.
D: connections (#1474) parsed.
D: gates (#14407) parsed.
D: outputs: 28365 28368 28371 28374 28377 28380 28383 28386 28389 28392 28395 28398 28401 28404 28407 28410 28413 28416 28419 28422 28425 28428 28431 28434 28437 28440 28443 28446 28449 28452 28455 28459 28462 28465 28468 28471 28474 28477 28480 28483 28486 28489 28492 28495 28498 28501 28504 28507 28510 28513 28516 28519 28522 28525 28528 28531 28534 28537 28540 28543 28546 28549 28552 28555 28363 
D: circuit size: 28556
D: adding identity gates for outputs...
D: outputs after identity: 28621 28622 28623 28624 28625 28626 28627 28628 28629 28630 28631 28632 28633 28634 28635 28636 28637 28638 28639 28640 28641 28642 28643 28644 28645 28646 28647 28648 28649 28650 28651 28652 28653 28654 28655 28656 28657 28658 28659 28660 28661 28662 28663 28664 28665 28666 28667 28668 28669 28670 28671 28672 28673 28674 28675 28676 28677 28678 28679 28680 28681 28682 28683 28684 28685 
D: circuit size after identity: 28686
I: initializing safe primes...
I: using prime modulus 2410312426921032588552076022197566074856950548502459942654116941958108831682612228890093858261341614673227141477904012196503648957050582631942730706805009223062734745341073406696246014589361659774041027169249453200378729434170325843778659198143763193776859869524088940195577346119843545301547043747207749969763750084308926339295559968882457872412993810129130294592999947926365264059284647209730384947211681434464714438488520940127459844288859336526896320919633919
D:  sending message (size 0.000005 MB)
I: InitMonitor::next
I: GenerateDriverLabels::next
D:   driver labels generated in 39610.175781 ms
I: GenerateInWireKeys::next
D:   in-wire keys generated in 7490.780273 ms
D: SendLabels::message
D:   generating in-wire labels for 14542 gates
D:   10000 gates processed
D:   in-wire labels generated in 25308.746094 ms
D:  gateCount: 14542
D:  sending message (size 22.237032 MB)
I: SendLabels::next
I: RecvGarbledGates::next
I: RecvSystemInputLabels::next
I: RecvFlagBitLabels::next
I: MonitorObliviousTransfer::next
I: InitChooser::next
I: MonitorObliviousTransfer::next
I: RecvConstant::next
D: received message: fffb8110c455d30a4f7f90136914f6eaa035d684da795731c38c271e48d87b3ac0c07e4c3229771c2ffe4484305c90dc15881e552b6c9e4525fca79b5f7627e9550c8a52940381c1c97bf93a8ff0e650184d7d668042afbd6c4f29a07ce99306f9f052f2bf0ab379607a5e9098ec3f1426dac640f38b4b90ddb0defad08f53bb50d91443c2b9c5f69eb6c9a9e161ab26168de2c8dbfcd0b7899ec52e35b3c294aa92b9e01ab73dde048d30accb465b01c401a51aa610ab002e1b95ac857fce49
I: MonitorObliviousTransfer::next
I: GeneratePublicKey::next
D:  sending message (size 0.000384 MB)
I: MonitorObliviousTransfer::next
I: SendPublicKey::next
I: MonitorObliviousTransfer::next
I: RecvEncryptedMessages::next
I: MonitorObliviousTransfer::next
I: DecryptChosenMessage::next
I: MonitorObliviousTransfer::next
I: ChooserDone::next
I: MonitorObliviousTransfer::next
I: MonitorObliviousTransfer::next
I: InitChooser::next
I: MonitorObliviousTransfer::next
I: RecvConstant::next
D: received message: f91e6ee4812e4fb31fa24d00cabf95363b157df4e8efee50b6e61b5d0c0b14db13a439bb0a9c9c00501c7d6a44248b6d1dd905e7f95309d2999ba27d8cf573ae748f0d188507b400322cb8dbf6c739956f2fbf6dc8499be0dca3f508bba386c20817bf573ef978635654736673715c4160c977379d372a13a674acf529212a1e81359e01d8e172da7d709c53de71d47500b04ff07cfacadba36ea8bb50ccd70e674e0bd01c68b9754275c1c80a613611f49e91ddcc2c63b9ea3ef1759d5a4e8c
I: MonitorObliviousTransfer::next
I: GeneratePublicKey::next
D:  sending message (size 0.000384 MB)
I: MonitorObliviousTransfer::next
I: SendPublicKey::next
I: MonitorObliviousTransfer::next
I: RecvEncryptedMessages::next
I: MonitorObliviousTransfer::next
I: DecryptChosenMessage::next
I: MonitorObliviousTransfer::next
I: ChooserDone::next
I: MonitorObliviousTransfer::next
I: MonitorObliviousTransfer::next
I: InitChooser::next
I: MonitorObliviousTransfer::next
I: RecvConstant::next
D: received message: 7a66f327aff1e452aa7f225356f3036d0aa1ba8c9bcba5aed591801e56059dcd81637ac557377b5e0feb3134611a22553301cc1782eb9b86878670ca7ece1081ef56f6513680b2e9b580d06b7e12a010c518cdef53060218a42fc8c6057bc2194e2dc7d04bd06132dd12d194546d3aa3b3de3f293ed454409b96068d3b9e56bd813a59195223c5ecec9d62aa5bdbbb4d3f11cff02d9842cea4b19fb92be73a49966d5ba85391daef3a8be94131ea20975c4b45fc7ca9724f38e8467a9d5cddf8
I: MonitorObliviousTransfer::next
I: GeneratePublicKey::next
D:  sending message (size 0.000384 MB)
I: MonitorObliviousTransfer::next
I: SendPublicKey::next
I: MonitorObliviousTransfer::next
I: RecvEncryptedMessages::next
I: MonitorObliviousTransfer::next
I: DecryptChosenMessage::next
I: MonitorObliviousTransfer::next
I: ChooserDone::next
I: MonitorObliviousTransfer::next
I: MonitorObliviousTransfer::next
I: InitChooser::next
I: MonitorObliviousTransfer::next
I: RecvConstant::next
D: received message: adc93168974f847b6a430ef777e563da68754187c816c3e6200d18c05a6afb2d0b28b915b7ac39829b4bdf8d27376794fc000b09c453476931fbcc1acef54bc631b966dd4e38330367d73739beeb16e0a27a1ec046084b8f23e41058547c0e8c497343d2a745280ec97685b8b9ea4e2039d46383076bebf5e78993d3369932f283fb93bc088f8ac4b7d33f752a17da557f3402f31844adb740db26484db48e1983958976ea6712b3be81d93366fac6daeebfd0bdfc93e135e43679feb9f66b6b
I: MonitorObliviousTransfer::next
I: GeneratePublicKey::next
D:  sending message (size 0.000384 MB)
I: MonitorObliviousTransfer::next
I: SendPublicKey::next
I: MonitorObliviousTransfer::next
I: RecvEncryptedMessages::next
I: MonitorObliviousTransfer::next
I: DecryptChosenMessage::next
I: MonitorObliviousTransfer::next
I: ChooserDone::next
I: MonitorObliviousTransfer::next
I: MonitorObliviousTransfer::next
I: InitChooser::next
I: MonitorObliviousTransfer::next
I: RecvConstant::next
D: received message: b3ec5dbd6f64c71cd573195c06d67530af8580f7c43f3c742ef15c6f42d8a4f756575866aa96ca70ae9057e6966b1a71716a040a5242a2c4049d6f766eced455e987b4ab24f72dc4f8aade573712ecac9fb8d58746fab49e2937ee6725aba7bafc41553ef12298e252001c94fd91fd1d21b6e79d8b41b58f757d9754684a6b2acef83b6a70a3cf411b1b6a71ce3b6897f1c04a592ff4601c657b102cca11d0c1ef5ff5a4ec313cf32bb67ababf0ab2dd4d3ec35c2eea374ba4d027bfdd7e49ec
I: MonitorObliviousTransfer::next
I: GeneratePublicKey::next
D:  sending message (size 0.000384 MB)
I: MonitorObliviousTransfer::next
I: SendPublicKey::next
I: MonitorObliviousTransfer::next
I: RecvEncryptedMessages::next
I: MonitorObliviousTransfer::next
I: DecryptChosenMessage::next
I: MonitorObliviousTransfer::next
I: ChooserDone::next
I: MonitorObliviousTransfer::next
I: MonitorObliviousTransfer::next
I: InitChooser::next
I: MonitorObliviousTransfer::next
I: RecvConstant::next
D: received message: a454126eb01815336b34b8c49eaedbbe19484f113e18ec55e2c72e9edf2d331f3b88c24e72d1ff6e5f48c603cab5ffe5c967cde8cc7e4ed66357d35d6e662501675f2c1f17598665055481e2b854bfa985bb872487d7a67f29bc6e88bbf243d59765a95fd9c2aa4a7d9dd078b797b38fdccca46f0722cdc0e5d926e26164c74be4a63df7e77f44dacbca3b1b85dc8ef1612df546849415edddb618490d5e04a38282300abeba0f1525bc91de67ca0d165e7f375df545f784260436a2bd11ecb7
I: MonitorObliviousTransfer::next
I: GeneratePublicKey::next
D:  sending message (size 0.000384 MB)
I: MonitorObliviousTransfer::next
I: SendPublicKey::next
I: MonitorObliviousTransfer::next
I: RecvEncryptedMessages::next
I: MonitorObliviousTransfer::next
I: DecryptChosenMessage::next
I: MonitorObliviousTransfer::next
I: ChooserDone::next
I: MonitorObliviousTransfer::next
I: MonitorObliviousTransfer::next
I: InitChooser::next
I: MonitorObliviousTransfer::next
I: RecvConstant::next
D: received message: 3d4791c135ef387d07938809fa6730d9fd1eef31e1f56b3f871d6719d69198a375df47446a5d4973f71d286c720994d464eeab98ef9ef223c48a304d28bcb65b4cbd77442ddab5e36302ab18f6900d048016f01992c29465f6700e1a18982ae885e88e905831cf74565e8a49ccf1a5e12bab83478e830478270d98ed0c7e5ba318cb16dd14b643d5d916e6dc2a7eed099bb5585260b863c4016ba101752ed130e9c5bdf853eab7c9f29d32a37eaeb920d6a737da61863165edd50abd0e81bfb2
I: MonitorObliviousTransfer::next
I: GeneratePublicKey::next
D:  sending message (size 0.000384 MB)
I: MonitorObliviousTransfer::next
I: SendPublicKey::next
I: MonitorObliviousTransfer::next
I: RecvEncryptedMessages::next
I: MonitorObliviousTransfer::next
I: DecryptChosenMessage::next
I: MonitorObliviousTransfer::next
I: ChooserDone::next
I: MonitorObliviousTransfer::next
I: MonitorObliviousTransfer::next
I: InitChooser::next
I: MonitorObliviousTransfer::next
I: RecvConstant::next
D: received message: f15d266ddd71b9dcd62e9e84f1e41103fe576dbe5c6fb43d51592e715a7cc95f973207023889a5bf408b81b1872e0b23b52b80f24c1fbe03accf4d6cac72fffa941a52bde862a1163afb3b1b6fd3a2d4f2833b79d16175ef77e72b4ec392a087fa7dc0a1cc26f23f063013bdfc55d6860b590afd039eac5f6f5546209960ca1aff22b758e9a9b81385ca38c653fd8889570ca20b6f41097446c240af45b85f62f3ef42ab62813480b5b656ea421d8963b07041300665b408b882904102ae1237
I: MonitorObliviousTransfer::next
I: GeneratePublicKey::next
D:  sending message (size 0.000384 MB)
I: MonitorObliviousTransfer::next
I: SendPublicKey::next
I: MonitorObliviousTransfer::next
I: RecvEncryptedMessages::next
I: MonitorObliviousTransfer::next
I: DecryptChosenMessage::next
I: MonitorObliviousTransfer::next
I: ChooserDone::next
I: MonitorObliviousTransfer::next
I: MonitorObliviousTransfer::next
I: InitChooser::next
I: MonitorObliviousTransfer::next
I: RecvConstant::next
D: received message: 1fbd8e7929d1e651c066114f7f7b00403e788ff18de57e5b8f1397b3136387af102c7c1b7d878807a9d23c83116772c8d433a6a57f33fa3ca9a38e613da42aad66e94236e42fdf8f2206e0b7358f12f7dcee44607c6ea062573baf00be6e35fd63aaf2048b2d357e19d8a1f4a56b49208c0316c5570b146135142fb089a277fd31a12f0b04221f936610a75b26d763cd44245b6942a5e089ab0af4f36ead88ba9dc50a82f198c232622c199a45721efc29517f3c34ee819cb4f9303dd61c40e8
I: MonitorObliviousTransfer::next
I: GeneratePublicKey::next
D:  sending message (size 0.000384 MB)
I: MonitorObliviousTransfer::next
I: SendPublicKey::next
I: MonitorObliviousTransfer::next
I: RecvEncryptedMessages::next
I: MonitorObliviousTransfer::next
I: DecryptChosenMessage::next
I: MonitorObliviousTransfer::next
I: ChooserDone::next
I: MonitorObliviousTransfer::next
I: MonitorObliviousTransfer::next
I: InitChooser::next
I: MonitorObliviousTransfer::next
I: RecvConstant::next
D: received message: 8ea204b8193ce5aa6993389c5dbb2c597b4122b05e31df408d906e053f95f9b409e09e2a569e321f23ef216791f037a83d83ea107360c82cf91c1b90e88dd814c7578889e26e8d8ec3c942167c9a6437429495986df80b23f3ab7700b24c54130bfd2b9c25aff1838c1ed9fb508ea0e19dd260a45c81cd3667c05eae496f94e91ed3377de8e99828adcdf58ef29d743dba755b091d613d3d1b00f0b4f7c34d213b5ed8caf6c2f6af3cdcfa38a8e5b53f43742df21011920dcb08059625bef1fc
I: MonitorObliviousTransfer::next
I: GeneratePublicKey::next
D:  sending message (size 0.000384 MB)
I: MonitorObliviousTransfer::next
I: SendPublicKey::next
I: MonitorObliviousTransfer::next
I: RecvEncryptedMessages::next
I: MonitorObliviousTransfer::next
I: DecryptChosenMessage::next
I: MonitorObliviousTransfer::next
I: ChooserDone::next
I: MonitorObliviousTransfer::next
I: MonitorObliviousTransfer::next
I: InitChooser::next
I: MonitorObliviousTransfer::next
I: RecvConstant::next
D: received message: f0b0e58db0785f56d710d9930739c4715dde3fd2830c48156e126f748922b6d20a62d003322b773fa409e2c30bcfd3121375c8c77ea3734ba548402812a9fd04db3031c0073a207713c42247b53b7a354308328b836bcbc050717f06aa9b20e2801912d27fe20096a9789e696b7abd79ac231c154750453e2785cd37059df29e739e14de78c07260b27702aefd745960b65c51f58643590fad74d56b01012890cf6f9f4dfe82624ef10d964993d82eb902fb4203829d74aa9e29049b2752bfd2
I: MonitorObliviousTransfer::next
I: GeneratePublicKey::next
D:  sending message (size 0.000383 MB)
I: MonitorObliviousTransfer::next
I: SendPublicKey::next
I: MonitorObliviousTransfer::next
I: RecvEncryptedMessages::next
I: MonitorObliviousTransfer::next
I: DecryptChosenMessage::next
I: MonitorObliviousTransfer::next
I: ChooserDone::next
I: MonitorObliviousTransfer::next
I: MonitorObliviousTransfer::next
I: InitChooser::next
I: MonitorObliviousTransfer::next
I: RecvConstant::next
D: received message: 8952571f36ac19bf7d80402306009110f3d54dd1a2c4668ff309d4358d560e855a2afff6086ba1a5483939f35345fd3a7f695b9030cfa7e2e2a0af2e05519eaf737235d04ebeb0dfa9c932fb0952d41a2e9ba2eb9f9b8faa8b66261ba6eee3c6cf3b53d580585c486ac3fa01c3bcb158cff49a23a01d015e8eb65da90b1224d77dd85c1b0c5f6a0cce129ce084d0374aaf6ff8f08e04cecc7524ed6009ddc069d0ea0b1183b9e9cb655c2428413aba620899a077046e8440394a3e503a006c1
I: MonitorObliviousTransfer::next
I: GeneratePublicKey::next
D:  sending message (size 0.000384 MB)
I: MonitorObliviousTransfer::next
I: SendPublicKey::next
I: MonitorObliviousTransfer::next
I: RecvEncryptedMessages::next
I: MonitorObliviousTransfer::next
I: DecryptChosenMessage::next
I: MonitorObliviousTransfer::next
I: ChooserDone::next
I: MonitorObliviousTransfer::next
I: MonitorObliviousTransfer::next
I: InitChooser::next
I: MonitorObliviousTransfer::next
I: RecvConstant::next
D: received message: 68a4c712d5343473a0d35ca1e8bafcc2f037ebce9680b5535390f9319826e3e377104884e3a5c26923379845e420fb8825732dcb64ff4beab1ca7af58e8ce5b48da4bc1a2ab23ee32aa7320ed978e9573c2ce7440f44335582924d8f11c9ad9dbe53db73012805ebfdfb05cdea6c3c2cc8308113f965489f77613fffbc1cbc8dd94d4b8e6b6fd2e4c9a8934b38b265fea00597a9a3bdb53c6e1b1ab0a391d4ac080487a3c30e9848387b55ae4cf984b5bb46e4ac35590e4b679d3573fd039316
I: MonitorObliviousTransfer::next
I: GeneratePublicKey::next
D:  sending message (size 0.000384 MB)
I: MonitorObliviousTransfer::next
I: SendPublicKey::next
I: MonitorObliviousTransfer::next
I: RecvEncryptedMessages::next
I: MonitorObliviousTransfer::next
I: DecryptChosenMessage::next
I: MonitorObliviousTransfer::next
I: ChooserDone::next
I: MonitorObliviousTransfer::next
I: MonitorObliviousTransfer::next
I: InitChooser::next
I: MonitorObliviousTransfer::next
I: RecvConstant::next
D: received message: eab4cbebe6eb8e7763ec0940566e18a6ceebece58cd371a43d37328325a9eadf58030bfa5dbe2b32da6ca75fcb704fb344ddefa4eac040f61957b4e472a934f61637d5d0751f0995ca7cf2b682ff4477f35e9d2a0c77642ed81e377d898dee080912e9becc8cbfe761ebed8901ad04620c3bcb7430482b3ee95bad55afcd78f438b7d8fb541cbc3f52070b35ae72099b16f69c41d111a2b6eabb5d107625fc3afa589a54c791bebdd559bcac232f3b22bb29346f142a946d47a63c14e02a7a46
I: MonitorObliviousTransfer::next
I: GeneratePublicKey::next
D:  sending message (size 0.000384 MB)
I: MonitorObliviousTransfer::next
I: SendPublicKey::next
I: MonitorObliviousTransfer::next
I: RecvEncryptedMessages::next
I: MonitorObliviousTransfer::next
I: DecryptChosenMessage::next
I: MonitorObliviousTransfer::next
I: ChooserDone::next
I: MonitorObliviousTransfer::next
I: MonitorObliviousTransfer::next
I: InitChooser::next
I: MonitorObliviousTransfer::next
I: RecvConstant::next
D: received message: 131f8079211712ed457bbb55d8b86bd0c9b81e7cf7576405a56a009277a186b5533a94ca97f855e0d9f8f6c83fb30434351a85eb310c97a3d17a9f428a486089185ff1b4635572200d92557a3f4ec73ac2dd3c0ff31cc37da27f768b4ac793df3af98b0ed63edb93ef3c581135b9431eeb1080bac9619b9550207e78018c9b12fe826a0d1855cab5ee02f60fdc75703b0923de6a0aaf64a8a8a3807a75a11d03196e21f193a60e540c5f11aefc0eb5d543772628bb5e6db6049ee713ab56581f
I: MonitorObliviousTransfer::next
I: GeneratePublicKey::next
D:  sending message (size 0.000384 MB)
I: MonitorObliviousTransfer::next
I: SendPublicKey::next
I: MonitorObliviousTransfer::next
I: RecvEncryptedMessages::next
I: MonitorObliviousTransfer::next
I: DecryptChosenMessage::next
I: MonitorObliviousTransfer::next
I: ChooserDone::next
I: MonitorObliviousTransfer::next
I: MonitorObliviousTransfer::next
I: InitChooser::next
I: MonitorObliviousTransfer::next
I: RecvConstant::next
D: received message: e1314f0c36c02d036100a0617c2f0ed2e700f8a01418040da9c4a527a632dadbb2b4e41cb2b85becce2598b1a7bdb1bac40f88744e026245277522521dfd7831ee1ae92fc95bf249b8278dd912432075282af914f528e6a99c5838e76209b054c31c2d748dd64612eb8f9abe73b8621094df7978a4cae5aff85b565117688df70a464ec418eaa52942eb004163f4e74eb4942050f948e96d12a36cc2efb283605e8c9b3041a7905a23079bb46366b2f8e2e64b003ac60e63cf2019f53b961d8a
I: MonitorObliviousTransfer::next
I: GeneratePublicKey::next
D:  sending message (size 0.000384 MB)
I: MonitorObliviousTransfer::next
I: SendPublicKey::next
I: MonitorObliviousTransfer::next
I: RecvEncryptedMessages::next
I: MonitorObliviousTransfer::next
I: DecryptChosenMessage::next
I: MonitorObliviousTransfer::next
I: ChooserDone::next
I: MonitorObliviousTransfer::next
I: MonitorObliviousTransfer::next
I: InitChooser::next
I: MonitorObliviousTransfer::next
I: RecvConstant::next
D: received message: af7c90d1978e80abca0581fab929a083528ecaa657c57a42b8bba46aaacb2f1f7194f85b909c3f7f5d59074b1340bb8dbdf3eb535a94e209423de1ac67d0957a95f74ed29e609c61024b00de7f05b19dfef3c0b3446668683c5c6821f7feb3df6c538b3370b21f600a047354dd3c200bf221051f394226283d93441373642724bfd6ad977789ce1d93d705f936eface5e0804b67c9bd2b1f86d1a387cdf6602698dc315ac997e5c40b17ca41c61a037a7da5749d92653fecaa0699550cacb87d
I: MonitorObliviousTransfer::next
I: GeneratePublicKey::next
D:  sending message (size 0.000384 MB)
I: MonitorObliviousTransfer::next
I: SendPublicKey::next
I: MonitorObliviousTransfer::next
I: RecvEncryptedMessages::next
I: MonitorObliviousTransfer::next
I: DecryptChosenMessage::next
I: MonitorObliviousTransfer::next
I: ChooserDone::next
I: MonitorObliviousTransfer::next
I: MonitorObliviousTransfer::next
I: InitChooser::next
I: MonitorObliviousTransfer::next
I: RecvConstant::next
D: received message: 31d81252ffc41acb42c077ef985f8b4ff41fc4743f7d337ada6e71f0398dc9eb5723243a250b48cd92b2c8520f6db9c501b9d74d3903681c82704ea4d9e01c397760f337063a924732e8d171e23c67aa42ed09024f3c6fde26afd71f8c9f910e9c73830d20e8d0d217e59684f1d9c6a993a78c5314b5e4d70e7b905fb538a41a1497021fa0e75498073cae343e8a2649713ce17b3b59774b8931be268b3d47396c3f5d46fe858a2a48f1780b7569929af017406b39e3be1e11cb782cb15953d1
I: MonitorObliviousTransfer::next
I: GeneratePublicKey::next
D:  sending message (size 0.000384 MB)
I: MonitorObliviousTransfer::next
I: SendPublicKey::next
I: MonitorObliviousTransfer::next
I: RecvEncryptedMessages::next
I: MonitorObliviousTransfer::next
I: DecryptChosenMessage::next
I: MonitorObliviousTransfer::next
I: ChooserDone::next
I: MonitorObliviousTransfer::next
I: MonitorObliviousTransfer::next
I: InitChooser::next
I: MonitorObliviousTransfer::next
I: RecvConstant::next
D: received message: 247c9168fe2b46a2697ae321e9087f367c3cc771437d37bcf4171bb72d7d0c2fa60bb63d6263c31eade4f06f7ae051a0a055547e266bb8007f0e2995ff547e12bd417d6174505c92c475fc8ff6d55a47a22ff80c1f68ea95b88bb7faaefac979b2fda8684826f699e9494d48d5c3db80bf3633aa7393fd368842197d13798103b987110f38cacb126890ca7ddefac66133d136f0f72481e858162b4e0e6b66f99c898136cfc39a62dc4ec9816815a12a75ec37ce1db16fe44a575b4f9f4000c3
I: MonitorObliviousTransfer::next
I: GeneratePublicKey::next
D:  sending message (size 0.000384 MB)
I: MonitorObliviousTransfer::next
I: SendPublicKey::next
I: MonitorObliviousTransfer::next
I: RecvEncryptedMessages::next
I: MonitorObliviousTransfer::next
I: DecryptChosenMessage::next
I: MonitorObliviousTransfer::next
I: ChooserDone::next
I: MonitorObliviousTransfer::next
I: MonitorObliviousTransfer::next
I: InitChooser::next
I: MonitorObliviousTransfer::next
I: RecvConstant::next
D: received message: f798c4ded526af625807d469609e1552f6329ae231795f43a25bacd16da9870db786af1afc73c832a355cf55c0fb45d740f5e71f75b3196d592f0e60044eee765bab5a2f2771e13724ecbac7c684bf62847065f8f3f14680a74906c85aa543b0b5bff72f8d15ec46fb571143d16d0145e2604d27d286f768140a69c68eeefadaca4c45f97563ae8b29700d87fd912c0867d77ea26c0bf206c307665ba7789b1bc7b740314ced93e7ca276c35f810d07ebef6e1eeda0e599053fdbd2c563147f6
I: MonitorObliviousTransfer::next
I: GeneratePublicKey::next
D:  sending message (size 0.000384 MB)
I: MonitorObliviousTransfer::next
I: SendPublicKey::next
I: MonitorObliviousTransfer::next
I: RecvEncryptedMessages::next
I: MonitorObliviousTransfer::next
I: DecryptChosenMessage::next
I: MonitorObliviousTransfer::next
I: ChooserDone::next
I: MonitorObliviousTransfer::next
I: MonitorObliviousTransfer::next
I: InitChooser::next
I: MonitorObliviousTransfer::next
I: RecvConstant::next
D: received message: 66261e845ad81129320d5699a4ccb78862b9706fb3e2a2190710f279ec1a08c62f0c805bf9731131b1c5892f6daf9f63d20fe271a9911b9d07cfe9190fc4935fe8d192aa6e8070ac91724e318163d82c9ea6566e033edc57fb1e6b4e23e19e27e26c630e11d3806a2c002bd3c75dbe82e1c8c38ca5c82f77eb6ca21a905ca10e82be341e72b75554f1e1f15fe8ead49e0c2f4edfab47556e6740dc80e233d8ce594cf6732209fac92e3c34264876538f3860e4b635ba67fea08137cdf9140392
I: MonitorObliviousTransfer::next
I: GeneratePublicKey::next
D:  sending message (size 0.000384 MB)
I: MonitorObliviousTransfer::next
I: SendPublicKey::next
I: MonitorObliviousTransfer::next
I: RecvEncryptedMessages::next
I: MonitorObliviousTransfer::next
I: DecryptChosenMessage::next
I: MonitorObliviousTransfer::next
I: ChooserDone::next
I: MonitorObliviousTransfer::next
I: MonitorObliviousTransfer::next
I: InitChooser::next
I: MonitorObliviousTransfer::next
I: RecvConstant::next
D: received message: 6c51071f2d75e7081327b91567f126808c703ecaf15ce0994032d96c44552b10dc0539ed0a1e5d22b22a2acd17cffb253ec3aeef70d2adeea73f3f8c192a8fe5a5b468a2a977c138e7478ffa8c3bc9febb4018a0c87ce880b81eca51efc6f274eb5f355ddf6caa1d45175477c790dbf6a66ec50befe75f08a03d15ba82b50d267eaa2622c411a0f7a24882da280bcdb09ae29257e411f1bd0b71eab5ccd30f1f70a7ebab8a925a631ebe2903923b0395df4ddc6251ba52e2c88dc905f089837
I: MonitorObliviousTransfer::next
I: GeneratePublicKey::next
D:  sending message (size 0.000383 MB)
I: MonitorObliviousTransfer::next
I: SendPublicKey::next
I: MonitorObliviousTransfer::next
I: RecvEncryptedMessages::next
I: MonitorObliviousTransfer::next
I: DecryptChosenMessage::next
I: MonitorObliviousTransfer::next
I: ChooserDone::next
I: MonitorObliviousTransfer::next
I: MonitorObliviousTransfer::next
I: InitChooser::next
I: MonitorObliviousTransfer::next
I: RecvConstant::next
D: received message: c8cd9aa35ed3529d3c6950fd422e5f5f93a41a7b7fd09cb7df7c90865cc60d7946d9bd3dbdc27454570b1fffff20fc511f5da950b6387878481b4488e66d4435138cfb317e7c5f721627090dfca1e39144875a66cb8a53cac72a5d5752b94fdb31ce05be9892bf96fbcd858710b78a31296a38d36a0cba7dcb312e2ef3d6047a7b7fef23ab463f88e809a9cebf258e34ca910641f81b31eb0d951e8ec3af787cd69ceb522e631fbe907fdabb93d47a35eb2fb7a57992b089ae7035d25a7dcb15
I: MonitorObliviousTransfer::next
I: GeneratePublicKey::next
D:  sending message (size 0.000384 MB)
I: MonitorObliviousTransfer::next
I: SendPublicKey::next
I: MonitorObliviousTransfer::next
I: RecvEncryptedMessages::next
I: MonitorObliviousTransfer::next
I: DecryptChosenMessage::next
I: MonitorObliviousTransfer::next
I: ChooserDone::next
I: MonitorObliviousTransfer::next
I: MonitorObliviousTransfer::next
I: InitChooser::next
I: MonitorObliviousTransfer::next
I: RecvConstant::next
D: received message: 9af4ac769484a7b102ee1ed3d5d04456052abd5ec60c6906a42ac69f6fa4144eade65fdfa1e02803a8391336251fc5c23ddd17a55c8897502037bf72a5ad6b5c11e18e77e54c0fac331e5ed055e1a9a4b19aa591b1d3bfadade1d7176afa35efb65cdee723cac7683c1105f0ea201ce8b006fb28577f07ae5e0b4055a424fd11e4f99d630e61130870c221ada9d6f5818b9485c99f26b168aa135e468636026f6e65714a736b2265773ba4ad9729671f6ba1f271b8a6b91b91218dac6e0d3bf0
I: MonitorObliviousTransfer::next
I: GeneratePublicKey::next
D:  sending message (size 0.000384 MB)
I: MonitorObliviousTransfer::next
I: SendPublicKey::next
I: MonitorObliviousTransfer::next
I: RecvEncryptedMessages::next
I: MonitorObliviousTransfer::next
I: DecryptChosenMessage::next
I: MonitorObliviousTransfer::next
I: ChooserDone::next
I: MonitorObliviousTransfer::next
I: MonitorObliviousTransfer::next
I: InitChooser::next
I: MonitorObliviousTransfer::next
I: RecvConstant::next
D: received message: 46e42223d3804290acbd3aa25c073f1c565095e35bb22f4555ace2bc725ec608dfeb5b36be145d58f6ba1c513d0173493d6549a3b344e62cf11bf3d6ea08ef6a2ffae811042d097b909ad21615660123807edf4b4efe42838be888fb28616f98ba28fa13baad270a89e573318caec02409d4366d372a8d70aacf13f07d2d35f5f5397677872a1ded1a64bc51a0554e6fc465001ac7f427444d5c4c61c93448d0c03694349a5e221f8c53036e40660a0912209dc20b95fe1e4d4f411c26aa039c
I: MonitorObliviousTransfer::next
I: GeneratePublicKey::next
D:  sending message (size 0.000384 MB)
I: MonitorObliviousTransfer::next
I: SendPublicKey::next
I: MonitorObliviousTransfer::next
I: RecvEncryptedMessages::next
I: MonitorObliviousTransfer::next
I: DecryptChosenMessage::next
I: MonitorObliviousTransfer::next
I: ChooserDone::next
I: MonitorObliviousTransfer::next
I: MonitorObliviousTransfer::next
I: InitChooser::next
I: MonitorObliviousTransfer::next
I: RecvConstant::next
D: received message: 774bfb89595440010ccae7764180cd68bfd99cf122d4a3eefb1f7da2f77c83395d1012197879edf85c1ac308eac93001c242eb0328dd154249dcdc22c6246319b26c2eab6c012dbee72fc2b06073e9193018f41a4896e223176592933aa8e3254997d2e780d1e218b745c79a796aec36ff2304f10d137f0690879f3bf7bd0b11063f6bc719de2bfa23b3acb7c5eea1f25103bd170a8af0fc9d07da523c8f3201df143e03dea10fe98c82559eb5e6db41a7c01f3634068d49dfab26a96817523f
I: MonitorObliviousTransfer::next
I: GeneratePublicKey::next
D:  sending message (size 0.000384 MB)
I: MonitorObliviousTransfer::next
I: SendPublicKey::next
I: MonitorObliviousTransfer::next
I: RecvEncryptedMessages::next
I: MonitorObliviousTransfer::next
I: DecryptChosenMessage::next
I: MonitorObliviousTransfer::next
I: ChooserDone::next
I: MonitorObliviousTransfer::next
I: MonitorObliviousTransfer::next
I: InitChooser::next
I: MonitorObliviousTransfer::next
I: RecvConstant::next
D: received message: ec36159a50d24195e8089dabb783f5863fab912460fc193dcbf475a7691119d2977d7ca3e32b7df4412f3ef6b0cb95c80ba4f637dc2902b9e9b95f1496e60991ff2e579cdf99c0a0fa2862ccd6d99b43ddd20bce090c816f2e0c5f53290f03ec4aa4ae047cf9f30d328ee06b77db6b484b6333be39c62390cd8593426a94529bd467402aab973c739898e31c4559e074a73d901df52fe3438a253fd74ec285110e4ca588a93a5dc808e3979a75027bd238f9c2754637c585873645471473aacb
I: MonitorObliviousTransfer::next
I: GeneratePublicKey::next
D:  sending message (size 0.000384 MB)
I: MonitorObliviousTransfer::next
I: SendPublicKey::next
I: MonitorObliviousTransfer::next
I: RecvEncryptedMessages::next
I: MonitorObliviousTransfer::next
I: DecryptChosenMessage::next
I: MonitorObliviousTransfer::next
I: ChooserDone::next
I: MonitorObliviousTransfer::next
I: MonitorObliviousTransfer::next
I: InitChooser::next
I: MonitorObliviousTransfer::next
I: RecvConstant::next
D: received message: 74c865dc474a4ddc349ab51ba566a40ad1eb1afc6df8c3da379fa85c14b234cc94111d24f0cf7afe7f964a0fb1b0fbc9489e326842a2cd547d9e804797f7f572276b3d358893886ab4616c0d51fb3f37c4b48a2f2e49d43d0a57bc755e87b6db5e1438e3479a965f00ffb8a52e29f616f2bdc0682085d9240c7707518766f5a1ee524f839bebb19ebd506e8286bf0f10d60faa1683e71841968ec3a651f0d82339a421fff7f5eb3d5965108ed050b7ac432f4db7bdf069dcdead11c670726a49
I: MonitorObliviousTransfer::next
I: GeneratePublicKey::next
D:  sending message (size 0.000384 MB)
I: MonitorObliviousTransfer::next
I: SendPublicKey::next
I: MonitorObliviousTransfer::next
I: RecvEncryptedMessages::next
I: MonitorObliviousTransfer::next
I: DecryptChosenMessage::next
I: MonitorObliviousTransfer::next
I: ChooserDone::next
I: MonitorObliviousTransfer::next
I: MonitorObliviousTransfer::next
I: InitChooser::next
I: MonitorObliviousTransfer::next
I: RecvConstant::next
D: received message: 53111429e20cd4d91a48073777420fbaefa352eb0072bb88d127337510bcdcefbb634cc9b30946fc5d7054e78e237ad2fe697d08e6567d20f2c659806c8e53aeed8c06c2dae5564af82758138d99d5834b70f3a2aa8e122b549e78496fad867a59699c86572d267f5c69f86f715da28173d460fe1e63a0dcf12a6ccea501acca62c1e445283267bdcdd80e4ffb9e5384b6fdd7c0b97933637b60a618bddf0cf20cd1aa4be8eb151f29c05deedfc0d6b9e4ff07e30d1b70daf877b9e4a556ba58
I: MonitorObliviousTransfer::next
I: GeneratePublicKey::next
D:  sending message (size 0.000384 MB)
I: MonitorObliviousTransfer::next
I: SendPublicKey::next
I: MonitorObliviousTransfer::next
I: RecvEncryptedMessages::next
I: MonitorObliviousTransfer::next
I: DecryptChosenMessage::next
I: MonitorObliviousTransfer::next
I: ChooserDone::next
I: MonitorObliviousTransfer::next
I: MonitorObliviousTransfer::next
I: InitChooser::next
I: MonitorObliviousTransfer::next
I: RecvConstant::next
D: received message: 4668e4155fbb57a1e120f17dedc8cdb37b133aa5d2e418ce625f4fa11eddcad61c5ddd3c3d4199db0f368062b6a1cda62185a9d2c42ccdc14fac0cc9336725120518f1300e1ba1e1879ff41d92c9cdd2620806650407599f2e895f518de942e2863db95f2b163a8976f5bb8b5e86f51021faebb2dd5de5bafb445a3297c975a9ea2aa604236f2a42e0c54832e08200a7dbcf6fc094beaf9fd1da24d718c542a3bb670f3b839437eb02cd3eda811853041991048741b39bced2a70f29cad61fb
I: MonitorObliviousTransfer::next
I: GeneratePublicKey::next
D:  sending message (size 0.000384 MB)
I: MonitorObliviousTransfer::next
I: SendPublicKey::next
I: MonitorObliviousTransfer::next
I: RecvEncryptedMessages::next
I: MonitorObliviousTransfer::next
I: DecryptChosenMessage::next
I: MonitorObliviousTransfer::next
I: ChooserDone::next
I: MonitorObliviousTransfer::next
I: MonitorObliviousTransfer::next
I: InitChooser::next
I: MonitorObliviousTransfer::next
I: RecvConstant::next
D: received message: 5bf0653d88cf536f98aceac4be92174340501158296cc34d36ecc1c690cf58f078b94052b0a04112ff6baca48e26f69e8f0a506a12b0f425973babc87450029473ad70eda533a36f918786ded5e3cc714465bb409a6bac83504e8aed52998485b44361f14fd37e02cf8a66f90a487e1819664f07e53f45576120d4b04e3e5c8a8582fb38947417d66d83b58a7d95401818d192f0255c11c62201b734d47c80043e6ca6c88b815849326ee817f0b59afa6054bdadd38055c9abacfdab4174e278
I: MonitorObliviousTransfer::next
I: GeneratePublicKey::next
D:  sending message (size 0.000384 MB)
I: MonitorObliviousTransfer::next
I: SendPublicKey::next
I: MonitorObliviousTransfer::next
I: RecvEncryptedMessages::next
I: MonitorObliviousTransfer::next
I: DecryptChosenMessage::next
I: MonitorObliviousTransfer::next
I: ChooserDone::next
I: MonitorObliviousTransfer::next
I: MonitorObliviousTransfer::next
I: InitChooser::next
I: MonitorObliviousTransfer::next
I: RecvConstant::next
D: received message: b6d1fd59d5a1719252637d21028e3d5e0be36e283b08e7a66bb0d92348a3203239f1898bad3961c1931d74158f77d64482f4699756204ea9b2ee0a9b80c22c16b95594c56464f7d4688b1b93317526a0dc6032c8b4526cb0b0e761457e1345d8916daeff4f7f51f7e1200712480bab64284bd7248607d7755847627f49f57af154f1142b94e57a0aa967debbe89e62cf70812fc8d4b3f68cd996022f2d9a885566a5c48faded53b62af378b8e30fe154a882780f9b977e090802772f21953efb
I: MonitorObliviousTransfer::next
I: GeneratePublicKey::next
D:  sending message (size 0.000384 MB)
I: MonitorObliviousTransfer::next
I: SendPublicKey::next
I: MonitorObliviousTransfer::next
I: RecvEncryptedMessages::next
I: MonitorObliviousTransfer::next
I: DecryptChosenMessage::next
I: MonitorObliviousTransfer::next
I: ChooserDone::next
I: MonitorObliviousTransfer::next
I: MonitorObliviousTransfer::next
I: InitChooser::next
I: MonitorObliviousTransfer::next
I: RecvConstant::next
D: received message: daa00a9340fb83b668474ac5345b7b59e8b9cb626c4e4f1fe8324d6b970fb10ac026b212df87147881dcad76feb1799ab7236fec15ed1e87df16ed7b87e6e97fc5bfa5c7b4cf994353060900b27f111bc9e73a2a1edcb2db7e6f46aed075481a57b5acbbbe1c733156bd82d2bca6819b73998d8f1b5057f2ec733b16d12d934ac74e93e0cc3f5da1a90b93732970570eb4cb4f1144f2157c2f64d7c64453334aebaf126d4007a8a4cfb31967485655a22e8da1fa9dae49f7f68c7bf6fb9243af
I: MonitorObliviousTransfer::next
I: GeneratePublicKey::next
D:  sending message (size 0.000384 MB)
I: MonitorObliviousTransfer::next
I: SendPublicKey::next
I: MonitorObliviousTransfer::next
I: RecvEncryptedMessages::next
I: MonitorObliviousTransfer::next
I: DecryptChosenMessage::next
I: MonitorObliviousTransfer::next
I: ChooserDone::next
I: MonitorObliviousTransfer::next
I: MonitorObliviousTransfer::next
I: InitChooser::next
I: MonitorObliviousTransfer::next
I: RecvConstant::next
D: received message: a7ae5abda036837a9598084a0baa36e85609aed005cd34369406170e63b1dc18b706a310008eb1a46f692a185f5d92fcb0794cdfcff3f6eed281165db41ea840e3faa41a388b89ffd4db6413d4cb48586ae99fb09015c9a692c58e0149da17cfda31014e7656ff14454e9354f7226b2ad5f54e3df606fd95e3cea3b511cb4b2c5d8289a9e53ceca38f3568921a31564cfcbd47393eb4fe68eff28afa9ae704424fe50b9e85fc5c973b4652653eb6b4c00285488f6ab7f942a6735ace392d65fc
I: MonitorObliviousTransfer::next
I: GeneratePublicKey::next
D:  sending message (size 0.000383 MB)
I: MonitorObliviousTransfer::next
I: SendPublicKey::next
I: MonitorObliviousTransfer::next
I: RecvEncryptedMessages::next
I: MonitorObliviousTransfer::next
I: DecryptChosenMessage::next
I: MonitorObliviousTransfer::next
I: ChooserDone::next
I: MonitorObliviousTransfer::next
I: MonitorObliviousTransfer::next
I: InitChooser::next
I: MonitorObliviousTransfer::next
I: RecvConstant::next
D: received message: 1c43ac447bbd192291535e65e1c458084b3a727796986c5e36e48c4b181cf28f01f5275853be3af8b346cf7515d34c8dd590b4da41fd442c5c607b9c22c8e6ee1327669439097f6809de78142bc27cbd9111b96b44963a89c861b8d3655756a34be8d574a19c6da03ac8454cec97bec8b75327c25ab8fff51cd2a9c9e1d8748886b00765a8f14eeec745408cedc09904e9d38d7168a45be6105b9bdd79e5c25dc827d9189772e726baf22634eff4c3941bd05d8ac4a4f786f7e3276a15d78daa
I: MonitorObliviousTransfer::next
I: GeneratePublicKey::next
D:  sending message (size 0.000384 MB)
I: MonitorObliviousTransfer::next
I: SendPublicKey::next
I: MonitorObliviousTransfer::next
I: RecvEncryptedMessages::next
I: MonitorObliviousTransfer::next
I: DecryptChosenMessage::next
I: MonitorObliviousTransfer::next
I: ChooserDone::next
I: MonitorObliviousTransfer::next
I: MonitorObliviousTransfer::next
I: InitChooser::next
I: MonitorObliviousTransfer::next
I: RecvConstant::next
D: received message: c634e91f3279906da49ceb34bbbd9394c1f6ec05320e4ea45189af07b18c8036974b41bdac7871cd7efb80531deebb4423bdcc0ac36fb699caa14d79372ff297a5ef96a788c299f7527751a258174e004f7d98e47cdf06afa23d732d195303c0851e5c89da5e4637250b26456a26e90cdffe83df3508b71581b23b2e7340224656d79851d2f5e0a37940882ab9553a9a4069bad4ff0f31cad8766ed2bb400a55cc7be73452e391f6945ba939ff0d0ab4aeaee7f6cc0be8a11244b2027bac02f4
I: MonitorObliviousTransfer::next
I: GeneratePublicKey::next
D:  sending message (size 0.000384 MB)
I: MonitorObliviousTransfer::next
I: SendPublicKey::next
I: MonitorObliviousTransfer::next
I: RecvEncryptedMessages::next
I: MonitorObliviousTransfer::next
I: DecryptChosenMessage::next
I: MonitorObliviousTransfer::next
I: ChooserDone::next
I: MonitorObliviousTransfer::next
I: MonitorObliviousTransfer::next
I: InitChooser::next
I: MonitorObliviousTransfer::next
I: RecvConstant::next
D: received message: 5e7fd575e17034064e897ce4b7be4b1f257e64cb38a9c4841d2005391fb6a9fffb3ffaee5ba517a6a267e6d84f19ba08ac023bfe867ad9b948674c6836245852dbd8e3dd08d7ed2afdb93356a25c19ecb85d306f92c75854cec97e2d6b0a1258bd3e47495272e124a077f56857f2c8938a0d42b1b625125945a0094e742c6df4b6452e587935d682f4f646dc4be859795a0f9a3c4a5004d57850fb83e382cfa44fdac7559541f949305126271daa801b9ef997d8b2e0a99841e5f23325e726fd
I: MonitorObliviousTransfer::next
I: GeneratePublicKey::next
D:  sending message (size 0.000384 MB)
I: MonitorObliviousTransfer::next
I: SendPublicKey::next
I: MonitorObliviousTransfer::next
I: RecvEncryptedMessages::next
I: MonitorObliviousTransfer::next
I: DecryptChosenMessage::next
I: MonitorObliviousTransfer::next
I: ChooserDone::next
I: MonitorObliviousTransfer::next
I: MonitorObliviousTransfer::next
I: InitChooser::next
I: MonitorObliviousTransfer::next
I: RecvConstant::next
D: received message: 863569836c16479e6d0ac385c418e47dc7bc379e5c21676edd2640566915d536c16c445471cfd62526d7a4cc740336b23f86de8eda6d85e7cb25bfb3add12e51828ced38dc5bb6d2b577053833150d0b058d64f13016f56618b12083cb9615ac648fa5022bf5f3e4756877269c797ab15e55390d013f72214f50c272f925d57660e69a34e8be45a5121d447bf63678edf4a0b2c50ae0ce18fbf99e60be131037546e5a264d2eae74e64b4fa76b9213132d2cff98d2eeb13e087150d7b5532b1a
I: MonitorObliviousTransfer::next
I: GeneratePublicKey::next
D:  sending message (size 0.000384 MB)
I: MonitorObliviousTransfer::next
I: SendPublicKey::next
I: MonitorObliviousTransfer::next
I: RecvEncryptedMessages::next
I: MonitorObliviousTransfer::next
I: DecryptChosenMessage::next
I: MonitorObliviousTransfer::next
I: ChooserDone::next
I: MonitorObliviousTransfer::next
I: MonitorObliviousTransfer::next
I: InitChooser::next
I: MonitorObliviousTransfer::next
I: RecvConstant::next
D: received message: 72be1c10aa3b9a58a09d7720e7cefdd7209ae2ee1b7b2f97e58a8054588126870089f120c710cb1f2a1964a023e27ac0c8307d4cbe7c1f478ed58b7cd3147379132b6e49340755c556a1605cd61421a5a7e4fd8733b833edfac694588b41478c8cdec0a3e7c6f98b462a8cca5bf628b14d7b5a49cfce1ee6870d18d4a05504b0ac8231c44152280380cf71c9241bb7c2014ca476e9de92c7928a274f1de502584c6532a17f51f915c389c4c75333f3e93ff84427cd118d5389ba33e4a82bfb72
I: MonitorObliviousTransfer::next
I: GeneratePublicKey::next
D:  sending message (size 0.000384 MB)
I: MonitorObliviousTransfer::next
I: SendPublicKey::next
I: MonitorObliviousTransfer::next
I: RecvEncryptedMessages::next
I: MonitorObliviousTransfer::next
I: DecryptChosenMessage::next
I: MonitorObliviousTransfer::next
I: ChooserDone::next
I: MonitorObliviousTransfer::next
I: MonitorObliviousTransfer::next
I: InitChooser::next
I: MonitorObliviousTransfer::next
I: RecvConstant::next
D: received message: 487c893e0636bfeab4458da64ca587030bc9ed11beb074569d3bfd69dee05e7d65f7b7a4892e90672714e69068d1efb4267a16fdee725de73ff2a6f711986480aef8aa6a579580ffef6d31cc8426e1f30ac74d238b8ab0d590893669b8ddc82a2ec86d0f3cadd184ff96c50c50a7471e505544ad5f4cd6060843bdba968c742499a70af7720419b46c220a254910d4184c4ec95da875935157d2bfd9eee546eb8f5e1512cbf7156ac4d36960acd1e2cb2e7a1216b26cc75662b0108b9508f7f9
I: MonitorObliviousTransfer::next
I: GeneratePublicKey::next
D:  sending message (size 0.000384 MB)
I: MonitorObliviousTransfer::next
I: SendPublicKey::next
I: MonitorObliviousTransfer::next
I: RecvEncryptedMessages::next
I: MonitorObliviousTransfer::next
I: DecryptChosenMessage::next
I: MonitorObliviousTransfer::next
I: ChooserDone::next
I: MonitorObliviousTransfer::next
I: MonitorObliviousTransfer::next
I: InitChooser::next
I: MonitorObliviousTransfer::next
I: RecvConstant::next
D: received message: 73823e1c98c2524210bacfb5a50f78194d734b7120626c30d7e698c475b66b23df3ff545e2e0b3f62f11692f270990bd063d5d8ffd4da081ac35fead2df5766069c978ccf02cfee06a7c7589563872f0db8193a1059fe65a83873461363995635e7467394f5b86fa08245df6fa6912d902596afdc5fcf12cfeb2960f937fc7f41b7fa3ef246382f54b791a10ba6848b83c3d398ef2ec62e9b32230621c80d035fa96c75cdbcfcfd5082a89d344a2fb7b340019e8acb301afa0f0e3e93c093f44
I: MonitorObliviousTransfer::next
I: GeneratePublicKey::next
D:  sending message (size 0.000384 MB)
I: MonitorObliviousTransfer::next
I: SendPublicKey::next
I: MonitorObliviousTransfer::next
I: RecvEncryptedMessages::next
I: MonitorObliviousTransfer::next
I: DecryptChosenMessage::next
I: MonitorObliviousTransfer::next
I: ChooserDone::next
I: MonitorObliviousTransfer::next
I: MonitorObliviousTransfer::next
I: InitChooser::next
I: MonitorObliviousTransfer::next
I: RecvConstant::next
D: received message: c550376a8b9d3a2de826514b98c214a9fab43b6eaa9d21bd7846310d50dd7a2f73d0db356e4f13c94f2b98aa5a9717a4cc74d202ababfc62b2d495fb2fa2847f3d81500fe3dd387efe0cba75828f1fd26fdaf86d59d3d72fd3274ceb71237047104a9e68fa2e3e4b1dcce1e2f7019a1246c570bdfe850c20693802aff7e45ddd560417ea018756f281b204bb0dc242fc0b8cb85af75b386e6afef23d891ce08094d3af31dcf7d26f480de79bae3940ca82a56b19752ae9d3b942743d35564d99
I: MonitorObliviousTransfer::next
I: GeneratePublicKey::next
D:  sending message (size 0.000384 MB)
I: MonitorObliviousTransfer::next
I: SendPublicKey::next
I: MonitorObliviousTransfer::next
I: RecvEncryptedMessages::next
I: MonitorObliviousTransfer::next
I: DecryptChosenMessage::next
I: MonitorObliviousTransfer::next
I: ChooserDone::next
I: MonitorObliviousTransfer::next
I: MonitorObliviousTransfer::next
I: InitChooser::next
I: MonitorObliviousTransfer::next
I: RecvConstant::next
D: received message: c2b3ad2b6ec6da466ac43e06bc41511c4fb9ecb713d5a55694c915574e3ecd91b5618d64a863953fbef30b254eec94bc634ae81c585fe06249c08de66a285b8ed1218ea0efe885c6d6be5ecb43be2d4d4e5dfb1f2f0cce024ee2af34b1757bd7a60582f606d6b6cec9921d6714cf142b58a1f5a8cfbd8e2113e4f59513d8223bb5a95430dcbeedbbde69e8f94415765e2e21dea923f9f298f6a3157b2810f2aa9691bc9cb850f6f9d3a19b7683c0b667fb19f9469b14bcc6907d0d6b8a9ab811
I: MonitorObliviousTransfer::next
I: GeneratePublicKey::next
D:  sending message (size 0.000384 MB)
I: MonitorObliviousTransfer::next
I: SendPublicKey::next
I: MonitorObliviousTransfer::next
I: RecvEncryptedMessages::next
I: MonitorObliviousTransfer::next
I: DecryptChosenMessage::next
I: MonitorObliviousTransfer::next
I: ChooserDone::next
I: MonitorObliviousTransfer::next
I: MonitorObliviousTransfer::next
I: InitChooser::next
I: MonitorObliviousTransfer::next
I: RecvConstant::next
D: received message: acd3f2fdd3b9276babc430799eaaa0618c2a1a449bda5bc5de625226941cd5d94712282182d8da17c0f506ebec6e08c2d7db614add1dc9cfb0d58bf6049bfa75cb9dbe82e1172d1d81066a4720527bc2d356d41d9c1f3fa7eee1e8a6cd10f3c8558774dc6ee15c80da8763fee63af86d3c8d0daf1f23ad24ca31b92325451625b28ca19cd2de25acdccabe72dd0c5e4e12e7e3d03bf7cbb4b0d2a94b857b6e1f217818f3e427e0022e6cd9286599567eac985067c8edff04c21e8483ba420e3d
I: MonitorObliviousTransfer::next
I: GeneratePublicKey::next
D:  sending message (size 0.000384 MB)
I: MonitorObliviousTransfer::next
I: SendPublicKey::next
I: MonitorObliviousTransfer::next
I: RecvEncryptedMessages::next
I: MonitorObliviousTransfer::next
I: DecryptChosenMessage::next
I: MonitorObliviousTransfer::next
I: ChooserDone::next
I: MonitorObliviousTransfer::next
I: MonitorObliviousTransfer::next
I: InitChooser::next
I: MonitorObliviousTransfer::next
I: RecvConstant::next
D: received message: abc4b6ba8d309d68aef7866a2f094e2c9cdc29ea2807ba9889b9e39b8a3ea60ddaf09164f8d9aa3b157abb02877cfa32f786245c87bb2d378789502e25ddcabda1e38890364e883d828503aacc372cefd5d0f7eb91b2705fbd399cb39da122e25adb59f1c8760c12ab743af922d4eecb20bb979d47e46d91ff1be17ba9def48db5815076698ed32995451530d3d4bee43805eaef6ae1fd12e452b4ce2c4b5fc181b9d227e819cae30eb983f154d2e8d6c5cdc003a7dd15a995e4daf037afbe14
I: MonitorObliviousTransfer::next
I: GeneratePublicKey::next
D:  sending message (size 0.000384 MB)
I: MonitorObliviousTransfer::next
I: SendPublicKey::next
I: MonitorObliviousTransfer::next
I: RecvEncryptedMessages::next
I: MonitorObliviousTransfer::next
I: DecryptChosenMessage::next
I: MonitorObliviousTransfer::next
I: ChooserDone::next
I: MonitorObliviousTransfer::next
I: MonitorObliviousTransfer::next
I: InitChooser::next
I: MonitorObliviousTransfer::next
I: RecvConstant::next
D: received message: 29fc8f1d2b4f23a35bbf3be3ef50cd27aca26c63a25572dcf62cc5630288c350f2d2602e5a047a598aa89e7bbd568cf3aaf1008440037a1a85c455aad9fd18e9a2239e8a002a7d3499b413093f14bea910c3285007f00f6db086b84e253e77d5c1d1016c1ca74ed6724a28af557a3748738162bda5795242d199d68fbbbaaff6b6714a7cb38a407b2901ef09c0962c84398f141ce45487585ad9f7df9d10b8a8ddce2bb277019ccd75664e54d8be6b8c8ee67c12edabc75536ab45517e9eb099
I: MonitorObliviousTransfer::next
I: GeneratePublicKey::next
D:  sending message (size 0.000384 MB)
I: MonitorObliviousTransfer::next
I: SendPublicKey::next
I: MonitorObliviousTransfer::next
I: RecvEncryptedMessages::next
I: MonitorObliviousTransfer::next
I: DecryptChosenMessage::next
I: MonitorObliviousTransfer::next
I: ChooserDone::next
I: MonitorObliviousTransfer::next
I: MonitorObliviousTransfer::next
I: InitChooser::next
I: MonitorObliviousTransfer::next
I: RecvConstant::next
D: received message: 2b42a545be6ff3d0d399aa03651dc75b42c56c427b2b04747d503c887d6e2ab1c954e2b6d40a2160716633866537080f7f7558737132abeda6e93fbdd31ba1695b0a70afb10aa88214f9ddd761d089d4eb112f81073c784f5c5baa349cbf7686f04d7b8b27f376298069d97dcd87880d560d6ca7d4cf359d4de445d4290de1ed6a2f671e4c83aa67e4cacd399f6ac5cda53a1ebd6eaff66e1f658e37630ef4b984d0e72b0c6ce0181294dd7b5e756984e61c61e651b6856e69f724757c073b89
I: MonitorObliviousTransfer::next
I: GeneratePublicKey::next
D:  sending message (size 0.000383 MB)
I: MonitorObliviousTransfer::next
I: SendPublicKey::next
I: MonitorObliviousTransfer::next
I: RecvEncryptedMessages::next
I: MonitorObliviousTransfer::next
I: DecryptChosenMessage::next
I: MonitorObliviousTransfer::next
I: ChooserDone::next
I: MonitorObliviousTransfer::next
I: MonitorObliviousTransfer::next
I: InitChooser::next
I: MonitorObliviousTransfer::next
I: RecvConstant::next
D: received message: 811b3b1f5b28c757090b92ec884536aa96052830ff21e754547025b2fa06e7dbaa99da6f8e55ceb0f5131ea448a0212724a55c9da89d45b020e83ae41d0a49337e866e189c81672f5b67108233caa1f862592c7656e66a7f0d0c6cdd7cb8c2ceb6fe410efdfbaad79985bd0c8445cf420e963087d6d6132f68d1b5ab03b30528c2f3493a271e470b972699195515b4cbaf09779357be61b0b6e4b66a002b26349041913f88e451d2ac9d0398caad86326d85d662e44062ee82dacf120aa05df3
I: MonitorObliviousTransfer::next
I: GeneratePublicKey::next
D:  sending message (size 0.000384 MB)
I: MonitorObliviousTransfer::next
I: SendPublicKey::next
I: MonitorObliviousTransfer::next
I: RecvEncryptedMessages::next
I: MonitorObliviousTransfer::next
I: DecryptChosenMessage::next
I: MonitorObliviousTransfer::next
I: ChooserDone::next
I: MonitorObliviousTransfer::next
I: MonitorObliviousTransfer::next
I: InitChooser::next
I: MonitorObliviousTransfer::next
I: RecvConstant::next
D: received message: d551baca0223bed67aba0eb86fcbf11787ded1baef8e5f666828efd670f6fba9c149f39d142e3260075955553afa3bd08357e7350cb74e4d99724b00339584ea1d3f04bceadce77400fa8c3cca4d54144c95d8916cfac36676c42de275c98fe35ffccc48111e9cbe55ae5a6a751ff38037a4b27da6eef34acd1960a6e097c134e1045c23cfa6a6a8d896969558fee62c1886c9799e9d2b0cdfa172b4baf5d1001b14a113ec7e6429cb28c0115ef96bda839e7a8f3df857b49b82c49c7509a3d2
I: MonitorObliviousTransfer::next
I: GeneratePublicKey::next
D:  sending message (size 0.000384 MB)
I: MonitorObliviousTransfer::next
I: SendPublicKey::next
I: MonitorObliviousTransfer::next
I: RecvEncryptedMessages::next
I: MonitorObliviousTransfer::next
I: DecryptChosenMessage::next
I: MonitorObliviousTransfer::next
I: ChooserDone::next
I: MonitorObliviousTransfer::next
I: MonitorObliviousTransfer::next
I: InitChooser::next
I: MonitorObliviousTransfer::next
I: RecvConstant::next
D: received message: 1574c9f4bf3f3670fd406a73067fcbc7a4ce136d0ffed64d0738d35b79ab95c32f03ae487f5237ce5f0c98d04690a5ed30231f2569a0d2c62b64cb3d232dcddd857ec5cea40467e70b6b15214d3f619e667cd6d52ce6a12c0a4677c7cf19b5a69908759e93461eecd0b9c98160edd2098d8a5554ca13d09cfdb8d5b07ebeee31d69ae836093e877cb8a921c9294d7886a7cd55ec83e16f703fa43bbf3c13fa70c59f907f5e0f5c481044bbb2a2d994d85a3b4256171610bfb9fbcaf77a61c837
I: MonitorObliviousTransfer::next
I: GeneratePublicKey::next
D:  sending message (size 0.000384 MB)
I: MonitorObliviousTransfer::next
I: SendPublicKey::next
I: MonitorObliviousTransfer::next
I: RecvEncryptedMessages::next
I: MonitorObliviousTransfer::next
I: DecryptChosenMessage::next
I: MonitorObliviousTransfer::next
I: ChooserDone::next
I: MonitorObliviousTransfer::next
I: MonitorObliviousTransfer::next
I: InitChooser::next
I: MonitorObliviousTransfer::next
I: RecvConstant::next
D: received message: 198822760a2effa7af5d53a4de3f25140b279f138779dc28bb15bed1e64664579ebc5470dd39d855c06189172583599488f717afd97f23d09d2e2a3a90e7fd53bbea8803fe32d81a35d053c94ef227314fdcdbb98073cd7dcb6d7043300ce686387487b0ff8bdb018a71cf11f84e93809859dc1e7e9dafd87a37af3cae41b3f5486a276953d314975c52fa244e78930d24c7994e70da914ee3e4ef6f5797d0296a1edceb81a6ffb333b08ede50542dac8d492f86113469dfb9e33da24e16bec6
I: MonitorObliviousTransfer::next
I: GeneratePublicKey::next
D:  sending message (size 0.000384 MB)
I: MonitorObliviousTransfer::next
I: SendPublicKey::next
I: MonitorObliviousTransfer::next
I: RecvEncryptedMessages::next
I: MonitorObliviousTransfer::next
I: DecryptChosenMessage::next
I: MonitorObliviousTransfer::next
I: ChooserDone::next
I: MonitorObliviousTransfer::next
I: MonitorObliviousTransfer::next
I: InitChooser::next
I: MonitorObliviousTransfer::next
I: RecvConstant::next
D: received message: 4598ebf9f509c3e1826a7bb7d5919dfdc463ca13346d328a9d22e613439202b2a7d300af5481e0fd85efe511b1d7ad85c713fb788805e2b848d1eda2b0e1e395963b7a2fa5078259a6b4e67e6d2326073130000eeb3b94ef5a85b6c8b995e3bc0bcd2302bd718cb4a9d0b033b530a589137d0d38116a40cda05568b9a2f0c586152f692e6b624d8dd6f7ee6bbae1888fdb263a180472f7a36ba2d783a1a762383a5aef226fd25a2bc81823286706aab1daa81ac0883b7466928ddb387f758b2c
I: MonitorObliviousTransfer::next
I: GeneratePublicKey::next
D:  sending message (size 0.000384 MB)
I: MonitorObliviousTransfer::next
I: SendPublicKey::next
I: MonitorObliviousTransfer::next
I: RecvEncryptedMessages::next
I: MonitorObliviousTransfer::next
I: DecryptChosenMessage::next
I: MonitorObliviousTransfer::next
I: ChooserDone::next
I: MonitorObliviousTransfer::next
I: MonitorObliviousTransfer::next
I: InitChooser::next
I: MonitorObliviousTransfer::next
I: RecvConstant::next
D: received message: 8d1a5ffe63e105db1d9b1f3e27295db35eb36ab641ea354e896a9298238d0478e4bf4406b33a7d13dbc86608768998707f613a6a46af06c23c825e4ec346b16d0d9f6a608c1e5bb60c8a702ffec9e01d12d611d8c52c8a9556218143b9c5bfc13ca888476afa655b1b8208f88026066e823415515cd2a16d6df93d26b8f9e90d0fa2eedc3cd4155f0a1067c818bc001e05c2ca047851dd374dbf68e1bcb3fb811c3101f02406599805d78e5ffad6916934cc72549d1e36f3b93ae0ef6b980da4
I: MonitorObliviousTransfer::next
I: GeneratePublicKey::next
D:  sending message (size 0.000384 MB)
I: MonitorObliviousTransfer::next
I: SendPublicKey::next
I: MonitorObliviousTransfer::next
I: RecvEncryptedMessages::next
I: MonitorObliviousTransfer::next
I: DecryptChosenMessage::next
I: MonitorObliviousTransfer::next
I: ChooserDone::next
I: MonitorObliviousTransfer::next
I: MonitorObliviousTransfer::next
I: InitChooser::next
I: MonitorObliviousTransfer::next
I: RecvConstant::next
D: received message: 108b9e4c352a708d4c93599d72d09b385afd41ce1c019918b97fb0db7ee6fde7a6d4be56d49ed5180e3469459ca684c86b52bdeb43a228f8adced811bad59ee0b3e5249879db5a1c2499891e891bf9982a36f89da015a1fda43dd1b46bf39dce863d962ddc866e14855445e16cd103bce96e750a8ffd43f590a21769d6de91630ed5ce126a2536e8899b5ae90d9e3c55fe184166e88e19552875b418efaf282302392cf3efbadd5ca67e8c61559487c6037561da7a3f58c04ad7d2a61246efe5
I: MonitorObliviousTransfer::next
I: GeneratePublicKey::next
D:  sending message (size 0.000384 MB)
I: MonitorObliviousTransfer::next
I: SendPublicKey::next
I: MonitorObliviousTransfer::next
I: RecvEncryptedMessages::next
I: MonitorObliviousTransfer::next
I: DecryptChosenMessage::next
I: MonitorObliviousTransfer::next
I: ChooserDone::next
I: MonitorObliviousTransfer::next
I: MonitorObliviousTransfer::next
I: InitChooser::next
I: MonitorObliviousTransfer::next
I: RecvConstant::next
D: received message: 96ded73b04dd4de171e1ca843829039f221fcc56b838687f787f728f04ac0d8f614d267c7b1487e8dcfa373c584b14923308f2a6999231238564b2924c58f4fae0c6e8bc823e11abf459913883e41927e24efbf50f5cb00317e510bf91589eef46013b9e1a3ee3400878ae60764f5477d991a434dc7a384a933a414f2da2cc63a1f58d6355c59b50183613f671e5911e9963b81db2e8cb3ddd245acdaae9d5f7bf863810471901224c6a4bff4aee5668b364adce20e87f6e51aec1bdb9dee4c7
I: MonitorObliviousTransfer::next
I: GeneratePublicKey::next
D:  sending message (size 0.000384 MB)
I: MonitorObliviousTransfer::next
I: SendPublicKey::next
I: MonitorObliviousTransfer::next
I: RecvEncryptedMessages::next
I: MonitorObliviousTransfer::next
I: DecryptChosenMessage::next
I: MonitorObliviousTransfer::next
I: ChooserDone::next
I: MonitorObliviousTransfer::next
I: MonitorObliviousTransfer::next
I: InitChooser::next
I: MonitorObliviousTransfer::next
I: RecvConstant::next
D: received message: ee023377005a629da4243362a7a5f05189fcdbbecdf6fd43e0b95d9a5bc270c129e17f7c7365cea6f233bbaacf3ba9cf66a6d78c46cb7038f95c7d7003e0ecb0e6e620b04b4daf1dda38d011cbc79b09001269ab2432a77f1668b84fa7ab11ec4504a982a86e06b1f6e0684e1f83faff3857563a3720d04b38fc2a69a25d08a215c490f32ec9b1172976ae7c378b8dd6819b89f30032988816d2be544d86c06c3c1f63d274b1b35ece266131de9536940e91bc8ba0c63459e86291e8f648ab60
I: MonitorObliviousTransfer::next
I: GeneratePublicKey::next
D:  sending message (size 0.000384 MB)
I: MonitorObliviousTransfer::next
I: SendPublicKey::next
I: MonitorObliviousTransfer::next
I: RecvEncryptedMessages::next
I: MonitorObliviousTransfer::next
I: DecryptChosenMessage::next
I: MonitorObliviousTransfer::next
I: ChooserDone::next
I: MonitorObliviousTransfer::next
I: MonitorObliviousTransfer::next
I: InitChooser::next
I: MonitorObliviousTransfer::next
I: RecvConstant::next
D: received message: 8d3c4abd865957deee67661a6bb6e0d197e5b558e0c755133fb40360ffe9c1b39a586384eeebef06b5df7dc6706d7bbab20468741fe3e3b5e688c34b60dc15c21f006d8f08bad956e3c396608d6de1d70907e221c461dc27272eb7d548e74a3961990fc57d29eef96c31b7268dcc82f66370555232cadf0c335c3c804527bb9641eae02567bde2536caebba2900933abbcaa6a5c3b7fb9f64edc30df786fc80a33866671241e3c9d4251f20471b9003c62ec14da33f9ce33ab0ae946a303864e
I: MonitorObliviousTransfer::next
I: GeneratePublicKey::next
D:  sending message (size 0.000384 MB)
I: MonitorObliviousTransfer::next
I: SendPublicKey::next
I: MonitorObliviousTransfer::next
I: RecvEncryptedMessages::next
I: MonitorObliviousTransfer::next
I: DecryptChosenMessage::next
I: MonitorObliviousTransfer::next
I: ChooserDone::next
I: MonitorObliviousTransfer::next
I: MonitorObliviousTransfer::next
I: InitChooser::next
I: MonitorObliviousTransfer::next
I: RecvConstant::next
D: received message: f2fffa7f4db4b8e7762f7f01d6f367da50b9c258b287aec98395e6f9ab48d215bf2f4d428bc3f41eec96999995717904b26b62da87538d0a5657db9d6986df9883b030828bc0d1e0e63e56dea88f5a49c6c88e56d65d6ce127c12e73f1d3e9d8ed31cb67df60fc1bb35f00ab57e9b564b45a42c8d363b1fc0733f57ed78c7fc6714d3821bd92d87eae9588141d1cc6bf72ada04e8f76ea8684779b05b5b67fe8affcdac61708bd672e7ff57f48ff83360cd00109a7251eca140898832376776b
I: MonitorObliviousTransfer::next
I: GeneratePublicKey::next
D:  sending message (size 0.000384 MB)
I: MonitorObliviousTransfer::next
I: SendPublicKey::next
I: MonitorObliviousTransfer::next
I: RecvEncryptedMessages::next
I: MonitorObliviousTransfer::next
I: DecryptChosenMessage::next
I: MonitorObliviousTransfer::next
I: ChooserDone::next
I: MonitorObliviousTransfer::next
I: MonitorObliviousTransfer::next
I: InitChooser::next
I: MonitorObliviousTransfer::next
I: RecvConstant::next
D: received message: 7312ed15a0b50ef3f85b62c2cf0734f0fddc340ed880ca0711995ef05960a0c1047c95e008f2c0fa93fb9db6291ae97a88a53d7d092ba3302ffa3ca4708e56f5c342510ea2dd9cc07fa59640df8d553cd1470ece0e685bb29945547be20b4ff6208aab839e3234a189ad0529f1d4090a9add85e7b50acec802c6314e54fb493a210ed34c37c65e6d5423bfd5b1922f6d8184cf5979abf6e35a4bfe4b2276b57cbaf5eb370836c8f28503a8a37d81c7da48914b6f735c62d689826072bcfc2995
I: MonitorObliviousTransfer::next
I: GeneratePublicKey::next
D:  sending message (size 0.000384 MB)
I: MonitorObliviousTransfer::next
I: SendPublicKey::next
I: MonitorObliviousTransfer::next
I: RecvEncryptedMessages::next
I: MonitorObliviousTransfer::next
I: DecryptChosenMessage::next
I: MonitorObliviousTransfer::next
I: ChooserDone::next
I: MonitorObliviousTransfer::next
I: MonitorObliviousTransfer::next
I: InitChooser::next
I: MonitorObliviousTransfer::next
I: RecvConstant::next
D: received message: 25e325dc9d804a153edc023e06dbd9682e9335c1b5eeb1e920428dbcd3a305d6eb883e74c8eedd2d5cb03048629c73ab64b013bbfccdb810b5fa120cc0485a6310bba664f581d189381a7a1f93c117158becc7ce91277cd24114d547ef61fb33c48694c44338121e4cf754df1a418f1a020b9a372961f1c433a2201b46dd18112db1af7b2cc119128ab5cb4b1ad5713fa0075e7be41adbff35c28aac2a4cd5bb4b62b8f439867712b027b786a1a4c8b7455147767d7578cf31005d4ca6cf2d86
I: MonitorObliviousTransfer::next
I: GeneratePublicKey::next
D:  sending message (size 0.000384 MB)
I: MonitorObliviousTransfer::next
I: SendPublicKey::next
I: MonitorObliviousTransfer::next
I: RecvEncryptedMessages::next
I: MonitorObliviousTransfer::next
I: DecryptChosenMessage::next
I: MonitorObliviousTransfer::next
I: ChooserDone::next
I: MonitorObliviousTransfer::next
I: MonitorObliviousTransfer::next
I: InitChooser::next
I: MonitorObliviousTransfer::next
I: RecvConstant::next
D: received message: 7ad55a3b82ee6fce2d4436683c80c37b2c557b4c299426b7979d43c20b7c4092bb87792eec800d29ef9f01a5502570b60881eb393600965c4e6e7b9e8785c9e621cf3f24ef69b779e8d3362a6f531f832a43aa237eeb8826fd17d4281013097f23ca126b0627c009133001756952a168587d52ce13728fbeb13387850cbd451b90fab21d2e7caf9bcc5da80829efad8daeb94b59c2f190f002dd3321d4cc7e5c97451a9ea02a0e1a30a09f8d4b4cc7dfcd7e9b64082bfcb9826eef602744c61b
I: MonitorObliviousTransfer::next
I: GeneratePublicKey::next
D:  sending message (size 0.000384 MB)
I: MonitorObliviousTransfer::next
I: SendPublicKey::next
I: MonitorObliviousTransfer::next
I: RecvEncryptedMessages::next
I: MonitorObliviousTransfer::next
I: DecryptChosenMessage::next
I: MonitorObliviousTransfer::next
I: ChooserDone::next
I: MonitorObliviousTransfer::next
I: MonitorObliviousTransfer::next
I: InitChooser::next
I: MonitorObliviousTransfer::next
I: RecvConstant::next
D: received message: 8d1dc9922ac4b2513ebe79bc3bae3f434c38f64597c9254343f01c3e237b2cb5186bbc7138fd9b0d269b69b649a0d5ff660c3c6fd16cfed3832dffc9a3725dddc298f04d5b7e9de7da81fd4f6fc5dc224048260636808cc2c570ac021e4354c1ab01f6f892d7e37b6ffca18272716956cf5620652ef5a9d5db968e51f58c13e94ef11c8a5fe63b9e7fb42bb61d8cb328fa929540552aaf4decf5f097b4d866af6d69b22ba6d313f46b063765c6127b07d3581aa9e887380c7a57f64473820e0a
I: MonitorObliviousTransfer::next
I: GeneratePublicKey::next
D:  sending message (size 0.000384 MB)
I: MonitorObliviousTransfer::next
I: SendPublicKey::next
I: MonitorObliviousTransfer::next
I: RecvEncryptedMessages::next
I: MonitorObliviousTransfer::next
I: DecryptChosenMessage::next
I: MonitorObliviousTransfer::next
I: ChooserDone::next
I: MonitorObliviousTransfer::next
I: MonitorObliviousTransfer::next
I: InitChooser::next
I: MonitorObliviousTransfer::next
I: RecvConstant::next
D: received message: 7a22c287f8d6d0dceb68514baff9b5b118f2aa36b9d3af5ab6237b33c15b73c2e8f500bb92ba43510bbfb5e6dfc92ecb2a1ca3ee0f9bde8597b85d5cdd995ded9ec5b9d2131b5a0dda4d791abdb2807e35578ed5b0d9180a587c8847110808d0ece5fda8ce976d6821f670ac698ebabd11672cf145b32409226f87594f4150ded404fbaada1c88fad9731408ea7ed5c28a7068860fc20f734a4b4164c36d102181561d06f589753df297acbe8f5e1227efbb4046e42df53c7fd352fb1c9ce0fa
I: MonitorObliviousTransfer::next
I: GeneratePublicKey::next
D:  sending message (size 0.000384 MB)
I: MonitorObliviousTransfer::next
I: SendPublicKey::next
I: MonitorObliviousTransfer::next
I: RecvEncryptedMessages::next
I: MonitorObliviousTransfer::next
I: DecryptChosenMessage::next
I: MonitorObliviousTransfer::next
I: ChooserDone::next
I: MonitorObliviousTransfer::next
I: MonitorObliviousTransfer::next
I: InitChooser::next
I: MonitorObliviousTransfer::next
I: RecvConstant::next
D: received message: 52cc4d3ee9bf4c42c6f3e296971ccea0612c305ed23216aeec254f512e4ad7683da8bb2a8634fdd0053c8cbb315128170dbd4c8904ddcfd3bc6730a339e66ed3651ea506cf98ea299e14fcd5408b7dbe7f6cbf1704e8884bda855dceb3a63437ab8c5f6d09473b84f9e3290e8d26d41b5aabf586ea8f25df1ccdf0f42c654c339f4281137eb0f7c1037a78df00a94655e9871d918050a98a095585d3598586c6147267203c41781b1afecbaaa008c4c1e10b0fc8e7490c80742bb36eb2b80946
I: MonitorObliviousTransfer::next
I: GeneratePublicKey::next
D:  sending message (size 0.000384 MB)
I: MonitorObliviousTransfer::next
I: SendPublicKey::next
I: MonitorObliviousTransfer::next
I: RecvEncryptedMessages::next
I: MonitorObliviousTransfer::next
I: DecryptChosenMessage::next
I: MonitorObliviousTransfer::next
I: ChooserDone::next
I: MonitorObliviousTransfer::next
I: MonitorObliviousTransfer::next
I: EvaluateCircuit::next
D:   evaluating gate 10000
D:  sending message (size 0.000001 MB)
I: SendOutputBit::next
I: ==== round duration: 27407.730469 ms ====
I: CopyMonitorStateLabels::next
I: RecvGarbledGates::next
I: RecvSystemInputLabels::next
I: RecvFlagBitLabels::next
I: EvaluateCircuit::next
D:   evaluating gate 10000
D:  sending message (size 0.000001 MB)
I: SendOutputBit::next
I: ==== round duration: 27463.115234 ms ====
I: FaultObserved::next
I: MonitorDone::next
