I: parsing spec file timekeeper+.v...
skipping synthesis, BLIF file already exists.
I: parsing BLIF file synth.blif...
D: inputs and outputs parsed.
D: circuit initialized.
D: connections (#738) parsed.
D: gates (#7056) parsed.
D: outputs: 14040 14043 14046 14049 14052 14055 14058 14061 14064 14067 14070 14073 14076 14079 14082 14085 14088 14091 14094 14097 14100 14103 14106 14109 14112 14115 14118 14121 14124 14127 14130 14132 14038 
D: circuit size: 14133
D: adding identity gates for outputs...
D: outputs after identity: 14166 14167 14168 14169 14170 14171 14172 14173 14174 14175 14176 14177 14178 14179 14180 14181 14182 14183 14184 14185 14186 14187 14188 14189 14190 14191 14192 14193 14194 14195 14196 14197 14198 
D: circuit size after identity: 14199
I: initializing safe primes...
I: using prime modulus 5809605995369958062791915965639201402176612226902900533702900882779736177890990861472094774477339581147373410185646378328043729800750470098210924487866935059164371588168047540943981644516632755067501626434556398193186628990071248660819361205119793693985433297036118232914410171876807536457391277857011849897410207519105333355801121109356897459426271845471397952675959440793493071628394122780510124618488232602464649876850458861245784240929258426287699705312584509625419513463605155428017165714465363094021609290561084025893662561222573202082865797821865270991145082200656978177192827024538990239969175546190770645685893438011714430426409338676314743571154537142031573004276428701433036381801705308659830751190352946025482059931306571004727362479688415574702596946457770284148435989129632853918392117997472632693078113129886487399347796982772784615865232621289656944284216824611318709764535152507354116344703769998514148343807
D:  sending message (size 0.000004 MB)
I: InitMonitor::next
I: GenerateDriverLabels::next
D:   driver labels generated in 103352.921875 ms
I: GenerateInWireKeys::next
D:   in-wire keys generated in 3683.914551 ms
D: SendLabels::message
D:   generating in-wire labels for 7127 gates
D:   in-wire labels generated in 94363.109375 ms
D:  gateCount: 7127
D:  sending message (size 21.877828 MB)
I: SendLabels::next
I: RecvGarbledGates::next
I: RecvSystemInputLabels::next
I: RecvFlagBitLabels::next
I: MonitorObliviousTransfer::next
I: InitChooser::next
I: MonitorObliviousTransfer::next
I: RecvConstant::next
D: received message: e5b6668c58543a20344b4fb2dde60878ed973de96da76294eff2dc0e5c143316d8511200b0dc4d320b65432043f954a89dbc431cc0edc2b5fafeb0acba7b134f1b8d449bc7f011f2185e0919377c70f3212f67464913b79005bc2dfcc5d6014ca5134655f72f5f999c4b5164032f5193bcd1702fc93e9f79c5ce4a1d01f31c843f85ff96b2cd077c2667b431017b1551c2c64ecd290bb586c5d5ecbefd00da6287364e25ca80846bcb4add21f1d2f605588e778fe8bdbed2bf708fe3d902e654e10ed8779cee68d67514d78f8da39e11e9e88acfff4b84b3fd54adea4a96c07d1f981f6e4e498554bdf0cc505945efb2345416e1fb936f989ada097872f60c4e6775d1b1aacc9d011f12f6035cba9847bfb8e8ab56988583fa58c691974c927a3c2d8c0b8f47992a7c05cd6bb460bb0e0801f78a83001463742833400d4c4fe134ae6f6bdeb6363fd7164a9ff07e716f2eeddb445f5154f6e8d5a506aa37fca0ada0685f3bd92bf62c04e50701b129b630ad9c75655b7405b6a22ad71a4dfa13
I: MonitorObliviousTransfer::next
I: GeneratePublicKey::next
D:  sending message (size 0.000768 MB)
I: MonitorObliviousTransfer::next
I: SendPublicKey::next
I: MonitorObliviousTransfer::next
I: RecvEncryptedMessages::next
I: MonitorObliviousTransfer::next
I: DecryptChosenMessage::next
I: MonitorObliviousTransfer::next
I: ChooserDone::next
I: MonitorObliviousTransfer::next
I: MonitorObliviousTransfer::next
I: InitChooser::next
I: MonitorObliviousTransfer::next
I: RecvConstant::next
D: received message: c79b6c58ee8d72bde71caa520d34a10fb41c23b3b9086517e41dda86ffb4be0ab0f40c58301abb52359a703450fda88faf34a5127be70f48581543cfb53b74ca17d11a8facd8499a4dd212d8dd5f15f31abf88352387eb05c12e159e3d5ee708d3b2b393fbeb7ceac8c1ee32c7351968a19684632de01408c90071b8ef314719930edbe675dc69718fee5c9770cdf220d3f89b534ca293ba82bb32498d4ce41143cb621548b382ea600130cd7c8521a8b90bf0fdf216e2e6c2f6a73c517c4fa55a63d233507eefc7d0af959dd58634f11c3e4b402210ac4d89a8143eebd8f15e1f2e9e79947384eb2d38e7b9b70930afdab2989a15d4f1538330edb7d52184e861b37e4bc55709d5d94f71da2e34bd46d0ff5c11fb5368d3f73892e4ac3228b031637fe9c9488ce4bd3bfb7180ddf119becfea78f846aa54d2479ef8aa25ff8242f0fbd285d896f675974fbc7faae9438a0159cbd61aeeacf2486d19785dcedf7c6b47e05fdae461f457cf6e7eee6e2fbb9e21c0755566ae0be0cb6e13780a6d
I: MonitorObliviousTransfer::next
I: GeneratePublicKey::next
D:  sending message (size 0.000768 MB)
I: MonitorObliviousTransfer::next
I: SendPublicKey::next
I: MonitorObliviousTransfer::next
I: RecvEncryptedMessages::next
I: MonitorObliviousTransfer::next
I: DecryptChosenMessage::next
I: MonitorObliviousTransfer::next
I: ChooserDone::next
I: MonitorObliviousTransfer::next
I: MonitorObliviousTransfer::next
I: InitChooser::next
I: MonitorObliviousTransfer::next
I: RecvConstant::next
D: received message: b67816dfb54ccb520be4e9d30d16ba058c40cb108a6cb97b3eb28db1808b097a79c6b7378d38674ab3810b78b8f00be9551f92151923d38de69222a1ca9932691bc973b9e4b690a8b6eb2605940117da920d42a939cdeea928a0173919edfc905399017f08652ab1dc3e1b853a81b5540eb879b73fb3b7e3172ad5167cd7c61efde232bc6418277de4017af55e68522446b51f5f8157e5f239f21b2d913b519289f92adcc3758b2d4c6be68890d96830618543a76b547fccf5529a809f1b1175ab2a1c1b7d134dc396a78365bc78d454f1dd4c6eceafa743f4c67e1953dbd6523e593b35c8b9aa264ce56b45f62db7345812c594219e19f9018fb859f605923a730b217d3923217841ee06fe335c9760a88905303ca7b456f2cdecfa235589189ed6284ddf8afc7160035b180ca7536d70778bfb11cbb045e5ffe3aa905650559c85311003fddbd66c4d17fb4302d1aba1646477862db49a9c18a1eb8f5a95ba404330a393a3325f4d22a17d7755056f6c7575f454c7246d20260c2a2e9ba9bd
I: MonitorObliviousTransfer::next
I: GeneratePublicKey::next
D:  sending message (size 0.000768 MB)
I: MonitorObliviousTransfer::next
I: SendPublicKey::next
I: MonitorObliviousTransfer::next
I: RecvEncryptedMessages::next
I: MonitorObliviousTransfer::next
I: DecryptChosenMessage::next
I: MonitorObliviousTransfer::next
I: ChooserDone::next
I: MonitorObliviousTransfer::next
I: MonitorObliviousTransfer::next
I: InitChooser::next
I: MonitorObliviousTransfer::next
I: RecvConstant::next
D: received message: 2a25d7eba64fe8977e099fda6d3481bea8dd8b6fb587bd1c64f56b8bb1e01c5b11924462ad25086d17ed429cba97abccf08c9a543e5e414099cd2634acc4b627c3d201a991607d48eb50c0de3f322c2cf049281dff106e9f38e77e6f441d13c43c005e3977eab39e8c2e86b497d13cbc159871b3b4ab77b2edcfab38fa779a556c251288595a126a465ec4a87fc4a01a6b8172a0de77dd0f838c453d6f3bf13df5eed025c71956375499b4a61be878a2f6373d4480d31098c1b0460a4ab6026211b7db17e2a0ddaf023e4b7fd285bd995ace320a871f28557e0fbac5c5cc3a6827280e62ee8aa44553f0230146ee1fa7b7698dc55b98e806c66f5be663a13c989f1c03cb2c7125c6a70a118115860b55c3a3e52b43f1c255a15e69549f0cc01a9d4c7af5911cf6a3b4cb6b57abc9e76b37342bcce6be3a284b7a2e2439f1d6f7a2fc8abd9b4f9732f841d6f9a208f1157de63ada20a819a62e193127e90533ca5e3ba81f72197daa05b147a5371ed664dec8880942c979737f36b220bd6e8995
I: MonitorObliviousTransfer::next
I: GeneratePublicKey::next
D:  sending message (size 0.000768 MB)
I: MonitorObliviousTransfer::next
I: SendPublicKey::next
I: MonitorObliviousTransfer::next
I: RecvEncryptedMessages::next
I: MonitorObliviousTransfer::next
I: DecryptChosenMessage::next
I: MonitorObliviousTransfer::next
I: ChooserDone::next
I: MonitorObliviousTransfer::next
I: MonitorObliviousTransfer::next
I: InitChooser::next
I: MonitorObliviousTransfer::next
I: RecvConstant::next
D: received message: cac569aa64aa97b27066502038521e4a6c3739597b01a4a2dc13a47cf4b81488fee6ba08739635d5b284273081a2fe0a6fd21970f7d66594bb1ad7fed056b02cc8845cb4f3f10742883f2de332f54b2ee0d6fef47d75ea11bd0cd8c3a1cc82dabafe1687681b58259569d20c083bb073f0a4aa23adee398b274a1a9f5a395e800e9c506396682da8f1194533f9d1529ad26d01370dccdfd2c0fda782666a116004de8f5a45a91d07e6fc291f8b1195cc289e0a66202cf6d7bf0af14fd2bbe8d7cf663eff2339d59fd85f505b4dd8be60ec25117bcf4d79511cdcce9da521517ad712b23239992f8876a3f70294bd9e97bcaa3d30253627053c6504e098d3cb0bbd79470060492018c005dba71bc0abecf82f0284e2edee71c0a9ab43e547d2585b21fb8c976dbd6194ecb8661d0081ef63a1065603c6534792ff5ded21e9b5dd2734d8bc9e78e79733ff2344fd909ecbeebcbb92427519dd37146006d88df72b5e00df256a42348b17833d3750b606abfd86d2ef3f82d3f67f6042dd1d30f58b
I: MonitorObliviousTransfer::next
I: GeneratePublicKey::next
D:  sending message (size 0.000768 MB)
I: MonitorObliviousTransfer::next
I: SendPublicKey::next
I: MonitorObliviousTransfer::next
I: RecvEncryptedMessages::next
I: MonitorObliviousTransfer::next
I: DecryptChosenMessage::next
I: MonitorObliviousTransfer::next
I: ChooserDone::next
I: MonitorObliviousTransfer::next
I: MonitorObliviousTransfer::next
I: InitChooser::next
I: MonitorObliviousTransfer::next
I: RecvConstant::next
D: received message: ee1dcf04ff881ef1fef82f09a9f2613987d00adfc47f59cada96a5591a8cf603447c11979d1f1024dfa18fdf28c7a1a0f092ac379cdba308b4390015dbc8e4bc688893a4c8d02c920c1f5a0c6e81b11f1ee0e4fff343b7b05de38bd990b653eff278fa8fad249684dc4c5c944449635a1edc866a0cf3c5644fdad0da718b0dd533ce830fa51a906e372ef4d7a887b11a6fd37cf18aecd7c150481dc41a3ab6858dc80a97545add39f1f2a2c0b1d655412553deef5b6e7132068c118e3d67337b0f4f870d0272b4f6f38c83e469e0e1a961fb62876584adc3657d1d7884aced6101a66f13a2c761da1510c50d404de5b39ce136165e9fa64922bf24ff51a425b9cbca6f80c76514480626aae60c0c7d11159f37a72ebaa5db73997ffa65a3031af898e503d2dcf6aa1ae604ed67ad5bdb7fd3d533f60a268b4d642849dd1c6d4d58d0516b2053365c1a7685d5e191836198f0e277bb2d608d1ee26b18179729ffdf4556db4f0e8f288c15f3cd7873956d2383bf4c8c8f5329abc79c3e09ea818f
I: MonitorObliviousTransfer::next
I: GeneratePublicKey::next
D:  sending message (size 0.000768 MB)
I: MonitorObliviousTransfer::next
I: SendPublicKey::next
I: MonitorObliviousTransfer::next
I: RecvEncryptedMessages::next
I: MonitorObliviousTransfer::next
I: DecryptChosenMessage::next
I: MonitorObliviousTransfer::next
I: ChooserDone::next
I: MonitorObliviousTransfer::next
I: MonitorObliviousTransfer::next
I: InitChooser::next
I: MonitorObliviousTransfer::next
I: RecvConstant::next
D: received message: 64416f308cc7418e1571c0047c8fef523ec801f97259af668848b62d57c80b9c69bf813022d67ba8eb1f72cd026a09951ed14b0e76dd72c284aead103576774643c423c35ab74ffd0d3d82b5466e983b6545db494c307206b6ff923cd915dc388a392a7010c18ccb176ee189331703d15993e478fc4155c1742ef28f7018c644d3d2e96e2c59336b2609222baca0132a6188f5e82087bf319187f63d986bbba79eecf54b29a4116143e99ef95134d3f9f4bf4d88277439f6e35f3c947b13ac8b183987b3dccdb92b6cbc3c81cf420b1f6339785b2d039439bfda980d2c388652667491ab57d25391ebf233eb5fb21d95bc4c160d2beeba0745b040c7d1996f808bbb7dff12a3c2767d66c1e71c6d611ce68d768c87f5d1f234aea88fceef7b6057a82e14b3bbeb39ca991d38d351cd765d21310cb8e0ad45a22f16c2f79e90e8a4ffe1f6f78de1c207ed62cdafa22642113aaa951f6fd476aff8362e345f5f891d23597012eeeec47e2322a6abb594d13c7a30691d8aec44556b5f488ab7b982
I: MonitorObliviousTransfer::next
I: GeneratePublicKey::next
D:  sending message (size 0.000768 MB)
I: MonitorObliviousTransfer::next
I: SendPublicKey::next
I: MonitorObliviousTransfer::next
I: RecvEncryptedMessages::next
I: MonitorObliviousTransfer::next
I: DecryptChosenMessage::next
I: MonitorObliviousTransfer::next
I: ChooserDone::next
I: MonitorObliviousTransfer::next
I: MonitorObliviousTransfer::next
I: InitChooser::next
I: MonitorObliviousTransfer::next
I: RecvConstant::next
D: received message: c99f388d32f802c47ccd4a4c4ccb3129747224c06d8b0aceb21cf17cf4af3de02a3f9d7e8eb8ba417b7ec84c5bd8a533fb79b3c92d71db8ae3a30499d606119c4f950c9186095982a53e342a1a822026989448af4d89c0e959884c1f49db2c9c80456156706af87bec6c0429720cc511b494374f8e290f12a81c5c1fcd133dd33be99dd3164681bddc46b5e3af6f9ad226e6d25d27ef136010906d64cc9dde2d679bf282fd8fe38515bfc93c7a0214c60326ce8f3677fc81b373e7d2d5b24774e6bd94f5f95d03e289bf0905e941dc72d3386aa6a8fe96d41d82a8577be38f5e03b8a86a941969612ac3ac9e4908925aa42ffdf7042ba8efd3c768e95b4c145509f2def163e7cd9811e7d93717ecd3e83cab341c3c068b8a809c0f716a020470c3cffdc335b46046d8abe0a6c19f55811980a04d4835439267ee876f670d827c16b0fd005a687eb40c98f93c61f171ddb017b60c9a0f23361694be40a8fd35c98de50fbea3228206cebe28e8bb25f7323baac52f5d141a0dfdc466c1bd6ff14d
I: MonitorObliviousTransfer::next
I: GeneratePublicKey::next
D:  sending message (size 0.000768 MB)
I: MonitorObliviousTransfer::next
I: SendPublicKey::next
I: MonitorObliviousTransfer::next
I: RecvEncryptedMessages::next
I: MonitorObliviousTransfer::next
I: DecryptChosenMessage::next
I: MonitorObliviousTransfer::next
I: ChooserDone::next
I: MonitorObliviousTransfer::next
I: MonitorObliviousTransfer::next
I: InitChooser::next
I: MonitorObliviousTransfer::next
I: RecvConstant::next
D: received message: ac7995a81d2b8d6f193a2d272214a1cb33f9d565077ae675a437fd8d143bc134587b8f13a5fda505844547dc9ee95936a3d880f763e63c571a08eb4188d9d88a953bd0f2e9da824a0df7d8390d81ee6e099fa0e9cc90922aac2ddfbd454f20502fa934da5766c350bd22d1ac19190f1b4c6911eb1935e2b3446437ec770721737090fd3ee3080e121a833e50fc704f54dc3bbcc82ec7aefb898f374c9687c385d7d343c453cd22494bf7647fa76c6b73c591764c7d62a863d462f45bafa080c1eb2afc4d8ea3034100671b415afd352367a63c82c1dff0ef9667426f96b54d9a5371a8f253b32d162fd8161a088a192a8e2e39f990ab51e6869e53e2d3c9a353818f1afebc13b431eab7243656d38f1c88ae1e7c582f1377e72d1f0516ce97f86db0bd46baba60030a157f1d3af117fa1c9eb32dd4e59757debb25380a1434aee11046524ecc4907f6da9f7d253a6fe60247d5be175667635d7c963a98dd80649c78f258dc407c6844636e072a4f11a4eb173232440c800a0249be7a363fc5ab
I: MonitorObliviousTransfer::next
I: GeneratePublicKey::next
D:  sending message (size 0.000768 MB)
I: MonitorObliviousTransfer::next
I: SendPublicKey::next
I: MonitorObliviousTransfer::next
I: RecvEncryptedMessages::next
I: MonitorObliviousTransfer::next
I: DecryptChosenMessage::next
I: MonitorObliviousTransfer::next
I: ChooserDone::next
I: MonitorObliviousTransfer::next
I: MonitorObliviousTransfer::next
I: InitChooser::next
I: MonitorObliviousTransfer::next
I: RecvConstant::next
D: received message: 855f16ac0b4e65fe94ce5080e592ca46260046a92ae3fca8f329c804d898853a37cd0dd278776140ac18cc91ef1cf61452c962d9dc7c124f80c29a4cfc94ee6ad9b765303130806079f8ef779d80d1d2ab3ffd53ef0257cb37dcc576662b30c069503f52b505e0f35ab2c780cbbca90cf8b472bad17b927e30311e61fc61c135fd5ac3d07f6af1d110652e047008e5b4f436ffeee6c43a8ac668aacd42611f2742000982557046f8cdf625feae227b47ee2de179b32c9f1b8e83839fc433e3ba6457239506dc0ade5f0b9046aa931ba266d9b259ec50b891d4df7068d967f189bee73109a89b826af36cf87fd41b756804ce766b0a7d6466c833c7db3396e315ad79d84f12f1bb81221e2c8dfbf0593e1a564565a68c09e680df9bc4985d842034a39e450c9fe9651cab8efd6454caa48dc6d38128d07b20a16f62d8008d7d1456e34527a12152f6a5ca58101bc0e67bff30a069fe4d3f5e606db6b2ad5284540d8d3855a9de0d53e40b83d0ddfc26cd11221c693d6c271c177138350180faf6
I: MonitorObliviousTransfer::next
I: GeneratePublicKey::next
D:  sending message (size 0.000766 MB)
I: MonitorObliviousTransfer::next
I: SendPublicKey::next
I: MonitorObliviousTransfer::next
I: RecvEncryptedMessages::next
I: MonitorObliviousTransfer::next
I: DecryptChosenMessage::next
I: MonitorObliviousTransfer::next
I: ChooserDone::next
I: MonitorObliviousTransfer::next
I: MonitorObliviousTransfer::next
I: InitChooser::next
I: MonitorObliviousTransfer::next
I: RecvConstant::next
D: received message: 7da98ec8fa835d4500deca8b8ab482896faba72c3ca44f90ad37522ee5e5addabc373bb84e9fea95c5da3c9c853b98f7f8cd698fd41d5adafc734775ddd6420d837d4e2eaa0dcc55b4d1af119349ccee017c76926948781a8a8688addac452cd6bfdc99f7e7f27d936a82b465e909366b1c31b0e543f850d4dfb332d741d57778b42f5af023bad82cb428d872e358d94789fa9e70a4a0f03a550267d31f31e6213e5d014067b0ea9270f37124772cb989778b2cdebdb834004055fde8af0cb9957744b41b163278dd931247753a72a046a665900f183e8ddbcb89026d32d898099d02042115a39eee64463259c451867261a18b04f570c7667f96c98436c6feaa42bea1bf5d83708fbadfc12dcb00e0a49202db3e4a77f9bcca57feaebda566da78f2e6f65cc67ddaec63a5dd41182177a8a6f26ac4edd0441b310d2be9f07aa05d2b3b06f495ca5e7cae2ad37adfcc1e1465186fdee5cfc8d3340ac4ca2aaa8046e41616cd48b768634f0e0d6a863eba87eb50da122bfb5c87c08a596142d3a
I: MonitorObliviousTransfer::next
I: GeneratePublicKey::next
D:  sending message (size 0.000768 MB)
I: MonitorObliviousTransfer::next
I: SendPublicKey::next
I: MonitorObliviousTransfer::next
I: RecvEncryptedMessages::next
I: MonitorObliviousTransfer::next
I: DecryptChosenMessage::next
I: MonitorObliviousTransfer::next
I: ChooserDone::next
I: MonitorObliviousTransfer::next
I: MonitorObliviousTransfer::next
I: InitChooser::next
I: MonitorObliviousTransfer::next
I: RecvConstant::next
D: received message: ae7a6aef4a4d1f50f8c0e6f52216c2d1ccb6d3847b6c992517af9b52d3a5a58daf4ee42bd0f7272ef60f85827cb3f3abb6589affd7f93c6367a4c4a736bec4f66804229c3020bbeeb7fd479ae624e67aff738de65547216de1d422698c2d22be7d74d234f9d8f3842e67e5deea0749c9526c0947a11520fb5e74a02e97609f8dacda585e0057eeb408ee7bdc2514481282ca9c2748f11974a28548b05ea6f626f4639799db771f81efcc75e5cc60d1176a69c48301f9cfe9a4fef8fea606a5d4ac712c0c9a6efb09493c48426e30e0d25a7d8853ba78566417048da0f1f3f0f8f362bf7480439e45a62bc5dfcda98ed675dc64582334e6e02391a416fa2ab24a8bc00b0acb5c8eaf1b76364cff2213a7dee71144fb839d10206feb0334db081cda4f9d99cf1865e70708ad0d89e1b714fb3a41de4fa140fdbaa90d340644033862bbcf127607404b08a651e3131f1bf0d973801fa0beff5661d123443b2aa3fc67d62cdbc146ac68ad5e435f2759953459468d33bcfa8a8080777cd8742dd45e
I: MonitorObliviousTransfer::next
I: GeneratePublicKey::next
D:  sending message (size 0.000768 MB)
I: MonitorObliviousTransfer::next
I: SendPublicKey::next
I: MonitorObliviousTransfer::next
I: RecvEncryptedMessages::next
I: MonitorObliviousTransfer::next
I: DecryptChosenMessage::next
I: MonitorObliviousTransfer::next
I: ChooserDone::next
I: MonitorObliviousTransfer::next
I: MonitorObliviousTransfer::next
I: InitChooser::next
I: MonitorObliviousTransfer::next
I: RecvConstant::next
D: received message: edc864ac8b7d2c8c6ee8d59c0a16f7d865629fb41243e65ca34b6576223d257c4fb4212e6fe0a579574b126d884881c245e516336f8d9bd0212d125bffe06720f1c03bff89ddfcdcd99b19ac4b17d87de60a1076cda73ddd2758e023e0912ec5361f4950ca618283f64cf9dcbd3c1d11a84e4004457e300e4899c2a832f3a1a8b8e3b2cf4b28ce7a7ce78e9e4a128e8a5373f802636df0de54703e5c936a64ca3631d762ce5982528a150a380d8472794a51723326a38cb65a39521f80d7c6389e0c4e2ede70ae9cca81ae02b4776316a11d7ee7d46a39dea55826d9cfba72f5086a2c90c275d3078bc1c94e8f0ab568241e0360803705b9e69603d75d744ea5d8126c0b1386f70da850fefd6b780fc62ec03cc9993cd42264fa505e08789af030d13716343ed1cd07ebb0455bd297dc35d6187450bb93639e7f2d9fdb358f844c09c2acfa4fd8d51f44116f45ca24f27d3dda5fff66cf7c27640754fb497451a86c5f7348c37589c3112d600cf9f86d00394ba5590d14bf9ac34eec4f7a47da
I: MonitorObliviousTransfer::next
I: GeneratePublicKey::next
D:  sending message (size 0.000768 MB)
I: MonitorObliviousTransfer::next
I: SendPublicKey::next
I: MonitorObliviousTransfer::next
I: RecvEncryptedMessages::next
I: MonitorObliviousTransfer::next
I: DecryptChosenMessage::next
I: MonitorObliviousTransfer::next
I: ChooserDone::next
I: MonitorObliviousTransfer::next
I: MonitorObliviousTransfer::next
I: InitChooser::next
I: MonitorObliviousTransfer::next
I: RecvConstant::next
D: received message: 2ed07ec5ae86f70a5f8803c2ebaa6035eb2ffda8bccbdb68059a2ef22609f8e63b01b572573bb3caa2769dd45cde99f71372306f8e88f5ae6ab5f9222487585fe59fa927d3d5551e6547f8320f4607a55c6ef65c03088f78e295e7821239e90fb894a7b343ffd28ce9870b1b13136cc04331d0a469e59a2838b521dfac37bc37f3ce06c8abf84955e2e58cae9ba6a542b4a0c4927a50f02fb856338f3eb5f0cd7762206e60701a22d05fd7bd9c774528029896a3f26353e1c315176370594e9c8e07f16298aec1bad7b98b61f3212f53a3421a23779a84652b158b8a6fe132e04725bc6f44580c2cb04e75c25654fa884abb7c0c9d4d77fdd92cf8e1852e6d60f7649efd273acf472ca53986e29c16cd1d1ae7ddd751daae32d7cdd138517553c7b57f4addb70f5f209ce448bcc5038372cd06e0591766348c1f311b27e27d8c2829fea6fe5c3e2d6f766dc8ec9434974be38f91a3d77f073cdc8e5a2bffc6be8be674d02e0c26044a807d088789371f1922a89772da8fa0ac3a36bbf862579f
I: MonitorObliviousTransfer::next
I: GeneratePublicKey::next
D:  sending message (size 0.000768 MB)
I: MonitorObliviousTransfer::next
I: SendPublicKey::next
I: MonitorObliviousTransfer::next
I: RecvEncryptedMessages::next
I: MonitorObliviousTransfer::next
I: DecryptChosenMessage::next
I: MonitorObliviousTransfer::next
I: ChooserDone::next
I: MonitorObliviousTransfer::next
I: MonitorObliviousTransfer::next
I: InitChooser::next
I: MonitorObliviousTransfer::next
I: RecvConstant::next
D: received message: 4415e04cfdbea440dc1237a021f77c4d80106087d14a6667879e6478139f21859e338b8d2f4d0c7120d0549538b0eacc2a1f6a23b2d97d8fd02542679de143ef4923855bdaff7ebec3e1aaab81223d0209c4005c1a1c2741e8be864ee56e64d37d53283a7acd5382353de6ca1e01aa5787d25eb9628c68d15c286f59ab1830d95b5527965d9165a977f5590adbea28fc9b8b77bb31e2648074a9b017b29b66b8df43ee7af705a264d44d08d08e84e2ba3893303f086a736715ae11138fbd70bd1f315fa1317d53e8ef2a7625c9fc99e853c9427a6e8335478f6fad62d2ea25f93c96c239df75e49e1d7eb5c346ca13978ab8b6ac46b2f0fdc70a75cfe59741e4e67f39f8fd9d45e879da51ba1066b3cd484e81cc9f20b6d5b350e0438d3677a6f9c0d13e7ce012109da8e2f451f91619cbf98c29de0355feb7e9bafd176ee7f8de129b28f3e43503de84db415438abbbe0ed1fe94a7dc9176a087a89a68abd665fb5587d0d9bd1ad5f08cfb2cd3df864d9686d70c905d51bbb138f37c1b27f65
I: MonitorObliviousTransfer::next
I: GeneratePublicKey::next
D:  sending message (size 0.000768 MB)
I: MonitorObliviousTransfer::next
I: SendPublicKey::next
I: MonitorObliviousTransfer::next
I: RecvEncryptedMessages::next
I: MonitorObliviousTransfer::next
I: DecryptChosenMessage::next
I: MonitorObliviousTransfer::next
I: ChooserDone::next
I: MonitorObliviousTransfer::next
I: MonitorObliviousTransfer::next
I: InitChooser::next
I: MonitorObliviousTransfer::next
I: RecvConstant::next
D: received message: 3d60851b683943c9e6ddc0627acc47e53630e9e8981e08cbbb3c2e2a74cd14e2ab7e16c3492724582825fcd3881aecf4ad40d6dd2f637a5becae987375f5672ed0859d6c952ac3769c1c3ea8a4d42b103c15ce609e87a13e34fd8cf5eed20d04c8a2e04c1e21c4915aa4953c4d57fe15c84c0759e869fedd79412a1c134889b00e733bac568810ce56f7d56a36720dd2e697da724902a385741fe3f1c02dc94909b41f9f7c23f68babddbbfce06f60eacb7da770eb8f973371b478bb087184c3be12699ef76068d4ee766e85cbc7ece2e66791e76fdb8cdf22a8d2d1003d6e7a104a02dafca231bba05a9a111eb4d2e80b6341c8d25387eaefe3263ad47f5a9bc3bb84fe336837d5a1e3d0e6679ca643b87140c457fda913451c5e02c4af7dcad6eda12660df8567ee1f31c4b91474d65884c82ac7bb49c4fb1e59fda632aad494d49ba1753a39773d1a022633d6d506033567628c039e3bd3f5da0285cfb2ba01620bbfeea72cef16e4737b6bb8f2d25a33b8ae75d8908d6c12128c631fa31f
I: MonitorObliviousTransfer::next
I: GeneratePublicKey::next
D:  sending message (size 0.000768 MB)
I: MonitorObliviousTransfer::next
I: SendPublicKey::next
I: MonitorObliviousTransfer::next
I: RecvEncryptedMessages::next
I: MonitorObliviousTransfer::next
I: DecryptChosenMessage::next
I: MonitorObliviousTransfer::next
I: ChooserDone::next
I: MonitorObliviousTransfer::next
I: MonitorObliviousTransfer::next
I: InitChooser::next
I: MonitorObliviousTransfer::next
I: RecvConstant::next
D: received message: b6b0ed831ed662fcc40e7ae32323db872220380ae99b00d3ed2b9d6e91a5d31718689a3c41aebcc1ca9d979d25c948a1e78b0bac663be78c607da967664bcd796502dfdb47b391d6454673054bf4330aa4f3041ad8f6fa928a579e33a53bd143dddcc95af3e615f74c958d6d101da91f93a78a958f5cbaef38ddc8660e2ddc3eacc6e0f365b44f6c9f8355b3c5988a663822314301b71bb497ae8534d8cabf1199e4b46cf096d142c0f681f39a8774ac6ccdfa34ce9728dfae119e2b64eae857aca0ded5af908e0c8c42ebb0d0a98285790a85478635ea92d13a9941987a7f0df1073cdb241f67ccb6f86e1a8d769b64dc7ec17ed674137a9191de97f141138317c9488d5e3e3b644c07d2e0287fb2ea8f0f8d3d9780a41793621e7a5e23ef5df7318e642251ef8e29d272056f50689ed24a224449dd1b48d60067b42fb0fa5c849d1610886d4c9c97ca7045927020628fa45063bb351aa85f5dac45bd297771715c3937e8bef526e76adcfec2f45021145eca71f984c0d2fd93273dc6312b0f
I: MonitorObliviousTransfer::next
I: GeneratePublicKey::next
D:  sending message (size 0.000768 MB)
I: MonitorObliviousTransfer::next
I: SendPublicKey::next
I: MonitorObliviousTransfer::next
I: RecvEncryptedMessages::next
I: MonitorObliviousTransfer::next
I: DecryptChosenMessage::next
I: MonitorObliviousTransfer::next
I: ChooserDone::next
I: MonitorObliviousTransfer::next
I: MonitorObliviousTransfer::next
I: InitChooser::next
I: MonitorObliviousTransfer::next
I: RecvConstant::next
D: received message: b5425f7285e54177aa76772165e6826ef5f5295b96db1296819aa9d49b9e1876111fe0c5c5bdb0deea8a1fa2230f826ba81e9d72d7a1a4769c21c127a7b6da636966f40c898186495374f64053356cb837a0c4298d329ac800519276f504b14ff6cbd966a5dcbf249196298c6146780873ab1eea084eab2660edf7696c869219e50bb4358d7ffef22998d95d812b528397479b0923b2f843638cb8653a139e370170741d6a62fdc4daa81ed32896f9ec123b4548c20f125071d1b30fa6c598df39abe68f8bb14b9c45d16114ffd9899ea1479ad25825c4c3aac1008df53512421879a60b41d36877cf8275e53df0e39116f476eb0e0d25d15843be0bdff9314108df818aa8265189bdef844d3412a18b4fd609db42a17b3ae5fbed4ff2ce8349c3e0068964da6e006adfa967ead1de72cef9d4454cd1f4358c07bd1578b91c6ea7f824c336d2fd2a986b1918c9254255cb852d3f76189e5cff54c68e6576ded6498eb9cdffe8df01549af10f783c732ac148fd5b8a6dd620c50c46363df41d75
I: MonitorObliviousTransfer::next
I: GeneratePublicKey::next
D:  sending message (size 0.000766 MB)
I: MonitorObliviousTransfer::next
I: SendPublicKey::next
I: MonitorObliviousTransfer::next
I: RecvEncryptedMessages::next
I: MonitorObliviousTransfer::next
I: DecryptChosenMessage::next
I: MonitorObliviousTransfer::next
I: ChooserDone::next
I: MonitorObliviousTransfer::next
I: MonitorObliviousTransfer::next
I: InitChooser::next
I: MonitorObliviousTransfer::next
I: RecvConstant::next
D: received message: ec613aef479a6b99f8eb67ad9884b1923d2dec3f75a6a1608bb96f295fc68a593f844279ccec774c1ef7574b75568b97a1c1d678fb7408cd551e753d62d4d846194d1c0efcb8c314b22755e6dc478d5b45d6329a420abd07edc0467148455f488682f2c4ceec282716d846e855f86e365a44965a6753ed25c49376b5f928208fed5b08ac939d40e506180b9e5de886da8d99bc3331a341db83cad6faac68e3667bee383cec87b4d3b840147ec4dcac3e4899ce8115f714aae390edf44553cd40406373048f9b0da0ddca2c0ab0c6aaf4287b7f9953c2d363688c999302e8e4125ccc10f24965327b415e8bd71b47ff7a858d57d9406ec9a63fa4175323a737bd94dc76b42ddf3f9e06e213b401b84be1297abea6005d8b580caa3349ffa487b2024eb8366bb0b193fe0396c08359821b87af8612be30c1f95e1d9f8b4cbb2a4af744959b5b797e025253ef154039757742473149b86e78c174c2e57335d3345630a2c3f883172fe6c16388e6c72d3772c919ec49a925a091ef7b3a4d6708d80b
I: MonitorObliviousTransfer::next
I: GeneratePublicKey::next
D:  sending message (size 0.000768 MB)
I: MonitorObliviousTransfer::next
I: SendPublicKey::next
I: MonitorObliviousTransfer::next
I: RecvEncryptedMessages::next
I: MonitorObliviousTransfer::next
I: DecryptChosenMessage::next
I: MonitorObliviousTransfer::next
I: ChooserDone::next
I: MonitorObliviousTransfer::next
I: MonitorObliviousTransfer::next
I: InitChooser::next
I: MonitorObliviousTransfer::next
I: RecvConstant::next
D: received message: e253dfa888f4633ba645a94e629f1dfae2ef5ec07cedb3f83c41ddc4a0b0469570ed3255dae213031de3f03926c7abd551d1073fecc81fe815fbec671861554adb035a1aee6aed07edcc488e2274f88c2c3ba495b7be6c52d7bec5561989aea1500da9d2462161bdae4ac4f4bc37c3d6b66cdcd2b28dbb76c702b807d085ec45b4a20547d3495a71c76f6a405648387657a44a3292aa1b0382c831b7d425daf809461441c4ce38fa5d9d25c91541d7ec9cd46247e7ddfb745c0fa1e44a30829d763f85f9cd635d93cd36aed5c2c5bf5f9f6d243994d20f19422f3c8d4c7cf05ac2ce0202bc270f261d42af016ca383e73066cc447215d765220d5079800199688fb1cda949f783e8e371073373f8c974486d3199b55a3eb4c59fa2ea786a800600fdd39b80d171a518e8e0cea7bf34fa1aa629fb0c7cd4e467411fe103ba74df85e104c7ef3e1b18b4bc649803cb6989182079ea3369f9b4ccca6c208532149baae40390044658927bba5d815ad397c1438cd1acc359efe368f4471bfeeb6a99
I: MonitorObliviousTransfer::next
I: GeneratePublicKey::next
D:  sending message (size 0.000768 MB)
I: MonitorObliviousTransfer::next
I: SendPublicKey::next
I: MonitorObliviousTransfer::next
I: RecvEncryptedMessages::next
I: MonitorObliviousTransfer::next
I: DecryptChosenMessage::next
I: MonitorObliviousTransfer::next
I: ChooserDone::next
I: MonitorObliviousTransfer::next
I: MonitorObliviousTransfer::next
I: InitChooser::next
I: MonitorObliviousTransfer::next
I: RecvConstant::next
D: received message: d9d39f8210b8e1b65b8a3fe02743c6734d95572d1e4867d8d0a7b8d9ec148e79a3be64e38844df0f4ff398ccada7b523add426d98bf6e2be4eba4466b317d728b9596baee4a2672f6bd05d7cb9dbd01e9bfd5e57c1ac0eb53b722c93a4935386391624ba3094fe78cd90491a6aa3da81c693fac9db6041d29890504ab157ba21a531c274c66f5aff4554e5e22c9bf59a151ea752b73b92d713381b88396e96d3a5ca0322c3cf51bc33addb292b30dc6470652207da6be8d5ed530d644e32a79e6ed6dc7638173fcb05ba3a5f771ecea282c7589e17f63818133ac41d61efefb36787c4e6f90ba74b507929be166ae7bd33e4e74884dfeec7722a7fc29528570afc57c9ca13c1e8b47d560f2521f4f2c736c8f3d5ed96c937982da819d8364fa52bc2acae268da18a8179b97b0c29f836a4b9abb9788b79c5dce89859d01e8060d1e72708983ae51f3a734a66f5994a9304f4d6ee4ec0cc1400623fff057333f45f81d60a811a32dda239abac0a3a8ba0504f99f44327299a1ffb24dc552c930
I: MonitorObliviousTransfer::next
I: GeneratePublicKey::next
D:  sending message (size 0.000768 MB)
I: MonitorObliviousTransfer::next
I: SendPublicKey::next
I: MonitorObliviousTransfer::next
I: RecvEncryptedMessages::next
I: MonitorObliviousTransfer::next
I: DecryptChosenMessage::next
I: MonitorObliviousTransfer::next
I: ChooserDone::next
I: MonitorObliviousTransfer::next
I: MonitorObliviousTransfer::next
I: InitChooser::next
I: MonitorObliviousTransfer::next
I: RecvConstant::next
D: received message: 7f277704503b87a57e9c44f67a5493e9e87be179bb309edf4ad023474f188ae9ae676ce13be112bcba7ce2e75b18f7f1049117509ccdc7fdd9416f353b20b2c838271cff8680fd042fc27d483efc595c7cfb097ee44a7a1576d04fcc70ebc943ac17df243def331d0df7d73b08771c118c4f7f7e79d8cc7468c56ec5f68c8d6662daba3f1dd3875c6229e976d9fb1f4d0767869835c9d79b542c5a8460fa4b060db53d08f5d605d61f80f8fcb9a4945ad8008684c78ed1cc9c4515e58619cdf01aa1e5b0c543804b68869b2d15e8fe09d16a42ed11ee6504f476172c113e496c0c8e2e96292f06d0d968b0451fd0f64650717bfa6f6eb0cf3c01fb0b698f561b152815d7be627a5d95f9edffc185d4af40a5a813d3894ee00267d106dcc15a3063990f609813efb32fe58821039922e953f44f4b20e56ac557e4530ec3f597a4089eaea31842dea06a8fca9e5f0ffdea9c12e4dce5a499f70979bd62ad5c4314d5e8cce61d9c7ddc32e9947a14e10ca85682f17141f4708ef38e0e5a3db5fba2
I: MonitorObliviousTransfer::next
I: GeneratePublicKey::next
D:  sending message (size 0.000768 MB)
I: MonitorObliviousTransfer::next
I: SendPublicKey::next
I: MonitorObliviousTransfer::next
I: RecvEncryptedMessages::next
I: MonitorObliviousTransfer::next
I: DecryptChosenMessage::next
I: MonitorObliviousTransfer::next
I: ChooserDone::next
I: MonitorObliviousTransfer::next
I: MonitorObliviousTransfer::next
I: InitChooser::next
I: MonitorObliviousTransfer::next
I: RecvConstant::next
D: received message: 8d681e643e9b18098f378ce08125b7a65ba59a1c66f5befe57ec23bb28461907e2deadb654da7bdab3227c25ba7a8378e174792267106661e481033f323feb1730d30dac5e4ce2672db9180df7b31f3732aff2e4c32d7d5bf981b4e07e665a4a9117777b8823ec9d43cd78c36648efa2749e2cf7594b2369590aa3f65eb8be2ff2fdd56e5c29a54425b9cfdf7c72755610ffca98613e14ab60c5a4f5cff041d47572d7ba18dbce25d15fff8609369b5a8f292e3adfaf500db62be0e70f05919d8a82a7ce8eaace3bddacfc04724b65e5e18e185f16ed485d5f91fce5b91f0449e6b2dab7adbb94c1e8323ebd7b039939f2675a5f231b74c37e85663d137fa1241a1c93234e11bfd2befe3e72d6c82a02092ee4bd8ef19a4ee2cc31f6bd4ab7df652caf03a97c3303b5e3c628094c43c0e94691db025a0fc8b73f3f0473090e1343726a04f4902b6a5f4489b45f12d7dbcb3418b65caed15e7a321da173a48f2ad91bf6ded09487aa491a1ac0166263fe977318339697bc10baad0618dc8564cb
I: MonitorObliviousTransfer::next
I: GeneratePublicKey::next
D:  sending message (size 0.000768 MB)
I: MonitorObliviousTransfer::next
I: SendPublicKey::next
I: MonitorObliviousTransfer::next
I: RecvEncryptedMessages::next
I: MonitorObliviousTransfer::next
I: DecryptChosenMessage::next
I: MonitorObliviousTransfer::next
I: ChooserDone::next
I: MonitorObliviousTransfer::next
I: MonitorObliviousTransfer::next
I: InitChooser::next
I: MonitorObliviousTransfer::next
I: RecvConstant::next
D: received message: 67ce336b4bf9ad8aae28daab6807050cd4db0d9e90635697517fdf80a0ea0d20705e9ed328d8e7b86760280bec896c1ef3b16f628cfdf4e86ead013e9ad032f9044f0efcefd3ca1ef74c9cfb19919cd0c74c6eda64b9e9d02dfad483a5802fe2d91c2204fa1e9c7b97af2e1b9902ce3a02e2fb6df004dffc193668079f734ff01af745a3181c83404da55e4b15356b741e5dd15cd1f24c768e5426e90e51433b7b16b13bdacc96afdd9f87b9b2f892c6c5287cc08d8e44446fb0a0831c6165f0aa65be634735f1e3c1115e1330dd2627f6315e712e2355012b142b5625e5286b54dc73bd6542fb9e3f9585fba0bca9bfe74c6e87a6dcb626dfd6328176efcf1ef3022885676b6c51774f448ca47071d19b8474bb8774ae43f016e4ff095cab63972f5bc3acdf5dc99f878b41572935025904923e1aead298e9675cd099a78dc1ebc2bf6761aba4c5ab95758c57a06209cf024221c80af774b6cf97187552a4a69d9d03e63fe311c295d3dbabb879afabbb917082e018a4660eae407896670769
I: MonitorObliviousTransfer::next
I: GeneratePublicKey::next
D:  sending message (size 0.000768 MB)
I: MonitorObliviousTransfer::next
I: SendPublicKey::next
I: MonitorObliviousTransfer::next
I: RecvEncryptedMessages::next
I: MonitorObliviousTransfer::next
I: DecryptChosenMessage::next
I: MonitorObliviousTransfer::next
I: ChooserDone::next
I: MonitorObliviousTransfer::next
I: MonitorObliviousTransfer::next
I: InitChooser::next
I: MonitorObliviousTransfer::next
I: RecvConstant::next
D: received message: a4bfe400bef2c94d9c68301e47febf44e40d79261bb1bfa68f8d702517bf796b95b3bca17d8ca535906f454c92c70e9f37be18c94a99ec56523bdf3922b0b0793aca2268a31c381df2b4eedb50ea65a760ffb31d883a9e821887777e280ac7f9a0a14cbfb86553793723cb7b6da2a0ccf564b9203bac7cf95bb689f1b7450b9cf58227bc3aba237fb25410a456d29b2abcf4c7fb8b036c8ee92d77880aa3b16ee205e49ed5bb012b172540c5290450192f926064902d57dc94ddfdbb6effc5ca4f539b42dbf0258e4e9f742b621f57adf4b963f4899b0d76d8d96bdb0e7c2d71869b1364d87f5cf80def0e1cdccacda0cca99eb334af23f809f57d2ddc6efae86f16ce1355668b4d27864fb1029e0de1b14c17a7376ed2989bf5e6834a08d494cbdd964d2541d3b858059b669cec0cc19817c0a0b724358c2288163a3a46b998a403f6511e6a032d8685890ad4fed49402690c20a1cb93e9959ee1ca647509d5b4fc243b1efc39969e5b69de60c975609416b1dfd652c3fab469cad26d44574c
I: MonitorObliviousTransfer::next
I: GeneratePublicKey::next
D:  sending message (size 0.000768 MB)
I: MonitorObliviousTransfer::next
I: SendPublicKey::next
I: MonitorObliviousTransfer::next
I: RecvEncryptedMessages::next
I: MonitorObliviousTransfer::next
I: DecryptChosenMessage::next
I: MonitorObliviousTransfer::next
I: ChooserDone::next
I: MonitorObliviousTransfer::next
I: MonitorObliviousTransfer::next
I: InitChooser::next
I: MonitorObliviousTransfer::next
I: RecvConstant::next
D: received message: eaeb786648dd6c9fd6ebd76963ace8fa89527a132d45c011097322cb85e8884811dd3bcd0736001c44a8fd3842696fa6610a575597041d2ad787b7ff7e4c931bcc9568621404dae1324443346155fd3c6398899cf0d8ab175bd9f8e90c9926bd12ade90bec18b76b195c179a7da16bf047c2dba84ac605c549d4993ac1ef1918c1c2b17d7bad5b1a8b1b60e1b0fd0ed6c8a8c2ed2bd922bd1dde354d418e5e41e9e6878f138d55629cbb3ed2715ffa98418484d07811bd72632f7b597bad7ac1732c7d65ad79fb68ea2788f9092127689f36acd7290dc6d0b5a8cfe16919c6c415d93532b5de4baa5290778fbb10d3a4cafedc536ea84699b06026f35c1602f1c2e83dd297c2cc5feaf3ee1aab00df5b1b4abaef1d3859907ddeb0750afdd28205128340012e9d935af724e43ba99eafbd095e2ffcd441fd5be92aa44430e8eb4d5a7f3d4bbb9892ba9d5ca25db39cf2f1a7882a8048f01ad3c2ac730a6a5492b087f8e04ca23acf681303d8ddc7cf5ab287b30327fb0ecdbc2b49404fc87c89
I: MonitorObliviousTransfer::next
I: GeneratePublicKey::next
D:  sending message (size 0.000768 MB)
I: MonitorObliviousTransfer::next
I: SendPublicKey::next
I: MonitorObliviousTransfer::next
I: RecvEncryptedMessages::next
I: MonitorObliviousTransfer::next
I: DecryptChosenMessage::next
I: MonitorObliviousTransfer::next
I: ChooserDone::next
I: MonitorObliviousTransfer::next
I: MonitorObliviousTransfer::next
I: InitChooser::next
I: MonitorObliviousTransfer::next
I: RecvConstant::next
D: received message: bc3567d8d8389ae45288b0de777fa90042e8654e224db27d98854b8e0757aaeab78eb789c04ca05d6932ba3daf619568331cd6caed4698867be4452f56ef12decc59fcc58d7e96d7ed92d0b483c32619857009ad415a704fed9bd4fb10e388a77decb1a0d698bb4ccdd4f97fd87b08e8f9c140147065c04d4c41188de3246c8a7107ae5464d10b27d85a930805bb8e132c5895a6d8ecd812656e22b72b53ace5be1feebeeaa9115cfe36413417b88124e5c184841bacd46c70dec292d1086b0da46f03b4365472339484d758f5deb066d340f611d6532ae793d65f76cf909a37796fa318f3defbc1edaacb70626c8d841f1516287df3a565ce468597d325df83bc6989de502bebde07b7b1a8cd81e0e2b93eb750334108f2b42d645ee097fa8d6fb65a08395949a0d063dbe957701d21d50b4dc2149061650795a49ca6449503f0e311659bad6719fc5302cc7e95c1822d60b1dd6eca1f4575e9138944afabf7ab32571fce39588a5adca57c9c6575121ded94c185f047d01a5c01cec5e20a72
I: MonitorObliviousTransfer::next
I: GeneratePublicKey::next
D:  sending message (size 0.000768 MB)
I: MonitorObliviousTransfer::next
I: SendPublicKey::next
I: MonitorObliviousTransfer::next
I: RecvEncryptedMessages::next
I: MonitorObliviousTransfer::next
I: DecryptChosenMessage::next
I: MonitorObliviousTransfer::next
I: ChooserDone::next
I: MonitorObliviousTransfer::next
I: MonitorObliviousTransfer::next
I: InitChooser::next
I: MonitorObliviousTransfer::next
I: RecvConstant::next
D: received message: 11f910340a553a5c102b7d81a800cc09abf3de7286203e9701882de52f6e860f023c9c29a7f62e6be1af3a29e5e68e9f30b9a7b6d149adf3a761b4b1e97ebdaa72bb88c191329b08199f85cadc7a0372fe8e3eaea8ff8cc37398433f024e69f70e3f62b1472b95797aa177e35c34f9e4d8f07e16dd8204b160505017457e2225255b32c5561ac07a71b373b16f75116f07c88c8cdfc517663ec647c72756303bba9829242284642c2f4daea854593f115643b8d2cff857d0e88b20d52c7dcec360e9de05e8376e632cd91ece482eee6d60666a65c9a89ca8ecdf798d21d70de5c9985a2e3f34317472937e42e5a0b58c3a739354c86dd8442f5ac3b404f28cb088bfa491e6228ebd3b9d52496d4a75f98c5bf2469ed64d3e6fe89f9d0534ec66425dcaffdc31f13c0c0c7fd51443c11e2fd53197e3d5f33af2e6b1f1572b51a8bc67bcd259255abf7984209d4f49a5d8351d8a5445f14843e152713a1eb960e6853912331d5cea0f84927b47d1fe109f7e8ee21237b88fda0839c59dce7cf504
I: MonitorObliviousTransfer::next
I: GeneratePublicKey::next
D:  sending message (size 0.000767 MB)
I: MonitorObliviousTransfer::next
I: SendPublicKey::next
I: MonitorObliviousTransfer::next
I: RecvEncryptedMessages::next
I: MonitorObliviousTransfer::next
I: DecryptChosenMessage::next
I: MonitorObliviousTransfer::next
I: ChooserDone::next
I: MonitorObliviousTransfer::next
I: MonitorObliviousTransfer::next
I: InitChooser::next
I: MonitorObliviousTransfer::next
I: RecvConstant::next
D: received message: f7ca6802edf67d20dd1161bdc84f9f7ff1077f1a36848615288f5c4028fb146a79701f232332e488a91ef7b9ba5f3e4672ce4a52ac3243bff3f786879f5f09be7e8c8b107aad91e0a12541e6e056121d096a1c2ba00a84320835033431ee537f751ed29c089b4d2a387e9c5ae256bd91fe682ef71adc44d0686362d91837612e8054dd05b6d4a73214d5f44e46a7958e95cdae56da0a98d91cc080796c825b96ba1370cf62a5c7e69277cb11355b0fab4ce503050e13fa35f9a6e47fe1866d9a552286de702e86a9b2a7a2f11fd609bdb19b96f7761a634e3b1b97879da9e383e8b21460a59d1abc1b3d62a7d02742902fa217b945a4f51d15aa69aad71aeaee9f428958254de2a5946fddb3d878132d637bdef9e9da29d1e941fe8c56ead10db6e1e87ea06f0ebe71393ae3259554e76c4d838924fe5c8dbd25a81d241a614e40fd4fd4e27a9fe7b299dc670183a3209c97f60b926325131bcff8470415c1158e78d62839876e5dc3ad3d81f87e2cea8a3d5e63f189f8cdf34e55576bd78e69
I: MonitorObliviousTransfer::next
I: GeneratePublicKey::next
D:  sending message (size 0.000768 MB)
I: MonitorObliviousTransfer::next
I: SendPublicKey::next
I: MonitorObliviousTransfer::next
I: RecvEncryptedMessages::next
I: MonitorObliviousTransfer::next
I: DecryptChosenMessage::next
I: MonitorObliviousTransfer::next
I: ChooserDone::next
I: MonitorObliviousTransfer::next
I: MonitorObliviousTransfer::next
I: InitChooser::next
I: MonitorObliviousTransfer::next
I: RecvConstant::next
D: received message: 890f40f4e38e73542d4637b5d8041322f40840e48836e6cf8d2bd8ba243be2a33ceb3d938f79737fccf4a54d3f7f4d035312e283d826734db21ee14201b2d6b03f259f97b8916e781c5f4f3f668329600f0b644b4edf03cdd8043926a9cc458a3bcd763d3b3e2b5d08dd8181239c608b0756e4f7378c83f1c806527d9636a8d027526b09038157eeb38d4d64c7c61b31a47596c86181e5ad1cf301c88eec6d69d59712bd48fb59139becd002a4a5be22d4356de4775fc8c4ffdf1db51464550ca76fa6d50f12f1850458fea7673619b28ae376edb91cd130d4b5939f79f5fd98e18c73789d0135e294dd6a1ef0f6abbf1a727d15e678362665cf1455fb6d28c40ec8ffa9c34fd07b72b6a44e80c6e93a85c8aaa793302b660f413b3c3bd3b1bc6c6846242e01cba1790c316d1650e35c85eb7811a458222215af6629ec2aff25ffe030fd6044fb380bbc935fd6071136f445cb05adc11e937561e55a98ceaa4607ee841bd14f46adf25e57160b81ff538ae5fe3616178d2b64d35fea638db769
I: MonitorObliviousTransfer::next
I: GeneratePublicKey::next
D:  sending message (size 0.000768 MB)
I: MonitorObliviousTransfer::next
I: SendPublicKey::next
I: MonitorObliviousTransfer::next
I: RecvEncryptedMessages::next
I: MonitorObliviousTransfer::next
I: DecryptChosenMessage::next
I: MonitorObliviousTransfer::next
I: ChooserDone::next
I: MonitorObliviousTransfer::next
I: MonitorObliviousTransfer::next
I: InitChooser::next
I: MonitorObliviousTransfer::next
I: RecvConstant::next
D: received message: af84d1c4bf8ed061740be7ff40e6901a27faea979a0be38445c9975935e7bf6af53364910fb54978d890b6c3e3d014dde379bcabb295d7afa57a6d4bb2fed4ed628b08e5ba0b0e3069805538e58e0fd6d1e11e2d0b745d718fb00751ab3ae50fa39327c5184fe84a88610f5665cb26efaf02073b78d47af5d78b35f2478f466745fef7e089b25a842d9d56f4fff15f3348dfb8230ad876ba49089b663ac8243af758f667328c136697d3a2c799c48c17558921249ef5beaf4f0b8d2727aa8270acd862a9faf5b70748a4e6f790f7507961ca0a0c2d2b3ce367d99c56e09ea31ec98b6ac5e7f5ef8e5de38136c820ba8ad23506f18e2e85e77e5d4f25d690a36d8dad87e27c870da5c03e50baeea45ad7123d57c3bb351f5709df55c8ed35bc421b69fed2ccaca7fb89541eab0da883b64363a4c3604756dea935e60f34b8ff793f71a54c0f30bbfe0b13b7b8c1ec68766eed29bfde630c41342ffdff761d368678b6b0d6648b9a2d87c49ca8fd94ca9175dd47ae7c03e7ec34ccb7dd117ffc4b
I: MonitorObliviousTransfer::next
I: GeneratePublicKey::next
D:  sending message (size 0.000768 MB)
I: MonitorObliviousTransfer::next
I: SendPublicKey::next
I: MonitorObliviousTransfer::next
I: RecvEncryptedMessages::next
I: MonitorObliviousTransfer::next
I: DecryptChosenMessage::next
I: MonitorObliviousTransfer::next
I: ChooserDone::next
I: MonitorObliviousTransfer::next
I: MonitorObliviousTransfer::next
I: InitChooser::next
I: MonitorObliviousTransfer::next
I: RecvConstant::next
D: received message: 46bec9b61afa6a4bc7ad35273b84c4fe4ac48dae88316db496558373c65c46b09d91d702ab4f56f54190529eb2c542d394f70efa1021d9c34c87c5d3a3c567bf1e1af108572d703b2e0a2c62f012bfd76d5e7d30c7eeecc640f4d7bbf8a5f8a6bafa0ed8527e5f1ca5769847e3dc322799f5339dae438215d10850e7a7f56b81e8fe83cbcd1ff993f8d9784ad5ac77f8938797c7ed6aab0feed9081bc37dc8db0cebdb1aba6cf31a6d9026de45ff070e84fd8dac43c9f7440d6b0424aad3e8b365a1ee7d2a9d3733c4719190aefdd659fa34aa839d3350132c3085a683a1b19f54dce25621cd23f8f927ead74695c4a9b5ae45218d3c22105ffde0b122c00e4df652170a57076c5aa6f1ba2815d3694b3e81d7875500a9e30aa76553843bdc2e8125c31e3179f55730cbe93d9489c788e12169c4f2685bc883de895545b04ed348f82b706cd0f833f2e98a315fd43fed92d784040c54b0b7ec76e42c099249461b25c6032727a07208d13d136ce1dc6021342d859d98bf280d475f3f01922b0d
I: MonitorObliviousTransfer::next
I: GeneratePublicKey::next
D:  sending message (size 0.000768 MB)
I: MonitorObliviousTransfer::next
I: SendPublicKey::next
I: MonitorObliviousTransfer::next
I: RecvEncryptedMessages::next
I: MonitorObliviousTransfer::next
I: DecryptChosenMessage::next
I: MonitorObliviousTransfer::next
I: ChooserDone::next
I: MonitorObliviousTransfer::next
I: MonitorObliviousTransfer::next
I: EvaluateCircuit::next
D:  sending message (size 0.000001 MB)
I: SendOutputBit::next
I: ==== round duration: 96067.804688 ms ====
I: CopyMonitorStateLabels::next
I: RecvGarbledGates::next
I: RecvSystemInputLabels::next
I: RecvFlagBitLabels::next
I: EvaluateCircuit::next
D:  sending message (size 0.000001 MB)
I: SendOutputBit::next
I: ==== round duration: 96934.304688 ms ====
I: CopyMonitorStateLabels::next
I: RecvGarbledGates::next
I: RecvSystemInputLabels::next
I: RecvFlagBitLabels::next
I: EvaluateCircuit::next
D:  sending message (size 0.000001 MB)
I: SendOutputBit::next
I: ==== round duration: 98415.390625 ms ====
I: FaultObserved::next
I: MonitorDone::next
