I: parsing spec file timekeeper+.v...
skipping synthesis, BLIF file already exists.
I: parsing BLIF file synth.blif...
D: inputs and outputs parsed.
D: circuit initialized.
D: connections (#738) parsed.
D: gates (#7056) parsed.
D: outputs: 8280 8283 8286 8289 8292 8295 8298 8301 8304 8307 8310 8313 8316 8319 8322 8325 8328 8331 8334 8337 8340 8343 8346 8349 8352 8355 8358 8361 8364 8367 8370 8372 8278 
D: circuit size: 8373
D: adding identity gates for outputs...
D: outputs after identity: 8406 8407 8408 8409 8410 8411 8412 8413 8414 8415 8416 8417 8418 8419 8420 8421 8422 8423 8424 8425 8426 8427 8428 8429 8430 8431 8432 8433 8434 8435 8436 8437 8438 
D: circuit size after identity: 8439
I: initializing safe primes...
I: using prime modulus 179769313486231590770839156793787453197860296048756011706444423684197180216158519368947833795864925541502180565485980503646440548199239100050792877003355816639229553136239076508735759914822574862575007425302077447712589550957937778424442426617334727629299387668709205606050270810842907692932019128194467627007
D:  sending message (size 0.000004 MB)
I: InitMonitor::next
I: GenerateDriverLabels::next
D:   driver labels generated in 6599.379883 ms
I: GenerateInWireKeys::next
D:   in-wire keys generated in 3679.322998 ms
D: SendLabels::message
D:   generating in-wire labels for 7127 gates
D:   in-wire labels generated in 3913.653076 ms
D:  gateCount: 7127
D:  sending message (size 5.830347 MB)
I: SendLabels::next
I: RecvGarbledGates::next
I: RecvSystemInputLabels::next
I: RecvFlagBitLabels::next
I: MonitorObliviousTransfer::next
I: InitChooser::next
I: MonitorObliviousTransfer::next
I: RecvConstant::next
D: received message: 8920ee3354ace52063648b824adb8450016e03c0ce9ce1a50dd1c5cb8ea9d5f2a069d3618792ba7d41efa7202d2b87723ce6e539acfcfedf3f969e1cfbdf4f0ecf1888f8b02cfdbfef8050f7b07f249f9b0748889fa6fd0b85a77aae0405639101e514bbcb4d28ed65c03fa4ed5c8e90810b7edb92f6d5a2148f3df0bd29075e
I: MonitorObliviousTransfer::next
I: GeneratePublicKey::next
D:  sending message (size 0.000256 MB)
I: MonitorObliviousTransfer::next
I: SendPublicKey::next
I: MonitorObliviousTransfer::next
I: RecvEncryptedMessages::next
I: MonitorObliviousTransfer::next
I: DecryptChosenMessage::next
I: MonitorObliviousTransfer::next
I: ChooserDone::next
I: MonitorObliviousTransfer::next
I: MonitorObliviousTransfer::next
I: InitChooser::next
I: MonitorObliviousTransfer::next
I: RecvConstant::next
D: received message: 927c8a1ee96101b4d2c0442f3b025fb037ea568273b3150ad8b65289e6fe48fa09ccd85ce64e34d9ec440e2a646ea5c611445d3e773166cfd6c85e0ac3f05b9f1fca329d90abb9578c5dab250be26320d072758991cd449e4c18e21c90b69f157cd8057457cca70a7963def3d3793b8f50eee7f41e91a8ccc733578be63c6c83
I: MonitorObliviousTransfer::next
I: GeneratePublicKey::next
D:  sending message (size 0.000256 MB)
I: MonitorObliviousTransfer::next
I: SendPublicKey::next
I: MonitorObliviousTransfer::next
I: RecvEncryptedMessages::next
I: MonitorObliviousTransfer::next
I: DecryptChosenMessage::next
I: MonitorObliviousTransfer::next
I: ChooserDone::next
I: MonitorObliviousTransfer::next
I: MonitorObliviousTransfer::next
I: InitChooser::next
I: MonitorObliviousTransfer::next
I: RecvConstant::next
D: received message: 811cb5fb6f8e6c5c5346a1a4a632c2ac12b4a4748cc0c797141f350acd31814e516eafb5810edfa3d61ddde7222a2646d6c4681f0070786e540e4088c0647df88f0af225fd7aa2c34d018e063a37c37bbe3dcff4aa499b4f761e8eaf7e521b171c2dffc03b607c7be0576581602460bb071a8c568c750b02e02fcc42dab8cd6b
I: MonitorObliviousTransfer::next
I: GeneratePublicKey::next
D:  sending message (size 0.000256 MB)
I: MonitorObliviousTransfer::next
I: SendPublicKey::next
I: MonitorObliviousTransfer::next
I: RecvEncryptedMessages::next
I: MonitorObliviousTransfer::next
I: DecryptChosenMessage::next
I: MonitorObliviousTransfer::next
I: ChooserDone::next
I: MonitorObliviousTransfer::next
I: MonitorObliviousTransfer::next
I: InitChooser::next
I: MonitorObliviousTransfer::next
I: RecvConstant::next
D: received message: 9e4f8f3a73891d232e1f5fdd27164f0cdec0db680b413572e8b75ccc672dc3b158cc7adb95b1bc3673363b577e97e4f95921e9d7427a33d4feb3080e91fb22fa4f484bf788b69b251ffcae54e3cddf9c508eb4960d1412d6400f3700ae75a7e1560ccde700aca2fd22e4d92baec9375a99c350e6ce89c4d5c558a93f80ef9ece
I: MonitorObliviousTransfer::next
I: GeneratePublicKey::next
D:  sending message (size 0.000256 MB)
I: MonitorObliviousTransfer::next
I: SendPublicKey::next
I: MonitorObliviousTransfer::next
I: RecvEncryptedMessages::next
I: MonitorObliviousTransfer::next
I: DecryptChosenMessage::next
I: MonitorObliviousTransfer::next
I: ChooserDone::next
I: MonitorObliviousTransfer::next
I: MonitorObliviousTransfer::next
I: InitChooser::next
I: MonitorObliviousTransfer::next
I: RecvConstant::next
D: received message: 70b879d7e1e36dbde31fe0d60278fa1cdc458d6acba511343985f0a22219f6563e6c8c0e1450372ecfe0a2ccdddb3d95330acc0edd01811e5c0a02f1db26319979b9dfde900e75c5a54c48630ec9f271664a3641d2551a5c523b94594ce678a057d0cdc4648c95ca567d728392cbe3bc3ee0f4ea079470bb36cbeb3c554421fd
I: MonitorObliviousTransfer::next
I: GeneratePublicKey::next
D:  sending message (size 0.000256 MB)
I: MonitorObliviousTransfer::next
I: SendPublicKey::next
I: MonitorObliviousTransfer::next
I: RecvEncryptedMessages::next
I: MonitorObliviousTransfer::next
I: DecryptChosenMessage::next
I: MonitorObliviousTransfer::next
I: ChooserDone::next
I: MonitorObliviousTransfer::next
I: MonitorObliviousTransfer::next
I: InitChooser::next
I: MonitorObliviousTransfer::next
I: RecvConstant::next
D: received message: de2cbe55f31f3b6d68b3a6437fd06219336597b8d726f364722e1f1ca10187b1b53dc6c72e3b3e58240f19dcf17400e64b51121a82d9c13f123fb6e4f9f40884c1bf3c73973a438f5dc1dbb9ef231625a788326e3529ae2f4b71712a4ca3fe55a7962d25ce8067dc6cc64083c796b779abda81491b108a9c85777d42a9ca2196
I: MonitorObliviousTransfer::next
I: GeneratePublicKey::next
D:  sending message (size 0.000256 MB)
I: MonitorObliviousTransfer::next
I: SendPublicKey::next
I: MonitorObliviousTransfer::next
I: RecvEncryptedMessages::next
I: MonitorObliviousTransfer::next
I: DecryptChosenMessage::next
I: MonitorObliviousTransfer::next
I: ChooserDone::next
I: MonitorObliviousTransfer::next
I: MonitorObliviousTransfer::next
I: InitChooser::next
I: MonitorObliviousTransfer::next
I: RecvConstant::next
D: received message: 6ee6fbcd58b901c224bf754d032623b3bf5b6ece98c44e5bf7c186692c5d6c6d9e37b97adfc6196ceb8e4720a5e3ccab798eefed2bf6ed1984d49eaadd93951eadd5f8627cb0681bc8624cc69923c8489c9f02622434433df72360ec23d8aa0d8d8c5b1d1c86fd516a86b2705919374da37ef63805506938b7bac1568679ff90
I: MonitorObliviousTransfer::next
I: GeneratePublicKey::next
D:  sending message (size 0.000256 MB)
I: MonitorObliviousTransfer::next
I: SendPublicKey::next
I: MonitorObliviousTransfer::next
I: RecvEncryptedMessages::next
I: MonitorObliviousTransfer::next
I: DecryptChosenMessage::next
I: MonitorObliviousTransfer::next
I: ChooserDone::next
I: MonitorObliviousTransfer::next
I: MonitorObliviousTransfer::next
I: InitChooser::next
I: MonitorObliviousTransfer::next
I: RecvConstant::next
D: received message: ee3c51632e8f375b42fe9fb5a7327ba4b01416a1eb7c8b60d81a8fac61d495d41a6c627ac665a222afa13ee0dd1a78ff65bc49828bfd1da34a5b56f91ff0414d212374df9269bee56e90c8999f28d9d87e938f36380a581e9ded4a3d8fac15864cf6d221de34cdddfbd3ad2e13d7cc3a2d0e082c74e85f03d289e44166c73b9
I: MonitorObliviousTransfer::next
I: GeneratePublicKey::next
D:  sending message (size 0.000256 MB)
I: MonitorObliviousTransfer::next
I: SendPublicKey::next
I: MonitorObliviousTransfer::next
I: RecvEncryptedMessages::next
I: MonitorObliviousTransfer::next
I: DecryptChosenMessage::next
I: MonitorObliviousTransfer::next
I: ChooserDone::next
I: MonitorObliviousTransfer::next
I: MonitorObliviousTransfer::next
I: InitChooser::next
I: MonitorObliviousTransfer::next
I: RecvConstant::next
D: received message: e75292c350fa27c46d9b2cade043ae4f3c4826de719a8211ff65ea11d942bb29de98929e2229062303d1eeb312529c65f83a7ee2252665dfcc66e8cd9355a7276d34fcb722e507c6e470cd4580fbd88d925375598827022244935b7043722c319a716c69bb7fbfacac8df0b4ffb01f71cb506189a78ee5c8815f217b01c1bfc7
I: MonitorObliviousTransfer::next
I: GeneratePublicKey::next
D:  sending message (size 0.000256 MB)
I: MonitorObliviousTransfer::next
I: SendPublicKey::next
I: MonitorObliviousTransfer::next
I: RecvEncryptedMessages::next
I: MonitorObliviousTransfer::next
I: DecryptChosenMessage::next
I: MonitorObliviousTransfer::next
I: ChooserDone::next
I: MonitorObliviousTransfer::next
I: MonitorObliviousTransfer::next
I: InitChooser::next
I: MonitorObliviousTransfer::next
I: RecvConstant::next
D: received message: 2a68c5a774a3435af02a97b43ce1b517078d33a5268fc021e4547821a82fdb078216bed9468b91913d23c712a5ee3b637d10d41425c5c8bde7e25b7ae63511689f5150545793d82476f3abc203fde0d68f952a28504cdd26ffc557f7af38efb06b973d44debe3f2cfcac6f8c28f661f74ec073b237be499967957014f2004051
I: MonitorObliviousTransfer::next
I: GeneratePublicKey::next
D:  sending message (size 0.000256 MB)
I: MonitorObliviousTransfer::next
I: SendPublicKey::next
I: MonitorObliviousTransfer::next
I: RecvEncryptedMessages::next
I: MonitorObliviousTransfer::next
I: DecryptChosenMessage::next
I: MonitorObliviousTransfer::next
I: ChooserDone::next
I: MonitorObliviousTransfer::next
I: MonitorObliviousTransfer::next
I: InitChooser::next
I: MonitorObliviousTransfer::next
I: RecvConstant::next
D: received message: b5e53aab64ef6705275bbb9a2554b3510238a54088acfea85e5af424d0762acc827670f3b7565d1c4624c5a010025f178344a030bbea6b6904b47292eca9919cc1b3b2744d01a25a9b78f4266fee01bc566d0d41879810154d3ed2fbf77cce70f75588547dd19e87c6ae892d61cea3f8a7947d6e58b3a3949a9c6f34e0a77a45
I: MonitorObliviousTransfer::next
I: GeneratePublicKey::next
D:  sending message (size 0.000256 MB)
I: MonitorObliviousTransfer::next
I: SendPublicKey::next
I: MonitorObliviousTransfer::next
I: RecvEncryptedMessages::next
I: MonitorObliviousTransfer::next
I: DecryptChosenMessage::next
I: MonitorObliviousTransfer::next
I: ChooserDone::next
I: MonitorObliviousTransfer::next
I: MonitorObliviousTransfer::next
I: InitChooser::next
I: MonitorObliviousTransfer::next
I: RecvConstant::next
D: received message: 4b81005653cb7e4b6ad5dd401496d926794928c0d0d753ded857313760a8c3058d7cba226aee18b28283e3a0d638eccf768e32248fb301fea3e57b49848d6afa9c36f322a6bbd319650c07b320ded18481114abf1be20dc3a7d5c94897813b0c18a91ddb75b684752fcf3bd762f3d66c8d16378b864b08e167f794ac52f23b9d
I: MonitorObliviousTransfer::next
I: GeneratePublicKey::next
D:  sending message (size 0.000256 MB)
I: MonitorObliviousTransfer::next
I: SendPublicKey::next
I: MonitorObliviousTransfer::next
I: RecvEncryptedMessages::next
I: MonitorObliviousTransfer::next
I: DecryptChosenMessage::next
I: MonitorObliviousTransfer::next
I: ChooserDone::next
I: MonitorObliviousTransfer::next
I: MonitorObliviousTransfer::next
I: InitChooser::next
I: MonitorObliviousTransfer::next
I: RecvConstant::next
D: received message: 3f492966dcf7965a26bea96f77421751eabcf5c6d0fa369c72b35098ce4384845a6aa1c46a88bbd15f50cf603969278b877954d875f59afb86fea6c2ffc276581516c9ca0c20fb63936d085b1d062be18025d785c5dca32ebef8bd5db15d293f4d2548896946df47aaf89d389fa71ce2ec8d259866a24de6e6ab517b026ee9ed
I: MonitorObliviousTransfer::next
I: GeneratePublicKey::next
D:  sending message (size 0.000256 MB)
I: MonitorObliviousTransfer::next
I: SendPublicKey::next
I: MonitorObliviousTransfer::next
I: RecvEncryptedMessages::next
I: MonitorObliviousTransfer::next
I: DecryptChosenMessage::next
I: MonitorObliviousTransfer::next
I: ChooserDone::next
I: MonitorObliviousTransfer::next
I: MonitorObliviousTransfer::next
I: InitChooser::next
I: MonitorObliviousTransfer::next
I: RecvConstant::next
D: received message: a450026b8859f0ecc9e5e13f1af7993797f84e5d54c22301bf1b7b1554bb17da470cc657cccf6db54223b0edee35fbef320692923ede33718f31491ed41e8f3deaf2efae1e4efc903f013350a0e772e34b52772d7f1b10cf08677b7206790af77a16a730e69f1a23efa637ba5a5cc13766b8c477e746553e357b68b1e1a03029
I: MonitorObliviousTransfer::next
I: GeneratePublicKey::next
D:  sending message (size 0.000256 MB)
I: MonitorObliviousTransfer::next
I: SendPublicKey::next
I: MonitorObliviousTransfer::next
I: RecvEncryptedMessages::next
I: MonitorObliviousTransfer::next
I: DecryptChosenMessage::next
I: MonitorObliviousTransfer::next
I: ChooserDone::next
I: MonitorObliviousTransfer::next
I: MonitorObliviousTransfer::next
I: InitChooser::next
I: MonitorObliviousTransfer::next
I: RecvConstant::next
D: received message: 5b6a15cf6a2c7a33b50581f676109296def9b970d4a9421b7f5a6806258e913f665a560a6eb9eec9404e14aded473bf376b3f76e4e46f2caa0abf3831e6069f9c9828a395ec0f5ff361924c1ee13dfe443e75b5de86daec007b17ea4af6fc1b9b62e154aadbf6ff26b66583adf30f5956adacd8c339f93ccb980a08849050cf4
I: MonitorObliviousTransfer::next
I: GeneratePublicKey::next
D:  sending message (size 0.000255 MB)
I: MonitorObliviousTransfer::next
I: SendPublicKey::next
I: MonitorObliviousTransfer::next
I: RecvEncryptedMessages::next
I: MonitorObliviousTransfer::next
I: DecryptChosenMessage::next
I: MonitorObliviousTransfer::next
I: ChooserDone::next
I: MonitorObliviousTransfer::next
I: MonitorObliviousTransfer::next
I: InitChooser::next
I: MonitorObliviousTransfer::next
I: RecvConstant::next
D: received message: 9ec77f6d2db1c1660947ecb23f4a84d4da5aa83f9bef665d7c5f5839af04507cb55011a74ceaf950e12c29c2ee137f8d4ecf137656ce0173c1abdacb5b0e96656cb36a6397a8cfcc00302b921d4411c89639affe6aa1d1d7fc3a8610ebcaee25c97da6158c201b21d5968b5932f2f95d00843189c139d24dccf03c5e87116a1c
I: MonitorObliviousTransfer::next
I: GeneratePublicKey::next
D:  sending message (size 0.000256 MB)
I: MonitorObliviousTransfer::next
I: SendPublicKey::next
I: MonitorObliviousTransfer::next
I: RecvEncryptedMessages::next
I: MonitorObliviousTransfer::next
I: DecryptChosenMessage::next
I: MonitorObliviousTransfer::next
I: ChooserDone::next
I: MonitorObliviousTransfer::next
I: MonitorObliviousTransfer::next
I: InitChooser::next
I: MonitorObliviousTransfer::next
I: RecvConstant::next
D: received message: 8535ebaa4a17e29c1e33ca423ed30371fdaf40d088ee9cb555a12e7aedfcf07ed5330d05a156c012abf0b3aefbe2adbd34a7ce423706c73c6832ead8232653b8c62ad883d98aaa151270e6741c500ea22b29aed2eaaa25be647c3dc4bd0481aff7253f7cec6b173052a35678a2c0c8b978f4e5c17e4f80e8a82b68f09aad0b9d
I: MonitorObliviousTransfer::next
I: GeneratePublicKey::next
D:  sending message (size 0.000256 MB)
I: MonitorObliviousTransfer::next
I: SendPublicKey::next
I: MonitorObliviousTransfer::next
I: RecvEncryptedMessages::next
I: MonitorObliviousTransfer::next
I: DecryptChosenMessage::next
I: MonitorObliviousTransfer::next
I: ChooserDone::next
I: MonitorObliviousTransfer::next
I: MonitorObliviousTransfer::next
I: InitChooser::next
I: MonitorObliviousTransfer::next
I: RecvConstant::next
D: received message: 1f37f4a9950d43a51cfbe96f7fa775bfc8ba2422f45f81bff7381a6cd7e1f23c0bf2bae12f5e0aa1a3935ba9db2c8ea3d8add0dc950df719f03d6791e90f91d238bce099158226ba35a23e18471a91ee48022969db4bec8232b55e213a3ebca018982fe8508e4e6e3e0f1f6a038c9d25e69780100f075515f9084a23ded796ba
I: MonitorObliviousTransfer::next
I: GeneratePublicKey::next
D:  sending message (size 0.000256 MB)
I: MonitorObliviousTransfer::next
I: SendPublicKey::next
I: MonitorObliviousTransfer::next
I: RecvEncryptedMessages::next
I: MonitorObliviousTransfer::next
I: DecryptChosenMessage::next
I: MonitorObliviousTransfer::next
I: ChooserDone::next
I: MonitorObliviousTransfer::next
I: MonitorObliviousTransfer::next
I: InitChooser::next
I: MonitorObliviousTransfer::next
I: RecvConstant::next
D: received message: 9873976a6a89793237e595ecac8b2e82db8e40e1cce11ad8a75866d6e68377869765f835995854512311e7299e6b6bcb6f701fc83bc02abd1ecb33e4a622fa11fdfd1d13df262b6c748d76ae82ca67a7e2aa0619055695594901a3651218963a1696c1ad33a6bcfd5702a1a754948dc28ee5f25c38ca9a70a93d3dd9bd15d130
I: MonitorObliviousTransfer::next
I: GeneratePublicKey::next
D:  sending message (size 0.000256 MB)
I: MonitorObliviousTransfer::next
I: SendPublicKey::next
I: MonitorObliviousTransfer::next
I: RecvEncryptedMessages::next
I: MonitorObliviousTransfer::next
I: DecryptChosenMessage::next
I: MonitorObliviousTransfer::next
I: ChooserDone::next
I: MonitorObliviousTransfer::next
I: MonitorObliviousTransfer::next
I: InitChooser::next
I: MonitorObliviousTransfer::next
I: RecvConstant::next
D: received message: 36ab1d83b176c3121f5d1896610adfc8b109e19f77c7e29fb0d1c151db096df2de5c653718a8880f12aead0849f81361afa0ce97f1e46ac5e1f1a690e00ae91a4c50c35fdf84d0ff45a0d9c840e7f14702c779a0a6b91f3196d5b3d4e083f903460262a5f0fafc7cb6266ec5d4c8e48b4b12fae8e81d1b77d919bed84978fe92
I: MonitorObliviousTransfer::next
I: GeneratePublicKey::next
D:  sending message (size 0.000256 MB)
I: MonitorObliviousTransfer::next
I: SendPublicKey::next
I: MonitorObliviousTransfer::next
I: RecvEncryptedMessages::next
I: MonitorObliviousTransfer::next
I: DecryptChosenMessage::next
I: MonitorObliviousTransfer::next
I: ChooserDone::next
I: MonitorObliviousTransfer::next
I: MonitorObliviousTransfer::next
I: InitChooser::next
I: MonitorObliviousTransfer::next
I: RecvConstant::next
D: received message: d16b4b59cd6cb27f4cf7ea7bef737daa5f5836d042fde593e93d6ba92725076141e775b91e3ec9587649b5c8177292e85c941dd5c14f9c7da274cd4688b36e3c6f85cecfc3ab06f04664b541e23c1ac4acab808efb6ce6692f3d755d2e9eeeadcddeda012e6b3500a144e2f1740add15b960dfb6cd0325fb6cea2639114b6f2b
I: MonitorObliviousTransfer::next
I: GeneratePublicKey::next
D:  sending message (size 0.000256 MB)
I: MonitorObliviousTransfer::next
I: SendPublicKey::next
I: MonitorObliviousTransfer::next
I: RecvEncryptedMessages::next
I: MonitorObliviousTransfer::next
I: DecryptChosenMessage::next
I: MonitorObliviousTransfer::next
I: ChooserDone::next
I: MonitorObliviousTransfer::next
I: MonitorObliviousTransfer::next
I: InitChooser::next
I: MonitorObliviousTransfer::next
I: RecvConstant::next
D: received message: bd8292ed74649d74fb0c8eca0dfd8620bde408843fcb7d4244d424a60e2e914f501683583b051fdca83d59f97c073d69971c84dc7f6103690d304abe502915cb334ddf9a77b730fca375e5cc9ac5d6e4acb8bae5bd5a988519573addb10bd807fb5bc812ae75bbfa1e0671e0ff58db229a985561715a5e9f98a010f71b2255f0
I: MonitorObliviousTransfer::next
I: GeneratePublicKey::next
D:  sending message (size 0.000256 MB)
I: MonitorObliviousTransfer::next
I: SendPublicKey::next
I: MonitorObliviousTransfer::next
I: RecvEncryptedMessages::next
I: MonitorObliviousTransfer::next
I: DecryptChosenMessage::next
I: MonitorObliviousTransfer::next
I: ChooserDone::next
I: MonitorObliviousTransfer::next
I: MonitorObliviousTransfer::next
I: InitChooser::next
I: MonitorObliviousTransfer::next
I: RecvConstant::next
D: received message: adcd6f8c87a9134328f08b4c367ad889a2f34e330e915d0b22b8d89a6ca165cdaf8bf14742b50fc48bb06605f34dbbbf43ed19a2a411c77f2f3b30346fe3d50a7be213c85f7e83d53a792388eb9814046ed0bc191dbe3c70b9c0cd81021c646cfe72e956787e2d7fd1a9b274364eeb6e9f9fb20aa4df340c74c67eee631c9f99
I: MonitorObliviousTransfer::next
I: GeneratePublicKey::next
D:  sending message (size 0.000256 MB)
I: MonitorObliviousTransfer::next
I: SendPublicKey::next
I: MonitorObliviousTransfer::next
I: RecvEncryptedMessages::next
I: MonitorObliviousTransfer::next
I: DecryptChosenMessage::next
I: MonitorObliviousTransfer::next
I: ChooserDone::next
I: MonitorObliviousTransfer::next
I: MonitorObliviousTransfer::next
I: InitChooser::next
I: MonitorObliviousTransfer::next
I: RecvConstant::next
D: received message: 647a0f6a2a3760daf4a3d1006ed12d5cf531a25968401cedb23a6665e3855ecb5c8c0e7433e845d10cf7fec5ce116caa9a4992ce9f23f507630b4a94f19b3c58da5b1c50696ed33b7d08bbc5523901ae452cbf084b872e5d2f5d732eb05e142629cf6db01afed68b95d75c796ccea19b7670a3e9f2349032c3de4b6f36aaafa6
I: MonitorObliviousTransfer::next
I: GeneratePublicKey::next
D:  sending message (size 0.000256 MB)
I: MonitorObliviousTransfer::next
I: SendPublicKey::next
I: MonitorObliviousTransfer::next
I: RecvEncryptedMessages::next
I: MonitorObliviousTransfer::next
I: DecryptChosenMessage::next
I: MonitorObliviousTransfer::next
I: ChooserDone::next
I: MonitorObliviousTransfer::next
I: MonitorObliviousTransfer::next
I: InitChooser::next
I: MonitorObliviousTransfer::next
I: RecvConstant::next
D: received message: 4399753420f1e810890c1b53970d75d58d20e3a2df8a344f61cc1bd701baf8185185defc8bd3acbbd824d5b2f4f661506d423fca1a483f34be061eaf6dc34f4f8d23df7c74e5579a8271c4d491655b1c8979bb739404b08d7bfef6f504b47e09979d85aaaea89ad35c249da633572c46c626a17ca4e9f1db831b8cf732c47a71
I: MonitorObliviousTransfer::next
I: GeneratePublicKey::next
D:  sending message (size 0.000256 MB)
I: MonitorObliviousTransfer::next
I: SendPublicKey::next
I: MonitorObliviousTransfer::next
I: RecvEncryptedMessages::next
I: MonitorObliviousTransfer::next
I: DecryptChosenMessage::next
I: MonitorObliviousTransfer::next
I: ChooserDone::next
I: MonitorObliviousTransfer::next
I: MonitorObliviousTransfer::next
I: InitChooser::next
I: MonitorObliviousTransfer::next
I: RecvConstant::next
D: received message: 106aa2ee104992cd1f73af1dd322ac40c6ddd7091f77e7bf8d66fd5ef32b24882c52ea19b37b5ade5894d6e20691e429ee66edbc7d02818f76cedf738be63c09614ff458b04d25ffbf700e013ba9c37a1af731e52b34841fa51c0e31941981a2e82bb7f4143e20c717fd2cc11f68018e286cf027a792014c9761f7570f65a610
I: MonitorObliviousTransfer::next
I: GeneratePublicKey::next
D:  sending message (size 0.000256 MB)
I: MonitorObliviousTransfer::next
I: SendPublicKey::next
I: MonitorObliviousTransfer::next
I: RecvEncryptedMessages::next
I: MonitorObliviousTransfer::next
I: DecryptChosenMessage::next
I: MonitorObliviousTransfer::next
I: ChooserDone::next
I: MonitorObliviousTransfer::next
I: MonitorObliviousTransfer::next
I: InitChooser::next
I: MonitorObliviousTransfer::next
I: RecvConstant::next
D: received message: 547fdba96e5e5f10d22abacac2596c0431a4b37a8fbdad45403fff65596a3ca33b7a7e138918540191457cd5d9b1571a1fe6fde4dbbdbb37ba62f934643129cb3bb3e81bf442a983e5d115f5d1d8e7084f421da82847b81580fefd0aafb13969c61ced736e0e1c49e46351730c5b85e260714d43d775c1a274cea7cdb2d34bad
I: MonitorObliviousTransfer::next
I: GeneratePublicKey::next
D:  sending message (size 0.000256 MB)
I: MonitorObliviousTransfer::next
I: SendPublicKey::next
I: MonitorObliviousTransfer::next
I: RecvEncryptedMessages::next
I: MonitorObliviousTransfer::next
I: DecryptChosenMessage::next
I: MonitorObliviousTransfer::next
I: ChooserDone::next
I: MonitorObliviousTransfer::next
I: MonitorObliviousTransfer::next
I: InitChooser::next
I: MonitorObliviousTransfer::next
I: RecvConstant::next
D: received message: fbbe34636f368dca6a928b078e756f4f21a1c8d709b343d362f6fcc42fc6d12dd183384f4484ec855ff345dadfe15c6b8a3fffb8286a7d9465b9f9bc88f4c8aae3fde6358e366cfe902ff4d46c8b991acf13b55ff2ba9bd74c36e49b16e9980e29fa84ed3c0d8a68ebfb319c8415a53f60dc2d5e535cbe32372cfe35baa3fae5
I: MonitorObliviousTransfer::next
I: GeneratePublicKey::next
D:  sending message (size 0.000256 MB)
I: MonitorObliviousTransfer::next
I: SendPublicKey::next
I: MonitorObliviousTransfer::next
I: RecvEncryptedMessages::next
I: MonitorObliviousTransfer::next
I: DecryptChosenMessage::next
I: MonitorObliviousTransfer::next
I: ChooserDone::next
I: MonitorObliviousTransfer::next
I: MonitorObliviousTransfer::next
I: InitChooser::next
I: MonitorObliviousTransfer::next
I: RecvConstant::next
D: received message: f86abd290cc8ebbf02919405af4a35feeaab6399f931e0614b71b0eb44d464e1faefe5b22e1ec1087d00182f2960ddd75959d06ff802f49267a839909125969b0e1181d53e8c73bf84854e4aa9ca9ec6c0576712c3533a3dad7d979ff0bfb36d7f8a266c0b3d370f9494c04de551474f6f6b55306ca0d21c779bff2213b3b6d4
I: MonitorObliviousTransfer::next
I: GeneratePublicKey::next
D:  sending message (size 0.000256 MB)
I: MonitorObliviousTransfer::next
I: SendPublicKey::next
I: MonitorObliviousTransfer::next
I: RecvEncryptedMessages::next
I: MonitorObliviousTransfer::next
I: DecryptChosenMessage::next
I: MonitorObliviousTransfer::next
I: ChooserDone::next
I: MonitorObliviousTransfer::next
I: MonitorObliviousTransfer::next
I: InitChooser::next
I: MonitorObliviousTransfer::next
I: RecvConstant::next
D: received message: c460571a92ef08675b0ba3ee93083413cdaf910509813fc7e01ac041f6599bb25aaed345024cfe85459143ee524b25b000b788c27380acaa45bc6bd8aa4e6db58f8a514f4c19590a5963bcb76370064373755e2b63b28a64799529957470fbf1c583c4d2347ac09e08ff7f43bba12b3a11ff82ea73e55212a164031cafe24207
I: MonitorObliviousTransfer::next
I: GeneratePublicKey::next
D:  sending message (size 0.000256 MB)
I: MonitorObliviousTransfer::next
I: SendPublicKey::next
I: MonitorObliviousTransfer::next
I: RecvEncryptedMessages::next
I: MonitorObliviousTransfer::next
I: DecryptChosenMessage::next
I: MonitorObliviousTransfer::next
I: ChooserDone::next
I: MonitorObliviousTransfer::next
I: MonitorObliviousTransfer::next
I: InitChooser::next
I: MonitorObliviousTransfer::next
I: RecvConstant::next
D: received message: 39086fb478e6a71efaba3c58fc66aab05f6c62541bb237e3659798ee784bbcb0f6981c9badb72374c8c3e92e10766297d5b394c286e46a6a6b183680c67008603f04fecdcd0636f1e09d5a1e9d758396bdffd6f882db5e5316eafaee03f79abd20a3580943c84b267e696d95b6898c99fb0afe6d3a3f1bb54ad10538e5539b96
I: MonitorObliviousTransfer::next
I: GeneratePublicKey::next
D:  sending message (size 0.000256 MB)
I: MonitorObliviousTransfer::next
I: SendPublicKey::next
I: MonitorObliviousTransfer::next
I: RecvEncryptedMessages::next
I: MonitorObliviousTransfer::next
I: DecryptChosenMessage::next
I: MonitorObliviousTransfer::next
I: ChooserDone::next
I: MonitorObliviousTransfer::next
I: MonitorObliviousTransfer::next
I: InitChooser::next
I: MonitorObliviousTransfer::next
I: RecvConstant::next
D: received message: 97deb837c691531412d88cabee3dd854bc7e95d3710df01213135d55d4ffbc51437a76ac6422f4515116be6a373eee87aa075e81a1a500859d1a7c213e212a50eac52a15e902bbf7b723e8fe2143ea45347ca365c2ef508560f03ece64032535a58157def34cf40f2fc24b7bdadf0c961e8463b944d3b5c9f8e8cefad7411c89
I: MonitorObliviousTransfer::next
I: GeneratePublicKey::next
D:  sending message (size 0.000256 MB)
I: MonitorObliviousTransfer::next
I: SendPublicKey::next
I: MonitorObliviousTransfer::next
I: RecvEncryptedMessages::next
I: MonitorObliviousTransfer::next
I: DecryptChosenMessage::next
I: MonitorObliviousTransfer::next
I: ChooserDone::next
I: MonitorObliviousTransfer::next
I: MonitorObliviousTransfer::next
I: EvaluateCircuit::next
D:  sending message (size 0.000001 MB)
I: SendOutputBit::next
I: ==== round duration: 4571.130371 ms ====
I: CopyMonitorStateLabels::next
I: RecvGarbledGates::next
I: RecvSystemInputLabels::next
I: RecvFlagBitLabels::next
I: EvaluateCircuit::next
D:  sending message (size 0.000001 MB)
I: SendOutputBit::next
I: ==== round duration: 4531.387695 ms ====
I: FaultObserved::next
I: MonitorDone::next
