I: parsing spec file timekeeper+.v...
skipping synthesis, BLIF file already exists.
I: parsing BLIF file synth.blif...
D: inputs and outputs parsed.
D: circuit initialized.
D: connections (#4034) parsed.
D: gates (#42010) parsed.
D: outputs: 47008 47011 47014 47017 47020 47023 47026 47029 47032 47035 47038 47041 47044 47047 47050 47053 47056 47059 47062 47065 47068 47071 47074 47077 47080 47083 47086 47089 47092 47095 47098 47102 47105 47108 47111 47114 47117 47120 47123 47126 47129 47132 47135 47138 47141 47144 47147 47150 47153 47156 47159 47162 47165 47168 47171 47174 47177 47180 47183 47186 47189 47192 47195 47198 47006 
D: circuit size: 47199
D: adding identity gates for outputs...
D: outputs after identity: 47264 47265 47266 47267 47268 47269 47270 47271 47272 47273 47274 47275 47276 47277 47278 47279 47280 47281 47282 47283 47284 47285 47286 47287 47288 47289 47290 47291 47292 47293 47294 47295 47296 47297 47298 47299 47300 47301 47302 47303 47304 47305 47306 47307 47308 47309 47310 47311 47312 47313 47314 47315 47316 47317 47318 47319 47320 47321 47322 47323 47324 47325 47326 47327 47328 
D: circuit size after identity: 47329
I: initializing safe primes...
I: using prime modulus 2410312426921032588552076022197566074856950548502459942654116941958108831682612228890093858261341614673227141477904012196503648957050582631942730706805009223062734745341073406696246014589361659774041027169249453200378729434170325843778659198143763193776859869524088940195577346119843545301547043747207749969763750084308926339295559968882457872412993810129130294592999947926365264059284647209730384947211681434464714438488520940127459844288859336526896320919633919
D:  sending message (size 0.000005 MB)
I: InitMonitor::next
I: GenerateDriverLabels::next
D:   driver labels generated in 66190.914062 ms
I: GenerateInWireKeys::next
D:   in-wire keys generated in 21626.000000 ms
D: SendLabels::message
D:   generating in-wire labels for 42145 gates
D:   10000 gates processed
D:   20000 gates processed
D:   30000 gates processed
D:   40000 gates processed
D:   in-wire labels generated in 73393.164062 ms
D:  gateCount: 42145
D:  sending message (size 50.664076 MB)
I: SendLabels::next
I: RecvGarbledGates::next
I: RecvSystemInputLabels::next
I: RecvFlagBitLabels::next
I: MonitorObliviousTransfer::next
I: InitChooser::next
I: MonitorObliviousTransfer::next
I: RecvConstant::next
D: received message: 603da4ca86dcdd89096b1ccf0b09692b41d2ffabcb83fc45ba3b241c04c046b6a9f1a18de308bba778910ec52e8f05c600a5e07c18a896bc2117c6ef1cc4823df1becd2ce03719a33ce73a0087903b0115a954335f42b96925ca655e6df8cb7f0f686ae1a25139974d2faf28d699603eff2f4c91c4756390111c8d59694f95d65bc0a927044f3f478a2307f0ab2bcb397e3a35c1a30243cde617958c8b1cb48d5514a5e128b55c1f16e3219325079beab122f9ac8f03d23def4fcc8d0a423291
I: MonitorObliviousTransfer::next
I: GeneratePublicKey::next
D:  sending message (size 0.000384 MB)
I: MonitorObliviousTransfer::next
I: SendPublicKey::next
I: MonitorObliviousTransfer::next
I: RecvEncryptedMessages::next
I: MonitorObliviousTransfer::next
I: DecryptChosenMessage::next
I: MonitorObliviousTransfer::next
I: ChooserDone::next
I: MonitorObliviousTransfer::next
I: MonitorObliviousTransfer::next
I: InitChooser::next
I: MonitorObliviousTransfer::next
I: RecvConstant::next
D: received message: 16e696431aebf6bbb4cad589f2c6c025eda21a9d956fd6e4fa4166b110fadd922bb04194e8c771fc16af49efb3fc8c769406d9b6d0379d80eaa243ae439e67e377a48d3c7ed262fac84788b920d25d4a190b85242f337d75e226a6812383dcb2a99042ef6675a63f6c416c3f21d9bf21bf08db08b784d800bdb326e7b79a4e76b60567c852801d036061e5895d1a860ca5080bfacefaa6b29b3c368d01da1bdad5a2dc8d61637d5d4922f7894429f736bc91db64263ff64b3820766b64fbfac4
I: MonitorObliviousTransfer::next
I: GeneratePublicKey::next
D:  sending message (size 0.000384 MB)
I: MonitorObliviousTransfer::next
I: SendPublicKey::next
I: MonitorObliviousTransfer::next
I: RecvEncryptedMessages::next
I: MonitorObliviousTransfer::next
I: DecryptChosenMessage::next
I: MonitorObliviousTransfer::next
I: ChooserDone::next
I: MonitorObliviousTransfer::next
I: MonitorObliviousTransfer::next
I: InitChooser::next
I: MonitorObliviousTransfer::next
I: RecvConstant::next
D: received message: d5016363b38abbbc67963bdf6f1cb92bad0ef5c6894117627d0358a0e78faa077f06ef5efd68bce790a1b9bafb1584af622de5116278aea572e3d3e572d0d2cc09eed843a6ba6d80e37eb10c26225529aaf225294310a762e2a6ae9f99cefd2dbc8757bac5700838ba8bad11daac203eedede99d26c3ef8d4df1bbee98c9fc6879d7d3ae345e4a0ccf4534a5c184b8a0484fade779ea288389513a952c04c99fcc675b5cd6912d86bd84c988aba087be07c359cb5925cfab289e116933fbeb3
I: MonitorObliviousTransfer::next
I: GeneratePublicKey::next
D:  sending message (size 0.000384 MB)
I: MonitorObliviousTransfer::next
I: SendPublicKey::next
I: MonitorObliviousTransfer::next
I: RecvEncryptedMessages::next
I: MonitorObliviousTransfer::next
I: DecryptChosenMessage::next
I: MonitorObliviousTransfer::next
I: ChooserDone::next
I: MonitorObliviousTransfer::next
I: MonitorObliviousTransfer::next
I: InitChooser::next
I: MonitorObliviousTransfer::next
I: RecvConstant::next
D: received message: 972534b7e7222dc4063caaad88785c8f9c6a25435916e8f844f360fb9eb0f971e83a6dac8364cfe5032057bdf2b36a7c2dc1ad2fa07ed594cb5b726e5ea0e308dfe8328b31b0a261ffc147033c631d8c5218d37201b7a09b6bfbc87bb4b1493de6698da1901c023b670509c4dbac2c78c7bb6a46252e576c7d03482fb0e9b67cfae557279e95555f73c330bc5ded24b20f02c7ffc47914eacce252e6a7e2b4f546d19f29aeff8de15da0efad62ad35abbba897ee75794ebf04396c4227ba68e3
I: MonitorObliviousTransfer::next
I: GeneratePublicKey::next
D:  sending message (size 0.000383 MB)
I: MonitorObliviousTransfer::next
I: SendPublicKey::next
I: MonitorObliviousTransfer::next
I: RecvEncryptedMessages::next
I: MonitorObliviousTransfer::next
I: DecryptChosenMessage::next
I: MonitorObliviousTransfer::next
I: ChooserDone::next
I: MonitorObliviousTransfer::next
I: MonitorObliviousTransfer::next
I: InitChooser::next
I: MonitorObliviousTransfer::next
I: RecvConstant::next
D: received message: f8c534f197071700b814aab03796d700980cf7c3aba013d01c9d1a69596472cc78a5a5bc4ca75df2b29259655215637d706b8ed2ac4ebea8640241741a6a2e198d26f68eb4183aa0ee4e8e9785ed8a9c5133302e2a6f31f1f069276c89724e0f856369d2e49076b39379b23a7441089b49ccc3bebc16ee106389c584ba4ee2785378517e5b00fab17c4e77fe78ceec73ec0ed25981c5e7968261bb47fa62d2519dc0ebf1cdd669a65b62ddb421d7e7a5c419174ab7fdcc00581275cbcdec8086
I: MonitorObliviousTransfer::next
I: GeneratePublicKey::next
D:  sending message (size 0.000384 MB)
I: MonitorObliviousTransfer::next
I: SendPublicKey::next
I: MonitorObliviousTransfer::next
I: RecvEncryptedMessages::next
I: MonitorObliviousTransfer::next
I: DecryptChosenMessage::next
I: MonitorObliviousTransfer::next
I: ChooserDone::next
I: MonitorObliviousTransfer::next
I: MonitorObliviousTransfer::next
I: InitChooser::next
I: MonitorObliviousTransfer::next
I: RecvConstant::next
D: received message: e687c67790d683d01883568726545402f40764d8828d30229bce6bf80ba2a4bc763794301001203e5e995e081ad36b57849b4602bec7073860bfb1eeb36bd658b325714f820ca187447b8fe2b12b7a106d36273aa5e0eeb1c5a2e3a1372cabf309801186b9ae2821d86792ef5af8d5a3737223041428b8309950f4c0f9ba8bdd94eff27ecaee2bb778dbb39cb4d48356fdf09eaebd3da43486037c6faaf5eb336e34576a6b85dfc689a3ce0f415cb7c4c6db13005698f56c8b83db6c095fcd7
I: MonitorObliviousTransfer::next
I: GeneratePublicKey::next
D:  sending message (size 0.000384 MB)
I: MonitorObliviousTransfer::next
I: SendPublicKey::next
I: MonitorObliviousTransfer::next
I: RecvEncryptedMessages::next
I: MonitorObliviousTransfer::next
I: DecryptChosenMessage::next
I: MonitorObliviousTransfer::next
I: ChooserDone::next
I: MonitorObliviousTransfer::next
I: MonitorObliviousTransfer::next
I: InitChooser::next
I: MonitorObliviousTransfer::next
I: RecvConstant::next
D: received message: ee84a258ef541a2f35a992776209af5ee9d8a74a08bd7871299a2e49ad10b341248130549bd24e92ba47e9cd4c650a0326f47691e064be98b4a012c2eca0741f0dd04c8a1cd38a4d158c4d8dc892b2c4e5395454e525845f841e325795a331a6359dabff5146239827205f91da2798a3fecbf268cc776ba1618051e44813a321a8768fc2ed725baf00779f2437d57c4e59e6d1841d706323251bfaee3653f8b66f571b3790d38da2cb6b1583235e161ad3c51ebcff7a58a8e4734f7fd19492b7
I: MonitorObliviousTransfer::next
I: GeneratePublicKey::next
D:  sending message (size 0.000384 MB)
I: MonitorObliviousTransfer::next
I: SendPublicKey::next
I: MonitorObliviousTransfer::next
I: RecvEncryptedMessages::next
I: MonitorObliviousTransfer::next
I: DecryptChosenMessage::next
I: MonitorObliviousTransfer::next
I: ChooserDone::next
I: MonitorObliviousTransfer::next
I: MonitorObliviousTransfer::next
I: InitChooser::next
I: MonitorObliviousTransfer::next
I: RecvConstant::next
D: received message: ece774b9c865231c07bcbce6adce2e9ece38d83b55754a9f38fa17103c6521558d013f48e360a6df789f42abb0e94ef86340dad48f7a2570d22fb91e721a0bbe6157e179e15043143189585e1ae968a147ba76328323fb91f45ec2825472115e4155323029eb9cf62d792a50538bcf84666170ce6344c4aac39cd500bede6d9517c99fa9d173747a05e4940ea9e1d41091d9e51168bf007948a6f4bf58677d0fef83b6ff25db3f76ca8d6590e90d7040f14e7ddb55176e604cb812de89c9048
I: MonitorObliviousTransfer::next
I: GeneratePublicKey::next
D:  sending message (size 0.000384 MB)
I: MonitorObliviousTransfer::next
I: SendPublicKey::next
I: MonitorObliviousTransfer::next
I: RecvEncryptedMessages::next
I: MonitorObliviousTransfer::next
I: DecryptChosenMessage::next
I: MonitorObliviousTransfer::next
I: ChooserDone::next
I: MonitorObliviousTransfer::next
I: MonitorObliviousTransfer::next
I: InitChooser::next
I: MonitorObliviousTransfer::next
I: RecvConstant::next
D: received message: 2aaa822f4bb5e6b45775ad546bb990e2064c47a72eb9a89f06d9f06cc1dfe13082f2f16e88e11387e4ee07e1543605f20a6de0b08d2dd4f7739d9f091ce9355e86deab5fb08b1e1d1e75e42246ed932344b84ffa16f5586d4c1bebe3d82e66f11ecfb0751c4606596b99b2f32d4ba8ff3c36f62d613a191b3613e9d45e499220c783601f4c6d7aba258027f3d8137c4efb6fa9b799529fa15a114355725c70436b0d2d9caca1c4a388d888433559eb1b6e0d0bc5803c0f39a0f631f43d958a5a
I: MonitorObliviousTransfer::next
I: GeneratePublicKey::next
D:  sending message (size 0.000384 MB)
I: MonitorObliviousTransfer::next
I: SendPublicKey::next
I: MonitorObliviousTransfer::next
I: RecvEncryptedMessages::next
I: MonitorObliviousTransfer::next
I: DecryptChosenMessage::next
I: MonitorObliviousTransfer::next
I: ChooserDone::next
I: MonitorObliviousTransfer::next
I: MonitorObliviousTransfer::next
I: InitChooser::next
I: MonitorObliviousTransfer::next
I: RecvConstant::next
D: received message: cf01f7cdedf2a9d812a33d3573f73699247f66f6f7906269b047f6eb45776156bf70eaad17177c4b5448ba832ae69d836ef4c6170eae1162e9e1753250d2b5532811f72ae8517062b6062e9fb227a57ea9a490619bd99a39df1839df6eecb701505d9daf3fadbec1c7f4364764852eae6ef617c324655b957a7aa5511c0132d1e2dd617eca5beedba9948ebc2f75f29bf32c3ee9a6a2684fb95aa0436225c73b1e255c058250bd15ebfcf0e2b76a005ed747a3419c66d9dac226bd1c13abc056
I: MonitorObliviousTransfer::next
I: GeneratePublicKey::next
D:  sending message (size 0.000384 MB)
I: MonitorObliviousTransfer::next
I: SendPublicKey::next
I: MonitorObliviousTransfer::next
I: RecvEncryptedMessages::next
I: MonitorObliviousTransfer::next
I: DecryptChosenMessage::next
I: MonitorObliviousTransfer::next
I: ChooserDone::next
I: MonitorObliviousTransfer::next
I: MonitorObliviousTransfer::next
I: InitChooser::next
I: MonitorObliviousTransfer::next
I: RecvConstant::next
D: received message: f587103309af2c31a175a466d6cd3e6df63124611c22f1660f04bb724f48d567ab2dd87c51518025e2aa2ac030c7056fb51aee08a4f5fde3547e95c3695127d6aed2223ab673de8e74dbc091b373ec1414bfdce2d846fe787e1c7aa6beb159a066b2d904e354596518dd65b6a004272ddcf724e66bc6561ccaa0580c81f181bf7c2dcdb313ad5fef48ffc590669ef33b05a71372b878281cbd449642b6ee460af886e5a6b6df4f4d72f474f3aec47217a1b82a1bf6cb79a9b0181e25ac8bb12f
I: MonitorObliviousTransfer::next
I: GeneratePublicKey::next
D:  sending message (size 0.000383 MB)
I: MonitorObliviousTransfer::next
I: SendPublicKey::next
I: MonitorObliviousTransfer::next
I: RecvEncryptedMessages::next
I: MonitorObliviousTransfer::next
I: DecryptChosenMessage::next
I: MonitorObliviousTransfer::next
I: ChooserDone::next
I: MonitorObliviousTransfer::next
I: MonitorObliviousTransfer::next
I: InitChooser::next
I: MonitorObliviousTransfer::next
I: RecvConstant::next
D: received message: 4c5c1c58f22f14892e139e64be370add6ef9f6209031cec668d5757c098c81b7bfd1edeb6b623256b0f58cf449e2df113a556258e24971b559319cbc9f13c4c43c6b4daa1544b48c59cb5a3e113db6744edb3c018169d896928171547a33757ffce35e3df08e5007b750fd04c33608617337a2288b4cccc45fe8e4a31197c74bfaa2b1e61ea66713fdbae3dd7fda3e94c47c40bf500bef0c01f70e9d5d53cd02b7c840af6acf0ccd412aeb3db22e4809dde9d0a095429044b5be4d68b318afb3
I: MonitorObliviousTransfer::next
I: GeneratePublicKey::next
D:  sending message (size 0.000384 MB)
I: MonitorObliviousTransfer::next
I: SendPublicKey::next
I: MonitorObliviousTransfer::next
I: RecvEncryptedMessages::next
I: MonitorObliviousTransfer::next
I: DecryptChosenMessage::next
I: MonitorObliviousTransfer::next
I: ChooserDone::next
I: MonitorObliviousTransfer::next
I: MonitorObliviousTransfer::next
I: InitChooser::next
I: MonitorObliviousTransfer::next
I: RecvConstant::next
D: received message: 11adefaf3dda739a395b50cc7a5e2213c010222e6cb41f3992682cb3d117b7b256806ba7117d54a7964c3202031e934eda4b730c9296f69e7a9c24a98c9ea445357d11af96e5fb4edd1a89ae12d6afd7e62c44c519df32712a6fc89477b9a6af6b8e27fb3fe2bdb3fea83e1b90a7fda5dad8072f28f16447fde1d749141efbb8c7267a67624a45a9b34060b36e84d734fb3a0c8c8b2bc09ec62487f53efaef019ada6c2e93426b4b8fe8c0369993ef1bfcc5d0cd31683ba659362c6898d71e9f
I: MonitorObliviousTransfer::next
I: GeneratePublicKey::next
D:  sending message (size 0.000384 MB)
I: MonitorObliviousTransfer::next
I: SendPublicKey::next
I: MonitorObliviousTransfer::next
I: RecvEncryptedMessages::next
I: MonitorObliviousTransfer::next
I: DecryptChosenMessage::next
I: MonitorObliviousTransfer::next
I: ChooserDone::next
I: MonitorObliviousTransfer::next
I: MonitorObliviousTransfer::next
I: InitChooser::next
I: MonitorObliviousTransfer::next
I: RecvConstant::next
D: received message: 3e220b7aca07d53e8e2b8b0fc419c4d481c768594510ea0adcc121da5eb4bb27f247cd59972d64f2ada27684892c2aed4df8271a51ef460f58a24a5825dd0552767469774bc88d1bcd044f8528f1bad884b9af8dd12b289b8695772f54c1d457e3681a323616076a5a9d8282ea29b1fb255d428e3d2d93eac0ca8ae22e3c97f3a9f356d9fdd48a49a39ebb90de49c1a085b41a8f44b7e80cf24a97651b3a862e5a10d207d01d281c12558312891b3c5f6cd5dc39c96b10aa2f7de8bde63dd5d0
I: MonitorObliviousTransfer::next
I: GeneratePublicKey::next
D:  sending message (size 0.000384 MB)
I: MonitorObliviousTransfer::next
I: SendPublicKey::next
I: MonitorObliviousTransfer::next
I: RecvEncryptedMessages::next
I: MonitorObliviousTransfer::next
I: DecryptChosenMessage::next
I: MonitorObliviousTransfer::next
I: ChooserDone::next
I: MonitorObliviousTransfer::next
I: MonitorObliviousTransfer::next
I: InitChooser::next
I: MonitorObliviousTransfer::next
I: RecvConstant::next
D: received message: 3e97b22d7aa20522772a605a0756f0a949a9bbee8398e47edc7060f9d2090c0572124009486806b746b957e6fc3d3321ac9d18d6d97dafddcd2de7a52e9755025c2fce91c405053683c28bbc52b64fac5d24939bdae686fd199ee1fe72e9da397467b3ffcd7ce4384a4e832a96985017e6bd4a14a45eb9bd6eb1a7a4edbfb2ff6dc8bf600db9f40596b4466732813b4d2f3224dc8fb95857ebdec660b71e6a126d8dbd8408d0192638aba8f312f6601cdbc4f086ff1104c826cebb60389c30cf
I: MonitorObliviousTransfer::next
I: GeneratePublicKey::next
D:  sending message (size 0.000384 MB)
I: MonitorObliviousTransfer::next
I: SendPublicKey::next
I: MonitorObliviousTransfer::next
I: RecvEncryptedMessages::next
I: MonitorObliviousTransfer::next
I: DecryptChosenMessage::next
I: MonitorObliviousTransfer::next
I: ChooserDone::next
I: MonitorObliviousTransfer::next
I: MonitorObliviousTransfer::next
I: InitChooser::next
I: MonitorObliviousTransfer::next
I: RecvConstant::next
D: received message: 3d6adf88361f7aa1fece63e4499e02f7a27351d9b6ca96a68aeb74d1c770385c2966f00ccd0a472f2cebe0d6279868dba7b8f41e97b8962b3ac480b65af9d5b398b45af8c39a672c97b65454d9a1af881e6d43ae73ad7d75517d3201172f59f163eba0d9ecfc1590628190b3a26b878788a90525724094c08261fef4419b31bd07daffad76d3f63cc7973a1076edfecdb388b93f82a1ee076a0a47db496582ed3b623798ec7b177048e5324e3d47a400b8a14f8c0ebcec8410543510aae7aaea
I: MonitorObliviousTransfer::next
I: GeneratePublicKey::next
D:  sending message (size 0.000384 MB)
I: MonitorObliviousTransfer::next
I: SendPublicKey::next
I: MonitorObliviousTransfer::next
I: RecvEncryptedMessages::next
I: MonitorObliviousTransfer::next
I: DecryptChosenMessage::next
I: MonitorObliviousTransfer::next
I: ChooserDone::next
I: MonitorObliviousTransfer::next
I: MonitorObliviousTransfer::next
I: InitChooser::next
I: MonitorObliviousTransfer::next
I: RecvConstant::next
D: received message: db3fe733dcadec9d784a4a82c7fc6c65ac2e54eea1b18a5f7df3537271746c97983fa9798b7b1bbd36214047d517a649bae10d1d20e50f0384a69f71b1aefd8056fb20addf92f92edd814027be42d24d0ec21d614d200c2693a543d11b5e15a6453ac423f8b2be5ce5296e4f7a2ccbc0df6ac4809b82d05e2cdd39b2ca2e30abd832c8f942bc1c14dd04e3d3a1902e80d62fd4862bf32efe39ac59baea05b619531e3b0a84bc8a4992f67bf02d428aece36a5a367ff31a9ded3542e8cbd26725
I: MonitorObliviousTransfer::next
I: GeneratePublicKey::next
D:  sending message (size 0.000384 MB)
I: MonitorObliviousTransfer::next
I: SendPublicKey::next
I: MonitorObliviousTransfer::next
I: RecvEncryptedMessages::next
I: MonitorObliviousTransfer::next
I: DecryptChosenMessage::next
I: MonitorObliviousTransfer::next
I: ChooserDone::next
I: MonitorObliviousTransfer::next
I: MonitorObliviousTransfer::next
I: InitChooser::next
I: MonitorObliviousTransfer::next
I: RecvConstant::next
D: received message: 5f205414b9b412a3fd88ece365038c3163dd2d198eb6a79412fc32bcdd29214ffffd8c5583f14a37a879c0ecc7b5fc97f869d877222127a94aeee1e641a88acf5b018ad6f9d4c1d7578456347dfadd315e5de183746383455837e95fe305cc4c6c7bcd3a690bb3fdfb01c0e46af8e58c0c7a75e2e1b19654d7c9a8dde49d6632a2fee6c39987693c60a4067c5d9eaa6220032cb7627fb5bf5759722cc7063ae4952649cf40da7f71d9ede550b8a2dbfdb2f062cc725f79606e18ff81f0ed6646
I: MonitorObliviousTransfer::next
I: GeneratePublicKey::next
D:  sending message (size 0.000384 MB)
I: MonitorObliviousTransfer::next
I: SendPublicKey::next
I: MonitorObliviousTransfer::next
I: RecvEncryptedMessages::next
I: MonitorObliviousTransfer::next
I: DecryptChosenMessage::next
I: MonitorObliviousTransfer::next
I: ChooserDone::next
I: MonitorObliviousTransfer::next
I: MonitorObliviousTransfer::next
I: InitChooser::next
I: MonitorObliviousTransfer::next
I: RecvConstant::next
D: received message: 67bb3a2aba25aa793d7eab11a85d5563ed9fb7ed0740604bd0d9a87011564cab669a015d0c55a2b6166ddc0a8be12b2e0e7c2f7d7c2f0d935c92fb1c88fd4a43bd4e210a334abb2084beeb5fdfa388c34a1c1f1edede5a97b298e158edd232d0a1636f48629f8ea3b79e9165fef20704f6ecd11d1a3e50a9f433d1a0f2047bc59bcb71c0971e7aa56948c15b01f8514f2387f902c0dac57d5f8f774d381aebcc6612d4ad9201331f95542da7864bb9cd3c634fd3635f8924db0a78014d586891
I: MonitorObliviousTransfer::next
I: GeneratePublicKey::next
D:  sending message (size 0.000384 MB)
I: MonitorObliviousTransfer::next
I: SendPublicKey::next
I: MonitorObliviousTransfer::next
I: RecvEncryptedMessages::next
I: MonitorObliviousTransfer::next
I: DecryptChosenMessage::next
I: MonitorObliviousTransfer::next
I: ChooserDone::next
I: MonitorObliviousTransfer::next
I: MonitorObliviousTransfer::next
I: InitChooser::next
I: MonitorObliviousTransfer::next
I: RecvConstant::next
D: received message: 111fb2093d90064edfd50b3c2f5d298662cfa3878bb3efb39387c3a9f2f03d86aa4019cd141d22974358c8dd5585eb5addc42747ce769fdc3cc4e39b22c5443151316b5ea0dae170fb71352712fbc7078834a5a5ba5ca3caee9102040fb34ffb4482408695322268f237683d40da4c33591ebb04e11d17b7973c216803dc6769e66a6ba5eab446847aca2f40d21fab967f098a7131a61940da84647315f032dca85137cccea01ff9da9fb9f8baecc845eaac2d9fa8755b5155c4de5d28089a04
I: MonitorObliviousTransfer::next
I: GeneratePublicKey::next
D:  sending message (size 0.000384 MB)
I: MonitorObliviousTransfer::next
I: SendPublicKey::next
I: MonitorObliviousTransfer::next
I: RecvEncryptedMessages::next
I: MonitorObliviousTransfer::next
I: DecryptChosenMessage::next
I: MonitorObliviousTransfer::next
I: ChooserDone::next
I: MonitorObliviousTransfer::next
I: MonitorObliviousTransfer::next
I: InitChooser::next
I: MonitorObliviousTransfer::next
I: RecvConstant::next
D: received message: 33d5a6eec612e9644de85bfe27c9be0e8d51f50de47284f716a7e361e10c880e586661b6530ca319ab920114d494077309055c4976d6b4b2aea913e800ef12d3fceef95a16de31f5533a5aa15ef356dcb6932a48da1f3e79579877e5d8d53df1ec9dc7c82a0dadb3f5ee6554bf0aab7253b66d9bb4006822a75e6f03b06c29ac90787bd416ea6310016467964cc125457eb9d7c4cbc2bd374a3ccae2f8ff19d626030da626ded9b0469dd46691eadbf5da0754059f150ae575ca62bdc1261036
I: MonitorObliviousTransfer::next
I: GeneratePublicKey::next
D:  sending message (size 0.000384 MB)
I: MonitorObliviousTransfer::next
I: SendPublicKey::next
I: MonitorObliviousTransfer::next
I: RecvEncryptedMessages::next
I: MonitorObliviousTransfer::next
I: DecryptChosenMessage::next
I: MonitorObliviousTransfer::next
I: ChooserDone::next
I: MonitorObliviousTransfer::next
I: MonitorObliviousTransfer::next
I: InitChooser::next
I: MonitorObliviousTransfer::next
I: RecvConstant::next
D: received message: 18b467a5411bc7c163edb14795b8a19e6a99485663d076d6cda71f802ca58245a9a19d953d59ca799d1e17b1cbe670cc3223ad67a5f9781372687b423f452cb4e62568e733eed3b453eead451b152895ba01484273cfdbf4f03a30b27fe91700e8c14c789f1612ac2564c8ae63d59ec11b13e4b36e296942dbe37f162914205295d75de2f07c8dd194dce201aafedee8125c7e4bca190e8000cb78f2317af48d0e4b559066e76391f8b520b9bebc348a62597294d967110ad7562822ec125d5e
I: MonitorObliviousTransfer::next
I: GeneratePublicKey::next
D:  sending message (size 0.000384 MB)
I: MonitorObliviousTransfer::next
I: SendPublicKey::next
I: MonitorObliviousTransfer::next
I: RecvEncryptedMessages::next
I: MonitorObliviousTransfer::next
I: DecryptChosenMessage::next
I: MonitorObliviousTransfer::next
I: ChooserDone::next
I: MonitorObliviousTransfer::next
I: MonitorObliviousTransfer::next
I: InitChooser::next
I: MonitorObliviousTransfer::next
I: RecvConstant::next
D: received message: 42f18a29771ce8f6912be2ba89af004ff2182511253af21e5b3038aa41dc785668761cd46012ee27fd591a5589afb5053a9020b2fb019573988946a90e31b97a814348c3eb3a34e4c379f0d525010284fec0b086f9fcf0f261f580fd6903efff23003127bc0c97cac4345251fc3281ed151c79d494efa66f02d9beee5522f69ffa044afe206815fc7478b4abe15c1b73d1ac152fd50b02d87277ca05da6dc269f71d056ee6b1ea25ea8f2970a90ede7b177d5417e203b25ad51dddf4cbfe0d61
I: MonitorObliviousTransfer::next
I: GeneratePublicKey::next
D:  sending message (size 0.000384 MB)
I: MonitorObliviousTransfer::next
I: SendPublicKey::next
I: MonitorObliviousTransfer::next
I: RecvEncryptedMessages::next
I: MonitorObliviousTransfer::next
I: DecryptChosenMessage::next
I: MonitorObliviousTransfer::next
I: ChooserDone::next
I: MonitorObliviousTransfer::next
I: MonitorObliviousTransfer::next
I: InitChooser::next
I: MonitorObliviousTransfer::next
I: RecvConstant::next
D: received message: 7b92917e456d7ab95679e974215edb93bffa54ca2a506e3d9cbab2742f4ef2ba3891179c796f46bee973fcb9f1d3f101dc9ba3d3a410ff7201910441f5ea65cd22e6d1c5c4499e3b6dba5f30ef002504f6eb19e030cd48ed2b1e6556606c594aca46198c23f5daf4275a63085fd645ff4a8186007fc39faad036832235ef622c30531f2ec6c9efec611c183147aa1516394165893900be59aeac1bd21b8cdead30b9514113056ec92d7a99f0885b30a8c42a4e6477028c488c4b1c6d11dac1df
I: MonitorObliviousTransfer::next
I: GeneratePublicKey::next
D:  sending message (size 0.000384 MB)
I: MonitorObliviousTransfer::next
I: SendPublicKey::next
I: MonitorObliviousTransfer::next
I: RecvEncryptedMessages::next
I: MonitorObliviousTransfer::next
I: DecryptChosenMessage::next
I: MonitorObliviousTransfer::next
I: ChooserDone::next
I: MonitorObliviousTransfer::next
I: MonitorObliviousTransfer::next
I: InitChooser::next
I: MonitorObliviousTransfer::next
I: RecvConstant::next
D: received message: 9079dacc2d62df24d866f156ec271e72e0c21b5533e8ddc3046dc6e813e24a0a26e6b52b50ee4d3690f1682248bafd25aa318a59e3c2b2596a2936c75367ed26c95fffba83604aae1f06e11276a8bd89ee60e9141184e0973302f9e023215ec12765a6250e6ac116a7fd3cdf8804d1aa62ddfa49c043872b196555faf8d973757fad055611ac52e9042d1e60e57844ba74d4daf40872c53c73be67fc3f9c1adfb2bad87d4bc4e084c7b0586e2974699f841535251a20376b4215be6cedaed7d9
I: MonitorObliviousTransfer::next
I: GeneratePublicKey::next
D:  sending message (size 0.000384 MB)
I: MonitorObliviousTransfer::next
I: SendPublicKey::next
I: MonitorObliviousTransfer::next
I: RecvEncryptedMessages::next
I: MonitorObliviousTransfer::next
I: DecryptChosenMessage::next
I: MonitorObliviousTransfer::next
I: ChooserDone::next
I: MonitorObliviousTransfer::next
I: MonitorObliviousTransfer::next
I: InitChooser::next
I: MonitorObliviousTransfer::next
I: RecvConstant::next
D: received message: 5b332fbf42970c588a3170d996f949bc72444aabbf7ee4d9715b80fc7b130f451f68b1ad76cd469c57dcaa09b2e05435187aec3779caedd0812bb9b8e7be29da56747b50b3642e5452cbb1043581a8becff6d7d3431ee44f6a6bf5a7f25cae7e544d9d82c5ccc5ddfe3dfbfb8f964f6ad54ef92ce565ce975a2d5e7726a5904422f4b90dc4e4b85a65d7d5e745792c741a15bf681d989cc4f3d78e4e42249441bc84c870034a404c7c0fad62ee848abcde2ca3e301f49c64faadc672da1812d9
I: MonitorObliviousTransfer::next
I: GeneratePublicKey::next
D:  sending message (size 0.000384 MB)
I: MonitorObliviousTransfer::next
I: SendPublicKey::next
I: MonitorObliviousTransfer::next
I: RecvEncryptedMessages::next
I: MonitorObliviousTransfer::next
I: DecryptChosenMessage::next
I: MonitorObliviousTransfer::next
I: ChooserDone::next
I: MonitorObliviousTransfer::next
I: MonitorObliviousTransfer::next
I: InitChooser::next
I: MonitorObliviousTransfer::next
I: RecvConstant::next
D: received message: f221e25f25d1254bd64cde78cf12e9a5443c15d55072fba313e0032396867a18b7e1f2047834648cbd2b6f1031d73b316afbc19123ea32a7b567148a4e53af1040352c0a185871353558153be91fc1bec39530b334a491074831177485ec479c55fefa72346f2d0ca687a500673185c59b187f41d4461479c46d38bfdf290917f40b425fbe9374e0d08a31a4d22d627c7139e208337b6fecdc49f98e9dfa4c6992698043e679d1d3e2606818b0cbab60a098122825be26f78667434fa894aa52
I: MonitorObliviousTransfer::next
I: GeneratePublicKey::next
D:  sending message (size 0.000384 MB)
I: MonitorObliviousTransfer::next
I: SendPublicKey::next
I: MonitorObliviousTransfer::next
I: RecvEncryptedMessages::next
I: MonitorObliviousTransfer::next
I: DecryptChosenMessage::next
I: MonitorObliviousTransfer::next
I: ChooserDone::next
I: MonitorObliviousTransfer::next
I: MonitorObliviousTransfer::next
I: InitChooser::next
I: MonitorObliviousTransfer::next
I: RecvConstant::next
D: received message: de8d9031b48c3ba4af436cf51db8c69ade50491c489134078d42132577108ec70ab454a67849737e7154611bb31385602cabe3aa5a3972a5835ebb8ead90aaee9ef01d961132bd7213a2147ecf6088f215d2ae1f2bc914944f33294dd8f1e953bc8b7950a07e42c74e5bfc1e0c3eb35b804d4678a1e66302849b982be04e5172e29020ba3a32a01736c9f0d8f4cb05bdb97112d4282adb44aacb4f0889512f4b54d0d70f1975982f357ecbfb3d8083a440d78e5f7a73c47c9d635d6cbe6808a8
I: MonitorObliviousTransfer::next
I: GeneratePublicKey::next
D:  sending message (size 0.000384 MB)
I: MonitorObliviousTransfer::next
I: SendPublicKey::next
I: MonitorObliviousTransfer::next
I: RecvEncryptedMessages::next
I: MonitorObliviousTransfer::next
I: DecryptChosenMessage::next
I: MonitorObliviousTransfer::next
I: ChooserDone::next
I: MonitorObliviousTransfer::next
I: MonitorObliviousTransfer::next
I: InitChooser::next
I: MonitorObliviousTransfer::next
I: RecvConstant::next
D: received message: 7cb8d15f4568505a508062b4ad76d93989d63f380dc56ddc7e8bef610851c45917ea512d8c4f52b463be2e26306cd21d3ae0f3d1fd6c2be96dee2c0743e96ed92098ecc5e8343aae2f449a29e833f98a043643c1f89a15acedd3ebf3ff539312f891cc3ecf5b60c0be8a46a5342c79433d674f0a68102862687835577106a0bf9cb7a26e5f87c10902cfdf71c500d194fc62e079da1e0b8174fb5fb5d75076952bbb948bead57578df1c80f9f9ed91ef67e882586985a9e58f78ad23b04fe94f
I: MonitorObliviousTransfer::next
I: GeneratePublicKey::next
D:  sending message (size 0.000384 MB)
I: MonitorObliviousTransfer::next
I: SendPublicKey::next
I: MonitorObliviousTransfer::next
I: RecvEncryptedMessages::next
I: MonitorObliviousTransfer::next
I: DecryptChosenMessage::next
I: MonitorObliviousTransfer::next
I: ChooserDone::next
I: MonitorObliviousTransfer::next
I: MonitorObliviousTransfer::next
I: InitChooser::next
I: MonitorObliviousTransfer::next
I: RecvConstant::next
D: received message: 69be00c7fd50e2f7849f3991ad324a8aaf55fe1aadd9724b9ccee5500cb5ae1427ada0a37e5f884369fc5b76f57eff97694159c0e98b9e2a68b10e0ff879390c9e5c48ffd5f83a896c4bfd73961fc51c196b0a339dc8f35c476c3a1b13e24067d00c6ee101b12c1bd3ee48bea5a8441dbb67139bcdca3091c90090e738566c42911bdb637c5aef7306be2a43c610a9461e4af5fec4326975301cb5f56b2ef135ba7acb10ae9ef0e76d56d072bbec610691826b2fdcc2edb842bf0eed06986eaa
I: MonitorObliviousTransfer::next
I: GeneratePublicKey::next
D:  sending message (size 0.000384 MB)
I: MonitorObliviousTransfer::next
I: SendPublicKey::next
I: MonitorObliviousTransfer::next
I: RecvEncryptedMessages::next
I: MonitorObliviousTransfer::next
I: DecryptChosenMessage::next
I: MonitorObliviousTransfer::next
I: ChooserDone::next
I: MonitorObliviousTransfer::next
I: MonitorObliviousTransfer::next
I: InitChooser::next
I: MonitorObliviousTransfer::next
I: RecvConstant::next
D: received message: 566ba1a2017601d82422101e7f73b36588947207483a667f1f901ebaa8f115443bd5ab2d46f47097ed28e55fa99f7ec0efc7ebe4dadd321801bb75bd9a48fc5ca2ad6e9523f3400183917d9784afd69128c571fb7466c7a971743f2335dc88ce1eda75875028ed8371d509390475e4de38cf25fe1e044c3a114e0b8c8b31c2f6a3394123d498bceb61a89eefd279f8a4dbd7258f5dbe8f77255efed2b466686345429fcb46cbd0fdd75dbadc915aed563a73a38fa047ba35af1324d8c6d6804e
I: MonitorObliviousTransfer::next
I: GeneratePublicKey::next
D:  sending message (size 0.000384 MB)
I: MonitorObliviousTransfer::next
I: SendPublicKey::next
I: MonitorObliviousTransfer::next
I: RecvEncryptedMessages::next
I: MonitorObliviousTransfer::next
I: DecryptChosenMessage::next
I: MonitorObliviousTransfer::next
I: ChooserDone::next
I: MonitorObliviousTransfer::next
I: MonitorObliviousTransfer::next
I: InitChooser::next
I: MonitorObliviousTransfer::next
I: RecvConstant::next
D: received message: d2d8722930694c238170b351050c7f9bce2e83e4a2325d67b5eddfb9eba9bb7daed2dd4e5ce9b1db0f457a613ed7f1abd6329da4d0b47a7104aefc69c8c31a459040dde95bab3befafe75795ae0b7ab9309bb2c74d5ecb0d8756ddd6eb2d853262974656f0b1266a85f4f0a43c1cf658703650657e99d99d1e289642d45e3863f1ae5f49a75192723e9d0396d05b9133d468aaee20d547eeb2b8b5fc6d0606736d39f31fa9b20637405f6800df5e24d3893341a9f1a5ccd57dcfa5275e37804c
I: MonitorObliviousTransfer::next
I: GeneratePublicKey::next
D:  sending message (size 0.000384 MB)
I: MonitorObliviousTransfer::next
I: SendPublicKey::next
I: MonitorObliviousTransfer::next
I: RecvEncryptedMessages::next
I: MonitorObliviousTransfer::next
I: DecryptChosenMessage::next
I: MonitorObliviousTransfer::next
I: ChooserDone::next
I: MonitorObliviousTransfer::next
I: MonitorObliviousTransfer::next
I: InitChooser::next
I: MonitorObliviousTransfer::next
I: RecvConstant::next
D: received message: ee60542730d1a0d816df9fad021674fd272b9f2edfbf35731cfe0d0a8bc1ca3dcedb0195960298b7d42d73186262ba9c69b39c07fc3df8c9fac0b47c4b3c1d634e668deaa274ba32c2d07d55ef88c2ba620d72e4dd012f6ee9cd879a64ed93402bbe95efde9a6937ba61c03ad0b6cbe7a94a3212894712fa5d0023400f1d7b87d1993263f326e2d0b518802df1f43665953c2a50765a179757ab14057a2def1136b31de559ae228f5ece72f08bf49f045df40bcac6985de8781f28b8b22779b2
I: MonitorObliviousTransfer::next
I: GeneratePublicKey::next
D:  sending message (size 0.000384 MB)
I: MonitorObliviousTransfer::next
I: SendPublicKey::next
I: MonitorObliviousTransfer::next
I: RecvEncryptedMessages::next
I: MonitorObliviousTransfer::next
I: DecryptChosenMessage::next
I: MonitorObliviousTransfer::next
I: ChooserDone::next
I: MonitorObliviousTransfer::next
I: MonitorObliviousTransfer::next
I: InitChooser::next
I: MonitorObliviousTransfer::next
I: RecvConstant::next
D: received message: f0ce841cf83960fb807781e6002c71df1ac69f003fde002745da9dd8fcedc5f55a518e2dd1aa9ed3c724a8c267198a435fe2579bd73f5162cb9b5c47aa9398c50b330d4aea784d373bc9ee2450ddf8aafb5aa514442314726fb1d185e47f1cf1eb7a717af52552d457781125658748078977478d663d6947c3abaa8a2fc322b66046e2663c9033d2c55d64edab29beb5db73d29d844d353720046c56c96477f6713c2fe790283cfc106a0fde8562a569218d881eed5b2cd52358e11751450413
I: MonitorObliviousTransfer::next
I: GeneratePublicKey::next
D:  sending message (size 0.000384 MB)
I: MonitorObliviousTransfer::next
I: SendPublicKey::next
I: MonitorObliviousTransfer::next
I: RecvEncryptedMessages::next
I: MonitorObliviousTransfer::next
I: DecryptChosenMessage::next
I: MonitorObliviousTransfer::next
I: ChooserDone::next
I: MonitorObliviousTransfer::next
I: MonitorObliviousTransfer::next
I: InitChooser::next
I: MonitorObliviousTransfer::next
I: RecvConstant::next
D: received message: eb2685abb8bdb9b2eb3f785ec28ef96f5b0d250f0de353e8790c63e814a60f131c187fdd9f3fcad332508adc9b0c7114e7dac6964650f7a8c96724b4ce3b6cc628c02263e9eb336c288d508e28ea489ca3599788623ebb1625af384c0f4eb23ef7ad459354353e990bd2bbc5b4e40421304ac101bd585c00004c445998cdbd9bc24606ed35185dfebef88c81dc648e0151fa1d96a6fb60f90c043fc4307b23a37246c0c6ef753430a6ca73a2fac65bc76e7e24c2d8abb8d6ebbeedad228939fd
I: MonitorObliviousTransfer::next
I: GeneratePublicKey::next
D:  sending message (size 0.000384 MB)
I: MonitorObliviousTransfer::next
I: SendPublicKey::next
I: MonitorObliviousTransfer::next
I: RecvEncryptedMessages::next
I: MonitorObliviousTransfer::next
I: DecryptChosenMessage::next
I: MonitorObliviousTransfer::next
I: ChooserDone::next
I: MonitorObliviousTransfer::next
I: MonitorObliviousTransfer::next
I: InitChooser::next
I: MonitorObliviousTransfer::next
I: RecvConstant::next
D: received message: f92d58bd306bfd937fc05d3e8bf6a8d9921a994a09a3a04077e159e79508d508be3f07f881e038467689db77eb829ed076db70bbbb43dba664731f64ab3be96b835cfb7054cd3ecbc2ab59116e93b724ce66f440ed12356dcded6a542e4c81e4bb8de74f7228c17b46e5714cd0d716a664de7d81acaeda2783c7b63bf2708bc1beee89cfba7c9468fa541b488c217ca0db189638c804a46f692c980801deee3821ef7e0ac30bc1fd738da018337ea128752c9365b2077bbbf3975a2b0c756f28
I: MonitorObliviousTransfer::next
I: GeneratePublicKey::next
D:  sending message (size 0.000384 MB)
I: MonitorObliviousTransfer::next
I: SendPublicKey::next
I: MonitorObliviousTransfer::next
I: RecvEncryptedMessages::next
I: MonitorObliviousTransfer::next
I: DecryptChosenMessage::next
I: MonitorObliviousTransfer::next
I: ChooserDone::next
I: MonitorObliviousTransfer::next
I: MonitorObliviousTransfer::next
I: InitChooser::next
I: MonitorObliviousTransfer::next
I: RecvConstant::next
D: received message: 3db41933c8abb8dd6a55e2398e0e221478ff39ba44758c89d4c40c683ad33792af7af67590f684316df7bbf95bdd0c36a2c491b5884d02cb52107cc6e76e559f9d4c0c3638573386b3352e981a778804b272fd9443a437c56ef29e152c7080336a4dda4ac009a8809b2bbe5ac75ee0f53c325dce371662daa0b4f3d02dc20498c86eda7b62ecd716185f995e0df6494e1bbdefc3e0d8efe1079180ba5893f263bfb36fda8c25619b6d23c874c5181bd2e12d7fa13c98c552adc3456e53d8a791
I: MonitorObliviousTransfer::next
I: GeneratePublicKey::next
D:  sending message (size 0.000384 MB)
I: MonitorObliviousTransfer::next
I: SendPublicKey::next
I: MonitorObliviousTransfer::next
I: RecvEncryptedMessages::next
I: MonitorObliviousTransfer::next
I: DecryptChosenMessage::next
I: MonitorObliviousTransfer::next
I: ChooserDone::next
I: MonitorObliviousTransfer::next
I: MonitorObliviousTransfer::next
I: InitChooser::next
I: MonitorObliviousTransfer::next
I: RecvConstant::next
D: received message: 97b160d6151ebe163044a5c83f010f10055879aaa01e63e7aa185a8f01538ba1fdd2518b78261115971a3a6385d144f15f5d49c12432c8aabba8a39130e7a72589188423b405652205dafc7bcac14a3505971299c1c410000e2d9343e377206cc1e95666bb8da8c963ea9d10cfb92a950c7f5727f91649d63ec90b4eb04174fa086c91af45736a657fe2a62fc1fec5accb70621fa1bd4e1ee9d5402be7a4895e3987a90fb675fe5124a5b84d9448f1ec5f9d6c60a4a41736b6d21f9c9446f69
I: MonitorObliviousTransfer::next
I: GeneratePublicKey::next
D:  sending message (size 0.000384 MB)
I: MonitorObliviousTransfer::next
I: SendPublicKey::next
I: MonitorObliviousTransfer::next
I: RecvEncryptedMessages::next
I: MonitorObliviousTransfer::next
I: DecryptChosenMessage::next
I: MonitorObliviousTransfer::next
I: ChooserDone::next
I: MonitorObliviousTransfer::next
I: MonitorObliviousTransfer::next
I: InitChooser::next
I: MonitorObliviousTransfer::next
I: RecvConstant::next
D: received message: cdbec2ae0120aa8883c890f6770f7366076ec70ab93d07453c6e90c83dcbf1dd6cf2a296e90950fccc99c7f48844c567e4ccd23f17be9a16aad3204af48e45e2c7a2919847f0866875269bb4a90d4833d5da6afbcff28523598aabd6b7406d0c9902a563e74f744fd771379478f7dea0776b65942a712508d3917887a69e57823147cc412d0dd2f8519c4bef73998de022cda4a8df15a7e79fabd4ee867a289c4dbcf44ae25b7c07f1244bcdff44ef1dabef0f6e0ce6a54de242df8ec33302ec
I: MonitorObliviousTransfer::next
I: GeneratePublicKey::next
D:  sending message (size 0.000384 MB)
I: MonitorObliviousTransfer::next
I: SendPublicKey::next
I: MonitorObliviousTransfer::next
I: RecvEncryptedMessages::next
I: MonitorObliviousTransfer::next
I: DecryptChosenMessage::next
I: MonitorObliviousTransfer::next
I: ChooserDone::next
I: MonitorObliviousTransfer::next
I: MonitorObliviousTransfer::next
I: InitChooser::next
I: MonitorObliviousTransfer::next
I: RecvConstant::next
D: received message: a7c5f03ab6e17e3cbd04c2234d1fcb71bcb9c2d8dde7f945bb767323b1e564d87925528c3b184e47082bf0215fa96879b0ab687d1e0fb895268484a71c03c96a49732aeae663a38b7d91eb66f847aef6a0d89e4af275a3a577a1e9c53c32daa567026fdb2a7a2443d4b632d2e3061b25dbda79053de670f497b52625071cf360506fc0af195fa86b2ca82398b454ce4a5237a99af729cf38eccca44f15d187072d7b1d8493fffd2320ad07cf94fcbddf2cb1352c10356de8e6e648e6bc732e68
I: MonitorObliviousTransfer::next
I: GeneratePublicKey::next
D:  sending message (size 0.000384 MB)
I: MonitorObliviousTransfer::next
I: SendPublicKey::next
I: MonitorObliviousTransfer::next
I: RecvEncryptedMessages::next
I: MonitorObliviousTransfer::next
I: DecryptChosenMessage::next
I: MonitorObliviousTransfer::next
I: ChooserDone::next
I: MonitorObliviousTransfer::next
I: MonitorObliviousTransfer::next
I: InitChooser::next
I: MonitorObliviousTransfer::next
I: RecvConstant::next
D: received message: 569f2f6ca9c67c4b97effcf2ee5539bc718efa593bb9eb7a86434029cc12d3ea30ac74b727cd0426bf207409c8943b7fd6aefb83829c7bc73d95926fb135af5f32cd1534524c39e4ecebb7cd1e56f15ebe3c962fa811db6c49fab2008449882ca1a0f63ee21bb84709a14aff97dcda8ef0712cd17feb5bddc79d9abb2272a462ba5d54a1a72ecaf195c600058de6889428acfa7e5c752bfd80b5e1b6ead17aaad3c9a26fa8c98ccde58d26cd74a5ec38a9c4e10b1e7cc4199bde9cf0f07cab63
I: MonitorObliviousTransfer::next
I: GeneratePublicKey::next
D:  sending message (size 0.000384 MB)
I: MonitorObliviousTransfer::next
I: SendPublicKey::next
I: MonitorObliviousTransfer::next
I: RecvEncryptedMessages::next
I: MonitorObliviousTransfer::next
I: DecryptChosenMessage::next
I: MonitorObliviousTransfer::next
I: ChooserDone::next
I: MonitorObliviousTransfer::next
I: MonitorObliviousTransfer::next
I: InitChooser::next
I: MonitorObliviousTransfer::next
I: RecvConstant::next
D: received message: ef0bd78a1c9839824678dcdf5547c060343e34dbf6577b945326598a4642ed985ac606bef0c1873720c987e034321f96b687d906051071436e3a10c01d787feae8ef4ce2632187c8f7b5f338fc8d994c455898ce2d531213d2aa90d27082f8013cf52701938849791746d201c6426fd667862d428eb37831e0ac12e0485efa4761ffa5cc0246abdeb64d316b5e71c987a83dbe43984c0674e6eaef188a2c172ee3d9f60e1cc2b844c92fd808b071d193f2b8660ab7f095021713dd8650e8adc9
I: MonitorObliviousTransfer::next
I: GeneratePublicKey::next
D:  sending message (size 0.000384 MB)
I: MonitorObliviousTransfer::next
I: SendPublicKey::next
I: MonitorObliviousTransfer::next
I: RecvEncryptedMessages::next
I: MonitorObliviousTransfer::next
I: DecryptChosenMessage::next
I: MonitorObliviousTransfer::next
I: ChooserDone::next
I: MonitorObliviousTransfer::next
I: MonitorObliviousTransfer::next
I: InitChooser::next
I: MonitorObliviousTransfer::next
I: RecvConstant::next
D: received message: 5b0d5ef5e2ea827d0ebbc61210508affea8a7c1d323f7b463fed4a74657d40e3d8ef9ffffa31a631264d6f994020824ca1fa3465ea4511690ab0e6627f5c4e3aa0283816a9ef2f4e4d2b3e1c569f185dd2d27a9ed2c2b4e9e1b020d9a0015a18af97a295d5545898761a84c5dd167afbe56b8a90618be46949dfd7ca91661ae9e0a9cd67f05ef7399b8f4315ceb3eb6b293fb2b3369eb046df40174decb1c7cb7ae4e5100eaf6681b1618b08e935e2f8cf16af44ea60158aa041475fbbda9464
I: MonitorObliviousTransfer::next
I: GeneratePublicKey::next
D:  sending message (size 0.000383 MB)
I: MonitorObliviousTransfer::next
I: SendPublicKey::next
I: MonitorObliviousTransfer::next
I: RecvEncryptedMessages::next
I: MonitorObliviousTransfer::next
I: DecryptChosenMessage::next
I: MonitorObliviousTransfer::next
I: ChooserDone::next
I: MonitorObliviousTransfer::next
I: MonitorObliviousTransfer::next
I: InitChooser::next
I: MonitorObliviousTransfer::next
I: RecvConstant::next
D: received message: 8c4a88530b78c153fdcd2b657a69ab8dc26d1fc30306759d9c783e9bab602f1ede431d933cfe248dd9d942db49e5f5aefd23b3f2be7b06ee8e34e64d93a0b2c13b24d30735d4dbc814bfe26b1cf1541152427a059892d721ced8044df085ac91a82f93afc10a6655a5783e1c4fcb2a13530b3e5023ed1693cc8b4299991dbaada57b8493ef737b233b164848e52b30fddef906e36d47e4fcc272cf27f571acb8380839f9ae27060f5ab83a02495b73153279dd77c12123a360eddb78979fa448
I: MonitorObliviousTransfer::next
I: GeneratePublicKey::next
D:  sending message (size 0.000384 MB)
I: MonitorObliviousTransfer::next
I: SendPublicKey::next
I: MonitorObliviousTransfer::next
I: RecvEncryptedMessages::next
I: MonitorObliviousTransfer::next
I: DecryptChosenMessage::next
I: MonitorObliviousTransfer::next
I: ChooserDone::next
I: MonitorObliviousTransfer::next
I: MonitorObliviousTransfer::next
I: InitChooser::next
I: MonitorObliviousTransfer::next
I: RecvConstant::next
D: received message: 12ff0e148765a30592644597676b710551c68bfcf5d56f7a4871d9fe110c587b535ede9270d06b132eade941d69c94cd5f2bf439a7b5ee2d1e47077b58a852dc5d7b1cc118d278eeb73e8d735feafa849861673f7748eff5f88e876a1c9428ffb42ec243c5fb59ceb06a7d3d50bb0404e2658415b6459e39e2fbd6ddd1a938ec91366b619360fa3e2376f7d7e0fe8dfca97304f17d9355cc8159be5b0c675a0ff4beb5ebc200643d2c37b0295f86153158e397319e8051f758cc5b22d7a8dda0
I: MonitorObliviousTransfer::next
I: GeneratePublicKey::next
D:  sending message (size 0.000384 MB)
I: MonitorObliviousTransfer::next
I: SendPublicKey::next
I: MonitorObliviousTransfer::next
I: RecvEncryptedMessages::next
I: MonitorObliviousTransfer::next
I: DecryptChosenMessage::next
I: MonitorObliviousTransfer::next
I: ChooserDone::next
I: MonitorObliviousTransfer::next
I: MonitorObliviousTransfer::next
I: InitChooser::next
I: MonitorObliviousTransfer::next
I: RecvConstant::next
D: received message: bf07c85ddcff027374fddcebd6d41f69214bba047802f553696dfbd8694ad2e505a89b835b6bddfe609d5d315fdec2992652435b2c7d6c1073d1c18b64080d719bbf9f9891d76768631b8243e6da904096663f3c4d3047f6fd4e754e2b1a7a5681c3fbaaadfa9faa23f3c80a5df114e52a494dc0c03f0bc29119316c60b9ea37b58a44d299a6d2494ced8b5437761e301a712caa224b311d1ae67e94eed8b726059901c5a7914eaa667ab1d2dadba34dbb9c66c99c7781d33659e2914cb22eb0
I: MonitorObliviousTransfer::next
I: GeneratePublicKey::next
D:  sending message (size 0.000384 MB)
I: MonitorObliviousTransfer::next
I: SendPublicKey::next
I: MonitorObliviousTransfer::next
I: RecvEncryptedMessages::next
I: MonitorObliviousTransfer::next
I: DecryptChosenMessage::next
I: MonitorObliviousTransfer::next
I: ChooserDone::next
I: MonitorObliviousTransfer::next
I: MonitorObliviousTransfer::next
I: InitChooser::next
I: MonitorObliviousTransfer::next
I: RecvConstant::next
D: received message: 2568c676d7ef0cf6a386cf10dad91d889a59c392d5e709047dd0bd49b0eaffb3c0faaf3e7c79e1a6db4238d81eef758e68996fd46956b8dd3cfec6e2d0f52c5a72e06626c873b492181fd4cd7872e7a83fdaad762de6f19f81bf8b493a9430d7a6f4cd27b7493cb2648a6a751a3f16758652f20776fcae1cd339716a8472cf00cabcc7d4b11576f3c5b67aa3771f4461a9c35ba0a4de439ea59aeab5fd9b61070faf32d126fc7861d819411246c0bcc8cb01e0ab69c4a23994cf3bc30c62142b
I: MonitorObliviousTransfer::next
I: GeneratePublicKey::next
D:  sending message (size 0.000383 MB)
I: MonitorObliviousTransfer::next
I: SendPublicKey::next
I: MonitorObliviousTransfer::next
I: RecvEncryptedMessages::next
I: MonitorObliviousTransfer::next
I: DecryptChosenMessage::next
I: MonitorObliviousTransfer::next
I: ChooserDone::next
I: MonitorObliviousTransfer::next
I: MonitorObliviousTransfer::next
I: InitChooser::next
I: MonitorObliviousTransfer::next
I: RecvConstant::next
D: received message: 9d2e2dd24266ee0680ef08b9a39370eb790eb0583ee0f01d5e0ba9b2831f9334fecee04b9155968dd841d718b58d0442a785daa092be42bcb7b8155b955aee3bb3c742cb3e954d4cf395496850bb8ca1d057c231dd719a7fc1a42f3ce00d5bba89c6f0ee5419180e53bef700d82c3fcd5b99d3e3d081bf0e8394b86c0c852002a085ad5b9695a6bce9d90d1aa41e3c91f7562924a98edcd5119a21483c552747c5f1c07c6aa16dc5bc14818d6ecb5b48e302814a2996937135a1c2da4d34ebec
I: MonitorObliviousTransfer::next
I: GeneratePublicKey::next
D:  sending message (size 0.000384 MB)
I: MonitorObliviousTransfer::next
I: SendPublicKey::next
I: MonitorObliviousTransfer::next
I: RecvEncryptedMessages::next
I: MonitorObliviousTransfer::next
I: DecryptChosenMessage::next
I: MonitorObliviousTransfer::next
I: ChooserDone::next
I: MonitorObliviousTransfer::next
I: MonitorObliviousTransfer::next
I: InitChooser::next
I: MonitorObliviousTransfer::next
I: RecvConstant::next
D: received message: cb23f4f333de23c268adfc724322ff1ba1b594cae5923518b5e76026134dd2bf784ca730ab08399e37cdf53809ff1f553d8f2f843c05654931514cac1dc37aa2126a978bc7c1f79f6684ac68b6bf3c925bf9ab90f8f506816d2f09277dda9d7b7319babe165f45b358b667193a115a1ac00c1e1d1705752e4983f05fe4573395fe0cbc83528e3dca67a6854d6a69bd6a474654d264809ba9c1ae7be4bce4314cf6a1cdb26d033b9e77a78c881cf21bf1f7575b2970553207449b13e05590e43
I: MonitorObliviousTransfer::next
I: GeneratePublicKey::next
D:  sending message (size 0.000384 MB)
I: MonitorObliviousTransfer::next
I: SendPublicKey::next
I: MonitorObliviousTransfer::next
I: RecvEncryptedMessages::next
I: MonitorObliviousTransfer::next
I: DecryptChosenMessage::next
I: MonitorObliviousTransfer::next
I: ChooserDone::next
I: MonitorObliviousTransfer::next
I: MonitorObliviousTransfer::next
I: InitChooser::next
I: MonitorObliviousTransfer::next
I: RecvConstant::next
D: received message: 290b8c8f82b2f1603a7713970f3ed7eb31f46afaa52029c54eed708b1d1698a4ad82843fee50e864dba88966ac10f8719cee02c4ec36434c898d5af8fb16173be5fdf7034d710ff4124cd2b7028a754ddfe2497431ae8e982c6ab99f2f58e41ca13fd5b8d434b69f42fec5d0d703789c0b0869c14fb314564925df35a0776ae6ed92b65b2b21e8019d10b7aa03be736cd0dcc16bf9b3936828369d32b4e46725ed9258326bc24d20aec61c3700d4aaa130ab1190a4d03f52b5ee47af8700de06
I: MonitorObliviousTransfer::next
I: GeneratePublicKey::next
D:  sending message (size 0.000384 MB)
I: MonitorObliviousTransfer::next
I: SendPublicKey::next
I: MonitorObliviousTransfer::next
I: RecvEncryptedMessages::next
I: MonitorObliviousTransfer::next
I: DecryptChosenMessage::next
I: MonitorObliviousTransfer::next
I: ChooserDone::next
I: MonitorObliviousTransfer::next
I: MonitorObliviousTransfer::next
I: InitChooser::next
I: MonitorObliviousTransfer::next
I: RecvConstant::next
D: received message: 1abd5c7a5279fe87fa6013968959a25c572cd6b1354765fe029c5196d952f565359dc132f96b67cb9f96217c06cc78eb911216f0fc7738c58366c7c5163e7a09edc35c8429756a1b9983a0f65a5c070a9164959a9dc858d8b819fb9a370c4a9b3d3314563b9082bfcde124680f5d7d81bd28e15d910822d905143f285d67807b9c34ea452c206c8bb37288163e8e1818cb943bc45b3389dd21579f363153be7f502130a140b6a107a556666fc9c8338e7ee89534438dcbe4a01620d87385ec94
I: MonitorObliviousTransfer::next
I: GeneratePublicKey::next
D:  sending message (size 0.000383 MB)
I: MonitorObliviousTransfer::next
I: SendPublicKey::next
I: MonitorObliviousTransfer::next
I: RecvEncryptedMessages::next
I: MonitorObliviousTransfer::next
I: DecryptChosenMessage::next
I: MonitorObliviousTransfer::next
I: ChooserDone::next
I: MonitorObliviousTransfer::next
I: MonitorObliviousTransfer::next
I: InitChooser::next
I: MonitorObliviousTransfer::next
I: RecvConstant::next
D: received message: fca50135351cbd91ac8f88577c9fc4fd52be2dd883b006142d868cdf7e0dc04bf6cb90a011921095af8197cb889551f3174aa9738fd3ea558913a188e2a183bfb06c9528c7f9936900416f69f3e82f6eb1c8939741f23a68e88eed77052a560baf326b4e811b550f876f32fc063fba3420f7ac7b328f832452904bba43fe88ce14cbcc8f162edd93ec189a0c1830a18687371479fad34dd2180103da2daa5713cbb4812c26e60a50f59845f480958614e39cde65fbba6f5b55527eb204e7dacc
I: MonitorObliviousTransfer::next
I: GeneratePublicKey::next
D:  sending message (size 0.000384 MB)
I: MonitorObliviousTransfer::next
I: SendPublicKey::next
I: MonitorObliviousTransfer::next
I: RecvEncryptedMessages::next
I: MonitorObliviousTransfer::next
I: DecryptChosenMessage::next
I: MonitorObliviousTransfer::next
I: ChooserDone::next
I: MonitorObliviousTransfer::next
I: MonitorObliviousTransfer::next
I: InitChooser::next
I: MonitorObliviousTransfer::next
I: RecvConstant::next
D: received message: d5204ea7472db1bfbe5d7b34d157489c13c1e286cb73faeb902c3fe7e7252b64d7b922c67e0e87cf93a7491faa17f635615ccac3ba38ece6818588db714fc83cd75f9050232b7d052e7ce06850ddb301a566a9aa79c176e1197b3da7b91e32031fd32d0046f061d23516e2343cb81b6e33b3459d90b76a7a6d10000bb568c32b246599e0ba8ef2d32fe08dfbda9647e2245c770586f549380b15ef261ddd685d74502d5f6e95798d006bf1bfa38f48d5a0f37648eb91ef0ea7f0dfb969294272
I: MonitorObliviousTransfer::next
I: GeneratePublicKey::next
D:  sending message (size 0.000384 MB)
I: MonitorObliviousTransfer::next
I: SendPublicKey::next
I: MonitorObliviousTransfer::next
I: RecvEncryptedMessages::next
I: MonitorObliviousTransfer::next
I: DecryptChosenMessage::next
I: MonitorObliviousTransfer::next
I: ChooserDone::next
I: MonitorObliviousTransfer::next
I: MonitorObliviousTransfer::next
I: InitChooser::next
I: MonitorObliviousTransfer::next
I: RecvConstant::next
D: received message: cc0db01bd5092197d51da7cf6d5843256a13d19601f9e7387396930bb4bddd0521ccd3dc5ca12c0a72a1dfcd0878fabf37e16fa2b53fa37faae640399e133a5cfc5bc13476bc61eed3518b86c7373a97ef6fa413d04e8b147ee8c2da31145fa2b8f26ab504da96db4f0c45045452f787a69f58ad7df859fa56052b6d255d321d5bfc795d760cd3382aa62d8129f10cbeb5208e91f079d651ace93c758085a1977a43814fcc111619393a9ee2d9556e0fc71f64a4e65c9f223c1737f935bc82d9
I: MonitorObliviousTransfer::next
I: GeneratePublicKey::next
D:  sending message (size 0.000384 MB)
I: MonitorObliviousTransfer::next
I: SendPublicKey::next
I: MonitorObliviousTransfer::next
I: RecvEncryptedMessages::next
I: MonitorObliviousTransfer::next
I: DecryptChosenMessage::next
I: MonitorObliviousTransfer::next
I: ChooserDone::next
I: MonitorObliviousTransfer::next
I: MonitorObliviousTransfer::next
I: InitChooser::next
I: MonitorObliviousTransfer::next
I: RecvConstant::next
D: received message: 5ac63ac4a79e4046f7697009889b2bee30f4132adfa83e799cee1d2090758a0262e0261a5dc099fd2bf4ad29444d5b631e72ad905d533c81c5391dffcaca9bf6076c874eeaabc541b914b00ea75fa468e4ff600823f2fdeb31e4121e4ff040658428efd68932aa7889063155153023fc54d353f7504dd3db429df053ea2a2dac0359713c7eaaf38ab9203aaba63fbeb1611f570d1e5d5c94da40f532b1467ab4d047cac9223f737703836870678a9bfc01e9cb4c74f592a3dcc72b85fa14dd33
I: MonitorObliviousTransfer::next
I: GeneratePublicKey::next
D:  sending message (size 0.000384 MB)
I: MonitorObliviousTransfer::next
I: SendPublicKey::next
I: MonitorObliviousTransfer::next
I: RecvEncryptedMessages::next
I: MonitorObliviousTransfer::next
I: DecryptChosenMessage::next
I: MonitorObliviousTransfer::next
I: ChooserDone::next
I: MonitorObliviousTransfer::next
I: MonitorObliviousTransfer::next
I: InitChooser::next
I: MonitorObliviousTransfer::next
I: RecvConstant::next
D: received message: 5cf8117f0bfecfa6b7c41af3bb539530ddc27e25c5b17aa2b8dc78cdc5aec90f58b726209e569f2ae27959b4c979019226ccae643bee87e378e89ee68160f64367a6fe4c2f841814d08833c4bf400690a8484eb55a058f8bca17f3a271b56fce5f2a009abb00ea713ad0dca13183759862c04e4c9bf8c806d52b29e3dc2d5af1dd80ed5aa2b1979b343e65615d6df411a7e07768e329019e2bfb5a4f9765d9af5f8ec1fa1c87871ef166638c3f6608594079a811a8945d05180fed2992392878
I: MonitorObliviousTransfer::next
I: GeneratePublicKey::next
D:  sending message (size 0.000384 MB)
I: MonitorObliviousTransfer::next
I: SendPublicKey::next
I: MonitorObliviousTransfer::next
I: RecvEncryptedMessages::next
I: MonitorObliviousTransfer::next
I: DecryptChosenMessage::next
I: MonitorObliviousTransfer::next
I: ChooserDone::next
I: MonitorObliviousTransfer::next
I: MonitorObliviousTransfer::next
I: InitChooser::next
I: MonitorObliviousTransfer::next
I: RecvConstant::next
D: received message: 5889d85089e541881b40c31b1c62d61637ea3fe56c7828b9aa99590f5e3fb2ed0378e4b577397c92869cfe08ef110d738b390a9025b219c3e2086ad8ebedcc86844f5fda5d0d9172226d68bbf616aeb9759aee848872bb909bc2d1652baa36f3337bb07e96dd39bdcf8a1048a5614f1241011b61aaa2f59af16313d1784c6f5fd592b8ceda97a3ae5fe1e1033f1865c7cf40761edf242bc2154b6546fef0bade6e9cd496cb35675355731153d8472000f48d643140b08e1e3e81bfe9847697f5
I: MonitorObliviousTransfer::next
I: GeneratePublicKey::next
D:  sending message (size 0.000384 MB)
I: MonitorObliviousTransfer::next
I: SendPublicKey::next
I: MonitorObliviousTransfer::next
I: RecvEncryptedMessages::next
I: MonitorObliviousTransfer::next
I: DecryptChosenMessage::next
I: MonitorObliviousTransfer::next
I: ChooserDone::next
I: MonitorObliviousTransfer::next
I: MonitorObliviousTransfer::next
I: InitChooser::next
I: MonitorObliviousTransfer::next
I: RecvConstant::next
D: received message: 2b56b141ace1b9f7824b602bf7f3a40e68e89909f1724314a78a4372bc1eabd11f07f0023b52901cfc9bc29ffc9e3d7993dbf2b43175b2b69e0979a98334cd2dc164b9dc82aaa2d23f649f0e5e349e29842b1614702873934bd2cb9f41059d442dc36da4d3ce0b40dcc2c9fd42d9f36669b2e48daded2e679f8c4a66e476f8ff3f5d692fe515d5825227172fd649ee227a9f41d34b2310c9d421ef73ed552caa41e07dec455b867ac08d901b2536b243eb992af561ab9887d3eb8b261a28af4
I: MonitorObliviousTransfer::next
I: GeneratePublicKey::next
D:  sending message (size 0.000384 MB)
I: MonitorObliviousTransfer::next
I: SendPublicKey::next
I: MonitorObliviousTransfer::next
I: RecvEncryptedMessages::next
I: MonitorObliviousTransfer::next
I: DecryptChosenMessage::next
I: MonitorObliviousTransfer::next
I: ChooserDone::next
I: MonitorObliviousTransfer::next
I: MonitorObliviousTransfer::next
I: InitChooser::next
I: MonitorObliviousTransfer::next
I: RecvConstant::next
D: received message: 6cd192110833244dd815b8b2de6bed4a81c47a6434d7f76dec9e46fd9c46c13dc9500cc2e1b904671d2112ec0d89a99a5e8a3b9283764309b298b34b6d5463feb22945a00215a2ae45b4bc0046ebad28a7b7f4358bb4305a2f7341d49c18f49693ea4581873e0b2b687ebac67bf9618e22e2e8d341e5ad37f2fcf0b07e9545093feab23711e375c555f5a11dd40fafb72a06d9e8c59369204f6a8b5acebab46fdfd2ede4dad9085cb288f04576453109d630b9afcdd763e63214e9e2d3714d16
I: MonitorObliviousTransfer::next
I: GeneratePublicKey::next
D:  sending message (size 0.000384 MB)
I: MonitorObliviousTransfer::next
I: SendPublicKey::next
I: MonitorObliviousTransfer::next
I: RecvEncryptedMessages::next
I: MonitorObliviousTransfer::next
I: DecryptChosenMessage::next
I: MonitorObliviousTransfer::next
I: ChooserDone::next
I: MonitorObliviousTransfer::next
I: MonitorObliviousTransfer::next
I: InitChooser::next
I: MonitorObliviousTransfer::next
I: RecvConstant::next
D: received message: ce80bd654b9538b2b29b27dcf4e9edc0248ce2b91abdf7e09449120cb4da6b1ca7d5a1f2df1ff2cb607bf801a542f53ad766d74e213fb1386b7f58474239d49755739b63dca21cf889b7fdb1d8a3e6ef5ff00bb40d5806704d409242132c376730c9f9b4a54f4be27d62303b0b0c113015662e769a7dc1c935a61b09861d12e8ac876fa2f9f88af24f649fe8e92ae917a448633747be2030ad550a0d78ad8b8653d6a8555582ef4cccc8a3244828afe4b38db61b9183a3db49719d229ffa709b
I: MonitorObliviousTransfer::next
I: GeneratePublicKey::next
D:  sending message (size 0.000384 MB)
I: MonitorObliviousTransfer::next
I: SendPublicKey::next
I: MonitorObliviousTransfer::next
I: RecvEncryptedMessages::next
I: MonitorObliviousTransfer::next
I: DecryptChosenMessage::next
I: MonitorObliviousTransfer::next
I: ChooserDone::next
I: MonitorObliviousTransfer::next
I: MonitorObliviousTransfer::next
I: InitChooser::next
I: MonitorObliviousTransfer::next
I: RecvConstant::next
D: received message: cf8653f92686a5a7961906fd4ec3c12f1f3903985a72c9a032e69c446f5fb1fbc454d7261b07f8edb8f16fb5c7192f345f1085fa63c8228c0b46733911fddc04b3e24f48adcad2f0e038e9d6d482b06f6c19d439f93e05eb9852d82d2267bf7685e204df0095a7a1832ed77a4e7001ae48a9a2cf95cd274e404d94bacd03324e0d44e0037f1ac11240448fd8f4b27a36f0cbd244b0ecc1a586a28b9a8025ab40854fa1fcaa0650279005d6eba2131877b4d29866c415a228968c9bfb85a375ee
I: MonitorObliviousTransfer::next
I: GeneratePublicKey::next
D:  sending message (size 0.000384 MB)
I: MonitorObliviousTransfer::next
I: SendPublicKey::next
I: MonitorObliviousTransfer::next
I: RecvEncryptedMessages::next
I: MonitorObliviousTransfer::next
I: DecryptChosenMessage::next
I: MonitorObliviousTransfer::next
I: ChooserDone::next
I: MonitorObliviousTransfer::next
I: MonitorObliviousTransfer::next
I: InitChooser::next
I: MonitorObliviousTransfer::next
I: RecvConstant::next
D: received message: bbc538da2d283bb6452e459033d810069533c7ba32f71a9a231b6a210c7d57de8ba82e13edb3e20abcf28c3697787541d32c2db68052d29106bdb357f509acf4d4fae3eb8d301075b1ac874045efc888192018e21665cae88baf5cf3ab0b4539bb11f98943a8ee396c56ab6871399299b24ed37227c6e4819f98df9dbc2106e70bffe14d965efee6b0807cb473afd7c92bccdb99c3a2cad8fdd61abbc8bd950d97bb2a5c931d6cc4ecd918fea55714c46565687f22a8f1db25641f8fd225d09
I: MonitorObliviousTransfer::next
I: GeneratePublicKey::next
D:  sending message (size 0.000384 MB)
I: MonitorObliviousTransfer::next
I: SendPublicKey::next
I: MonitorObliviousTransfer::next
I: RecvEncryptedMessages::next
I: MonitorObliviousTransfer::next
I: DecryptChosenMessage::next
I: MonitorObliviousTransfer::next
I: ChooserDone::next
I: MonitorObliviousTransfer::next
I: MonitorObliviousTransfer::next
I: InitChooser::next
I: MonitorObliviousTransfer::next
I: RecvConstant::next
D: received message: a052bad863ba671101a56fd74c9251bee53a0905850105d166e91c556202d898c24486f23bfa2ae85c1eb5fd7b8994fec11800f75906c5ee15952939e94187d50f072f7b796e53687be8f6955ae39fcb048c3c8f67033cb3cfcf73d7093340c32cbab3b6ab34b06ea50a9e062879c28f6cc6ff7f9765d37d1b42beda8a7f47d72962c015f4981f58274258e5d84a1ffdabb725f2494987ba2041d445c5c301780596ced6ee69bd95fa36e7e6c0106d7ac11e6c2279a6957407858a6c00906cac
I: MonitorObliviousTransfer::next
I: GeneratePublicKey::next
D:  sending message (size 0.000384 MB)
I: MonitorObliviousTransfer::next
I: SendPublicKey::next
I: MonitorObliviousTransfer::next
I: RecvEncryptedMessages::next
I: MonitorObliviousTransfer::next
I: DecryptChosenMessage::next
I: MonitorObliviousTransfer::next
I: ChooserDone::next
I: MonitorObliviousTransfer::next
I: MonitorObliviousTransfer::next
I: InitChooser::next
I: MonitorObliviousTransfer::next
I: RecvConstant::next
D: received message: b5126f373e79c15d4dea1d1eda9d7e0c4dff6cb13816211a906fce674dd4b84847accbb998cdc27cb6857c5cbe85bc97c6107d6c23e8e6a4553d8c52decf814575eec00f5e17a6fc6a0ec1c911cbf43cc582b69b985c51ab238d76fafe4ecfe6fccfdedfa545c98d125569e4a4778c1c8985dc15ca0d6c1117e30d9382b0c6b7acf473102566a74e9a185b1459ab9f671c04c7c49bbebfc97681b1a1e766169850888a38c9528b374a086fbc2b866d2d3115357a96b271899160082452bdfc53
I: MonitorObliviousTransfer::next
I: GeneratePublicKey::next
D:  sending message (size 0.000384 MB)
I: MonitorObliviousTransfer::next
I: SendPublicKey::next
I: MonitorObliviousTransfer::next
I: RecvEncryptedMessages::next
I: MonitorObliviousTransfer::next
I: DecryptChosenMessage::next
I: MonitorObliviousTransfer::next
I: ChooserDone::next
I: MonitorObliviousTransfer::next
I: MonitorObliviousTransfer::next
I: EvaluateCircuit::next
D:   evaluating gate 10000
D:   evaluating gate 20000
D:   evaluating gate 30000
D:   evaluating gate 40000
D:  sending message (size 0.000001 MB)
I: SendOutputBit::next
I: ==== round duration: 79302.101562 ms ====
I: CopyMonitorStateLabels::next
I: RecvGarbledGates::next
I: RecvSystemInputLabels::next
I: RecvFlagBitLabels::next
I: EvaluateCircuit::next
D:   evaluating gate 10000
D:   evaluating gate 20000
D:   evaluating gate 30000
D:   evaluating gate 40000
D:  sending message (size 0.000001 MB)
I: SendOutputBit::next
I: ==== round duration: 79375.859375 ms ====
I: CopyMonitorStateLabels::next
I: RecvGarbledGates::next
I: RecvSystemInputLabels::next
I: RecvFlagBitLabels::next
I: EvaluateCircuit::next
D:   evaluating gate 10000
D:   evaluating gate 20000
D:   evaluating gate 30000
D:   evaluating gate 40000
D:  sending message (size 0.000001 MB)
I: SendOutputBit::next
I: ==== round duration: 81203.562500 ms ====
I: FaultObserved::next
I: MonitorDone::next
