I: parsing spec file timekeeper+.v...
skipping synthesis, BLIF file already exists.
I: parsing BLIF file synth.blif...
D: inputs and outputs parsed.
D: circuit initialized.
D: connections (#738) parsed.
D: gates (#7056) parsed.
D: outputs: 18840 18843 18846 18849 18852 18855 18858 18861 18864 18867 18870 18873 18876 18879 18882 18885 18888 18891 18894 18897 18900 18903 18906 18909 18912 18915 18918 18921 18924 18927 18930 18932 18838 
D: circuit size: 18933
D: adding identity gates for outputs...
D: outputs after identity: 18966 18967 18968 18969 18970 18971 18972 18973 18974 18975 18976 18977 18978 18979 18980 18981 18982 18983 18984 18985 18986 18987 18988 18989 18990 18991 18992 18993 18994 18995 18996 18997 18998 
D: circuit size after identity: 18999
I: initializing safe primes...
I: using prime modulus 179769313486231590770839156793787453197860296048756011706444423684197180216158519368947833795864925541502180565485980503646440548199239100050792877003355816639229553136239076508735759914822574862575007425302077447712589550957937778424442426617334727629299387668709205606050270810842907692932019128194467627007
D:  sending message (size 0.000004 MB)
I: InitMonitor::next
I: GenerateDriverLabels::next
D:   driver labels generated in 16243.353516 ms
I: GenerateInWireKeys::next
D:   in-wire keys generated in 3682.809814 ms
D: SendLabels::message
D:   generating in-wire labels for 7127 gates
D:   in-wire labels generated in 3896.697510 ms
D:  gateCount: 7127
D:  sending message (size 8.543475 MB)
I: SendLabels::next
I: RecvGarbledGates::next
I: RecvSystemInputLabels::next
I: RecvFlagBitLabels::next
I: MonitorObliviousTransfer::next
I: InitChooser::next
I: MonitorObliviousTransfer::next
I: RecvConstant::next
D: received message: b11df4a56b9379865542b015701b3f30670d029fa1456653735769fb0200a6386eb5f7128f318889cdbd6bf73669f90ec84a9211dc1a7ad2a171d1de550b966e9989de354bb469fabe6bea7c25a6b3c326947cc3e69d33bebf6ec5f0623422b7b8683f4c4bcc35d590d176424d9dccc0a6651a6871f79987de3d57ff0a963f11
I: MonitorObliviousTransfer::next
I: GeneratePublicKey::next
D:  sending message (size 0.000256 MB)
I: MonitorObliviousTransfer::next
I: SendPublicKey::next
I: MonitorObliviousTransfer::next
I: RecvEncryptedMessages::next
I: MonitorObliviousTransfer::next
I: DecryptChosenMessage::next
I: MonitorObliviousTransfer::next
I: ChooserDone::next
I: MonitorObliviousTransfer::next
I: MonitorObliviousTransfer::next
I: InitChooser::next
I: MonitorObliviousTransfer::next
I: RecvConstant::next
D: received message: 92d60fa77bd992475b7ef9e8eec6c57bf34da05ef70ec1b3425d8516dbcd2185d1a931be91c0cf288fcd967aae1745b52cb1a1b348b61d939e2b13455762cc812f260422f89f2f7dfad3b3c6b392e7b0570713c66ffaebab458630f1619057309b04f310468dabdae51439d1be1ef43714624518f28c9d292db68eb043128b84
I: MonitorObliviousTransfer::next
I: GeneratePublicKey::next
D:  sending message (size 0.000256 MB)
I: MonitorObliviousTransfer::next
I: SendPublicKey::next
I: MonitorObliviousTransfer::next
I: RecvEncryptedMessages::next
I: MonitorObliviousTransfer::next
I: DecryptChosenMessage::next
I: MonitorObliviousTransfer::next
I: ChooserDone::next
I: MonitorObliviousTransfer::next
I: MonitorObliviousTransfer::next
I: InitChooser::next
I: MonitorObliviousTransfer::next
I: RecvConstant::next
D: received message: 3132c62482bca6ae44fecf9fcc4e3e5708488028d11a38d026540f132cbfb4534355042cbf8e31632b2c2f23edad095eb04992f4259bd144dedfc9662e465564c3745cba83c9bb0201dec8318785294af56a9886577b4c08ea43f15720430ceeff135250b628f40b99bb72a6f38c90e596f37da1c34e57741ffb0966e1d62b9d
I: MonitorObliviousTransfer::next
I: GeneratePublicKey::next
D:  sending message (size 0.000256 MB)
I: MonitorObliviousTransfer::next
I: SendPublicKey::next
I: MonitorObliviousTransfer::next
I: RecvEncryptedMessages::next
I: MonitorObliviousTransfer::next
I: DecryptChosenMessage::next
I: MonitorObliviousTransfer::next
I: ChooserDone::next
I: MonitorObliviousTransfer::next
I: MonitorObliviousTransfer::next
I: InitChooser::next
I: MonitorObliviousTransfer::next
I: RecvConstant::next
D: received message: 9e6b6d6be15fd5db6dd863ea53df52d309655b85863d0f4fdc3ede6afb2ded106cb5b41fd4758910b7c524303eb3096df40d6f4c740976f1f37492bce097d0acaa88adbdb97cd661c9bfdb3f45e70f15b07e04750c079d914e182f56ee82526fca5f425ad943136dd5ae486462e8b27688d167f8caa6ef75e0b139e0378a6f23
I: MonitorObliviousTransfer::next
I: GeneratePublicKey::next
D:  sending message (size 0.000256 MB)
I: MonitorObliviousTransfer::next
I: SendPublicKey::next
I: MonitorObliviousTransfer::next
I: RecvEncryptedMessages::next
I: MonitorObliviousTransfer::next
I: DecryptChosenMessage::next
I: MonitorObliviousTransfer::next
I: ChooserDone::next
I: MonitorObliviousTransfer::next
I: MonitorObliviousTransfer::next
I: InitChooser::next
I: MonitorObliviousTransfer::next
I: RecvConstant::next
D: received message: 271ef89e5f56696a4425095c2e8d727fe93497c78965100f590b8ff5f615fcdbcecec01399a9495fdae7fbb8bfe95f7024bfd2302f4bf2f4852aa3aa9bd4c58cfce31131b18ee8912c1ba2616a372f937a447856de0379794c519860bc28bee214f232112917eddda8a4f1042833640a94bfd0a258ec197e6d459ac50ad1023f
I: MonitorObliviousTransfer::next
I: GeneratePublicKey::next
D:  sending message (size 0.000256 MB)
I: MonitorObliviousTransfer::next
I: SendPublicKey::next
I: MonitorObliviousTransfer::next
I: RecvEncryptedMessages::next
I: MonitorObliviousTransfer::next
I: DecryptChosenMessage::next
I: MonitorObliviousTransfer::next
I: ChooserDone::next
I: MonitorObliviousTransfer::next
I: MonitorObliviousTransfer::next
I: InitChooser::next
I: MonitorObliviousTransfer::next
I: RecvConstant::next
D: received message: a2318a0a5531009e285df2d789914d23c30866798a6f8244eca1b2b20c372b38825d02564f0b3cc6fe8f969340dce18b84654f298ab1a75f702ea1b52beefc71788d59be2ba540cf7ee74bfdf56902f87c6cda83e907d085efdbdcf08444ebd45ec843a6ac4fe3b20d63247ac645dd9b82aab86831121a1957659df4c067d661
I: MonitorObliviousTransfer::next
I: GeneratePublicKey::next
D:  sending message (size 0.000256 MB)
I: MonitorObliviousTransfer::next
I: SendPublicKey::next
I: MonitorObliviousTransfer::next
I: RecvEncryptedMessages::next
I: MonitorObliviousTransfer::next
I: DecryptChosenMessage::next
I: MonitorObliviousTransfer::next
I: ChooserDone::next
I: MonitorObliviousTransfer::next
I: MonitorObliviousTransfer::next
I: InitChooser::next
I: MonitorObliviousTransfer::next
I: RecvConstant::next
D: received message: 3d37c522047b049ba96d44dd383cb3d8bc018cb9f1c6e041b2305d96acac1bf1ec48f9924bddfdbed27c3598960ba8e0ce4f9ee84e7a1782d1b9dc4b874e8872e2db78bf200b71493c11ca470c96b7c844248a2bedd2588f1fad12df73eddee333ead51acd6713085f56a979ecb1f2e7e63d397b7c91152a669e4284168abfa4
I: MonitorObliviousTransfer::next
I: GeneratePublicKey::next
D:  sending message (size 0.000256 MB)
I: MonitorObliviousTransfer::next
I: SendPublicKey::next
I: MonitorObliviousTransfer::next
I: RecvEncryptedMessages::next
I: MonitorObliviousTransfer::next
I: DecryptChosenMessage::next
I: MonitorObliviousTransfer::next
I: ChooserDone::next
I: MonitorObliviousTransfer::next
I: MonitorObliviousTransfer::next
I: InitChooser::next
I: MonitorObliviousTransfer::next
I: RecvConstant::next
D: received message: 5ae7a2c75ba74e3d3e8706262925beb3da28295067ee756b7445bb29d562a61e07247486060989ac235cfa6c47e6faf997e24932311048cce414871378907364db470c9f19dbf2ba8a9e7b7c748d9b99ac9b49dfff9f2041a4c8015984d3fab94ad4df66fc3a2337d0989fc84e20e1acea52eaeba0edbba18b92dee0cb3ad71b
I: MonitorObliviousTransfer::next
I: GeneratePublicKey::next
D:  sending message (size 0.000256 MB)
I: MonitorObliviousTransfer::next
I: SendPublicKey::next
I: MonitorObliviousTransfer::next
I: RecvEncryptedMessages::next
I: MonitorObliviousTransfer::next
I: DecryptChosenMessage::next
I: MonitorObliviousTransfer::next
I: ChooserDone::next
I: MonitorObliviousTransfer::next
I: MonitorObliviousTransfer::next
I: InitChooser::next
I: MonitorObliviousTransfer::next
I: RecvConstant::next
D: received message: 15da5986f4a7848f46c75df777637ddca9352e4b2c9dbd0a4c21f405c947c982a8af120391b31583c105a09afbcd628a481866e5598a860f64024b8a2a8fd16047630ff99616f09a54020ee69985bceeb25435b07a42f1af5139f11e8b8e4835b2ba268726a05714c46b0043fc7ac8fb82d24e5f3ddd8743bf871c0b31a6970
I: MonitorObliviousTransfer::next
I: GeneratePublicKey::next
D:  sending message (size 0.000255 MB)
I: MonitorObliviousTransfer::next
I: SendPublicKey::next
I: MonitorObliviousTransfer::next
I: RecvEncryptedMessages::next
I: MonitorObliviousTransfer::next
I: DecryptChosenMessage::next
I: MonitorObliviousTransfer::next
I: ChooserDone::next
I: MonitorObliviousTransfer::next
I: MonitorObliviousTransfer::next
I: InitChooser::next
I: MonitorObliviousTransfer::next
I: RecvConstant::next
D: received message: a1164c9a6086a411cc0392a8cc180456f054420c477f2d0de6d440d7ae0b1e35ea8a4c170b728e736ef428de22d7a3a17c73ced9d41039191af906ffa3c04ce5f7f7013b1c987e837f84cb86083330ab373f62eca5fda64a9dac27b14c1561ab567ae0ad82f658ec10443a3be8e4b2f9cd03d0557a81cc640bbb6e6dfc63a97a
I: MonitorObliviousTransfer::next
I: GeneratePublicKey::next
D:  sending message (size 0.000256 MB)
I: MonitorObliviousTransfer::next
I: SendPublicKey::next
I: MonitorObliviousTransfer::next
I: RecvEncryptedMessages::next
I: MonitorObliviousTransfer::next
I: DecryptChosenMessage::next
I: MonitorObliviousTransfer::next
I: ChooserDone::next
I: MonitorObliviousTransfer::next
I: MonitorObliviousTransfer::next
I: InitChooser::next
I: MonitorObliviousTransfer::next
I: RecvConstant::next
D: received message: f2bd8c7fd610b8935b1de4cfbf95776d502d9c0c5605c456786a41bfb855e30abed7c78af20e7ff25ca4968a7522e2b093405bf5f579a85fb456a88b89ca95b67c08bba265946c158b6a6716ca5fa3614712c91b9e735a6bc7346bfad497f6112f26fbfb6b63b2ac806262382109b0921128cc194fa5c8728942a356a488b538
I: MonitorObliviousTransfer::next
I: GeneratePublicKey::next
D:  sending message (size 0.000256 MB)
I: MonitorObliviousTransfer::next
I: SendPublicKey::next
I: MonitorObliviousTransfer::next
I: RecvEncryptedMessages::next
I: MonitorObliviousTransfer::next
I: DecryptChosenMessage::next
I: MonitorObliviousTransfer::next
I: ChooserDone::next
I: MonitorObliviousTransfer::next
I: MonitorObliviousTransfer::next
I: InitChooser::next
I: MonitorObliviousTransfer::next
I: RecvConstant::next
D: received message: 849cc23facaa46909db108849b6a76ae4ffa550541a5c1045b0d156e7449f80883124f16da01a313db84c5140dee9a401f8aea9a3b242231833204f6035e974e60f4db7dd2129a57e6c258d6f675599df9caea620126846b162336a362d3c73880319aab1928cfbd01c6f8d5aa4b09e6a370297d235557bcfbe3d563fe838514
I: MonitorObliviousTransfer::next
I: GeneratePublicKey::next
D:  sending message (size 0.000256 MB)
I: MonitorObliviousTransfer::next
I: SendPublicKey::next
I: MonitorObliviousTransfer::next
I: RecvEncryptedMessages::next
I: MonitorObliviousTransfer::next
I: DecryptChosenMessage::next
I: MonitorObliviousTransfer::next
I: ChooserDone::next
I: MonitorObliviousTransfer::next
I: MonitorObliviousTransfer::next
I: InitChooser::next
I: MonitorObliviousTransfer::next
I: RecvConstant::next
D: received message: 43bae74543e003dbb1b928226b4bd5b2e506c4b9ac2f17a85aac262573d45a2c5636abec4b9ccb015d0000234de91f225232e642baaa6b5ffd59da0f56ce89dad1cf6e23d9ce1e211ef582ff6576ef7b837d111211af6256676382d1bd8d3ea675564d01e2e40b17bc13f33348a597729729600e529c3d9ef7481a2fb6ada482
I: MonitorObliviousTransfer::next
I: GeneratePublicKey::next
D:  sending message (size 0.000256 MB)
I: MonitorObliviousTransfer::next
I: SendPublicKey::next
I: MonitorObliviousTransfer::next
I: RecvEncryptedMessages::next
I: MonitorObliviousTransfer::next
I: DecryptChosenMessage::next
I: MonitorObliviousTransfer::next
I: ChooserDone::next
I: MonitorObliviousTransfer::next
I: MonitorObliviousTransfer::next
I: InitChooser::next
I: MonitorObliviousTransfer::next
I: RecvConstant::next
D: received message: 90de3647f2373e86688f21ae8771ed10cec53176d63f6cd622964aefbf37876a45e4b7051748f0524d28e3e3297cd2799752ed4767d41dc451067b15c7bbc899cb58ab8a7b926cbd36b7d841b527e332b426273f9066c301434fb2af833d44272da0fc9de3229d3363a26d390b3da6be05c7b675118f81ca50a1426361874e7a
I: MonitorObliviousTransfer::next
I: GeneratePublicKey::next
D:  sending message (size 0.000256 MB)
I: MonitorObliviousTransfer::next
I: SendPublicKey::next
I: MonitorObliviousTransfer::next
I: RecvEncryptedMessages::next
I: MonitorObliviousTransfer::next
I: DecryptChosenMessage::next
I: MonitorObliviousTransfer::next
I: ChooserDone::next
I: MonitorObliviousTransfer::next
I: MonitorObliviousTransfer::next
I: InitChooser::next
I: MonitorObliviousTransfer::next
I: RecvConstant::next
D: received message: ab304577615a47946f0fd61480b433631033455e4311ecc42f9f1c8703b4457b65b33e532de3bf8aa9401e1748b7664cc286be05a81187d20d885944bb12ec279973fffc4ee1144878a7407173d3ee915a37c69fc3348b9343cff190305b28148eaf7041225766078ae724ae663f0c09076bf15fb41bdd03856d3e1fad86f71
I: MonitorObliviousTransfer::next
I: GeneratePublicKey::next
D:  sending message (size 0.000256 MB)
I: MonitorObliviousTransfer::next
I: SendPublicKey::next
I: MonitorObliviousTransfer::next
I: RecvEncryptedMessages::next
I: MonitorObliviousTransfer::next
I: DecryptChosenMessage::next
I: MonitorObliviousTransfer::next
I: ChooserDone::next
I: MonitorObliviousTransfer::next
I: MonitorObliviousTransfer::next
I: InitChooser::next
I: MonitorObliviousTransfer::next
I: RecvConstant::next
D: received message: 6838230c9e4c79e29db9f60137de38de6a717bbe2937d0350ad71fd0d6279156f56ddd0ed1da43b2bc2a2f461dae27b87e395585c8cd06e04860426f2b5099f56c0bd1f5979117786a9a7e25b32be14c41125b419b928ed225f9b83c8e6f51506264fd71eb643c907b816419444b20fd6da7aff6899c08d04d4fea44e465a81a
I: MonitorObliviousTransfer::next
I: GeneratePublicKey::next
D:  sending message (size 0.000256 MB)
I: MonitorObliviousTransfer::next
I: SendPublicKey::next
I: MonitorObliviousTransfer::next
I: RecvEncryptedMessages::next
I: MonitorObliviousTransfer::next
I: DecryptChosenMessage::next
I: MonitorObliviousTransfer::next
I: ChooserDone::next
I: MonitorObliviousTransfer::next
I: MonitorObliviousTransfer::next
I: InitChooser::next
I: MonitorObliviousTransfer::next
I: RecvConstant::next
D: received message: afe87df1bd01e91e6289981a557d5630453325be9f84426e67e8f6d1bd6c3bf1254a56250917d70e58220783b7ec619038a8c59bd57ec507f78270c55a213bd73a38c4bc03cc8c5cf2829ffe36e928ea3c1c9498d1f2d3a1eb42500036da08e22c70d19e4758a1cae78df47aec9f1e3b4afe979a0a6d22c74e2f0b6b2ef96b4b
I: MonitorObliviousTransfer::next
I: GeneratePublicKey::next
D:  sending message (size 0.000256 MB)
I: MonitorObliviousTransfer::next
I: SendPublicKey::next
I: MonitorObliviousTransfer::next
I: RecvEncryptedMessages::next
I: MonitorObliviousTransfer::next
I: DecryptChosenMessage::next
I: MonitorObliviousTransfer::next
I: ChooserDone::next
I: MonitorObliviousTransfer::next
I: MonitorObliviousTransfer::next
I: InitChooser::next
I: MonitorObliviousTransfer::next
I: RecvConstant::next
D: received message: 2fcbb2cce18516ef5f9dd8fbe093cab46f4ad81eb5f041cf94caa9d7e183281995ef386f8f5bf0da9b8ff6cccd69ff2f47a2aca8ddb014379e45d3fe624df6710f98fafd1f8f2517513b4337722e0fa977666464cf553506cb086f66ac37ae3282a678348cda93b8e5a795e51c24cc3c55facd1529a24181690f01fe30259229
I: MonitorObliviousTransfer::next
I: GeneratePublicKey::next
D:  sending message (size 0.000256 MB)
I: MonitorObliviousTransfer::next
I: SendPublicKey::next
I: MonitorObliviousTransfer::next
I: RecvEncryptedMessages::next
I: MonitorObliviousTransfer::next
I: DecryptChosenMessage::next
I: MonitorObliviousTransfer::next
I: ChooserDone::next
I: MonitorObliviousTransfer::next
I: MonitorObliviousTransfer::next
I: InitChooser::next
I: MonitorObliviousTransfer::next
I: RecvConstant::next
D: received message: 64342d6121bde0ebe3a44b56fc18aa903f9c4ebd49adb0318f18cf123fa09d9a20d22d0e37d16954368ea66fd67348ffa5096e46eb1435f070ddac8ebf76edd956766a1b1597d0075f9c14fd173da59f5a57b17a65673088e11f0a13e310e53bf94434e410a7595fac03981a2520b4a80760d5e208b8e989bc36a654daf4b155
I: MonitorObliviousTransfer::next
I: GeneratePublicKey::next
D:  sending message (size 0.000256 MB)
I: MonitorObliviousTransfer::next
I: SendPublicKey::next
I: MonitorObliviousTransfer::next
I: RecvEncryptedMessages::next
I: MonitorObliviousTransfer::next
I: DecryptChosenMessage::next
I: MonitorObliviousTransfer::next
I: ChooserDone::next
I: MonitorObliviousTransfer::next
I: MonitorObliviousTransfer::next
I: InitChooser::next
I: MonitorObliviousTransfer::next
I: RecvConstant::next
D: received message: 9568b5e45a20df3260197463925bbd556e0b4a00f2e8a32fe906055b2185c8db8244e1566c066702b00fd556259278d55abab308750096a0860e3c5623fec7545eddaea0a66bf784115d242062a8eb5f1601c6bb0accb4e9b192f5e1a96a19c2622739d87937465c37d5ae7cf2a735497d1a4e4a57e66467445dd462e65f07bf
I: MonitorObliviousTransfer::next
I: GeneratePublicKey::next
D:  sending message (size 0.000256 MB)
I: MonitorObliviousTransfer::next
I: SendPublicKey::next
I: MonitorObliviousTransfer::next
I: RecvEncryptedMessages::next
I: MonitorObliviousTransfer::next
I: DecryptChosenMessage::next
I: MonitorObliviousTransfer::next
I: ChooserDone::next
I: MonitorObliviousTransfer::next
I: MonitorObliviousTransfer::next
I: InitChooser::next
I: MonitorObliviousTransfer::next
I: RecvConstant::next
D: received message: fd54fdbc348eb7e41ad733e2b247b347c5c227b472431c6e006eafc19e69864a3a3deb40866d997541616ebab175538734cd78d0aa20c9b6527895a46fd58182b804a4e6bfb1bde4f4e252ba1217b580039b43ee2f4c5acaa984e1a600f0db408481886d7fce053f20461e424287660efd570c0944fffe2db877f1fa29e28fa2
I: MonitorObliviousTransfer::next
I: GeneratePublicKey::next
D:  sending message (size 0.000256 MB)
I: MonitorObliviousTransfer::next
I: SendPublicKey::next
I: MonitorObliviousTransfer::next
I: RecvEncryptedMessages::next
I: MonitorObliviousTransfer::next
I: DecryptChosenMessage::next
I: MonitorObliviousTransfer::next
I: ChooserDone::next
I: MonitorObliviousTransfer::next
I: MonitorObliviousTransfer::next
I: InitChooser::next
I: MonitorObliviousTransfer::next
I: RecvConstant::next
D: received message: 1484b75d798056fa35a933c6dfac1514755aaff6456996793a4fd85a68e64d982f79c2eeeb0f856dac776e96110dd59f7cdea1871c39704e12e45c6f4e98b57ca4f5f5cf3f06f9a9854ef114be31ffe9710551409276f42eafe1aa632d0f863076753fd77e4a54caac8bb4d7811c13ae58e6a1ea1bebde7b46e714a36269e34a
I: MonitorObliviousTransfer::next
I: GeneratePublicKey::next
D:  sending message (size 0.000256 MB)
I: MonitorObliviousTransfer::next
I: SendPublicKey::next
I: MonitorObliviousTransfer::next
I: RecvEncryptedMessages::next
I: MonitorObliviousTransfer::next
I: DecryptChosenMessage::next
I: MonitorObliviousTransfer::next
I: ChooserDone::next
I: MonitorObliviousTransfer::next
I: MonitorObliviousTransfer::next
I: InitChooser::next
I: MonitorObliviousTransfer::next
I: RecvConstant::next
D: received message: 2b00d9d983153e87e43d3f9cb62e783718d331a52ce487ac7ff75cfa8caa19aef879e44ac72d296b873d4a1045052bbc4818d7462d8ea9d6cb34df212cb6ca9d9d8ae072cc34a9abad46b608dd4dbceef3b461b9650304a2bcf32227d65a14f5eb08bed61ada2dc682f9a4e05cbd43cd6db24fde70c92d10dc4b1b6fba978131
I: MonitorObliviousTransfer::next
I: GeneratePublicKey::next
D:  sending message (size 0.000256 MB)
I: MonitorObliviousTransfer::next
I: SendPublicKey::next
I: MonitorObliviousTransfer::next
I: RecvEncryptedMessages::next
I: MonitorObliviousTransfer::next
I: DecryptChosenMessage::next
I: MonitorObliviousTransfer::next
I: ChooserDone::next
I: MonitorObliviousTransfer::next
I: MonitorObliviousTransfer::next
I: InitChooser::next
I: MonitorObliviousTransfer::next
I: RecvConstant::next
D: received message: a7dab5d7e6e3df1172cd09fb76606303e211677c293966aa54352ecad2b77f84533980e9381d337b11a119cb143c2e873b34e144fc25e6979cacc81562221ac941f9169dae0982fd32eea1d24ceaa9431c8fca9fba2d11353c42baeaaaa113e9d61579669d00627150f5add897cbaf35585db4a96790f7706bd4e359e4387f90
I: MonitorObliviousTransfer::next
I: GeneratePublicKey::next
D:  sending message (size 0.000255 MB)
I: MonitorObliviousTransfer::next
I: SendPublicKey::next
I: MonitorObliviousTransfer::next
I: RecvEncryptedMessages::next
I: MonitorObliviousTransfer::next
I: DecryptChosenMessage::next
I: MonitorObliviousTransfer::next
I: ChooserDone::next
I: MonitorObliviousTransfer::next
I: MonitorObliviousTransfer::next
I: InitChooser::next
I: MonitorObliviousTransfer::next
I: RecvConstant::next
D: received message: b2362d8ec3f1376245d3c27657df4c7813fedc57800ed0b9c41641b00419673a0b46eb7b412858962514b16d7b90e36abc5994a88413f281fcd6b3a84365c79ffe9c4803141fd77c3e5122790a8ffd5b649af92d89431dfb2910e11083811cf325e676c7aab17f907c0a52bbb188f73984c64202b1f9e788a8ea5bf7e0a040a1
I: MonitorObliviousTransfer::next
I: GeneratePublicKey::next
D:  sending message (size 0.000256 MB)
I: MonitorObliviousTransfer::next
I: SendPublicKey::next
I: MonitorObliviousTransfer::next
I: RecvEncryptedMessages::next
I: MonitorObliviousTransfer::next
I: DecryptChosenMessage::next
I: MonitorObliviousTransfer::next
I: ChooserDone::next
I: MonitorObliviousTransfer::next
I: MonitorObliviousTransfer::next
I: InitChooser::next
I: MonitorObliviousTransfer::next
I: RecvConstant::next
D: received message: eff5d460bb6aa107924164fedc57f9f810e5a9965ab6c0782c5343f956c2c4b192e09aa2dc863924be30b2a3ef96d8eae0cac0b06430b136610dd6ef6d5f261ec037caeb32e57905bb08c4099800f4cb2e660d48cd6192aa4957f80bacdb1f574693221535c96c42d6c30248bd2654b642a7dfa0c6760e6cb7b755a075397512
I: MonitorObliviousTransfer::next
I: GeneratePublicKey::next
D:  sending message (size 0.000256 MB)
I: MonitorObliviousTransfer::next
I: SendPublicKey::next
I: MonitorObliviousTransfer::next
I: RecvEncryptedMessages::next
I: MonitorObliviousTransfer::next
I: DecryptChosenMessage::next
I: MonitorObliviousTransfer::next
I: ChooserDone::next
I: MonitorObliviousTransfer::next
I: MonitorObliviousTransfer::next
I: InitChooser::next
I: MonitorObliviousTransfer::next
I: RecvConstant::next
D: received message: 458492fa6e29ab08d1c04d4df44a534e99efa4d12d0d21b55b2f477d9647bc1e8376294abbf517f318c7744405cd2cbbadebdfe6ddf2a306d6eea6914a1cece8cbae06a8a12c9c9196eddc8236e1bdeaf43a5a5822fe74eabeafd5bce34c9cad20e5e61a7e2d6d9698e1a76464fa970b2343c0a88408a442e7984b2a08f5451b
I: MonitorObliviousTransfer::next
I: GeneratePublicKey::next
D:  sending message (size 0.000256 MB)
I: MonitorObliviousTransfer::next
I: SendPublicKey::next
I: MonitorObliviousTransfer::next
I: RecvEncryptedMessages::next
I: MonitorObliviousTransfer::next
I: DecryptChosenMessage::next
I: MonitorObliviousTransfer::next
I: ChooserDone::next
I: MonitorObliviousTransfer::next
I: MonitorObliviousTransfer::next
I: InitChooser::next
I: MonitorObliviousTransfer::next
I: RecvConstant::next
D: received message: 6089f8c1d83359ba8d7a9e0a17d356596271fedd3520078a2890652a79330d5d2a9021c4714ebdf8f17d64fa7ec40f325c24dd8d1413f9ee9ac42fa2a11fc4d3443c779f6b69e697e57027ad747852602c404f91dfcbbeaa784f2c1b27e656025f0ebfa5ada3f6380b862e71b4c4c7689577616a1bd32efa8f56f3400640cf56
I: MonitorObliviousTransfer::next
I: GeneratePublicKey::next
D:  sending message (size 0.000256 MB)
I: MonitorObliviousTransfer::next
I: SendPublicKey::next
I: MonitorObliviousTransfer::next
I: RecvEncryptedMessages::next
I: MonitorObliviousTransfer::next
I: DecryptChosenMessage::next
I: MonitorObliviousTransfer::next
I: ChooserDone::next
I: MonitorObliviousTransfer::next
I: MonitorObliviousTransfer::next
I: InitChooser::next
I: MonitorObliviousTransfer::next
I: RecvConstant::next
D: received message: 522a727ebf13d6d9ba2b1473def52941b099cb0e59ec01313fb1ba60c4b92cb9fa1ea126bbad9341f55556750f62a19fa426a15451ac8c2279ec83bbfda6e2fcab883121498d1d17cc55278f88a8ad6680ac2baeca88f9ee294e4624d129eb550d900b7aaa0af41af766e1df3842337449f619c539bfaf202cc25abed4fa0892
I: MonitorObliviousTransfer::next
I: GeneratePublicKey::next
D:  sending message (size 0.000256 MB)
I: MonitorObliviousTransfer::next
I: SendPublicKey::next
I: MonitorObliviousTransfer::next
I: RecvEncryptedMessages::next
I: MonitorObliviousTransfer::next
I: DecryptChosenMessage::next
I: MonitorObliviousTransfer::next
I: ChooserDone::next
I: MonitorObliviousTransfer::next
I: MonitorObliviousTransfer::next
I: InitChooser::next
I: MonitorObliviousTransfer::next
I: RecvConstant::next
D: received message: d22fd434b7fd5201253af3b9de4880c55d0fbb411b44eed865c3e4c69a39b11a7822b504a94ddef4043555a64d3318018577538a87b529d17d8ee5f68ed5d2fba05bc4bbb99995386ed4323406b8eb244ef9e5b9b0c53962643450e2562eb9aee16577dde5be5c74738a95eac97ac99edfb8f8d46d6a9fce79152d711d52bc19
I: MonitorObliviousTransfer::next
I: GeneratePublicKey::next
D:  sending message (size 0.000256 MB)
I: MonitorObliviousTransfer::next
I: SendPublicKey::next
I: MonitorObliviousTransfer::next
I: RecvEncryptedMessages::next
I: MonitorObliviousTransfer::next
I: DecryptChosenMessage::next
I: MonitorObliviousTransfer::next
I: ChooserDone::next
I: MonitorObliviousTransfer::next
I: MonitorObliviousTransfer::next
I: InitChooser::next
I: MonitorObliviousTransfer::next
I: RecvConstant::next
D: received message: 96c16c05475f3b41dd996691fbe066f1404e9ccf595182d54936e9e67d6b943eef542fcecd82b34c0444b174fcfa2cf218af8985d7db0726765522ff5a487a836787e3130bb99df871ef02231081669e30107b9cb98e2e8b240b2843b0e494267e40a5de7fbe2b499d7196ac88e857622e253dd13bb0ad48e00fac0b42ad1c89
I: MonitorObliviousTransfer::next
I: GeneratePublicKey::next
D:  sending message (size 0.000256 MB)
I: MonitorObliviousTransfer::next
I: SendPublicKey::next
I: MonitorObliviousTransfer::next
I: RecvEncryptedMessages::next
I: MonitorObliviousTransfer::next
I: DecryptChosenMessage::next
I: MonitorObliviousTransfer::next
I: ChooserDone::next
I: MonitorObliviousTransfer::next
I: MonitorObliviousTransfer::next
I: InitChooser::next
I: MonitorObliviousTransfer::next
I: RecvConstant::next
D: received message: 2e07e60c6e08a4d69c42a3c8c98080585ba60c188158bcd7436b82cad5566e5478be73941ffe201418edf2a96694009ddb8657bcc27324c10c1ba74c0e9112bbf553f258a58c0e02d9d3a18263a360c7d9bc867f02b29d1a58a961384a315e7a85848dc5f8780be1a0c3e2e26b532c52f4b3a18cc5eb7080fa78c8e83c18f0d8
I: MonitorObliviousTransfer::next
I: GeneratePublicKey::next
D:  sending message (size 0.000256 MB)
I: MonitorObliviousTransfer::next
I: SendPublicKey::next
I: MonitorObliviousTransfer::next
I: RecvEncryptedMessages::next
I: MonitorObliviousTransfer::next
I: DecryptChosenMessage::next
I: MonitorObliviousTransfer::next
I: ChooserDone::next
I: MonitorObliviousTransfer::next
I: MonitorObliviousTransfer::next
I: EvaluateCircuit::next
D:  sending message (size 0.000001 MB)
I: SendOutputBit::next
I: ==== round duration: 4750.837402 ms ====
I: CopyMonitorStateLabels::next
I: RecvGarbledGates::next
I: RecvSystemInputLabels::next
I: RecvFlagBitLabels::next
I: EvaluateCircuit::next
D:  sending message (size 0.000001 MB)
I: SendOutputBit::next
I: ==== round duration: 4640.361816 ms ====
I: FaultObserved::next
I: MonitorDone::next
