I: parsing spec file timekeeper+.v...
skipping synthesis, BLIF file already exists.
I: parsing BLIF file synth.blif...
D: inputs and outputs parsed.
D: circuit initialized.
D: connections (#4034) parsed.
D: gates (#42010) parsed.
D: outputs: 45728 45731 45734 45737 45740 45743 45746 45749 45752 45755 45758 45761 45764 45767 45770 45773 45776 45779 45782 45785 45788 45791 45794 45797 45800 45803 45806 45809 45812 45815 45818 45822 45825 45828 45831 45834 45837 45840 45843 45846 45849 45852 45855 45858 45861 45864 45867 45870 45873 45876 45879 45882 45885 45888 45891 45894 45897 45900 45903 45906 45909 45912 45915 45918 45726 
D: circuit size: 45919
D: adding identity gates for outputs...
D: outputs after identity: 45984 45985 45986 45987 45988 45989 45990 45991 45992 45993 45994 45995 45996 45997 45998 45999 46000 46001 46002 46003 46004 46005 46006 46007 46008 46009 46010 46011 46012 46013 46014 46015 46016 46017 46018 46019 46020 46021 46022 46023 46024 46025 46026 46027 46028 46029 46030 46031 46032 46033 46034 46035 46036 46037 46038 46039 46040 46041 46042 46043 46044 46045 46046 46047 46048 
D: circuit size after identity: 46049
I: initializing safe primes...
I: using prime modulus 5809605995369958062791915965639201402176612226902900533702900882779736177890990861472094774477339581147373410185646378328043729800750470098210924487866935059164371588168047540943981644516632755067501626434556398193186628990071248660819361205119793693985433297036118232914410171876807536457391277857011849897410207519105333355801121109356897459426271845471397952675959440793493071628394122780510124618488232602464649876850458861245784240929258426287699705312584509625419513463605155428017165714465363094021609290561084025893662561222573202082865797821865270991145082200656978177192827024538990239969175546190770645685893438011714430426409338676314743571154537142031573004276428701433036381801705308659830751190352946025482059931306571004727362479688415574702596946457770284148435989129632853918392117997472632693078113129886487399347796982772784615865232621289656944284216824611318709764535152507354116344703769998514148343807
D:  sending message (size 0.000005 MB)
I: InitMonitor::next
I: GenerateDriverLabels::next
D:   driver labels generated in 322738.875000 ms
I: GenerateInWireKeys::next
D:   in-wire keys generated in 21556.335938 ms
D: SendLabels::message
D:   generating in-wire labels for 42145 gates
D:   10000 gates processed
D:   20000 gates processed
D:   30000 gates processed
D:   40000 gates processed
D:   in-wire labels generated in 550354.687500 ms
D:  gateCount: 42145
D:  sending message (size 100.221256 MB)
I: SendLabels::next
I: RecvGarbledGates::next
I: RecvSystemInputLabels::next
I: RecvFlagBitLabels::next
I: MonitorObliviousTransfer::next
I: InitChooser::next
I: MonitorObliviousTransfer::next
I: RecvConstant::next
D: received message: 2e79b853b99a8aa7f5a0d9c577b9d84cb09c23126d5380de834b887f409f50cd4def61cd4f06cae15a753c05ff50a7310026e4072c091c8addf2c6f0ae3e0f7b52e8f8765be66d07799d00bc54dd683286f2c73733cf07b373a95acc59dd2e02d2fb80a3ee6779c4bea1f8a6969c1cff833061cfcbf5fde5a6d32d0a5ebf38b8f8bde17d75229833aac82f0b733c56a534ff067f4606914ee031fe8a962a6c5becde1c0c8027f8e8f87558e256ad078c9c56a3cfa5f349a170706c158ec3946e06ce01823325425348f919db33c62af76206ab2ed09fb184b3f130cd5995684b425c53fdc06813f3508dff8c0654b4cd2d466e5cf25e472f74df61d52f11213dacb2807ed1bbcfe08ecce5cbbf62d1a7b9d404d31047eaccd521625a5edf9f36cf417c902612c10c090845d890bbf6b602c29b2bc25c21aafef80371d65222ee9b2a8debc1947375a67ffbe3b0b367563a185d166d0b1afbacef534ae40c8de93a71e714ef21bacae5b575f71ecfaa64442eecf78028d1459e0df380a5ea520e
I: MonitorObliviousTransfer::next
I: GeneratePublicKey::next
D:  sending message (size 0.000768 MB)
I: MonitorObliviousTransfer::next
I: SendPublicKey::next
I: MonitorObliviousTransfer::next
I: RecvEncryptedMessages::next
I: MonitorObliviousTransfer::next
I: DecryptChosenMessage::next
I: MonitorObliviousTransfer::next
I: ChooserDone::next
I: MonitorObliviousTransfer::next
I: MonitorObliviousTransfer::next
I: InitChooser::next
I: MonitorObliviousTransfer::next
I: RecvConstant::next
D: received message: df7c87489849aab5ec4bebaa3ab937374a3ebf3608a7a553a94d7447b4c9c6ea7abb5c76020e993ddef9bd96c8162606ddbe04079edc30239d8e6c6c42c817b9ac202a3bd9aa85c25db7ea683d087ee0f72b7f009a3f534671de6fe50b29adf50e02e498c710c8680e67ca5f008e232b17f563550c14a3bf3ff9dc7e585ba1644d35acefcce4766d78a9e89367c9330f6c90db60cda9e11bb60f242340ec067fe1843e5b591eca8fd38996a96598618ae190eae50fe91c100d78f612c421df86f109a34917dada0ba5751ef12cf9624ea3633acf03e9f6ec293f83b68d667b1a0624d20cb79fc310209b3af5f307f45df2a967f1c48d0d9504cdf7c28317a7ce499f5d4f5c9853644b8f7f51fce14a947d72170a40d7614343165958b9657e5246c4cb9769d859fc81d2007a43525578271db835ac87ddaef692d6075b35c0aa6f6d252a79b56d279a13e6ce8d8bbd964b2d777a942f6dc85dc052d8c2bdf839605a1332a84aebc7e49045919adc3eab3996fef0034eba0aaa4c56619fd9173d
I: MonitorObliviousTransfer::next
I: GeneratePublicKey::next
D:  sending message (size 0.000768 MB)
I: MonitorObliviousTransfer::next
I: SendPublicKey::next
I: MonitorObliviousTransfer::next
I: RecvEncryptedMessages::next
I: MonitorObliviousTransfer::next
I: DecryptChosenMessage::next
I: MonitorObliviousTransfer::next
I: ChooserDone::next
I: MonitorObliviousTransfer::next
I: MonitorObliviousTransfer::next
I: InitChooser::next
I: MonitorObliviousTransfer::next
I: RecvConstant::next
D: received message: 4dc19398639a4341848d99753db80b5bcc79b9d32ca8234896b6a8839e2949793055ed90b5cb23e8a27f09fce2332422cff019ab66f30e5e1d1e1e8ca098b789bd4e52878e0d9f887c4c34ef7a2eef88969aea33750fb77482b8dd6a2aa4006a8971cd53be92e47ae14b97f1af86f2a0d5104b1d266f618328dce01bf98e68bc58746370464e4ef789388222e1aab7f058d672127138dcc3ab055e17f222f68bcebda7e9f11c8cb03bc480ae9fc1b96b710266e2808e3408a7f491eb41b9e9d0efe4d71578b917b18976342e5ec385383ae1d19c6a4dc1bc9440a31cd7554320ad667b0e165d725e0b4ffc2f0bf09755b561aaca29133e024e45de510268fd517d1d60465464d0c49a6486c9c3e31cf011428c38ebee6d439d93cce8c44597574a0f3a5b20040f3f1782aa944aae4810f22829ab1a62296da98d0d8e35a6839843ee85e9e5eede51346a9a162f6273559d460dad1d1463b85e092362f602fab68b918396ef6c8f43bad292c1cffe97a7ac56ff2bb8cf5ee7815ee911666453e0
I: MonitorObliviousTransfer::next
I: GeneratePublicKey::next
D:  sending message (size 0.000767 MB)
I: MonitorObliviousTransfer::next
I: SendPublicKey::next
I: MonitorObliviousTransfer::next
I: RecvEncryptedMessages::next
I: MonitorObliviousTransfer::next
I: DecryptChosenMessage::next
I: MonitorObliviousTransfer::next
I: ChooserDone::next
I: MonitorObliviousTransfer::next
I: MonitorObliviousTransfer::next
I: InitChooser::next
I: MonitorObliviousTransfer::next
I: RecvConstant::next
D: received message: 57d74a495802819f4477769d7df1669848951c8941b395a26eb602e56844aba327d9c12055e3bb55cd62c10a87df12a29c8651afa2354cff7de2b27cc7a1bef139102b6f987b2f7b73a1878b5db2d103310d32ab42e9ba638da37da82d67f1e9ba539f42a75db32342b033f8131f8801a5e548911e5b47c79e18fdd7339f4ff3fbfe205a64ed7ff10ce0751b1eb0b73e7c0642b304d9a35963ba9c21f8721ef779eb68f9ed1e819e268bb82449db4ab357bbd4b95ca725845cdd2cffe26166c2c9ab6c7e8441f67c9cc422b7ba737b5a03f1c8e5f005387dd935670fba1f745a9d8298fd143eae4e055fb146c43fb6a560b63e1cfc19e901cfa13369e734077cadee41075a1954c43f83014a5343e77a80ad5d8b39295c0af123a469dcfee55fac83d196775afb5183739b88ce7c1bc6059fb558a819b346bbfd9e080949c51f15d5e0cb37b66991be50627cac99301eb6a7ea240fc602a46f9d6f6fc6fd439923a81e957e81f80e4fa441ce6d6963b4308c2c7728b1a523b7dbf90bf9005d68
I: MonitorObliviousTransfer::next
I: GeneratePublicKey::next
D:  sending message (size 0.000768 MB)
I: MonitorObliviousTransfer::next
I: SendPublicKey::next
I: MonitorObliviousTransfer::next
I: RecvEncryptedMessages::next
I: MonitorObliviousTransfer::next
I: DecryptChosenMessage::next
I: MonitorObliviousTransfer::next
I: ChooserDone::next
I: MonitorObliviousTransfer::next
I: MonitorObliviousTransfer::next
I: InitChooser::next
I: MonitorObliviousTransfer::next
I: RecvConstant::next
D: received message: e6f0157fd190e11badc6b117e88abea9895bd3f9d567848cc34e49ba15a763afc8aff60ee8b12e07359088eac9c26fbfacbd7b408f00bb558cfb4a60a90d908cd716a720c935f9c8c69cae48b4b7724bd5c5ea7d3975c12cf647790b7e9877dad07798a2b4c39d1d76b06a22af72444114b0474aaeddb78ab79daca66a9e7fc4a7686e0479bf3fc9bda984ab942584203f44a67624076c79b5e041565b916c6ecfaa51907314aeac1dd54f0ef5cf23a1ab4e2043dc4ea13480e5cb5a1654782c73892e584a52eadc066b85d8e751c15d35951898b96b27ce9f191e29d2d731da0c4de02a498f25fb955899f93f5ca0b99ccb563af551407aa92a32ef69e26efb61c35b7569f8f71d5a0ad80f1c6eb760648229684ecdafe23e32c24e334420491d657690aafa02c62962cd7cf09c000f59b434f4782f43ebc82629c5a5e2c506ba023f6543baa6df11696bcce0e3b8847f24375f713fb1465758af5fee55884ebf5e290169918bb904f7b2e9744e0a7c9c65fe395e3bc4c5dc3c934cd61ba2e5
I: MonitorObliviousTransfer::next
I: GeneratePublicKey::next
D:  sending message (size 0.000768 MB)
I: MonitorObliviousTransfer::next
I: SendPublicKey::next
I: MonitorObliviousTransfer::next
I: RecvEncryptedMessages::next
I: MonitorObliviousTransfer::next
I: DecryptChosenMessage::next
I: MonitorObliviousTransfer::next
I: ChooserDone::next
I: MonitorObliviousTransfer::next
I: MonitorObliviousTransfer::next
I: InitChooser::next
I: MonitorObliviousTransfer::next
I: RecvConstant::next
D: received message: 664cf78bf114a1046917ca35c9dbee7e690be5eb4c2bdab12366ad819babc898846f626cffe653bc35f870aa2e043794bef6da234ac38d22c9af1ba9137306161ef4f436240ef82fd762d38764bb1e8ac6d195d853de7524112af4737eefedbf8a1d6fb8668114fae4a846978a7277cbf72ce1d90aa4bad4d74d6204a0c9563617edabe9bc906465dc3a9f67c968a6ab2d342a18e94f8b099f1d74df8e6103f7f01b6b7290fbcb91bef263a31fa55c563d8d831ad0153209a485aa9c3b7fe0f7bf276dd11e6a4ad66a35cf7eedf130b6fa4afe7dca000fb974813f1d22b23eb2f8035c1633e375ab77369434997b2619903bac9fef5550f318315ba96999f50c868d9c8773085a464e859a9657e1d0d8ff334f5d88d08a3dfb78e32d8cdacae95b23e2618018125f96336e6d406a41e99b06a4f8218aba066579d2df38f72e15112e5e17e26ff14b16535e9d2c1002e6f0011fe1f14cde60e9f067db7d44e9a7dddf69a17988261bbfae73b9ef2cf9de2f610e3e115e3337680488662b081b9c
I: MonitorObliviousTransfer::next
I: GeneratePublicKey::next
D:  sending message (size 0.000767 MB)
I: MonitorObliviousTransfer::next
I: SendPublicKey::next
I: MonitorObliviousTransfer::next
I: RecvEncryptedMessages::next
I: MonitorObliviousTransfer::next
I: DecryptChosenMessage::next
I: MonitorObliviousTransfer::next
I: ChooserDone::next
I: MonitorObliviousTransfer::next
I: MonitorObliviousTransfer::next
I: InitChooser::next
I: MonitorObliviousTransfer::next
I: RecvConstant::next
D: received message: 495c92dc39fe39eb74194cc0b23194804a164fe99d1187cb1abd726151a637e11109f907b7311e3bc923e63ae00144ded1c36e4ac384c4954b8560486da98c2feea660e090cab4dc87eebad88253ec98d727090ba19947e6269603dc937335cb289984683798d3ef448c42bf6d3f923fad26372d0a8092b45b99d5cd3d4187a84bb22dc38b084ee43cf46063e41488de2a42555afcdd059a8d9411e88f4bdd630541a7d4cc41fe4f2290d7223b37d11e263cd947321e9c4e3c26c49d0786f5a3e92db9c63a19e29ad57644cf955e28759c3d5fb6a1496e394df6a4fbe9e4b682385e0ced6a3f875fad3ae26299e1d567324c90c43420ec267a2e794b37939fcff1a6107cdec96941ca2d8144e99c0b7f7a73b972c7ccefe3df952d49aea3b3a25a8ea67e047663324a7c1ea7ab45d5deb44066db7df9d0a8392ef41dc35dfcf75dfe28d6b963de1bea45148cec135d27fef5032239c4fdf968c33a143af3363b012dfc42eeec03cf537a984aad7176aba8caf46bc54c5a923249ccfd87fe6a5c
I: MonitorObliviousTransfer::next
I: GeneratePublicKey::next
D:  sending message (size 0.000767 MB)
I: MonitorObliviousTransfer::next
I: SendPublicKey::next
I: MonitorObliviousTransfer::next
I: RecvEncryptedMessages::next
I: MonitorObliviousTransfer::next
I: DecryptChosenMessage::next
I: MonitorObliviousTransfer::next
I: ChooserDone::next
I: MonitorObliviousTransfer::next
I: MonitorObliviousTransfer::next
I: InitChooser::next
I: MonitorObliviousTransfer::next
I: RecvConstant::next
D: received message: 668429cf45c3eb13c49b262c0bb69353731664f220bd674792f722ab5be45269ba84d8cf150c9beac611717f7df428cae65d4574c7762b258f6f93d183de99132a05e0be4e752e676125c7a37c0878c7bba626b088981ab195c390450485c445169551636a4523366e8fe05361d77d0cf84d814834c0ba094517fd5ba79f0cbb853e06d2e17aba8d0b51e159888dbfd97d4326396cd9e9bbd8955652402d430792214dbd7f07c7275c8a39381353594e076c91a2620e91eb50c90708f5e38a54bdaaf726d2e445d9be468b54fa6c62064613ddedaed7d649ecdf6e943564c3197cdf2b76adc16fd9f92ee3fc977cccbe346d54ccc4742105ec12e3764e3c4459588028d82739481ce9cf7ed01a715e9298530158036299a4b703aa7bdb6f21e58dad5e36382fb64d378d21e40108e8390f97ffb9a56f81a83d7119612af9fed588e1f34b35817b85f362c40eb845d048026ae3d1f0b580bbdfdfc6cce4c290ccb9f20b2a5e40a2fc6412cd4a35e1d53aa4b624a6136b245a464fd928b8de91f3
I: MonitorObliviousTransfer::next
I: GeneratePublicKey::next
D:  sending message (size 0.000767 MB)
I: MonitorObliviousTransfer::next
I: SendPublicKey::next
I: MonitorObliviousTransfer::next
I: RecvEncryptedMessages::next
I: MonitorObliviousTransfer::next
I: DecryptChosenMessage::next
I: MonitorObliviousTransfer::next
I: ChooserDone::next
I: MonitorObliviousTransfer::next
I: MonitorObliviousTransfer::next
I: InitChooser::next
I: MonitorObliviousTransfer::next
I: RecvConstant::next
D: received message: f3c652eb27fdeb64763ac25f5290f77576ca55558fb9610eb0ff3d26167a0e15622c08280bf2f8d91e94733a31b8f0f91884be250c165ca53ede1ec98b3076f16ec0f85de61438ac85f8224bf0a8dcacad985e63940cb46f75eab6914002e7da7a5356bded3813bf3ee5c8a17f1aea71b1a8cd169bbef93fe584c75ba2bcf8d67fd1b25e69ceb1d249dfc925fc51ebc9a903071cc66405cbfa24f01d4a5a94b2bdf88d11b325f8eeb577845a64ac32dd4d87ddb41c379f1ea59f5c84f63021a53b28c0c0bbd8dbce5251cc721b339a90abf69fe16e606846d8e689628c71fb5064af50017790586d71b74f433325b4cb2f1a2f96f101e0fa1d0c978faaff0ee11c6bed94e232ba59b6f40f34fed10fa4e81152b1fe8cbad48209aca2dc97b2fa3095681a533bd9a91b313af9ab4dd6542b033a5c480567980f56b573cd769c3f4900bd0b0cd1ae2cb454e520a72e876e109fb67ef0b4db673ae26a363182b7e69ed41c064921b8343032d055fea79a4b5bdc25e16f92e9dec9a3ebf191ac45a6
I: MonitorObliviousTransfer::next
I: GeneratePublicKey::next
D:  sending message (size 0.000768 MB)
I: MonitorObliviousTransfer::next
I: SendPublicKey::next
I: MonitorObliviousTransfer::next
I: RecvEncryptedMessages::next
I: MonitorObliviousTransfer::next
I: DecryptChosenMessage::next
I: MonitorObliviousTransfer::next
I: ChooserDone::next
I: MonitorObliviousTransfer::next
I: MonitorObliviousTransfer::next
I: InitChooser::next
I: MonitorObliviousTransfer::next
I: RecvConstant::next
D: received message: 9b8f9850884cbb165d4ed76452131282b63092b0608536e7226d03c4d711373df8c4fb5fc39b05b5eca42bc2faa0c09f13b5a0254abf9b34fc50ba3145c230f1eabf2a73bd7f385ef9211a896bde2caeb82283aea26d4e83a53637d95323b560c93de4ef668feefb050873f83abe1e88a43620a990396f2b930d3ba2593d155d41b8fada84341cbdeb049be80f892efdcfe17ddaaaa776f9db6566e2f08e3dd4f57dd717d62c2d45ead8fc7418f537eec41775419c0d11de97d5e1d07f5fa75c7fc4da1047705f4c0f7837ef601a57ebf3c412d4bd28e8c023c1313edbbfd5ede6a8f66a5df979bdce8e623b60ab2fb28040b947c4d497e6d836760b73ab8a165136448c6eed8752764a442a1cafe6fe2f767c4b0811bbe55015b51d745ef73fcab5d70b4fe43629e5a625772d7ceaf6573fa360f82d15e2fc405647fb8a2904a2c9bd3621a9049dfb7a5de394c830160d3a22c0f5465a125d5c33fe363037587f792b361d30fe5f033e78b886e946c898d4c52f74b62031d209345e7ba7ca03
I: MonitorObliviousTransfer::next
I: GeneratePublicKey::next
D:  sending message (size 0.000768 MB)
I: MonitorObliviousTransfer::next
I: SendPublicKey::next
I: MonitorObliviousTransfer::next
I: RecvEncryptedMessages::next
I: MonitorObliviousTransfer::next
I: DecryptChosenMessage::next
I: MonitorObliviousTransfer::next
I: ChooserDone::next
I: MonitorObliviousTransfer::next
I: MonitorObliviousTransfer::next
I: InitChooser::next
I: MonitorObliviousTransfer::next
I: RecvConstant::next
D: received message: aaad98598901090a8899ffaa1d87753e153bc62e4efaa68b0294d656fb9facec70a5d5f2f23b56b9958065081706f4924964471d2f66676d5d7143ac929286972deb10836590432e2b148e3772582398c8db3cdd5031755049aa82516650cd1bc98760f36f569cf4ccba30db75c5dcfe7c242432bbc7357de581f5822d1d2feffff6520ba8bf52404e2c7e79a45abdd1defbef8d1c5ea8d6bf36c90c9e157e3dabfae508ea724082f52d43f6973d2d9166989a653b1b6ba966f64af0ba46c6eb48d93ce2b6f06008d56476768a2785eb7bea6d6b70c7a786cc24726623d5bb210148e2d617d3141493754a4c7c011b1a52f8615f60751a95e4756ad8caf344df3e658cb7cc3fffa2127ae421a6f39c9c8f3ff99309a5a6514cc786cd02bd3cdcaad09026db44a030785bf6488856c4ce1f49af55f50c3750b94bb7688c574f0c326ee739d10ea02cc1703cd51051dfc5d8c3d8ebdd4b7628ef70d2a767c6601ab1e845b44083a7922a223caa89f398c0f03406e63fc2602b6ede330bbc649243
I: MonitorObliviousTransfer::next
I: GeneratePublicKey::next
D:  sending message (size 0.000768 MB)
I: MonitorObliviousTransfer::next
I: SendPublicKey::next
I: MonitorObliviousTransfer::next
I: RecvEncryptedMessages::next
I: MonitorObliviousTransfer::next
I: DecryptChosenMessage::next
I: MonitorObliviousTransfer::next
I: ChooserDone::next
I: MonitorObliviousTransfer::next
I: MonitorObliviousTransfer::next
I: InitChooser::next
I: MonitorObliviousTransfer::next
I: RecvConstant::next
D: received message: 69f4351ae051b40b5113cd3e817444d48ba2b273d8198725d7e6f20657ed8b3ae21f5870252b894d849b58247a1b250b17d046f2435420e46988d10b645230e61fea38b95dfd41b529578f1a7d3f3ce1b75216e53589c385172f6905affecadcf660310aa72194516052d5b44fac7849eec2eaa0a6d311185bf824f04b711eecf607e30d38683a1648a84f0294a0ba38ff18e33cb9e0957908a0e03854b124d46d97cb1368f2b2e10da8fa1f798b1f1f50cb2bec430dbe128f004c1b7efed3674e91aa65b905482206f2d0fa47325d51985fc093eb5567389ca3f5341d40c976e067cf0b763b9dae219fb3f12297643f873f2b74778680f109a8a52cb2c08b9e1f0037a0b407ab8e29f70fe06821a3834c42235ab54e0cef108a174f1e11d49ce0749515d624e0ffa60ca15310d6472a4018e22cf2b45e704be43cecfb327cb2b217b066e7f7f246784bdf3706d212f7abbe563d44c3084f9dd0968b61daced6b5753799010304b9910078f9853331e8610ef4d0f5fcd0a9cc27c0cd00b68008
I: MonitorObliviousTransfer::next
I: GeneratePublicKey::next
D:  sending message (size 0.000768 MB)
I: MonitorObliviousTransfer::next
I: SendPublicKey::next
I: MonitorObliviousTransfer::next
I: RecvEncryptedMessages::next
I: MonitorObliviousTransfer::next
I: DecryptChosenMessage::next
I: MonitorObliviousTransfer::next
I: ChooserDone::next
I: MonitorObliviousTransfer::next
I: MonitorObliviousTransfer::next
I: InitChooser::next
I: MonitorObliviousTransfer::next
I: RecvConstant::next
D: received message: 586bd20cf13ad022a09e146144ce0bf5f884dbd448c47a40ea9936c5c2a5e22e3579a4b675d1e862059ac73d802c9e9fc3fd56a7d6a025d5544de8876aa70bd856206060578fb310c1f7b9c6bd87ecc781431c91539b0316361556255c10984a8f35ddc4dccf8376698ebf1b2378e3253b2d9a0a64dae07136398cabc19b5acfa488761aed4294125cd7f66ad5eb7983fb2d48369e807c4f584b8ea8dd6232d9ebe7e8d1e9798d6f80f619b34858b09424705cfab831d867aa5aa047339944e2b61624d72dcf75e8f30523754a1f3ac199311f5d6576f955fd886d614260e130ef19d862bdc5d8523b7ff501e810cbd90d70c6039dec55b598710d9e867719c821fe6eda38805eaa494a7d0e88b8e9d1c3cf874486cfbb10162d1215515c5805c53c1f928b15af67e03795682ac014fca15432dbcb8ccac750eb92627246494c607d420e0fb9e052cde64da67b8a9f622e418981a00aadfc02396b14119c598d0200bd0336a0667ae6af8eba6bc7c7ef23b2d89bcfeac040bfd5cf2af4a2f70a
I: MonitorObliviousTransfer::next
I: GeneratePublicKey::next
D:  sending message (size 0.000767 MB)
I: MonitorObliviousTransfer::next
I: SendPublicKey::next
I: MonitorObliviousTransfer::next
I: RecvEncryptedMessages::next
I: MonitorObliviousTransfer::next
I: DecryptChosenMessage::next
I: MonitorObliviousTransfer::next
I: ChooserDone::next
I: MonitorObliviousTransfer::next
I: MonitorObliviousTransfer::next
I: InitChooser::next
I: MonitorObliviousTransfer::next
I: RecvConstant::next
D: received message: c193ac956d97817894208dc904f9aeb0fdf2aadcc50cd49e13733a287f4446442488808299bd9c7b9f265256a2bce0c042fabb2a1ba1689e3b9b1b0eabb3e3f4d98cfee4d8773f4998fd943a52638269d85a92010deebae5d4949c00eaa5ce2eb8c5a8a7da8ef566aa3e2ed542f65d247df28cd842d9541f3cbb692929e1456a99286427c142803da140db4899145fd4e82db597cc1ae096f50e7c5aa8cc166c084cb93cfdeb890b7d2ee5159f2ba138b29606e70f0947568fec315282802ee3cbcd0f880f420241eaaddaea5a3e9c8872593a6149a23dbe8759e7339d200e8d49f48e3ae3349c52fc9a13a56e6c36414b616f72cc391bac828817a54476d4df6ae81a5b7eaf9caab01bcffec34dccba04e940eb9a21266af5d083a77bbacea1e2bf50604bafb46afbf81ea4c86f77d592e53bd3069c6bfe2488ccae81e0a1371a9aad34ddf4be6fe12798c68aec4cf01e3633cd4be809a277b9db36254de576f755396718eac8ecc4709e7e4f5c4071229441c466f335d7d0324b59c8946e1b
I: MonitorObliviousTransfer::next
I: GeneratePublicKey::next
D:  sending message (size 0.000768 MB)
I: MonitorObliviousTransfer::next
I: SendPublicKey::next
I: MonitorObliviousTransfer::next
I: RecvEncryptedMessages::next
I: MonitorObliviousTransfer::next
I: DecryptChosenMessage::next
I: MonitorObliviousTransfer::next
I: ChooserDone::next
I: MonitorObliviousTransfer::next
I: MonitorObliviousTransfer::next
I: InitChooser::next
I: MonitorObliviousTransfer::next
I: RecvConstant::next
D: received message: ee77325b6654b5b693323cebe18e0ee4b2fb5b7b280e04bc543ef24325ef51f151bddfb1a032e34b2dc2abec86a8dbc8121c3c101896410d052e22c11e462b97ab5617bc404d4e08aea1005f77585e74b4afced6178b1e4944a7d516dfd1a1841d04bb2dc13070c76f5c25db5f5fdc0fc408545e969bd2222679ebf4f29b84efbe25fdb98154c799ec7ffab191532248b2d40196907b7ff62d1144313865816acee9ccb487de4b7b9489a2ca0bf756f68001446bedceb2afed79f3759558fcff4d1026a78911539f3a7d215642f7a67e7280c37f174594442840d6251e15f8aaf913678b04c707e29a71c921eaf0a518a6da15297ac0a388e577fbb3a049303e71c2d5b6feb75fea01574b0c454ce907a57a29e2dab958afa772715716cb5dbbb6248111660a67c2d460e3f7a00bf0991dca9c08272af55e31d1c05e0aa59ee0666406fab5ee8472a2acbbbeba79b153ca2f5eed355171b22db4bb6752ba8611f5e27daf89389d8e11182fd836e0f8b7e47f455e2400ae3c0d2f610e5c1d2b04
I: MonitorObliviousTransfer::next
I: GeneratePublicKey::next
D:  sending message (size 0.000768 MB)
I: MonitorObliviousTransfer::next
I: SendPublicKey::next
I: MonitorObliviousTransfer::next
I: RecvEncryptedMessages::next
I: MonitorObliviousTransfer::next
I: DecryptChosenMessage::next
I: MonitorObliviousTransfer::next
I: ChooserDone::next
I: MonitorObliviousTransfer::next
I: MonitorObliviousTransfer::next
I: InitChooser::next
I: MonitorObliviousTransfer::next
I: RecvConstant::next
D: received message: 1a6543d27aac702d070ffe59ba146f54abe1ef65b7fad134cce1ffe8fa244a571a4d6e91dba98198e0b5a2d84f976d23354c4db32d2d249035e6fc1dbdf8139af69643dfa198e1ae77965ac99b270ff1ea06d615dc30d3192720c8995d3c165d7d59c58eabf0789135596e03974e0933d681daab999af0e1a74773c9cef04a811423c1b0aab70c2935c2417f794dd3333cd271d305b72d9f93d0c77740ba3efb56f47deb1a5b4043945289e852b1bd0daea913963e91fb7de499e9c21c2e1eacc516231f691ef06aca34714806cce81e059cd07b23a928f702b56181ebff413e332eeb667302e00c2b40547c988ee614e16ae9b4711e9cee8bbc82645f42cde5f15722b8a05381a6d25f03dc93467372579c647975617f0f63548ff401de3d659442cbf8dd010777505edd522d3636a0c64fecb639306b7f555c19d3f866fd701de9b2dd2518fa7d85190413f2064e6d8e7b44985db9cd211033534cb7583c19d0d3a3d1830563922d4e778a0c74ac6c0bb1ebcbf43a216ae86902e3ca5a98d
I: MonitorObliviousTransfer::next
I: GeneratePublicKey::next
D:  sending message (size 0.000767 MB)
I: MonitorObliviousTransfer::next
I: SendPublicKey::next
I: MonitorObliviousTransfer::next
I: RecvEncryptedMessages::next
I: MonitorObliviousTransfer::next
I: DecryptChosenMessage::next
I: MonitorObliviousTransfer::next
I: ChooserDone::next
I: MonitorObliviousTransfer::next
I: MonitorObliviousTransfer::next
I: InitChooser::next
I: MonitorObliviousTransfer::next
I: RecvConstant::next
D: received message: 941465751a79bc4eedfb155b3fa4642a255126a817a5941dba0fc19d78b4b7c709a58be7b57a6ebf6ab7cf548b86ae9eca22bbb69f1b5a3d68859959286903cb2eec676ed4aecc118c42718721272d92387c5a91866cbeb83dd83866523586be29b6b48dd3157fc320a79d6e874661250755d65eb2dc903913e9da9eb32c203be9e2dd099a2667585783b8c9fd018926312ef2ee8d8c6c23d45614f8249ef0b19a35d64dfe31e0fa0f432296c52856d8a4a0f6943415a7806f2dc0adeff9cce486245d1deda55d1621445f24eb42f503c1ad203d2744551c0fada79c8421605d60b3cc522523f3e29c6a09bd4e360476d803b580ccebb8220ae1001b958d126876934369a15525084e15a9439598c9ab151acbc4fe1406006738656da5ca445d4b877e1e271b05c3ea4730f7286c3658a27c445fc782625eed6ef500f618a370f99a8483d354895debbb8bfd4ca272f426e6cb04605f6497ca3138db142ceb2c80b4dafc4d5751b4f6db459fa12b9a7c1e00b2907201b4ac029f5decdac80130
I: MonitorObliviousTransfer::next
I: GeneratePublicKey::next
D:  sending message (size 0.000768 MB)
I: MonitorObliviousTransfer::next
I: SendPublicKey::next
I: MonitorObliviousTransfer::next
I: RecvEncryptedMessages::next
I: MonitorObliviousTransfer::next
I: DecryptChosenMessage::next
I: MonitorObliviousTransfer::next
I: ChooserDone::next
I: MonitorObliviousTransfer::next
I: MonitorObliviousTransfer::next
I: InitChooser::next
I: MonitorObliviousTransfer::next
I: RecvConstant::next
D: received message: 18542215975a59d05dee1bab716aa891eb4ba24ed911e13b4d1e565515d1696200d39386408fd34dc2b2c9b93b614bb2da6f0c9e8ca177cb41c5be6b3e196f5e609a811c84609e82884f700b5cbf4f1a5eb029f844145db972b32e3038b8b2e934de81c8bc91dff62223539bea2b8fee490ab014238fa97fc59e92f27342887759f7f004da522421490ad911712c614285776a916b564f669d12b69ca1da10e927d826459d5c432dfadfbbf30994e26a3b936e235c4720958f412bd4fc627402e2e3b391a7e29d309ae385f972cac0921a08d3048cf880fdd765718144e4db7c1864e3cc438b4041a025df2deb089d806acdb23e1d1e04beed965bcb8d1a06a47dbf536170a1018675fed96fc46855a4fd70c3dd7f20fe2ff462a059ea72013330599104a1cfd820d22cf7a27e6668961803cead4178dae54d9e429d772c07e2258e2a5c7ae25e7921d3e61714ff431dd1a75c834b819332000b0025c38f9e46ea88124f05b2b49a3af28dd7c242d2561ab4e2d58dd116fef652f8a27c7f92c3
I: MonitorObliviousTransfer::next
I: GeneratePublicKey::next
D:  sending message (size 0.000768 MB)
I: MonitorObliviousTransfer::next
I: SendPublicKey::next
I: MonitorObliviousTransfer::next
I: RecvEncryptedMessages::next
I: MonitorObliviousTransfer::next
I: DecryptChosenMessage::next
I: MonitorObliviousTransfer::next
I: ChooserDone::next
I: MonitorObliviousTransfer::next
I: MonitorObliviousTransfer::next
I: InitChooser::next
I: MonitorObliviousTransfer::next
I: RecvConstant::next
D: received message: d74ff8dce91655913054e7f02f441e90f9d3fb42f5f2358d298bf50cc906a853f6ef2ce37ef210bc2a98cdfe9439c65ebd2ec658f50ed3db6a01f6b120243d3a89af0fa22e988463ead0378ef04775c2ab997744b72982dfbbb6c663e8018b7458ed6b0f30c6905b60847b70e436c0e0b35c5aeabb8dbc164e11278bd54eb2b0bdbb4120a0eeeeb99d2e7bae6ba9acb68f0b3ac0e21053523710c5eeb2f0b351f5705087ab485093fe60275069941eb8a0b584ae96ed2a9f67900f3abe25f69330e14fed220bbef48058e3d6df361547f4940c42e3b81e5c0f498acc6a699591d8d0e98e369278c792b57449ef0f084cc122de416cec31401118cd7f7ce44f70c30d15592214484f09360b534fb3383d971d69bbe7238c5ac3d45b72963369fab82cb1133def01545f2ac6f3620ed7ebc6f7b3b7a15f1fe55b6e95bd89d0df5d63f711b5632cf1c8f35542b418b51e520ae220b5daf0d7b24516b099e05800c379b1e7b47ba54448edf9e7fd994fb6f2102051efd3d345eb17d4fe80a0551b60
I: MonitorObliviousTransfer::next
I: GeneratePublicKey::next
D:  sending message (size 0.000768 MB)
I: MonitorObliviousTransfer::next
I: SendPublicKey::next
I: MonitorObliviousTransfer::next
I: RecvEncryptedMessages::next
I: MonitorObliviousTransfer::next
I: DecryptChosenMessage::next
I: MonitorObliviousTransfer::next
I: ChooserDone::next
I: MonitorObliviousTransfer::next
I: MonitorObliviousTransfer::next
I: InitChooser::next
I: MonitorObliviousTransfer::next
I: RecvConstant::next
D: received message: 353d038ce0fa96c697a531fff9b5b2867d417ed86c9b154af2018304a65a02022f635336684cd3c32edbd329d4ed06eac49f05b4daa8db587f2ea106f23fedc0ea11736e5127e73fb568ae7d4084014209ebc4dd4b4d87e67d8751fbf9bbd819b6ca31355dd7691a46108c7b87638fe71cc1943865085ef30a37b0af152782004231149db2fdbbfc8156df76dec5e0db561c3b8092e4e8814462ca1c133a75843c9e4be1c925817f3494f4e38bc17a0ca235ae562a7331d77a5b37dcc6d9657b70959bb3e216753b69a5a3c8f8f63fd10ac01ce1b5aae94a8b615b8fd88d35d5dd35663c971d14f880a13562d1c6d994f20c19230104a5ad70dae1e3e26cd622d4592d2a6b6766784a58e2201acd992759897849d0fca03195fa242b0b4fc0f546ec1a00eb3348eeba5a5c5645df15028dae4604767bffa04465600e49bc92dcc5ef5edb60db77f3c3f050ddc8baf0f1b10cd03d1d6dd395d29e4180c2c4de1be0291b05fcad0b4576052cc600d99ece483597ad0b74b1c8e1adaf0dae08c942
I: MonitorObliviousTransfer::next
I: GeneratePublicKey::next
D:  sending message (size 0.000768 MB)
I: MonitorObliviousTransfer::next
I: SendPublicKey::next
I: MonitorObliviousTransfer::next
I: RecvEncryptedMessages::next
I: MonitorObliviousTransfer::next
I: DecryptChosenMessage::next
I: MonitorObliviousTransfer::next
I: ChooserDone::next
I: MonitorObliviousTransfer::next
I: MonitorObliviousTransfer::next
I: InitChooser::next
I: MonitorObliviousTransfer::next
I: RecvConstant::next
D: received message: 22b81da6e37db7a668d4ad9e21a11be318a0834f9a7d647f88ad6bb7f0037fd8d550c9505563e8955208727450580b60a5cd12df54fcb7b02503c0e905ba5e16efe798c330216288a3bd0278fa8163117fea578efe886193676fccadf71622032e58ba68e76cf3b4d0739413c9012b41bbbd28243d1941e6a5057f07bf40165cb8994e2cf3c01737dbf214aaf86d82ac167f436d68d0cc2e82a0037a0c358426f1266532c8fa82d2d645f1eb4e25faf4e88467e8391afe5efe4f11bc92b4b05e38d7bc544bf67571422432267912e4fc8739521782ea6770ce887da66e6eaeac929f6a81a6bdd74713c882a832ad511b50660554b9c5bf6c2ee8084726e6d101ae2accd389cc54fea495c118a4aee09e7435d28e08b877cd8996eaf155a7dc8ee72ef347c52bfad9ad5a55d66fbeb086d8aa5abce2da096d09368d2aa3a12161d271d2aebe690e656e8f26eaeb1a08b6e3083beae89f9fcc1979727a0906a6216195bd15ed999ba07a2142f3f0e1d48b96e02b2eea20cfb2b93627a5edf01f2a
I: MonitorObliviousTransfer::next
I: GeneratePublicKey::next
D:  sending message (size 0.000768 MB)
I: MonitorObliviousTransfer::next
I: SendPublicKey::next
I: MonitorObliviousTransfer::next
I: RecvEncryptedMessages::next
I: MonitorObliviousTransfer::next
I: DecryptChosenMessage::next
I: MonitorObliviousTransfer::next
I: ChooserDone::next
I: MonitorObliviousTransfer::next
I: MonitorObliviousTransfer::next
I: InitChooser::next
I: MonitorObliviousTransfer::next
I: RecvConstant::next
D: received message: 481f972763d9a0f2a42f7061b7be9f628f4b537a4a1f525bc63231e37f6dfceb8c37da9eb73b3bbe2009aca79e18d8d808110c61c01438e667d1b9272d3b1dc884361275e89636a8e38d3f3de284437965d5e95b5e4df83ca487ed2f938607555e386b26979b204304cad96013953c03b7e1216804a172645a67b2e93f92eafa6fe83bf0204b7eb264811d4a5dd1c5be1c33b1f25dfabc988d1d12bf607fece36902987e0bdaefb178ba58e4f9d11ca89c36b6b2d7d3f8240be696483fe706b8b4e22a2eeaa3debbaa45fa7379ebbbc28fcd71616ced6da000bd40005b7cb395c0484f3d997284e5184b1c5151477bc15a6bd654d25ad7b9d5f0a6557bc770f337be9582d0794e2f5f19703d32c0be800c6ef66534ae85ea0759ce36e867b8e50fe7eb9658b4ea5754793244fba49331d5be9558505b6da796c8f1bb05cb0043bd328e4532ac9e63e098b457cf9604ef52293e399e0c26c212b19599ce4a6887aad0034f3f1db8e40286252adb5274ce412f93f6bdb7e7c48bfcf798e6dfd5b7
I: MonitorObliviousTransfer::next
I: GeneratePublicKey::next
D:  sending message (size 0.000768 MB)
I: MonitorObliviousTransfer::next
I: SendPublicKey::next
I: MonitorObliviousTransfer::next
I: RecvEncryptedMessages::next
I: MonitorObliviousTransfer::next
I: DecryptChosenMessage::next
I: MonitorObliviousTransfer::next
I: ChooserDone::next
I: MonitorObliviousTransfer::next
I: MonitorObliviousTransfer::next
I: InitChooser::next
I: MonitorObliviousTransfer::next
I: RecvConstant::next
D: received message: 2a46e1e2db7439f02197cae25a3d2428781dec286aabbe221a40a643a56009a5c06d12e9524d55551bd7746ad82ef839bd0a7ffe8f0cf37392cb91cf19766af8d2cec0abfd766689469772c7fc27b70e1891a13d9bd301d12bd107167ed5e69822d2ecefe61cc4ddc59625316cb2c6d855af73a0da9dce36c8c1577ac089c2dbf06b04d3e6b449f4aaeeb3c3489940ed68c615f13f51d040c9009c7b131dad22bbf2f9b56f45b4d3019d36d1b6c71bc0a10fec5e4618d5aaaa19de2981bf9a4b8aa4bec51c2ec33fc2d29ebe670a804610b7e0c65a7573fc98bd3c9986c5a7cd9e2e651ccddb6159406a847c4eb6cf984f05b28891eb44a941d3b156df8120c863392e21a812b18b143ca25aed33a3d720110198eb56dc6f6beaf856b23d7282b317b88c697d433b1a603a413fbcb24a504c184e37f202d66bbad025fd68c001e6dfaee23d1caae5bf1a947bfa6619404c1a33c5f92abd828d0902ffcae4169508a30bc1aec3d738496b71af4cb596e9e7264b5c8f0f9befe8713f666722e3aa
I: MonitorObliviousTransfer::next
I: GeneratePublicKey::next
D:  sending message (size 0.000768 MB)
I: MonitorObliviousTransfer::next
I: SendPublicKey::next
I: MonitorObliviousTransfer::next
I: RecvEncryptedMessages::next
I: MonitorObliviousTransfer::next
I: DecryptChosenMessage::next
I: MonitorObliviousTransfer::next
I: ChooserDone::next
I: MonitorObliviousTransfer::next
I: MonitorObliviousTransfer::next
I: InitChooser::next
I: MonitorObliviousTransfer::next
I: RecvConstant::next
D: received message: a97d070f86d0fc7def1786e6b351a826808e6ace5da22caf8ee1d158d709995a152be0730855e9541367893d364dd95970e125850ad5f05e3347ae9965e33ec53c93924890ed87b90296f3945ae994c9a12e43ae5fc2668308540a1c79a1582b0110b7c53fd30574e684333bb41e255214835e8b29b564e707816c96a5cbd61c9b4a5befa6d82e89b87160a1f24a1a8b8c9e28f990d202698331bf4a0c989f9caa8f0833737674b092bbf2c3c4a8e3274ffba30d28da22ab5eddae11b94bb351728ea7ac67073c84e26c72c27b272d17986c8164a05feffe9e1c4a444fa1e267a5ff5ee8e938b641d6e3858d8708b9dded33424829f5ce3c90ff77d4c7f4027f01ddc2c0ad9e3d78e6ef83dd5cefb1e9eb89f79032e878c0a415bd6aaf737b2b9362a899efa66f19586b9e15106e39e90f5a3be81948689c46e863e28524d1ba30ed2d25c333ed85095fcf179297d528a05042bc210ee240199931071c4837bdfe9d4343c841345538d4fb2c9887a8b479a30d5d6116da1f659f3326b84813ee
I: MonitorObliviousTransfer::next
I: GeneratePublicKey::next
D:  sending message (size 0.000768 MB)
I: MonitorObliviousTransfer::next
I: SendPublicKey::next
I: MonitorObliviousTransfer::next
I: RecvEncryptedMessages::next
I: MonitorObliviousTransfer::next
I: DecryptChosenMessage::next
I: MonitorObliviousTransfer::next
I: ChooserDone::next
I: MonitorObliviousTransfer::next
I: MonitorObliviousTransfer::next
I: InitChooser::next
I: MonitorObliviousTransfer::next
I: RecvConstant::next
D: received message: 623af6b5a2a91bf94c9d6ea1b29cccd59e3731f3dc74d528c54db956b27ce919ee8222612ba881c46a3ca32417dbed588fdfe308533213d7759bc753d9f51a4202627f1a6379a7d812e9544ebde0779d6e7eb9325a6cdc75e08199f47c647697e8e9a13b4a61233855575acb5d727b4b126d373df3e723220d8bbb5ce7e9a67958ddc317ed4841848721cda09f6f49ea746c17ce42efe000510b58069a514747dbee4b5ea19cb7454889aad2e920ced75ba319078df1cdbec87791aa1f3ecab8b9a2a04f27dfe8f190bc2c9cb957d628f2fad7c2b108716920d99a8d10782d147c69fd3459fbcd11d2563b5cb2a6f58c8870016b56e61827dc03445a1f91bd9393d6caa840c887c263c067f3ba9b9fb49a61fa2fb2a7144334ffd06f92d7ab76ad0ac3fecb5e10547ce10ba748eff6fe19946047ee52c3f0babe828051c51cfe9c0b2358724b191ec312ed593f888aab0b38912fea167fd8d9967342e411e0a0dc43b77253be36171e0ffd5f2f256b6966148bc61e7976aa833489d5a6840e0a
I: MonitorObliviousTransfer::next
I: GeneratePublicKey::next
D:  sending message (size 0.000768 MB)
I: MonitorObliviousTransfer::next
I: SendPublicKey::next
I: MonitorObliviousTransfer::next
I: RecvEncryptedMessages::next
I: MonitorObliviousTransfer::next
I: DecryptChosenMessage::next
I: MonitorObliviousTransfer::next
I: ChooserDone::next
I: MonitorObliviousTransfer::next
I: MonitorObliviousTransfer::next
I: InitChooser::next
I: MonitorObliviousTransfer::next
I: RecvConstant::next
D: received message: 2ab70e6606f33087c48cce184cce4c599ccb825fff3a64b439823ca8c560977ee7913cf9e9e0670f86781968e16636b592ae34bddd5d4d6c721362f889e7c206f99bc9ef71c3759afc1517a4f9641e7715569728f53a01c32845fddb528ba4f87dcdeef5814b92415d826ddcd7c942b93251c70ed0f048c8ea263ad3b300391e67820f43465d4cb65175d642d81d2cb2aba14fefc60655a002bcfaa97cc0c927984365522156d00b3719b0ded77de527196812f4e4505e30ba0e57a38faf1e3ca8336a703858dac5d520ee7f374ddbf9180df9df4c26f582b4848f97b6b9b2e41bbe201453834264d1cc61f7ae97c89527604153416cfab304e2215a7687aeafc01780b65f9d0a9a1f6792b1058b6b384e986d6329650e918454e3859e44ba8e3f5bcd12eee944eca459f7cc40a780854ff028709b6bcc6e1dc58bebadb3b6b40bcc90d3029f1e9e0b7c0caf2bdefa4d062c319175b6d7376678d97891c14f3a73d05b3cf35562ca96e9a6f280167b067a4629cd906ae64347b4ea7ec7f2ce42
I: MonitorObliviousTransfer::next
I: GeneratePublicKey::next
D:  sending message (size 0.000768 MB)
I: MonitorObliviousTransfer::next
I: SendPublicKey::next
I: MonitorObliviousTransfer::next
I: RecvEncryptedMessages::next
I: MonitorObliviousTransfer::next
I: DecryptChosenMessage::next
I: MonitorObliviousTransfer::next
I: ChooserDone::next
I: MonitorObliviousTransfer::next
I: MonitorObliviousTransfer::next
I: InitChooser::next
I: MonitorObliviousTransfer::next
I: RecvConstant::next
D: received message: 135a19ca1e8febe6de98177a2d3735f82c20d0a7ee46a9b2d9c69ebbfd770119472c43a2a8abfd7259e7d5e2de79c1f4f10871aea1c2743669edf06a196d1770dc9dfc7ee9a1a4a8d846e755d376ddff2f1e5c52a8572be33b13ecc459bb4f3b6d884106220aed471f056a3146231e555d6938aa3d4b61d3cd614c69448cd79759f6f0bfc2b8c27601e45b7d2e67101d7d6809e74ddf5846fa79a219d8b986e038e1b333f8768a433963a0d858c31ac4d48b8bfb2bc272825fd01af8142ca1994c2ad003f762683a2b9141abe749810c2ffa8e40cf5e47280550014accaff20ea838176872081289efd8c1f9f0b3ce122103e4bf6af714dcaeec5dd5a5e1cf7eae4da04993e4d3dd1811e2a85d2fe7c40ac525c38524285bdaa1e07922c94f99de667c4660d0d25e8ebbfb09b931eeee74217978fa17fe7cfdbc61561e0572a68776c5b34cad1ccc030a5ba1404b2b8d6b239c6b9395e02000c555db092d9dc4de61d597b8d86dcf7bbc2a890a18740f7dc70f790ecf714915878d699c612494
I: MonitorObliviousTransfer::next
I: GeneratePublicKey::next
D:  sending message (size 0.000768 MB)
I: MonitorObliviousTransfer::next
I: SendPublicKey::next
I: MonitorObliviousTransfer::next
I: RecvEncryptedMessages::next
I: MonitorObliviousTransfer::next
I: DecryptChosenMessage::next
I: MonitorObliviousTransfer::next
I: ChooserDone::next
I: MonitorObliviousTransfer::next
I: MonitorObliviousTransfer::next
I: InitChooser::next
I: MonitorObliviousTransfer::next
I: RecvConstant::next
D: received message: 520091a8485f575e0b0c1707d7a275f88387cfc6a03d9690e4e880e1dcce11d67c6378615601a6f91863b44e5c170851310fd3429c0f0fdbcdbc21f9f0bfe2bbf3c19edd40d7a3677fd188fab88b8e834cec5e34bbc0b4be2a2aa7b553496023c3ca32c9744ddbe57508c9112a86b940f4c4707913d5f91d7afd064c12237f3e3fb7766bbe135ee913779bb2d08371add8bcb2a503e8f64beb8b3cb172f6366fb9f7f6e0040bfa28e939f02c608e3ecfc45ffaccfbe54438e280db6b71aa7705217c0ca762bb58ecdd1d7c23850779ca80c8eacf241c7b14a97e2528e1a7a591fd443ca2617821552666c009af242f6b190178614053b19ab50dc152e49b938c0dc9956ac6fd707c6d5b693f5457ef20c11d4d3dd31945ef985d24c4153e4116e1eca5da305469d41ab6e183dbf237daa22674e923c481f8dea08d51cbdc43d41bf21c379d438eded7e3e06af6e634c6e2dd703e15d870fa5d8a0680268d039dad70210ec668a84efbd9a4d61ff69e7ed82493f5a50b219503590b3a11303d20
I: MonitorObliviousTransfer::next
I: GeneratePublicKey::next
D:  sending message (size 0.000768 MB)
I: MonitorObliviousTransfer::next
I: SendPublicKey::next
I: MonitorObliviousTransfer::next
I: RecvEncryptedMessages::next
I: MonitorObliviousTransfer::next
I: DecryptChosenMessage::next
I: MonitorObliviousTransfer::next
I: ChooserDone::next
I: MonitorObliviousTransfer::next
I: MonitorObliviousTransfer::next
I: InitChooser::next
I: MonitorObliviousTransfer::next
I: RecvConstant::next
D: received message: 9348fa5050160c2dcf2fed229ce198941fc97894fc474726b04f461833865cbfdc1f5091a62ce1b7817f9fbbf6d13e23078eed18efa6e4bd7cb7df7db66ecfc5d556f4e42861ba049ed67d0d1cc3b9faa5cc4e98da1bbe30f24cd1f8870e9420fb728928ffa85c20a7e13ec51edbffd44233628e3de533d5bc2591d918f05f6d14fef47ca28019cead2c67e72b3a73e76a4fda8f7cf6716b2ed5ad66c6337b4136b41b0e3040a007f45198c4664b68934da70ea88acd3bec589bd3a1d9b7a95cdcd944a90aa6c408f897564dbb4acd7837c1eb1afd20a2ad662993f13045d2e74446f9a267394af2923bbe7f4c23cef145e119c4b561cfa96a31130d5c11dd1983c7797540451c0036e13cd8c6607bb0bd183c6dfa4e96a06dcf2cf35b31d7672b244ed9b4be698c4598db89505e1343798f6a42df3c89e41cbd95cba3eb0396f3001bd29107db1b537a66aa79e7b6486697fe96225b81ffb740dbc6a58be61927866b751a607144af5ba327b7bc93a694108923f95f46bba47a27f58617a9de
I: MonitorObliviousTransfer::next
I: GeneratePublicKey::next
D:  sending message (size 0.000768 MB)
I: MonitorObliviousTransfer::next
I: SendPublicKey::next
I: MonitorObliviousTransfer::next
I: RecvEncryptedMessages::next
I: MonitorObliviousTransfer::next
I: DecryptChosenMessage::next
I: MonitorObliviousTransfer::next
I: ChooserDone::next
I: MonitorObliviousTransfer::next
I: MonitorObliviousTransfer::next
I: InitChooser::next
I: MonitorObliviousTransfer::next
I: RecvConstant::next
D: received message: fce98982ba1db6fd7e8e6ae86166a8395d7ea917fab2ab3921d7b5d21ff80751acc650268ab7ac2b7a51956243cce847cdd021cee34f8aa6a1291b5409424ae55d782b44db5f4a068f91d764871ada45def6d5f50abfb1932c14870502309ab1f8dd76c5785898a797f6e1922d107f63b645ec89d2f8c2a7924337b562f95183cad87a7360ee4d391849f6c9934781447410126210f71b2c6c8848e3be0b386109457525a0cab0c983f8a5d6c9e76c42fae45687b881c8724fd722170cddd7cfe9a2c7899053e2b87cd71b5153aa2b29f24bd83636be9dc8043681eda4c036a87744e5b8ec7ecac7ec75eb116fd7e3f27cbc29602c450ca696892c6743da623d665574bba34f8f87d2773c1fdfa8fd6f1fa0d0023063517253cb4bb32b67a76e0ee9d520e63d46689bb5004f43ed97268f3f9c6cc37935605afa83de647246caf51d5e0af7be8cda24ce7f433e6c87b7ce7ce6cef4542a075e7130a1654dcffd46668905aa9dbb16a5a7bd2fa487ed8330d130294e3873a568a202a23a31f181
I: MonitorObliviousTransfer::next
I: GeneratePublicKey::next
D:  sending message (size 0.000768 MB)
I: MonitorObliviousTransfer::next
I: SendPublicKey::next
I: MonitorObliviousTransfer::next
I: RecvEncryptedMessages::next
I: MonitorObliviousTransfer::next
I: DecryptChosenMessage::next
I: MonitorObliviousTransfer::next
I: ChooserDone::next
I: MonitorObliviousTransfer::next
I: MonitorObliviousTransfer::next
I: InitChooser::next
I: MonitorObliviousTransfer::next
I: RecvConstant::next
D: received message: 7fa69907d5bc4a906dac6a1f1751d1a47a7e28465d6f09a588336e88ff2456ad4848a4c99bf9dc181df066d9cc11fc841d2e1958d606f0a7214710e27113ca62e27092bd67234077bea4972781c26e18c4b1cf022daa7643308b9fcb7c933a2e0f03f4387cd9a5a19303954280b52233efe4f3b5003dcf0cb2f38aceb760f9a6c40ba41091cc96cb9c48f87364209c8eb78f2746ad3118ee9c4e17623e1369ac46ae5d7aa5c12862228ab5ed69797237266b8e1a9bf6877850035912a56673e9cfa0a0438a4de6720599628311adea461dfd6977582dbe7c17f90921e6b7d0eaa6e1b209368c2936d51850431db9d07d38929d96cbf73105287e5aec875656809e2bf43298e1284732236386eec5ffbc68b5250b9b288b2724d23f9feccf619b82e7163ff51564a2545bb57319f44b58a8beca43e5ed8b1656b8e018dbecba259d8e580fefa6afa7dc7b5c95ab025263f6a0cbb06ce01bec421c76a758401a51ae63c7eea9991d5dc69b653a4560415e114c90a534179f91af516f82bd35a15
I: MonitorObliviousTransfer::next
I: GeneratePublicKey::next
D:  sending message (size 0.000768 MB)
I: MonitorObliviousTransfer::next
I: SendPublicKey::next
I: MonitorObliviousTransfer::next
I: RecvEncryptedMessages::next
I: MonitorObliviousTransfer::next
I: DecryptChosenMessage::next
I: MonitorObliviousTransfer::next
I: ChooserDone::next
I: MonitorObliviousTransfer::next
I: MonitorObliviousTransfer::next
I: InitChooser::next
I: MonitorObliviousTransfer::next
I: RecvConstant::next
D: received message: da45ed24ce7f4a8723901da41f24f198f0f8d96e565f3ee9b5fa0d6979b44e221d29b1b9892247dfc14c411618d18eca762c64d64c8306cd40b8c150c4af454e6ecf790fda96910780d1e5ce9f40d82fdb05f7fc9219dabffead97667c858d8b702a792642c3517fa6196520b233dcd70ef741d0bed1cdd781f57c039f45d7ea5076a6c483f1075a1eb887b5d72b61dcf4d474a1b05370d92c33ae091f4f8c31b49e0cf7bd94f744e58fce46a5c6bb92caf531f909b20be4fafb9fdd0812085aac6ce049886ed30bcbe8a9026a6dbec2a2a2a6fdd6ca6a0192548a9727902f20b39e7f164e9f41dff8240ee971ca4e4dee9e21d4aa01c3c810445a06e7b40f1e63c71840286ea8145f24ebfc8574a53aa5e0312cc96487f34cca7e28eb677ff525cff43b5794ad47c2f07dcce399b2e4e7a5cf280558c38effb170720f6f725118d44cdfef27c4eef51fb24ac87a9ac1574c4d41ba749e54c44d328e30fd651ca0d5faf2a7c474d787aec57040b6aa2e3bf2548cab5f38cb20b8cfd285fa9245
I: MonitorObliviousTransfer::next
I: GeneratePublicKey::next
D:  sending message (size 0.000768 MB)
I: MonitorObliviousTransfer::next
I: SendPublicKey::next
I: MonitorObliviousTransfer::next
I: RecvEncryptedMessages::next
I: MonitorObliviousTransfer::next
I: DecryptChosenMessage::next
I: MonitorObliviousTransfer::next
I: ChooserDone::next
I: MonitorObliviousTransfer::next
I: MonitorObliviousTransfer::next
I: InitChooser::next
I: MonitorObliviousTransfer::next
I: RecvConstant::next
D: received message: 687c38b40cc1e18f45a25d6ae51abbce196a6d950a6df584b0b469620093fe100d38609d98de8888e697e7d97d5444b1a090f64f6435aa265e051dbd6d7b2a60841ff9ddd0dbf38ac6c2d4215971099dfb8084a5ca5793d6fdba9ab914be5ea8a41c6520faf10270ed33479e4f52a284d342af2304189533fcdfed294f3c0c092ffb3dacff14dad93283ef477d33d4dc60b1ffd259100c5ef68baa7cad6ee39940eaf8891291bf8f8523ae250dba4fda34d6ae673a92c8f648c8df8affa838a4ba2f0be343315977e0ca73df6fdb365ef9404a938078923818dc934721e30d8ea727f1c81d2dfc85fcb9ad63714c6bcdbeba2b16b74f0ebfeaf4c46a77be61028e81ea1d5d3436950db6110357997fa8cb725884a157c52b6da18c467fcf2f3c3819e366647711d18aba3f67df8958ffefbece0a383a2b4302c8f45c3223ab0985376d3c97b4bceb5be47920334e15bf10bb2e0d3dc98cf24de5f37b53114a25bf1f627f5adce35fa730c96f1897868eb6f4bf169390732924c9e600b67251eb
I: MonitorObliviousTransfer::next
I: GeneratePublicKey::next
D:  sending message (size 0.000768 MB)
I: MonitorObliviousTransfer::next
I: SendPublicKey::next
I: MonitorObliviousTransfer::next
I: RecvEncryptedMessages::next
I: MonitorObliviousTransfer::next
I: DecryptChosenMessage::next
I: MonitorObliviousTransfer::next
I: ChooserDone::next
I: MonitorObliviousTransfer::next
I: MonitorObliviousTransfer::next
I: InitChooser::next
I: MonitorObliviousTransfer::next
I: RecvConstant::next
D: received message: a2988a5672a9f1ab5bfa77c7899a771aad8c65be951e44be4e0a0403415307c7b29cfff6bd0d87662d0b2168bf5a39dbc1fbb0e4f576624674e1f0072dc56c623921193374ec8c19b71936a53f5f765dd89db59565e931a1e61be5f54f65a0fde7d5995bcd42fdf57385b47e1c31e707e606fc714fc8f8d86aee8e7f9a12f5561ec9df16d23b38058bd9073edcb7abb3df01f88c2d8afdf44929f4f2820ed22d1853a0a2c3cbda9ca645809c1953a71dc4f406cc212f0847f359ed011659238d42cf505ca66bbee7285e4b65a241116aceaa68af7797c68868b3acbbfb7a89cb77448f90aa9a955227f50df354f596fbd7d849807a15713f068b7c6612af436718b7051a2707b4f3375c313a7a36d177dfd01d8840222ee37718adacd4a80a2ae2072f9ff6432f096acd6842a18ab10987b764a08595a27dc9a2722045c9a5c3c6ff13e0a96e376bc7690d908ab4038585aaf9898688dad52692830489d72d1cb0f8445bb95a0ba1b7621ee46622fd649a21cc644a0919677450649ef7dfdce2
I: MonitorObliviousTransfer::next
I: GeneratePublicKey::next
D:  sending message (size 0.000768 MB)
I: MonitorObliviousTransfer::next
I: SendPublicKey::next
I: MonitorObliviousTransfer::next
I: RecvEncryptedMessages::next
I: MonitorObliviousTransfer::next
I: DecryptChosenMessage::next
I: MonitorObliviousTransfer::next
I: ChooserDone::next
I: MonitorObliviousTransfer::next
I: MonitorObliviousTransfer::next
I: InitChooser::next
I: MonitorObliviousTransfer::next
I: RecvConstant::next
D: received message: 4768eae96fa8a32a8fa7849403604eb5b54e1ec5bbbb21aa646dbabdb04492bfa528e447d68313f8c3a9c5a708b185ee026d6317d8a7fc4e550ae3c3b7de757d6385d215dd59087772d26f696d6c4490ab1275928a8662675c1bc27948bfee6af99dcf9c110459de1c48eb8012c399d69891c33e3ad99dc4ac7fd434081a1818d67b72fad92c3618254c46108c19ea7e4fed11a00c1286ca8ffdcc04b6e0bdf9713419d550454b943175e2aa2a0595c13a383d6896ad66557e02f640418ba5d9a88b9b92538fb88fba354e041b248375ddd90cad8b8693b376d4ce2e1dff355df1212d8549af41d298ed04706f770dddd65caa07b2045a0b0b4eabdde5003bf0dc04aaa6732dc76e479f14e34781b294cdf82b8aae03529c627330cce222a1d76e9b6ae1fd3c5d5cbf9cfd88001287a67dec203842d4467b3fbd31a97d962c720c97de159b1f0597595ef9f5c6d2c58e86e111ccac86538d43c3e4ee448ace3175947a549aa2a21cba2bba3206000dd7ffc116e6a7c49094fd758fb3107003d4
I: MonitorObliviousTransfer::next
I: GeneratePublicKey::next
D:  sending message (size 0.000768 MB)
I: MonitorObliviousTransfer::next
I: SendPublicKey::next
I: MonitorObliviousTransfer::next
I: RecvEncryptedMessages::next
I: MonitorObliviousTransfer::next
I: DecryptChosenMessage::next
I: MonitorObliviousTransfer::next
I: ChooserDone::next
I: MonitorObliviousTransfer::next
I: MonitorObliviousTransfer::next
I: InitChooser::next
I: MonitorObliviousTransfer::next
I: RecvConstant::next
D: received message: f893161bb649879b715a391c7696ffcc2354ccc1b304fa55d7de2221c0593eaffe51c4106f2f415721eef89c10a9ec39c7923e6ff93ac1920d7c872ca2260bc08a4df7d8e6620075c77eb4124c6738a963284ae415f3e744c75f2b43e4d7f10f7081f7c612b4d0ad89743115cb8efcfe5b5de64ea2a4baeb5488679765bff06c9668a21bf7deacd5e7e18ae81aa2b7f3683b114f4da71d045f10da8f67105be591fa69f87081fcdf89767fa40373875bf2287ec8f9b722637f2929385f3a9cbbfd7fd1fb039de8136cf81f462decbccb821bf0f7d74df62762591ed991c724a798b1a585e95af04421de9c1a345a21dd347e98cf734fe5f45e0083d44de2db4139b8deff38d54adf50eec43261127f9c65ade9d324ab67796a49b9bf7ae56113d805abf125d3498c58984087ab4c2a766b6d629cce522a61a11db81073afaca939f73aa1cee73ba2e0ec19be0afb3b2ca5f91dae13e085ffb75d17db1748d7c1d81f4dcd8cd28e77406d8a498bbe36cd67ad03c6d5db38b9327927543dbffc4e
I: MonitorObliviousTransfer::next
I: GeneratePublicKey::next
D:  sending message (size 0.000768 MB)
I: MonitorObliviousTransfer::next
I: SendPublicKey::next
I: MonitorObliviousTransfer::next
I: RecvEncryptedMessages::next
I: MonitorObliviousTransfer::next
I: DecryptChosenMessage::next
I: MonitorObliviousTransfer::next
I: ChooserDone::next
I: MonitorObliviousTransfer::next
I: MonitorObliviousTransfer::next
I: InitChooser::next
I: MonitorObliviousTransfer::next
I: RecvConstant::next
D: received message: 46b243576641bfa24b3e7559ea739382879da1b07a9f89a4d4781191b03a8012c8d139b88adfb1a51ebc1e32d030ebb5246535eea2834efeb4a5f2d7e2fe478e93291494fd46876b6887160ad3a257003bf508f3ba4d0678d0f7e418658b647361ba03b52a2ec7b9f2d5e4aa7ed30dea1559fac3d4ce71a0fbc8503280fe76e71b6400a70adb16d89285c4d1fd953c627e54f98286d19c5086d614aabcaa12812360bac73b2c4b5a1b49e536f04e5840b3c3ddd265411a0c8643f012df9631aed24b6f9786a4a05b95aaf074e2f6b37fd0e4cb7c0036c8e5f19fa6282b67d86e3673c55ff23da5b96c5db85e1e4bbbaa5cf0f21dd4b106144107a259dccd5527b60d0a9be0d317fa7fa603eae66eb71a060de7e0dd2f59c5833f9a7c9bb0c3318126d3d8aa47ba75a8d51719b31b7a0934ce59a889309e18cc81b9a2b6d56ca0a453ff89bec444091283542b6abf65b0c936ab026f00d21cd611c8dada593ee6995af1e57e93f1a462ed89cba59c54f5bc965d568efd51da535e1187e6afdbe4
I: MonitorObliviousTransfer::next
I: GeneratePublicKey::next
D:  sending message (size 0.000768 MB)
I: MonitorObliviousTransfer::next
I: SendPublicKey::next
I: MonitorObliviousTransfer::next
I: RecvEncryptedMessages::next
I: MonitorObliviousTransfer::next
I: DecryptChosenMessage::next
I: MonitorObliviousTransfer::next
I: ChooserDone::next
I: MonitorObliviousTransfer::next
I: MonitorObliviousTransfer::next
I: InitChooser::next
I: MonitorObliviousTransfer::next
I: RecvConstant::next
D: received message: 6758f6e2f76c9af764ab8b63d9c437fe65b3a7368a7d898dbc64f9b921cbfd9f19b6053c7cff826c5dfba107ff1158692e05289d975a3c9115ed25d587872ca149c8d28611d80b5e03ad021d3e731980e17e6821f20e95da29acdc98a838476377897d5e8a3aafb433c56cd72faa5a1415e9e483aa23f183997fe648e84ffd8bdfa1c33f57e39ca83ff38fed104d7ad183e982627b65533639cbc8a5b61ca47ae473255fabc3e20f618ce1f781b26fab7aa79e8de7ce00f2b927aecc15abc31079d5201537c05665b9c778155f4cd4f7e9f2551fec25daebb38baf99ff0c0e2f37420dc0c492ed5104238efd94c2ede2156a939d393841270ec01eeef430128d11994260c2e59db01d119eb280d9868833c5449c18dbecd1f76b604d49dec1531fee2e1de43424551ecdd9573a282190f7e40219f53862140888f57e977a0899af9a1d035394a62aabb0825d2b8219bf95e3405608cc956c0684f59b73d091fb8696de922eedabe0ac0c33e635642cdf62f58bff65f4c1bd03ebceda65637131
I: MonitorObliviousTransfer::next
I: GeneratePublicKey::next
D:  sending message (size 0.000768 MB)
I: MonitorObliviousTransfer::next
I: SendPublicKey::next
I: MonitorObliviousTransfer::next
I: RecvEncryptedMessages::next
I: MonitorObliviousTransfer::next
I: DecryptChosenMessage::next
I: MonitorObliviousTransfer::next
I: ChooserDone::next
I: MonitorObliviousTransfer::next
I: MonitorObliviousTransfer::next
I: InitChooser::next
I: MonitorObliviousTransfer::next
I: RecvConstant::next
D: received message: e3585cdec881211fd2c158bd38260a957bcd2bb456273e13539e22d7a08faff02b07b1a72231c6cecb0b39baae9c0ae1703417a2d3f9d2664e5a0678bceebadcc2a9ea4f5672faf835bc0af3beb7734fe3dd9408a6ee554f5fa3b621d3a686bc5d2cca9939b8a69a74850098f91d82a895cbf823ef45e98951b0a845c796b762b4cb90386d98dde257abe7ca9998f0c871acf9f3d196389821fd9597ed0af468dcbd01743fcc1a004cb5e0d439610209bf441dfd2f640efe7cbe38195d263b3d81eafc5ce72d0beea5b617c69192432a1915ba4b61bac02d13ae205487781078c1a117323ed404af3573f9b9ed89e9161c20e0a82bb1a8007dea862c771577cb2bdeb2e12c26806e8683b06ac31d283de57ff3e86dbc9d5467deaddddf9d94cc10bbddcb2f403c1d8bf8e2c01cc546626635a326e8227201e6d7526b0f44ae6f02bec72299c08223f09383df3eab895e12b0dec31a41feb82928e4b2468bf380b906abaa9cc52938441b18ea9f969a728b3565cced9c53f29675a7fc0a6d68c
I: MonitorObliviousTransfer::next
I: GeneratePublicKey::next
D:  sending message (size 0.000768 MB)
I: MonitorObliviousTransfer::next
I: SendPublicKey::next
I: MonitorObliviousTransfer::next
I: RecvEncryptedMessages::next
I: MonitorObliviousTransfer::next
I: DecryptChosenMessage::next
I: MonitorObliviousTransfer::next
I: ChooserDone::next
I: MonitorObliviousTransfer::next
I: MonitorObliviousTransfer::next
I: InitChooser::next
I: MonitorObliviousTransfer::next
I: RecvConstant::next
D: received message: 841aa2675a236488b872b947ea513396b2d0479f5365c528cd20b4dd56fc9e16ac81ba5e1219304564f216262b28c94aec0366ea60f75fc40e185ad497ebb47f2f3c535ba3bbe2ae7157427fe9fd68d801afe30aa708ac5a5fc486a93c96389a0df9830f2340ff5e8f3fab7ac9bd9cb4f50a70036e40cc99624f6712038b650de5ea28dc615b0386f79ebefe0f29e4048f08932d7ec21f00ed0ab75dc973ea476a952c9b6abf1cc28c81690399fbe845741e16b9914dad4349186fc84cd7af17737988bd1a398302e8a48dbc3d769d636831e29ad3ea6aa5b3152dd98aa15a9e071f53c056d88cdf71499c712ea9ab0094f2b1954543abc57ad168d0d804801cf1599147c5c1353183ff8406a6e60adf176db9e4f308b6b355741cd3f9286c6c2e7fe9da84a894201acd1df74a773d884cf120d52e304259b94e9ab01d7dcf986273c3c23adfd6b3f83d2f22d640771e2c3a795869a529bb233e34b3993611052e0828fa90b3905156e91d94896f12fd3a911c56c2ce2719cb206abfcdfd6402
I: MonitorObliviousTransfer::next
I: GeneratePublicKey::next
D:  sending message (size 0.000768 MB)
I: MonitorObliviousTransfer::next
I: SendPublicKey::next
I: MonitorObliviousTransfer::next
I: RecvEncryptedMessages::next
I: MonitorObliviousTransfer::next
I: DecryptChosenMessage::next
I: MonitorObliviousTransfer::next
I: ChooserDone::next
I: MonitorObliviousTransfer::next
I: MonitorObliviousTransfer::next
I: InitChooser::next
I: MonitorObliviousTransfer::next
I: RecvConstant::next
D: received message: aadd44909d335e2cb12e05772bc768f11acb0c71b19a548fba327e86c384eec20c7750cf022cdbe36eaf14a205490b16583fc1db5c810b8c54e9b571f2fb33809cb349d29abdde8d65b9016823589b6a802553ab4dd8d169f56b9720450f8bb872c27e45d19082288863992ef6dbc92e3c6ac5040c83c89fbc6587ed318938b58ab4f8c6749de97aca6db5dfd3176acc23df5b2214fe55c6bdc97d1d95f6192a2ba95c8d2e6930077e65e8b4c3094a1acc3aa45781295c75da88ae4f52181433090d0120e1c295d6cfbee7d0df8fec680659d66b27f4e7fd158afd204439b37683ea111d7d9c04c853222d555a3b1f465a2ddea4cbb3e96fdd37f9e6092c4888aabed982275722227022f963758592616b82fb880c11b97fd705ca2f71cdcb6e395b5a0b34ec2c90b7dce2f0aa2d089837d11bdb989210054168918ac53ffbca92b29a491ff0b95193b7f470bb12a12e327236b7dcd390e762641d50637744c2c4d317a451166748ae5bd339c364b2b71f572f0a087f28865fb44ff49b411835
I: MonitorObliviousTransfer::next
I: GeneratePublicKey::next
D:  sending message (size 0.000768 MB)
I: MonitorObliviousTransfer::next
I: SendPublicKey::next
I: MonitorObliviousTransfer::next
I: RecvEncryptedMessages::next
I: MonitorObliviousTransfer::next
I: DecryptChosenMessage::next
I: MonitorObliviousTransfer::next
I: ChooserDone::next
I: MonitorObliviousTransfer::next
I: MonitorObliviousTransfer::next
I: InitChooser::next
I: MonitorObliviousTransfer::next
I: RecvConstant::next
D: received message: bdfdb68734b001c3f3f0a7c782a38eefc1b63eeb038ffc3c0bde4400031c0987fe369ed7c7b2336974b99efa6d9b3d58a362029cab3aee3a74027bbd790983e5315019098a47de3be3a8a90d9a29a17de5841e59312a73cd0a9744e3e129f98d74bece4f1a1ea0eef0202d7f20585012902e4dfba03292d7de42df385bdb2065668dc4839e0def6cdf5565ee52453d8edecbf6d0b7ba1dbab435de8b5721e777ddf5040e377017a86cc7764b9c7de04283139577bc61bd52912bbff03c833b1ab4b83ea96194213cb8228b2d497c6bc9ba5b34c18cff63bc3b0fe4c75960ac2357a0dcda99dff9d2d3d9ea62a77888df65b939c9075c5fe3e5281d0b6641f7dd99b0369ba6fc0c0c0c13e9841071131b65066479373403935f4b8c6de0be5e23dc5588b3437b6abf766369bd5483a514205dc0a3ab33151df9a487f885404ce6b0774e7b4abae04bbda01e32fa013e8a7b2ecdd32eb90127c2e5071d4925090a37c28fad9ac46619ea1ab6209c16ac90311cadc3d25555754cf712c8ad4fe418
I: MonitorObliviousTransfer::next
I: GeneratePublicKey::next
D:  sending message (size 0.000768 MB)
I: MonitorObliviousTransfer::next
I: SendPublicKey::next
I: MonitorObliviousTransfer::next
I: RecvEncryptedMessages::next
I: MonitorObliviousTransfer::next
I: DecryptChosenMessage::next
I: MonitorObliviousTransfer::next
I: ChooserDone::next
I: MonitorObliviousTransfer::next
I: MonitorObliviousTransfer::next
I: InitChooser::next
I: MonitorObliviousTransfer::next
I: RecvConstant::next
D: received message: 2b27eaa59ff37f7556e270ba9201886244a3f8f74f1b20c66e8efcd5dc7aad3d17abf783f1e511ca91bcca645f514dd00ba3d7d12d450fdc6425d3288ead8f32d480aa2c94c4aa6a53c9d139dacf7a46368fc071500fb7e80064d04d2bfb949fe155a385ccf84a4a913c753674db8e511d1660761263446bdee0330dee7a17e7c730122a0d7294da319770e7bac6326a00ccb7777843f014a04d933edc7913639ae3dafb8e39c205d0a8ddb6aebc6359c25469c0e6b4965c8e3a5f16d604de4ad7d14f9a5333d6ee78978b3f34f333ac74cac01767043609de4184ff84cbb13acde5a20d4482bbb9381122afc888c374e9411891c5693993a1330b21b72b413e61ef91c228a093a881a1abac238bab328d207e96d190cbbf25ff2d2a202f801824cc210c8b6675e69097d2736b4880fa1c4bb841ca621a8de0895dfc2bd950f5e794d745f01f95820c5f0fe0c5212ffeff93426eeb6dbc939f1273526fb7755de5891497a8cf31aeef21dfed14fe05ec8a6d815694bf14b50dda5b9956f8835c
I: MonitorObliviousTransfer::next
I: GeneratePublicKey::next
D:  sending message (size 0.000766 MB)
I: MonitorObliviousTransfer::next
I: SendPublicKey::next
I: MonitorObliviousTransfer::next
I: RecvEncryptedMessages::next
I: MonitorObliviousTransfer::next
I: DecryptChosenMessage::next
I: MonitorObliviousTransfer::next
I: ChooserDone::next
I: MonitorObliviousTransfer::next
I: MonitorObliviousTransfer::next
I: InitChooser::next
I: MonitorObliviousTransfer::next
I: RecvConstant::next
D: received message: e33530c8690f87e899f2bb55f11c5d9d2f7fac53540e08663d15c8947fc3957e253aad1fe2477a9b3526510f94b8babee4b53c51523733e7ff5de6d5d2d1b549a047e0f8eefaf0c1ac96a9a7fcbf21d187802afc9320b0ac33918d958ee5f2964c3f7680cc3d6a129a4b23550c896df9faf228afa4a28c7dd9c027093e14b86aed9cacd3f77f695e698b0a82a2f2c5b35fe7631e657758252806fc7ae3fdf2f9ddbcc63d427f9e5fd195b141d66dcf47142f9e5e878f9eea6886e52e1dcd46b7549be1b036b87f77b29412afaee52f9b36d9cf29e0d18cd4b55017a962a409d8820f30d67f5ecc8bf5c9db624cdf663cbf7018959f262a920465801321ff62ec9f98f56febe153efec2b8977a4bac96960ef579c0ec615928e7fd236cd892f5383ea14698d1811905511fcc6053bc19071c6358af0631f51f065471e1ebf90cb52a25ed3449aede86216aa9fe1f3fdc9a2fcdb162825590a01f5cee765d33f3f75a84c9924f7add1f96d26d41a7a28c8d6a772d789c075f0fbbf53b2433e8875
I: MonitorObliviousTransfer::next
I: GeneratePublicKey::next
D:  sending message (size 0.000768 MB)
I: MonitorObliviousTransfer::next
I: SendPublicKey::next
I: MonitorObliviousTransfer::next
I: RecvEncryptedMessages::next
I: MonitorObliviousTransfer::next
I: DecryptChosenMessage::next
I: MonitorObliviousTransfer::next
I: ChooserDone::next
I: MonitorObliviousTransfer::next
I: MonitorObliviousTransfer::next
I: InitChooser::next
I: MonitorObliviousTransfer::next
I: RecvConstant::next
D: received message: 639537b8ac51bed896c5220a70e89bd35ba5e9272d5415789eed5fe19096fcca6fbeb0eb9ff22c89aedef759341677c78fa631d6277a2355af7e4453849cf449f204c4a7d1d4ffc20c8b53fd0fbd42596ef985b569eed3e84c3bc93ff5f70efee5ccf57a009a78d3cb0cd8549135a50efa576a759fd0b586f5afae7b79933943ff178cdb6011002fb16aaea4371641746d5039e3f6ea8f6563e21ef8e348874c8651bf661e7ff79167a46a4986c574311cc0b09dba49710189e497f7d0a6f4a47c8b1b5e80b025c79ec6a794bb647cc25c4c5bc540f59056818e6e12a1cfcde0be164a4779a7227f866ecf42400ce53177730d994fa5f4624b504e8327f5df5c5eeb45c48c650bc00640159dcee6fb7ae64fede0ffe0f50f383af20bab401589ff03d440bdff1f4dfb05fef5700e19bf7e91a4f55c7fc9b9024f548f7fc910f2015483035f63c865ad10687e1da3e0f0840ebc3f4de5b9e47d4831f2dec6bedf0e179022bba01dfde4ca51ceff20567fd29edfae2ca6d469d259ee81a00e8d93
I: MonitorObliviousTransfer::next
I: GeneratePublicKey::next
D:  sending message (size 0.000768 MB)
I: MonitorObliviousTransfer::next
I: SendPublicKey::next
I: MonitorObliviousTransfer::next
I: RecvEncryptedMessages::next
I: MonitorObliviousTransfer::next
I: DecryptChosenMessage::next
I: MonitorObliviousTransfer::next
I: ChooserDone::next
I: MonitorObliviousTransfer::next
I: MonitorObliviousTransfer::next
I: InitChooser::next
I: MonitorObliviousTransfer::next
I: RecvConstant::next
D: received message: 337b0b4e5be53c8e0c8dbb6954d3ea16b77fe460f4f6e65760bed7af7230ed9ea7ff03e690c1c308da192b39592a0eb06275d540773e0f5bffa3772de85915c476578e60920e4e415879cdf7e5aa90b258e626f04be5ea1f38503de215726a576b1b097620d8df6829ca06256cb687192a212c0dbe2c8e0b22cc81fbfd784933002710719cc82e662b77bf092b9b85c3f5dd63793d560b4c3f8795d15421bca42fc819fb64e9ced82fe2dcaccf657db6d4166352e2aa67b053a67446cfbb064fbf44745553161ed0fdc16b0b38ac2fa8aa727460f02ef6b7e8ce69d61bfbc62c2ea3f9fceeb6de83c733e69fd29a87cf9a1c047cb67e357584c02886414b88a8582baee9be9e0116a55d067a1a5b33aa8bcb9e96e0158e50f9077b2bf2e10f51ff4c787d3a59fa1c4f0239fc68230f24eba80ad42c18f13c4dcf160f1c4bf20e20b4ef546495b0ea49d34dc35b22e6f22272aa24b589fc6ac4d1b3ed2ad4ce51778b95fe55205df45676356240389236240e0e6ce31f5a0371249248fbb8826f
I: MonitorObliviousTransfer::next
I: GeneratePublicKey::next
D:  sending message (size 0.000768 MB)
I: MonitorObliviousTransfer::next
I: SendPublicKey::next
I: MonitorObliviousTransfer::next
I: RecvEncryptedMessages::next
I: MonitorObliviousTransfer::next
I: DecryptChosenMessage::next
I: MonitorObliviousTransfer::next
I: ChooserDone::next
I: MonitorObliviousTransfer::next
I: MonitorObliviousTransfer::next
I: InitChooser::next
I: MonitorObliviousTransfer::next
I: RecvConstant::next
D: received message: 9a30fa88e96b3f00c78e9b351f15910499c30fb0ff562fb448344b941681ae55827698d53813ad47b85eefd6713189d388a60a5f1382c12b748b35e6027bd688c3d2665bb61781646044c30284ed1e8599fa33a3198b8d8960931b26021fe2bf18f3581f6c4c5db50af571f9afa8864075e629c58394140f2b675d5eb0479b3b9437830e67b5698347f697ce3ab52d6f8e54382029362ecb738ffd7f03d73e247841f6747b8efe1ffaaf0096726c4dc6557bce48928438e89fae95f8ffe6c816b839338f98b43fdfd235efbe5da8fdbd5b230b8c1a02b8ef413961fc38882d0b4d0d9d0e2f15346b6e70622c1bccba310315860d97d552b48bc2c5a5b9b5fadb6d6c1ae1e6963b52d0ce3bcfdb4f6312380d55af7a841ac7523c38c0e340eabab5ae4249f07754f43976e152eb28352836e486a9552253840ba740d825c79c6ce2f4cf61529efbbb3e0ed754ea09d4a442f9d8c23f1d8e7eb31c0c33f9fc2dd443e09dec26386b5861df4e01e27340d93d6df3370bdd636d5d9aaa7fd5edeba8
I: MonitorObliviousTransfer::next
I: GeneratePublicKey::next
D:  sending message (size 0.000768 MB)
I: MonitorObliviousTransfer::next
I: SendPublicKey::next
I: MonitorObliviousTransfer::next
I: RecvEncryptedMessages::next
I: MonitorObliviousTransfer::next
I: DecryptChosenMessage::next
I: MonitorObliviousTransfer::next
I: ChooserDone::next
I: MonitorObliviousTransfer::next
I: MonitorObliviousTransfer::next
I: InitChooser::next
I: MonitorObliviousTransfer::next
I: RecvConstant::next
D: received message: e1310b58bf8e1b1c292f896f55288fabb405e5d6e00277a6274679b4ad400e7b51046f618d85342ce84520bd0a52a651a0b95b4812533cbd75ad3db3462e87f223cc028722a9ce0e8d26a05a49d1345d7c8739d3c0b157a5512c73f49a416ad9441da0004d9ecd3c342fef20c7fa68038734c71ca6fc12c8bd63880bdaa809adb263fb8816330326aa76064a671c94ccd41f6dc15c7a8195ae6e87d828819d2dcf8e4773a5c4be04c90b75816228b895f34e75d8f6ad6707fddb19c0ae0c43715e2ddc840efce01cb614ee49844a56b7c5497dba9a2ba6a84dd22f520adb8332e14cadeac9f60f2d04bedaa3060d8812df1349d4365ee53408ad91b06462a219b8eed3dbf5217f3b81a952c1a5fa2d4bb8fe0d8633118e728b1b59e39bf01181b3f57ed6e5ad3765af0ab5ee3532ff8932907b3b84532133adc0f16b599ae41b796bca4d99591d19b1a043ce4b4bf146cae8a0f71d51f58bf5973a781f4583349ada9909686863452f96397cfbb4d1eadd1b1ef004be6548ed518ae2a00f4a16
I: MonitorObliviousTransfer::next
I: GeneratePublicKey::next
D:  sending message (size 0.000768 MB)
I: MonitorObliviousTransfer::next
I: SendPublicKey::next
I: MonitorObliviousTransfer::next
I: RecvEncryptedMessages::next
I: MonitorObliviousTransfer::next
I: DecryptChosenMessage::next
I: MonitorObliviousTransfer::next
I: ChooserDone::next
I: MonitorObliviousTransfer::next
I: MonitorObliviousTransfer::next
I: InitChooser::next
I: MonitorObliviousTransfer::next
I: RecvConstant::next
D: received message: 85b4e7f33265670d8d11297ac76f766f626e3705fd861f0685b92e9409e01adc5faf249b344ee02481fae6f8a2202c83ffc70ad1e99007ea7ba8aacd570dbd1d80ab2032daf804af5befd1f46ce2cc06922b36d6f7f76dc69e456c89502ede44535140b30ce0fb74aafe5133651d0c806a26e0766da1d7fce90a67f703ad8117dea3205a441021eda2d9f6aa722c0a8737cd69c100fb9c04682c52ff491c3bed8179e034d63a660cfb63f2174a7674eab42fa8c4c0883e5be8a97589720f80ee37ee260db1a11f6066d7e499297aa2275d78acabc8e40197e4a6a9278643d08b9693f4050971aa4833c494fa29d89612fd19cbce52d8567523bb42089685ea5c8d23e8d0698b1f6707e38363efb06463aff42975b03d508149895df831d9f9d763d634b83e28793de242b3f51759ea92207aea97324581266abd0bc28145313dadddeb28d005124b0de951ac42bf662fc4a45e705cddad6510f4aefe566b476dd6bcbba591649586ad8c9655c9185d4873e680c5ba792aa672ce8d60be34821
I: MonitorObliviousTransfer::next
I: GeneratePublicKey::next
D:  sending message (size 0.000768 MB)
I: MonitorObliviousTransfer::next
I: SendPublicKey::next
I: MonitorObliviousTransfer::next
I: RecvEncryptedMessages::next
I: MonitorObliviousTransfer::next
I: DecryptChosenMessage::next
I: MonitorObliviousTransfer::next
I: ChooserDone::next
I: MonitorObliviousTransfer::next
I: MonitorObliviousTransfer::next
I: InitChooser::next
I: MonitorObliviousTransfer::next
I: RecvConstant::next
D: received message: b727315f3b1b5e08d815289ffc5387b95ff705e2d24f6203961b34cce1cf178a433ee44027e92e02d85c33fa31aa5baaa9b985724cb25ea94a8e310986beb253c702463a3bdfd0e1afa3ced58054d48099182be520254c3f7616a6e81df71df34912d0cd1b475b30ac182b556a695f160e1b846e456e458c25e9da40e78c766824c5d910c186421dc838ef5af6fe5f3967e875b865d2f218d543e94a784b25e880392076fbbe0fd686c93da95ae95a9abc68eec08df4842831d67b615ed33c1aacacb0e3edeafe288f3e985c46c293b278672e509666d5e4dc0916e34aa7e40b10912d5624384bca6f01baad5c19453fc9ee744eff0e29334d8ce6e6a0d221bce5a2cd80ace9dcb9046b873ff675ab3e9c7d7e6a993393db708f7035b79ae988af61144aea182723f4068ceb63961eb39cfcb3c3d209e0fa3b46fcad31ac279c849c2c8b60bd78754b2a761c4f2f9062bc12702c0392b40d3699d8655ef44ed47ee9905bd28f17f60b2f66f0daff99b3ae6b89a09e7602b4157202e100ea4473
I: MonitorObliviousTransfer::next
I: GeneratePublicKey::next
D:  sending message (size 0.000768 MB)
I: MonitorObliviousTransfer::next
I: SendPublicKey::next
I: MonitorObliviousTransfer::next
I: RecvEncryptedMessages::next
I: MonitorObliviousTransfer::next
I: DecryptChosenMessage::next
I: MonitorObliviousTransfer::next
I: ChooserDone::next
I: MonitorObliviousTransfer::next
I: MonitorObliviousTransfer::next
I: InitChooser::next
I: MonitorObliviousTransfer::next
I: RecvConstant::next
D: received message: c35e007898abe5f510f7215ee98f8e7e0837f3c3b6df45cf174722f9c00890833697fc60296655d474a2e6947e04ffa38ad59b0321a90d06221f98e0330583c6e22f1c9645d03585270d88ee93ab6a20e0aab9d7afca0a517819aa063fd821ddd934e957abfcde8f9bfc8185e96f0f744467a687c514be0058e8803e49b4d519d729e1ecdf5e1cb0a000b04f2683d0b414752a447d50cf9c799e67905c0b9ffcad0068c47482b66380ab2a3e4138c5f6eff1dd209dbfd0cdc497ffb60b08893878e1ebb706b894be6b896bd06c92f3d97f5dab92716eef80cc264351556738580823e11c03842b415dd317895477e9272fbf78d3e42a196d8e40d09e1433cf045afc693d2aa32c69bdb5f544c3ca3203bd531d2c40e18a39235e70bfbf14a5cd76d65d61e65fa88d75400ec187f8b7d15fb277befae00c7bba3995be5cd689ab479cd48303dea6eaa28c29cb62085c1db982431f6fef5f2864e991f0ce2d21ae23b52d96a7bab61827e7c237e57b59aa34152a57114f4b9114a679cd2aeb0b72
I: MonitorObliviousTransfer::next
I: GeneratePublicKey::next
D:  sending message (size 0.000768 MB)
I: MonitorObliviousTransfer::next
I: SendPublicKey::next
I: MonitorObliviousTransfer::next
I: RecvEncryptedMessages::next
I: MonitorObliviousTransfer::next
I: DecryptChosenMessage::next
I: MonitorObliviousTransfer::next
I: ChooserDone::next
I: MonitorObliviousTransfer::next
I: MonitorObliviousTransfer::next
I: InitChooser::next
I: MonitorObliviousTransfer::next
I: RecvConstant::next
D: received message: bbb0906f46edfe7934916c7cbf1ec64fb03f19504777fa0a8635e4f225132632c37b75933b98ebfebf2073b4508da5c4cae8f55aecbcb8b93d14fcb93e1a7332a25e8fda7684e114c1a2766256e8ea383894c7ca8f4be892352601cd0a5c1d3169e11b905130eb1b0ef98e17c85e2a87cf6eb95d354b723b2533b040526edaa3b046fef3df3cba2ab96092909806c7f55d82ab8955a93220e27377ad7f212022151b94105d8a0f18e7dae11acd2545ff64a484c291c16fffe2cb9aca8f99edb6332b452947fd974ef909830614d0ab3510bffece0081cbb7a73575d395a12e5f64dec3e7f25e2bed98d23948372220c42ba37831cf81de0ebcacf6a93d6abf6156db60474a257355bcc62b8b44bbdf78ae7370cc08cc20e3516031e8fbbbed52fc53453f8d20df92dfd285a83eaa177d335459dead660574b0e3edb1a96e11755be1bf8c0759252644fa5ec17a8c4118b663308b1d0c8c8278d2494c4b2344cbfc33c68aafaced5867ece8c6d2b9d3b9068a1b51ad0a1241ee40e0ae25a55eed
I: MonitorObliviousTransfer::next
I: GeneratePublicKey::next
D:  sending message (size 0.000768 MB)
I: MonitorObliviousTransfer::next
I: SendPublicKey::next
I: MonitorObliviousTransfer::next
I: RecvEncryptedMessages::next
I: MonitorObliviousTransfer::next
I: DecryptChosenMessage::next
I: MonitorObliviousTransfer::next
I: ChooserDone::next
I: MonitorObliviousTransfer::next
I: MonitorObliviousTransfer::next
I: InitChooser::next
I: MonitorObliviousTransfer::next
I: RecvConstant::next
D: received message: ef77c34e79c8f447019a5e6f0fd0d7a90fa354354d3044f0cdcb30cfc910436d2a3c09bd9ceaab5d3c1a36440b312eeaa59fe14c7713f9bab75727b68d1ba6157eed2f2b0496b634b24ab60696cfba0b88d257dc16e24297e8c8dc4dc8391590fe21b76d767e2c02b0609277df07f6bbe5ff367fca4499959e0f033daf9981bb68e5fda329f85446a3cea02d1703479c0620029395997e202738b188ecc9d184eefd0e1055b8154010ee728704398abd9001188d5198c2d35a2b691c02610298dbc664d17f7d2189b22d0a18b7c28ac5f17979deeb710533c41e66ec8b993c9894b5b9c6818814c75ff47bd0a2bd053776e066600d422cead41cbb70e99430d95db57f6a9125020c68f100e0b17b385468959f9fade62a5bfad07c3ef4e07e55c33d9a86f5d07bf8844ad1692280220cfa2520297178f1d09f3b9fcd5cd327c76d1da2757fb832696da354c96a6c1321f54170b9c76fb91576f3ca2c4e4b2914a54acab9ea187b000918243dfa173afc5420b47e9e06fdc2f3f53b3323fd7d97
I: MonitorObliviousTransfer::next
I: GeneratePublicKey::next
D:  sending message (size 0.000768 MB)
I: MonitorObliviousTransfer::next
I: SendPublicKey::next
I: MonitorObliviousTransfer::next
I: RecvEncryptedMessages::next
I: MonitorObliviousTransfer::next
I: DecryptChosenMessage::next
I: MonitorObliviousTransfer::next
I: ChooserDone::next
I: MonitorObliviousTransfer::next
I: MonitorObliviousTransfer::next
I: InitChooser::next
I: MonitorObliviousTransfer::next
I: RecvConstant::next
D: received message: cd45f04db140569534065febec9156ea3a06c1c5dcca34b61c41f8977fefc1ae1e1c0d157bd0baf502961deb03d8f616045b70059db5fa8cb6e4797cbc61e54cd5e0030ec73c492a212d1518013fdeed3c37118829eb2d3de69246666eb4e4da73da5ab4b1c15c334b84602203c99fed52b68c1dc4f6593f715fd7d878e398f609aff5f330380597da99261b9180ef1b600cf3cdf773903568e2502add622b62b90c94aa8e658bd0e674bf2ddc7ee95f64474666803693852098943f4706536705a54c2f6ae6ec4d0e24beedd26c67a18a340bdeb5720c2a4ac99ca237747daaac3efd9fb8adc4f8d5c888b68bf2eafdd792a359936658d577bd8e2205d579152876296c9f86f14151db82ce20fa8cfa9168f36d51365b5616d55e29bafad9c80ea9758ebe0f9f05771207a40b44f0840c47abbd1c0aa350bb1882749bcdf1196411adefddd8d2931d77305b5f4cacc24498e816b35d8ef4952bfdebd72f97876ad56b37d9c854c1c205d617cb2b391ceecf9bb38601dd2c7f11213ed513bb6e
I: MonitorObliviousTransfer::next
I: GeneratePublicKey::next
D:  sending message (size 0.000768 MB)
I: MonitorObliviousTransfer::next
I: SendPublicKey::next
I: MonitorObliviousTransfer::next
I: RecvEncryptedMessages::next
I: MonitorObliviousTransfer::next
I: DecryptChosenMessage::next
I: MonitorObliviousTransfer::next
I: ChooserDone::next
I: MonitorObliviousTransfer::next
I: MonitorObliviousTransfer::next
I: InitChooser::next
I: MonitorObliviousTransfer::next
I: RecvConstant::next
D: received message: 66fc4904edb387ee0dffa567fd6a51870e4e1121f333f167f8c6c3e2540717c508bd6c9a3a5d78e44c7cb13091ec20a9a1235bcda694d4fb4710e0735d93e5861a5093f150d01d9757a55e55e6515f9112fabae63cf8095678030e40f0b23827784250354a6a8fc7e21afac291b941df0c872a7fa938d496ef403de00ccb4465b6bde0347bd75a446b4a44de1811e2d246cf028b0f8dad2935770628fb68f846b6c6f2d1c77cfb9aec2d16b728be88474ad43c49a368812609a8f439ee03d1846753a6866df29095ea3f5e7ae6e1045ad409b8250298c49d738bbdc52aefd0f2f4cd713ab7a41e26122eda5ad85c8c508b0dd2acde8d5bbbaaf3b9793efdf0b21a839ee615af319c12f6e65a4537a13e837a9efb5e37d55eb304c414a958d179cd12e92f0e010b8784e2a9bc682a9b7ba86b837a6c3c279f271911a88f7a6ba212ca159716e6baa763aab7fde888bc362a434d3a989440fc11b102a16cc50f05e46bb43565102dac20a8fe8916815ca3fcf4d7fbdc1f55811cc1256d0f8e5397
I: MonitorObliviousTransfer::next
I: GeneratePublicKey::next
D:  sending message (size 0.000768 MB)
I: MonitorObliviousTransfer::next
I: SendPublicKey::next
I: MonitorObliviousTransfer::next
I: RecvEncryptedMessages::next
I: MonitorObliviousTransfer::next
I: DecryptChosenMessage::next
I: MonitorObliviousTransfer::next
I: ChooserDone::next
I: MonitorObliviousTransfer::next
I: MonitorObliviousTransfer::next
I: InitChooser::next
I: MonitorObliviousTransfer::next
I: RecvConstant::next
D: received message: dc1dbc95377ffe27338fa73a1f02f094b6b2b4b4fbd1a7f6c08ecede9e6dd703d5af6d4595582d9a64dafe1bfdec569544e632bc3b73b5a997fb0fe98119af0e2dc533635fc8557271837516326dbf1834e54de7f7bb0ef32c9dcdbd50bdb92b0b1a9be33dd0f575b7f4e4d1224fee3674763149e78feca1646d62a87669918ace3f16b3f520ef2264f514e09056453e8be98454d07e0a5fd255f5c25ea6321d7e851daeb6f163bfbd350ec9d29f570f0916ebd02d8f5f260c30c75844d3573d36706889c6939c8ecaffe437ca170a6c40a851671a23dcd2b084cb765ea9b5205edbdfdc64f907406535ed6c4a7310a6c160feeb6d513a678142310644786ca6bde17385d90661c5341e517b7b427cb59d8e1c91006f8c26d5b5963a53595a8e52fdd1fdfb898fa10ec64ca40e002b1c7f2264d5d0611fa3c8e63709a16ddad68f7cb965e4459286aa981b107b652051f256876d39184921c6e62f06ba902f13ccd8e0b4cdfc7c6ff60b4f0b9f99de84023752ebee0a3743e2167add83a04e32
I: MonitorObliviousTransfer::next
I: GeneratePublicKey::next
D:  sending message (size 0.000768 MB)
I: MonitorObliviousTransfer::next
I: SendPublicKey::next
I: MonitorObliviousTransfer::next
I: RecvEncryptedMessages::next
I: MonitorObliviousTransfer::next
I: DecryptChosenMessage::next
I: MonitorObliviousTransfer::next
I: ChooserDone::next
I: MonitorObliviousTransfer::next
I: MonitorObliviousTransfer::next
I: InitChooser::next
I: MonitorObliviousTransfer::next
I: RecvConstant::next
D: received message: ae8569d1435256b804180491b5258b4b2897fcd4b4fbcf4030ce868d198c1a9cf4c7969b6b792da4b190cce97998a1d325925949405f4dffafc0285641d673d085568086b1e1a974ad42ee9dc4b3b509fbd802ec1f2686c191d7f774584b21e6893ecda12510ac1fb5f343113a18ac4484dba32eb2ef34b78a9f5108a05b9deb44ab4ea3ac4026d5474b16293603ada4261f4815753b328299a8ac48bd4562f73a071ed82b04623127e18f4018ac87911ae6dd2f456fd6b632678f4f4cf137d5c275175221a2418c6787b3daf483d07998882f3086d23238d0eb4ecfa52af837a901f4053e7d157b39dedb446f3e311b8d7c1ff000fd5a3886db75a3a977b29bc08129ba2f01cd38f1dc28b17a8cc41fc0e75d5855b3e420b9391cc99e29434dee28385f60c0479cb8da55f4c2bc4e94787347f62d0c8eecdcb15b99e684825161107b4c71a68f3dd55aa44517532676e53c5eb41ef883bf5af5c83bb9ffbcfe73a868e6f8ca68dbe315cd385d048bd3bc07b49847d00064d1b1bdd6e7255ca8
I: MonitorObliviousTransfer::next
I: GeneratePublicKey::next
D:  sending message (size 0.000767 MB)
I: MonitorObliviousTransfer::next
I: SendPublicKey::next
I: MonitorObliviousTransfer::next
I: RecvEncryptedMessages::next
I: MonitorObliviousTransfer::next
I: DecryptChosenMessage::next
I: MonitorObliviousTransfer::next
I: ChooserDone::next
I: MonitorObliviousTransfer::next
I: MonitorObliviousTransfer::next
I: InitChooser::next
I: MonitorObliviousTransfer::next
I: RecvConstant::next
D: received message: 7c54d5f12bb56b1d4e7f010ebea65358242735753f0e7dd6c82c97b95c91e5977fff8aa81e29b6f412c84b012e26511571f91458228601ac323fa714b840160b59fe2ccc72329d809857193cf2e40b10abea93a8252b52d98f1947001c2ac3de70221d1dd3bb7a184d7b0aa7b9b98e8c6742eaf6499620a66d64d3ec3fa007b2ff6eafd85b7aa8c84e6d473a1ffeea72544fbf3dc89f6436988924dd74ba1b89cb784e53641a2b459bcd4cca347870994c0afd47c0fcb72bfca230a0c11d9cadff2d6be9c78ed615290cbd6b4c024dc55490e43b59e3f8bf1afa240e5c0bd18ac28c3d83c44b4e69bdc8821c4ea8cb6986041b618c07452d69d16d14d228ff6a2b0453e17e8729b2460c2303cfb94379b4c0c84fd8e955d53c997aeb28b2c12f19d001477190c9707f265bf7d00136cb8edd80d9e19a145eee6b2d675ec8192b8627d88ee4ac6fd032743a47a34b4733740f7077d3e03aa6e3576891c5b40db98935431dbcc22eb4ecf39e3dd6afb718cb5632279aaf4d4e47df86a4969baf6f
I: MonitorObliviousTransfer::next
I: GeneratePublicKey::next
D:  sending message (size 0.000768 MB)
I: MonitorObliviousTransfer::next
I: SendPublicKey::next
I: MonitorObliviousTransfer::next
I: RecvEncryptedMessages::next
I: MonitorObliviousTransfer::next
I: DecryptChosenMessage::next
I: MonitorObliviousTransfer::next
I: ChooserDone::next
I: MonitorObliviousTransfer::next
I: MonitorObliviousTransfer::next
I: InitChooser::next
I: MonitorObliviousTransfer::next
I: RecvConstant::next
D: received message: 53445bf9f0909e75fa249e878c727f83e73968dfa2b40dce4cea2d804fe6b59a1bdf168d2a1effac11c938ca2e2a8872f7abb56cbf8e5e6a23427de61b42fb3247ab6eb4a136388b0d3b4e1c93f2a5a3d5a2ae5a9591586417a57cfce585ee9a78a3515f4c48aac501bbb58a412db566552b701bb8b9703dcf9fd5a44341a5d69463b3b546414e35d18fe0bc4541afb1539247485b66a23d3a62770d36675d08692d63b244cc5cb7d1513244ceb054da50c441131d236e2e94606c446ad95763d67b91cdbca5359fc128bd561cf1a71b2bc5af9c5108c5f97caba325c19133c671e34a3f58437c849b934e7f8a7748c24a739a83cfd3a6e6171f5eb66bd962607caaa7c1c6ead2d5f3170913d643cbd71656c07e69c61e84dfef13333b4a317e3eb1059b1ee5aa1fbe2ed8b0db850ccf3643d24998cda57fbb3d07d079c8a6a5090a377fa29281107508d2a37ad86e37f19b62c1283dedc1fb215c8320ac80dae4b19f516c653f1e60622a119d9dc0c84fd745208f6f641d6e21ff719fea9ebf
I: MonitorObliviousTransfer::next
I: GeneratePublicKey::next
D:  sending message (size 0.000768 MB)
I: MonitorObliviousTransfer::next
I: SendPublicKey::next
I: MonitorObliviousTransfer::next
I: RecvEncryptedMessages::next
I: MonitorObliviousTransfer::next
I: DecryptChosenMessage::next
I: MonitorObliviousTransfer::next
I: ChooserDone::next
I: MonitorObliviousTransfer::next
I: MonitorObliviousTransfer::next
I: InitChooser::next
I: MonitorObliviousTransfer::next
I: RecvConstant::next
D: received message: e09773d437407328455f9d31db9217b4ea21e6ac1c8ea7f1275b3c77c0c0ac6273f00102119cf011dfef7fbd5538fa08ae7191d21d6aadf3f957e9e692123757f28a8be3b39ac682fa471187a1454a17ae071d8711eec5e75d08bf35040f60cd463d8c2af39d30a3aa000341365d115b31714f637ed1eb7201fe7552eef194987f99c00e79406ab07b32e181e02466a44dc7678ad4350bb08542ab4d578e963b0c53c0aea5540a41ec67eb40a3e17c6cdb4761d4ee744b54d1b20fc2f68fda356b9d21d40167a5b5bf267d6689520277a5efea3a8602ea8217a2fd49b47733b0776595dca1947725838d6a9e0d5c6ed39606324561a623d83cb2dc0fee98612a87cd54650469342a856103fd8c451138f78d05b96e8b8f08e5b6dfc54874a1c79e0e23da00ae00162f03ba4ddd221e92839132c0406a8713b68a860cfb8fd56001f1258e973d6cc9352f2002686161235d58238125e0674e48b4876cdf079d722cbaf80303df740db294747454a7e59298d65f16083ed48c223c81c047fd248f
I: MonitorObliviousTransfer::next
I: GeneratePublicKey::next
D:  sending message (size 0.000768 MB)
I: MonitorObliviousTransfer::next
I: SendPublicKey::next
I: MonitorObliviousTransfer::next
I: RecvEncryptedMessages::next
I: MonitorObliviousTransfer::next
I: DecryptChosenMessage::next
I: MonitorObliviousTransfer::next
I: ChooserDone::next
I: MonitorObliviousTransfer::next
I: MonitorObliviousTransfer::next
I: InitChooser::next
I: MonitorObliviousTransfer::next
I: RecvConstant::next
D: received message: ccaebe2b81d979bb9328abccb26a1c225e5ab5690ce5d7e14df0dedd81895a6e323c6934d865df2e39ac7ec5fa5fd74cccbd65ddc31db7f36666a9614b102fe0b170455007fade29572713996077ba33d39affd6c3cbd59210a6407d5de46bca1015a93f8e9cdb05ab5ce42d061397ce3e7a26cf3d933e9cce438eb3245752b27821c365c077431d2163c8f9e6cc29db94e2ad5a579bea261272db821d5aad3b1b541771caaeba9657a2572be0202a178e91010084561d71cf874788f51d9313e09834d94fce2601c67f421203784d2c14c097e213a431182ce8f71134a475305aa119d400c61eacadc90093a0981b63222898fb61e0b6a8ea5f9a54f63dd1b38a0a2a2657c68c014cb4a5f1d95c3eb5602bfb8b816481d6bf0ad13a4ff71b451798e892829154877c5ecfe7e8e04c536a652d5ecfb6616978eabf672be63bdb998bd666912dd34e0fba762e94739856b10310226a07364c90d5df2f0e6dc628ab99c9ad6b978b444c9b492292232eb18733e91792257e187dad5658930d83a8
I: MonitorObliviousTransfer::next
I: GeneratePublicKey::next
D:  sending message (size 0.000768 MB)
I: MonitorObliviousTransfer::next
I: SendPublicKey::next
I: MonitorObliviousTransfer::next
I: RecvEncryptedMessages::next
I: MonitorObliviousTransfer::next
I: DecryptChosenMessage::next
I: MonitorObliviousTransfer::next
I: ChooserDone::next
I: MonitorObliviousTransfer::next
I: MonitorObliviousTransfer::next
I: InitChooser::next
I: MonitorObliviousTransfer::next
I: RecvConstant::next
D: received message: a3ccfe396f2eb3c6c94eaac33ec84a8ba5b863be8b7fdd2a7f3e6bc4b552faf5a6c4271e51f7f79c97aee83cceba7f824f38b8c91eaad53fcb46eecc5fd91ac2055fa22f0566430d9ccaf9586757057816578c3d158f9a8aec83582bacfae984b02d4e623a789fe97f5f4aacb9b00c73d3c631cf852be1aa223443e75b59e1d639dafc060110f2334a79dc5606d07b69b47002f6ebe114dd99cd298db268eafc5ad418cc2cea116323094ba4f6258a4cd3d3e8aa9e08b667eecfe467cdb049efd4752cac1ed2753be43d9d88d853931b661c665cd873b85b8da5a64f045b6e5df3595257ca0371df97aabf51f60a1326a5a8bf41a8a8a655b02a886bb8b2f2db02250f9dcc815f53814aaba13215af5d6fcc55f541bfc307b34dcd2eb4e38daa492b74386630832a040ef352ab073e7e027021fd09f5c8fd09fc5b1467de0951167effea1f4c2c6d4f7b923347e3f842848420007316c87442d468f0e8c26c7e2f9c275225111bd21ec41d79aade85366fd73b398e4674d0df6b9bca6087f65a
I: MonitorObliviousTransfer::next
I: GeneratePublicKey::next
D:  sending message (size 0.000768 MB)
I: MonitorObliviousTransfer::next
I: SendPublicKey::next
I: MonitorObliviousTransfer::next
I: RecvEncryptedMessages::next
I: MonitorObliviousTransfer::next
I: DecryptChosenMessage::next
I: MonitorObliviousTransfer::next
I: ChooserDone::next
I: MonitorObliviousTransfer::next
I: MonitorObliviousTransfer::next
I: InitChooser::next
I: MonitorObliviousTransfer::next
I: RecvConstant::next
D: received message: 485967141c0f072921f2b39cba0045bdfddf044d1ee636a502c371a415e4ba28207c5efb6dac8a75d2e3f3714fc02d91c74e4f158d68808a923bd5f776ea70fcc934a02dd1fecacfde0f8206ef91de2488552e563899976e25bc8c3c05d238c7e8c2f3bf11420a10adc81ba703522c9a0f4ee3b941afd053e3210aced586c01ba50185267463a480ff6ffca0009dc0516b48ecb769fc0bb143f2c6843edbe999ec43690b33472e65dbd55d4c3ac91a672d07fba6710f467507ba546c1f3150278c11215b7e6d99fee7e3449e76b16f505678b756327da1c87e2d878152e9e1722857274558ef6d1d25b7c64864f4f3abc4fc4b3596a331c36d552448cb76ee7a2a87d092e897a0f32f3f0fb281b63bffc4674a7d52348fd5085508b39734aa052deebf02a3a9dc74802e157a228736c8a9e4e75e17d57d1f2f74ad73345f4ce64cf0dc635350e4fc31636d3086cd79bbffe539fe42effdd2d6bbc3151b3836ee27d1e318113d60769728f03389e970336e9ce9d9337f1464cd3aefc9d392e928
I: MonitorObliviousTransfer::next
I: GeneratePublicKey::next
D:  sending message (size 0.000768 MB)
I: MonitorObliviousTransfer::next
I: SendPublicKey::next
I: MonitorObliviousTransfer::next
I: RecvEncryptedMessages::next
I: MonitorObliviousTransfer::next
I: DecryptChosenMessage::next
I: MonitorObliviousTransfer::next
I: ChooserDone::next
I: MonitorObliviousTransfer::next
I: MonitorObliviousTransfer::next
I: InitChooser::next
I: MonitorObliviousTransfer::next
I: RecvConstant::next
D: received message: 97e32b0450b922a78c00521fa1c5682835df598c457872004ebed693ddf44a1eee0679881f373ba7f5294d6dd14b05bbc81952eba475175129a097f8b6b01b8aa9608c3c2624fb4444a9bae8ec1cfce3f452d182d41f04c9dda7fecd0db2ed0264db024208e8b2b9bdf549e70aeebdb20d3191a8004456b4316f8ddbe0ea9949a4a564c44cbc57ead897c18d3e5fb70ffe5f4d7857b118bb4a4d24d47e67cf3b492f3635dc76346f13cca12ca6360218217e957ee9c5b2b535b11ece520ef7c0e6482d98dbf804bb7b1ac9637928f1f69b24def7fc59619d93bc7c6f05bea2ddcdb66c4317d05491fda031c768a6f2b8a44a693207da5efdb163e4b36c55b0ae9c429ac8c03d226df37d1db82d6ec02ac8b3e242549daf2c860cf5490c5dded44e28867578c9c06bbff218560eee2bcb6886cfd59c36005a7de9733f313d868015505ccd02885cba82e474dbced3ad7a571e9d161d81405b3af1ee869acf41022a9073159d7c3bef2fcc3587e2a01e470efd78f0b982c23d5982a636558d9306
I: MonitorObliviousTransfer::next
I: GeneratePublicKey::next
D:  sending message (size 0.000768 MB)
I: MonitorObliviousTransfer::next
I: SendPublicKey::next
I: MonitorObliviousTransfer::next
I: RecvEncryptedMessages::next
I: MonitorObliviousTransfer::next
I: DecryptChosenMessage::next
I: MonitorObliviousTransfer::next
I: ChooserDone::next
I: MonitorObliviousTransfer::next
I: MonitorObliviousTransfer::next
I: EvaluateCircuit::next
D:   evaluating gate 10000
D:   evaluating gate 20000
D:   evaluating gate 30000
D:   evaluating gate 40000
D:  sending message (size 0.000001 MB)
I: SendOutputBit::next
I: ==== round duration: 560780.812500 ms ====
I: CopyMonitorStateLabels::next
I: RecvGarbledGates::next
I: RecvSystemInputLabels::next
I: RecvFlagBitLabels::next
I: EvaluateCircuit::next
D:   evaluating gate 10000
D:   evaluating gate 20000
D:   evaluating gate 30000
D:   evaluating gate 40000
D:  sending message (size 0.000001 MB)
I: SendOutputBit::next
I: ==== round duration: 576613.500000 ms ====
I: FaultObserved::next
I: MonitorDone::next
