I: parsing spec file timekeeper+.v...
skipping synthesis, BLIF file already exists.
I: parsing BLIF file synth.blif...
D: inputs and outputs parsed.
D: circuit initialized.
D: connections (#738) parsed.
D: gates (#7056) parsed.
D: outputs: 7640 7643 7646 7649 7652 7655 7658 7661 7664 7667 7670 7673 7676 7679 7682 7685 7688 7691 7694 7697 7700 7703 7706 7709 7712 7715 7718 7721 7724 7727 7730 7732 7638 
D: circuit size: 7733
D: adding identity gates for outputs...
D: outputs after identity: 7766 7767 7768 7769 7770 7771 7772 7773 7774 7775 7776 7777 7778 7779 7780 7781 7782 7783 7784 7785 7786 7787 7788 7789 7790 7791 7792 7793 7794 7795 7796 7797 7798 
D: circuit size after identity: 7799
I: initializing safe primes...
I: using prime modulus 5809605995369958062791915965639201402176612226902900533702900882779736177890990861472094774477339581147373410185646378328043729800750470098210924487866935059164371588168047540943981644516632755067501626434556398193186628990071248660819361205119793693985433297036118232914410171876807536457391277857011849897410207519105333355801121109356897459426271845471397952675959440793493071628394122780510124618488232602464649876850458861245784240929258426287699705312584509625419513463605155428017165714465363094021609290561084025893662561222573202082865797821865270991145082200656978177192827024538990239969175546190770645685893438011714430426409338676314743571154537142031573004276428701433036381801705308659830751190352946025482059931306571004727362479688415574702596946457770284148435989129632853918392117997472632693078113129886487399347796982772784615865232621289656944284216824611318709764535152507354116344703769998514148343807
D:  sending message (size 0.000004 MB)
I: InitMonitor::next
I: GenerateDriverLabels::next
D:   driver labels generated in 54993.488281 ms
I: GenerateInWireKeys::next
D:   in-wire keys generated in 3664.827393 ms
D: SendLabels::message
D:   generating in-wire labels for 7127 gates
D:   in-wire labels generated in 94336.882812 ms
D:  gateCount: 7127
D:  sending message (size 16.956540 MB)
I: SendLabels::next
I: RecvGarbledGates::next
I: RecvSystemInputLabels::next
I: RecvFlagBitLabels::next
I: MonitorObliviousTransfer::next
I: InitChooser::next
I: MonitorObliviousTransfer::next
I: RecvConstant::next
D: received message: b1c40fc12227c8f62e053d25bf284cc3e59888048398c795a8fbdba91a77e4906fa87414990b114b50c34f937a21339b2bd4fe2dd39f74f32e4be55db3cf84e487cb564db8ee3b5ccf31fd4c96f36d640b7626be725fcfd3b5cf354b6614f95bbcdec359388d9708bbb47c04590eeeff190c9aa528e3007c9f74383b68397abef552c5f855f06bb0e9c31aa5467d34b071e81f288b1c04d2736c163307bc436d9fcb66d5e06dc549ed58f4e5625074500feae19dfeae07aeff9e72860f5f1868ba6df153c7fa0cbc4d81cfd48d88baf169780c066055453b995be4aca37340fe7d6ec4a6d4d9940254335a618d0758d4ba9ad3d04db595ce5e339990e00fe0f6e0c70c719b5c5cedfbdb2ae2b20cb18935c916028318204c685767a7334d5fb69d81672f6cf4231e95cfd78eb2df73280aa849638100ff1238d99b2d05c42f8e4964b229d0ef611e47e6296c0088a0721b3274da23248171e68c953eb033af91c934df45b9caec0c622c98bf82af249b7b5eb0ffe9e080be63d76efe5807c982
I: MonitorObliviousTransfer::next
I: GeneratePublicKey::next
D:  sending message (size 0.000768 MB)
I: MonitorObliviousTransfer::next
I: SendPublicKey::next
I: MonitorObliviousTransfer::next
I: RecvEncryptedMessages::next
I: MonitorObliviousTransfer::next
I: DecryptChosenMessage::next
I: MonitorObliviousTransfer::next
I: ChooserDone::next
I: MonitorObliviousTransfer::next
I: MonitorObliviousTransfer::next
I: InitChooser::next
I: MonitorObliviousTransfer::next
I: RecvConstant::next
D: received message: 9496c29f643caf2c6e51ac44a8185558a6eae64defb129b55a0e38e30fad69dbb57894925128cb08b2fef4c0e4bf6917a786b252f904ec67e6d571ca4b1a2417a4603c24aa956bbd9bef1a4ed438843de5a94a1d0c4071c44804afe4345b9f4439ad80c263243c7c29e37191b9c6cdd50f0422462f052ebec6dc3a707016fa0d2a2ccc8b880180ce0f6b910f3b72168b8fd94555e9a8ecf7477fa836f0217e919c82027c0e6266675ee5276f09dd4e608392cc74dfe08abd566f00d5386756f994a2d9a2551c962b01d288d1febb945317d75592649d975414e6c5bb97977aeffb01601a1319a8eeb039123f3a9811b233ce5645e8cf5e165ccf407739e205cd2d0bc4239b4c6fee9f762ff284cb87004ddbd5354af188b59328e9cb59602d35d133a39ce93c15e59b8a63580514fe93473f58ede09cdc8e1f67ea783c76a1a83d56c95db62f2910bf825d93f9e50016dc366ac1cb19898f66850455295f37d2e38cd2bcefe90eb45343479bb9c8d3cbb31c85cb4279aac0842a92b93692104e
I: MonitorObliviousTransfer::next
I: GeneratePublicKey::next
D:  sending message (size 0.000768 MB)
I: MonitorObliviousTransfer::next
I: SendPublicKey::next
I: MonitorObliviousTransfer::next
I: RecvEncryptedMessages::next
I: MonitorObliviousTransfer::next
I: DecryptChosenMessage::next
I: MonitorObliviousTransfer::next
I: ChooserDone::next
I: MonitorObliviousTransfer::next
I: MonitorObliviousTransfer::next
I: InitChooser::next
I: MonitorObliviousTransfer::next
I: RecvConstant::next
D: received message: af00ca620f6f8134e559e0a2e907aef98a9fc2047d2c493d308672043c3f486287ace666a44c90403f8ae9b84f209b33d4220151ea4c504064de3716a734a4d4684ca7a6d78850d0cecf2d4e3c97bf1e34169e59cc813d302c87fa7ce8daa833abb8985786c94401ba1898446bcd4a55b8b36805bcef2ea82fedf78a1a85fee38e4d7054c430a9603ef8487cfc23c98f54e16a5d8564971b87c9e15c4d826c7ac429aa55559d6a060b620d731d5fad0b2025b9136967a530f5905e42be9c9d5a5f77ae2fbe97a9f5387dfaff980da315e0a2292dd37a9fd8bd69ce5c0ca300b89336a8b92c536b538c38eb99c57d242513f774d73ce2b6c9da3d4fb266e0c7d69265a8da6fb3478a7f8920981e8d1ab717eeb8ae8048f4f2c28ad17c61039e4d00ba37380d651933c5d4c70b239da1d2a4f93e4d4bb9c18c3d98f016f05c2f9a6ae6fe374e8de17d2c27574bf520e4a92acb1b42129f73390f72d13f1f5d786acf302c9d6483dba283450a34cefc948e9e0394b6c046a2944b97800b91dc2b9e
I: MonitorObliviousTransfer::next
I: GeneratePublicKey::next
D:  sending message (size 0.000768 MB)
I: MonitorObliviousTransfer::next
I: SendPublicKey::next
I: MonitorObliviousTransfer::next
I: RecvEncryptedMessages::next
I: MonitorObliviousTransfer::next
I: DecryptChosenMessage::next
I: MonitorObliviousTransfer::next
I: ChooserDone::next
I: MonitorObliviousTransfer::next
I: MonitorObliviousTransfer::next
I: InitChooser::next
I: MonitorObliviousTransfer::next
I: RecvConstant::next
D: received message: afa1355e15738b11422d99dd6e9233f55c722f07392ad08d1c4035f9403ecc49b64fc90779b98fbc7ea29453de11693b156be95976332f560e0dcef3023e5a84f03e076d0b96e0dbdb211b91d7322b413118aa8adef4bfdbe7318040400ed44a9bda4c93a5ca1662f6d0fb8f8e0f4fd21fd43e884000cd502d49eca4847fa0de3ef2eadff0b58e44673a20d50e4fa854fd3026815982dcccf30ef6db61b14758de3a817962ea065e5e3beed7c6ff261623b9f40de2462090356d0fd07b1da70087bc3cb8079ab9d157abc77975fa72c1f37c294613cbebeeda7408b7469211f7fd38c9eed94d7c211c7b60c655aea62f9b65b01fbeb368a5f6bfb437d29a56f0c1550a30732a48a389136727302e3eabe41867c4ec16683652046b38ab967db562bbc59a9f93c2fdd5a871a20ad5305843ab38febe5bb6d00bb2844f288600e2fada189022c81c4df58dd4bee76e88988358c0390ef1cfa16c36834928d01bd299f0f6541abed98d9c9f02e50453af6249a4c37a6ffca4c509af1cda4ead915a
I: MonitorObliviousTransfer::next
I: GeneratePublicKey::next
D:  sending message (size 0.000768 MB)
I: MonitorObliviousTransfer::next
I: SendPublicKey::next
I: MonitorObliviousTransfer::next
I: RecvEncryptedMessages::next
I: MonitorObliviousTransfer::next
I: DecryptChosenMessage::next
I: MonitorObliviousTransfer::next
I: ChooserDone::next
I: MonitorObliviousTransfer::next
I: MonitorObliviousTransfer::next
I: InitChooser::next
I: MonitorObliviousTransfer::next
I: RecvConstant::next
D: received message: ce440dafbc3c8fcfaeef718170dd16b91cfad05bfb076485a75856941fb561cb5ed91a1505f21a849b22482825083c06dea979ff57ec757883c66b07e3351784b869d72488a027637c9b7e76b8c8af765c47474820c193a51cdbbda8037571dbeace4599a16910adc1e15b07b029d5ad69e7c1d9e1521575adfbe71ea267af6a1b45f716971e30d21bdbabe68627bb9ace112f5faad5f15004df36fee932cd9ae558975dc5f08471104f103758b0bc6216c6b2b88aaefb61d26dd9f6b77c9bbf4275b49f91ff79e39c64f24ab2fce514c9484b3898d3064df7d182904c879f5a4f34338802918ffd4750f6dce7726b5add1afa3cd5475cd6e7aeea63cfcac87b675ee2d1ce0d02e8a0ba06dc1aa9a8845c516719228027d7eaf766424ff52790d089d673f0ac7261f78bdf47c0b21143039894592e05bed053be7bc4411d22960d7582cbd75acb3b0a7a422ad48563bb9cccd3bf3b10ab38e42872036ba8ac80b5eda183e6d48f7b425b3fa24cd39763d6f3ba57fa948f1bd308700c705ce2bf
I: MonitorObliviousTransfer::next
I: GeneratePublicKey::next
D:  sending message (size 0.000768 MB)
I: MonitorObliviousTransfer::next
I: SendPublicKey::next
I: MonitorObliviousTransfer::next
I: RecvEncryptedMessages::next
I: MonitorObliviousTransfer::next
I: DecryptChosenMessage::next
I: MonitorObliviousTransfer::next
I: ChooserDone::next
I: MonitorObliviousTransfer::next
I: MonitorObliviousTransfer::next
I: InitChooser::next
I: MonitorObliviousTransfer::next
I: RecvConstant::next
D: received message: b7bf5c78fac2cc03893bedbc4446b115a415f94a97b13d596413fe82f5b0ad3f61413f73c22556993972e89ebd87ebd0fd4770b01a19787ba68c0dc1050e46258132a974187c99e9425a62ea59ce180f75993a0127ee10da8c4e792a6eaad37c5bd7f1a9855c25cd6bce03550219099cc5a9571013769760d5dc13f3a567f7076c24b7dab7acf79a3a93490d2da29cd9411a2953d580abcabd7ea91d0b654d3a0721374fc88cc05573db054d60025205b07db8c5bd5c2af7c4a597bf13acb49d3d7e5e54e0f856901777e523aca3e762947304d6302e8fe0eab74e9a6b7f9e687facc0430274c526100b609833396a7ec3b03ecd878aa5444c76f980a1ab83c1ee4df08f0d765a35fe5be4ed2516e7ac264d3de1253e713b374f105dd7041d4fe3b49b5bf67899136c6874ba50e1ad53dab0a0228a8a8ad83fe3e412819fa1deb6bb327b83dd9d71a903aac1a3908214d02156d0e043a932cd8939588691408669cddbaa562e695e8d94dd9c04b194cc483fae51b5b1a1ef3112af8d4158917b
I: MonitorObliviousTransfer::next
I: GeneratePublicKey::next
D:  sending message (size 0.000768 MB)
I: MonitorObliviousTransfer::next
I: SendPublicKey::next
I: MonitorObliviousTransfer::next
I: RecvEncryptedMessages::next
I: MonitorObliviousTransfer::next
I: DecryptChosenMessage::next
I: MonitorObliviousTransfer::next
I: ChooserDone::next
I: MonitorObliviousTransfer::next
I: MonitorObliviousTransfer::next
I: InitChooser::next
I: MonitorObliviousTransfer::next
I: RecvConstant::next
D: received message: 639427c646b9b013925f1070bb80b25f3a1d9d8150c70e32562f76a02a4462bb4f024c02e84301a3200722e26111fd078b56d7e6491edcfd652bf7a766a2c815abe346e8bd12ee1c47513ab13e72a7ae6fb1fb2c8c9dc83d78075bce6f070636ef7c9d09472395e6bf0d355c55b71bd4e632cf61d0d8333adade88d7d733b44480adc49c36243a57c348b596294171a687f6e5afe494566f99251a5e10121f945864a2be9d476bdae250d57d4a2747c08819626598192b867c1ef1e113800ebd23fa16161b3b9167443fe74130a6c395d3a4021e17518f1e3f9bb8bde39165b1256ef12f92b85627c49ec0d4d785122b12058d7e69da2133aad366e676384c97279c4946a5433c681e3a774ea139e1a690cd98028b4b6a1ae6d6f96b4de043aabd6c80f10875055d5cd2ef04f9184f5dce4e4518be9aa04856103e85d3aad0e6975fd321cca175b6e9e39ec34b8fdc3a428edb5c9bc51b19fd142a174a031f4c0ad9a2a5c41926f5f4be45a96304244d4954d3e7964f960f42110202e0f28857
I: MonitorObliviousTransfer::next
I: GeneratePublicKey::next
D:  sending message (size 0.000768 MB)
I: MonitorObliviousTransfer::next
I: SendPublicKey::next
I: MonitorObliviousTransfer::next
I: RecvEncryptedMessages::next
I: MonitorObliviousTransfer::next
I: DecryptChosenMessage::next
I: MonitorObliviousTransfer::next
I: ChooserDone::next
I: MonitorObliviousTransfer::next
I: MonitorObliviousTransfer::next
I: InitChooser::next
I: MonitorObliviousTransfer::next
I: RecvConstant::next
D: received message: de9d216e3497ac448c55b544db6fc6adaa6888c3f4f696e0c8f8bde004f9f81270121c2b719d6522df7e96713deb1324f249dad319b82687ba80daa302a54a778811f0e379b69babc818ba80b0f8672117fb573e0f37c1657691befdd634661108aec4615fed40f5a22d5fc64400394da779c62f11f2c9c37490ee27403e36923434e743fa936fcd1fba2bc74b930293acaca09a13dc6e02e334705c278c0600769659c9b530625913c69c5f4741864298ef6d26818d846eaade27bd7061be2191c1d29d994339776c2cb1ddce9f39077c281eb235bdb69e4d167f8120566201bca927575f1458f14235606dbed1b4a2a2019c05b1f9398a432acc464a9cbb10aa66fa41ef67d14041a41e3d08c5518e126f785edaffddd3c970c078918c836cb542644484afa0a4f57f16c4dc7a0c82cec167b72514a10465b0ea16dd8616a01b9b20c08d8e172d4a31414dbaef449a910d3ff8ec63c7f5a6ae2137e75734bd047a1acc263a15b2f88659c3e76f297ad70ab602015ba81c3e8618124d52bf6c
I: MonitorObliviousTransfer::next
I: GeneratePublicKey::next
D:  sending message (size 0.000768 MB)
I: MonitorObliviousTransfer::next
I: SendPublicKey::next
I: MonitorObliviousTransfer::next
I: RecvEncryptedMessages::next
I: MonitorObliviousTransfer::next
I: DecryptChosenMessage::next
I: MonitorObliviousTransfer::next
I: ChooserDone::next
I: MonitorObliviousTransfer::next
I: MonitorObliviousTransfer::next
I: InitChooser::next
I: MonitorObliviousTransfer::next
I: RecvConstant::next
D: received message: d2865d1ff2f59b11a1f1bf5df41388607da1f358162f6fd7a1bd68a553f5642b348e7f975c039448b8a093750fef6ef241817cf4c6b8d0350ede1dec1b6a6c20ac6d7c4460ebec1a40147802f1ed4030618602b361b2346c0f5a52290b92d6a20f3e3b5080babce1dbd7a3c0fdae4a1a9be4fece9628ca5516b6e15188ac8e15f2738b0392cc1551082554c4c19309c4256a0beb0e1c7fe8545856424ef0a90d201c6394fe283aef7acefb1683f1188e9f5cd31c9616e80f7b05c3c5b48dae6d542f5e724661c63f129e3aab4f8d8ca91d72572ae042b6b41adbd94f0d4407cd3f44563a1768c4e11bda38987b733cdd4edc37008aa57f703d44ae83420a225f1ba0b78dd41ae1472a5bab0b190b5391f2e46f8a3f3ae51806eb696d97609ecac6f077e25c0ed38a543c6be751f41860b86bdaab2dd4eba5187e1d67bde0a97d2e0100e9c62accbb933a32d6ff6f0350113e2ffdbfc21b866747918c3bb9034143564beddd1a29e4ea2b8468fc4a3230dbfa7954893e7e649f5e664fe74cd30e
I: MonitorObliviousTransfer::next
I: GeneratePublicKey::next
D:  sending message (size 0.000768 MB)
I: MonitorObliviousTransfer::next
I: SendPublicKey::next
I: MonitorObliviousTransfer::next
I: RecvEncryptedMessages::next
I: MonitorObliviousTransfer::next
I: DecryptChosenMessage::next
I: MonitorObliviousTransfer::next
I: ChooserDone::next
I: MonitorObliviousTransfer::next
I: MonitorObliviousTransfer::next
I: InitChooser::next
I: MonitorObliviousTransfer::next
I: RecvConstant::next
D: received message: 3a0f1efa121f6879e0cdda0ba563f7a5dd74a4a354f93f7c668726d6bea938e00dcc3c695d9d1e2edfbbb3e06552273695c0287392be04ec27dd973888b33118b31e2f2a335c8d5f441427c5279a508215eca71b9be31475ef272e989d4091a322b2dc95680e6fcf2ffa03931d27f343b0139b5a65c3882ed1bed2992822316a23a8fe5e89f2c18af406721e03a80a39b6bf858ce28b9328b246f16423783cf85e19d2e3fd359f752c95fb136e0d938e4263117037f76ee3568dde6792ee8f0496d802b92f59c7f8e02996d49971787e4577afc36539cbdaf640b64c0dcf78ac53e8f521c44649e98f553fe717816034054668094db60a26fda8628849a83de58c9f4893acd6aa3d2b30b3a4acd2e04a0e070d11ba30f126897aa55519c73dde71bd49a45627c59e15485956fc1e6171745281a77df84f5d7836d6ec83eeecfd0fef19378ec8789d21d45969c59c98dbd1c6d74667b3149aa28d714499efd14f6a3e4fae958667d432e4d21a5b96270deba9552756f0a6a3478c9c3c787ae2c0
I: MonitorObliviousTransfer::next
I: GeneratePublicKey::next
D:  sending message (size 0.000768 MB)
I: MonitorObliviousTransfer::next
I: SendPublicKey::next
I: MonitorObliviousTransfer::next
I: RecvEncryptedMessages::next
I: MonitorObliviousTransfer::next
I: DecryptChosenMessage::next
I: MonitorObliviousTransfer::next
I: ChooserDone::next
I: MonitorObliviousTransfer::next
I: MonitorObliviousTransfer::next
I: InitChooser::next
I: MonitorObliviousTransfer::next
I: RecvConstant::next
D: received message: bae4aea8bbd6b0f8bfd2399a565b1bd4520a5d109db50efaaf2d919a15b0d80827e8431af80f646aee1af6c4a9bc8eca635b38259aff48104b700daeb567e75278866e1eb2d6db81b21d55f055a5598a6ae41c49601d659d7b910b24ed1223a152209bd4583b1ed530900290967e5594f110600d190bbc01cb8aa283e5376e85408615e9ece8d8429780f971a32601bbb0da2fdb498825e9f020715f66635ec85c72f9e31a2b4b42f6356ec70c82842069acb4e0dd182411f825b4fb9beae38e9a1dbf151836acdca7669cf9b6bbabdc16b3358f03394affdff91fb6c33ebb9c6bf400f20d31cf167a6ebf1900f6879b873366b53d5a880ee82955d672f2fb385356cc8f575da2ee1784447f04078afceae1fd14b836b830c6a2c2f5222d9cc5cdb53c0bb31db95cfb1448a929b31c99be1ae54a2a093dc00230cb6fb5438ec9e6c2473c7f5c772aa38cc5f8165cc95432f86af4ec62698b708fc72563aa2671edd496e880a4bc100462c1ac5be7f07cf87bbf77063a02baf30dd710cb62f82b
I: MonitorObliviousTransfer::next
I: GeneratePublicKey::next
D:  sending message (size 0.000768 MB)
I: MonitorObliviousTransfer::next
I: SendPublicKey::next
I: MonitorObliviousTransfer::next
I: RecvEncryptedMessages::next
I: MonitorObliviousTransfer::next
I: DecryptChosenMessage::next
I: MonitorObliviousTransfer::next
I: ChooserDone::next
I: MonitorObliviousTransfer::next
I: MonitorObliviousTransfer::next
I: InitChooser::next
I: MonitorObliviousTransfer::next
I: RecvConstant::next
D: received message: c361bcfec988528fa0ec81a4eab959369706ce0fc2639b21a44479686d2f654143a77432a60ecbca5c85500499fc9107ca6c4a28f3824db1f3c467da960a0ab99afdac67164152924d9ffcd340a3dbbe20835081fdec9ef4c026f32bececf4b00c8ffbe97dcac19aad0b392227abde07b786b5423889bb6cab56514a0db7ac1f8c84835638edc68d3b11dbf7deeae63fd1156678cb79f2e55ac211b2421fdae3639f3350a9f41a9d18de2e7a8bb3f7b6251d29bea26f3dd5578b5cba2ae750378a035c70c638bfb47d1f686dbbc400d43427bd15c4976ee3de5bd64b3071606e040b10837796a806e62f7df942a9db84667a9ea0390870f2d12a2773d1dca453892782e24686133c9c8be8097793b4a924b0d3f53235fa96727103fcd31fb2de3e2716a84babba59c4ea23caf113edbc29bdef84e577e16fb0999876d6769ecae9d879f7be4894c3f2360ef816a184cc5e039b1f282fc3531b5782aee2c5281f5c8f4ec876ff36c4d2d7574f24270ac3970d6b6037e3baad265ed6d6676c9a85
I: MonitorObliviousTransfer::next
I: GeneratePublicKey::next
D:  sending message (size 0.000768 MB)
I: MonitorObliviousTransfer::next
I: SendPublicKey::next
I: MonitorObliviousTransfer::next
I: RecvEncryptedMessages::next
I: MonitorObliviousTransfer::next
I: DecryptChosenMessage::next
I: MonitorObliviousTransfer::next
I: ChooserDone::next
I: MonitorObliviousTransfer::next
I: MonitorObliviousTransfer::next
I: InitChooser::next
I: MonitorObliviousTransfer::next
I: RecvConstant::next
D: received message: b4da46e0bc7d38828120bec1b174e8684f286075632d5b327ddd0e5dd415a1af39fb826d4741043d53e9cf666adfafe45dff0e509907dac94b80bc66334f4f1468b4d455aeec9b7fb729de14ebc2aa9e719dac755c050f76db66c003cecc8b5dbd671b95d22668514e0f170282f6f8b9ad22b16aff25d18b11bb763aaa79c29a4ac8b519c808e0c2bb24d90c49277d138454ea3e7fdead5196a7ef08eb3760b3a8fffb7169a0b369f356782c8fad62991fe84dd111d6eea398ba3ddd6ab6ce7e0d46f4aca68280c629dae4df48ae10443c764ae74a599c7170aebca55edcb9de4ec18752c41e92eadd09ad863e4c0ba4565df37d68e68ab5e6471d91c1095720544513200cb4821b16b5640d4f8871b4b0d4d78e6cd04db08e614a3841887ee4d6b08340ab67e1cc9f83b6bbe7b72786da8ad110c81cb3f82baf80cb00293e22a2dac79c58a4a1f1508c3fdf0736e00ea34c267bacff0fe3bd5427028b2c7e73338d46e3b65630d4ff50da0d0e67491e4e59e4696ae84e770f3e8b6cb1035af2
I: MonitorObliviousTransfer::next
I: GeneratePublicKey::next
D:  sending message (size 0.000768 MB)
I: MonitorObliviousTransfer::next
I: SendPublicKey::next
I: MonitorObliviousTransfer::next
I: RecvEncryptedMessages::next
I: MonitorObliviousTransfer::next
I: DecryptChosenMessage::next
I: MonitorObliviousTransfer::next
I: ChooserDone::next
I: MonitorObliviousTransfer::next
I: MonitorObliviousTransfer::next
I: InitChooser::next
I: MonitorObliviousTransfer::next
I: RecvConstant::next
D: received message: 48d08b243b3ae3c5d276b1a9bb57bc1fe46bcc4844867748605521c4fc7f93ec38df8dd8e7859f3bb9a40dfc7f9a140095af7c363bb89e1f41829f21173dbee8580dd9c8702fa13f980059d60bf0905b1ec149b9acf3082b90a56e7942027cff62703b92bfcc6912a15fbe7210cb1f3e31352896d5e1ad74b4acfe6cff325ef1b418ff0cb773fb831ce1ff77667e2727cbf050bb2639d6122f85feaa430ea290b177eaeb4600f6a75306c263ff7022ad5cce3b7d9e29c9902af2c78001bc5235eea7dfd9f97f593a4993eb02a7659ece4548f1ac08d7c6074859b3095b77967f817a5b3dd2c09fe41e69848aed4805c231dee2b6b51b5ca9f476311a093a63fcafcad38b227dfb0ab5c477219aa8a54f1e84e6fa6c7e8d557bdaaf53e7569f886bf715d0f69e6fc864121225ea7d5cb68654025afcbf6e6c3789be2bf64958d65159692e2857bdc34f4f72c8e12860bdc3d6a7a8ceb438ab628d597a0b917a21fe98c35e6c11b5295016f4efcf4aa03f69f69a7b50d595b6d6f5e0377d1cb6e
I: MonitorObliviousTransfer::next
I: GeneratePublicKey::next
D:  sending message (size 0.000768 MB)
I: MonitorObliviousTransfer::next
I: SendPublicKey::next
I: MonitorObliviousTransfer::next
I: RecvEncryptedMessages::next
I: MonitorObliviousTransfer::next
I: DecryptChosenMessage::next
I: MonitorObliviousTransfer::next
I: ChooserDone::next
I: MonitorObliviousTransfer::next
I: MonitorObliviousTransfer::next
I: InitChooser::next
I: MonitorObliviousTransfer::next
I: RecvConstant::next
D: received message: 11b039534ddbe9e6527cbff85fe07629a64ef1c1cb1c82b60140ea515c2bc532d151c69dfd7213203366f0125c751cdf17bae962aa6815db75c02472cc07718ea0a0f69b9a1529fdfad857b826c2a533f28d62f86e8eb95974b4ca8d5c0f68936a62d8df41431cf5424e82728990833c20d92c5a73ce1a8a54ee5debeb7720cee35a616bb58bf705171c4cf57a9a29e43d693e2e920212cc390eda203cdb6f39f106fed4042489ed83ca825763bdb2d5fb9cf469d0f074d39ebd5450da30b4936cfa5d326674f6687f296f4693ebb4173dfadafe1924edb516f85a9f088b8f02b40378bd6e3658aebaa83c0f9d55bcfbe092f9457b7600758b0a49278c10b1dda029d3cef6ef8e7172a99672a7b362dc403d316efb8c4ec33e1b1328a61b8637a3a06b7398c5dd23fe74a4c20c50bc7497efcd1f8c097ae78396b346ab6b0cdc5910947bcb63d86ff81b72cea71becf5954dabf9110acf539cfb0ada5537f9c141a871d1457f7d0e1b00f9f900f8645bd24d36a53535e4c50972f590c75cf4d2
I: MonitorObliviousTransfer::next
I: GeneratePublicKey::next
D:  sending message (size 0.000768 MB)
I: MonitorObliviousTransfer::next
I: SendPublicKey::next
I: MonitorObliviousTransfer::next
I: RecvEncryptedMessages::next
I: MonitorObliviousTransfer::next
I: DecryptChosenMessage::next
I: MonitorObliviousTransfer::next
I: ChooserDone::next
I: MonitorObliviousTransfer::next
I: MonitorObliviousTransfer::next
I: InitChooser::next
I: MonitorObliviousTransfer::next
I: RecvConstant::next
D: received message: 4553bfe43bf2025353e538629ed162bc7981fc037210b72021cf60ab90296664717f84b9a9d1a41106434f5ddfc1f69686922a0231631593fb336c8393d024ba6441eda102f36f70b0c0ee8f96e44c2f3c9a2dd1fc45238701164f4af9a9a76c08767bab5f24f4eafb61f70533fec2ff51b8f8efb6d6bfecdbd396dd724948c7920847d1a774ca96a90bc166a3c44d87dc627df135eef1f495dc1d21ebb28a9fcb7ce47861cc38a78d46e2d7a64d1eebf978872658a50a63ad6421f212e4218658b4ebaa320a83b8a17acc9100787f66331828632d5bb50fd8a2907382dd7b64badc58baec3050b0fa0f8fe12de167fb053ad0a75b5e7ab67c54afc4f3cb7c2680933057825b0674e5087216cd955bf7070a4e382e06134ef3097d351746e19e394ba127bd682f9d4a79413bb64d774d55b66e7a9a5db3f45e5a9ac458719280b514ff3f7e1787bdbd5577a97a0e331581c25555973db6c28ea5c84682e49609d387e1095e4dbcdb63611e6b16355ad5d98d80e1c62fd6d2fe667f2c1e27b6db
I: MonitorObliviousTransfer::next
I: GeneratePublicKey::next
D:  sending message (size 0.000768 MB)
I: MonitorObliviousTransfer::next
I: SendPublicKey::next
I: MonitorObliviousTransfer::next
I: RecvEncryptedMessages::next
I: MonitorObliviousTransfer::next
I: DecryptChosenMessage::next
I: MonitorObliviousTransfer::next
I: ChooserDone::next
I: MonitorObliviousTransfer::next
I: MonitorObliviousTransfer::next
I: InitChooser::next
I: MonitorObliviousTransfer::next
I: RecvConstant::next
D: received message: f07014dc85eb3cb0f3286991600e05e54c07899b8b225257abdb02d0b4ec1b7511833dbee6fe5f6722926c3c65e965861983c8aedfc0cbbe41ff60385222d15855d4042e7482a4a3f4ac5a07de418923dfd6aab1017c8c6f3477a53a95f634276519469391a1fcb664f1b45bb9af06586af33f274ec3b52969d9c0548381393581e8020c8d5dca1be25976bc928fd1abe8e625e29eea00357d873ac86110600407bd241e852cd82456ea4dc0654ac592818f4b5bbfe448cb15a6bf63d25bfa96347060d1660394ce6f7388cea28bc5caabc118bde0927f834e5fe9c393a1615c7f33a90ed414263c3371d795c1976044ed02a16bc507fff4711240e1be0849d83ec431710093acac57234f200ee5a94500e0a9258f0b66bf4e82e88d0c4f7b3f84fa2d1f13dc60bf7cbc0f293d2167379caaecec77f230a7b10a389afe12c30df29798930ece83b6910c2e15a98c1b2ed75a51f369a98479c48ff57bc4cba7bc1e07bf3e6efa584fa8c2cb99600473aefc531e6406d2035c1e10e411f12aeb01
I: MonitorObliviousTransfer::next
I: GeneratePublicKey::next
D:  sending message (size 0.000767 MB)
I: MonitorObliviousTransfer::next
I: SendPublicKey::next
I: MonitorObliviousTransfer::next
I: RecvEncryptedMessages::next
I: MonitorObliviousTransfer::next
I: DecryptChosenMessage::next
I: MonitorObliviousTransfer::next
I: ChooserDone::next
I: MonitorObliviousTransfer::next
I: MonitorObliviousTransfer::next
I: InitChooser::next
I: MonitorObliviousTransfer::next
I: RecvConstant::next
D: received message: 766bc24aa5b8e4d34f2819e8b5b83ba642ca06ed59970e7ff6627f529c0fc9e8a58583fbb605252fea97ff1bf80004ae75ffca6d662277799580537273f119ae372b27da5752f416b7ec7fa505724e223f504354301a509c9b1207920596aa82b76ef58db997709259607d34aa65d038d57a1f85b1a07e79df5f112727d8cc1366cad942696733c5e04460de732566c87e31a156f61076b7115ad945f762eef2f6d9ed051daae5a4976c2ddd88775ff8fc1952292003bf1a8e92a6a5b3012c438c6d2164319d3ed97f37e62c645311032c49c5e3fa07eb8a00d288217a7625dc74537141fca90ca7dffa65ef3da9524d189cf0422c63e671f3b61a7eab7ce5f4e6b5fd79ee1aeb3e06abc5675b069808968779d2278c9a51e61655e540ef6e5e0575ebc7d5f5bd25e19a6d5479e7f06fb820694db923be9f8a49309fb2cdb25e0e03babbfa741018d570b8d27b41b959193fa406333be0fef3bbb44b1d16c6db3529954cf749c2dcbb444d9c4c97f66ceca5df3c4f712cfb07ac63e9a7f527b9
I: MonitorObliviousTransfer::next
I: GeneratePublicKey::next
D:  sending message (size 0.000767 MB)
I: MonitorObliviousTransfer::next
I: SendPublicKey::next
I: MonitorObliviousTransfer::next
I: RecvEncryptedMessages::next
I: MonitorObliviousTransfer::next
I: DecryptChosenMessage::next
I: MonitorObliviousTransfer::next
I: ChooserDone::next
I: MonitorObliviousTransfer::next
I: MonitorObliviousTransfer::next
I: InitChooser::next
I: MonitorObliviousTransfer::next
I: RecvConstant::next
D: received message: 96b6840a75176c0aacb43126f97a515aeacd6d64a9e0b953580ab7c76883bd58d05382d89013aa489c29df79878e97a84371ecb68c42bc763908469e86b1945533bfad90f8a6f243f4149ca80220745e0c62820430ebd7b716be819d393a9edee5f95c144865595ac9a198f06f4f5508fa19118a59155c32bac3936d5cac56963117e5eb8b43f3f3796654f479c884374cfd5737023111cfdb1ff1fc08c8de593e804f4034ba80950df0fb59fb405e11ac4f8d7b073aacbcf5dee4ec78ec95f10c70110f747a44da4c9bd685ec84d39362397a7adbe7f100ce957c5fd6766f9218480e20667499e6dfd22dc2912a871f065caf88e73e78f50424a31ab5231b15de823b517343643ac7172cb6ebbdc91474f004ca517deae7ffedcc78a509805f66508462f5efdc07d28e034436e4e6e70c6a89f970cdf88898a6be147273340e05b72ab8deeb6bef82412c929f2228c68d54d1bb1c579a94c83f8241b6ff680fe3b9eca15478e327b4079dc79fdf4c71cc4af2798fff03e7a80e829afd154c41
I: MonitorObliviousTransfer::next
I: GeneratePublicKey::next
D:  sending message (size 0.000768 MB)
I: MonitorObliviousTransfer::next
I: SendPublicKey::next
I: MonitorObliviousTransfer::next
I: RecvEncryptedMessages::next
I: MonitorObliviousTransfer::next
I: DecryptChosenMessage::next
I: MonitorObliviousTransfer::next
I: ChooserDone::next
I: MonitorObliviousTransfer::next
I: MonitorObliviousTransfer::next
I: InitChooser::next
I: MonitorObliviousTransfer::next
I: RecvConstant::next
D: received message: 68dcf416155d5fac281bc9eca7a22cb16c993078143a6a895d82fa64bf65f8f5cf52055c4abbd1cf683128e675c10dc9f23f78da0e563bcdb82f98a50da858366aaf8859766548b0f7dd40b813f3dbf33c6dba5d0868b4020c26165e2c02c495eff9549123f05f5ee15910eece76c2cf5232e9b7498e5e1c0ed4839859dbe51a7982b5317561738f749689fe2fefa6276ab5c98119d84bed1252d2c0150df4293d1f7ee8c9d207497635c291e4b4b0ce0f4236c39d9aa1cc3aa663bcdbcbda58af6bc36e5bc30c076d5eedcd82ecb486c912426058d19a78c94775437c2ed90254c86661a69f4e4b6be631bb0d3530a4f76f44699502dfba7e6a55f16efb7b6c204992bcefd8b64d04d498a36a2d362d6c326cb899a7ce75bde1e4ad6efa4673b5e915f6dd43cf753e7deab447d2e4cad7bf12ce3e7a575e9c844358c5c3b8865026a27fbbed805a4996d9ba2598fe898f56ffaaddde02e725579c89e82a7ae91f65cc23dd55fd0a03a60a163858ae615c1d9a50b7d89a4527d31a6d075bf1d5
I: MonitorObliviousTransfer::next
I: GeneratePublicKey::next
D:  sending message (size 0.000768 MB)
I: MonitorObliviousTransfer::next
I: SendPublicKey::next
I: MonitorObliviousTransfer::next
I: RecvEncryptedMessages::next
I: MonitorObliviousTransfer::next
I: DecryptChosenMessage::next
I: MonitorObliviousTransfer::next
I: ChooserDone::next
I: MonitorObliviousTransfer::next
I: MonitorObliviousTransfer::next
I: InitChooser::next
I: MonitorObliviousTransfer::next
I: RecvConstant::next
D: received message: 8e343bfe7af74e4c27e90f3282c3aaf8c3a2465c2b18d3ba1f0fc5ef80734e319244a1131b9a41271db0932f4359b38293e34c45d12e6c84eaefa0024a4d6d421b12d0d72f245efd031cd7a0befba452a31f41e79ebd0eff2678455202854bc71f1f90cce8d24b263bf7af5cef34d473726e1ea955ff87440c9506f11067ac80f4168b73562ed3282fd797b63e946478e0dc176812ea492e5eadaa6dd1a74f2d4056b0ad10a7a701dfba00ac9cf60885a741a14a68fc67aa6149299fd61068d02ebdde2e9ddcba5186553b2ff864cddaf2df60bf0c7605f56cd6190aaff919cdd87788b33729d0473544a1e2388426f4b770b2a74e93b6ab15343c0046ec37800d446ef3f27dc4c2fee0f9ebe46a8c828d0e432485b79f70ff4dd7c08a33ebfba181ac85d1beaf71b51e50088399e8310c2f85dd7556a1221d6f6cc94b5760f1f3b1f1992c0ff005dde48be4eab7b7b5b4cbd38c0c8b35f6eb8eb51921f89d16464b4af553ba3d54b7c3c40e89f8d8f516cec0516ff81a600b54277315d3b9eb
I: MonitorObliviousTransfer::next
I: GeneratePublicKey::next
D:  sending message (size 0.000768 MB)
I: MonitorObliviousTransfer::next
I: SendPublicKey::next
I: MonitorObliviousTransfer::next
I: RecvEncryptedMessages::next
I: MonitorObliviousTransfer::next
I: DecryptChosenMessage::next
I: MonitorObliviousTransfer::next
I: ChooserDone::next
I: MonitorObliviousTransfer::next
I: MonitorObliviousTransfer::next
I: InitChooser::next
I: MonitorObliviousTransfer::next
I: RecvConstant::next
D: received message: 7c3f173fb2fef57d7d3fa4ed05530483706a2cc3f999e9ae9d940feb83505f1718f45c9d6b20571ce04cf1676551e99e71d7d3365e516077c2a777be34ee766bc8b9da7d899aef1b3ea62527cae2f5d023970d31c60ac2ec866b181fe13106961480337a636852fda88a22dc1f7d1f679779cfb56bbe1ba3d73ac1d30ef7e9536d4e6779b7e24d3efd7713ac9da53eeff0a89c80a2f2c249558bd332da5b6fc1cb9536871c589aa727f330d9cd3a67534eae927e439ea7df9345b427dda9f49da8eaa5373f1ba1e0c04bc21f2af8d84c2a0c51491ce8ccd2e5d7eb44fb42ec4f735fbe2ca8b2a2747a16cc90981a4a5761fa247b2f2f638795766e70da96ebb20a675e5cb3ec820592c54b6e79425606b435efdc4dccc6a7efdf4df7c675b3e4f7922f9017b8c7272430decc4a9dc6623c602d112ba684121562326dab486df29eaca3ea6a72ec1890ee77b8c6afdd4acb4ca152eb5814326148f3b16f383bdaaa3b4704855eaac95c2d32883c26a0839ccf3167aa7803ebfd2ed2f47cfa56c6
I: MonitorObliviousTransfer::next
I: GeneratePublicKey::next
D:  sending message (size 0.000768 MB)
I: MonitorObliviousTransfer::next
I: SendPublicKey::next
I: MonitorObliviousTransfer::next
I: RecvEncryptedMessages::next
I: MonitorObliviousTransfer::next
I: DecryptChosenMessage::next
I: MonitorObliviousTransfer::next
I: ChooserDone::next
I: MonitorObliviousTransfer::next
I: MonitorObliviousTransfer::next
I: InitChooser::next
I: MonitorObliviousTransfer::next
I: RecvConstant::next
D: received message: fe407c4505aad53d06a9d558632bf07d51a9b6dc7f520043558b6b75ad41b11cd16903165a97c48d297f46b6a20488f88f53759429a3b407f27aa5a57f776381ae4a71a2b38113629b97216745d0a05db15b9c205b669e51452196c55f105e965d7d904ac27f0ff900c880bf93db01800c0ea2044dae9a7154b185aadef0b3d66f059b15deb1fc8e3bb168ef62c99646d00dd77ad52a827acf5e64cc48bd59c7b79bcaf9067e1fe02a7ca3666b8da8cfdf871a6ad81b482f2541bf3980a6427b5247e10b69e34a11984fb0fda73bbbc4b2263296ab57d400c99a6beb6ff757362dad1949b4f248ecc15b958702f7549422b7a17c6fbf58dacca0f545aeff62c15c94ba727b8d7a2453e9d0bfafd628a535d1972e5c8aa57d763d257ecd5b16392d95f80fceafd57b53dc17350de268fad45ba4376041f0bbef925768dc30b6d3080bef7cb57a3bea33af526ad58f983216a964613dea42c3f93ad053f7e1b0a696eed238991ae1b871ec7a4ff32ab4caddc4ba6dbf9d6fbf949062a121253f81
I: MonitorObliviousTransfer::next
I: GeneratePublicKey::next
D:  sending message (size 0.000768 MB)
I: MonitorObliviousTransfer::next
I: SendPublicKey::next
I: MonitorObliviousTransfer::next
I: RecvEncryptedMessages::next
I: MonitorObliviousTransfer::next
I: DecryptChosenMessage::next
I: MonitorObliviousTransfer::next
I: ChooserDone::next
I: MonitorObliviousTransfer::next
I: MonitorObliviousTransfer::next
I: InitChooser::next
I: MonitorObliviousTransfer::next
I: RecvConstant::next
D: received message: 6b82a426610f223074b1bfc318541306496f994550be1fabb92412dcd69e4d18583adbcae91697935768ddce7770ab89886d2df8790ac92b0f97956b4a068b0572c07bdb2ed765c1bfb9e8700993c0541c7129b2e5d40767bde3924ad3403e9c97192c36e054fd8074a54cfee5c6f0576d1f740c746dc5f40c894ea3c34ec16e46c2b00cb25e81a63e64c9a3c6ef9e56901c12f196e3876cb8339580439ece1fac87f86c1f4d4dc912ddc9b56a3d936fdbe89faa2108cfd37ca32f54133a0684c3bb31d51e32f14a43a7d229cdcb58f15505274ee29924019014fc102e927f5005e105e765855ee2627ebf752349f37b3c28abce1c43478c70f448600914186d4f4ad7ba12805ca8929a1fc50da20d47207730bf174215184967201cdea213f69f7e664232d08d007a230951c2ed5ef086453b837b9bec142693f15b082cc8f1ae78ac90825328c1e948400f0915aaca3245508fccfc944416c1851109bc90296b283da136e964c405db28c7e84c4135c9fef76e92f60328f433c9e0a7a1c6bd
I: MonitorObliviousTransfer::next
I: GeneratePublicKey::next
D:  sending message (size 0.000768 MB)
I: MonitorObliviousTransfer::next
I: SendPublicKey::next
I: MonitorObliviousTransfer::next
I: RecvEncryptedMessages::next
I: MonitorObliviousTransfer::next
I: DecryptChosenMessage::next
I: MonitorObliviousTransfer::next
I: ChooserDone::next
I: MonitorObliviousTransfer::next
I: MonitorObliviousTransfer::next
I: InitChooser::next
I: MonitorObliviousTransfer::next
I: RecvConstant::next
D: received message: 9eea9fb8c8ca78e841b75bcd8074e0dbf84f3ba53f5cf03ce02834515fc5f45ce79d48484c0a87fd1d6eca60c106a15280ea6efe0e37d40753399ae8fcf2752173e61b4ae646cfe402efc234490e435ca0a59228cc8975c994f167bd31310b99619bff2be0168fe5ed96a903fc954b03d3a16a6e68a70093f3092ae13ac687029435cf15a309b96d6d7534415dde9b357db50a8d852c68cbbcbb5c66d649357205da5b80589ac89a14cab969b5ee9c9ba5889c317d1e89b2860a9564f213b9a9a10ab5b059bb42d8020d4c669ffbc09f9878f990e0da96303384eb1f1c4d9b302f6919a020f305f40741c52558074ed7178cdb4b38af64df88798cfd801636ec15a3a3a2fa226034a3c3c8c16b9f05f68aead53632eff23648b3fe80b331fe4489489e045126e68daf353299952271d9531c37d1577df7b19f1c4e0295b3ead02bee86791b2dfa8523cfc80a5e6dca3f502c49f133c752389c25b1069f8f4ee5b5c5c81bb455ab429d447cff7604cfe3411d1e7c453066d0efb2554dd493d751
I: MonitorObliviousTransfer::next
I: GeneratePublicKey::next
D:  sending message (size 0.000768 MB)
I: MonitorObliviousTransfer::next
I: SendPublicKey::next
I: MonitorObliviousTransfer::next
I: RecvEncryptedMessages::next
I: MonitorObliviousTransfer::next
I: DecryptChosenMessage::next
I: MonitorObliviousTransfer::next
I: ChooserDone::next
I: MonitorObliviousTransfer::next
I: MonitorObliviousTransfer::next
I: InitChooser::next
I: MonitorObliviousTransfer::next
I: RecvConstant::next
D: received message: 2fc1e65080d628cc9536727676b397120fdbdac7ec756075a60906baab9e75e6c59f1b2b78fff7c2712f3429dc91eeb8732f8a654ef33d917bc102ff4a1d30334e077c67cedd8e5bb5529641e5a35ffa4d7cac1dfe925cec62e0ebb8c63e1c7cc25c43415fc53f1d032a2948823d07f21a25c4873a10d69396b90c9841793d7221206b19e16066a8899fa4cf060ace08d6450b08c68a0fe56a95907f86a979b1b1a2d1076347df6b3c383e7ec35df18eb01633a959e1d9ff1159510981eba6ee079b36d6fe81dd8f614b86046a8a28700880d31da2a6fb81e8b4c25fd544f5a1d35c26e5e2fdb60313428c516a568b4c892717027a2b3aec766ca524cbc673e809656941ced09033ad208c1a1434cca69acd50b487557ff94e8e003e0fcea552389e49f1bae737a7d40da125403173ae1c052b1c3e832598df6e9f21255aea5b32362be2eb9cfcc6f22e3988e357079e0c681d9b07fefe410676b4c1351b57af5219cdf90a398b55a9b359cde1ecbb0e9fba1c3330cd5b0fd9904e04853b1d4a
I: MonitorObliviousTransfer::next
I: GeneratePublicKey::next
D:  sending message (size 0.000767 MB)
I: MonitorObliviousTransfer::next
I: SendPublicKey::next
I: MonitorObliviousTransfer::next
I: RecvEncryptedMessages::next
I: MonitorObliviousTransfer::next
I: DecryptChosenMessage::next
I: MonitorObliviousTransfer::next
I: ChooserDone::next
I: MonitorObliviousTransfer::next
I: MonitorObliviousTransfer::next
I: InitChooser::next
I: MonitorObliviousTransfer::next
I: RecvConstant::next
D: received message: 3084e1c3d1678d6be794ca2838ba580b17de0a667d7657a8f766f7738bafb9b43cedcc4d8b3f1f0ee30696a562198337bb55201e72a23e16a78a7a24b836b66610c973761ad7b42c7446bda2168578162a3ceb216a5b1426a9f473e5a4fccf10f84726849f52dba341e9d48fb4000797358638632fbbafa2d7c7932dade5e7c355d624496e8a4daff982160858914f187e1ca4bbc2e00fec90adb2098f258f874a43124de03fcccce922eb115535d4b9de9b850fd36f01a07fb951244954eeb17588f92e9a9b93dc53c30bde93cd2822f35fb510b8667f0d9be5e35a1258ac98d73d7b9564abdc019afdba0c629f482202a378dae9edf386053a28657458249f29c81d97758fa97728036050d6ec5e4e6b598a47fdec092fa97a1e42f542f944fd1e059ce49bb5d1d1b7a4f6f0f3ceba313e951d5697b167064d7761ac0bdb7481790e1f06578fa3155e04924793f4a6762c4f17efca204f8250ad7686ef85e28307cfc2604e18299839215325ed3e09f585193016444b1ae2212d4ff3d87166
I: MonitorObliviousTransfer::next
I: GeneratePublicKey::next
D:  sending message (size 0.000768 MB)
I: MonitorObliviousTransfer::next
I: SendPublicKey::next
I: MonitorObliviousTransfer::next
I: RecvEncryptedMessages::next
I: MonitorObliviousTransfer::next
I: DecryptChosenMessage::next
I: MonitorObliviousTransfer::next
I: ChooserDone::next
I: MonitorObliviousTransfer::next
I: MonitorObliviousTransfer::next
I: InitChooser::next
I: MonitorObliviousTransfer::next
I: RecvConstant::next
D: received message: 257d0487ea32033bd8bc65d693f318a654a9455ddff1a7503ab1b281d012cb58c4f6552d3345f4e9dfd498330bf294bd3a7f2c0bac5c1adef81ca8a44ad199b945cc55719985530525a674de354aba8477700c0e107faa125321cee4b79ceae82514430d1643c55bf0e63a992c0298f358b2efdfe0360919dd745a22110e356fdfe23f9d6f8751d6ffde26980a384e619337e8ddc3c81a64271d643767d1b751e3bde11538665feca364a14bed774900e2c243b592aa197326568874b39019f0420934e89be507ab70706d813bf4ffd40e8464981dbc1f1954dfdefb0105932a9221344aa081cc980bc842ce4cdb5d6b01654b8021c0957ecbb9cf5227b4968dab74cd5c98c4a8d1f8959d129d7152352cf64413d18301f2aebc53cb133a21d93ba7828728781a2dbe9ec77d65fbc8f2f6da6b60ee42df7e35c03a70ee46e996289e0efc2298f3685f9e59d54e3b9b1232751d14eb9d8bfeb1fcffb76db81af935ac260c0619dddd4fe7aece8c10f78dee6a4ea4d856b56db1a0f6ff4762f203
I: MonitorObliviousTransfer::next
I: GeneratePublicKey::next
D:  sending message (size 0.000768 MB)
I: MonitorObliviousTransfer::next
I: SendPublicKey::next
I: MonitorObliviousTransfer::next
I: RecvEncryptedMessages::next
I: MonitorObliviousTransfer::next
I: DecryptChosenMessage::next
I: MonitorObliviousTransfer::next
I: ChooserDone::next
I: MonitorObliviousTransfer::next
I: MonitorObliviousTransfer::next
I: InitChooser::next
I: MonitorObliviousTransfer::next
I: RecvConstant::next
D: received message: 545bd3e6de5040b200b27fe987e9fbdb0d07a5749d35f172bf2d49bde422e53a18ee38efbc5ca8adf2eb63bbbed9325b891d92c629177de6a0a59fc216d3a2496f84944bb34d6d7c482214ecee0b0f8d06fcb09e3f02659c1cd9051ad17f4a8b6c6dfde0a98658444392aa6a3b9fdc5d43d86c757d6c8d2731e1ee268f94ca2cd8bf97e4b584842f2a3fefc03a546975efb5b73a2806e944aaf3e603cab0e8afa8ecbd2189e4459e87b680fcc533b1f880fd09b12c3e54e8ea634a2075288a61b6dd80610720415605aadf7b461ae5698063c00c09be14bbd089df43c0c79f5bb36de16dc90772de7a4172f48b2a83331b265a611c719e7ee163add9d66fec6390218d550d4240a912418d1301642355e8823648219ef8f2727f5c55f54d1b255a7d21afede4dd0e8418e50107d28e41bf62dcbe03d6a747605d4a3b6b464d27925277f0709d64fcafba424efc903313ea2637f5b9d1003381e38031f311a556316abbf81e052532ccc77b3994affbb146987696f1e54842d3966b225d857cd
I: MonitorObliviousTransfer::next
I: GeneratePublicKey::next
D:  sending message (size 0.000768 MB)
I: MonitorObliviousTransfer::next
I: SendPublicKey::next
I: MonitorObliviousTransfer::next
I: RecvEncryptedMessages::next
I: MonitorObliviousTransfer::next
I: DecryptChosenMessage::next
I: MonitorObliviousTransfer::next
I: ChooserDone::next
I: MonitorObliviousTransfer::next
I: MonitorObliviousTransfer::next
I: InitChooser::next
I: MonitorObliviousTransfer::next
I: RecvConstant::next
D: received message: e35bfe18370ef49fad1e8e00479b155576acbf2b39e6dcd53a217549e1de9110813e3e11ebdbf7fa6e13662f312173c38c2f18934b7534e7dc6881598631a49a86479d45a24147e3dee07c4f72b92b2b1fd6e66497e1d296817c1cbe731e1c3516e04a8b61d050cda597012eca9fe87e03ea809c335b9982a1e1f5d044a197e429c1a5b6d62a91f3ecf63a53ede70590a7ea634a314b22bce9f6bf095c1afe3a12d7502aaeb333e1c622a8473b9d7cd6cefd6892e9d7da0929b9b6096fa96de03c1481506afd9d5a9b252637075a28295e59a10fb6527fb7c65d4b6274698b0c68741c844936caac1b78d4563b8b43f9a425a0be3e328e5fa2db95bdb9248830c61189440eb7d9565a3df2e988e90ff0016509fb7ced8e6217c9d5541a02c5538752b68983ac38f3f847f113d1f28b9ad79a2d21feec7cb1e9bbed5bf620c9110720f2b95f3c09767e1667b815195a38b9b1fdf85b35ffe0d453e67163a983ccda033bf8ccf8ca09b2c7494e3e865ceb47b29660c8241063cbb40e07a2cf6da5
I: MonitorObliviousTransfer::next
I: GeneratePublicKey::next
D:  sending message (size 0.000768 MB)
I: MonitorObliviousTransfer::next
I: SendPublicKey::next
I: MonitorObliviousTransfer::next
I: RecvEncryptedMessages::next
I: MonitorObliviousTransfer::next
I: DecryptChosenMessage::next
I: MonitorObliviousTransfer::next
I: ChooserDone::next
I: MonitorObliviousTransfer::next
I: MonitorObliviousTransfer::next
I: InitChooser::next
I: MonitorObliviousTransfer::next
I: RecvConstant::next
D: received message: 1f0bc98bdaba8ef58c6d882ad53700c1b8da5fab20356d7a209a93489a73743f9f9a0ff7fab39ba6e86b56b514abe25b60f652379e4d7dd62334906319e9e4d35c7fea8adeed56a0559ada7395617a13ac9baf1429a3b9594fc01b030f7f47dd3b52e2100a2980bd4d9ceba993c501c51d0e2942e9caf8028f6ef4b7ce653ef5cba03a7b8ecde62bbda5527603d4ec06fde4637c8a6cf52aa0fd5b9cd3caa1886092b1791cca9ca7cc411dc5faa4b4067384c2c86ab0c15eee16b500ec41a77afa1ecfbe42f99d003bf1b3e91c63319638059a770f451dc1ebef710b92c917e5872dbe5a9e0ac08cfd9bb0748445347bca2576e29479b964e74052a21383b109b2e2018ed28a01b25a759520b6d6d18a8614e831c159ce063ecf866901e140a536a6c35dbfae5db0cc50310db2b1cb58ba840159c9feb894e0dd5d5ff767e8b516f42f6981a8bf539dcd2a58769f6375ac4f0a5b56127abed6375c452fb7dcbc133f82fd8ccd4c94b4e3d3c9e345fab50884f42232d56069faa26bbe5ea66127
I: MonitorObliviousTransfer::next
I: GeneratePublicKey::next
D:  sending message (size 0.000768 MB)
I: MonitorObliviousTransfer::next
I: SendPublicKey::next
I: MonitorObliviousTransfer::next
I: RecvEncryptedMessages::next
I: MonitorObliviousTransfer::next
I: DecryptChosenMessage::next
I: MonitorObliviousTransfer::next
I: ChooserDone::next
I: MonitorObliviousTransfer::next
I: MonitorObliviousTransfer::next
I: InitChooser::next
I: MonitorObliviousTransfer::next
I: RecvConstant::next
D: received message: 7358bb9904d2d684a1357e0561099b15a8efc49084e0612cd8b499e7fca7030cc7909c9c1a89f6da9185959e1dea29c2b5ea95a5a41d3e3fed6fc9627d9c9a0561a244e895a584333e2472b411425e8247070cf74fdc03850ff940e4db8f7ea20e7d175a6b0ef14af6e02b74c10a9c27e4c910f9e3e5ded673f35379172aa5422db1ac78b072b6f31038287bbbed5dc220914b1ce81baf4c06cb4e88f38b0032ac31011f056fb1f09ce18544491fabda429178aac261344dee1c8976972c1825d3a5d9ec8a57c446e6535d9d8e3eb39c1ebb2db64b37fde0f0d23c487ada43bed3c4e66f48eef8ff91351b0d747db84d31b6a2c7210e947f69b1ddeea060265ccd0dddc845fc1af022038d3f71da007295fbe01196cd5c923322e5c4ca776dccdecc5c59d48787e2c4eadf920ef003fd3ade12900ad5cf81da88d585490bcd2007c50aaedcc40480bca4b185067a7ff9da5272c03f4d19f5abe2c016b48b2f985e26529d3148ff350a4c41b3503ee1fe33b197d81615e17a770918488a4fc64
I: MonitorObliviousTransfer::next
I: GeneratePublicKey::next
D:  sending message (size 0.000768 MB)
I: MonitorObliviousTransfer::next
I: SendPublicKey::next
I: MonitorObliviousTransfer::next
I: RecvEncryptedMessages::next
I: MonitorObliviousTransfer::next
I: DecryptChosenMessage::next
I: MonitorObliviousTransfer::next
I: ChooserDone::next
I: MonitorObliviousTransfer::next
I: MonitorObliviousTransfer::next
I: EvaluateCircuit::next
D:  sending message (size 0.000001 MB)
I: SendOutputBit::next
I: ==== round duration: 95891.679688 ms ====
I: CopyMonitorStateLabels::next
I: RecvGarbledGates::next
I: RecvSystemInputLabels::next
I: RecvFlagBitLabels::next
I: EvaluateCircuit::next
D:  sending message (size 0.000001 MB)
I: SendOutputBit::next
I: ==== round duration: 95136.679688 ms ====
I: FaultObserved::next
I: MonitorDone::next
