I: parsing spec file timekeeper+.v...
skipping synthesis, BLIF file already exists.
I: parsing BLIF file synth.blif...
D: inputs and outputs parsed.
D: circuit initialized.
D: connections (#1474) parsed.
D: gates (#14407) parsed.
D: outputs: 19405 19408 19411 19414 19417 19420 19423 19426 19429 19432 19435 19438 19441 19444 19447 19450 19453 19456 19459 19462 19465 19468 19471 19474 19477 19480 19483 19486 19489 19492 19495 19499 19502 19505 19508 19511 19514 19517 19520 19523 19526 19529 19532 19535 19538 19541 19544 19547 19550 19553 19556 19559 19562 19565 19568 19571 19574 19577 19580 19583 19586 19589 19592 19595 19403 
D: circuit size: 19596
D: adding identity gates for outputs...
D: outputs after identity: 19661 19662 19663 19664 19665 19666 19667 19668 19669 19670 19671 19672 19673 19674 19675 19676 19677 19678 19679 19680 19681 19682 19683 19684 19685 19686 19687 19688 19689 19690 19691 19692 19693 19694 19695 19696 19697 19698 19699 19700 19701 19702 19703 19704 19705 19706 19707 19708 19709 19710 19711 19712 19713 19714 19715 19716 19717 19718 19719 19720 19721 19722 19723 19724 19725 
D: circuit size after identity: 19726
I: initializing safe primes...
I: using prime modulus 2410312426921032588552076022197566074856950548502459942654116941958108831682612228890093858261341614673227141477904012196503648957050582631942730706805009223062734745341073406696246014589361659774041027169249453200378729434170325843778659198143763193776859869524088940195577346119843545301547043747207749969763750084308926339295559968882457872412993810129130294592999947926365264059284647209730384947211681434464714438488520940127459844288859336526896320919633919
D:  sending message (size 0.000005 MB)
I: InitMonitor::next
I: GenerateDriverLabels::next
D:   driver labels generated in 27201.218750 ms
I: GenerateInWireKeys::next
D:   in-wire keys generated in 7834.365723 ms
D: SendLabels::message
D:   generating in-wire labels for 14542 gates
D:   10000 gates processed
D:   in-wire labels generated in 25374.804688 ms
D:  gateCount: 14542
D:  sending message (size 18.788276 MB)
I: SendLabels::next
I: RecvGarbledGates::next
I: RecvSystemInputLabels::next
I: RecvFlagBitLabels::next
I: MonitorObliviousTransfer::next
I: InitChooser::next
I: MonitorObliviousTransfer::next
I: RecvConstant::next
D: received message: 9edb523b66fe236104220e36a87c4be56f122cb1eb5058027ef9b313bc07036a57f66127cd6b8004eafbd22184d29331d60be99adfd728eb4f8244aa0a872cea790e06a2d5a9dce42c5cab35e8c3758e2defae9f27abf1edf018b900f27e6a677c5d63ba79e0e7029ac0e6b04f8121467d791759c5215ee5f0433e0977c0d31adf5bbe0d6be5831d18b68a2f46c2765f4a58cdce39c1415310b6362021ae3e49403885dce43625f4c53ca72a76ae0678a8e0063a65e657aba3f168bd5731f38c
I: MonitorObliviousTransfer::next
I: GeneratePublicKey::next
D:  sending message (size 0.000384 MB)
I: MonitorObliviousTransfer::next
I: SendPublicKey::next
I: MonitorObliviousTransfer::next
I: RecvEncryptedMessages::next
I: MonitorObliviousTransfer::next
I: DecryptChosenMessage::next
I: MonitorObliviousTransfer::next
I: ChooserDone::next
I: MonitorObliviousTransfer::next
I: MonitorObliviousTransfer::next
I: InitChooser::next
I: MonitorObliviousTransfer::next
I: RecvConstant::next
D: received message: 5d4e1fedb6a8aa3f59d5c45b154c8d048ba68fd9efa9b71c308dd892c304cfef346f25294270a7cb2b5835bebbe49517fdce281700087f0f0575e69ab7da83793af8af53906609f7e20590feb4ec61e7c7ae68e34ab51d0ed91b8e0596591e2f3ee2ca1b664cc2f51eb07e49284c651db820afe0680b16e6095a4d22b382273e2b438502865b7ac654583d93eef271b0d324a3c1b1f6f2067d1e342fd622f2ccb95a3b3f270fcec859135b08bebbfc67999cc68c3e833fc0dc5d71dfeb0f6371
I: MonitorObliviousTransfer::next
I: GeneratePublicKey::next
D:  sending message (size 0.000384 MB)
I: MonitorObliviousTransfer::next
I: SendPublicKey::next
I: MonitorObliviousTransfer::next
I: RecvEncryptedMessages::next
I: MonitorObliviousTransfer::next
I: DecryptChosenMessage::next
I: MonitorObliviousTransfer::next
I: ChooserDone::next
I: MonitorObliviousTransfer::next
I: MonitorObliviousTransfer::next
I: InitChooser::next
I: MonitorObliviousTransfer::next
I: RecvConstant::next
D: received message: e63eab2f9d2113d7c8cb795223404ec8fce0d65936e88f357a5cd65bfb776bfb6e5254b4f88da18b1c5dd8958ec41d5a7b3f63db2f287758b5513a2751f607f0f1a362ba6aa6bb3f6af7865963e229eb30018c56f978c6a808676ff5d74806d92efd4e4b75ca858a3c074b5907df2ff6e36847e710da138aafc03d22896a3800ff7f0bac99b9d08c908d9dd9d6212ef2605771a51e327b9e43638185bc15bfbafd827778c9fe416f4adc9e630a5d42db66f627fac0cc4882696a5e1b63f7141c
I: MonitorObliviousTransfer::next
I: GeneratePublicKey::next
D:  sending message (size 0.000384 MB)
I: MonitorObliviousTransfer::next
I: SendPublicKey::next
I: MonitorObliviousTransfer::next
I: RecvEncryptedMessages::next
I: MonitorObliviousTransfer::next
I: DecryptChosenMessage::next
I: MonitorObliviousTransfer::next
I: ChooserDone::next
I: MonitorObliviousTransfer::next
I: MonitorObliviousTransfer::next
I: InitChooser::next
I: MonitorObliviousTransfer::next
I: RecvConstant::next
D: received message: 84d023b2729b8b6eaeb18d63f619d1c9a40dfe0d8c466a5a09d910c225c5669c3e907dcc2bfcfa5e78aa7769f1ab96b05a48f4a9321b2a1153bc1f6b362d70efdfb1bdc0b07e8e5ec324fc111945a0a7b69a292df6e2963c149ca066abf80e844d8f8a5a1c165a6311862b58f06ae23a6913e54580978f9ddb95fa67197cdd3ecc2144f3ef08755182ec5e50493ad8b7223c8ebf15c56b92db9aa1e75640ffc0082fe3db4765a95bd0d706943c0df95792ec901af899cd0110e7fbf1e78c0702
I: MonitorObliviousTransfer::next
I: GeneratePublicKey::next
D:  sending message (size 0.000384 MB)
I: MonitorObliviousTransfer::next
I: SendPublicKey::next
I: MonitorObliviousTransfer::next
I: RecvEncryptedMessages::next
I: MonitorObliviousTransfer::next
I: DecryptChosenMessage::next
I: MonitorObliviousTransfer::next
I: ChooserDone::next
I: MonitorObliviousTransfer::next
I: MonitorObliviousTransfer::next
I: InitChooser::next
I: MonitorObliviousTransfer::next
I: RecvConstant::next
D: received message: 5348561c04458666dfc216ec0eaa000efac56997447cb3214372a257d601cb6ef0b81136af02af007b45ada8f412e9039fa654212f72cb56bebd9be344c6bc09a062990d58789cd0f3e8c159efe9d766b345b056af0f8ea145a477154f27e4e2aaff7a41fcbc43eb2030fe1a2a5a3df850a6424d50affcb51dec31a558ecee418a620fc1566866d0761625b91f37855b58bd033e9c42df3818ec0c6f21554437264ba771509a12872eb50584c4b10034f931360579fe00581a9beba87d2d0ebe
I: MonitorObliviousTransfer::next
I: GeneratePublicKey::next
D:  sending message (size 0.000384 MB)
I: MonitorObliviousTransfer::next
I: SendPublicKey::next
I: MonitorObliviousTransfer::next
I: RecvEncryptedMessages::next
I: MonitorObliviousTransfer::next
I: DecryptChosenMessage::next
I: MonitorObliviousTransfer::next
I: ChooserDone::next
I: MonitorObliviousTransfer::next
I: MonitorObliviousTransfer::next
I: InitChooser::next
I: MonitorObliviousTransfer::next
I: RecvConstant::next
D: received message: 38bc31f1a686b827ab6149c5339b14942d63bee0d75ca37a7f8f175200e41231ab19294514c9d0b135ccb2a97c6fdc1812cabd822135d47524929cfebf3ed30be4c8f59d44b8bbda3e18bf5a1ad553a2a724e64650acef6989386ce49e08efb57de68b6f557071d0e915fd79c2da22eb2f6056c5c9b970c76ed7d9f4664d6b1c55fabf9a3b9de1d0bed52c4b8de727dc288f199205d4ba1b5ec6295905f6467ac7f04db9772278ff4a43b82c2c489e3dd5ab2d7c0af1c3859bab916ba5b70c0a
I: MonitorObliviousTransfer::next
I: GeneratePublicKey::next
D:  sending message (size 0.000384 MB)
I: MonitorObliviousTransfer::next
I: SendPublicKey::next
I: MonitorObliviousTransfer::next
I: RecvEncryptedMessages::next
I: MonitorObliviousTransfer::next
I: DecryptChosenMessage::next
I: MonitorObliviousTransfer::next
I: ChooserDone::next
I: MonitorObliviousTransfer::next
I: MonitorObliviousTransfer::next
I: InitChooser::next
I: MonitorObliviousTransfer::next
I: RecvConstant::next
D: received message: 48ff272ae51b4d3ae6889b9b31b4c6d470d69d4c7929ac537c4848f85a99d3a396243c37beb6dec886fcf7342748d1777cc4730751562a350798631e9b4efb56a23f0e5b40bb95ca6d138c21b990ca6a2be5af1257ba1aaf468ffe58e9a6a4dfc3745a4764bb1b58047ba6f46e5d563b63e3f29842e7711ad88b741390b7fad0bf5690a3e743ad9d6f50766ee317ead716f33b4987de5186a5189bb94bfdbd6bcc02d087dce5b8e1c80787b8620338ae3ac0cb36f69beb396f9569c72e25be9a
I: MonitorObliviousTransfer::next
I: GeneratePublicKey::next
D:  sending message (size 0.000384 MB)
I: MonitorObliviousTransfer::next
I: SendPublicKey::next
I: MonitorObliviousTransfer::next
I: RecvEncryptedMessages::next
I: MonitorObliviousTransfer::next
I: DecryptChosenMessage::next
I: MonitorObliviousTransfer::next
I: ChooserDone::next
I: MonitorObliviousTransfer::next
I: MonitorObliviousTransfer::next
I: InitChooser::next
I: MonitorObliviousTransfer::next
I: RecvConstant::next
D: received message: 298d6e9e266e77b3f23ec0ad325e50f385b2640d317040daa864d303193000cf67a348d5469fbbba32fd1e18f1167b40a8a90e93b2ed980bb25ed8f36d136e8706ba2a67d23e7a0b798c96859d8cb899f078e280468ae2e5665a82088e8f4d58b32cbdff1cf507cc70aa43b07f395425aa5d657d630d5d1e7c91460bd98e6b2c010d75f29cf23af3a8902f5753dcecc67958ea982712756fe7f94d0b4c1fc0b41bb4d2bcefa7d7fc5fedd7066cf07d554151abb7bfb8cfa2205d840c308373fb
I: MonitorObliviousTransfer::next
I: GeneratePublicKey::next
D:  sending message (size 0.000384 MB)
I: MonitorObliviousTransfer::next
I: SendPublicKey::next
I: MonitorObliviousTransfer::next
I: RecvEncryptedMessages::next
I: MonitorObliviousTransfer::next
I: DecryptChosenMessage::next
I: MonitorObliviousTransfer::next
I: ChooserDone::next
I: MonitorObliviousTransfer::next
I: MonitorObliviousTransfer::next
I: InitChooser::next
I: MonitorObliviousTransfer::next
I: RecvConstant::next
D: received message: 1020414a9f39197cfd7f31a20b4facbb641f580f56229a78ea7f5f5a17670509542f1e36683d7e6e7a4ff6466df25f58370b372ccd5d02607d32aa52502b6a4a4519af1e1d12648bacf738f7cacedfecf0944d367e9a97114b4cf03d15ba80c97fe377096f1b6012ebc3bbcd3224417e44ab875f19ac4ebaf7544003b2852af7d5cf8c747264ad33610d8a8edf5c726a2266becedd964344bdedac6e1b795420568f2ef6acb6a21034daf32baf550c384f059c7677100a5e4387d8ea0d186ffc
I: MonitorObliviousTransfer::next
I: GeneratePublicKey::next
D:  sending message (size 0.000384 MB)
I: MonitorObliviousTransfer::next
I: SendPublicKey::next
I: MonitorObliviousTransfer::next
I: RecvEncryptedMessages::next
I: MonitorObliviousTransfer::next
I: DecryptChosenMessage::next
I: MonitorObliviousTransfer::next
I: ChooserDone::next
I: MonitorObliviousTransfer::next
I: MonitorObliviousTransfer::next
I: InitChooser::next
I: MonitorObliviousTransfer::next
I: RecvConstant::next
D: received message: b6afb0d4f7d7a3cf151b3dd6c98d1c3f3d8adb91d698a5bf29c8e8e18eab3a628e5630c03fbbbfec60a007f173c1d8d8f00e0fa5ffa00d6ef2dff76fc5398ba599f44d87263fd6b46c928db6fdff18e5588a9f5d706d6c19763fc27b2af347dd8f9ad477811c802ed6772fd9ff5cde9e91e7efd3ad2586a52956edc7b6b5caeab7427a184cf1e5a87b2def5fdcef94dacb4e2a5714f93adecbdf2c4321a3ddddf08cfe6b603e13eb69451f52be124f2ff24a7c97d8ca49cdf4921e07b0d44dff
I: MonitorObliviousTransfer::next
I: GeneratePublicKey::next
D:  sending message (size 0.000384 MB)
I: MonitorObliviousTransfer::next
I: SendPublicKey::next
I: MonitorObliviousTransfer::next
I: RecvEncryptedMessages::next
I: MonitorObliviousTransfer::next
I: DecryptChosenMessage::next
I: MonitorObliviousTransfer::next
I: ChooserDone::next
I: MonitorObliviousTransfer::next
I: MonitorObliviousTransfer::next
I: InitChooser::next
I: MonitorObliviousTransfer::next
I: RecvConstant::next
D: received message: edeb3b18c25949228aa764e57ac76bd584da7f0788c85556d34258b488dce5107fcbb97712c28cc2494912f5c07d082457c7c6d68820859c340edeace8f9e4a61505a5967af660784f87df3ca5d73f43dc4b28159cc244b42d29b54f355597e1101a52db5a11ef350b38d30f6c63702033267ead5a810f30db56d32c628088520b78adb7337418e80348265b7bc96c816cd86c35eba7c54b82566eab7fbac7328880c227eaafa9be04333c4f587f1cb87ac2a18da92c393dac4a781a74de6964
I: MonitorObliviousTransfer::next
I: GeneratePublicKey::next
D:  sending message (size 0.000384 MB)
I: MonitorObliviousTransfer::next
I: SendPublicKey::next
I: MonitorObliviousTransfer::next
I: RecvEncryptedMessages::next
I: MonitorObliviousTransfer::next
I: DecryptChosenMessage::next
I: MonitorObliviousTransfer::next
I: ChooserDone::next
I: MonitorObliviousTransfer::next
I: MonitorObliviousTransfer::next
I: InitChooser::next
I: MonitorObliviousTransfer::next
I: RecvConstant::next
D: received message: fd467a8fd09e8432a712197594be2802f2b0bccdea987ae8e0ae2e06e4280c2271234e84f49835b6d03dc24e62af0b903398ea5d22a6be8e269feaebcfbcc363699e499f6c1c5683ddeab454cb853717a4f4b3971491cfa16b0961aa6f35e0a544fbaefeee658ea1f86dd164b98a7e46674ab19f228125b9cee8cba782bb6ba32c1b4def6af1c1c2026d3e45c1746ee210b5413cc862894fc3aa08d5016c42de0258176ef670eed078e91157b1887add686671c629fdfe2ce4e7c870d672c92f
I: MonitorObliviousTransfer::next
I: GeneratePublicKey::next
D:  sending message (size 0.000384 MB)
I: MonitorObliviousTransfer::next
I: SendPublicKey::next
I: MonitorObliviousTransfer::next
I: RecvEncryptedMessages::next
I: MonitorObliviousTransfer::next
I: DecryptChosenMessage::next
I: MonitorObliviousTransfer::next
I: ChooserDone::next
I: MonitorObliviousTransfer::next
I: MonitorObliviousTransfer::next
I: InitChooser::next
I: MonitorObliviousTransfer::next
I: RecvConstant::next
D: received message: 34fc82fed8f97d3f48375b9c33a10bf24dcac7e0ea32a828336bf099c6d858ec68cf3a7462c9c9603d30ba49af9f26f1c2a2ef9bc1d4fe1a0e18d50f3ad014b185ee8daf3b0fa014a65dfc2758259e9df1db44247eb0a2db3ac08e7fafa5929bcd77f8ff8038779a394a50a6fa36c0847b192a32e4b2c0ec03f6974f68126027089e5033058219c1facf4fc7b72a8a0b50646b388eecbb8f2006ea64f193d144f33de4ad9cfd5ad8a02598b45ad948103a36c0d714f0d290e371a21fb78ccfbb
I: MonitorObliviousTransfer::next
I: GeneratePublicKey::next
D:  sending message (size 0.000384 MB)
I: MonitorObliviousTransfer::next
I: SendPublicKey::next
I: MonitorObliviousTransfer::next
I: RecvEncryptedMessages::next
I: MonitorObliviousTransfer::next
I: DecryptChosenMessage::next
I: MonitorObliviousTransfer::next
I: ChooserDone::next
I: MonitorObliviousTransfer::next
I: MonitorObliviousTransfer::next
I: InitChooser::next
I: MonitorObliviousTransfer::next
I: RecvConstant::next
D: received message: ec958a298558ccc15434686602fb28edc628c10ec0fe638f243bd9ae264cec1bf524b5fbcdc89560d2d82c8f65a732d11aede12a80e18a4241f18877f9d94fe0a153fd597e9dde9407d00338074d375e29fecc3e37e4ad5b2973a9b1cca8006cc39b835aa49ea4ad90d819447b2fed4777a121d935e2f2b12129a33d0e0e042b39f7f7f5e103668bcaba962984f8af1a106f65947d947286dfff47301c4544e8395119be1165be81e105020a43ca8ee548409551d78adef1ce61b5d58c240409
I: MonitorObliviousTransfer::next
I: GeneratePublicKey::next
D:  sending message (size 0.000384 MB)
I: MonitorObliviousTransfer::next
I: SendPublicKey::next
I: MonitorObliviousTransfer::next
I: RecvEncryptedMessages::next
I: MonitorObliviousTransfer::next
I: DecryptChosenMessage::next
I: MonitorObliviousTransfer::next
I: ChooserDone::next
I: MonitorObliviousTransfer::next
I: MonitorObliviousTransfer::next
I: InitChooser::next
I: MonitorObliviousTransfer::next
I: RecvConstant::next
D: received message: b3aa46ccf5bce1ef44148c86c6a06f9fe717b2dfb4fe3e799c39863aa6276422afeac02a42225043512a84969046db66b70d62728b9fde8b199c6213b1c6552b6d80d3abf6a34e67012c40b7eaae235cef6d2f5f17ac3f2f968d0a363224cb89da3f443f0dbb527b51a874208a2f8ab730862c91a2853ee25e6f608b376dcc3e3f69da2235f583007eca48627dd9ef6e2c1a5b774d2c5a7da446975c80e3a1ce9f3ac96abca8eccd1fd46f0efbd9afd59cc63a2622cd518d9e59e1e2f76b6f8c
I: MonitorObliviousTransfer::next
I: GeneratePublicKey::next
D:  sending message (size 0.000384 MB)
I: MonitorObliviousTransfer::next
I: SendPublicKey::next
I: MonitorObliviousTransfer::next
I: RecvEncryptedMessages::next
I: MonitorObliviousTransfer::next
I: DecryptChosenMessage::next
I: MonitorObliviousTransfer::next
I: ChooserDone::next
I: MonitorObliviousTransfer::next
I: MonitorObliviousTransfer::next
I: InitChooser::next
I: MonitorObliviousTransfer::next
I: RecvConstant::next
D: received message: ed7f7d547c8d2816ea09f2e587d9e8a609da187f42ace5bdc0e3704fe0f9991fed4706a4a68f79b089fd0d1a15831a623947d75de1e1fa61f07bcf876916ca0145490564be7eb4779dfff81c849c03989a9e9ba36a8848b76fd2918e008632b9bc434fa3b07e7c6185dfc9f12af6ae58d1b3ce1388103b7397ab0960dad83e6953d6a5ddcedd795bf5306a7a20f3e712682d6c3365ae5c0d63d1045c726fb9a67fd8933806d4531cd853ad80c0cc75c41067d5aaed9649afe155cbe154719987
I: MonitorObliviousTransfer::next
I: GeneratePublicKey::next
D:  sending message (size 0.000384 MB)
I: MonitorObliviousTransfer::next
I: SendPublicKey::next
I: MonitorObliviousTransfer::next
I: RecvEncryptedMessages::next
I: MonitorObliviousTransfer::next
I: DecryptChosenMessage::next
I: MonitorObliviousTransfer::next
I: ChooserDone::next
I: MonitorObliviousTransfer::next
I: MonitorObliviousTransfer::next
I: InitChooser::next
I: MonitorObliviousTransfer::next
I: RecvConstant::next
D: received message: 96ca4a5895c625207def430529071d5e0a129ff7fbd60b0c31f1ebca1614cc8b1556b136637345786eae1069dcdbfa9db4756d17afca7cc8554939704e5b1ddb48965ed1f43acd91f36ad123d8ffe1f4f4fed1f23a9323a989d882354d67da1135e85a079d3d3e0961a89e75dd915b2a8123e5a253826af4d30fad7143da4a0349d387f3922e8706498dffacc695cc36838a03ad6e46113a8464aa4bf20c513412264325df2020dc68c06b88f0f969f22f91386614d58cd49234f86544ba4c19
I: MonitorObliviousTransfer::next
I: GeneratePublicKey::next
D:  sending message (size 0.000384 MB)
I: MonitorObliviousTransfer::next
I: SendPublicKey::next
I: MonitorObliviousTransfer::next
I: RecvEncryptedMessages::next
I: MonitorObliviousTransfer::next
I: DecryptChosenMessage::next
I: MonitorObliviousTransfer::next
I: ChooserDone::next
I: MonitorObliviousTransfer::next
I: MonitorObliviousTransfer::next
I: InitChooser::next
I: MonitorObliviousTransfer::next
I: RecvConstant::next
D: received message: f12989917b4589c59a2eec532ec5f6eb48ec4b968820d809e1a3cb6b1f3b93da1286e54cf8d128fcd300ec1414562b25f5ee723c64bc4798e18d0a8d611beb5e97c2ee1773a77140fd031e00bb005354a9eaa423a65efc3e12bf5b5ca4f85a7a264a451e658f0a11bdae1a6f6b9279195734c816b4ad2593141ae90ddd1af2f60d5ecc80e2838aa43c4a19a5235361dee393462a012e300bde31e8a00ad5bbdc281b2e2439496194c4ae453d7354c5764f80442b974d0d7a618ea21feb09689
I: MonitorObliviousTransfer::next
I: GeneratePublicKey::next
D:  sending message (size 0.000384 MB)
I: MonitorObliviousTransfer::next
I: SendPublicKey::next
I: MonitorObliviousTransfer::next
I: RecvEncryptedMessages::next
I: MonitorObliviousTransfer::next
I: DecryptChosenMessage::next
I: MonitorObliviousTransfer::next
I: ChooserDone::next
I: MonitorObliviousTransfer::next
I: MonitorObliviousTransfer::next
I: InitChooser::next
I: MonitorObliviousTransfer::next
I: RecvConstant::next
D: received message: c913da99281d71b633a39b4150005069f6f2d9b90c842ae1536e2a188f9b15a9ecbfdf97c0f23ea4032cc191a04fb47ab598337820f9861dc19c9df407c63d8ced7b368e064d0710dae7dc04d814a97c83576a0460a9c6a7bbabd78cb0b7bd29368711a864dc809851dcf56f7d352d562f834229c89d225b8a63950c98307df8e1c109ce018766ae8bb377d9cb9d89aa45c435bab0f61dbfeea04e3bdd2365d41b9e7f39cfda0b1c4f76db7b09f2cfd4e83f4500ae34c989fb2da3b15d004d0a
I: MonitorObliviousTransfer::next
I: GeneratePublicKey::next
D:  sending message (size 0.000384 MB)
I: MonitorObliviousTransfer::next
I: SendPublicKey::next
I: MonitorObliviousTransfer::next
I: RecvEncryptedMessages::next
I: MonitorObliviousTransfer::next
I: DecryptChosenMessage::next
I: MonitorObliviousTransfer::next
I: ChooserDone::next
I: MonitorObliviousTransfer::next
I: MonitorObliviousTransfer::next
I: InitChooser::next
I: MonitorObliviousTransfer::next
I: RecvConstant::next
D: received message: 9fe9a8290bb1a070a20ad30a657687bdd363bd7cbdc2cfeaed59bd5ce44bab49297daa399b01de34528cb4e3175029065138d2015083b1984c3f9ef4e264b7e763ad27583b35357a960d5f64cf66ee224cc454c696e1aae0ce0f51de7dc8feabaa90fc845c2e1fbe45536f818fc4819194393bde613860cabf5d6dd749047e42537b96f9a9a0ad1b440a5e454ff01f2ccbaa033f164da5f2b320a3203d3378f19918356335f59c8de8232ccd5cf039ab2673fb5d89f8b0c6e8dc8d92cf2d872b
I: MonitorObliviousTransfer::next
I: GeneratePublicKey::next
D:  sending message (size 0.000384 MB)
I: MonitorObliviousTransfer::next
I: SendPublicKey::next
I: MonitorObliviousTransfer::next
I: RecvEncryptedMessages::next
I: MonitorObliviousTransfer::next
I: DecryptChosenMessage::next
I: MonitorObliviousTransfer::next
I: ChooserDone::next
I: MonitorObliviousTransfer::next
I: MonitorObliviousTransfer::next
I: InitChooser::next
I: MonitorObliviousTransfer::next
I: RecvConstant::next
D: received message: 91e3e190bd48a81cb6f671b33a665bee90a86774209ce2c3d0b1435ced7db3facde5eb39e87eef06a01dfa48b7c421d5a2df49c65afa767fba8729c80eb6db0c147ea0711b10a065213c4ae636cb69a7b6d4f91c802426af1825b8b19af355f1307ce924c80e2653f3f4ec89edd4fb46521786140dc3e8de8084baef20976d61273f3432d54dac23a8c8f17f2c0bb37ab4d6a7ec9f13eab934176b999dd5ba777dad91602a799c0dc8c84195bb8ae90ff8b0ff9bc484eda172aa3f55cc85f05d
I: MonitorObliviousTransfer::next
I: GeneratePublicKey::next
D:  sending message (size 0.000383 MB)
I: MonitorObliviousTransfer::next
I: SendPublicKey::next
I: MonitorObliviousTransfer::next
I: RecvEncryptedMessages::next
I: MonitorObliviousTransfer::next
I: DecryptChosenMessage::next
I: MonitorObliviousTransfer::next
I: ChooserDone::next
I: MonitorObliviousTransfer::next
I: MonitorObliviousTransfer::next
I: InitChooser::next
I: MonitorObliviousTransfer::next
I: RecvConstant::next
D: received message: 4038e75779cb633b870c85b9e62b64373210fc51ee734f80d653d57c215f94c427b0927871d64529249fc41574876f45dc4e861b051d7485c58486cfe977b177d4b50aa0c10dbab5ff76278967f53ee28b73e898f2ac8e68a0c45c7159747826789e9f692de800156a9bc179c29d4babceda96bbe1dbd4cc0a2437b69e3c3d9eca86cdb39c76a2e73a8ebe5b1bf0abf363bb16ce0fba1823eaf4d17b5b057305bd42d5a37157bfaf6dc4cfc968076a22a9cf87ceb8682f4e320faacb64436ad8
I: MonitorObliviousTransfer::next
I: GeneratePublicKey::next
D:  sending message (size 0.000384 MB)
I: MonitorObliviousTransfer::next
I: SendPublicKey::next
I: MonitorObliviousTransfer::next
I: RecvEncryptedMessages::next
I: MonitorObliviousTransfer::next
I: DecryptChosenMessage::next
I: MonitorObliviousTransfer::next
I: ChooserDone::next
I: MonitorObliviousTransfer::next
I: MonitorObliviousTransfer::next
I: InitChooser::next
I: MonitorObliviousTransfer::next
I: RecvConstant::next
D: received message: f9bc9f3f828c893293ec1c5ee80e12884a870e27097744013ef84860334040c7a65e730a86f17c9e672137bcbc6ae5cbc0c6e71dfba4bae26b4f3585043f4023f5d105161e9e353b8f32e59c4fe06a5fe91f94b92de89d8e987b6ab3b4edcec5bee6005f441d1ec467447356b09f3673a434b068dee5067243f26434e726e07c69fce0f40858f3a0fd5fb4262ea1d80fbbe3f5a2b104b40c7900dfc6ab8eaee13a7224a5ec5d3a0dd3e3c618abe83122ed34a6c72dd9f0a0764fdc0dd214471e
I: MonitorObliviousTransfer::next
I: GeneratePublicKey::next
D:  sending message (size 0.000384 MB)
I: MonitorObliviousTransfer::next
I: SendPublicKey::next
I: MonitorObliviousTransfer::next
I: RecvEncryptedMessages::next
I: MonitorObliviousTransfer::next
I: DecryptChosenMessage::next
I: MonitorObliviousTransfer::next
I: ChooserDone::next
I: MonitorObliviousTransfer::next
I: MonitorObliviousTransfer::next
I: InitChooser::next
I: MonitorObliviousTransfer::next
I: RecvConstant::next
D: received message: 9f7b4d7a80a312edf0e58b7927858cfe26a8befd094c380ddc70f68b83192899c73e1c42a47ac77c8e1414e311686194474e7504429b8433130a347f87dceca18ee002d4e269cf07e637f24d73def7f4d1cbc1537d0e08de09f29c0383be41f7db3bb8ddfca449ca45f9634365b371b7560d768b771e9313ba85829e6b3af0db87f3bbbefe38c2430d33229a9bd9720df8cbfb2cfc9e7daf52fc7ed7086b4a40e0b2e4c3c1e88a13ba261371944b50db6f4821bc988e4392b7021e991fb2908e
I: MonitorObliviousTransfer::next
I: GeneratePublicKey::next
D:  sending message (size 0.000384 MB)
I: MonitorObliviousTransfer::next
I: SendPublicKey::next
I: MonitorObliviousTransfer::next
I: RecvEncryptedMessages::next
I: MonitorObliviousTransfer::next
I: DecryptChosenMessage::next
I: MonitorObliviousTransfer::next
I: ChooserDone::next
I: MonitorObliviousTransfer::next
I: MonitorObliviousTransfer::next
I: InitChooser::next
I: MonitorObliviousTransfer::next
I: RecvConstant::next
D: received message: d85d95e5e079e6da2b8d33bb59d2c1622929d835741c1691309ba94e8122a0d67591f3accaacd5d31d47c07db498546d8aebf463a2dbfa6d7138e794b51aadad5a253a42207633e3457d0cc13e9156977f5e297b6edf96c5586069b7339980b5fa333f83be65e35d736e472ddd39f7e7eba7e2fdc92676c19e03774663f13baa31c5cfef32b3c4a05b469ea475aaa185d16b048907a2fbaeabdc181f718a5f024992defb04c8c446fcd80d1e96ee06d8a82cbb0bd37ccdea6559d48ce35e29b6
I: MonitorObliviousTransfer::next
I: GeneratePublicKey::next
D:  sending message (size 0.000384 MB)
I: MonitorObliviousTransfer::next
I: SendPublicKey::next
I: MonitorObliviousTransfer::next
I: RecvEncryptedMessages::next
I: MonitorObliviousTransfer::next
I: DecryptChosenMessage::next
I: MonitorObliviousTransfer::next
I: ChooserDone::next
I: MonitorObliviousTransfer::next
I: MonitorObliviousTransfer::next
I: InitChooser::next
I: MonitorObliviousTransfer::next
I: RecvConstant::next
D: received message: c585f57aa4766932d39d6ea661b394d07a848ac6924bd38b8f1982fbc856a765993814d2ca4a1757592cd9be72d1afa02e3660f8a036dfeb2e569c1bd6d0d74c64ee3fadb921019a0d6dbbaa90e1b9fc92acc8faff773650b5db1eca973541b18d7deea7000de1e1303490282875fbd1eafe0ef56f88d055de61e6f7004bea8d56b237ef61f93df85a95fa19245987a523fffcb1b73dae6954ec43510c8a4e52758ea37ecb611b54e05189c2ddad6a50d9a7ff48a216893e766b20072e2c5746
I: MonitorObliviousTransfer::next
I: GeneratePublicKey::next
D:  sending message (size 0.000384 MB)
I: MonitorObliviousTransfer::next
I: SendPublicKey::next
I: MonitorObliviousTransfer::next
I: RecvEncryptedMessages::next
I: MonitorObliviousTransfer::next
I: DecryptChosenMessage::next
I: MonitorObliviousTransfer::next
I: ChooserDone::next
I: MonitorObliviousTransfer::next
I: MonitorObliviousTransfer::next
I: InitChooser::next
I: MonitorObliviousTransfer::next
I: RecvConstant::next
D: received message: 4cb522143a0be56cdd2092d3be5ad98273aec9dfb0d2dd0c64fee0d07a78491c8faae7b0275aca62101439793c3282f18d8522b25ff8905e26ac63c890e9f579777126c7c9b2527bbd0fc80157be40ad4eaad2920110335cf7f3d90c567a3986b7cc1b97cd96905e14c56bad6e64a0142f5af8fd7ae5f323a6827213be24a290537aec1d8b2ce9d7a525be24525157769b5ef540bdb46a98dea8b8994fa5f16217e85c9041405fd2419734bd77f6f2c909dcdf509850b229828e668edab9b6f3
I: MonitorObliviousTransfer::next
I: GeneratePublicKey::next
D:  sending message (size 0.000384 MB)
I: MonitorObliviousTransfer::next
I: SendPublicKey::next
I: MonitorObliviousTransfer::next
I: RecvEncryptedMessages::next
I: MonitorObliviousTransfer::next
I: DecryptChosenMessage::next
I: MonitorObliviousTransfer::next
I: ChooserDone::next
I: MonitorObliviousTransfer::next
I: MonitorObliviousTransfer::next
I: InitChooser::next
I: MonitorObliviousTransfer::next
I: RecvConstant::next
D: received message: dae931f0ad261a207587cfc3a6ee8eba94b7b003b997862bc8fa6262d42a006d704e2131980ede50fb8474a1568d68e9908ecc83bb0bab13eadd7536b3fe17bc4d0634bc4d2964cfab2ff70d917f15a69bd7c2ef3c03e33d045aedab979475be4e90f7440793ef639096a45bb6cb390984d803571f020172d7eccaa27d5a1982a05e965ee190922b4063bd5569f9c78e50b004c1c261802ba4945354b249cc3673f122fbc049a7ffaad3f777610c38046a21c44d88c0e8563cb158f960047b33
I: MonitorObliviousTransfer::next
I: GeneratePublicKey::next
D:  sending message (size 0.000384 MB)
I: MonitorObliviousTransfer::next
I: SendPublicKey::next
I: MonitorObliviousTransfer::next
I: RecvEncryptedMessages::next
I: MonitorObliviousTransfer::next
I: DecryptChosenMessage::next
I: MonitorObliviousTransfer::next
I: ChooserDone::next
I: MonitorObliviousTransfer::next
I: MonitorObliviousTransfer::next
I: InitChooser::next
I: MonitorObliviousTransfer::next
I: RecvConstant::next
D: received message: 80f909fa53f4630a165068299f201a9d05afd13934c58cfdcdc1620efa79ca823c12e983eb1a88951a6816bfbb9565076134afd984f95b015f5db83e8b16949dd9446a131683a717b5668226e867690e48c886ba16266cb73ff1749baea10b3fbd38b7daaf990c143550ac743fa569fd0b92c157cb73f150b8512ffd99cb2ca9795c561842e6651129ba51200c8754b6cfd013dac78cea73c1395e4eab13b64a2617bb078f36b4bff64a40db08858b30f07454b596edd3a776aa0f7022f8f478
I: MonitorObliviousTransfer::next
I: GeneratePublicKey::next
D:  sending message (size 0.000384 MB)
I: MonitorObliviousTransfer::next
I: SendPublicKey::next
I: MonitorObliviousTransfer::next
I: RecvEncryptedMessages::next
I: MonitorObliviousTransfer::next
I: DecryptChosenMessage::next
I: MonitorObliviousTransfer::next
I: ChooserDone::next
I: MonitorObliviousTransfer::next
I: MonitorObliviousTransfer::next
I: InitChooser::next
I: MonitorObliviousTransfer::next
I: RecvConstant::next
D: received message: d82f0fa24e4df23d07dd2105cab20a148e7028340a82a5dba0bb15459f062d7df22fc6cea8640c4ec14b7ad7a203df5daf0f9c23be418078daff9032e62dad286cb34cc8a7323621f9480cd76344ac00c15134d569da00af5c92a5d4cedf3bf7636a93bdab08e71adb7636c5465e66b35eabbfa5f369edc57e87a7570b76a5a3bf30a008abeb547b6adf970fdb19a49aff61fe5bbb03c4db1f97aceb8dfd36be1b7785e4fad59fdf53120b88bfde0d8281331ff879a76327a0a3380ba39d4362
I: MonitorObliviousTransfer::next
I: GeneratePublicKey::next
D:  sending message (size 0.000384 MB)
I: MonitorObliviousTransfer::next
I: SendPublicKey::next
I: MonitorObliviousTransfer::next
I: RecvEncryptedMessages::next
I: MonitorObliviousTransfer::next
I: DecryptChosenMessage::next
I: MonitorObliviousTransfer::next
I: ChooserDone::next
I: MonitorObliviousTransfer::next
I: MonitorObliviousTransfer::next
I: InitChooser::next
I: MonitorObliviousTransfer::next
I: RecvConstant::next
D: received message: 2c0db5f4fbf5919d839c31e177fbc59f8e6e1875859ca071ea63495cce5b49b3b411ec7c33c23d290f69b481308d3d0391bfdfe84d76f0f5ab3fe14cbc3bcefd7022b482ec0fb4a88c5ab8fb7605cb4df3190fdb365b3292d6c9051ae03572befaf8147453b33efd3e0cc2fcb8ef1d95e5b2aae8f8c1bcd9013fe1cfd241ba6545e42bbc5183da090460e04503ae98b0c775cb117af9eec85bc4249fd5416e468ecde8e15108fd6fe0071c35c20af74d230a0b8bb5511bd38a01e28bb17f33c5
I: MonitorObliviousTransfer::next
I: GeneratePublicKey::next
D:  sending message (size 0.000384 MB)
I: MonitorObliviousTransfer::next
I: SendPublicKey::next
I: MonitorObliviousTransfer::next
I: RecvEncryptedMessages::next
I: MonitorObliviousTransfer::next
I: DecryptChosenMessage::next
I: MonitorObliviousTransfer::next
I: ChooserDone::next
I: MonitorObliviousTransfer::next
I: MonitorObliviousTransfer::next
I: InitChooser::next
I: MonitorObliviousTransfer::next
I: RecvConstant::next
D: received message: 97e7482092c6c00709a9b1544d7fd634fab9021ac9a92cfe289d1da18095345113fb601b1892e4061016dda5f70b68e55caec966e1657c2657065c2ab8c043c70ff766a5669f02a5384e97f08afd97b03821c909a645f974ac11b4f7be6549815596fb1d6ea7298f36151819a91904fe6b369e1a3e76e04b534c6a4a0269c9317fd0b7eb8e83c37cc280e4309cf3f9b336d728c0c1eaf030e3bebc2b41ad0f15cc5ddc27b3740763932c1efa7378fdc23f8d6da2e2e11860b991d029b9ddd8f2
I: MonitorObliviousTransfer::next
I: GeneratePublicKey::next
D:  sending message (size 0.000384 MB)
I: MonitorObliviousTransfer::next
I: SendPublicKey::next
I: MonitorObliviousTransfer::next
I: RecvEncryptedMessages::next
I: MonitorObliviousTransfer::next
I: DecryptChosenMessage::next
I: MonitorObliviousTransfer::next
I: ChooserDone::next
I: MonitorObliviousTransfer::next
I: MonitorObliviousTransfer::next
I: InitChooser::next
I: MonitorObliviousTransfer::next
I: RecvConstant::next
D: received message: 66822b0490ae62e9c8df0ef1e9ef1c36edb82dc10acf8c53c7e4e27eb661091f312aa2a2e9b7c3f92862613f31fb490466a2d4ca139fa2e4fc19ee8a11ea7cf7b03f9406d099e0673876cbc40eb80dec5862f0d1b3fd33a6c78e7d9ad8d6bcb0f1abeb89586e32dee69da6a9430b1acaf53de6f23e70b763ef3aae985c0f9724b950ebcd6398c6145d1f7fa103002c784bfeb8b18a5349239e4ed7128e9bbd393534afbcda258695a5c616e1e54074241ad67186d887e32cf49ecc96ce3631b6
I: MonitorObliviousTransfer::next
I: GeneratePublicKey::next
D:  sending message (size 0.000383 MB)
I: MonitorObliviousTransfer::next
I: SendPublicKey::next
I: MonitorObliviousTransfer::next
I: RecvEncryptedMessages::next
I: MonitorObliviousTransfer::next
I: DecryptChosenMessage::next
I: MonitorObliviousTransfer::next
I: ChooserDone::next
I: MonitorObliviousTransfer::next
I: MonitorObliviousTransfer::next
I: InitChooser::next
I: MonitorObliviousTransfer::next
I: RecvConstant::next
D: received message: 1087f91cff4caa23a2933d627bbf7cbb5e71e89dec29dc086d3c7255f17bfac71dc86a7543939133b9bbc3723893f0ac836781e12e52527b5e26f0e25744b526d629fa44b8495b684664a486f48e7714a87a361f55ee14f51641a601ebcf3fd550fdd27aa573625c20342850aba786404717d39782d0e7c9cb74e5133c76d8c3ba93fe714fc9378a7fb23b9e91bed702cc99bc26a04b903ca491a2fd4b455f34f8e601408faf885e3eb5edeb6ab0ea8e9434eddc07df4738b628cecdbb959ee0
I: MonitorObliviousTransfer::next
I: GeneratePublicKey::next
D:  sending message (size 0.000384 MB)
I: MonitorObliviousTransfer::next
I: SendPublicKey::next
I: MonitorObliviousTransfer::next
I: RecvEncryptedMessages::next
I: MonitorObliviousTransfer::next
I: DecryptChosenMessage::next
I: MonitorObliviousTransfer::next
I: ChooserDone::next
I: MonitorObliviousTransfer::next
I: MonitorObliviousTransfer::next
I: InitChooser::next
I: MonitorObliviousTransfer::next
I: RecvConstant::next
D: received message: 31aa93852e8b80ecda9fcaa0600a8e223a3cd1344a369d26e201dbd89d9a5f59321d79068aaa3f92699347a483233efe464883482c4969d5de1632f85c323241a70dc1b1953f3a0bfdcc348556a647fb79e20a13313de1e7c05e472065e3dc8c2b06c7aff460a57334646bc895eb70489e83ae9599573425f6271c7a56ef7b9eb27588cacf1fbc696b33c98601148922bded349ce237cfaf5fdb89dffd45b6ea54f7515b67434dde39517face438bfe5116574ab744f3fd8f64cfbceb81cdcb0
I: MonitorObliviousTransfer::next
I: GeneratePublicKey::next
D:  sending message (size 0.000384 MB)
I: MonitorObliviousTransfer::next
I: SendPublicKey::next
I: MonitorObliviousTransfer::next
I: RecvEncryptedMessages::next
I: MonitorObliviousTransfer::next
I: DecryptChosenMessage::next
I: MonitorObliviousTransfer::next
I: ChooserDone::next
I: MonitorObliviousTransfer::next
I: MonitorObliviousTransfer::next
I: InitChooser::next
I: MonitorObliviousTransfer::next
I: RecvConstant::next
D: received message: ac6ca8fbe8942c287b0333214a1a6234cf405cf5becf91640def5827fecd20a0d83dc330e286d8ec5e8a250cb64f3179f0cfac4d9a6dc514351edb4fffc4cc4071b6d54d12b9c1834c1f7fae2af97986b7dfa5b002632fead3ee754a0c8a0e9b7d1a86757e83d4d4105c88ba72a40d5bf8150bf030cbfbab615450098287eb01680153c7c32a1bef284d9f5b0fdbbaa2def3ae6fb451b64b954502435bda1ae1c2806d6278b23a5eb45cae4c9b9473fadd156e2e72a7c0231d8665da83009e5
I: MonitorObliviousTransfer::next
I: GeneratePublicKey::next
D:  sending message (size 0.000384 MB)
I: MonitorObliviousTransfer::next
I: SendPublicKey::next
I: MonitorObliviousTransfer::next
I: RecvEncryptedMessages::next
I: MonitorObliviousTransfer::next
I: DecryptChosenMessage::next
I: MonitorObliviousTransfer::next
I: ChooserDone::next
I: MonitorObliviousTransfer::next
I: MonitorObliviousTransfer::next
I: InitChooser::next
I: MonitorObliviousTransfer::next
I: RecvConstant::next
D: received message: b6f45293c9c121dbb3a6635815e5a6434bb90d72d3ebe35ab09917836157459b6ca8ed559473f159205961ce696f8389fa5f4ad63350b6ba810bfecf1b33aecd8d948d111ce535fdb2393bce4183c813e6cc033fe24103a58cd7fffff0df6c5494d546f6d5703266d2453c065cf290daf0f2e2c099a0c95533c3fbd5110f47b957da74bacbea96ea5a5a5acad26e394dbea6530e8672301dd06c1f1810a79e2aedc5d3daa14fa905a9d715713a17210470df83a817a0351a880192d42696d608
I: MonitorObliviousTransfer::next
I: GeneratePublicKey::next
D:  sending message (size 0.000384 MB)
I: MonitorObliviousTransfer::next
I: SendPublicKey::next
I: MonitorObliviousTransfer::next
I: RecvEncryptedMessages::next
I: MonitorObliviousTransfer::next
I: DecryptChosenMessage::next
I: MonitorObliviousTransfer::next
I: ChooserDone::next
I: MonitorObliviousTransfer::next
I: MonitorObliviousTransfer::next
I: InitChooser::next
I: MonitorObliviousTransfer::next
I: RecvConstant::next
D: received message: 2b96adac47afd0b37d864226f8e8a72d9987ae528f77d3d2bf0e059e3ee287bd204d8cd1ba2e349602cdf0d111006344ef56eb386f9b58718fc23ad5ad543d782b65403524ac58e7bb64b824cd24a11ed2b43fe3715d6fc8e77cd992a80bcbefbb3bc741cf57cee54f157564c1a1e50ea6c015693b1a59fc3cd05a85eab0837c396a3d7cddefef9fee249d7ddec9da1d3425dac0e694b4d889c5d41fae51d12a31ad4f423fb2cb043e0532264dd35d9a3c1ec7420e4c1eb9e51d338888172021
I: MonitorObliviousTransfer::next
I: GeneratePublicKey::next
D:  sending message (size 0.000384 MB)
I: MonitorObliviousTransfer::next
I: SendPublicKey::next
I: MonitorObliviousTransfer::next
I: RecvEncryptedMessages::next
I: MonitorObliviousTransfer::next
I: DecryptChosenMessage::next
I: MonitorObliviousTransfer::next
I: ChooserDone::next
I: MonitorObliviousTransfer::next
I: MonitorObliviousTransfer::next
I: InitChooser::next
I: MonitorObliviousTransfer::next
I: RecvConstant::next
D: received message: 2b71fb9447d78028368cc20e058c5ebc67c8d217c2cbf7770f8206d0fccec78ada689adae9008cbee395ffc3f330b20fc1fef43589b7fa84e41d0780a5bcb5cd88f7adcbab29e9dd4fd13c1cae7c383a61a785083debb4efd2bbfa6b2b2fc6d44f0ed9343d75f14f743d5fd8b9a9fe1d9445fdc12a38300373c2e6f4e0e2d07d3c39323a02e00e765bf1586ce2be5efad9843d2c6f17301f9931721b036f0785a65b98216615ea45a35aed80da8238db1303d5b013c439545781f8ea558d5112
I: MonitorObliviousTransfer::next
I: GeneratePublicKey::next
D:  sending message (size 0.000384 MB)
I: MonitorObliviousTransfer::next
I: SendPublicKey::next
I: MonitorObliviousTransfer::next
I: RecvEncryptedMessages::next
I: MonitorObliviousTransfer::next
I: DecryptChosenMessage::next
I: MonitorObliviousTransfer::next
I: ChooserDone::next
I: MonitorObliviousTransfer::next
I: MonitorObliviousTransfer::next
I: InitChooser::next
I: MonitorObliviousTransfer::next
I: RecvConstant::next
D: received message: c0425c1ad960e08e4fedaa798b59c5632da42295fc43f4870e693d73c3ed36ade0a60cc1458c429d1a707d210b778ca5851dc9e788855ddd94dd920dbdb54fe180b89ff49bce29503b82a94688cc453a0179eb3463b1a86231947ae03913397d74e5785553f11223ff2b67e0086f228e0fdd03aef5a47821e83981b15637ddbc3ea1564d9819ef9a9c14465e03388393e2b11217f4852339bde6b04643b0fb39483fd2ab62c9cf9f16a16eafba7b968b8f21f32f0f841a99809a67598c273f19
I: MonitorObliviousTransfer::next
I: GeneratePublicKey::next
D:  sending message (size 0.000384 MB)
I: MonitorObliviousTransfer::next
I: SendPublicKey::next
I: MonitorObliviousTransfer::next
I: RecvEncryptedMessages::next
I: MonitorObliviousTransfer::next
I: DecryptChosenMessage::next
I: MonitorObliviousTransfer::next
I: ChooserDone::next
I: MonitorObliviousTransfer::next
I: MonitorObliviousTransfer::next
I: InitChooser::next
I: MonitorObliviousTransfer::next
I: RecvConstant::next
D: received message: 59f1cc4194e28e51990b970aea00077e97254ed238b79a91c8275200a7e98eeaa6fc532e3d221697b769704dcb10fda999b14117da2511758c940335b72750a882bdae5759f3d6130a8bc3bbee215ba49a45bad00d0802d80b44dfd9417e54d3b0e40ddb22a3318d6732229ab2aab37858d1e36a559f4c3d23ac685852bfdde56cf951ecf072291c2e24c6ceafc559d62dee512907043d2cb90408e015041f71732302cbd62a9cb2396d7de049cc771bfac858b73997e50f3696e25397927baf
I: MonitorObliviousTransfer::next
I: GeneratePublicKey::next
D:  sending message (size 0.000384 MB)
I: MonitorObliviousTransfer::next
I: SendPublicKey::next
I: MonitorObliviousTransfer::next
I: RecvEncryptedMessages::next
I: MonitorObliviousTransfer::next
I: DecryptChosenMessage::next
I: MonitorObliviousTransfer::next
I: ChooserDone::next
I: MonitorObliviousTransfer::next
I: MonitorObliviousTransfer::next
I: InitChooser::next
I: MonitorObliviousTransfer::next
I: RecvConstant::next
D: received message: 6e069aa3b48222e4a16b87b909ad55130a7de3408582a3499b1905dc2c63f20a0661972d8ef6be4836d0eed03f43eb0a7091f6b986127446e0514ed1c964a6ad984b016150a03d9ce7a88e8112cad2f446ccb42cf50a220e65e9ba873c6f3b80a40f6ba3b4f9623f95346d22772576304b1a60d915d4d5e60b0514e0e18e8a08f7d2db46f4eb74f3f0537f20237a6e940eab51269008ba3dea56d414b7530593f0156e4458e2973ccae5088fe4b28319df192ddd0a4f06c76cb215807125ad04
I: MonitorObliviousTransfer::next
I: GeneratePublicKey::next
D:  sending message (size 0.000384 MB)
I: MonitorObliviousTransfer::next
I: SendPublicKey::next
I: MonitorObliviousTransfer::next
I: RecvEncryptedMessages::next
I: MonitorObliviousTransfer::next
I: DecryptChosenMessage::next
I: MonitorObliviousTransfer::next
I: ChooserDone::next
I: MonitorObliviousTransfer::next
I: MonitorObliviousTransfer::next
I: InitChooser::next
I: MonitorObliviousTransfer::next
I: RecvConstant::next
D: received message: 9aa9d603ae1a3d8aed6cbaf1cf46f071710e1b5ccc95d6186249ba441bd8bb89ca598e54ace3356009e16f5bd448c16a44bca5d87ccd26844f3e134f718f873587636df49d52eec9625ceaa0e65db97b7e0db675cb04bc425583abefd481c72fa97ebca8f590e8fad46312874472c602d3e1db12a9877580e1130b858e2aa51ec67c3f276eeef92a41a77fe2956e26532e41a6b40a305cf08d2c72ec275fa61347a1eb7d59079fd36843397faf60c1223c4f514af4c184c26926d0036e2c2db7
I: MonitorObliviousTransfer::next
I: GeneratePublicKey::next
D:  sending message (size 0.000384 MB)
I: MonitorObliviousTransfer::next
I: SendPublicKey::next
I: MonitorObliviousTransfer::next
I: RecvEncryptedMessages::next
I: MonitorObliviousTransfer::next
I: DecryptChosenMessage::next
I: MonitorObliviousTransfer::next
I: ChooserDone::next
I: MonitorObliviousTransfer::next
I: MonitorObliviousTransfer::next
I: InitChooser::next
I: MonitorObliviousTransfer::next
I: RecvConstant::next
D: received message: 8256e37a77923af1cd54e46b7102685a9c8de0a11f91d9955038807e19920fe7c0d4ffa0724da9d7e392645c61c3fe5bf4d499de6fe8df5a1a1bf5ee6822c4d52dca37ffeb662ca7662b6cabcc1f0c095a8d4ae474514b091b5f1d72dab60924ab446bd6f3c6a5a03c67fdc15cd3bb861d6641248563ef90367c43114c38671d2778260e6f177ad8916d37091b5dc454dae937e204ac51d476d12ab408a554f7be992489869e92ae362a6e607a5cb34dad394c088cd32b31f0e03911678ab1f3
I: MonitorObliviousTransfer::next
I: GeneratePublicKey::next
D:  sending message (size 0.000384 MB)
I: MonitorObliviousTransfer::next
I: SendPublicKey::next
I: MonitorObliviousTransfer::next
I: RecvEncryptedMessages::next
I: MonitorObliviousTransfer::next
I: DecryptChosenMessage::next
I: MonitorObliviousTransfer::next
I: ChooserDone::next
I: MonitorObliviousTransfer::next
I: MonitorObliviousTransfer::next
I: InitChooser::next
I: MonitorObliviousTransfer::next
I: RecvConstant::next
D: received message: dae25b6ad83b65555f92cf926260d97714a5dbb94184640e8d38df905acb90ad59b029151ed4c667e5cb06eb7eaaa31c206a56a121ad446b74b64abd83283c891f37580b09e6d628db677047233ac0861a9802693781d6ab3c593b03c265484726c836230724aef08a72be01fc572c5c8306a611c5709276f354348fba99088d31d2f99256963d870eba1c0d3d804bb756cc2061f902203d337169f1a1d87c2a62fb215e5d65869d5f6c57e4ae896f9565033ba137d091c06631805a588bf101
I: MonitorObliviousTransfer::next
I: GeneratePublicKey::next
D:  sending message (size 0.000384 MB)
I: MonitorObliviousTransfer::next
I: SendPublicKey::next
I: MonitorObliviousTransfer::next
I: RecvEncryptedMessages::next
I: MonitorObliviousTransfer::next
I: DecryptChosenMessage::next
I: MonitorObliviousTransfer::next
I: ChooserDone::next
I: MonitorObliviousTransfer::next
I: MonitorObliviousTransfer::next
I: InitChooser::next
I: MonitorObliviousTransfer::next
I: RecvConstant::next
D: received message: ce176e792b87860bf9f1b8e3b30032eece0d151d9543f90d9b3af8d0697dbd758a50a11dbc881e2d03d694748ebf83fd13edd25dbe530d0b511468d140cab1bdddde222dd257ac14737dace2845eee4e1d28b18df28869cb33f47a138b8344a3108900e7691c2c022f87b89bed5267a73544399a663d5c7aac8cec3d13664f297d02edc86e1f89458c6c7c24e2f31f42218e5227c7dd34968449b9e2c55ea6acc912a1f46c602dbf07f4cb8e91f56aeebbdcfa2417a3d0e8cb97412342ef5e77
I: MonitorObliviousTransfer::next
I: GeneratePublicKey::next
D:  sending message (size 0.000384 MB)
I: MonitorObliviousTransfer::next
I: SendPublicKey::next
I: MonitorObliviousTransfer::next
I: RecvEncryptedMessages::next
I: MonitorObliviousTransfer::next
I: DecryptChosenMessage::next
I: MonitorObliviousTransfer::next
I: ChooserDone::next
I: MonitorObliviousTransfer::next
I: MonitorObliviousTransfer::next
I: InitChooser::next
I: MonitorObliviousTransfer::next
I: RecvConstant::next
D: received message: bc979749462cc89525db59ae47dca8e729c663d66a8c42a4320936e2650cd239bcea7ee550757444b37e66c8f3fdf9994f15a002bf14293b1d923b7c80a68fc07d40826ebdb975c3d327626f89e533feee6592bb7d1632eb6d02ae075ae975c35c39313f54444696266eede57d797839f7b374bd77d00fe99ace54176656ba5c9d846dfcd347b6bd5349ec2f3496cfe9591223d1cc12ad70d8bd035fa222b98440eb0a766867e1414a77ade92f237c98f64490bd3e4c8bfa3bf9e3570e077d02
I: MonitorObliviousTransfer::next
I: GeneratePublicKey::next
D:  sending message (size 0.000383 MB)
I: MonitorObliviousTransfer::next
I: SendPublicKey::next
I: MonitorObliviousTransfer::next
I: RecvEncryptedMessages::next
I: MonitorObliviousTransfer::next
I: DecryptChosenMessage::next
I: MonitorObliviousTransfer::next
I: ChooserDone::next
I: MonitorObliviousTransfer::next
I: MonitorObliviousTransfer::next
I: InitChooser::next
I: MonitorObliviousTransfer::next
I: RecvConstant::next
D: received message: 39fea6db8d4cbbd44bab1bfb33b69e23f22460e52873f8736f2c917b16b1b52ed6f2daec021cac3e1403d7ff33cc3415f6b4c7ed7b986f5b42b06c8c847810238673fd1d538ff4f6f4ff7bb79359bcab838e3208ef8c80fe6f35d3f9cc6cd350b83490ca88d2e9507889bc5a214a5476c04b53a5208f4d327cd8f597c97278c1e7ca2e24d6f2400af3e90daac21a92077ffafb3e57f834d6c4d4e4c6ea04425d1864e8f7cea9b1ae69bf429f17618a6ee628fae24abffa5b474da8d80d907e7a
I: MonitorObliviousTransfer::next
I: GeneratePublicKey::next
D:  sending message (size 0.000384 MB)
I: MonitorObliviousTransfer::next
I: SendPublicKey::next
I: MonitorObliviousTransfer::next
I: RecvEncryptedMessages::next
I: MonitorObliviousTransfer::next
I: DecryptChosenMessage::next
I: MonitorObliviousTransfer::next
I: ChooserDone::next
I: MonitorObliviousTransfer::next
I: MonitorObliviousTransfer::next
I: InitChooser::next
I: MonitorObliviousTransfer::next
I: RecvConstant::next
D: received message: b8500c023569043b968342b179dbbe5b7f8ed19d28669df72eb710d886d2812b1aaba50c1964ebfdd084dcd32227f3e673562e086fd4dc8a768c630e9d48fa1bf0795e7a089cdf7d8de6e6827139f1ba270d77018e15bde856ac9c00f8f03eacd1bad05af82abc7e7af014c59609723b4fc93c610018c16808787bd11fe1a0c16b79f86dc251c166c294217ab086056a30fa84fd3b2fc66f19711729289a9fdab6faa75b62c43f1b9ce1189cea86b3c1f4557d0bd6db1812ede8c7cfbf2a8154
I: MonitorObliviousTransfer::next
I: GeneratePublicKey::next
D:  sending message (size 0.000384 MB)
I: MonitorObliviousTransfer::next
I: SendPublicKey::next
I: MonitorObliviousTransfer::next
I: RecvEncryptedMessages::next
I: MonitorObliviousTransfer::next
I: DecryptChosenMessage::next
I: MonitorObliviousTransfer::next
I: ChooserDone::next
I: MonitorObliviousTransfer::next
I: MonitorObliviousTransfer::next
I: InitChooser::next
I: MonitorObliviousTransfer::next
I: RecvConstant::next
D: received message: 8f0ed32f56df773dda2650e84597804efa5656f0a9d62491373d5d52d5b99c4d39f643ebdd501e498414279c58444d7624b509d1c87ed813e59ad3d2e379bb4ad079600755c5a2de22c6087eb7724b02db53d8da9bc9417153a61c61ffbd84c0d412a374958102ad5360f3b43c6989571d963a783d25eb79215b4ac030d3e34a1441454baa7c2f274ef69045d3be4df49ee2892bbdac0a5afc8be4815de0d1c28cb2b6440665fe97c2cb20abdc80c319550f2c86a925c27f3a5e513dd747a54b
I: MonitorObliviousTransfer::next
I: GeneratePublicKey::next
D:  sending message (size 0.000384 MB)
I: MonitorObliviousTransfer::next
I: SendPublicKey::next
I: MonitorObliviousTransfer::next
I: RecvEncryptedMessages::next
I: MonitorObliviousTransfer::next
I: DecryptChosenMessage::next
I: MonitorObliviousTransfer::next
I: ChooserDone::next
I: MonitorObliviousTransfer::next
I: MonitorObliviousTransfer::next
I: InitChooser::next
I: MonitorObliviousTransfer::next
I: RecvConstant::next
D: received message: c2cc06bbb5693fd4aabf59faf830e1508f4f5adae8bc4e6b8da33c503448c243e23a8cfc555df26c988b4180545972777b6e1a37c26d6870151a6c46751a0a764fa27c549f0ee380721d51ec5efb4fb2dae2c9a4d050ee8322f5a758a858dca1154a515c07438104a83edd0def80297ce105b67f586211f351fe1cf14ffffbcec133d377214ee41e3a9ae60984289564f3013eb9623d4392e4e014e9fe70e623849e37112e4893277f88fc98f82d1d9df0c4345ca0b3fb8c15133eb6893c6419
I: MonitorObliviousTransfer::next
I: GeneratePublicKey::next
D:  sending message (size 0.000384 MB)
I: MonitorObliviousTransfer::next
I: SendPublicKey::next
I: MonitorObliviousTransfer::next
I: RecvEncryptedMessages::next
I: MonitorObliviousTransfer::next
I: DecryptChosenMessage::next
I: MonitorObliviousTransfer::next
I: ChooserDone::next
I: MonitorObliviousTransfer::next
I: MonitorObliviousTransfer::next
I: InitChooser::next
I: MonitorObliviousTransfer::next
I: RecvConstant::next
D: received message: a7749904f59fa9899a371b6d3dec40b84d47190daace1c47e0b40768010925803a8d1f69e8a3c3e04dc3a7f9abc1628091b4e1a031cddd10699d9aece364e6b3aeb12f9832c7cbd5f16737585fbbcca316f9d88e1847f4ea3b7458fdedf77c60b101c10bc98d21559c30da75843f723e0498d2d922b9e460e9c37612699b08d92b78b3a843c19f4f2993df31e69bdc2540b8b9959a80963534ba4e08f200f7679f100ba49675b8db0d35419df9eb8df1061713a0d708bede2e59d3d6407fdd02
I: MonitorObliviousTransfer::next
I: GeneratePublicKey::next
D:  sending message (size 0.000384 MB)
I: MonitorObliviousTransfer::next
I: SendPublicKey::next
I: MonitorObliviousTransfer::next
I: RecvEncryptedMessages::next
I: MonitorObliviousTransfer::next
I: DecryptChosenMessage::next
I: MonitorObliviousTransfer::next
I: ChooserDone::next
I: MonitorObliviousTransfer::next
I: MonitorObliviousTransfer::next
I: InitChooser::next
I: MonitorObliviousTransfer::next
I: RecvConstant::next
D: received message: 634fc5017d5f0c45f18606aa5902086098d2826b2b817ba437375809a70b53895776a6f4d00089b086d8dfc7618432628c38335e3511be7aa23f95ee59f67cf4026f578eb85a3a5a5887b84db02b9d318d7e83060dfb2650f32b046b347448f1c744175e00030b5f2cdab9fafabd61c88394cf8947259485687032c6379c73ff95a0891e2f3df9c03298e47f3ac931c00e161d33fe2eec4c15262aece77bef52e9a01e846a72bb04c7e51296c1bbdb0a6063aab91b3f61dd9d50072c1c1e1d24
I: MonitorObliviousTransfer::next
I: GeneratePublicKey::next
D:  sending message (size 0.000384 MB)
I: MonitorObliviousTransfer::next
I: SendPublicKey::next
I: MonitorObliviousTransfer::next
I: RecvEncryptedMessages::next
I: MonitorObliviousTransfer::next
I: DecryptChosenMessage::next
I: MonitorObliviousTransfer::next
I: ChooserDone::next
I: MonitorObliviousTransfer::next
I: MonitorObliviousTransfer::next
I: InitChooser::next
I: MonitorObliviousTransfer::next
I: RecvConstant::next
D: received message: d29deabb0482a8b3614a8553afc7bbd4282e32d416f96fb46a45e95c6b228a4c0a4992b86058f0ed10043cc7bb424c3d3bad540a1ab85a025b9969efddff5c9c834aab3573c4b99dd9ec1040c897fc8f7c95b75ff43e65283f77163145b4dfbc5a2bfe7a278e917e59fcf46361a78787397b5380080c0d3e75fddae8496e8bb567f52fcca9ef8ca32fbbd5004985788032b9c1f3e0b511a5c087bd9f0a958c535079eee3cba2f08bfcf3029b4ffc462ffde72f17c75196c90f777d0baffe3a2e
I: MonitorObliviousTransfer::next
I: GeneratePublicKey::next
D:  sending message (size 0.000384 MB)
I: MonitorObliviousTransfer::next
I: SendPublicKey::next
I: MonitorObliviousTransfer::next
I: RecvEncryptedMessages::next
I: MonitorObliviousTransfer::next
I: DecryptChosenMessage::next
I: MonitorObliviousTransfer::next
I: ChooserDone::next
I: MonitorObliviousTransfer::next
I: MonitorObliviousTransfer::next
I: InitChooser::next
I: MonitorObliviousTransfer::next
I: RecvConstant::next
D: received message: 144f8aa8a5b752fde28238702205d941aff79a06de0fb9fecd56c3f8df9ed820b67a720ea2c8e468b48aec5222c57b204631f193fe682daa2f250db19f3df99f40c51912d522e196d6dbcbd2d8aba891b39c06b176fb91de0632c66acd9f98c8dfae3d13ea81c64db14006e019aa091bd47f97f72b6720478d73381fa9be07e58736b157b5e12429cda54e41da99641f408e520e37dc3a1759317916ac4eb021253d7f1934903a9d6bcc9af70d66eca0af82ed16c55da4c7ea4c50085c3576fe
I: MonitorObliviousTransfer::next
I: GeneratePublicKey::next
D:  sending message (size 0.000384 MB)
I: MonitorObliviousTransfer::next
I: SendPublicKey::next
I: MonitorObliviousTransfer::next
I: RecvEncryptedMessages::next
I: MonitorObliviousTransfer::next
I: DecryptChosenMessage::next
I: MonitorObliviousTransfer::next
I: ChooserDone::next
I: MonitorObliviousTransfer::next
I: MonitorObliviousTransfer::next
I: InitChooser::next
I: MonitorObliviousTransfer::next
I: RecvConstant::next
D: received message: ce9953ca101e602162dfba65748a8edb517e42d1f2af7ed623c081ecc81f9149199ecffab7fb1340927b49b74376bdc1e07cc9c84c106c994f52892fe9338a2d8d272f360e99b05c429aae63bb70cc9e4b0e6b2b8e731d56bc6465f30f28040fa850361ccc563f57c479de313a785e735f0ef7de2d2af6264e63bd81f71b546f10dfeb5256c82ec3e5f43c5d0784088c589abaa33728e48b145d70175504554442319e2a0e1e62b3babbdbbecbe5f191a4f22d5dc2f3f39db876986ebc82dd62
I: MonitorObliviousTransfer::next
I: GeneratePublicKey::next
D:  sending message (size 0.000384 MB)
I: MonitorObliviousTransfer::next
I: SendPublicKey::next
I: MonitorObliviousTransfer::next
I: RecvEncryptedMessages::next
I: MonitorObliviousTransfer::next
I: DecryptChosenMessage::next
I: MonitorObliviousTransfer::next
I: ChooserDone::next
I: MonitorObliviousTransfer::next
I: MonitorObliviousTransfer::next
I: InitChooser::next
I: MonitorObliviousTransfer::next
I: RecvConstant::next
D: received message: b9e24282e0e82cbabb40177e49cb3dcb1658fa98e22ce7591d6890a67fd0a75a655f472393b1a701dccbb5369fc808656bb67861cb5f80799e1c44ebbaecfa6b2b2fcc1cbbff29ce3fa00f6325d179c5cf86fb6867e21a0fd2a9f8a643b5f3d09a91475bf4373cf41b407f9bce06663487bba0400ec6bd75959d605fb92a1572d109003072e3d0b9608e0c6daf504b94dcec09e5dd24302bd7a79f0afb0317ef05309bd4bb768873a5cba92ff55be8789d5fadc54d526618912397b8cc662946
I: MonitorObliviousTransfer::next
I: GeneratePublicKey::next
D:  sending message (size 0.000384 MB)
I: MonitorObliviousTransfer::next
I: SendPublicKey::next
I: MonitorObliviousTransfer::next
I: RecvEncryptedMessages::next
I: MonitorObliviousTransfer::next
I: DecryptChosenMessage::next
I: MonitorObliviousTransfer::next
I: ChooserDone::next
I: MonitorObliviousTransfer::next
I: MonitorObliviousTransfer::next
I: InitChooser::next
I: MonitorObliviousTransfer::next
I: RecvConstant::next
D: received message: afdbc87ba8b5431ed0478fc08648be09003c187b77a401d6bae505873efa549549749adea1ae22767605ee28dc9e19c51d3dd83c64720e41e8bf54cec27397aafe8c6e77dc437832a7e85f3d3eec3021e40d40098c21bed3e0d0f7565b449ff256a4ae7ccdc214d458aeb02e37585debc69d888f3d18f3bbbb7c31d2a01d54825d3636d3a98837f83263ebadbd477bd651cf352354c725fdb6b911ff55e2a4dce881d8e460201cd33f3953d111d6a6d14cd610b256dcd8009c92f550e318d48f
I: MonitorObliviousTransfer::next
I: GeneratePublicKey::next
D:  sending message (size 0.000384 MB)
I: MonitorObliviousTransfer::next
I: SendPublicKey::next
I: MonitorObliviousTransfer::next
I: RecvEncryptedMessages::next
I: MonitorObliviousTransfer::next
I: DecryptChosenMessage::next
I: MonitorObliviousTransfer::next
I: ChooserDone::next
I: MonitorObliviousTransfer::next
I: MonitorObliviousTransfer::next
I: InitChooser::next
I: MonitorObliviousTransfer::next
I: RecvConstant::next
D: received message: c25b30cdf941800f7df9aa45463f657caead5f4e83686001fe7586d7feefd78cc40b558b98006b51cd2689a891efff0428bff0a37b7a51667f4b480975346310efd3b34a0e4b8e27fdecc27a4497e848d36cc20ac618d0d8e83ff479461e04a33f987c7e774eee72dd705016cb4e555b3a1a0f5b951f4064b6a2bea015a7c1f9bc1f069c5b138d20afd10b83711dc29ca7994292324c3598b7f70cb899cc4e5aab35130d69fe89442166479d847934eb5718ec700d605b2526cd53b2919c7229
I: MonitorObliviousTransfer::next
I: GeneratePublicKey::next
D:  sending message (size 0.000384 MB)
I: MonitorObliviousTransfer::next
I: SendPublicKey::next
I: MonitorObliviousTransfer::next
I: RecvEncryptedMessages::next
I: MonitorObliviousTransfer::next
I: DecryptChosenMessage::next
I: MonitorObliviousTransfer::next
I: ChooserDone::next
I: MonitorObliviousTransfer::next
I: MonitorObliviousTransfer::next
I: InitChooser::next
I: MonitorObliviousTransfer::next
I: RecvConstant::next
D: received message: 91626a146931ab39aad1bf6f3debf12e09dbd9b35edb54d11bff10100adc6c1eb108ad4841f519720cec64b21fadd85d8ecfd98875d6c71ebeb39235caf42e4267808ea1a9d1500a5dbf2dbab118ca473ba2d2d9e97769019e265265cf83e813734c786d7504b692664cfcee3cb1d328e0c8f6145f38632cb0c4c8880bab7c60876ae513b25311a6b72bd3f943f690820a1a52bc5ba23f14d05c670703eed4fc7324a9da9c45e976db0310dacc5d9bf9955a6be6c71b1b8c7b12f5d13e30c81e
I: MonitorObliviousTransfer::next
I: GeneratePublicKey::next
D:  sending message (size 0.000384 MB)
I: MonitorObliviousTransfer::next
I: SendPublicKey::next
I: MonitorObliviousTransfer::next
I: RecvEncryptedMessages::next
I: MonitorObliviousTransfer::next
I: DecryptChosenMessage::next
I: MonitorObliviousTransfer::next
I: ChooserDone::next
I: MonitorObliviousTransfer::next
I: MonitorObliviousTransfer::next
I: InitChooser::next
I: MonitorObliviousTransfer::next
I: RecvConstant::next
D: received message: 46d0c18bcae0d5c07e93525c7ba405e02d5bbcec0134d68e2463db1e8089b88f91b4f04ea88bc68ab9b13e3d194e1d8b9dce6306ee412c95cf17050a52b08ee378ea5906c00308572abb937006d4ccef019cbe21be8ea3b925da366ec5b55c11c8dd9e9d688dcc652545a9acd69df7c52ab7df83d9cbe3f8c8091b635758bc2ffc9cf1b1a4db39ade595d7bfb4931f670c1867dc8fb135fc9ea19877c49cb49659b5efe0444cfa9fa2dc68c4e2ce6a2896c954b34d59887be9f8a7d44391ea62
I: MonitorObliviousTransfer::next
I: GeneratePublicKey::next
D:  sending message (size 0.000384 MB)
I: MonitorObliviousTransfer::next
I: SendPublicKey::next
I: MonitorObliviousTransfer::next
I: RecvEncryptedMessages::next
I: MonitorObliviousTransfer::next
I: DecryptChosenMessage::next
I: MonitorObliviousTransfer::next
I: ChooserDone::next
I: MonitorObliviousTransfer::next
I: MonitorObliviousTransfer::next
I: InitChooser::next
I: MonitorObliviousTransfer::next
I: RecvConstant::next
D: received message: def70311f5b50b374c18e66ba0de51338b632bdcc548d30e4fa783bc6529c3a763f36b1952c03d0ad298930145f28f50118448a382557acbcd0ee8680359764603ecac8348306d575859762a5c71da424da70c56482291a7c64db17dc98951748d6a080a3357a2d905adfe84ecdfd18c49d75ab8311b906a932f331a9cde1c99bc7732d679ea287c98d255e8871fd3f1698e11f6f9b85ddf5e3e64c3e0ab8b8b689fae1ebd38964175f5f44f30c324b0fcafce45ee0a2d3c50877ba41e1ed36e
I: MonitorObliviousTransfer::next
I: GeneratePublicKey::next
D:  sending message (size 0.000384 MB)
I: MonitorObliviousTransfer::next
I: SendPublicKey::next
I: MonitorObliviousTransfer::next
I: RecvEncryptedMessages::next
I: MonitorObliviousTransfer::next
I: DecryptChosenMessage::next
I: MonitorObliviousTransfer::next
I: ChooserDone::next
I: MonitorObliviousTransfer::next
I: MonitorObliviousTransfer::next
I: InitChooser::next
I: MonitorObliviousTransfer::next
I: RecvConstant::next
D: received message: e34eebcb8b97411b637f5b132802ef531a23212ca7d84816adb8aa53c4c1dfc1c970dc49cc9ce5aa1bfac1a4796867f1f1bd446b7ccb8b275d42005900981b553fe3be064ee3693f9fd18c219fffb18fceb1dd44ce2c966ea9e848ce7c2c5382786ac4978b9d9868537ec4fc1e51f91767ab2262f002e36c8150d54bc632c8d3970385cab8ee1466df665aeed7e6480448428ff2f012478695c3f204dcd2d3318f6d5d50260b648d61bd8302a0be8a42f506d61ffde720011d24556066acd97e
I: MonitorObliviousTransfer::next
I: GeneratePublicKey::next
D:  sending message (size 0.000384 MB)
I: MonitorObliviousTransfer::next
I: SendPublicKey::next
I: MonitorObliviousTransfer::next
I: RecvEncryptedMessages::next
I: MonitorObliviousTransfer::next
I: DecryptChosenMessage::next
I: MonitorObliviousTransfer::next
I: ChooserDone::next
I: MonitorObliviousTransfer::next
I: MonitorObliviousTransfer::next
I: InitChooser::next
I: MonitorObliviousTransfer::next
I: RecvConstant::next
D: received message: dc40dbced9635a647ef470b692813321533e1bc8cad5d237309a5d48b38a234ebe607b6b8345f9847e7a58078ba5f31f4d1c5ecc4bfd16edb03fcadd63cdb6a021e1482086e826cb3753091af0126134680ada8656f571d90b9734b930c48d32616e90ee8c62c3461f28bdaf2610ee7a358b8cdd84bf1d1d963883aa14e3a751b6599eafff8262c0a059114a97bfff3bd6dfbdda6e2694b4f3e7ba922529efd4677194fe584dee7b31031da69e98360b004228e6e9267091e0ddcdcad2ad3572
I: MonitorObliviousTransfer::next
I: GeneratePublicKey::next
D:  sending message (size 0.000384 MB)
I: MonitorObliviousTransfer::next
I: SendPublicKey::next
I: MonitorObliviousTransfer::next
I: RecvEncryptedMessages::next
I: MonitorObliviousTransfer::next
I: DecryptChosenMessage::next
I: MonitorObliviousTransfer::next
I: ChooserDone::next
I: MonitorObliviousTransfer::next
I: MonitorObliviousTransfer::next
I: EvaluateCircuit::next
D:   evaluating gate 10000
D:  sending message (size 0.000001 MB)
I: SendOutputBit::next
I: ==== round duration: 27433.429688 ms ====
I: CopyMonitorStateLabels::next
I: RecvGarbledGates::next
I: RecvSystemInputLabels::next
I: RecvFlagBitLabels::next
I: EvaluateCircuit::next
D:   evaluating gate 10000
D:  sending message (size 0.000001 MB)
I: SendOutputBit::next
I: ==== round duration: 27333.775391 ms ====
I: FaultObserved::next
I: MonitorDone::next
