I: parsing spec file timekeeper+.v...
skipping synthesis, BLIF file already exists.
I: parsing BLIF file synth.blif...
D: inputs and outputs parsed.
D: circuit initialized.
D: connections (#2018) parsed.
D: gates (#20547) parsed.
D: outputs: 23047 23050 23053 23056 23059 23062 23065 23068 23071 23074 23077 23080 23083 23086 23089 23092 23095 23098 23101 23104 23107 23110 23113 23116 23119 23122 23125 23128 23131 23134 23137 23143 23045 
D: circuit size: 23144
D: adding identity gates for outputs...
D: outputs after identity: 23177 23178 23179 23180 23181 23182 23183 23184 23185 23186 23187 23188 23189 23190 23191 23192 23193 23194 23195 23196 23197 23198 23199 23200 23201 23202 23203 23204 23205 23206 23207 23208 23209 
D: circuit size after identity: 23210
I: initializing safe primes...
I: using prime modulus 5809605995369958062791915965639201402176612226902900533702900882779736177890990861472094774477339581147373410185646378328043729800750470098210924487866935059164371588168047540943981644516632755067501626434556398193186628990071248660819361205119793693985433297036118232914410171876807536457391277857011849897410207519105333355801121109356897459426271845471397952675959440793493071628394122780510124618488232602464649876850458861245784240929258426287699705312584509625419513463605155428017165714465363094021609290561084025893662561222573202082865797821865270991145082200656978177192827024538990239969175546190770645685893438011714430426409338676314743571154537142031573004276428701433036381801705308659830751190352946025482059931306571004727362479688415574702596946457770284148435989129632853918392117997472632693078113129886487399347796982772784615865232621289656944284216824611318709764535152507354116344703769998514148343807
D:  sending message (size 0.000005 MB)
I: InitMonitor::next
I: GenerateDriverLabels::next
D:   driver labels generated in 166877.375000 ms
I: GenerateInWireKeys::next
D:   in-wire keys generated in 10832.314453 ms
D: SendLabels::message
D:   generating in-wire labels for 20618 gates
D:   10000 gates processed
D:   20000 gates processed
D:   in-wire labels generated in 278003.468750 ms
D:  gateCount: 20618
D:  sending message (size 49.553840 MB)
I: SendLabels::next
I: RecvGarbledGates::next
I: RecvSystemInputLabels::next
I: RecvFlagBitLabels::next
I: MonitorObliviousTransfer::next
I: InitChooser::next
I: MonitorObliviousTransfer::next
I: RecvConstant::next
D: received message: b4c0afc57944d17b45d0dcc5789cc65fbc2b7efdbcbc097f24ed85a797110ba5b0f7f0cce5e27d55173026153ba99f3b14b54d48c1b836f88f7cacb300a6598cd2423a6a95c02de9975695797a5779606dbc46e336a44cdbbf5c542b98c002198266ce36e02182d758e96ed40c843c9422454e271fa9ca0e765e0f30306d3df783ab21d54ec7cc8adba322928a6e0311bd7277cbaa2fa1e59ac42bba2cc7f9ebb0f8b2b24198ff152f9969560b4f145feb2d3999509e8dbd5c1f803fb8d0b995b760888d67bacbc693efc6efabc5ef8175408ebd97c776609b061059d55d62de94b8a775e5fd1cbfb94d80333b053740e41b6a7194454979e3e7b3d1859750437db71a1a8729a48172ffd848693983847c3431009da880d68e166232e9a930ae4ed8f8edc7170b4627b9a8c16d151b64f719daad9c0d790097e806b4f4adfec121a04abdf29d5ec4d4c7af3ce551ce9771e3e8ad183d581212617bdbbece1ab22b13709cb22f3fa82ca97341e43bd1ae7fabf819cc4e00269d290ef1c2adca4c
I: MonitorObliviousTransfer::next
I: GeneratePublicKey::next
D:  sending message (size 0.000768 MB)
I: MonitorObliviousTransfer::next
I: SendPublicKey::next
I: MonitorObliviousTransfer::next
I: RecvEncryptedMessages::next
I: MonitorObliviousTransfer::next
I: DecryptChosenMessage::next
I: MonitorObliviousTransfer::next
I: ChooserDone::next
I: MonitorObliviousTransfer::next
I: MonitorObliviousTransfer::next
I: InitChooser::next
I: MonitorObliviousTransfer::next
I: RecvConstant::next
D: received message: 498a42286969704be231c418f0ac0eee24fe92e78540d8cc5978145fcc34c4ee308c31e929a6966b516d073abfda8e3b064a9c555ac1081fa8eb8be0ca98977c0a5a0b776df0a5b87e8a65a58128166250b5c082626afcdc41a2baafb40bbfeccb9f32cd6d6baa63e1dc8b6c09a5151ce3327406ccfb6cc4ca3dbd298dc6b8a8c07fd39c23185abfaeff13d059b5dbb17372ba9d030b96bbc2832c2ee543c958623e1914edeb8cdb9c9b213f49dcc1b56d629de0acc6ccf2800c4ed00d6cbbad74dd944e03122a3c77ffc407a139a7a2c55e1bdfcec51c4a6c17f65f4c08e54e1ce7edba8bf251a7eeee486fef54d676bc84fe6e0a143bc4cafd4b7b080b6a585cb01b74cfe6edbb902837f222cdc8f8b84ce66fe8e2b25282819250d81fe122d1a2bcfdbeef250bbd0acbccb1c4f71f9b9ea1c3933ab0de4ce8b1ca768370208c37c28a747db2e7f5e1a0acc4534f8735c82786cfc59a864e9b10ab141d10226643c28293b796ad1b3b691fa525a768beed34d0dbaa1001eb20fd4580598608
I: MonitorObliviousTransfer::next
I: GeneratePublicKey::next
D:  sending message (size 0.000768 MB)
I: MonitorObliviousTransfer::next
I: SendPublicKey::next
I: MonitorObliviousTransfer::next
I: RecvEncryptedMessages::next
I: MonitorObliviousTransfer::next
I: DecryptChosenMessage::next
I: MonitorObliviousTransfer::next
I: ChooserDone::next
I: MonitorObliviousTransfer::next
I: MonitorObliviousTransfer::next
I: InitChooser::next
I: MonitorObliviousTransfer::next
I: RecvConstant::next
D: received message: 3e401694e2149eec360c0645ac9f22629f55a67f5aee57966d43c91ad1d1d53197a8d7649a155c5033e604c13a284ba2490db4c6b117f4227cbc28e58604f05787d6a2b515a75d62e64ad251dad293d113d749fa00f29a178bd925f08dbe70984fa7c40255139c20f44ca81fe8a84082d9bdcf631e07db53b15219e405f5af9215e70e05160e37e17ffd06c67a072f31bd29699a3268442e871c00e10c77c4c7b29e4ea6218c3f2c1dab72806d9b3dfa2cb75c0b7f4357857bb111349ff4bdd1495d32c6f2e9fdb26e5c3972a9f507c0417c68fb5cc18c158fa90030ec88c30b50afd627c4559fb73703dcc1f5c838a12de96fda00eef27357086f6eca3047c044545828fcbb44d848ab415c09a57dc260a12f04a6c40349b7de76887ef50926017760c9d7755ddd8825cc045d632fd110ad144a445b86dcc1daffadc2536ae68d2d1deced84b802fe0120c4c6eaf9e8c938f7ed39614c44cc8c174faa8a3d2314ed0a74dd478072242ffdcaf4872126117651deb6ac64c4042c190dceb09a78
I: MonitorObliviousTransfer::next
I: GeneratePublicKey::next
D:  sending message (size 0.000768 MB)
I: MonitorObliviousTransfer::next
I: SendPublicKey::next
I: MonitorObliviousTransfer::next
I: RecvEncryptedMessages::next
I: MonitorObliviousTransfer::next
I: DecryptChosenMessage::next
I: MonitorObliviousTransfer::next
I: ChooserDone::next
I: MonitorObliviousTransfer::next
I: MonitorObliviousTransfer::next
I: InitChooser::next
I: MonitorObliviousTransfer::next
I: RecvConstant::next
D: received message: abd4a8723b877a53c2a5ae1f38100f2a527241bb8615897c6aeeb9277f11e1dc73213de3d73563ae8acd7da58f7dee8cc89edd62ae85a08d4ea11fb8157a7cdf855da6b7863b93b7107150583b97b7e4292784f70be0b4fdc4ce96dcf0c08163a886d5561ab4fea5d1b15dd587ccdd9a6a5d610f286244dfaf62ab9921b5b22353b3bc3d97625c2ffa8297d1a7f256c144bae81ff30f27ce47d720820a1f4ad35eaa80666bc1d0a473363ef71b4d3aea91f928280fca6412c6ed73ad2193d03ed1268463d42accc14312e28f6291512e92d09e7b3c147700e645f8f451a036631ee5207c1fd1e88602f4a75ccb1977a2cb8bd16fa23c1be171ca471bd6d5e6576157ce7674a230021fa56d2f7aaf4ae15c99f9027c081d07434a921e5f644f2a380e2d7e75a36a0e21c55036800ed017312a59b4cc0d6fcd2ad627ae6183131bdbd4530546d5ffdfb0d1e91c064a183393e6eb977c91090db81118b9154b5534f751e6923924d4ec6b49311ef240ae82dbd046dbe55831e44eccd9e41b160d5f
I: MonitorObliviousTransfer::next
I: GeneratePublicKey::next
D:  sending message (size 0.000768 MB)
I: MonitorObliviousTransfer::next
I: SendPublicKey::next
I: MonitorObliviousTransfer::next
I: RecvEncryptedMessages::next
I: MonitorObliviousTransfer::next
I: DecryptChosenMessage::next
I: MonitorObliviousTransfer::next
I: ChooserDone::next
I: MonitorObliviousTransfer::next
I: MonitorObliviousTransfer::next
I: InitChooser::next
I: MonitorObliviousTransfer::next
I: RecvConstant::next
D: received message: 520cec5785c903b73db279943ff96879bd82cf4c93a55f8da632928c1ac59c156c86f822eccae12512814a9ec5893c958d429dd4c5f0e8bd8ccfd86ed7f2fb552826838b0563c5f83af66eb9b55016bd1b661ea3ea01bc3c6dd8888d9eac1c3b98feea1e8c7ea7ba060153ce1f12e5907fb80aab194762357e60111684f5f9dc2b95e64ad324e8de6cae9d3197667f8d3108b511392821b8db1acb37667f09df0019c94ffe348e5305dcc76d2f672e8946bef62f74d3f8ece0effa21fc44b90b5959c0dab20bec5855ddd4e94d802539302ca7d66e0bf1480bd9b264941f28e0383ed04bf7def6f6f14e74526f241d7e8ea463388237ede73b977d1dcd4f5c908361273d90bb7bc23d981d7de86ab95570dffa176012f1ad8ad23d217f0a2f6cdf685cda3dcb6e557a17b9ab3fb26e2afaa146e77a91b36b7dac448edc942c5dc57d0bf32e83e08e586372e707328f384600ad6b6ac5d069c5dbd5783c19aad88e4cb7c53750de909b2a284fec93e7738b7631c76283afd1e18e9d7b5ba68954
I: MonitorObliviousTransfer::next
I: GeneratePublicKey::next
D:  sending message (size 0.000768 MB)
I: MonitorObliviousTransfer::next
I: SendPublicKey::next
I: MonitorObliviousTransfer::next
I: RecvEncryptedMessages::next
I: MonitorObliviousTransfer::next
I: DecryptChosenMessage::next
I: MonitorObliviousTransfer::next
I: ChooserDone::next
I: MonitorObliviousTransfer::next
I: MonitorObliviousTransfer::next
I: InitChooser::next
I: MonitorObliviousTransfer::next
I: RecvConstant::next
D: received message: c801e14c7cb8861007de7ec87dc178fd4077cc51eb4e619233748bb6b13136698ff0578b031437220bacc0b47913db030a1017305aafce93c3e7844e38e5680e0951722a5e2a0769c2c61d288456a430fd15565bb324edc3a0809bf62e6ba2f750c2c46b313dcaed6797608088a3d91d638cd1479f05fb193353ee796d789101e460fa39607d26598910f289fd4fecce8812baf564ca78b5de700cac7d7154ff40e25fb4e6cc736733862ade1a615b1f5f7b09f6d2ba3645e37cb6fe3cb807b9c8100c6006c9c2fead5206e9c3d307f532e1a4519c46b5451138dc8726baafb28d05f833a36d27995e1ead928630569eae4c4b746a2d950e90d8fa6416db35c3845f0169a1c8f160fe5e881ef9073290fe9f1229a37df1373fe412842c8acf3bb9d114c548982934cc99280cec933291acb915cbba0fd8bf5eb2fdc99f70cf45918f47acf21ee21ef01bef0b1ce386d5899188a3bdd38cead70383ccf1e2395a97fe28d63fb5bffebad6738fad1eb74b367f1b921ad518d410bc3ff133aa537a
I: MonitorObliviousTransfer::next
I: GeneratePublicKey::next
D:  sending message (size 0.000768 MB)
I: MonitorObliviousTransfer::next
I: SendPublicKey::next
I: MonitorObliviousTransfer::next
I: RecvEncryptedMessages::next
I: MonitorObliviousTransfer::next
I: DecryptChosenMessage::next
I: MonitorObliviousTransfer::next
I: ChooserDone::next
I: MonitorObliviousTransfer::next
I: MonitorObliviousTransfer::next
I: InitChooser::next
I: MonitorObliviousTransfer::next
I: RecvConstant::next
D: received message: b11d5112928689277185023907acb21e0d141e7d46c1d23fc1a3bedfe75ecbba3ff86e41b92a3211e5333aeee6d5daa9abe0c47370dfcf0ae7fe3b92815f5916b83c607dfe7c1b65a67dde7c7f047eef93f3a382a9f887ab5ebe2da1692658e19423752d68b42891f2da6ea1cde8938c6cebbaafc6e8f9cdc0d1b70edd3604c7ff6354cdf28a6586a074926ecefe0a1f304ecf254ca03ccd8a1f3f5d584ea42daf2f39092be16e6d8b3b6ebad80b47c9011028a9d4416ab382ff3f301574d71af4b73c31ee340b0c0c2d36cc76fcb37702a33b461d7ce50c2a7509c60f8dba81c0bdb7a1eb4af1567fa24ee770df65060d2fbc4581721beee98c3532a25d886768f18d45b6d2811f50f5a6f186516b87ac379d52e9a60579ecfaa1952eff3d2d75408f4dcdf5d91b0b2b037d4e867b64db241ae4f7d82ce98014c1135228f013392d70b67c2835cec86f4a880a416c383c164e803d42a8c1b0e1d818f9f0f133d9c13758b6e9ff1137f87c8443210eb6c18fc51d8a16c096cd90817e7b595449
I: MonitorObliviousTransfer::next
I: GeneratePublicKey::next
D:  sending message (size 0.000767 MB)
I: MonitorObliviousTransfer::next
I: SendPublicKey::next
I: MonitorObliviousTransfer::next
I: RecvEncryptedMessages::next
I: MonitorObliviousTransfer::next
I: DecryptChosenMessage::next
I: MonitorObliviousTransfer::next
I: ChooserDone::next
I: MonitorObliviousTransfer::next
I: MonitorObliviousTransfer::next
I: InitChooser::next
I: MonitorObliviousTransfer::next
I: RecvConstant::next
D: received message: 7da36d0a0e55c49e3628e4ca0e9820c0d01b6aba62463016fb26744e1d29bea194d6a18146683b89e01400dcdc89b79ad74c474701f66b47f9c65495e129b801e6f16b6ce80aca9c8a73d843c4e2095790de02f1aeefdb5cb6e58e72a1d014422cae504dbdb2838b4e42c86a838ec547b2d68b6caf49962a603d2d13df9440ef76e7dcf6d271da318006a5b010da1f358939b4383b3c95c3ac94b429c8c62f199c3b7cbca8c11e0677263c8d09e471aaf119a88d84de6bcb97f57e23c83ba1ef0615a0d504db47dfd517d362d6b69f8a05900c7247d39c108233a3ecb70f5f4c92115a694ab9ca018782a5bab4fdaa2786ba29d411514c0e34d0c83537875805746db7dc26fead3b6b146b24886bee23b1943311eb0c478ca90bce1161003505b6cbd08ba740327eb654c32d8f82a0607df3f0e5ab199fe0cea01a4babf70c731d5cf1d37cc19ce9ff7ce08d758cc72408817272da2f24bb10629c9094fa05814cf14adf5e2c57063185d206ff51fe4d652d433b6aab0330f976d30d6e207fc9
I: MonitorObliviousTransfer::next
I: GeneratePublicKey::next
D:  sending message (size 0.000768 MB)
I: MonitorObliviousTransfer::next
I: SendPublicKey::next
I: MonitorObliviousTransfer::next
I: RecvEncryptedMessages::next
I: MonitorObliviousTransfer::next
I: DecryptChosenMessage::next
I: MonitorObliviousTransfer::next
I: ChooserDone::next
I: MonitorObliviousTransfer::next
I: MonitorObliviousTransfer::next
I: InitChooser::next
I: MonitorObliviousTransfer::next
I: RecvConstant::next
D: received message: 7bbd6f82729dc15e7652acaccf8896ff6f1aa748d8276b8b0731858e456eda0ff9ddec21680d6df50d30b062cc02b8c362e197f708f4573ee01bfc17d7b23c15d5f34c1b25c617da04e023e778b6c8f39849ba1f12e6b7eed74d01a9a6e19e893489fba3682621bfee68e718091fc9bad9b5dda323a3767ad6743b38857dd84d4b782f59e60e250fa8085208dffb357c43e5572ec34274fb59afcc6d8f0e3d348c495398b5a1942f9d550c0fe77b400c4fcf0406ecb5a12b009ee27dc8d6c08c7f691ed992b81730a56667da996fdde2baf944ba806447c4ede14a6b0dab1b77230cda8592fe54b31829a5592155883cb80da4a4d4cc483fdf9ecf5cceceab341f89770662fe1f7db7c3785611f590c6448947716b4b55cd6e9a67d5f52a5134a08dd36a4345861a2db259bddfa1cd14c85e3c1884a68828d0c85d2c2dbf561c35ff4dee2609f4d6194fb2157e4ee1bb1f44c22cc06a5f0590fcdf1e1555857fdcd4b7da07c8a06cae9b969dbbea75996016d38d8f63e6ebdd92ba57abe7d57f
I: MonitorObliviousTransfer::next
I: GeneratePublicKey::next
D:  sending message (size 0.000768 MB)
I: MonitorObliviousTransfer::next
I: SendPublicKey::next
I: MonitorObliviousTransfer::next
I: RecvEncryptedMessages::next
I: MonitorObliviousTransfer::next
I: DecryptChosenMessage::next
I: MonitorObliviousTransfer::next
I: ChooserDone::next
I: MonitorObliviousTransfer::next
I: MonitorObliviousTransfer::next
I: InitChooser::next
I: MonitorObliviousTransfer::next
I: RecvConstant::next
D: received message: ce69a09ff6421212346d614293dd821c57ac14463071aab23ad179c0104c462fd9de2280ca99ec54b48d8129491a89c44c2d23bf22e6f4b1a2193ecd6e2918aa5acfe4ef9f4ebc104c60ee45032569d9e8f7a7d1695e7fcb36250387736a7bc75ed915b68c5ddefbbafcc43ec4248694344689d82df17ed5f3e351de39820adf8597c66168e3e5b66b55ceef8ce9e269f3244255567c942c95600700757339b303fa5e941229d279fb2f03fadb161ef92a0c9625287022aac5f73819f1065280c5821a6f0d6c626e21d2d84638142cb7aed4092710d51e21b8cf828b5f09d855da31c2e9530b97e68d831d018cd4cd79d76e2e754bd2b7e9c61b6ae7fd2d4d24ea877cfba7aa514e14e22cbeeeffb4d6c3cfbaec7ba8c95249901431a3804240159c36b31fb9d42b9913160f8a7f7bf03d33936e29eea6af1a43eb5754d69e4b14606490ae9716166829e3c1ef042ce60c9eefc11d1aeb1051825120e98b12ae97a1299d192d740460d25df0589835c896442fb7465651a543450335611a554c
I: MonitorObliviousTransfer::next
I: GeneratePublicKey::next
D:  sending message (size 0.000768 MB)
I: MonitorObliviousTransfer::next
I: SendPublicKey::next
I: MonitorObliviousTransfer::next
I: RecvEncryptedMessages::next
I: MonitorObliviousTransfer::next
I: DecryptChosenMessage::next
I: MonitorObliviousTransfer::next
I: ChooserDone::next
I: MonitorObliviousTransfer::next
I: MonitorObliviousTransfer::next
I: InitChooser::next
I: MonitorObliviousTransfer::next
I: RecvConstant::next
D: received message: 78857822fc70a22fdc67bad26afee32d6ebea467013ab333f25cdb8e5b58672e0142b951140b5119c43e7e15e6e06d9504ae02635c1cd4211c14ebd0d1ad0522818be520d8de4ff1eb3df772c64e16d8cc7e8242ef5ede0542265b88c35f35cee8baf24037de2dbc91b0dcc7d36fe4db1342afa122630232cc70775639533e73fac14960c92cf74625b30dfefabcda6810a483e66ef1332eba6664cf13e856c1f4c3b5af5c167701ce1b8690e398d66bb65af772d161d6d73bcffd6d60e80d07f97b6a73a696fe0b4c89b808bc92a35dce37dd008251cd65a3a86a2572b43f9b2a0b148264698f147435c1fabdf32bbb4aa75fd0ce626032430cc6c4049daf2eaa9203163463fe8e308fc1f8712ac54c1e32d93ac4b3b5dac82540b80b64564586a12b7fda9f174fbb520ca309a189c34a354d279cd5a8b2a76dd75ddd4f51a96549b5512e7517b322c37fe3c37ff45be6bcb553d4c8e60ecbc1a377998d25662068e7c25834adc4553e7c1634cd282c697cb996567173bc02d5da7d024c3635
I: MonitorObliviousTransfer::next
I: GeneratePublicKey::next
D:  sending message (size 0.000768 MB)
I: MonitorObliviousTransfer::next
I: SendPublicKey::next
I: MonitorObliviousTransfer::next
I: RecvEncryptedMessages::next
I: MonitorObliviousTransfer::next
I: DecryptChosenMessage::next
I: MonitorObliviousTransfer::next
I: ChooserDone::next
I: MonitorObliviousTransfer::next
I: MonitorObliviousTransfer::next
I: InitChooser::next
I: MonitorObliviousTransfer::next
I: RecvConstant::next
D: received message: bd932430206e8908284e36c4cdc5b99e00ee7beec5b57b3b712b13f47773961ca6068eb180b713624978e0fbb54659ade9aa284e871ec0e0928ada6538f0fdcac1e4ab15022c0c170ad83c3f22af248e03eb14335a5660b1d9e312aa7671da6bfcdcaf5752209d70bfdff6e9f49159f94804823c870623cd5a1628bb59f7d4f995fa28b03feaf419e0761b0aa598d1396699d73407d1f878d711335c5e20ac81dd7c49ef1dbac73d12e6fa9556a0c6aed4e8fea1a2ff41b6d229937c87b791b7713f3133e692a6b799294bb113bf4c3cc4eb9ce45f6967c806a8cf77a3feca7f208760f72ed98bc3f16384b233e2310bc1dd6f70aab63f19457379bf118cc1c80ccab405b961107fef0994b179b2382e84c2120f347fa52cddffde22267677125f1d4a650bc7c1ca25bf770305526bffaf718b063dd668a1b6ba989ee35ac72c11da79ae7413f0ed4ebc3971beabcac4479539d95a03dd1cabb5a16798ed7fc8910e87c1236279ba575381c50af3791ae23b1184e8f4a22796cd0017796dee1f
I: MonitorObliviousTransfer::next
I: GeneratePublicKey::next
D:  sending message (size 0.000768 MB)
I: MonitorObliviousTransfer::next
I: SendPublicKey::next
I: MonitorObliviousTransfer::next
I: RecvEncryptedMessages::next
I: MonitorObliviousTransfer::next
I: DecryptChosenMessage::next
I: MonitorObliviousTransfer::next
I: ChooserDone::next
I: MonitorObliviousTransfer::next
I: MonitorObliviousTransfer::next
I: InitChooser::next
I: MonitorObliviousTransfer::next
I: RecvConstant::next
D: received message: c7bebf507c3209fd5663122030f786a0979bd496d377a580786fe953dc65e0a58a379ddebded3be181be8118f0dc61174d330b47065bd730969cabd0bdb1d231ea8d8fce26d2cbf001f8ad9ac2d133d6ed18b72d8685d6e784fb86798f03324b8ce594235ede67d0590b662ace61fc389b5becfae697834aca8497e393ac68ae9875b9be234a9e145b361509ab94375aed987de6bfec33e97dd65677f008416fc70b5811f40e58612f6c7f17c509bd58e78ccaed48830b81eda0d1e87d9b3ac1b7bec49f49b127c80bbfc63eb716018ceb432bd35bbd3b567c6f484b397faf82d9d801b80b85332b1175ad40b75f33644ea108b4de8019d2865c4ecd2ef7ccf5529ff272a820e973e4fb1744001c289c7acd7c054305c14270b406021d2648d0ad6b537b77510939a1fe4b1c76545abfb983b1306dee8964aedbc4550213a74ab2edab75d10beb2f8122182e554b9055ab98b57d758396b8d321bb3b7dfd297c63874826a8fe8ceb9d5331a7f0550e76ae8670182cbf19fe82254be229e9f3f4
I: MonitorObliviousTransfer::next
I: GeneratePublicKey::next
D:  sending message (size 0.000768 MB)
I: MonitorObliviousTransfer::next
I: SendPublicKey::next
I: MonitorObliviousTransfer::next
I: RecvEncryptedMessages::next
I: MonitorObliviousTransfer::next
I: DecryptChosenMessage::next
I: MonitorObliviousTransfer::next
I: ChooserDone::next
I: MonitorObliviousTransfer::next
I: MonitorObliviousTransfer::next
I: InitChooser::next
I: MonitorObliviousTransfer::next
I: RecvConstant::next
D: received message: 3358e01100d56e252f8c53925ce7a6aa7377e7f13cfa7acb18511cfb0700161b7d4c275dc750af2c78c2fd8cd24d1c7cebc98d36dfa1039167ac977a1e440062402f8c080f2ccecbe3e68509ac7acfeb9ac3a0771746f957c304e3b8534cf407be571d73d0205e8cb460ff41ae3871c196f202bc062a855efc4cbbcd0062b678b075fcb43520475be975b256bad29131ea90ab725f571650caf8e3be11c97d8c74fcfea6e1cf88e44682ded4cdb6b500efeb51facb5a48754dec5eb75de66e06567bb62be487e70218665ac79ada3ea42ec88bc29b5271f9d97c6a380c728f273308d633b8e48f9a408e67dc5debe655c6b9a31a13591a3703b940e954f506a53efb80c89e6908a49cc57242f48eddb815fa26d5b166fce7f7acc0b438d6a98e6de485adb959ea862dea63a67b299bcadbb9c84c66a165a0c2b83e679fb1648d228b687777356544081fb028e8a466f7a64cbaaa253c1c84532c90da1d3a48bcc594917818f5fef614070440b22ebf00ec14d37de293226484fcec34d9466c09
I: MonitorObliviousTransfer::next
I: GeneratePublicKey::next
D:  sending message (size 0.000768 MB)
I: MonitorObliviousTransfer::next
I: SendPublicKey::next
I: MonitorObliviousTransfer::next
I: RecvEncryptedMessages::next
I: MonitorObliviousTransfer::next
I: DecryptChosenMessage::next
I: MonitorObliviousTransfer::next
I: ChooserDone::next
I: MonitorObliviousTransfer::next
I: MonitorObliviousTransfer::next
I: InitChooser::next
I: MonitorObliviousTransfer::next
I: RecvConstant::next
D: received message: d7ae6f6d95e1ab13d7f6b0046a246df4c6f3ac53388c86371afaa816e07554cc692022fefee1972c57478e8933317deb1e8e6436ec9b669210f626157560075cadfe3de69c72e1656873cb8548c5574b7ecc90563fb61496a79ad1a7fef59073019c7ee1adcb2b1e13e583bae0790737fa7ab44b4b6decd874d77f5cf6b221e9af926c18fb2e763057aa9c2a473ecd58f79c0c56587b039ed905890d6f1ce02f12d9474904fb44f0be13033ca32258a95606f5a46be935b37a889b7fd90e1791cf0c2ba9e72027c7d0af722ef08cd6e0c97fe56b9df1a773fd092174e18c9a2bc1d5f2e6e8fb24d533a7738bdf850565b6679c4f6153b7e59f666c975c7bc9c8f07459cbddc7a75eb940b8310bfeffad0a58eb4efd6dc55ddce788db7e508002d7d04f55dd40e85d3fa429ed567615f7e15756528804bb170cbe86fce3490cc85d8a78d5fe5db3c8377b556f0e99e78d05bbfa7a2203252bb2773af61c4b0d811ba6e99100b909f465dff850f1558ffe038370bb0cfaab8ee6604c5a07c993ac
I: MonitorObliviousTransfer::next
I: GeneratePublicKey::next
D:  sending message (size 0.000767 MB)
I: MonitorObliviousTransfer::next
I: SendPublicKey::next
I: MonitorObliviousTransfer::next
I: RecvEncryptedMessages::next
I: MonitorObliviousTransfer::next
I: DecryptChosenMessage::next
I: MonitorObliviousTransfer::next
I: ChooserDone::next
I: MonitorObliviousTransfer::next
I: MonitorObliviousTransfer::next
I: InitChooser::next
I: MonitorObliviousTransfer::next
I: RecvConstant::next
D: received message: dbf46418992610a1d052b02ed75817db951fda4d8a360fe2521e54d7a8fdef7b28d472e51c063f1d1929c9049c397f8b11dcd64470cf2193f3bb28f19157b72c33f5504bb41a425a7f76292e9c78eff2b1c0f8e9f7a4624b58e3eb70bd2533445e602ee85f4c9a8c56ea9617152db76c0cac6babb72d340bbbf691d8255dd99d080106c53b9b964eef26e3bd2f7b9ab26093c5499c74c290cf3c182669636450469920b8abac6dbcd3f7796dfad15558c3a4bd9c932c5fc949a1feee81be72f2e849748ac99e9fb6da580fc2af0e10522aa3ca3756e887382ed9ccf52f9bf002058804917d5170f6cd86426051cff3205425d9bd975398a8ff936f24837081a62af80d234394b88a3dd6b5642de6c08e3437ca313f843471c781efdb546715c368ea3aec31cedb17e10b157b3cda2b6498ffdf4d3048bcb0390c236aa7aa78024cfa725f66ade353066c94966b5ae8b2c58e739cac74769ccb013f68901f534425e06a10b1ec4fb0df567952cdc2e5c97120dfabc5082c2112b05218ac40d257
I: MonitorObliviousTransfer::next
I: GeneratePublicKey::next
D:  sending message (size 0.000768 MB)
I: MonitorObliviousTransfer::next
I: SendPublicKey::next
I: MonitorObliviousTransfer::next
I: RecvEncryptedMessages::next
I: MonitorObliviousTransfer::next
I: DecryptChosenMessage::next
I: MonitorObliviousTransfer::next
I: ChooserDone::next
I: MonitorObliviousTransfer::next
I: MonitorObliviousTransfer::next
I: InitChooser::next
I: MonitorObliviousTransfer::next
I: RecvConstant::next
D: received message: a8719b77fdd049b76541f4b09d971268a5949a51d570f0b16296df061c97bd459c424bb399089e3f5aea4e744a91612f80ee76eedf8e96d18767f9fe300e5b3fab0b2e7bd6614f99b8753febb401b77df80fc1b28905cbf22ef1157900e6f9c714b204dbac579d55dd13a6765bc3858aba811fdab57017c519c94cc7f374acb37f5764bf1de59ffb952c99244b26c01d199d7235fd857ba97d041beeca9b25cba14797d23a3a338fa34bc44a60272dc0b70b592f6a1c0342a08efd1fc781f7ea4752b43aa3fa9062420caec924c84d6280fa1620b8e400403c6ecda4103a84ff0158f64cc8a163ab4740c9a2d817db16e7567c8dc248949f6d02c438d8c01e0e2e6c5cbe25d1b3b4b5752cb9f63003f40cbf91c6ed12b83bef15bc0fc7af3f40cea65d40eb28d1ec3cac23c635510072e4b99e28ea06d72fb9a1365fcf2c11ca0b8a18a4640aea5273cb581cf07d313743deaa3836e920a7f1d0dc3a0a570d1d58a2287d0387e97c09c14497e4cfe44837032b7c338d09e46cea09521986d946
I: MonitorObliviousTransfer::next
I: GeneratePublicKey::next
D:  sending message (size 0.000768 MB)
I: MonitorObliviousTransfer::next
I: SendPublicKey::next
I: MonitorObliviousTransfer::next
I: RecvEncryptedMessages::next
I: MonitorObliviousTransfer::next
I: DecryptChosenMessage::next
I: MonitorObliviousTransfer::next
I: ChooserDone::next
I: MonitorObliviousTransfer::next
I: MonitorObliviousTransfer::next
I: InitChooser::next
I: MonitorObliviousTransfer::next
I: RecvConstant::next
D: received message: 30771995d45a4f6318e691d147eae7c17b8c38c486e05227158c813e8ba8fff641d10fb50e4d8c85ef942b9fa0e170f5f48a54acb5cc4ac8d9e532b58d9155e0eb9aef448ba734312e0b80df31f2cd88796a4bc43ecc1d3057c46ca2bdd395cc7244969a59dcc6cd82739b95ef23e5f28e14c0c584abc3ef072557514b1a975ce704a243145edc54661d549950649d0562ef900ee2309bcb12095c4f7c39d166e1bc54deb56d62c7863ec4df11f91ba8f1a21fec76e31fab59273290b9131b28e9bed4657d41c6d7f9c4341c9422101bce23a3cf9391205036e6d4804f2309052800be797524b830f589ae7473a0826c2743c237dcd35a1337a41e396c7431ca9d1a31910133bf27b4875a4bbf4774e08dd14d90f2a7fc1ca9decf6e519c22507c965a4b0f0464dc38452c0c57d961a5f15d2fd7c7f785c9bc56dcd7398a6e2d1bca7801e5fabdc11c6219e74df972b230dfe109932089501f543000fbba7b2c26e85f2aa9dd1052d5402700e1c595ad22c43fa4c0da9c04a2f32f135c31a27
I: MonitorObliviousTransfer::next
I: GeneratePublicKey::next
D:  sending message (size 0.000768 MB)
I: MonitorObliviousTransfer::next
I: SendPublicKey::next
I: MonitorObliviousTransfer::next
I: RecvEncryptedMessages::next
I: MonitorObliviousTransfer::next
I: DecryptChosenMessage::next
I: MonitorObliviousTransfer::next
I: ChooserDone::next
I: MonitorObliviousTransfer::next
I: MonitorObliviousTransfer::next
I: InitChooser::next
I: MonitorObliviousTransfer::next
I: RecvConstant::next
D: received message: e319d2a826bffbaf80399b68d6a4cbb23e1682496d65dc0a7459f08b20801c125dc2510917dafb0c3b8a1dedfbcaf0fe3022d4b160c92726f885cc4159ccf07518f1932521919562fc99f53ed88354d9a0efd79f12a49a79f6e9d6319e994a1a5e7fd6e63f20d02b62be70b7743a3def27ea67ff6ca884183e99605b32b7859bfb42eb7754cb07b49c4ebcf3c819cd60e7e7634ba8479d9040fd4ddc5e7974303fc7ee3b511e008d640e7c808529359775f38df9c31783a6ec317bea6a588eeb8fb3a88b966524932c8f702b7b23c73d8cec06563c4e09ebc624a522680bf7f78a864071e824c9419b423998fb23e24231cd2f3688ce94477e4ac7c20a51849b56b940f0a0001dd648448a94d8c3d7b3eb64837a62f16dd74330cab568927368a109fe2e03449c84317343477e9aaa5cccb6e1ca78ca6dd63096050f1980c4940d2711e6dc9b1885cecd7382a97fb9c73757de0fddb2ba1ba4c005c84f37dc3a88ee8af7f8f2000ccac747c65c1ad063050bb2990bc424b23b4c10f05a685af1
I: MonitorObliviousTransfer::next
I: GeneratePublicKey::next
D:  sending message (size 0.000768 MB)
I: MonitorObliviousTransfer::next
I: SendPublicKey::next
I: MonitorObliviousTransfer::next
I: RecvEncryptedMessages::next
I: MonitorObliviousTransfer::next
I: DecryptChosenMessage::next
I: MonitorObliviousTransfer::next
I: ChooserDone::next
I: MonitorObliviousTransfer::next
I: MonitorObliviousTransfer::next
I: InitChooser::next
I: MonitorObliviousTransfer::next
I: RecvConstant::next
D: received message: 8f3bc9de21e2a147691bff6cbd62c539bbfe908776e2afd20b6d232e8e6535d9fabc15d4015bf04c3d2d423def1147c868ac9dd564119f6b45097be996320971a39dd4789f485ba365db50e87e2e27554f46b5ec1ccc8ee7d358f6956105e7b6e861737c0ff3723243d06e806fe852b636182d6b04395eee9ec5766af2142f195983df781ba6de797d1f477b598679e0ed247447fb6d0c001fafc6a24901b244789057e83687c193adc3dac1bf21e0a89d777c0175775a17376a0f1d61c248a5ff536a6164e33b2c58588e18ab31ccb55db4ff091f2673e0110c9b82ba6436b8b8a84e18b93ff2b9dc7c5a7b34dbe930d9774ae8e58048652d46613f23c80abfde57e15e736461bf3f082643f1292bc44d89effaaf30b6704e4f90b4deeed034cccaf10867b8759bdb3fe7f8f84575cb80fc91b67cc393fbfacdc9b9d2c9bd8fd7470437acf8a5721e3d3104179ab71ecc68d378c0de66ece5f05fc06a7e32b5ec7cf8a937f0292084ffb86020b3f8e0b0d6d47451102294148130b4b3fcf0c6
I: MonitorObliviousTransfer::next
I: GeneratePublicKey::next
D:  sending message (size 0.000768 MB)
I: MonitorObliviousTransfer::next
I: SendPublicKey::next
I: MonitorObliviousTransfer::next
I: RecvEncryptedMessages::next
I: MonitorObliviousTransfer::next
I: DecryptChosenMessage::next
I: MonitorObliviousTransfer::next
I: ChooserDone::next
I: MonitorObliviousTransfer::next
I: MonitorObliviousTransfer::next
I: InitChooser::next
I: MonitorObliviousTransfer::next
I: RecvConstant::next
D: received message: 6a4dfabcf082e0ba9b76840c73ec1d8ce4a046327d29254bb1b184c181f01fecfc1b3c3ee22a48859b2fe56f63ffa0f9f4172f1ba8880152f200b7052a1f5498f7f3e764c924b75a8a6af3f13d8b006e5c4b6114d39bbefb2e0214d57947386088da9a42932d316b1e87081f40b0d6ca2eb4bb05cf8c3fb4ea0ac9486607a14a369bc871d0b84e2155824a9fdd0b9f558f39b03057d8d615b41c392f71b99654a42856c3cedc66acb4a1926e7b89caa0fd687f5ccb011a6e4179349b6940a0b4fa3de707d05b12c8720aeedb4b639b28da8303c6eba160fa197a491799a11dbde0d6bc2644339b3030e535636d7a20631eaac51c76f52ed768d3bb6ea4235e6c1dd6ac5308cde5afae3627a88afa9eabbcefaa21584147175292615c1e6a1ff97de193396dc9d02146c2c567b783113b8ead4d100aa28805ebff9b848c98770d0610858b42e691368c2ef19235eec2996a152a901d88bfe4b0ae07f19697b28497acd3dfd1e208bbd2bb32e6052b9c5841c172d63020744b7ba5a804ab3c73a7
I: MonitorObliviousTransfer::next
I: GeneratePublicKey::next
D:  sending message (size 0.000768 MB)
I: MonitorObliviousTransfer::next
I: SendPublicKey::next
I: MonitorObliviousTransfer::next
I: RecvEncryptedMessages::next
I: MonitorObliviousTransfer::next
I: DecryptChosenMessage::next
I: MonitorObliviousTransfer::next
I: ChooserDone::next
I: MonitorObliviousTransfer::next
I: MonitorObliviousTransfer::next
I: InitChooser::next
I: MonitorObliviousTransfer::next
I: RecvConstant::next
D: received message: a073bbee38aced0009f8a137787f847121e5e57d0faebcdd664a044d27f645a7835b692a14afb5d69b1bda79bf64569a281ff9fb54b5699996d36fcddeb79a3b527ac691a6e78d656cd300225c8c15bad99d0d87658d85ecd8cc8d8500ba8759dccd483f4bb4ed3c3aff310b725d655d70d5c8c996c8059835910d8c0b7cf43992e440cd1ddf2484a54c12247b920c423594554d2683ebffe060c574ae3d7cee55afa81f55c8c81c39dad08ddf469b2d618499384be6993e092fae6e73fc03f83258c8edf234b351ff4b0197d8321482143cab1c66a914d8c8e653cdb10fa8877af9ffdbbf8e94f394e055d1a6b390ac79b84735244f37fbc1c42e3b85a1b4362ea8c7744b1cf3f4b9d50fb782b3bcbb4cd3f8a39a0456e20e666cbc118a16c16e0af98a93baa79e917dc131c9028a38d64ac5280e6a47477170c906ceb3665eaa4947eb855be60ecfd5616ebb8f0273f84c11330c89126438ac73ff8e3c0b60014b6fa6a7aa3ea41231cfce26fd1246282efd85627832c858fc6e3b936ee6ab
I: MonitorObliviousTransfer::next
I: GeneratePublicKey::next
D:  sending message (size 0.000768 MB)
I: MonitorObliviousTransfer::next
I: SendPublicKey::next
I: MonitorObliviousTransfer::next
I: RecvEncryptedMessages::next
I: MonitorObliviousTransfer::next
I: DecryptChosenMessage::next
I: MonitorObliviousTransfer::next
I: ChooserDone::next
I: MonitorObliviousTransfer::next
I: MonitorObliviousTransfer::next
I: InitChooser::next
I: MonitorObliviousTransfer::next
I: RecvConstant::next
D: received message: 4af81e5d66f57d8e2f9442e7cb1815089846d9ebcd1fb78d03b29048fd8c99966291cd8090d74fe82d16df2b57d7cc9e8bee9ba1e103e881f4d08dbca7d20cb9c2c5ed819d5cd34dfe03de8d2d52b520b53abf067c3be8003b841c62c56d8c1a57ec4536b15e832a79383f8b557754784ce7f84296228aaba9a6799539bd381ab6fcf1f0abd5a734870da028acd3654cf2cda271db017162ee2dd57b93d29eba1c68a94d82faf1b988ece04401669b616f1300909670377a680ac791904a60def7c55db820427e69a56c43cb1a9213461b4449c1d1c57945c88c7ea5d47d0faad4548f45cba410e4714d0d395511a5e23b954264ce5d1549d36f93621e0cb88423e9113d2ff72bb3585fd8541d2a53a3ec3537eeb6f4f51ddecc24d39ba13cc59ae1e54aec810e5dd7fc1b9a2516af0140d88c6777419076f2845c6f3526465a41b3d56a7c8c4e361f6e174e4a0722a39d1e9a61c94321c993051df1e372f7c27ebf28aa87fbc9801ea6f5db32ddb800caba56877b54c42767d592bfbc53c44d
I: MonitorObliviousTransfer::next
I: GeneratePublicKey::next
D:  sending message (size 0.000767 MB)
I: MonitorObliviousTransfer::next
I: SendPublicKey::next
I: MonitorObliviousTransfer::next
I: RecvEncryptedMessages::next
I: MonitorObliviousTransfer::next
I: DecryptChosenMessage::next
I: MonitorObliviousTransfer::next
I: ChooserDone::next
I: MonitorObliviousTransfer::next
I: MonitorObliviousTransfer::next
I: InitChooser::next
I: MonitorObliviousTransfer::next
I: RecvConstant::next
D: received message: befe687f7fd76b08b6fe6c1be395585e5aa9ac9a0e9ce2a0f9b676fd716e97ddd4d2a9c7cb4405a10ca6df64750b5ecd36e58ca2048bfb8edc489d986e652210a9f897017a21f7e5e539102a80eecdc111d1c41f65c27f38f833c6681b813e4a71c43f9f375f55ecc4cf73e3efb5031103b43d2bf3be4f15b56f602b0347c4fc8a4de412709a4db2b13d7ec7453c644202ea5f2b7021721c5934f89b14b2cb78f8106b7e1e78f37f9f69b0a52dfc57695722841fe148262531f600a5ebf8af09ce2567715adfb0532b0744db14fc82d9ed0f8c89b613b53add87dfeb045e15bc03436c6bc1d686fbc4bf2cba37fe92b7bb5ef87b50c0ef27c6f829c1276521efc2a5f22749e0240999f0f1f9a5ad16460c0ea0af28a609af926ea39f48e4e8f3f6dee5ad4b83a434896ecb54794ed2ac1cc8f0765c98a7c164856e20c798662884a7b5b03e10b6576529df4b030e37f194b53bba4e434bbedfb4f844c495552bba5fda4a62929678e319f9eb5d98a381072b9f5ecd3de37b92dd8184e233f490
I: MonitorObliviousTransfer::next
I: GeneratePublicKey::next
D:  sending message (size 0.000768 MB)
I: MonitorObliviousTransfer::next
I: SendPublicKey::next
I: MonitorObliviousTransfer::next
I: RecvEncryptedMessages::next
I: MonitorObliviousTransfer::next
I: DecryptChosenMessage::next
I: MonitorObliviousTransfer::next
I: ChooserDone::next
I: MonitorObliviousTransfer::next
I: MonitorObliviousTransfer::next
I: InitChooser::next
I: MonitorObliviousTransfer::next
I: RecvConstant::next
D: received message: d38a45a7d1428c5ff96e1e7f39078bc207729e93dd561e6d7b2fbd17b7feacdddf10a946a2f8ac8fc8f561a434363bc04b2d54172c4e129a88db02a28a5d1061c2d0f1150c6b96c26ccd88eb280615763ae9a81dd2d1c44f3241c27799a8deefe77efbee30c52544de879969e84b7696566e8fcfbc8ce90e3dc2b7b53bc88a5590e1486de0fcd4787b318aee9a3a67db2844f866063f5a8af4ae764632628cb3461246c625a746da93aa66f1013b403690d0d646593d873bb3c97087b09988b3df473f43c94bdba4a637d7d6a7717149ed800d431c83e47802b19e73fb50f5a0dfbff2c52071c0802eed6fabae0904e9e99a3b696bd4043f3299f5f5b2e535ee937d3ee3c3588db6c823bc5b5c6500bd2eb0ebbce5499c56e864895751cf7d6d01bb9cfc0b495faaff4e54c8f991bed5ed5e7327ee7836102fe8aa85ef118997e59655a1a415ff48b167daf82ab68e6da96799e39eddc6e356286dad77f1b505a6110d3686e645ad8bb444d6c97267de5fbd21afa91a7f018ff72f39f8d04583
I: MonitorObliviousTransfer::next
I: GeneratePublicKey::next
D:  sending message (size 0.000768 MB)
I: MonitorObliviousTransfer::next
I: SendPublicKey::next
I: MonitorObliviousTransfer::next
I: RecvEncryptedMessages::next
I: MonitorObliviousTransfer::next
I: DecryptChosenMessage::next
I: MonitorObliviousTransfer::next
I: ChooserDone::next
I: MonitorObliviousTransfer::next
I: MonitorObliviousTransfer::next
I: InitChooser::next
I: MonitorObliviousTransfer::next
I: RecvConstant::next
D: received message: 9b9e2cb85ab359e5d3e55d7aa8d34283c46ca3642a1365e9f8fe4888dfb9499039ea6285b0200c5d8fbb1f0dbf6408465b4321d74fa115f904f984ae55ec5400e45ece36e9cc1aa08097fa5ecfdd06523b0051942e2f07dea26b0c2cef89bc66e5f59d283ec2013ffc28d8df27501a90ad51237c06058631a6e1d1ed2a21b44f90d477f0fb48b7de38970ad7522d39bd60049e3b4645fe14ba728617bae147123c43fc0bc49d084e0a39721825e9fcdc67186a9cb97ac0937bd3a5b6e2c4607e8a0601e8e8fa9fab21dcba552c27bdb692dd050242986527010ca5927e748e20e284ff7fb49424ebea9e643487de9c29a37ceffd550ee9eb63a9de350df1fb5a1e7ebdf42b7eeb02bcfbbe2478efd40d2728e5e225f1bc3c8223b180f3975b610b68e8f5f42d14022cb2d7919b95ed2b88df10d931f5baa3dd47e19c72f1532e161c576ccccaeff2e89f9870b1bc6d18ec7b50b85399fdad49cba43a9354f497b23eec77d00c2cb869548e1275a325ccfb79a33b7cc41e4e024a48d7263f59f
I: MonitorObliviousTransfer::next
I: GeneratePublicKey::next
D:  sending message (size 0.000768 MB)
I: MonitorObliviousTransfer::next
I: SendPublicKey::next
I: MonitorObliviousTransfer::next
I: RecvEncryptedMessages::next
I: MonitorObliviousTransfer::next
I: DecryptChosenMessage::next
I: MonitorObliviousTransfer::next
I: ChooserDone::next
I: MonitorObliviousTransfer::next
I: MonitorObliviousTransfer::next
I: InitChooser::next
I: MonitorObliviousTransfer::next
I: RecvConstant::next
D: received message: 75cc9d8e603fd7f5a219a8bdb86a1122645542d6e8c6603b634d963e1c9894bf18c9cf4d50468fbb8a62caeab2e567e49ea7feed72467f3407aaca4078c2d4885e93446912abbbc4f132935d8805b4e351f8b40490f5f8514ccf05c38b476bfe49c47221bb56ae8c68f03ea8f57ba47b038da9d493aa4e12a312234d9bd16164121de9a24f65098a1874b1ca1e2f8351e59736339d83662ca2d3ea3a96da3a75a6f1c22516e4983d1faef17a59629f28ad6a69243d27c3d9273ce8820f7faf5a76b53f8c8bfd9dd251d29631ba424a841b9df82d9debfe4b275d9b7fc2e8b55c772978294842c956969f549570b3ca662c9bc74261b6f4026802744f91093a3908f9cc4a351dcdda028eeb3202d40abb9c76a4ba5d5ceee546cec81d7712e2a7caf9486a28f3584017b7a0854aecd554a93c557df299e5d788f0811662df2da21490ed29a103d455fd6eb7a9518f5df8652df93b4f91ef598def0080e2996b188ba7b4108b425abcd0e4063f246438cc52d0512b3dd29d8c1eee20c3a2246440
I: MonitorObliviousTransfer::next
I: GeneratePublicKey::next
D:  sending message (size 0.000768 MB)
I: MonitorObliviousTransfer::next
I: SendPublicKey::next
I: MonitorObliviousTransfer::next
I: RecvEncryptedMessages::next
I: MonitorObliviousTransfer::next
I: DecryptChosenMessage::next
I: MonitorObliviousTransfer::next
I: ChooserDone::next
I: MonitorObliviousTransfer::next
I: MonitorObliviousTransfer::next
I: InitChooser::next
I: MonitorObliviousTransfer::next
I: RecvConstant::next
D: received message: caf27db08c14c69d6c97f6788281ced799f5b6f902029535b5fe91e34ec1f96d953d4d42a9f9672243e5008c298c4ed61b51921f7eebfed55c20e103e074c8cf505ab928f9e2b72e61a5d11c7cf4233e799cd6316653d1ded3c11cf012d0b3a15c426c77eab44774deb3c561d5306dc89e3e8cf522f832887fa93644441f2c9c351f996bc3fdebdaa4b9991ef937b4aa95f5d235d79124d05c6a2c197098f1f7a71cbe5f9341767b06dbe973260f97083c9b97af24fb63264a23561f23925cd4dc499830824e40f80046260e1fdd10b44a4e0c7c461e62b83bf10075190dbb56f59bb71d0e746e1c7051440207450e6aa8d08dc8122d5ef906040aebea230de6c0c396ef27f837de7e255056f0859c72ae686abfec319342b7b90c4766964a5807a144ca0bd9835229be7aa5e177df7e5ea8c8e03d515fa2af62310c84cbe16ca5cfa4ce22cd92e3431d4b6bf343f1f1e1f891d740e7673e84f2e4ebebd41e18cfbc4a3d8f7d06bb1c87415f7474570dcd9e9f84a55a505ba346f475f250e1d8
I: MonitorObliviousTransfer::next
I: GeneratePublicKey::next
D:  sending message (size 0.000768 MB)
I: MonitorObliviousTransfer::next
I: SendPublicKey::next
I: MonitorObliviousTransfer::next
I: RecvEncryptedMessages::next
I: MonitorObliviousTransfer::next
I: DecryptChosenMessage::next
I: MonitorObliviousTransfer::next
I: ChooserDone::next
I: MonitorObliviousTransfer::next
I: MonitorObliviousTransfer::next
I: InitChooser::next
I: MonitorObliviousTransfer::next
I: RecvConstant::next
D: received message: 2ee43524a9d5d0bb9ad5d5e893cd5affcd1268b987baaa52e9f245bbbe54329534d639c699001277cf1899e918c29630190dea1c4b4a76b3d89b2c25067afaae818ab53ea4403ab42799babed14c8106e67e3948c3baf028371e7adf03faf950c4bb933f24167f44fc721f7053cdeafa58c9c0f94ce93f3f1187c54345fab5e2f39115f919bea7bcbff58481e029ad2ab04da92dea0a3107b0d7c84a3548369f51909f286a36aa9ff793f59748c2d4b7a4ea717d87b5f7cfc0661190fc780d3820783a9dbc416b2144ee799618e952795df060b857cf955e1abbbbc86bbbe0310eedbc1d9d397df240a1f456463b701b7dec82ede219bd84844d94e46251ac722f112b51e8d2925148ae431e5086fd9bd09fb93b70f1ade915afa31034369f7ec46701e91a8c6e2e2968ac7e64fba76310c8a1fcab99d1cdb6ff559a1dee93f7b73b475af13db682e2e93197dc75ef58ddaba3d534e6c2402d08168c5ca8635048d63578a773b39e503a02c98af5f8db24aeaad60444c799b153ed589ce60dca
I: MonitorObliviousTransfer::next
I: GeneratePublicKey::next
D:  sending message (size 0.000768 MB)
I: MonitorObliviousTransfer::next
I: SendPublicKey::next
I: MonitorObliviousTransfer::next
I: RecvEncryptedMessages::next
I: MonitorObliviousTransfer::next
I: DecryptChosenMessage::next
I: MonitorObliviousTransfer::next
I: ChooserDone::next
I: MonitorObliviousTransfer::next
I: MonitorObliviousTransfer::next
I: InitChooser::next
I: MonitorObliviousTransfer::next
I: RecvConstant::next
D: received message: 78945a7fe33c8a6b6f3f5592c5b62eb5d37e41d2e359524b95f9ed4e7800aa16409bc55d174ab28afe91562a1bcab2fd352f53fa55da0ecbf8f7c0a9b357a844d1c585408e5c505dcaba215033790bea4662ebb41b6008299478d072a65218bfb1e84efa1d53229d4eded5a54783bbd45cb70cc38ee96185bbd91ba5049a8d07ce8cbcea023dba14614898ce427aa8bfd474107f83f512f45f30f464ae7379368a9d57a2bae086a82883af6f7f898afd9370ab161956d14948758e8768d6b9154c8bf3e050f691c0a48175fea061fa12edee1f8707791d97a4f7444e97d2d1f85b35791c672660d391c0ad8c7a5d3b632eafd85af59bbdfc1c7d2a37d80de8d5a1363a451a33d9b47d0ccf6536e2accb6e047452fb11be56ba3db6ef1d12054db666e14a43d7dd6c74163db5f0972267ed00ec945a1349b04afe3a3b89f9c46bf4751d4cdefc27a6da5129c4967ebbfdcdce1ace565266da28401ccbd00347ab19c59d26ec6e02755dc395f96ae406898d048eb02ece56c39e75e84857facea8
I: MonitorObliviousTransfer::next
I: GeneratePublicKey::next
D:  sending message (size 0.000768 MB)
I: MonitorObliviousTransfer::next
I: SendPublicKey::next
I: MonitorObliviousTransfer::next
I: RecvEncryptedMessages::next
I: MonitorObliviousTransfer::next
I: DecryptChosenMessage::next
I: MonitorObliviousTransfer::next
I: ChooserDone::next
I: MonitorObliviousTransfer::next
I: MonitorObliviousTransfer::next
I: InitChooser::next
I: MonitorObliviousTransfer::next
I: RecvConstant::next
D: received message: c334d3a8b81805eda51497b0228de2300119e825e6dc6dbb04a956a4afee086bf13a98854fbca6c74120d7ee145253125f4f12ab853e395775615af4ecad0400ed32dc610ee6d2f3564ad29bbc64dc08e146e557d0993094a964ea16a62361956d555d905abd43d1ae5c91318bc056b72510acc873e45c0c00d878b9a18d9bcfcc1c75b9705a9ac7429056599f159bddf9e4d204a66dab63a8cc3a986700f385403818f75966c93f4f4055da8c6d2973583ca8ffbd3065f34aa637e6698a8c0a153b7b13e33247f2ac31da9dc67c33cd49b2b21bca990faca4f9e9fe1429b2a3840b197679726df89bede9e37952175c21defa617f4a193adfc8a8cb2f32cc7a9fb2a22e7897e5e06caacbf7b7dd417dc47ab2711c2c971a60f87dd5b60087d1585b85d6301f476fadaf191469ea3b2bc836360e7b15a00ec84213623e4957db9821bec8e891e9dec411778d6f4074d8a0276668925e05dd496ee14e2f2bd667a8d2622926cffd9328cf2ea7fd3b557a5938b34069c371b5fb10fd6181238c88
I: MonitorObliviousTransfer::next
I: GeneratePublicKey::next
D:  sending message (size 0.000768 MB)
I: MonitorObliviousTransfer::next
I: SendPublicKey::next
I: MonitorObliviousTransfer::next
I: RecvEncryptedMessages::next
I: MonitorObliviousTransfer::next
I: DecryptChosenMessage::next
I: MonitorObliviousTransfer::next
I: ChooserDone::next
I: MonitorObliviousTransfer::next
I: MonitorObliviousTransfer::next
I: InitChooser::next
I: MonitorObliviousTransfer::next
I: RecvConstant::next
D: received message: 1f1aa6aab304e7db89f44dfb7b6c3a86c43d832264e4abdabdb65f57af88a88d458bdbf292eaaa0330455202ef7488a5f982b177303ef0f7fff5faf01586a6b91decf664b48962a0d7a3e6245a2a13ba94e685d2b6bb2dfa91777b1531d0b54c4ac0bf4a646c3528b05d83087242e56a02944be361d55ed47867d9394f1fbc80b03d6b45462410cf8a5d7db6e22192eb7fb3ad3d0c07d532414b2ef19d827bbe0f9767780660e81ccdce9c98284c1a68ebfe75f0e9d24e1de6578160d870d34ebc9cdc3c3ec0c848ed74a8053b14b8332654b6fae84574ae74378783538d56cf15ab0b7662259baeb954a0acbaeed293bb912c17475a16d0a5c3bccc984011a5141f796cd0f40c99ca9f1b7d2b848bfcb5b3c886a0d46e35bde1fa95ffe51030205d33aab61e2b0f5542558f105f965c4159ccd0a0e530372ab633cfc4f422db71c9dc9860e3635193c973eae3761b9c38f5dc87eb69232be8daf58088c05168e28315e2638d7f658fc3ee394aa98b37da0bb1e541be77e1ce2f74d3cf85ee1a
I: MonitorObliviousTransfer::next
I: GeneratePublicKey::next
D:  sending message (size 0.000768 MB)
I: MonitorObliviousTransfer::next
I: SendPublicKey::next
I: MonitorObliviousTransfer::next
I: RecvEncryptedMessages::next
I: MonitorObliviousTransfer::next
I: DecryptChosenMessage::next
I: MonitorObliviousTransfer::next
I: ChooserDone::next
I: MonitorObliviousTransfer::next
I: MonitorObliviousTransfer::next
I: EvaluateCircuit::next
D:   evaluating gate 10000
D:   evaluating gate 20000
D:  sending message (size 0.000001 MB)
I: SendOutputBit::next
I: ==== round duration: 275045.250000 ms ====
I: CopyMonitorStateLabels::next
I: RecvGarbledGates::next
I: RecvSystemInputLabels::next
I: RecvFlagBitLabels::next
I: EvaluateCircuit::next
D:   evaluating gate 10000
D:   evaluating gate 20000
D:  sending message (size 0.000001 MB)
I: SendOutputBit::next
I: ==== round duration: 275604.968750 ms ====
I: CopyMonitorStateLabels::next
I: RecvGarbledGates::next
I: RecvSystemInputLabels::next
I: RecvFlagBitLabels::next
I: EvaluateCircuit::next
D:   evaluating gate 10000
D:   evaluating gate 20000
D:  sending message (size 0.000001 MB)
I: SendOutputBit::next
I: ==== round duration: 274893.000000 ms ====
I: FaultObserved::next
I: MonitorDone::next
