I: parsing spec file timekeeper+.v...
skipping synthesis, BLIF file already exists.
I: parsing BLIF file synth.blif...
D: inputs and outputs parsed.
D: circuit initialized.
D: connections (#4034) parsed.
D: gates (#42010) parsed.
D: outputs: 58528 58531 58534 58537 58540 58543 58546 58549 58552 58555 58558 58561 58564 58567 58570 58573 58576 58579 58582 58585 58588 58591 58594 58597 58600 58603 58606 58609 58612 58615 58618 58622 58625 58628 58631 58634 58637 58640 58643 58646 58649 58652 58655 58658 58661 58664 58667 58670 58673 58676 58679 58682 58685 58688 58691 58694 58697 58700 58703 58706 58709 58712 58715 58718 58526 
D: circuit size: 58719
D: adding identity gates for outputs...
D: outputs after identity: 58784 58785 58786 58787 58788 58789 58790 58791 58792 58793 58794 58795 58796 58797 58798 58799 58800 58801 58802 58803 58804 58805 58806 58807 58808 58809 58810 58811 58812 58813 58814 58815 58816 58817 58818 58819 58820 58821 58822 58823 58824 58825 58826 58827 58828 58829 58830 58831 58832 58833 58834 58835 58836 58837 58838 58839 58840 58841 58842 58843 58844 58845 58846 58847 58848 
D: circuit size after identity: 58849
I: initializing safe primes...
I: using prime modulus 2410312426921032588552076022197566074856950548502459942654116941958108831682612228890093858261341614673227141477904012196503648957050582631942730706805009223062734745341073406696246014589361659774041027169249453200378729434170325843778659198143763193776859869524088940195577346119843545301547043747207749969763750084308926339295559968882457872412993810129130294592999947926365264059284647209730384947211681434464714438488520940127459844288859336526896320919633919
D:  sending message (size 0.000005 MB)
I: InitMonitor::next
I: GenerateDriverLabels::next
D:   driver labels generated in 81793.195312 ms
I: GenerateInWireKeys::next
D:   in-wire keys generated in 21566.007812 ms
D: SendLabels::message
D:   generating in-wire labels for 42145 gates
D:   10000 gates processed
D:   20000 gates processed
D:   30000 gates processed
D:   40000 gates processed
D:   in-wire labels generated in 75517.203125 ms
D:  gateCount: 42145
D:  sending message (size 55.098488 MB)
I: SendLabels::next
I: RecvGarbledGates::next
I: RecvSystemInputLabels::next
I: RecvFlagBitLabels::next
I: MonitorObliviousTransfer::next
I: InitChooser::next
I: MonitorObliviousTransfer::next
I: RecvConstant::next
D: received message: 932ee8925fe551f91f69d7bccdee9eaf4d3eeb10278324939df741cc3db07b3c5d73c8060350251fb7704e9603e2ee539fdbc00f24e0c0f83c60ae76173f3bbc881d5d00c488b942716767dfd0b5f5ace459ee1378d358201796db68f2f1488dc1396cdda2da8bd4a90edfd99da8bb9789f1d4fa9bc519f46aa2dd4de09cc2507c022a28c065f471c3b2189f8ec432f115dfdee158614b2ae0d1560c2fe7a70b5a3d881c951d0827b3ebfa732350eecbd9d7450beb533f7d7c856c667a802ce3
I: MonitorObliviousTransfer::next
I: GeneratePublicKey::next
D:  sending message (size 0.000382 MB)
I: MonitorObliviousTransfer::next
I: SendPublicKey::next
I: MonitorObliviousTransfer::next
I: RecvEncryptedMessages::next
I: MonitorObliviousTransfer::next
I: DecryptChosenMessage::next
I: MonitorObliviousTransfer::next
I: ChooserDone::next
I: MonitorObliviousTransfer::next
I: MonitorObliviousTransfer::next
I: InitChooser::next
I: MonitorObliviousTransfer::next
I: RecvConstant::next
D: received message: c4e1ee64200dd8eb55f0f1fb2404465fc38cda8613a5827888d23abe7b3457300d0f934fa174a5d31ae25e4152a30638397c119c402b23ad32cebb809620e05a4efdf501a1d308495692ad67f95fb5a5751f49f033ef78abcef74375ba93d773e1800db08e8bbb1447b099bf209b7feec714a2685b2a1483959098b704b736efc874c7de59c26d11e82c881e0850fc4bdd23c2f340326c961e2ebeeb80cc8fb5272bb0f71497043e8085f9a3d6eb345ca65200f5d1c28a31ad32880340590e9
I: MonitorObliviousTransfer::next
I: GeneratePublicKey::next
D:  sending message (size 0.000384 MB)
I: MonitorObliviousTransfer::next
I: SendPublicKey::next
I: MonitorObliviousTransfer::next
I: RecvEncryptedMessages::next
I: MonitorObliviousTransfer::next
I: DecryptChosenMessage::next
I: MonitorObliviousTransfer::next
I: ChooserDone::next
I: MonitorObliviousTransfer::next
I: MonitorObliviousTransfer::next
I: InitChooser::next
I: MonitorObliviousTransfer::next
I: RecvConstant::next
D: received message: 88a46a1f04b277fc07a823d8e29d2645d301b1f3347f45ad8f9096845ad3772b83b79a6a4a971abecd583f8246bde91bfd337668b12696ac110cd42cc7e8ff88e189355a1ffebd638e2c58d94e9d392a7aefe08d52860aa8952814c3022d811a1d35907573f7b55d4030ff38f5fba09b192b3d7c2b90a052a4e8185a98c563dacc26e1c31dbcac5f722015fb128531f6f7b2429fd52c7c3cf482bce673a33d947c794ebb2472d120db31769f178a7a9869254209998f1bd28a4f12da8a579313
I: MonitorObliviousTransfer::next
I: GeneratePublicKey::next
D:  sending message (size 0.000384 MB)
I: MonitorObliviousTransfer::next
I: SendPublicKey::next
I: MonitorObliviousTransfer::next
I: RecvEncryptedMessages::next
I: MonitorObliviousTransfer::next
I: DecryptChosenMessage::next
I: MonitorObliviousTransfer::next
I: ChooserDone::next
I: MonitorObliviousTransfer::next
I: MonitorObliviousTransfer::next
I: InitChooser::next
I: MonitorObliviousTransfer::next
I: RecvConstant::next
D: received message: 58a8ae1f034f4254c0cf5598f29b51189c0e83d35295bfbcdaa143eeb3059d2f0bded443253092bab4e3fc946a4cd6288011c7e1b5421e200330107e38a924017332022f0ad47d6cc990174799de8f043aadbf7bf860b4c79762a24387a6e82606ac67e900b555ce445943c85644747b8a56b4515ea1e2a2049f0d3f69b92a4d5711dece223df7aca7a3c854f9161aef851408e86322672c5a1854a3985c5c4ceedff2fc7125ff2a28141750afcb8d09bef0e4da966a7c0cb59341a0cf3704a
I: MonitorObliviousTransfer::next
I: GeneratePublicKey::next
D:  sending message (size 0.000384 MB)
I: MonitorObliviousTransfer::next
I: SendPublicKey::next
I: MonitorObliviousTransfer::next
I: RecvEncryptedMessages::next
I: MonitorObliviousTransfer::next
I: DecryptChosenMessage::next
I: MonitorObliviousTransfer::next
I: ChooserDone::next
I: MonitorObliviousTransfer::next
I: MonitorObliviousTransfer::next
I: InitChooser::next
I: MonitorObliviousTransfer::next
I: RecvConstant::next
D: received message: 8a3846efe1d61ee76cca7447d4bf6142f56b30eb0897b1f5199b6b2087b21fea6ab4de34e9054e07dcb17dcf9d110fb483ca3a3c7b6b80a96b348967479fb3cd0e6292023c28dfda3893cd9eafc1e9ffb61df2a799f3088303e770a9d54dba43f56853ba3e7dc234fb33100463fd58856f0e9d9284f06f1432b470c671adebda787b5d26078e981e3c75fbb4328af7e1d8ac156d5e06d445d566644aeb06574f4222e700835e2cd1b4fa566742f1b0901e3717deba496bcb55297390ed3fe1dd
I: MonitorObliviousTransfer::next
I: GeneratePublicKey::next
D:  sending message (size 0.000384 MB)
I: MonitorObliviousTransfer::next
I: SendPublicKey::next
I: MonitorObliviousTransfer::next
I: RecvEncryptedMessages::next
I: MonitorObliviousTransfer::next
I: DecryptChosenMessage::next
I: MonitorObliviousTransfer::next
I: ChooserDone::next
I: MonitorObliviousTransfer::next
I: MonitorObliviousTransfer::next
I: InitChooser::next
I: MonitorObliviousTransfer::next
I: RecvConstant::next
D: received message: d9fa22a1ddc2572e4343a2d54afe73e42c5d29fc2aa9f871a123fdffb0c02036ee10cb243f9520e49321b07514adb3c04ce0e090b1ef1e439d8050f93065085714a7b0ee486554be12234051804ba96a8ca9be3c1024245b4a7625291f51eb25971a27d55f8c96fb9b7060158624bf9dbe65d97cec9eb84dc994ecc4881bb941f19b352deaf911152a7db3f9b357edf648e6110683da18d241cacf2eb1143fdf7cb55c01706cf95f55af99392eb7f6a7e3aba46963bfff6ee7f2bbad0debdc
I: MonitorObliviousTransfer::next
I: GeneratePublicKey::next
D:  sending message (size 0.000384 MB)
I: MonitorObliviousTransfer::next
I: SendPublicKey::next
I: MonitorObliviousTransfer::next
I: RecvEncryptedMessages::next
I: MonitorObliviousTransfer::next
I: DecryptChosenMessage::next
I: MonitorObliviousTransfer::next
I: ChooserDone::next
I: MonitorObliviousTransfer::next
I: MonitorObliviousTransfer::next
I: InitChooser::next
I: MonitorObliviousTransfer::next
I: RecvConstant::next
D: received message: 78880ff17753e14aec312d354b754912ae76b62e6ce4d707a07e546c5909454861618b691ee9181ea600da4df801be48a19c0cd03b524d3e93c1e2abef4f7d946bb54a74716397740894bd02d7c3e91d4323e1a875d9bb8e34df7b80f9d3c7ca2400ad148c968a6f06b62e178619dba9eb61ae83725bbcfda34430c8bbfbf483ff0ec3e41c3366e5af2665edaf67866d97fe88d674d2c4af1f830e8c0b08565a05693b93e43aab7616ed843f6f4d15b8c726402b7d26c992f487f0e8f6b5b3
I: MonitorObliviousTransfer::next
I: GeneratePublicKey::next
D:  sending message (size 0.000384 MB)
I: MonitorObliviousTransfer::next
I: SendPublicKey::next
I: MonitorObliviousTransfer::next
I: RecvEncryptedMessages::next
I: MonitorObliviousTransfer::next
I: DecryptChosenMessage::next
I: MonitorObliviousTransfer::next
I: ChooserDone::next
I: MonitorObliviousTransfer::next
I: MonitorObliviousTransfer::next
I: InitChooser::next
I: MonitorObliviousTransfer::next
I: RecvConstant::next
D: received message: 6e020e09fb8c88751581809d6b47f5f98c9c763cb730f1c62e9354593d1a6d14a08d86584a1910416363f26d8ed7910c3b15f8ea8c8bd91d7f72e7c109f2cf6b30ff8c65637f0e3e36cbeb482753a51005d7c87b5242045b6cb115d7bdc318eff71b2dbcbfad4516f0a0091e9ee9fedb343496e3b47bff97a6276681257e249eb502a63222ce8c2f5b0358e1f64e70234b474b63e6821eaea710a0b87245badb750be6f19dc7755480fa699f3775d60240bf27877b0dcc9893445b324ed99ba3
I: MonitorObliviousTransfer::next
I: GeneratePublicKey::next
D:  sending message (size 0.000384 MB)
I: MonitorObliviousTransfer::next
I: SendPublicKey::next
I: MonitorObliviousTransfer::next
I: RecvEncryptedMessages::next
I: MonitorObliviousTransfer::next
I: DecryptChosenMessage::next
I: MonitorObliviousTransfer::next
I: ChooserDone::next
I: MonitorObliviousTransfer::next
I: MonitorObliviousTransfer::next
I: InitChooser::next
I: MonitorObliviousTransfer::next
I: RecvConstant::next
D: received message: 6e42f215c030448964b27abcc693d63772fd37c61001fd2c873de6a346d15161c9a459e519253d9db67ade8bb01b323fe0fd3d8e3d94d316e11e54e3aa74ae3e17b68e34c1bf4609d5f1962bc39830fb4870f58fe7414b5d9513b6c0c04ca9c5df0499525eec0622687c3814f706ed53be90f1c524ac9c1027443f508dcdec4a3d766c0095c51eb298da5fdd3c0054dce91a96c932c161c371a9049d74d782317dec6b05e421aaf7af047e36e85598f1ad41003f896bcb617bfd7ba2b02aac6d
I: MonitorObliviousTransfer::next
I: GeneratePublicKey::next
D:  sending message (size 0.000384 MB)
I: MonitorObliviousTransfer::next
I: SendPublicKey::next
I: MonitorObliviousTransfer::next
I: RecvEncryptedMessages::next
I: MonitorObliviousTransfer::next
I: DecryptChosenMessage::next
I: MonitorObliviousTransfer::next
I: ChooserDone::next
I: MonitorObliviousTransfer::next
I: MonitorObliviousTransfer::next
I: InitChooser::next
I: MonitorObliviousTransfer::next
I: RecvConstant::next
D: received message: baa355716af98affdc6be027412029d74b66b2841d0254420d6c4325704399038d518b7e50cbee53ab3d4e56a326c8cfd4e984363a01a266964e32c5fbd5a1c43677dd60e87784cd53cb4484b8a30b2204c32fd9fe745ea1b67f73ebb598831b4bd1bb12f31b8cf2e690ecd17576b2d5aa0eb12cc50f6bbb338631a233789e361ec8ce36b62e3463395cc4cc2bb01b01bf041c592bf58ce25f0841d301d7bd64f9a6f7e721cea99d738a1ab7550781bd7ba74b379c6dee072adc68b184aa3098
I: MonitorObliviousTransfer::next
I: GeneratePublicKey::next
D:  sending message (size 0.000384 MB)
I: MonitorObliviousTransfer::next
I: SendPublicKey::next
I: MonitorObliviousTransfer::next
I: RecvEncryptedMessages::next
I: MonitorObliviousTransfer::next
I: DecryptChosenMessage::next
I: MonitorObliviousTransfer::next
I: ChooserDone::next
I: MonitorObliviousTransfer::next
I: MonitorObliviousTransfer::next
I: InitChooser::next
I: MonitorObliviousTransfer::next
I: RecvConstant::next
D: received message: af979ae5645efb97efa65a0f971a2b6da0750969e8bc78c5d72cdbe74fe765ae517f99f70081b1e0a7f7995ae9a83b2bc519962f95113c1d9aed6b1570524d017cf1f611baeec49bdbc602b3edad66cba3088a13ef047c44704cb7697f9e1221630e085bb28c5efcae253e77592929e28294d69dcf259703ae1d19017695b1ef150db701380957352e695e4dc9fd504409a8ad828c200b25efa944248e274cf6b253400dfe5f683b522544dec5663f2e4945ed5ad7f70b5c9845a8fad4eb7f41
I: MonitorObliviousTransfer::next
I: GeneratePublicKey::next
D:  sending message (size 0.000384 MB)
I: MonitorObliviousTransfer::next
I: SendPublicKey::next
I: MonitorObliviousTransfer::next
I: RecvEncryptedMessages::next
I: MonitorObliviousTransfer::next
I: DecryptChosenMessage::next
I: MonitorObliviousTransfer::next
I: ChooserDone::next
I: MonitorObliviousTransfer::next
I: MonitorObliviousTransfer::next
I: InitChooser::next
I: MonitorObliviousTransfer::next
I: RecvConstant::next
D: received message: ea316ed18ab883eb64d1179589c692d71d75a26813f676dce6c2300f2ab0a59f66eefd55ccdd2246738741fb06ceaa56e35d2ee7e95175aa607abc3d957be14c2e2d28c3a533cde7e5b20b940cf649bf75a8f072dde02cfa22371c5c298ab80de5e52edc78ef1874314dd8ed415ace1451248f523d146c18aa02c83c82335faf5a68cff93ed653fb7b6120b032658c03e5ae3638e8dc4fcc7f8f249d62ff8016bd12c1a24c772b90b6de56298a5d7ce3665b62134df71c74257d7c446146731c
I: MonitorObliviousTransfer::next
I: GeneratePublicKey::next
D:  sending message (size 0.000384 MB)
I: MonitorObliviousTransfer::next
I: SendPublicKey::next
I: MonitorObliviousTransfer::next
I: RecvEncryptedMessages::next
I: MonitorObliviousTransfer::next
I: DecryptChosenMessage::next
I: MonitorObliviousTransfer::next
I: ChooserDone::next
I: MonitorObliviousTransfer::next
I: MonitorObliviousTransfer::next
I: InitChooser::next
I: MonitorObliviousTransfer::next
I: RecvConstant::next
D: received message: 73e61e2dbe22f781adf9ae6a18d2859f9043b96dcf8c024ca89b1043c67d95df1044e2805f67e6f739868d0d12d1975568f1dfe3107603b10d18cee2c063175f7c4a2b8694926d8dac068d5fe0f29056dba02b834731281d87bca2d49f941455460b052a240d12aa5fa2263a0adf2eec221d6ad3b2a106e200ebedb3e10bead9b3765395ebe1a7a59a6c10e1c4eb5482109e556f2c8772c2745e6f17963573eecab1e7444c9272a2af80ca0dd4969bf4530ac3a962a45b6eb7a726ffcdb7680c
I: MonitorObliviousTransfer::next
I: GeneratePublicKey::next
D:  sending message (size 0.000384 MB)
I: MonitorObliviousTransfer::next
I: SendPublicKey::next
I: MonitorObliviousTransfer::next
I: RecvEncryptedMessages::next
I: MonitorObliviousTransfer::next
I: DecryptChosenMessage::next
I: MonitorObliviousTransfer::next
I: ChooserDone::next
I: MonitorObliviousTransfer::next
I: MonitorObliviousTransfer::next
I: InitChooser::next
I: MonitorObliviousTransfer::next
I: RecvConstant::next
D: received message: 4d9babdc7507f89bf01af1414f01dac1b1ea03a0878aab9aeb6151b107cd259513d7c6838aae411cda199fd83e3129d19077a39191417ac9e5fd8aac03ba43649b9f0cf8b785141f3ca14189235d276b9ec2c5c3bf243f4474618ee013239847f5d934c453da6ba0d621a7fbd75390dadcf5a58efdf1032009628d18638225397aa3b906aeedb4cc585955d18ed8f84d88c9e341ddc1ad7d829633e7e400c263016e4382f5f959bcc968401b9b05600777f01c9368f5168b7fc76b113fd7935a
I: MonitorObliviousTransfer::next
I: GeneratePublicKey::next
D:  sending message (size 0.000384 MB)
I: MonitorObliviousTransfer::next
I: SendPublicKey::next
I: MonitorObliviousTransfer::next
I: RecvEncryptedMessages::next
I: MonitorObliviousTransfer::next
I: DecryptChosenMessage::next
I: MonitorObliviousTransfer::next
I: ChooserDone::next
I: MonitorObliviousTransfer::next
I: MonitorObliviousTransfer::next
I: InitChooser::next
I: MonitorObliviousTransfer::next
I: RecvConstant::next
D: received message: 7a8cd32841b803519856313166eafd65570a6a1ba06d9412c28967050156d9a32394992932f17f0ba3bfe23c1d83019fd4c15a793a59943801c4cedbcaf8d56c4d5b5a5b3195d45a988851241257e916f65210689a7edb14a93ab14974a6f04a8e98c38e86a27a33f047723c5b68c663201e83a67ebeb3dbcda1c31ed2d4259898a13cf519baf6e66812a32c3d644a504196142799d6cc482793ad2012014060be9cc8fcba00a3ae262e0576ceecfb165138661c302776b3efde3db85c003e8b
I: MonitorObliviousTransfer::next
I: GeneratePublicKey::next
D:  sending message (size 0.000384 MB)
I: MonitorObliviousTransfer::next
I: SendPublicKey::next
I: MonitorObliviousTransfer::next
I: RecvEncryptedMessages::next
I: MonitorObliviousTransfer::next
I: DecryptChosenMessage::next
I: MonitorObliviousTransfer::next
I: ChooserDone::next
I: MonitorObliviousTransfer::next
I: MonitorObliviousTransfer::next
I: InitChooser::next
I: MonitorObliviousTransfer::next
I: RecvConstant::next
D: received message: c5bf362a39686db4790aceaa817f5c18caee896e26633a517e76b829334e1131934ea8a27d4d7773dc742aa5734c90033402b2d6964cf14cfa9dc9ab845f43fd7179b5ab595eb45381bfbf5cd61656aeb6ee2b4771fc327eae7a4fa78add0737644b45176717be845e7aff1491f26e88bea0707693976508003a9eb1384343e0a3c122da439501d92d1f54d68575f82a9593a323ed4f78ede40b61769f7ba601c2105c5f0ef5fa09c8d093674632c978db3e359eb53adb86ccbd8e2ed55dd520
I: MonitorObliviousTransfer::next
I: GeneratePublicKey::next
D:  sending message (size 0.000384 MB)
I: MonitorObliviousTransfer::next
I: SendPublicKey::next
I: MonitorObliviousTransfer::next
I: RecvEncryptedMessages::next
I: MonitorObliviousTransfer::next
I: DecryptChosenMessage::next
I: MonitorObliviousTransfer::next
I: ChooserDone::next
I: MonitorObliviousTransfer::next
I: MonitorObliviousTransfer::next
I: InitChooser::next
I: MonitorObliviousTransfer::next
I: RecvConstant::next
D: received message: 96d2e4a24411875812b27ac9c0ded6cd94b58d4d5b7307f6a346d7ae11dbe1ac190daf570be36036c419906e1c56e261b22227594a3d7d17fc2d3d6a13f23a3b3f4df6cc6736f52542afa1c16716c8d009701dd4aad687e7a8deaa15cb391001aacc686688a7f2c01dd8bbf22a0ea34e2780e45571d4cfa8bfc501aab5b540d1e8b972f1ef5d0426f78a1ff4414e25e1ec2af3c35853e2a1ec3896b0dd7f069080bfb0661ff748b9f96ce8d8ba79abae3595fed72806e54b3093d04ea41857d3
I: MonitorObliviousTransfer::next
I: GeneratePublicKey::next
D:  sending message (size 0.000384 MB)
I: MonitorObliviousTransfer::next
I: SendPublicKey::next
I: MonitorObliviousTransfer::next
I: RecvEncryptedMessages::next
I: MonitorObliviousTransfer::next
I: DecryptChosenMessage::next
I: MonitorObliviousTransfer::next
I: ChooserDone::next
I: MonitorObliviousTransfer::next
I: MonitorObliviousTransfer::next
I: InitChooser::next
I: MonitorObliviousTransfer::next
I: RecvConstant::next
D: received message: cd6b9d5c619fd42226c2d10cbe48c9bc03666623f09c6a73e4a0538fa4025cba6340f416fe7ee1acd2fb1692baf246d9b53dc5293b8d10f441f764e037b3fb254dd652ed62554495e53d9f75b519b0db9075a837fbd57409188f0694daec3d2a36dfa0f892592b3559692700baa42f1293fe83bf069a943a1f75463e8725938a104db75a103544f87375621a3079b116cac96ae51be618df01c731637114c0e8df112817561261887cfec682d9c7296ad75d69dd6ea13909c8bc09ac757d0277
I: MonitorObliviousTransfer::next
I: GeneratePublicKey::next
D:  sending message (size 0.000384 MB)
I: MonitorObliviousTransfer::next
I: SendPublicKey::next
I: MonitorObliviousTransfer::next
I: RecvEncryptedMessages::next
I: MonitorObliviousTransfer::next
I: DecryptChosenMessage::next
I: MonitorObliviousTransfer::next
I: ChooserDone::next
I: MonitorObliviousTransfer::next
I: MonitorObliviousTransfer::next
I: InitChooser::next
I: MonitorObliviousTransfer::next
I: RecvConstant::next
D: received message: 35d169154c22522ecdb1e758cabeec42caa3fa3cdb193b430de1c5012960389c51d7ab5a7a4bf53c6975f9fa9f4d3c75b991ac47a8f2e6cedcf576364b6e890a35d8513630dae049777bd64a1d9b258b1aa66d46b79d143bc63b5ce9eac89796085e086ea2b3681cf53c9ffe84e979d96544f8963f0c60d55ea9b64ca8e5081158e620b5fa2e61b8e23b9a152405d1291aec5f21dcee26da4758b1b5f12e5e11c68bfa3a6c27d549d9013bf35014caa7f06eb6229af8a03f8c9d94e1f2bed81b
I: MonitorObliviousTransfer::next
I: GeneratePublicKey::next
D:  sending message (size 0.000384 MB)
I: MonitorObliviousTransfer::next
I: SendPublicKey::next
I: MonitorObliviousTransfer::next
I: RecvEncryptedMessages::next
I: MonitorObliviousTransfer::next
I: DecryptChosenMessage::next
I: MonitorObliviousTransfer::next
I: ChooserDone::next
I: MonitorObliviousTransfer::next
I: MonitorObliviousTransfer::next
I: InitChooser::next
I: MonitorObliviousTransfer::next
I: RecvConstant::next
D: received message: c57501926a3665ec26c23cf62a138aa0e203965505ee1516a122b95e3dc027aa4c26f01936c74d8b145a6fba77bddf1ec1e2bc790bd7892f3952954aee3701324d0efec653fe848c6125fcc1e57abb6e77421f3e8d374ca571429046695f3ab4081623b5f42022385227c6bbb5a478729caca5816ab5473ad112a3c7f35def8116f89b53f18ef679b75e3d2f2020547cf6611ee4972bb36015656a96d8ee0c707035234acdfa17f53e19202e7aa4b5ff8b85518136ba78e554e9e1cfbb1410ba
I: MonitorObliviousTransfer::next
I: GeneratePublicKey::next
D:  sending message (size 0.000384 MB)
I: MonitorObliviousTransfer::next
I: SendPublicKey::next
I: MonitorObliviousTransfer::next
I: RecvEncryptedMessages::next
I: MonitorObliviousTransfer::next
I: DecryptChosenMessage::next
I: MonitorObliviousTransfer::next
I: ChooserDone::next
I: MonitorObliviousTransfer::next
I: MonitorObliviousTransfer::next
I: InitChooser::next
I: MonitorObliviousTransfer::next
I: RecvConstant::next
D: received message: 760ec5d9c6def0b35116c35cb81be9bb82ce1ca2423c202c76489a2b4073b912a83beae86bd62877d07d95b44955ef87d3fb7f7b25c05713e1a3b364e6c4d85a1c3cbbd00beb3c42fdd6d8aa0f36a055052f25dc1cd068316cdd482a1ca5dd28bad37a7d3dcb61fb8769b2fe36fb524f80141dd2085c2e990f2c6c8809c25b87cee7f30170d3a1778c6419c8c77503946de2e652ef141c667015e524421dc4d5286cced97d70c5a17e9d6a4a094e68b9ea21724254481fe2ac6e34d36c18b203
I: MonitorObliviousTransfer::next
I: GeneratePublicKey::next
D:  sending message (size 0.000384 MB)
I: MonitorObliviousTransfer::next
I: SendPublicKey::next
I: MonitorObliviousTransfer::next
I: RecvEncryptedMessages::next
I: MonitorObliviousTransfer::next
I: DecryptChosenMessage::next
I: MonitorObliviousTransfer::next
I: ChooserDone::next
I: MonitorObliviousTransfer::next
I: MonitorObliviousTransfer::next
I: InitChooser::next
I: MonitorObliviousTransfer::next
I: RecvConstant::next
D: received message: 19f674cf0d4b0adb8f7a6781d4124934c29b5b0fbe759d39446522a539272b6b3fe8954421289ab8f69dfddf54750bb30f846841fd928e44577481f972d41ea38b1f9ad8c7de83c6ea1c33db7cb9053282689c5dd3fd01b2f643ac32028b2e7b8f4b23e576db05a11508e843a7d2b6f47a238e077841e114cd8def216e93f46125089552e7a800f0d6025298128639cbe00412fee254d9dafb59e85055f9474490f56a44267944114ce2f986ba4faf93f542ade8775ea34651511036b5a724b1
I: MonitorObliviousTransfer::next
I: GeneratePublicKey::next
D:  sending message (size 0.000384 MB)
I: MonitorObliviousTransfer::next
I: SendPublicKey::next
I: MonitorObliviousTransfer::next
I: RecvEncryptedMessages::next
I: MonitorObliviousTransfer::next
I: DecryptChosenMessage::next
I: MonitorObliviousTransfer::next
I: ChooserDone::next
I: MonitorObliviousTransfer::next
I: MonitorObliviousTransfer::next
I: InitChooser::next
I: MonitorObliviousTransfer::next
I: RecvConstant::next
D: received message: ffd2190d74dea548437da602c4b42c9cf67e424c5b95816325bbac444fc8764451203c38f43cc09f8c88adbd536ae6a0f302334e9a8a04176ee8c3c3cb1bb2f01d46391875da925064d803f7cfa09b328cb5b9f0fefe60bc578480698c14b989e01a4ef21f7a612b836a10f3f63817f2dc05bffaed253e134cdf5d5358626404489e7a99ed2ae6d3a5ef95fb6805f7ab132f76695c4af305068953af8220ef12dd384cdbd4312e017e927ae6b4f888462739956192d53215caecc46b4e57422f
I: MonitorObliviousTransfer::next
I: GeneratePublicKey::next
D:  sending message (size 0.000384 MB)
I: MonitorObliviousTransfer::next
I: SendPublicKey::next
I: MonitorObliviousTransfer::next
I: RecvEncryptedMessages::next
I: MonitorObliviousTransfer::next
I: DecryptChosenMessage::next
I: MonitorObliviousTransfer::next
I: ChooserDone::next
I: MonitorObliviousTransfer::next
I: MonitorObliviousTransfer::next
I: InitChooser::next
I: MonitorObliviousTransfer::next
I: RecvConstant::next
D: received message: f4c1cfc6c3bca99a2a4385d863f08098a6981a7cc0f7e9236ee8f2ebc90f44bba5aeadeef15d2d9d9ad94d706377859e6f4da31aa94874a49fda04e5827744201b4359b075d12983698696ec13c08c88aff419daa24cae334d672cb843735a2f79a26a97eee03bf4db18a732fac22e0e3a7f8fc9bceae8f3cba9807a9f0ec54c2ba4d0f684812f1801d2d16609ee864deadc1ffaa5cc76559adf1eff2a4bde0f1126e6775c803b5fbc41f91514391183282415fcbb52ecbbf61ec4796f06695c
I: MonitorObliviousTransfer::next
I: GeneratePublicKey::next
D:  sending message (size 0.000382 MB)
I: MonitorObliviousTransfer::next
I: SendPublicKey::next
I: MonitorObliviousTransfer::next
I: RecvEncryptedMessages::next
I: MonitorObliviousTransfer::next
I: DecryptChosenMessage::next
I: MonitorObliviousTransfer::next
I: ChooserDone::next
I: MonitorObliviousTransfer::next
I: MonitorObliviousTransfer::next
I: InitChooser::next
I: MonitorObliviousTransfer::next
I: RecvConstant::next
D: received message: 3e2b599e4c512db523dad45907cd480690a62ef885e318316e2a3daf9786d55ccfd367ccd95add87c75a68b10b51168e64838ff9e3f7974ea471fbd7b4495a1925d29544e85bb0d06246b12ac782daf7c7b7a5921c79854bb1a4f6ba9d41e91709603ea570009f0e2b19a232ea2721caab6957438b4552cbba6fc12cc771e60410e4ee7b971e581104195329b1ec6eb8e8fb8e56a1b44924e8f8817eda4d8aabefe46ddc03368147d216778381a74cabb80c47b52bc79cb21ae7911b842c850a
I: MonitorObliviousTransfer::next
I: GeneratePublicKey::next
D:  sending message (size 0.000384 MB)
I: MonitorObliviousTransfer::next
I: SendPublicKey::next
I: MonitorObliviousTransfer::next
I: RecvEncryptedMessages::next
I: MonitorObliviousTransfer::next
I: DecryptChosenMessage::next
I: MonitorObliviousTransfer::next
I: ChooserDone::next
I: MonitorObliviousTransfer::next
I: MonitorObliviousTransfer::next
I: InitChooser::next
I: MonitorObliviousTransfer::next
I: RecvConstant::next
D: received message: abc1cddebd583b4b88ffdca25f10d96b90dc7bc8e741e5408dc8d252befe23e64a55da32aa675ee6988710d4b5fd7fffb705fcb0041b15b9728942ff352f6f3b6f289b8e0bca1c96c5e91098e011db2d47030aec21da63fe7a439572069c2e834ee97432b285feed5162b3944c930bc4692ce0c8d0380dadc12ac0c0d3d4c5dbe9d50929a8a65430f1af5580b938e528a534f65f8d79cb814eeef75c445f15960ac21d858451c1170211bb8e48e9692ddd292fa844a6e7499be9c5d5e5c25c5b
I: MonitorObliviousTransfer::next
I: GeneratePublicKey::next
D:  sending message (size 0.000384 MB)
I: MonitorObliviousTransfer::next
I: SendPublicKey::next
I: MonitorObliviousTransfer::next
I: RecvEncryptedMessages::next
I: MonitorObliviousTransfer::next
I: DecryptChosenMessage::next
I: MonitorObliviousTransfer::next
I: ChooserDone::next
I: MonitorObliviousTransfer::next
I: MonitorObliviousTransfer::next
I: InitChooser::next
I: MonitorObliviousTransfer::next
I: RecvConstant::next
D: received message: 3da515ce80391a2261ccd7129c47be1cb0f83aa067c23096834615e39cdd3f2e51c843a995d3e316ff5dfd8715673fab75e50c7776d9c496ae9c17f3dcb3b3dea9deec106ce6e7c4a36b24cdc370347f5fc1b150c94c4e894492da852e4bc2e527e27a74ac0b29ad2bdc85be1aa9c31ef9968a15d8291f0fd35aadbf0f9c5e218c203e22e47bb69d803fd07803d34da53aa57713af996c31087068a9abdb2d2961c5b94a5694bb020582c0c86a7d00b708e2c7576048cb40c168c9bd5025c543
I: MonitorObliviousTransfer::next
I: GeneratePublicKey::next
D:  sending message (size 0.000383 MB)
I: MonitorObliviousTransfer::next
I: SendPublicKey::next
I: MonitorObliviousTransfer::next
I: RecvEncryptedMessages::next
I: MonitorObliviousTransfer::next
I: DecryptChosenMessage::next
I: MonitorObliviousTransfer::next
I: ChooserDone::next
I: MonitorObliviousTransfer::next
I: MonitorObliviousTransfer::next
I: InitChooser::next
I: MonitorObliviousTransfer::next
I: RecvConstant::next
D: received message: 9929762518c1cb61f818aeed99337bb73a8a33d8207ebb2b21a8d5d27a5a05d97e5e06ac51726b75389ecc9dbde81cbf1d62a62a14f9049d300f2d9be24053dc4721116f3465942cbaca72940154b45bcb1fb8357a39536a6117f1dd8e280a02ef02451056860b5c07d61f7090f2621ec2f2c1e25c92b310eaff03374fc89faa85931d27a4524fe08ce26c10ecc966edec0d33c33e35241073ab05caf1d4520edecf71992e672e7d4c0e805bed23a22fb004eaaa465641082cb9d8596c3d663a
I: MonitorObliviousTransfer::next
I: GeneratePublicKey::next
D:  sending message (size 0.000384 MB)
I: MonitorObliviousTransfer::next
I: SendPublicKey::next
I: MonitorObliviousTransfer::next
I: RecvEncryptedMessages::next
I: MonitorObliviousTransfer::next
I: DecryptChosenMessage::next
I: MonitorObliviousTransfer::next
I: ChooserDone::next
I: MonitorObliviousTransfer::next
I: MonitorObliviousTransfer::next
I: InitChooser::next
I: MonitorObliviousTransfer::next
I: RecvConstant::next
D: received message: 78ebf4e7130d06e80c12bc0d875790788f4f0906b406eb4af93f0ed78d2b04eeec9128a8574dc69116bf0210d627b3d65250bb84d6eba53c3ec3dfdc003c1f5fbc90e7a28d69db1a76c62f4314e566b66d9a19c568142b830b67c251270277c81ad429c5c0d98d537f842d65c3bf678f37372935f8980c22b27da06619df83c38fffb24cb5d9c1514a59f1818b315b8c2d9dc2f987ccf0c3fc19d37bcc649ee2d8fcdb9f279ca9a69550c1e3db01cb857c2fd766874ec26839adf44b154e045e
I: MonitorObliviousTransfer::next
I: GeneratePublicKey::next
D:  sending message (size 0.000384 MB)
I: MonitorObliviousTransfer::next
I: SendPublicKey::next
I: MonitorObliviousTransfer::next
I: RecvEncryptedMessages::next
I: MonitorObliviousTransfer::next
I: DecryptChosenMessage::next
I: MonitorObliviousTransfer::next
I: ChooserDone::next
I: MonitorObliviousTransfer::next
I: MonitorObliviousTransfer::next
I: InitChooser::next
I: MonitorObliviousTransfer::next
I: RecvConstant::next
D: received message: e86b6c56fbf1700b604f1c5e5147f7722574f23088bbcc6f9e4e2d07f0ee3df90bc81b9042023c208921869dd2dc362f2be5a9c0ede25df237774ad41bddbfe937a02c4959dac2565fad135b19cf1771c6eef39cdf69abccb0deb919f4a2e89116b66d2170eda99c061ebbee7570f331871ea8b90309c7e855e2c25b87ead0c44682a5ef6c33d45f2f1feb8cebdaac01438a2250a903ec186d1303731f37f962ebbd0626785fb5866d7287b077af7522724659e67fffa5f6e80c5df028253ef9
I: MonitorObliviousTransfer::next
I: GeneratePublicKey::next
D:  sending message (size 0.000384 MB)
I: MonitorObliviousTransfer::next
I: SendPublicKey::next
I: MonitorObliviousTransfer::next
I: RecvEncryptedMessages::next
I: MonitorObliviousTransfer::next
I: DecryptChosenMessage::next
I: MonitorObliviousTransfer::next
I: ChooserDone::next
I: MonitorObliviousTransfer::next
I: MonitorObliviousTransfer::next
I: InitChooser::next
I: MonitorObliviousTransfer::next
I: RecvConstant::next
D: received message: 47396e5bb78b0879743c2d0a6007a0b2e18a502eff6410dab4c43b229412444426f98f9574eec48f1fd7e58157c160ffb26cf3cd515b7339a049a0aedc5d84484c38c94529f3dac5f369af596cce242cffb66d247eb2802680dbedee2a332241eb9e5adf1fae082bdacb433a615f3688ed6a13dd7aec400e7aa3ecbbdb360ba9953c114f3c85fbf2731547225f0a3f812b8157b15613cf13621d3327b3ef665c5587c31c74c3fa5dd58176927efe1f3561b935f6b89dd3565eac7b0fc81f18c0
I: MonitorObliviousTransfer::next
I: GeneratePublicKey::next
D:  sending message (size 0.000384 MB)
I: MonitorObliviousTransfer::next
I: SendPublicKey::next
I: MonitorObliviousTransfer::next
I: RecvEncryptedMessages::next
I: MonitorObliviousTransfer::next
I: DecryptChosenMessage::next
I: MonitorObliviousTransfer::next
I: ChooserDone::next
I: MonitorObliviousTransfer::next
I: MonitorObliviousTransfer::next
I: InitChooser::next
I: MonitorObliviousTransfer::next
I: RecvConstant::next
D: received message: 89444758f65bda834ad7a8d9f5d414924a744f7047f479241c7c43e52f3b4b68179c616de87f087632eddcbd8fe7d782db83ad4bb3fc1c7a4cadd69c2e51cd11f7fc2071703a58930f26d2133da25133f4f6093a2899b2d1f05d4300e96fab2aa24459217ef5e348669363b4fdf97cefaf99c307624e1ef16793ef6462cbf504a79834a6590d012db9ad22ed0db0a405f0814c86a5d0b84361ccd70450bdafcaa8908742f111349fcfe1c58dd6c861d04b29fc108c32b230845d34781f24814a
I: MonitorObliviousTransfer::next
I: GeneratePublicKey::next
D:  sending message (size 0.000384 MB)
I: MonitorObliviousTransfer::next
I: SendPublicKey::next
I: MonitorObliviousTransfer::next
I: RecvEncryptedMessages::next
I: MonitorObliviousTransfer::next
I: DecryptChosenMessage::next
I: MonitorObliviousTransfer::next
I: ChooserDone::next
I: MonitorObliviousTransfer::next
I: MonitorObliviousTransfer::next
I: InitChooser::next
I: MonitorObliviousTransfer::next
I: RecvConstant::next
D: received message: ae75e1e284103bd3c4996a705f83e39dabb424e176a51534350eaa708087eaa33483530050c5fbcc87c5a1e39a81f62ff7d7d38b68237fb70ff2e09793fbde3743c94c96a1e99421dffc22151d8565d4fce6b720e6849417bb08be77245de0534b691599af50aa8979cfc441bccfd0e245aef6e0c5b7253e92a77b449a399c77e1f705e964a2a4becce290dc255a6caa54920244343a4ca5106bd73ca46f5196a572e253fe281e49b918b1d906ed8d30fa007024cfc9b0ffd07714527827d63b
I: MonitorObliviousTransfer::next
I: GeneratePublicKey::next
D:  sending message (size 0.000384 MB)
I: MonitorObliviousTransfer::next
I: SendPublicKey::next
I: MonitorObliviousTransfer::next
I: RecvEncryptedMessages::next
I: MonitorObliviousTransfer::next
I: DecryptChosenMessage::next
I: MonitorObliviousTransfer::next
I: ChooserDone::next
I: MonitorObliviousTransfer::next
I: MonitorObliviousTransfer::next
I: InitChooser::next
I: MonitorObliviousTransfer::next
I: RecvConstant::next
D: received message: 7d6a2c4b93681295247909d2a54894c265ca28ff8fec562c51cc58f1ddfe8bfbedbda264fa1d3675267246284a911787c0ccb5500228bbfba8922b8ca6b83729945af878f250ffc0cbbe39fbd942319cacb092f7b85f41e23a925d3afba20476b94703a2b28fd5de0890e09d376aeb101306b3b55750abb98c8801abc7bc92ab05cddcd3a7dbbf7a0e949eab366ede68fda00d38d6ef32c25a4b7e7dadeceb5d2878b5ada0aec42d29a9990dfab9f4822a17011b0c674971371f2f7cc383a54d
I: MonitorObliviousTransfer::next
I: GeneratePublicKey::next
D:  sending message (size 0.000384 MB)
I: MonitorObliviousTransfer::next
I: SendPublicKey::next
I: MonitorObliviousTransfer::next
I: RecvEncryptedMessages::next
I: MonitorObliviousTransfer::next
I: DecryptChosenMessage::next
I: MonitorObliviousTransfer::next
I: ChooserDone::next
I: MonitorObliviousTransfer::next
I: MonitorObliviousTransfer::next
I: InitChooser::next
I: MonitorObliviousTransfer::next
I: RecvConstant::next
D: received message: e607dde7f5418924a1e714c86c0e42e85ed262e0de426b0d893992a2485cca2c629ef41e864048bc98dfa0466a76f0fdcddd43b5df302b906cda9cc57e16feeb84942495ec130d88c82526122fa152855e4e1dbea100c76ed0595d9070d2b95a598cfdb60594750ce8112247121046bc7604b8c2c919809e496200f069861291491c4a91ad14987462ba219cc3baf0819d06c506ed3ec2c93a6d0a571494d0f2f9a13e36d3f210fd0f823a5e29cfab23567a1c9efe75eb2937ad06f498acc3ef
I: MonitorObliviousTransfer::next
I: GeneratePublicKey::next
D:  sending message (size 0.000384 MB)
I: MonitorObliviousTransfer::next
I: SendPublicKey::next
I: MonitorObliviousTransfer::next
I: RecvEncryptedMessages::next
I: MonitorObliviousTransfer::next
I: DecryptChosenMessage::next
I: MonitorObliviousTransfer::next
I: ChooserDone::next
I: MonitorObliviousTransfer::next
I: MonitorObliviousTransfer::next
I: InitChooser::next
I: MonitorObliviousTransfer::next
I: RecvConstant::next
D: received message: 8777187c5c9476612cbf07582a36447fc7d2bdb739b06a52ef2ed32c7a5d479add0aad688286a23af633ae5b3b9f30863593b7f3b3d997d1fe9bcf7bf4bd6d593e1c1d4161b975a08eb124be180d474ba92201cf7ee220689e0fcf9d0263c382909489308477ba8b71d6e2a4c79d6b3acf4a4ed33838dc904c853891bc771be0291ca48caa6e91d6f41ced4bbd3e0c37a75d6e4d16215eac76f0449f1e7e9d14d2bc80474976dc7509c05ebb5f09b52ef002fd149c699598144a91cf4563d883
I: MonitorObliviousTransfer::next
I: GeneratePublicKey::next
D:  sending message (size 0.000384 MB)
I: MonitorObliviousTransfer::next
I: SendPublicKey::next
I: MonitorObliviousTransfer::next
I: RecvEncryptedMessages::next
I: MonitorObliviousTransfer::next
I: DecryptChosenMessage::next
I: MonitorObliviousTransfer::next
I: ChooserDone::next
I: MonitorObliviousTransfer::next
I: MonitorObliviousTransfer::next
I: InitChooser::next
I: MonitorObliviousTransfer::next
I: RecvConstant::next
D: received message: a5d05f975caf5e224d767e8a2f24ea5459ebfef138d16660439b4788c0d7f03a9e35e09fb63225725877a52bc9e38789ff93800947078b028cc40ae2f7feea4664b9cf7a79439f3af6b294ff225a44310425bbd27b081ff24d546256bb55870c4dbb0516919ca2d5d5d0f05916cd09281952eff289f94ab925685034b25994fb65742e3e7b23fd624df590fc33cdad6006d2684d7da4c7cb01761b80530f3763c309a0768f4e0d2ff6b24fe65b86983fe72c3ebdefb8358f01caae6989bf20ef
I: MonitorObliviousTransfer::next
I: GeneratePublicKey::next
D:  sending message (size 0.000384 MB)
I: MonitorObliviousTransfer::next
I: SendPublicKey::next
I: MonitorObliviousTransfer::next
I: RecvEncryptedMessages::next
I: MonitorObliviousTransfer::next
I: DecryptChosenMessage::next
I: MonitorObliviousTransfer::next
I: ChooserDone::next
I: MonitorObliviousTransfer::next
I: MonitorObliviousTransfer::next
I: InitChooser::next
I: MonitorObliviousTransfer::next
I: RecvConstant::next
D: received message: 5bc6730d60b93b6f373c2124518e5c9a6d83187eea00abc47f869ae9afa1472910c75f09af9e64d17ad9aa043d5ff1a13e55997c8c2ffe87223fb33524e69a5db484ed7ffa705083135af06cdd370d84bb54405b61ac791b6ac87ec743f190c250c049f15b40bf4e1d5d48bcf95a78e8b958816db04262ec124c8be79711dd387f2f1e0a14e0811d265701e5dfd2d7d6218bf5706484aacba86e14ca7a063659b6881b0e81b9deff3513bda77119af49d81ad07073e8d5d6c7b87f2eeb8062db
I: MonitorObliviousTransfer::next
I: GeneratePublicKey::next
D:  sending message (size 0.000384 MB)
I: MonitorObliviousTransfer::next
I: SendPublicKey::next
I: MonitorObliviousTransfer::next
I: RecvEncryptedMessages::next
I: MonitorObliviousTransfer::next
I: DecryptChosenMessage::next
I: MonitorObliviousTransfer::next
I: ChooserDone::next
I: MonitorObliviousTransfer::next
I: MonitorObliviousTransfer::next
I: InitChooser::next
I: MonitorObliviousTransfer::next
I: RecvConstant::next
D: received message: 7ce2d7029eec991ccb6c76575db8f4f4208ae0229c99c52aa37fb621447f77bf9b9cedd41a066ea078d0113a3c29f990ad4b55d77a6bd670ec5bb0199b83f9de6498638a70e8d5739b32394ccaa550c70195bb61515060fe0c227e92515c6dc8d51ed4d48bb6097da6b26cc061b7210c8b5db90c061f8dccbacab93899c92c240e179d68601609c95105102bab7907b46aeb7070e2c27ac5620c22202c6c3316c4a8f7ef30167d06063e8bdf22be1c084666989048c88e38154d176719cd8871
I: MonitorObliviousTransfer::next
I: GeneratePublicKey::next
D:  sending message (size 0.000384 MB)
I: MonitorObliviousTransfer::next
I: SendPublicKey::next
I: MonitorObliviousTransfer::next
I: RecvEncryptedMessages::next
I: MonitorObliviousTransfer::next
I: DecryptChosenMessage::next
I: MonitorObliviousTransfer::next
I: ChooserDone::next
I: MonitorObliviousTransfer::next
I: MonitorObliviousTransfer::next
I: InitChooser::next
I: MonitorObliviousTransfer::next
I: RecvConstant::next
D: received message: 35efab874bd45c34a6cf1757d75e0ecd99c24ade5113ddf0a4a05125f06f8c7180b594572f7a1908b891281c1ee3ae0acb903758d114fa5ff3e92227d20ef26d4d570c7368649a876ecce17ae3047bf0f0f052137fd81ef1746824535aac0db84cd11de5c04589bd222372ff9aece1c4d516e777a9f614d6ab6697fc2c9bcbbad9a64ff7c6ebb32d2a9d6fb21b875a027f2429c9900a99c17c9f46a2eed73e97a3d4d46e78e26f4ee9ca4a4e78cff7a12a3fd85c47ac2a5689f92f30f7c9eeee
I: MonitorObliviousTransfer::next
I: GeneratePublicKey::next
D:  sending message (size 0.000384 MB)
I: MonitorObliviousTransfer::next
I: SendPublicKey::next
I: MonitorObliviousTransfer::next
I: RecvEncryptedMessages::next
I: MonitorObliviousTransfer::next
I: DecryptChosenMessage::next
I: MonitorObliviousTransfer::next
I: ChooserDone::next
I: MonitorObliviousTransfer::next
I: MonitorObliviousTransfer::next
I: InitChooser::next
I: MonitorObliviousTransfer::next
I: RecvConstant::next
D: received message: cd6ac9d1fe3e11ce4847cc996aa41c3b7b86b0778550fab0067e4cbfbfc0dcb9dce5bb4fd7d6d36ac7a3fae3cb14bf896d4f6a708cb3346129bddbc9aabfa1b8fbf1d6739ad702d190de149cae3011deb3b64a8408b9e2f967c0303d867962037abedb0cf8b5699d6c7f6d34827cea7a0528d92c65e9c3dc07f7a864c768842e60436caf2274a6da4778e19fb5e7bdc2c9bd5b4949b14f8cda8615fd4cac2def3e7fec57e2451b64bc77e01b03107c5d34c5977fc8328c9b2da09b87252a6c28
I: MonitorObliviousTransfer::next
I: GeneratePublicKey::next
D:  sending message (size 0.000384 MB)
I: MonitorObliviousTransfer::next
I: SendPublicKey::next
I: MonitorObliviousTransfer::next
I: RecvEncryptedMessages::next
I: MonitorObliviousTransfer::next
I: DecryptChosenMessage::next
I: MonitorObliviousTransfer::next
I: ChooserDone::next
I: MonitorObliviousTransfer::next
I: MonitorObliviousTransfer::next
I: InitChooser::next
I: MonitorObliviousTransfer::next
I: RecvConstant::next
D: received message: c7f137a6f7923b215b6ec3793f0076926537fade9f129950b228e54afabddf2a16bc17b43ddf7a24f454c888f75df930cf2257dbec8ab55effc4db3fb3980051f579067d175d5387d98ad208926c1b74dedb0d93d0074233f3109af8a72ea624ca37b5f34f3ccc799f86e7069597dcd0134dd8f92a88f7473c9088f48855b74c521158e5a137b5b88ae42e55965710c9b823fd67c831f8edf11c1b8d639f440099bdd62509493f3f9a535323e7e3db8754cd9a7e3d9e97e8f51ee325cfff7ad8
I: MonitorObliviousTransfer::next
I: GeneratePublicKey::next
D:  sending message (size 0.000384 MB)
I: MonitorObliviousTransfer::next
I: SendPublicKey::next
I: MonitorObliviousTransfer::next
I: RecvEncryptedMessages::next
I: MonitorObliviousTransfer::next
I: DecryptChosenMessage::next
I: MonitorObliviousTransfer::next
I: ChooserDone::next
I: MonitorObliviousTransfer::next
I: MonitorObliviousTransfer::next
I: InitChooser::next
I: MonitorObliviousTransfer::next
I: RecvConstant::next
D: received message: 42bfd0f3db3ac2d25b97d06079c893f7a74e7171283faf3a3a3583391315c325b1c55ae5b674c2bfd40b706e2e4843dde2a35e4d89be5624f8c229e53e4a311573a0ded8675f04efcf636bc853b1dde391d4c740fb461339e5db0135a30aabeebfaf8fb0540bf080da69fe4fa85676fa6e02935ce2b8a6d5a01674cd2f614f78ecc4b2c393bdacce16176cb98f27fc0997a6650e4a6151b184ea40ea6ddb02f87ab3d56d25445d36a9987cce439abb825d243ca1d00b8f345d3a1012d7be2f77
I: MonitorObliviousTransfer::next
I: GeneratePublicKey::next
D:  sending message (size 0.000384 MB)
I: MonitorObliviousTransfer::next
I: SendPublicKey::next
I: MonitorObliviousTransfer::next
I: RecvEncryptedMessages::next
I: MonitorObliviousTransfer::next
I: DecryptChosenMessage::next
I: MonitorObliviousTransfer::next
I: ChooserDone::next
I: MonitorObliviousTransfer::next
I: MonitorObliviousTransfer::next
I: InitChooser::next
I: MonitorObliviousTransfer::next
I: RecvConstant::next
D: received message: 65efe2b7881af9c5360896e3bf2db7739766cdfd72ede6721d05bc6881d28d3b5a8990526882bb9d25e6705f7c0a90a085300bc9308146d99074386f81e878ee738761eb47d8ed5d289909f0ae174afbfc46479206ce91e77a4a8e7da947a63545821776a8938e1c14918d668aaa3737b4279743005e788020a4869c954c68db20a9f440ee382bb7edcbd9a940ed5aab6bd26133f139857230bc9b6046f96771aec197e0890064fe5d752e81099c646a39f56b686f52ac3cdd06776bd0e618e4
I: MonitorObliviousTransfer::next
I: GeneratePublicKey::next
D:  sending message (size 0.000384 MB)
I: MonitorObliviousTransfer::next
I: SendPublicKey::next
I: MonitorObliviousTransfer::next
I: RecvEncryptedMessages::next
I: MonitorObliviousTransfer::next
I: DecryptChosenMessage::next
I: MonitorObliviousTransfer::next
I: ChooserDone::next
I: MonitorObliviousTransfer::next
I: MonitorObliviousTransfer::next
I: InitChooser::next
I: MonitorObliviousTransfer::next
I: RecvConstant::next
D: received message: 16186e871671483939fea20f5bc0276e4d473073ea4f0e6c247037d8bcd4452a095c0a2fb1e2401e6943e93bd93af824b2dd6a3335c2acd23eaeb93e7c396d4b5eb7d339af76473979f603a9214b2a066c4cc14ac35c684b3f0ee70186a3ebe79c3443a00bb6f7fa8759a1a244ad10c1ca2a3955e46893dd181ce7501c1d90e486df06e5b62c66e114839974a0871ba5fc97b17c2860d7633f1cb8ee2082f1e60edb821250ab14167cefb134aadd73333c96d53c4d150a135e7929852048d1e
I: MonitorObliviousTransfer::next
I: GeneratePublicKey::next
D:  sending message (size 0.000384 MB)
I: MonitorObliviousTransfer::next
I: SendPublicKey::next
I: MonitorObliviousTransfer::next
I: RecvEncryptedMessages::next
I: MonitorObliviousTransfer::next
I: DecryptChosenMessage::next
I: MonitorObliviousTransfer::next
I: ChooserDone::next
I: MonitorObliviousTransfer::next
I: MonitorObliviousTransfer::next
I: InitChooser::next
I: MonitorObliviousTransfer::next
I: RecvConstant::next
D: received message: 81290b8b68d021691f36a0b0fb6ddc5e8947e43fd89141d48df97c8e2a989244c120004380ab0a27028aa8c31a88a1bc4333cc026a0327bc349fa806d4cef41f0560b2680ebca07790903e038096da1f386c8ec1c401b61886820bd0c1e3b9063af081fd91f8786ebaab0c9fe3974c8281aa87dca1bad8bb519aef3718baa9e244cfa9da19e0a6147b5aade1acc9e18dbd2a7642cdbb5c3d6c3fa214fd02e66d4c2d94540508ccdaa2786560dcae4e19a29a869d9315a17b9a7026bc34a55bf
I: MonitorObliviousTransfer::next
I: GeneratePublicKey::next
D:  sending message (size 0.000384 MB)
I: MonitorObliviousTransfer::next
I: SendPublicKey::next
I: MonitorObliviousTransfer::next
I: RecvEncryptedMessages::next
I: MonitorObliviousTransfer::next
I: DecryptChosenMessage::next
I: MonitorObliviousTransfer::next
I: ChooserDone::next
I: MonitorObliviousTransfer::next
I: MonitorObliviousTransfer::next
I: InitChooser::next
I: MonitorObliviousTransfer::next
I: RecvConstant::next
D: received message: 368264d3d81334b69fd3e800fa2677da2dc5cadf49947347fbb5dcf653286fb82299ff3b3f79951249e68ca16b664c7f40b477c574ae184a843f44c623741073e50c7278f0a8a74d50a579f4929a2661b2bf354b06b97cf480f849f87734dab3ba90f4f4a8a3bc24f0428bc428dd9df0183d375ea9fe308d83e130b10fe011afbd8504cd7a9bbe990b5e498a1a07fb637ec005b2edbb97fabe91fc986e78ce5b3567463c085623f6d901dabc23861fca6ee9f56ffdd93383f8cc3cc6063cd6c2
I: MonitorObliviousTransfer::next
I: GeneratePublicKey::next
D:  sending message (size 0.000384 MB)
I: MonitorObliviousTransfer::next
I: SendPublicKey::next
I: MonitorObliviousTransfer::next
I: RecvEncryptedMessages::next
I: MonitorObliviousTransfer::next
I: DecryptChosenMessage::next
I: MonitorObliviousTransfer::next
I: ChooserDone::next
I: MonitorObliviousTransfer::next
I: MonitorObliviousTransfer::next
I: InitChooser::next
I: MonitorObliviousTransfer::next
I: RecvConstant::next
D: received message: 6ff3cb3aca639213fe4532c49a587c02b6be9d6f719a8a5cbb05a1e3904facc31f9da2424e3bbe3778df08282d590f55f4c5de899a0ea798cdf82635d5d7b49e8fc0697be91f5bc07fb1666ddd09c196287469ae728c59712efbccd01cacf50bfc0a095d03e57d94d712bf80a354fd6ccf7ae189011495e7e5f85efbeabfeff745523e2d2edf47838520cc69a911b2251dcc0f6dc9caf32eba6cf8844fe9dff79ad75927236cdb48cf56e3e7b902b055792f7176a160062a479b475b4494e98b
I: MonitorObliviousTransfer::next
I: GeneratePublicKey::next
D:  sending message (size 0.000384 MB)
I: MonitorObliviousTransfer::next
I: SendPublicKey::next
I: MonitorObliviousTransfer::next
I: RecvEncryptedMessages::next
I: MonitorObliviousTransfer::next
I: DecryptChosenMessage::next
I: MonitorObliviousTransfer::next
I: ChooserDone::next
I: MonitorObliviousTransfer::next
I: MonitorObliviousTransfer::next
I: InitChooser::next
I: MonitorObliviousTransfer::next
I: RecvConstant::next
D: received message: a37883afc7ebb13df4306bd7a53221e87247c24534ad84240dd4ce3bb885cb15deb83811e9f5d1bfb20263bab307cd6a93645e40fa39e00c2ef04605842e8463845f225346796f2db45e6a1677e88086d4a240b7d7aa5435be5ceb5ed8af96dbf02816ebc5a7dfbded668fa0a8f70e53f48d093a03e5bd4801a1420db0c2f69eb17964d1aee08775b86c75578d87c42a8bb262021496715d43955cd4fe8e9c308154b6f2d80e765b71560e83e7834137e5c5b5ddd16272b5bd66609fb17fbdf
I: MonitorObliviousTransfer::next
I: GeneratePublicKey::next
D:  sending message (size 0.000384 MB)
I: MonitorObliviousTransfer::next
I: SendPublicKey::next
I: MonitorObliviousTransfer::next
I: RecvEncryptedMessages::next
I: MonitorObliviousTransfer::next
I: DecryptChosenMessage::next
I: MonitorObliviousTransfer::next
I: ChooserDone::next
I: MonitorObliviousTransfer::next
I: MonitorObliviousTransfer::next
I: InitChooser::next
I: MonitorObliviousTransfer::next
I: RecvConstant::next
D: received message: 6ef96144a15b391f65345ae00719e4205faa07bed9bca437408b8f3588f3e7bb8df0fb10d16bf0028fcc54179af167ba604eefe04bb8d2ca984bc00ce8d6692edaee6e26b7b0eaaef5d5c66e1d7dfb2620a9c850771851a99bb99819bf5926ad97d7130f4f08232627a7273a42a2e8f04312ca713397d5420cf72268269cfa1a76959db9ff02dd02fb3b3ca592f587a34528c5c56dde98fe0c795875c70991b4ea6cc0ce6fc91c72e44c058d8f62d08960df7e25f935c1923c61d082fb9e5549
I: MonitorObliviousTransfer::next
I: GeneratePublicKey::next
D:  sending message (size 0.000384 MB)
I: MonitorObliviousTransfer::next
I: SendPublicKey::next
I: MonitorObliviousTransfer::next
I: RecvEncryptedMessages::next
I: MonitorObliviousTransfer::next
I: DecryptChosenMessage::next
I: MonitorObliviousTransfer::next
I: ChooserDone::next
I: MonitorObliviousTransfer::next
I: MonitorObliviousTransfer::next
I: InitChooser::next
I: MonitorObliviousTransfer::next
I: RecvConstant::next
D: received message: d5960691b9c2f2df20fc920c53d1778c7ba7a53fe28a51d1a0a41c0d7d9c9852e1c5fb0e757bce26d88b5e0e3cc7f3fc5f089ab58b63e20bbb05d55f0521c9d0c9531106e3d7376c8eccefb68b1d015c1a5d6504625e98ba3ba82fa075c7ffd4bd4300699a7cec979820e3740d97da0a5ee04366b92280a7f6b07f079bbc3e84a988ac6b284360892f52fb21d248324a4f9b1e8ea44de3403f02ce53a3c5e9ffe49047f84ea41b6488105aa18bf9f52419a832bba24ac3914fa070c6fa1db58d
I: MonitorObliviousTransfer::next
I: GeneratePublicKey::next
D:  sending message (size 0.000384 MB)
I: MonitorObliviousTransfer::next
I: SendPublicKey::next
I: MonitorObliviousTransfer::next
I: RecvEncryptedMessages::next
I: MonitorObliviousTransfer::next
I: DecryptChosenMessage::next
I: MonitorObliviousTransfer::next
I: ChooserDone::next
I: MonitorObliviousTransfer::next
I: MonitorObliviousTransfer::next
I: InitChooser::next
I: MonitorObliviousTransfer::next
I: RecvConstant::next
D: received message: 8e4ae649ccaecdbdd11831e5434f4dd289efe6817552ca660b6fc6f0cc1e8165c80cbd155cd42235493355b9ca9ed22c975673951c384fe10f2a0f675c2e87e2752a2b55002ad2dcd0a2663aa9c5dd72b4247d0a43fb1f4d6f11637ff1f816b8f9393c18c581b4fcf1bd79be94b11ea76479044bc2a0a79ff754133c68a69ff02fd6cbbe16cd2109b6b9c389eb3f015d3f1f7d7a39f04cac71c7029c550f7ac84fd220c66a35c6bc9db93ae69f5d33db4565dab5fdd170a29d0924893a24405
I: MonitorObliviousTransfer::next
I: GeneratePublicKey::next
D:  sending message (size 0.000384 MB)
I: MonitorObliviousTransfer::next
I: SendPublicKey::next
I: MonitorObliviousTransfer::next
I: RecvEncryptedMessages::next
I: MonitorObliviousTransfer::next
I: DecryptChosenMessage::next
I: MonitorObliviousTransfer::next
I: ChooserDone::next
I: MonitorObliviousTransfer::next
I: MonitorObliviousTransfer::next
I: InitChooser::next
I: MonitorObliviousTransfer::next
I: RecvConstant::next
D: received message: 92f2a1654c0cca69a3e39cdcd5acb58c78002ae36ffbcc5495cc9a1a3d63ae59db50dbec6f882d2265c349d4e9d627de591967163b6618c1c1ec3509eae1639ea9a1b0f9f855966d0a04db72f31333a792e4b45f6ff995c3c173fc3da2b5aac10743ebfe6bec5483af0916727fcffeff715d7297849651181722bc92c764c79d85dd8703116d3210fac91a0aa45bb4824d249c2f40f489602e829ea53d8bd083b65efc45710b5138172080e2f7f1ccf51b6126e5fff65485b97a5d0bba78b89b
I: MonitorObliviousTransfer::next
I: GeneratePublicKey::next
D:  sending message (size 0.000384 MB)
I: MonitorObliviousTransfer::next
I: SendPublicKey::next
I: MonitorObliviousTransfer::next
I: RecvEncryptedMessages::next
I: MonitorObliviousTransfer::next
I: DecryptChosenMessage::next
I: MonitorObliviousTransfer::next
I: ChooserDone::next
I: MonitorObliviousTransfer::next
I: MonitorObliviousTransfer::next
I: InitChooser::next
I: MonitorObliviousTransfer::next
I: RecvConstant::next
D: received message: e160adafb6b46dd9fa64d3582577323656757dcb25767a4c2dd03b123546b33c689fb70b471ab76285bc95f0ff48332be43bc51a7b203de1c468322ca8c256a9b540f671e93a301f1c549f96900511d32aa4ffa26f8de331293a2eb4e943ac4bae90658602b07e4f4d3aa173c0922b41fefffea3d7174a9a4203dca9ef0772189584b99d16e586a0250ed215bd3ba2f1ef7720d1e58db02aa2f32db04ae43d243c4e2610f92724fd286114ae4578b8eed5aef60f2d03fbb524494d5a630df998
I: MonitorObliviousTransfer::next
I: GeneratePublicKey::next
D:  sending message (size 0.000384 MB)
I: MonitorObliviousTransfer::next
I: SendPublicKey::next
I: MonitorObliviousTransfer::next
I: RecvEncryptedMessages::next
I: MonitorObliviousTransfer::next
I: DecryptChosenMessage::next
I: MonitorObliviousTransfer::next
I: ChooserDone::next
I: MonitorObliviousTransfer::next
I: MonitorObliviousTransfer::next
I: InitChooser::next
I: MonitorObliviousTransfer::next
I: RecvConstant::next
D: received message: 44f771cb59bf7aeb9e97cbd8021e40c2be7d4b986af7f4ac58aef99743f808f3bd342c186f1b325578811871c3a54b612f75e19aa7cf76802e477b0ca5e5f1c2ab0219f1c9e4f44423f01dd44862134fd843075f83fa4ecb0f898b44d456b7fd7c37eeba2604167efc6740f7e5e5f696fb6680318555a38c5241983f84c1c14ca88e1365e8ee2c6d34145707c135e8f778d3fc82215de8b7611e4f28244bc715f87e51f609c19ef630859cbd5e94e4efd5484cf3aa78549b666e2ddde084e53a
I: MonitorObliviousTransfer::next
I: GeneratePublicKey::next
D:  sending message (size 0.000384 MB)
I: MonitorObliviousTransfer::next
I: SendPublicKey::next
I: MonitorObliviousTransfer::next
I: RecvEncryptedMessages::next
I: MonitorObliviousTransfer::next
I: DecryptChosenMessage::next
I: MonitorObliviousTransfer::next
I: ChooserDone::next
I: MonitorObliviousTransfer::next
I: MonitorObliviousTransfer::next
I: InitChooser::next
I: MonitorObliviousTransfer::next
I: RecvConstant::next
D: received message: ef6f988465aa5c1b77761702c0f9611897e2aff716f4fa1be2e65923d85bf80cbc2cc9fc108ebb54f8519cd8deb70b4143b7a6deda0663c65ac7ef994b32212ca3bbc66618de9cafe578ce7d52b7a852c2b7dbada4e11fd171055f356dfa076fb61ca974d05594d6aab4c6c39cb463e4ae3484f64c076b03bdbef5c3d6bc6c71b0eba96ace024d241faf186ba325c4085afddac11ec9f5b01c19c9794cb27d9954f91f9bdf0a2ac803695951ef8a82d9c4dfb82489e03c3d174c96c1c3089399
I: MonitorObliviousTransfer::next
I: GeneratePublicKey::next
D:  sending message (size 0.000384 MB)
I: MonitorObliviousTransfer::next
I: SendPublicKey::next
I: MonitorObliviousTransfer::next
I: RecvEncryptedMessages::next
I: MonitorObliviousTransfer::next
I: DecryptChosenMessage::next
I: MonitorObliviousTransfer::next
I: ChooserDone::next
I: MonitorObliviousTransfer::next
I: MonitorObliviousTransfer::next
I: InitChooser::next
I: MonitorObliviousTransfer::next
I: RecvConstant::next
D: received message: 2f6b5f42c5d22ec1cb60a24a28a9c06a2a81532ba64e3466d4807c4dc282885aadb97cc056fbb2ef709f4aeed418b98c13e6b1fd556a8533df21714f8585a039b6aecb1219fe9e7f17911b686ca11f0440c152464b8783bbcfc1289d93434a5a540e62c192109e3a8b4b485d438af930e89bf8017f91107cdecf01e3a2eec311e58e5528a618665f1bc99fe6f2c0bf689afdaaaaa1a1394c2cddf4a6dbc40921953d4db8b41084eaa0292f5e189133fb787b1c75e2a4d49f74f21e77c9937454
I: MonitorObliviousTransfer::next
I: GeneratePublicKey::next
D:  sending message (size 0.000384 MB)
I: MonitorObliviousTransfer::next
I: SendPublicKey::next
I: MonitorObliviousTransfer::next
I: RecvEncryptedMessages::next
I: MonitorObliviousTransfer::next
I: DecryptChosenMessage::next
I: MonitorObliviousTransfer::next
I: ChooserDone::next
I: MonitorObliviousTransfer::next
I: MonitorObliviousTransfer::next
I: InitChooser::next
I: MonitorObliviousTransfer::next
I: RecvConstant::next
D: received message: 7bf7cc4811ee687d23dd53251fecae181839005c49ddcb26276927e71b5851911c4841203dd902a04f5da9a70be67cfa727904cc4df30db0fe1aa98492e7ff576ae4acad95e8c017785c043f13e4a704a18ede950522bc0b174a56eb8b446f5ee42384f35b3599fa613c4982d586710146de5e1012e13ac5d1fe5d3ffc12391f3d8472d3331a5af58bc35a72f4104c11f5de0bf98bdebf8c319de8cef19de9292de27b9e2a3ee5d8f20e69e813e69fd04479be7a4c3a6c91a875a737d6babffb
I: MonitorObliviousTransfer::next
I: GeneratePublicKey::next
D:  sending message (size 0.000384 MB)
I: MonitorObliviousTransfer::next
I: SendPublicKey::next
I: MonitorObliviousTransfer::next
I: RecvEncryptedMessages::next
I: MonitorObliviousTransfer::next
I: DecryptChosenMessage::next
I: MonitorObliviousTransfer::next
I: ChooserDone::next
I: MonitorObliviousTransfer::next
I: MonitorObliviousTransfer::next
I: InitChooser::next
I: MonitorObliviousTransfer::next
I: RecvConstant::next
D: received message: bbfaa05f4a2a15495c6e103492c26e35a5b926f99d91937a45aa5f0b93ffb79776bc15723f2038e09ac978e9aea7a6c34bb794613c394362fd56dc83cb01b054135c984545aa53f9ed49508d61f748417987a316dd95e17638d75cdc229f70d36ad1da89b4aa6e5470e4562a45d71549f52a1836aa1b5cc927841d52f6e9179e0e8a53175e790cc0f71e36b540f003faa6f2d92b432489222cc61b8235ab8351a48b73985e845a1acbbf4a6108150ec7edd8de879e441df74bc2617842b1a1ce
I: MonitorObliviousTransfer::next
I: GeneratePublicKey::next
D:  sending message (size 0.000384 MB)
I: MonitorObliviousTransfer::next
I: SendPublicKey::next
I: MonitorObliviousTransfer::next
I: RecvEncryptedMessages::next
I: MonitorObliviousTransfer::next
I: DecryptChosenMessage::next
I: MonitorObliviousTransfer::next
I: ChooserDone::next
I: MonitorObliviousTransfer::next
I: MonitorObliviousTransfer::next
I: InitChooser::next
I: MonitorObliviousTransfer::next
I: RecvConstant::next
D: received message: dfa626f6dadcb05862a1500523f465510f131292a76431cc8d0913d06c438a3f2b745f2e30ed7db3787c4c80e172222d81707775de122a58e6a669b262ad296df0defc8531eabd85a9f9c652a0db196800af18158725e4cdaac491f5d5247ec8c429f7bc2393f93b34b5965240d7c72416ba626717fbfc797aa565a419850755419f92f0ffe69e9f8f70a4a48dd0f67ecb53f69c4be2ec6183e1d7fdb671272f425bb93d2c286ac611a174d97a02d8c809f1f49b413bf327392139872240a378
I: MonitorObliviousTransfer::next
I: GeneratePublicKey::next
D:  sending message (size 0.000384 MB)
I: MonitorObliviousTransfer::next
I: SendPublicKey::next
I: MonitorObliviousTransfer::next
I: RecvEncryptedMessages::next
I: MonitorObliviousTransfer::next
I: DecryptChosenMessage::next
I: MonitorObliviousTransfer::next
I: ChooserDone::next
I: MonitorObliviousTransfer::next
I: MonitorObliviousTransfer::next
I: InitChooser::next
I: MonitorObliviousTransfer::next
I: RecvConstant::next
D: received message: 2411c1d1e5477d0e46fb5bd54e6a3d3ef50531b9903c2f0e90ea4ec4be55f4349d8b4821148381673c9db26a2e027f34e1bd85b49f93a2cc106a729169df9b50c28ca60b955ffc3c11ad95390b2a22687e20a2aea30537c7dbfafacc8eaa05342d0f93666c5d9524dd5115d0fb469218a23136489a8d2e2c83f6529005c3225f2aba70905a41b02f651dc985d331b196cb8b902db92cbe3336d6f1dd3188d49e32aa7d76e268cec12da92aad8b2e8ac67450b5b42f5e4b993b07115c61036ea
I: MonitorObliviousTransfer::next
I: GeneratePublicKey::next
D:  sending message (size 0.000384 MB)
I: MonitorObliviousTransfer::next
I: SendPublicKey::next
I: MonitorObliviousTransfer::next
I: RecvEncryptedMessages::next
I: MonitorObliviousTransfer::next
I: DecryptChosenMessage::next
I: MonitorObliviousTransfer::next
I: ChooserDone::next
I: MonitorObliviousTransfer::next
I: MonitorObliviousTransfer::next
I: InitChooser::next
I: MonitorObliviousTransfer::next
I: RecvConstant::next
D: received message: 634ca4177199799ba7328566b1bc217126f26d2842384282d6aeb9d98df9f70c8b87a7e99a44958d5547f0779b2208f1c6c816d0e15431edd9073c2b954dc0d4f481e6b236e940928953ac0fec486e92af1aa0e24861c2d489368ab28190eebead1770a35cd72478eb30fc4afc5604797766382c3fe2264774760c5cfc131387f941e25c44a526ead0210361cb004c16825ea980ecc4e286bca5e1b67d3faa73c28dd0016c304fe799885e4f65f8946e23edf4abc1417ff5f9aeac82d293badd
I: MonitorObliviousTransfer::next
I: GeneratePublicKey::next
D:  sending message (size 0.000384 MB)
I: MonitorObliviousTransfer::next
I: SendPublicKey::next
I: MonitorObliviousTransfer::next
I: RecvEncryptedMessages::next
I: MonitorObliviousTransfer::next
I: DecryptChosenMessage::next
I: MonitorObliviousTransfer::next
I: ChooserDone::next
I: MonitorObliviousTransfer::next
I: MonitorObliviousTransfer::next
I: InitChooser::next
I: MonitorObliviousTransfer::next
I: RecvConstant::next
D: received message: 9325e30689332b0f541e799a49f0df004fde2f6ad9343a3bd15d3d0762de2ecaf82d8f135f220477cb866e3606c3424413bd67c95e960551f9db6f60df3a74b9316e3fb5803f6a74e4fa9f2982f2abbf79dd8580b8c59e46f06cf411cc6d7a2dc6c35a8235425cb0685a5dc85f4b1320a2f10df5607dcf490cedb1c0562c59d92bd6b329e2e513ab38d9d188d5ab1d618b5beb4bc94beb4394dcb02a7aab93dbb157c53b0b60f31392dacfd2ce1f815e2915a85e415e4cea30f3e5dd3950ceb2
I: MonitorObliviousTransfer::next
I: GeneratePublicKey::next
D:  sending message (size 0.000384 MB)
I: MonitorObliviousTransfer::next
I: SendPublicKey::next
I: MonitorObliviousTransfer::next
I: RecvEncryptedMessages::next
I: MonitorObliviousTransfer::next
I: DecryptChosenMessage::next
I: MonitorObliviousTransfer::next
I: ChooserDone::next
I: MonitorObliviousTransfer::next
I: MonitorObliviousTransfer::next
I: InitChooser::next
I: MonitorObliviousTransfer::next
I: RecvConstant::next
D: received message: 23674832d33dad0c16584f76a47f12656331fb020853ec5c22c25dcfb651dcc56cf1eb6a4bd986aacff591b2a392ce962c5f1777e283ab06fa46ce328fd74ef5da225a0bc9be47ad3f7b6c002e1c95d8f400e37cdf59ac74e936f4b39ef0b80bf3b77b90dd3695be27fa3676fd8acf09dba3986bf050edae9b79e6658bf238c70070bfbcaa3bf27032b801d9d84ce8fcfaeb7c6c02b05f1e9dfe95de6abda44c17961de3a72960557c3c3cd0bad4f2ac150355a09d81791c19c6628b9fe27211
I: MonitorObliviousTransfer::next
I: GeneratePublicKey::next
D:  sending message (size 0.000384 MB)
I: MonitorObliviousTransfer::next
I: SendPublicKey::next
I: MonitorObliviousTransfer::next
I: RecvEncryptedMessages::next
I: MonitorObliviousTransfer::next
I: DecryptChosenMessage::next
I: MonitorObliviousTransfer::next
I: ChooserDone::next
I: MonitorObliviousTransfer::next
I: MonitorObliviousTransfer::next
I: EvaluateCircuit::next
D:   evaluating gate 10000
D:   evaluating gate 20000
D:   evaluating gate 30000
D:   evaluating gate 40000
D:  sending message (size 0.000001 MB)
I: SendOutputBit::next
I: ==== round duration: 79378.320312 ms ====
I: CopyMonitorStateLabels::next
I: RecvGarbledGates::next
I: RecvSystemInputLabels::next
I: RecvFlagBitLabels::next
I: EvaluateCircuit::next
D:   evaluating gate 10000
D:   evaluating gate 20000
D:   evaluating gate 30000
D:   evaluating gate 40000
D:  sending message (size 0.000001 MB)
I: SendOutputBit::next
I: ==== round duration: 79494.460938 ms ====
I: FaultObserved::next
I: MonitorDone::next
