I: parsing spec file timekeeper+.v...
skipping synthesis, BLIF file already exists.
I: parsing BLIF file synth.blif...
D: inputs and outputs parsed.
D: circuit initialized.
D: connections (#4034) parsed.
D: gates (#42010) parsed.
D: outputs: 49568 49571 49574 49577 49580 49583 49586 49589 49592 49595 49598 49601 49604 49607 49610 49613 49616 49619 49622 49625 49628 49631 49634 49637 49640 49643 49646 49649 49652 49655 49658 49662 49665 49668 49671 49674 49677 49680 49683 49686 49689 49692 49695 49698 49701 49704 49707 49710 49713 49716 49719 49722 49725 49728 49731 49734 49737 49740 49743 49746 49749 49752 49755 49758 49566 
D: circuit size: 49759
D: adding identity gates for outputs...
D: outputs after identity: 49824 49825 49826 49827 49828 49829 49830 49831 49832 49833 49834 49835 49836 49837 49838 49839 49840 49841 49842 49843 49844 49845 49846 49847 49848 49849 49850 49851 49852 49853 49854 49855 49856 49857 49858 49859 49860 49861 49862 49863 49864 49865 49866 49867 49868 49869 49870 49871 49872 49873 49874 49875 49876 49877 49878 49879 49880 49881 49882 49883 49884 49885 49886 49887 49888 
D: circuit size after identity: 49889
I: initializing safe primes...
I: using prime modulus 2410312426921032588552076022197566074856950548502459942654116941958108831682612228890093858261341614673227141477904012196503648957050582631942730706805009223062734745341073406696246014589361659774041027169249453200378729434170325843778659198143763193776859869524088940195577346119843545301547043747207749969763750084308926339295559968882457872412993810129130294592999947926365264059284647209730384947211681434464714438488520940127459844288859336526896320919633919
D:  sending message (size 0.000005 MB)
I: InitMonitor::next
I: GenerateDriverLabels::next
D:   driver labels generated in 68733.164062 ms
I: GenerateInWireKeys::next
D:   in-wire keys generated in 21499.013672 ms
D: SendLabels::message
D:   generating in-wire labels for 42145 gates
D:   10000 gates processed
D:   20000 gates processed
D:   30000 gates processed
D:   40000 gates processed
D:   in-wire labels generated in 73760.421875 ms
D:  gateCount: 42145
D:  sending message (size 51.649640 MB)
I: SendLabels::next
I: RecvGarbledGates::next
I: RecvSystemInputLabels::next
I: RecvFlagBitLabels::next
I: MonitorObliviousTransfer::next
I: InitChooser::next
I: MonitorObliviousTransfer::next
I: RecvConstant::next
D: received message: 8065440bdcf4103ebe4f4f9d6c82249e24cccfd5f250444dd9a7c660b24cb96c8bc6547cb8d67a7ccbde4cc4b6a6e1154eeab8fcd6089c3e5dd9cc598c8273daea56dc9942a0fa13be7ae5f453949af6d2f2713bafc2898a655b52f3d8c8c9dddd5f9a26f20bae3ff9a01486174d6fd5b445db5ba81119f3938712315caf2adbbf388fa5d39c0646d3f1b77abadf3d4918f26f9d654e1408932e2ce3834fdb759582b57b8f48ae6d2f2be75b1b7091bc844628c6412bfca63747bc6d311e4e1d
I: MonitorObliviousTransfer::next
I: GeneratePublicKey::next
D:  sending message (size 0.000384 MB)
I: MonitorObliviousTransfer::next
I: SendPublicKey::next
I: MonitorObliviousTransfer::next
I: RecvEncryptedMessages::next
I: MonitorObliviousTransfer::next
I: DecryptChosenMessage::next
I: MonitorObliviousTransfer::next
I: ChooserDone::next
I: MonitorObliviousTransfer::next
I: MonitorObliviousTransfer::next
I: InitChooser::next
I: MonitorObliviousTransfer::next
I: RecvConstant::next
D: received message: 5ba6305a36cefeb4742bd2fa38a05fd7a7d9fe5da673eec62d0e985bff652cc0806f2910329bab885c79e4c9b94c17c077008dc4ce53560a3b8d2f5636f1fc306915789f6d3002046cb1916c0b0fc1df9c67602fb4105d4e1af3a1ae77db25e686bea998f1a26575d3cfe3aab1cb41d50f34eabf12f03cc665fd347b9e390617183d40daf73fc9266221c139c043cfc831c75bed2535c34b98e021b5373c3803cc8d0b6a5690e8084a974ee143f2062568c77aff659b50056fa3e45ea8a464e
I: MonitorObliviousTransfer::next
I: GeneratePublicKey::next
D:  sending message (size 0.000384 MB)
I: MonitorObliviousTransfer::next
I: SendPublicKey::next
I: MonitorObliviousTransfer::next
I: RecvEncryptedMessages::next
I: MonitorObliviousTransfer::next
I: DecryptChosenMessage::next
I: MonitorObliviousTransfer::next
I: ChooserDone::next
I: MonitorObliviousTransfer::next
I: MonitorObliviousTransfer::next
I: InitChooser::next
I: MonitorObliviousTransfer::next
I: RecvConstant::next
D: received message: a7766ebb78a07a8552cdc3dfe78160535a161901b8b5e6ff60902a86d7c8c1e4448de021d1250fd312547ff0b8d092cde33858428298f9c8aba5e4316ecaee8cb5d5b6cc3604e10e699be309df34788fa5584d37013511e42684c7b209940ef6cbc6c865e61cf16a2cc39ec4e756f5169cb62a7effeb82b9c3eb58681fba2e0fd60ff0934f577b20a28ab4fa7499d9e953add0a9a3badd163f179107312115075996616234934753fc6bd916e1d4a6d85467fb82c8cc9920f5bdbcfc12716854
I: MonitorObliviousTransfer::next
I: GeneratePublicKey::next
D:  sending message (size 0.000384 MB)
I: MonitorObliviousTransfer::next
I: SendPublicKey::next
I: MonitorObliviousTransfer::next
I: RecvEncryptedMessages::next
I: MonitorObliviousTransfer::next
I: DecryptChosenMessage::next
I: MonitorObliviousTransfer::next
I: ChooserDone::next
I: MonitorObliviousTransfer::next
I: MonitorObliviousTransfer::next
I: InitChooser::next
I: MonitorObliviousTransfer::next
I: RecvConstant::next
D: received message: 64145e60d2dfec01449c2c54fd9d52746b7e6140d692f1a7da8361eb6b2eb6d5f298187a21a52140c0472b1c74c45f106ec83967e0ba5e62ef9e8b0faa281a1ba67325c33acc539c1063036b3e0e2082e5ae9a2ad3b1a62df2b30da1fd9cc7e4c738209e6052f89efed7d921ee951c06417a677efef95c40a2c316136fbf0c4cc8dcd65ba0e66e73dba3a18f5a99fdc4cf660e298b4827394f3181fb0a81f4c22e3899c6c314d4da8128aad460984ba6d8ac95630dd3d2d48b61cfc91e5d3060
I: MonitorObliviousTransfer::next
I: GeneratePublicKey::next
D:  sending message (size 0.000383 MB)
I: MonitorObliviousTransfer::next
I: SendPublicKey::next
I: MonitorObliviousTransfer::next
I: RecvEncryptedMessages::next
I: MonitorObliviousTransfer::next
I: DecryptChosenMessage::next
I: MonitorObliviousTransfer::next
I: ChooserDone::next
I: MonitorObliviousTransfer::next
I: MonitorObliviousTransfer::next
I: InitChooser::next
I: MonitorObliviousTransfer::next
I: RecvConstant::next
D: received message: 7a4290231215733eaacbce0953f2bdbafaaf0d3e2937b58a7fe38d82082c8b7c435aeb989795da0dc47255ba6f0093aa19c5b6c8757e490b7e8bd514a62f0e56a4786943f85afdff0972320cbe6ada9f266114eccf9c77d538ed920e0760daa0519bbf1df463e1598862aafb8b4148de0f5184ea928f6d905a05797b971b6f73ce454d3b9cf63d1e84507c2ea0806d203f5f145dcfe27b1496af674b6fabdfbbae0657de6c959d2cba8c2b54d320240d182798ed3bcd25533936d23dbcb95eb3
I: MonitorObliviousTransfer::next
I: GeneratePublicKey::next
D:  sending message (size 0.000384 MB)
I: MonitorObliviousTransfer::next
I: SendPublicKey::next
I: MonitorObliviousTransfer::next
I: RecvEncryptedMessages::next
I: MonitorObliviousTransfer::next
I: DecryptChosenMessage::next
I: MonitorObliviousTransfer::next
I: ChooserDone::next
I: MonitorObliviousTransfer::next
I: MonitorObliviousTransfer::next
I: InitChooser::next
I: MonitorObliviousTransfer::next
I: RecvConstant::next
D: received message: 9a14521fe46e669fbeae27fa7a2eeb27068003560fad370c20023b5db5b3f9992f4ec5b872f3e1934d8af62941e8606dead2ec8f68ed13f1e86ded8adb075012a265654fb317e13ae54bfffe87433b447394592fab0a3791610e32e5e6753c615bf4a3fb3b103c7b2dac1e950883dfbe73dea1c11250abb75c0820b54f2a44fd85cf1ad6dbabcb2a82cc7a807c801bd5d0a34eb1eda95b17f2d11e8bd4584fee896aca27bcbccaa80b58519a88fbb5f4f4602ed8daf052c329d110576da28716
I: MonitorObliviousTransfer::next
I: GeneratePublicKey::next
D:  sending message (size 0.000383 MB)
I: MonitorObliviousTransfer::next
I: SendPublicKey::next
I: MonitorObliviousTransfer::next
I: RecvEncryptedMessages::next
I: MonitorObliviousTransfer::next
I: DecryptChosenMessage::next
I: MonitorObliviousTransfer::next
I: ChooserDone::next
I: MonitorObliviousTransfer::next
I: MonitorObliviousTransfer::next
I: InitChooser::next
I: MonitorObliviousTransfer::next
I: RecvConstant::next
D: received message: d81c142b1a767b68342d2a2a5da27aad252fd03b8e4dd7ea041ef2b9366dc1ece009fa95ea50341256d120d81452dc4ae9ad048fe0c475d87996c0542d04deb155973819b875418ebbb58bf3c5e891a1f2e1680ed88dace43144040acae3c80313f14bf874e50f85f0a178231d144236e48038db4fb543dffec7a61001427130269de46be9a66e1a5c3c98669ae53ff2a6b91df433e31f49b1aa9a85b0825c446ae53dd5a81f29b05344c3c18e51927aa328d2801a64beeb628d6b3a099f6e1b
I: MonitorObliviousTransfer::next
I: GeneratePublicKey::next
D:  sending message (size 0.000384 MB)
I: MonitorObliviousTransfer::next
I: SendPublicKey::next
I: MonitorObliviousTransfer::next
I: RecvEncryptedMessages::next
I: MonitorObliviousTransfer::next
I: DecryptChosenMessage::next
I: MonitorObliviousTransfer::next
I: ChooserDone::next
I: MonitorObliviousTransfer::next
I: MonitorObliviousTransfer::next
I: InitChooser::next
I: MonitorObliviousTransfer::next
I: RecvConstant::next
D: received message: d83fd26952f9fe6fb5ef08564d4024efe445a632f418f53653de54e1e9a73ffb61c5ec651986df92aaf2d09a867712b42c263da08e5291aebdd61b05c75c51a6a8e729ce0ff52f6c1caa34e4377d46c78cd9ffcd17599bcccd12be87c4234fdfb9b4f1e8deb0ef68cf28f149715c9c4159858f6c9e6b50a3560d8c9aeaac7ac859f480442c3f1b5291ebf2fe2fe3ab71afc4e8993b5821b33f80b8bd3fe180226ee718964e35f37214433b4742f280cc2fbc5b02c04e524165eb096cfc538a93
I: MonitorObliviousTransfer::next
I: GeneratePublicKey::next
D:  sending message (size 0.000384 MB)
I: MonitorObliviousTransfer::next
I: SendPublicKey::next
I: MonitorObliviousTransfer::next
I: RecvEncryptedMessages::next
I: MonitorObliviousTransfer::next
I: DecryptChosenMessage::next
I: MonitorObliviousTransfer::next
I: ChooserDone::next
I: MonitorObliviousTransfer::next
I: MonitorObliviousTransfer::next
I: InitChooser::next
I: MonitorObliviousTransfer::next
I: RecvConstant::next
D: received message: 858090ae95e198c07f44e336b857a6d1ae70127413e1cb5dc58532fee8e62835b5e3dcbb97333656fa801c82f34c6f48f3142d3da7606c107413c83b28095970aded4c9893c96d08814062d4a9f0a457d73cc6c529f58b10ea30b9b1d055b7b62f932074f236d01f1d3e4fdb63aca19dbd9a07b6d8ad1c619b8c6775a14fcbae243706564c218922bf943dffa509a5452078b22f744f50456c1263aada48268f284e921ab25ada200b9450169b894044f4761ac6d5b399ed5a7171e8379cf350
I: MonitorObliviousTransfer::next
I: GeneratePublicKey::next
D:  sending message (size 0.000383 MB)
I: MonitorObliviousTransfer::next
I: SendPublicKey::next
I: MonitorObliviousTransfer::next
I: RecvEncryptedMessages::next
I: MonitorObliviousTransfer::next
I: DecryptChosenMessage::next
I: MonitorObliviousTransfer::next
I: ChooserDone::next
I: MonitorObliviousTransfer::next
I: MonitorObliviousTransfer::next
I: InitChooser::next
I: MonitorObliviousTransfer::next
I: RecvConstant::next
D: received message: ff525411ff6b5c196d58d4090cdaec4363b9f68f342662168b5c4ddc75e412a3b109a96b61f872d23d4d283882cd9d676d34e0033cb941ff460e2a69464325d96c149baa3fddcb2d5f7cfe1930ff7aa3472f34f18f5c9c2bf7076480887e28e0445302366a590c2d32a96e8f8889bfaeceaae5940da3c8be7c77645b948d719dcd181f161d7ac86c3eacba9b82781baf6077a9a764237cf25120285497412f314fe090a6c6e334508a588c6dbec47a43cea6b19f04c4d06c2d69815312950580
I: MonitorObliviousTransfer::next
I: GeneratePublicKey::next
D:  sending message (size 0.000384 MB)
I: MonitorObliviousTransfer::next
I: SendPublicKey::next
I: MonitorObliviousTransfer::next
I: RecvEncryptedMessages::next
I: MonitorObliviousTransfer::next
I: DecryptChosenMessage::next
I: MonitorObliviousTransfer::next
I: ChooserDone::next
I: MonitorObliviousTransfer::next
I: MonitorObliviousTransfer::next
I: InitChooser::next
I: MonitorObliviousTransfer::next
I: RecvConstant::next
D: received message: 8b532a8f6d0a90c64205acb5bf2d575a77b4d09211b830a5df1cf50fd735dc860c3065cbb6978f182a2c1f525f2b57b82af4ece24d420c7d445709ae30cbb6f51c46025aeeac431c503f1df12ea1bf752d7f6085adc6392cfeabb828afbf8078d4dd418614d1d984f6e4212c70814e73909836dba6e16f4c5993b0450dbe4cc78081a286ad47cc2f95f0dac561f210092160bd3a1d99a245e3cfe52e3fcf35df2315d4f08b83a4f226c991ae6683bcb20001104428ddc5b680ae5b954160ee98
I: MonitorObliviousTransfer::next
I: GeneratePublicKey::next
D:  sending message (size 0.000384 MB)
I: MonitorObliviousTransfer::next
I: SendPublicKey::next
I: MonitorObliviousTransfer::next
I: RecvEncryptedMessages::next
I: MonitorObliviousTransfer::next
I: DecryptChosenMessage::next
I: MonitorObliviousTransfer::next
I: ChooserDone::next
I: MonitorObliviousTransfer::next
I: MonitorObliviousTransfer::next
I: InitChooser::next
I: MonitorObliviousTransfer::next
I: RecvConstant::next
D: received message: 6e49e153cc63185b4be1f52980555bb9337c57ab67d68552e9fcc3a2085779c36a1966179cdf1761c16e3e46929c314aa87864dc1f0bfac0ee61776bc6354b9cde79deaa5922837455dcf948200881e438bbc6f557dde66b1a9df4bbdecb34f42dd02e54d624a68d9570c43d99654af1d8d8fb43200cd53734e7e1345b1bc4f5ee4de01765ad2ac0e753220ab61416cf84c3a4c94a5aa54a229085bc5eb55294ab22d2ed60f4d0efe69348afb6fa475ce24a04f889b6ebdcd358630d2b747d54
I: MonitorObliviousTransfer::next
I: GeneratePublicKey::next
D:  sending message (size 0.000384 MB)
I: MonitorObliviousTransfer::next
I: SendPublicKey::next
I: MonitorObliviousTransfer::next
I: RecvEncryptedMessages::next
I: MonitorObliviousTransfer::next
I: DecryptChosenMessage::next
I: MonitorObliviousTransfer::next
I: ChooserDone::next
I: MonitorObliviousTransfer::next
I: MonitorObliviousTransfer::next
I: InitChooser::next
I: MonitorObliviousTransfer::next
I: RecvConstant::next
D: received message: 7c5344915232ff790402cb92716b0b02cf9a0a776c833a0ab041d0c8a251d2533cdb44e3233ce11719556d432f45ce0a7d998df2f5d8fe8857fa5c92996d9bb4917c36972c34d549601713397e1ac75101a49cadb388c93573746dcd66962ed40e9eda56a5b0e42d8aabe637d7593f8f249e52b0065ffdbbf926e87d394b1a195ad38183244e72b7e11ce63c02e0f272d274107b773f27b38649205fd096653e30b9f1ff976ce7612d95a2001b0ec499682016c05b55b479e9c3d0a651e6b43c
I: MonitorObliviousTransfer::next
I: GeneratePublicKey::next
D:  sending message (size 0.000384 MB)
I: MonitorObliviousTransfer::next
I: SendPublicKey::next
I: MonitorObliviousTransfer::next
I: RecvEncryptedMessages::next
I: MonitorObliviousTransfer::next
I: DecryptChosenMessage::next
I: MonitorObliviousTransfer::next
I: ChooserDone::next
I: MonitorObliviousTransfer::next
I: MonitorObliviousTransfer::next
I: InitChooser::next
I: MonitorObliviousTransfer::next
I: RecvConstant::next
D: received message: cba4ec590a26976430fb2bf79dfd93b86ccd73651eadd7464e6134c3dc332d9a26167fa877f8aa422503be0d836961a28b159ed3da9efc550f944566cf7c8fad5b514fc3f5cb29635df87bb4710c935f4b320acf17e0212096793dd43d5daf0631c1687a2d7a2f17ac5a153d7e032fc587f8cc2b7dde619e4be602ca675de673e16a805631074f677670f602d4a53ecd9d245d91edf438a71f5d5131439e5fb208f0f424a4e8515fc79207569c287e046d8bec71f5f5e2f95e794720ed4b2eaf
I: MonitorObliviousTransfer::next
I: GeneratePublicKey::next
D:  sending message (size 0.000384 MB)
I: MonitorObliviousTransfer::next
I: SendPublicKey::next
I: MonitorObliviousTransfer::next
I: RecvEncryptedMessages::next
I: MonitorObliviousTransfer::next
I: DecryptChosenMessage::next
I: MonitorObliviousTransfer::next
I: ChooserDone::next
I: MonitorObliviousTransfer::next
I: MonitorObliviousTransfer::next
I: InitChooser::next
I: MonitorObliviousTransfer::next
I: RecvConstant::next
D: received message: 58fda91f946fd1db53af2114713b775f8a2a20cddddd469188dd7c3775c7a331bb0f5c938f9c76beafaa3892a41e62c383bac5c528e4e9e113b8e916b4fb5bd7dfe2a4bd80fca003211036193d62612f1d924c289d3acaa0b29cde7acf6c1e826c205bd4836e038e4066102476f7815d0d9f05b66310a3d552f150a770f56961aa094994d25761ef4baa8bc243ec80bddd922163ac3ab08640d60c385a9ce8e723a068a4f100027fe72460bfb99969b40617fcc9348b0660aa933993c93dad56
I: MonitorObliviousTransfer::next
I: GeneratePublicKey::next
D:  sending message (size 0.000384 MB)
I: MonitorObliviousTransfer::next
I: SendPublicKey::next
I: MonitorObliviousTransfer::next
I: RecvEncryptedMessages::next
I: MonitorObliviousTransfer::next
I: DecryptChosenMessage::next
I: MonitorObliviousTransfer::next
I: ChooserDone::next
I: MonitorObliviousTransfer::next
I: MonitorObliviousTransfer::next
I: InitChooser::next
I: MonitorObliviousTransfer::next
I: RecvConstant::next
D: received message: 41b91e3097666cbf5e755b2ff827d4fdba21580b3b5ab3a74a02e9615ba3ddf9bc92fc9ab27b3a8cdc6feda9cf0b7632e671e63f49d0a87c827e7ce2ed48e2624b5b1cb915554a8fafbd2fbb15467cb0ac91198fde97e42b03da4faba09df777723565e1ad30dc8a588404e6653883776750e095e946af50f475bf201b315ad96122146f397f460413f15b9f9b12c3f40d8c066a64302a9bec2cf070374e0fe13a2a75a0888543eeb6bc8713cda28a12a23b3186d1d170f75a657ff4ef67ff7c
I: MonitorObliviousTransfer::next
I: GeneratePublicKey::next
D:  sending message (size 0.000384 MB)
I: MonitorObliviousTransfer::next
I: SendPublicKey::next
I: MonitorObliviousTransfer::next
I: RecvEncryptedMessages::next
I: MonitorObliviousTransfer::next
I: DecryptChosenMessage::next
I: MonitorObliviousTransfer::next
I: ChooserDone::next
I: MonitorObliviousTransfer::next
I: MonitorObliviousTransfer::next
I: InitChooser::next
I: MonitorObliviousTransfer::next
I: RecvConstant::next
D: received message: d85be493b74c51ebb1060c1deeb5f5e6e644549d6268ef363dfb53d3b624e1aaa6f759834d9767e16ba6fe07e57a891ab28da05b1c5d68d247862aa9b001da080c18932153d6b1ba15e2820c337ef148610165847c51c19fbb11527fdab505ec5989c14b16add0ca6c3cfa56033d13b828c79b70c7519dc7baac84373e60d7776a2594832ef8d4555649959fb3db4c3fbf68c4dfa00b62e8c2c225b28b1937f34cf25750ac11a0226149adbaf1be1107458ccb93134f581dcd8a2aaa29144181
I: MonitorObliviousTransfer::next
I: GeneratePublicKey::next
D:  sending message (size 0.000383 MB)
I: MonitorObliviousTransfer::next
I: SendPublicKey::next
I: MonitorObliviousTransfer::next
I: RecvEncryptedMessages::next
I: MonitorObliviousTransfer::next
I: DecryptChosenMessage::next
I: MonitorObliviousTransfer::next
I: ChooserDone::next
I: MonitorObliviousTransfer::next
I: MonitorObliviousTransfer::next
I: InitChooser::next
I: MonitorObliviousTransfer::next
I: RecvConstant::next
D: received message: 77aefe53037dccf668aaaf971be2d6b7d7932cc6f5a4224198a07bae19e951790288b731c6ab31d228bf937f5120768cc37d8e1cfc446889c19ce461d0c54b29ad258c73bfed6846d80e6dd95aa866e04c4d9ee2059eed83076b9f8462e5317ddad6e91a5c0b4002bce9ae2cab9d685b79481dff0805eab0912e08a5acf3fb783a36dc30d8e29c162f2f11631356c5be733df8d01f7ae2bb56e86ad6054b7b5c4814d545c0d2936b02a76cd337c089c401bb593d3e57b71e7d7d5e467187c6d0
I: MonitorObliviousTransfer::next
I: GeneratePublicKey::next
D:  sending message (size 0.000384 MB)
I: MonitorObliviousTransfer::next
I: SendPublicKey::next
I: MonitorObliviousTransfer::next
I: RecvEncryptedMessages::next
I: MonitorObliviousTransfer::next
I: DecryptChosenMessage::next
I: MonitorObliviousTransfer::next
I: ChooserDone::next
I: MonitorObliviousTransfer::next
I: MonitorObliviousTransfer::next
I: InitChooser::next
I: MonitorObliviousTransfer::next
I: RecvConstant::next
D: received message: caca66bb5cb77e6a4e75116aa77b97f0cffb30aaf9ba89894e2f5fc8d2e29f6feac09da1672a14b7106eaf3f5ded0a63167305a102cfb3baaa79c6a29a4c2ae2fd903a48e1907e2f1c6ca80101e19146948d319c42475aae3caa7379fe1b307721fb0172bc0311d353ca0b0d43487cc32c381f8b6340445623528d87cfb3b4e5448e479fc8b5db59f5f100edc6824ad75af0bf707388c65ae6f93dfea072cd458e446a329aad55722e5dbce75ccfb643e61111fbaec4408ebcf4378956f87b4c
I: MonitorObliviousTransfer::next
I: GeneratePublicKey::next
D:  sending message (size 0.000384 MB)
I: MonitorObliviousTransfer::next
I: SendPublicKey::next
I: MonitorObliviousTransfer::next
I: RecvEncryptedMessages::next
I: MonitorObliviousTransfer::next
I: DecryptChosenMessage::next
I: MonitorObliviousTransfer::next
I: ChooserDone::next
I: MonitorObliviousTransfer::next
I: MonitorObliviousTransfer::next
I: InitChooser::next
I: MonitorObliviousTransfer::next
I: RecvConstant::next
D: received message: 76f0d7b36c682d9aadbf5e4cc3347e90e1a39d64c4c8384250a7856ce071ab1d1c07eb45dd7a905eeb69c6505e7654b2888b4851ba3d70426aae7f7ce99664abc452ed8bd126742c1718864897f176aee7d3bbcc4c702da8c324188d34bf0ddc212202d2f31d5b46d84a0d366957c86085861b0d7fb858ddaa38fdadaf57f24545f74adc5bc8b40f77e9874a62c6d4fbdc4f3953128245716f1471bc43a79153e83af1eda319c471e148365edc325ffd5f39af129250c5d35c0e386aedd50f1e
I: MonitorObliviousTransfer::next
I: GeneratePublicKey::next
D:  sending message (size 0.000384 MB)
I: MonitorObliviousTransfer::next
I: SendPublicKey::next
I: MonitorObliviousTransfer::next
I: RecvEncryptedMessages::next
I: MonitorObliviousTransfer::next
I: DecryptChosenMessage::next
I: MonitorObliviousTransfer::next
I: ChooserDone::next
I: MonitorObliviousTransfer::next
I: MonitorObliviousTransfer::next
I: InitChooser::next
I: MonitorObliviousTransfer::next
I: RecvConstant::next
D: received message: df4e83c4e700599ef84265255c276381f26606be2765724c7ab73e5ce1a122272d87d572030e79b7e44212319d6c3982c8afde171f366b32fecd3322d87d6ad57d4befb96d69edfd53a2b7632610b3d35908c8f5e16eadb7d64b9366cb275b15e26007e7d1e00bf56f11b0b31f2c18de6a29db11b9b00368bbc772e50e3764cf0e9a4be064e9a4260222abfe10ab5796bf3a20107140ee8c6381ff815e126005981bef056c7974e635fc25998a7821881a528aade42d076fa98f6a7f6ba53bf
I: MonitorObliviousTransfer::next
I: GeneratePublicKey::next
D:  sending message (size 0.000384 MB)
I: MonitorObliviousTransfer::next
I: SendPublicKey::next
I: MonitorObliviousTransfer::next
I: RecvEncryptedMessages::next
I: MonitorObliviousTransfer::next
I: DecryptChosenMessage::next
I: MonitorObliviousTransfer::next
I: ChooserDone::next
I: MonitorObliviousTransfer::next
I: MonitorObliviousTransfer::next
I: InitChooser::next
I: MonitorObliviousTransfer::next
I: RecvConstant::next
D: received message: 10127fc51ae50440e4b8d26fee60d15aee1cbbc887c14fe17990f7a938e736f251e09f5a8690331186cebb22d9644b6e00a0f00bf404281c49c4348158f7199372f0f5ef302a7c217a07dcf248f541dbd1415046bba9ecd110af8be6cc909a54811f851fdabc3ea4e12fbe77d77e79762405769e519fc0680795959e034a26ef96e0c7b3ef58410aa267d4c4b1ccf0033c7cea4edf0cafbc39fd707e8506edca5da3344106bed0c3c5377d687ce65fb2dbca1af8fda6056d4b66e6ba936f2795
I: MonitorObliviousTransfer::next
I: GeneratePublicKey::next
D:  sending message (size 0.000384 MB)
I: MonitorObliviousTransfer::next
I: SendPublicKey::next
I: MonitorObliviousTransfer::next
I: RecvEncryptedMessages::next
I: MonitorObliviousTransfer::next
I: DecryptChosenMessage::next
I: MonitorObliviousTransfer::next
I: ChooserDone::next
I: MonitorObliviousTransfer::next
I: MonitorObliviousTransfer::next
I: InitChooser::next
I: MonitorObliviousTransfer::next
I: RecvConstant::next
D: received message: 6ea8fb3cd4aa08b3c8ee3e6221889baffa3efb28f78dbc6ae14a63ff87c3060b4e5f3b17afafe53a458d2101e156210bbd48d1fbc1fb214410a23769aff586795146c5850e953a07e69e617f7bd8041f55f602e1765e50109f9e55b1ad1c0403d8ce5bcd93b7e91cf927ad22bceef237e5ad92529c7a72d6fa35ffd63e70ff652f094eeac32da93d218a459be11b011226fa233d3e2716dd7f7f870f39003253b2e59ac92c1faf97d900031eed8c650dc7d7e6a944846d9016fdf9d8bb30ac09
I: MonitorObliviousTransfer::next
I: GeneratePublicKey::next
D:  sending message (size 0.000384 MB)
I: MonitorObliviousTransfer::next
I: SendPublicKey::next
I: MonitorObliviousTransfer::next
I: RecvEncryptedMessages::next
I: MonitorObliviousTransfer::next
I: DecryptChosenMessage::next
I: MonitorObliviousTransfer::next
I: ChooserDone::next
I: MonitorObliviousTransfer::next
I: MonitorObliviousTransfer::next
I: InitChooser::next
I: MonitorObliviousTransfer::next
I: RecvConstant::next
D: received message: be6381a43e6c4d74b0421e152a97537300bed8db6780a8080e41e8bd39e71045db8f7b3f0b4cddf39197732bc7a747ee13589aa14b6fbcd62ad110f3042bf295cbf42eb1044a9332faa2ead172147abf5e23e3e148f5cfd82bc4efd64492f6e4e35ba378e68ff244b5fa850874fbb13964a7ab88f2d1443ac44fb8c9281fb28f6cc207895fde7937ee65f19fc2ab9b3a6f64ce64ad290395f94f5edee1d0635b4d2f389cc46f781210b450818d05fe1b85cad57d2b83c35544f29a6a720c64eb
I: MonitorObliviousTransfer::next
I: GeneratePublicKey::next
D:  sending message (size 0.000384 MB)
I: MonitorObliviousTransfer::next
I: SendPublicKey::next
I: MonitorObliviousTransfer::next
I: RecvEncryptedMessages::next
I: MonitorObliviousTransfer::next
I: DecryptChosenMessage::next
I: MonitorObliviousTransfer::next
I: ChooserDone::next
I: MonitorObliviousTransfer::next
I: MonitorObliviousTransfer::next
I: InitChooser::next
I: MonitorObliviousTransfer::next
I: RecvConstant::next
D: received message: 118ce695ed87f9a6e2cd7e65f0c7b818bf6a37c8843fe80d537370412e666b9541b3ce2723a090d3db13c77a4232c3fc2c56ed3e04114cf992ac6b46bf67bc1d00b805dc20a49e5a6a1d0ca7690f1fef1df20ce015a5bd238ba1d7bb6429dae842c65812acc91762a1cef724836107370206fd9d16c0fac4fb9c8ae58975528d09e26f319f8fcd9b53686c2ab6920d7dc25234d2edbcb502966cac5b79393e2d03bfc974b18073dc42ca8e48c44e07e9cd73b007a2e2cfc5fc86afe351468e10
I: MonitorObliviousTransfer::next
I: GeneratePublicKey::next
D:  sending message (size 0.000384 MB)
I: MonitorObliviousTransfer::next
I: SendPublicKey::next
I: MonitorObliviousTransfer::next
I: RecvEncryptedMessages::next
I: MonitorObliviousTransfer::next
I: DecryptChosenMessage::next
I: MonitorObliviousTransfer::next
I: ChooserDone::next
I: MonitorObliviousTransfer::next
I: MonitorObliviousTransfer::next
I: InitChooser::next
I: MonitorObliviousTransfer::next
I: RecvConstant::next
D: received message: da25279a7bad17833dbed58ebce1644b567da4876fe8ab17e5a3d3dbfb26ea8edacf1add7900af8b0e6d1bdf380384ad4d135e34e242975e484a61d358393d9c91a653c57593dd871ca73f5c6faba5c98d7c8d93d12cbc32f0cd5946dedccfbdda5fe056e966d09210ff9d17c021b0577db861ae114c44f139778ebb16bfec6979df08c2fa2a7d4793536add475ea0f4f9e3620d7f93473cd42b9dc5374ac3e302ee4b43174bc1c0e856f7ca1d2499d0f823b075bf33bacd69205f8d001172fc
I: MonitorObliviousTransfer::next
I: GeneratePublicKey::next
D:  sending message (size 0.000384 MB)
I: MonitorObliviousTransfer::next
I: SendPublicKey::next
I: MonitorObliviousTransfer::next
I: RecvEncryptedMessages::next
I: MonitorObliviousTransfer::next
I: DecryptChosenMessage::next
I: MonitorObliviousTransfer::next
I: ChooserDone::next
I: MonitorObliviousTransfer::next
I: MonitorObliviousTransfer::next
I: InitChooser::next
I: MonitorObliviousTransfer::next
I: RecvConstant::next
D: received message: b9a9ea9ec78c7104bc6fbe2fe55e019b1da65e34d3f4b83b8f250ab37ce943383fcbaaa38d4cf82e74d7d3c6dbbb41e6e5c84f9bea9c9645fd49dce1f9205d184349026cd77ec6edb2c1dde2cef9aed19917f845e5570b30ceb8389ba8cc2d7af9444756fabd150b7be5a4fb2d5ce4c9d0beb43c7d293cea79b737e0ef81159a0de599e72de68754233133018e1773813ec8119e469f947452987155b221a7a9eb5413e7b628ddefceb13d214ad14d8a6be12a0df1f46cbce312756383d8029
I: MonitorObliviousTransfer::next
I: GeneratePublicKey::next
D:  sending message (size 0.000384 MB)
I: MonitorObliviousTransfer::next
I: SendPublicKey::next
I: MonitorObliviousTransfer::next
I: RecvEncryptedMessages::next
I: MonitorObliviousTransfer::next
I: DecryptChosenMessage::next
I: MonitorObliviousTransfer::next
I: ChooserDone::next
I: MonitorObliviousTransfer::next
I: MonitorObliviousTransfer::next
I: InitChooser::next
I: MonitorObliviousTransfer::next
I: RecvConstant::next
D: received message: 8aed386b146c36722e6de0b9d1a814b028405a3d1857a61e05815a2003a65dae7d084f3fbbb136be4b4b15a3a5e602ee5f238440d3b04bc8cbacb35c5271d5c1bb48c48e9c7b840e05cf97063dc4e1db694ec8f6ff052b58544bd3dd5581e841dc9e2ba6a7910b3dcf1041634477997a1d955393d1f6a4fa470c57cc61ed063b15931e396e6361ab5b760b5cc52c7b6b1ca2cb91657512af7da6f7e1c2fe4aac9f263e11531c0fad8b0ad5d6cc19b55e7dc1d92b1972a864f416f861f1c22ab
I: MonitorObliviousTransfer::next
I: GeneratePublicKey::next
D:  sending message (size 0.000384 MB)
I: MonitorObliviousTransfer::next
I: SendPublicKey::next
I: MonitorObliviousTransfer::next
I: RecvEncryptedMessages::next
I: MonitorObliviousTransfer::next
I: DecryptChosenMessage::next
I: MonitorObliviousTransfer::next
I: ChooserDone::next
I: MonitorObliviousTransfer::next
I: MonitorObliviousTransfer::next
I: InitChooser::next
I: MonitorObliviousTransfer::next
I: RecvConstant::next
D: received message: 19191bddea5ef12e6304cf528eef44d8ffe8fafc52e890f50e23b86b6130d002785b3f5e827e2745824d2b419772e6af6a8c4415bbe84bfeed8076ff425db22499f565337eb5dde90486645b2ff0050a0054c0dd6c54a320f12ac7518bd8da2a84ad1dc84c689758ab0ccc98bd488f27849f31d60fe70dd0dcb0c1960fae0c9bae3a2529a30bec5bb9cdb7303da5cb8ecb2af0fae601efa2c12fc3de83b974f87abb7d03db558f21f4579166efc5f18a3dab36f8026b8a7db2b6d5bbdf6e98b6
I: MonitorObliviousTransfer::next
I: GeneratePublicKey::next
D:  sending message (size 0.000384 MB)
I: MonitorObliviousTransfer::next
I: SendPublicKey::next
I: MonitorObliviousTransfer::next
I: RecvEncryptedMessages::next
I: MonitorObliviousTransfer::next
I: DecryptChosenMessage::next
I: MonitorObliviousTransfer::next
I: ChooserDone::next
I: MonitorObliviousTransfer::next
I: MonitorObliviousTransfer::next
I: InitChooser::next
I: MonitorObliviousTransfer::next
I: RecvConstant::next
D: received message: 75e081752abce85451808fa646f979b01ace4f860b3db2a5328dcf5fd43f18c07de2eec95c9df45fb78d1b683a49e5b14890902b44ad78efd1e9405388cc4f7b482e7262b2a65039bb2cf860b42659415c1696ef8df9bcf47d85ece844528278cdb540d616fe7d6249e950b017cb2b6aa21ab5c4c7da06d7fb14d4067239413f197496fc3a989c28a75336d2c035e0dc4041a15512b8014dc1f2aee424066a8de8b7f4344ab88a41729670b9fdbe061eb65431ec9a772760b6e93ab019ce6f7b
I: MonitorObliviousTransfer::next
I: GeneratePublicKey::next
D:  sending message (size 0.000384 MB)
I: MonitorObliviousTransfer::next
I: SendPublicKey::next
I: MonitorObliviousTransfer::next
I: RecvEncryptedMessages::next
I: MonitorObliviousTransfer::next
I: DecryptChosenMessage::next
I: MonitorObliviousTransfer::next
I: ChooserDone::next
I: MonitorObliviousTransfer::next
I: MonitorObliviousTransfer::next
I: InitChooser::next
I: MonitorObliviousTransfer::next
I: RecvConstant::next
D: received message: f2dd3a923cd394816e8f292e4bb857bfd2c3d31454a798f6fb67a6813a8d3e0e59fc58c250fad9ffd3580e970d9798f3c1f3c2759357bae865aa080248ec5bb412e4c234a28651b8b4a6e1d229a9bd1524a563aab32b2bcd0e33d37dd3b1737cdba51cc2dd330546c44516babf89edd2cb945f20bedc077d811d491967ed166efea0241b2ef1d28e9bb6fdea45b837a7aaeb0ff8fbed61e5e25adb96c89333ab85c0b5d9e4a3fee35b5ee960b596a5c6a986b2022d75668ca3bade34295a4a38
I: MonitorObliviousTransfer::next
I: GeneratePublicKey::next
D:  sending message (size 0.000384 MB)
I: MonitorObliviousTransfer::next
I: SendPublicKey::next
I: MonitorObliviousTransfer::next
I: RecvEncryptedMessages::next
I: MonitorObliviousTransfer::next
I: DecryptChosenMessage::next
I: MonitorObliviousTransfer::next
I: ChooserDone::next
I: MonitorObliviousTransfer::next
I: MonitorObliviousTransfer::next
I: InitChooser::next
I: MonitorObliviousTransfer::next
I: RecvConstant::next
D: received message: e5e54281be11eaf3b6e6a015d07944bfdaef92d99474eceecad6f9bf8089d6310329fb0a7f67fe3443f163d16c791b52979e6694f767f3579cd71122bd9bff12e036c490150a3d04b57d0d3c2f9345944b0f7bb147fc442a9281bf96599654930e1bcbcc8ddd4f2d668f4da13ac407c2e5f95d36c7e78cfe1aa835d97f9e1d9b896c2bf74e79fe7f7419c448edd60fe2884b026663c99287995a0ab5d133842c09c8c9beab668cf3ef2ae07acb6edfdcb3fdb9f0d9929ce3252b43c649782c81
I: MonitorObliviousTransfer::next
I: GeneratePublicKey::next
D:  sending message (size 0.000384 MB)
I: MonitorObliviousTransfer::next
I: SendPublicKey::next
I: MonitorObliviousTransfer::next
I: RecvEncryptedMessages::next
I: MonitorObliviousTransfer::next
I: DecryptChosenMessage::next
I: MonitorObliviousTransfer::next
I: ChooserDone::next
I: MonitorObliviousTransfer::next
I: MonitorObliviousTransfer::next
I: InitChooser::next
I: MonitorObliviousTransfer::next
I: RecvConstant::next
D: received message: 2ad00df8dcb601d6950648af3fdaac0e234886f548ec423ab4725a070f0c787439d2e0f3b37efed09db5abf50aa589861eaeda0d8c02a8e290bf92382c7f48119289e5133feb72d0fdfb6788ab17445c96499920d22a193c5bcfc63cadb421d3537cf038e83cb6e394fafd2d59a94036a224e1649e02d8b48cae22f5e159455c569d9e210f3e702506a088c85dcf0b8fd1bf7802fd4f46866415386daa0a3267bbf1d5abd9e288392c0f15acd09158eefa7762cdde735b1c4723f82be2ca7fa9
I: MonitorObliviousTransfer::next
I: GeneratePublicKey::next
D:  sending message (size 0.000384 MB)
I: MonitorObliviousTransfer::next
I: SendPublicKey::next
I: MonitorObliviousTransfer::next
I: RecvEncryptedMessages::next
I: MonitorObliviousTransfer::next
I: DecryptChosenMessage::next
I: MonitorObliviousTransfer::next
I: ChooserDone::next
I: MonitorObliviousTransfer::next
I: MonitorObliviousTransfer::next
I: InitChooser::next
I: MonitorObliviousTransfer::next
I: RecvConstant::next
D: received message: 3d76166320b30220c1446056c37b7e1b8e00651295750cbf62f145df4a3ba842aa056bd6e02b2229f1bc4e4f5cad9ba36d30e82263b3d5001ee656e72ba8e674dc78299087be577fcf9715f2753b35239044cd403c524e76101c45d0c241c2ede082e3904f73efeaa9fe90343521c199c13031e3d769416aa5ec3b14635e0ff5913ab447238e806d3ec37ebbb41134267e528d6155f9ff35bc1af3222bb6928ffddb202687f6e5942e90117a7ccfb5a86a8a84d968815109012b9929ca007d3e
I: MonitorObliviousTransfer::next
I: GeneratePublicKey::next
D:  sending message (size 0.000384 MB)
I: MonitorObliviousTransfer::next
I: SendPublicKey::next
I: MonitorObliviousTransfer::next
I: RecvEncryptedMessages::next
I: MonitorObliviousTransfer::next
I: DecryptChosenMessage::next
I: MonitorObliviousTransfer::next
I: ChooserDone::next
I: MonitorObliviousTransfer::next
I: MonitorObliviousTransfer::next
I: InitChooser::next
I: MonitorObliviousTransfer::next
I: RecvConstant::next
D: received message: af2cbbde7f4d93d5a3f0264b71a64f9f21c7a749ed9268782d27f89dcd654924d6a1635b6d840d5f9cc1b732385a1238639ae2d35d6c98f12f9932240d305b560f8e1b2869ae46055fc12703350a3298497ac6d9ea3b9a3f280bb5f6ce81cd90c23512ca4283e34de08327359823c2b865725213a6e17fd23188dc2dfc0ffa58990444820cc704023678e89d6b726428868b5b60718fd45ba3cc6bd2ffc6c11a1950c39d082310e2cd329381032090e38f8167271b8c94ec549a9e48113475be
I: MonitorObliviousTransfer::next
I: GeneratePublicKey::next
D:  sending message (size 0.000384 MB)
I: MonitorObliviousTransfer::next
I: SendPublicKey::next
I: MonitorObliviousTransfer::next
I: RecvEncryptedMessages::next
I: MonitorObliviousTransfer::next
I: DecryptChosenMessage::next
I: MonitorObliviousTransfer::next
I: ChooserDone::next
I: MonitorObliviousTransfer::next
I: MonitorObliviousTransfer::next
I: InitChooser::next
I: MonitorObliviousTransfer::next
I: RecvConstant::next
D: received message: 35b9f3440c68f4572acc2666f5fb7eb256487aa446a629da1bb0a96b97b185110c7f0806ee93a0e2ae43c06da6ad76d18d4e60b03c10a4f492007031ef06a5f63b9d7cdcade53a937efd049b3b5fc947bf4852f4d194de5a25688a75d16ecc112360283d92630aed124452213665e072d3741247bb3f8c72b179b88dd6ba8f681b3508582058e9dfb03f96519b20e076b135883b538a0f92c254fe4ba165c1b4469049cc66e49d084a0bfb55586b0754ce9065641d5b1d58e605c168e331ec99
I: MonitorObliviousTransfer::next
I: GeneratePublicKey::next
D:  sending message (size 0.000384 MB)
I: MonitorObliviousTransfer::next
I: SendPublicKey::next
I: MonitorObliviousTransfer::next
I: RecvEncryptedMessages::next
I: MonitorObliviousTransfer::next
I: DecryptChosenMessage::next
I: MonitorObliviousTransfer::next
I: ChooserDone::next
I: MonitorObliviousTransfer::next
I: MonitorObliviousTransfer::next
I: InitChooser::next
I: MonitorObliviousTransfer::next
I: RecvConstant::next
D: received message: df76c20f31c9112ff6bebadf9eaf34fd007b3d5a79bc3003343a5de40d2ef70399535e8142f28937e4865b31fe7f664c3ac104fde1daafec2a64638b0ee224e045937550429fcf780a049b96d4a06f55a6cfabde246aed7e4e307ffbc884b8fd2b25eeff8e942d73cb034398676b7ec8fa41091f7b4b5fa9230030fd81ae81554016f2528e37c39caa26d5cb95772e96a326c1d4bffa655bbda36aa96f1e6022637b38f8b513d8aadc9bf35704f9427e39f2ac85128de44d8552f5c35b39f203
I: MonitorObliviousTransfer::next
I: GeneratePublicKey::next
D:  sending message (size 0.000384 MB)
I: MonitorObliviousTransfer::next
I: SendPublicKey::next
I: MonitorObliviousTransfer::next
I: RecvEncryptedMessages::next
I: MonitorObliviousTransfer::next
I: DecryptChosenMessage::next
I: MonitorObliviousTransfer::next
I: ChooserDone::next
I: MonitorObliviousTransfer::next
I: MonitorObliviousTransfer::next
I: InitChooser::next
I: MonitorObliviousTransfer::next
I: RecvConstant::next
D: received message: 82447c33217e9ce7aad0cb4ee8437487c0e7e4cb83f1131190a25da47d238f54e3e5b627545fef25d5fd0cb9a77316dc2c282602231caa566ea100bb03e468fa3701bb6015c8a22f78448adde4b6aba89a97fdfaa3e40a37329b1b616e7e0d9fd22e7d9d5298e4a95ae4e6db8f61cb26cca9b347422941bcc234e15120938b4640c7ea42e915053660224677d4af7a5c55b81f985a71e699d81c29f8756cb54dee5210bc56f2fa80a532515e0c30e3b72dda023cea7b9623d3eb61f1a838dfbc
I: MonitorObliviousTransfer::next
I: GeneratePublicKey::next
D:  sending message (size 0.000384 MB)
I: MonitorObliviousTransfer::next
I: SendPublicKey::next
I: MonitorObliviousTransfer::next
I: RecvEncryptedMessages::next
I: MonitorObliviousTransfer::next
I: DecryptChosenMessage::next
I: MonitorObliviousTransfer::next
I: ChooserDone::next
I: MonitorObliviousTransfer::next
I: MonitorObliviousTransfer::next
I: InitChooser::next
I: MonitorObliviousTransfer::next
I: RecvConstant::next
D: received message: 35ce0bfaba871f5528b41f432f411fdf14d81d09897cfb9deef8c32aa81f63462336acbfe16718b114abb60a8b5f6ad8fdb13592ad314574389e859262d1ddb351b8859b2352d4492eda456d187e367fe84bccd4f5e11c17b3f8e55aafd1cb88b817ced29356b6bf658e69eb893eb55c947ac938579f142179501b27ed839b17f8d367e8a52a59405182769d181d55d5c0b91debc244a71fb8495690a6b467548623ef91eb4382cee19135f9aa23eb74f50453187ebd0cca320aa762b3b687c3
I: MonitorObliviousTransfer::next
I: GeneratePublicKey::next
D:  sending message (size 0.000384 MB)
I: MonitorObliviousTransfer::next
I: SendPublicKey::next
I: MonitorObliviousTransfer::next
I: RecvEncryptedMessages::next
I: MonitorObliviousTransfer::next
I: DecryptChosenMessage::next
I: MonitorObliviousTransfer::next
I: ChooserDone::next
I: MonitorObliviousTransfer::next
I: MonitorObliviousTransfer::next
I: InitChooser::next
I: MonitorObliviousTransfer::next
I: RecvConstant::next
D: received message: 487c798354c446b25f3e54cc746cefc6e76a8ffd8b7c0e07e38ccaeebfe1e04847503a67fc617210e10eb383d3704ee051660c89d40610dfaea31d8f87819119f1a735df862663ac501f31645e0f76374e4e0d111a918016fa5706fa73a8f4709dbfc76c1d2673e07fe59426791aa6ab682ae66981b4949803171b931e919e52c04167f2a2f80ba273a51bb5a4edf815fe761c7684e474068e88794bfe2f81a343648d068280e5ffd5a019b902be87433774bd3fe4db8e416bc01c119ea8bad1
I: MonitorObliviousTransfer::next
I: GeneratePublicKey::next
D:  sending message (size 0.000384 MB)
I: MonitorObliviousTransfer::next
I: SendPublicKey::next
I: MonitorObliviousTransfer::next
I: RecvEncryptedMessages::next
I: MonitorObliviousTransfer::next
I: DecryptChosenMessage::next
I: MonitorObliviousTransfer::next
I: ChooserDone::next
I: MonitorObliviousTransfer::next
I: MonitorObliviousTransfer::next
I: InitChooser::next
I: MonitorObliviousTransfer::next
I: RecvConstant::next
D: received message: 8542105c5cfe2ade8f672f60ed4df05782a34048f498e4e9009d2682fde6328006453406c0da493831fc8cef36753da2dc45fc58fe21b61cef25ce321b842f2eb5004698bd7d301aaed71e0203bd845b961cdc06f5e93fec24faf295ceac24b1d51c9b3a39fe87648749437c75ecc1147c23a2e4c7d8157fdc968dea7baf1a71a53ec8215c63f2c32f52e007cae1e0574945e7ee44cf6f877fc96e8fb9666f50989b1625b0c2802458ea75afd8e04350e6c8f727c72cb1f23ab7ccb03f356c97
I: MonitorObliviousTransfer::next
I: GeneratePublicKey::next
D:  sending message (size 0.000384 MB)
I: MonitorObliviousTransfer::next
I: SendPublicKey::next
I: MonitorObliviousTransfer::next
I: RecvEncryptedMessages::next
I: MonitorObliviousTransfer::next
I: DecryptChosenMessage::next
I: MonitorObliviousTransfer::next
I: ChooserDone::next
I: MonitorObliviousTransfer::next
I: MonitorObliviousTransfer::next
I: InitChooser::next
I: MonitorObliviousTransfer::next
I: RecvConstant::next
D: received message: 6f10d191dcce3ca9512292fb649d8327687cc404d20b5aee36ac1d2f16a6c601dda306d6455234b1d109449c8761d225cdf66380482546b2d26c0912675b25125f285ec7009923b2e67deb681bac3310774708f5f079d44bf7f29059c40426e5acd064e34529328af978876f7110e1007f0bb820055baf476c2eece5f4f1279f33337f7e03cf26f00cb5d74ec8c141674ef818900d7f1fbba83c9c79279969d124368b4b7826bb1129f08c9bbb985219c5a4950a2d879146d452989a14320412
I: MonitorObliviousTransfer::next
I: GeneratePublicKey::next
D:  sending message (size 0.000384 MB)
I: MonitorObliviousTransfer::next
I: SendPublicKey::next
I: MonitorObliviousTransfer::next
I: RecvEncryptedMessages::next
I: MonitorObliviousTransfer::next
I: DecryptChosenMessage::next
I: MonitorObliviousTransfer::next
I: ChooserDone::next
I: MonitorObliviousTransfer::next
I: MonitorObliviousTransfer::next
I: InitChooser::next
I: MonitorObliviousTransfer::next
I: RecvConstant::next
D: received message: 68aff71951817e3a57bca649e181c71f25105c446610cf10cae260ed4917443c77047c1202c09c2cd36fa81c1e3f5846f6b334eb70db22a85c49bcdfebac88bab02abe1b2f3580c41a8170af082f9026087a6892320d1a7033ad81cba0e35ec501d3100cce571d580896c3ee6fb1ecc69e2ace3cadf9966054ca4c99e442ccd56229d02c871484a3abdd71df8e46155225037fc6da2e95e574bff788b49188422286a4287642753321f5d53a6bcb19e236c214aeae12071295fdbf2a2bd39c00
I: MonitorObliviousTransfer::next
I: GeneratePublicKey::next
D:  sending message (size 0.000384 MB)
I: MonitorObliviousTransfer::next
I: SendPublicKey::next
I: MonitorObliviousTransfer::next
I: RecvEncryptedMessages::next
I: MonitorObliviousTransfer::next
I: DecryptChosenMessage::next
I: MonitorObliviousTransfer::next
I: ChooserDone::next
I: MonitorObliviousTransfer::next
I: MonitorObliviousTransfer::next
I: InitChooser::next
I: MonitorObliviousTransfer::next
I: RecvConstant::next
D: received message: 14641b944ee5005281916635e0283b3009e087e830f16f664e8f543267cb53559342b4af056ea53f8639744fa14190e5a73ed9c723bebe6d1db68338ff17e378bf34d05f70259fd42e9152f5931fc6959c4b822b0f57c7eeeec55beeb3df5f7a1e82190177dc38bc6df9fd23aed00d4da1cecc0d3366d0da4d14534b48b31cc9cbee9fe279d21fea63cc9b378e8c6a0fc63714ced2a286876691309743808d239d4086e9ee887de1abcea4bc5225e21be34926168ce51ccb9e008817c9388df
I: MonitorObliviousTransfer::next
I: GeneratePublicKey::next
D:  sending message (size 0.000384 MB)
I: MonitorObliviousTransfer::next
I: SendPublicKey::next
I: MonitorObliviousTransfer::next
I: RecvEncryptedMessages::next
I: MonitorObliviousTransfer::next
I: DecryptChosenMessage::next
I: MonitorObliviousTransfer::next
I: ChooserDone::next
I: MonitorObliviousTransfer::next
I: MonitorObliviousTransfer::next
I: InitChooser::next
I: MonitorObliviousTransfer::next
I: RecvConstant::next
D: received message: 7520fc5abd71946705089d8f1095912470a370ccd4b2eaf392aedca5a899af9c1859779eb11c5b5172be689623c78b5f6585e72ce34ed538ff74191ce896af0813d4206b784f3550de126d539f7827288040595ec980b70ec699047a50207292277e54f77d9e8d6b465d17bc19a6cf7c845d4b8984b4a899898830707b3f2366d6d993608272f2d62f4e430976de86fa0dcdf33445580b9ebd288678f0378b34515feec44907b33d157d5de41a70078d39a498222d55f1855a80f716c9fe54b0
I: MonitorObliviousTransfer::next
I: GeneratePublicKey::next
D:  sending message (size 0.000384 MB)
I: MonitorObliviousTransfer::next
I: SendPublicKey::next
I: MonitorObliviousTransfer::next
I: RecvEncryptedMessages::next
I: MonitorObliviousTransfer::next
I: DecryptChosenMessage::next
I: MonitorObliviousTransfer::next
I: ChooserDone::next
I: MonitorObliviousTransfer::next
I: MonitorObliviousTransfer::next
I: InitChooser::next
I: MonitorObliviousTransfer::next
I: RecvConstant::next
D: received message: 34715fc486d083e94ff80b9abcd27f520d55dfd14f901e8abcbc160bde98278300c44d3988dd7f8fae25dbcb649c4e6bf0a4ac643ebb4a44d46b7c1a70864a4679bdb12123ab000c66b9f67eb7cf766728cdc425098ffcfdfb340f7af99a877ffd6adf02df78f8ab87ecaf8126a978dbe06a8c926ed89ac42d4c698dd0b1cc5b98b904714de4a5f7973ac7874cb037fdcab5ad3831ee3932bb110f420205d75a4144c82db47b99f3d9de8cb85e24b4fc1027b1f0aa8fa3a39e9a506f44947191
I: MonitorObliviousTransfer::next
I: GeneratePublicKey::next
D:  sending message (size 0.000384 MB)
I: MonitorObliviousTransfer::next
I: SendPublicKey::next
I: MonitorObliviousTransfer::next
I: RecvEncryptedMessages::next
I: MonitorObliviousTransfer::next
I: DecryptChosenMessage::next
I: MonitorObliviousTransfer::next
I: ChooserDone::next
I: MonitorObliviousTransfer::next
I: MonitorObliviousTransfer::next
I: InitChooser::next
I: MonitorObliviousTransfer::next
I: RecvConstant::next
D: received message: b784c9c551317f547217389bb87423f043e53f5aaf3671aa7c97fad18c541da355ace0980f0b7e59dce6382550194eb0adff1c318316326a86df9b15e18f60c5ec5501d1d587c11a8c5e787c6a2312928bb561f7df9020dbbfd5ff27c6b436960f5d8e0cc8f20f7aba1564bf9f117f4d870f9a62a37c5f215a165888a722bf538b7e7376b713fd474f0e2b0ee1d85075e8007f8f7d7032fc47c207404010d529c722f277d31cffb2a3a19322686d6af4fecb6e979a539d82000fa1a82926a31d
I: MonitorObliviousTransfer::next
I: GeneratePublicKey::next
D:  sending message (size 0.000384 MB)
I: MonitorObliviousTransfer::next
I: SendPublicKey::next
I: MonitorObliviousTransfer::next
I: RecvEncryptedMessages::next
I: MonitorObliviousTransfer::next
I: DecryptChosenMessage::next
I: MonitorObliviousTransfer::next
I: ChooserDone::next
I: MonitorObliviousTransfer::next
I: MonitorObliviousTransfer::next
I: InitChooser::next
I: MonitorObliviousTransfer::next
I: RecvConstant::next
D: received message: ee993ed407c53fa5d0c7e5896d06237c67d223c134dcb98c0cbd2f687a93ab410c000e7c6373dd61d5eb8a104428ae75ce3b1919f6d30e96f3db449858a00993c003ab63d4fa9335da409621d8b60eab1c32f9e1da93423aecb887efacefd8b2c6f93f19c3c02e3adc5cddbba48c1b948e4ff7fef4b31e7275541182ee974c541abff98a8fa0a271d9fc4d3bf21f414cd3d9717c7ab4cf4daacd44707df1e5e500d56130aa470276d87824f793f0b9e0e12d108a5baeba5d29780edc0fc1fc94
I: MonitorObliviousTransfer::next
I: GeneratePublicKey::next
D:  sending message (size 0.000384 MB)
I: MonitorObliviousTransfer::next
I: SendPublicKey::next
I: MonitorObliviousTransfer::next
I: RecvEncryptedMessages::next
I: MonitorObliviousTransfer::next
I: DecryptChosenMessage::next
I: MonitorObliviousTransfer::next
I: ChooserDone::next
I: MonitorObliviousTransfer::next
I: MonitorObliviousTransfer::next
I: InitChooser::next
I: MonitorObliviousTransfer::next
I: RecvConstant::next
D: received message: ea4c1c2e59ad41bee74831d8d812e110f052d0286a76f150b78ac5c1da4f3aa0f15ea7b6d6b325326f593db77011249d65901fa15d5110a44587911f03255713ddd3d502ff3f741d68cc3cbe1a59e74d5048ae747310306a0b00e874f90ac5b7d0f6ec157707541446b60edb1879e55bbd8b01e33332b80bf3d9ffd49ec339584d8cb164c1cc2de67d4a6e50139a6ec02821e66372eae5ce1328be8a1dd41203fc700d927a3bac8868b3dafed5c9f62719be08e581191e1daba68f7331677e83
I: MonitorObliviousTransfer::next
I: GeneratePublicKey::next
D:  sending message (size 0.000384 MB)
I: MonitorObliviousTransfer::next
I: SendPublicKey::next
I: MonitorObliviousTransfer::next
I: RecvEncryptedMessages::next
I: MonitorObliviousTransfer::next
I: DecryptChosenMessage::next
I: MonitorObliviousTransfer::next
I: ChooserDone::next
I: MonitorObliviousTransfer::next
I: MonitorObliviousTransfer::next
I: InitChooser::next
I: MonitorObliviousTransfer::next
I: RecvConstant::next
D: received message: b2dc929593553d21e7ca11f9877ec322fca9d22c98f8348254f5738ea5da96bf740ae4015dc4b49c8a7c0daaa48be4ec0bb99dfbacf833026664cda164f2ccfc7cef60fef757c77ec3819df233d34d383cef06953d24c3bceeb906bac5dfcfd212671e1b979f3532ae757c1fa94f129bca1046c974345fa5cc61a578b4564fbabf2fd7204dfeae67cd4a79a88b0676e1ae6f692097f7a527d7e42a8c65d3a7f0ed22d407e0034e27d031853f91304183fa2a34a3beef76e24b4ee2eebe20dc0d
I: MonitorObliviousTransfer::next
I: GeneratePublicKey::next
D:  sending message (size 0.000384 MB)
I: MonitorObliviousTransfer::next
I: SendPublicKey::next
I: MonitorObliviousTransfer::next
I: RecvEncryptedMessages::next
I: MonitorObliviousTransfer::next
I: DecryptChosenMessage::next
I: MonitorObliviousTransfer::next
I: ChooserDone::next
I: MonitorObliviousTransfer::next
I: MonitorObliviousTransfer::next
I: InitChooser::next
I: MonitorObliviousTransfer::next
I: RecvConstant::next
D: received message: caf82d4784f715358ca726214b38bfc50f766281b3b6911649a3e6f3ba54dbd1bf8f52be9e9c29308bbf11dfab645b39b3f07757dddcd9edc7896317f7a76b8c62ec464de6a1e78cf492dca47c8e32340eacbb04ae940366375042d5f24126be2ac461f29a4799949c1d5b1a4777a38e6b20098fd46743d5539af98749011ac807533ceda2271b7a499bfa3aa0d02e9d4ff68c464f31c96d3544a345a139e7e810179e028abbf9a26df6bbe9f42c359dc293f24776a9f88a8e246f5c2cdfd7d7
I: MonitorObliviousTransfer::next
I: GeneratePublicKey::next
D:  sending message (size 0.000384 MB)
I: MonitorObliviousTransfer::next
I: SendPublicKey::next
I: MonitorObliviousTransfer::next
I: RecvEncryptedMessages::next
I: MonitorObliviousTransfer::next
I: DecryptChosenMessage::next
I: MonitorObliviousTransfer::next
I: ChooserDone::next
I: MonitorObliviousTransfer::next
I: MonitorObliviousTransfer::next
I: InitChooser::next
I: MonitorObliviousTransfer::next
I: RecvConstant::next
D: received message: 2adc757d759d2b70975d1be6f8aa99f83d4ea17b364beff330bdff82523b97a69f2a34139900796496aaa0ec29a3bdf216c6f56dee36fe36a2c8259e48c736809d39475a3541a3e2e104186f2d2e74eccfe6bbe11b6506affeef543e3e2289d0d589d5988c78e7362bba097f4ea7c2354bfb8c7450efc08703e4e69eb976dd5ec86de73a57a89b5721029913cf34cde8dc8bb8a19590efa21a8d9cb17e612e46d36df29fd6adcc016a26396a8e21cdfb84074abb6afb621906b3b12d13ab2e72
I: MonitorObliviousTransfer::next
I: GeneratePublicKey::next
D:  sending message (size 0.000384 MB)
I: MonitorObliviousTransfer::next
I: SendPublicKey::next
I: MonitorObliviousTransfer::next
I: RecvEncryptedMessages::next
I: MonitorObliviousTransfer::next
I: DecryptChosenMessage::next
I: MonitorObliviousTransfer::next
I: ChooserDone::next
I: MonitorObliviousTransfer::next
I: MonitorObliviousTransfer::next
I: InitChooser::next
I: MonitorObliviousTransfer::next
I: RecvConstant::next
D: received message: d317e33c3d3481f60ea5fdc4f01621bccd11cc9ed3d71ef28998dbbce9f734eb92d7bbf5c345f689b00d110764e76be4bb098f279b47e8a317da71270551a10c376a51f40fe136d4e24d14fc1034eb72e1773b685f41b937e5d16f4b00238ab0b722cb42f28e53901388885a0f3049f437738fed4237492cc41962787c02f230cf8f72da6bf41d27c10a0be2aacc90824ea5d6b8eb6e5c8ee66e55e17dc02fafbff0612527e6193c312d5185b2e3d866d6385c027c8d1fd84d64599797a67431
I: MonitorObliviousTransfer::next
I: GeneratePublicKey::next
D:  sending message (size 0.000384 MB)
I: MonitorObliviousTransfer::next
I: SendPublicKey::next
I: MonitorObliviousTransfer::next
I: RecvEncryptedMessages::next
I: MonitorObliviousTransfer::next
I: DecryptChosenMessage::next
I: MonitorObliviousTransfer::next
I: ChooserDone::next
I: MonitorObliviousTransfer::next
I: MonitorObliviousTransfer::next
I: InitChooser::next
I: MonitorObliviousTransfer::next
I: RecvConstant::next
D: received message: 1f61682a52fe6c5782581c2087ee6b2d85b8c9e85b0f2bd12cbde31683937e2a46ef5a24beae5f3d3c21b2819bee22a3bfd2dd66c965e855bff9aa5afa779fc15e61312a4aa38eb6d240250428f5cbbc0f6bfbd0a4e1e8b88d7ea9b4ccfae267bc10dd101117d0eef45b1bf0c79c88f1f37e16542d30bfe8e815f53113e765c3254c25e1f9518fb1de986c2d5dc77b7e895ed6d985fdd74df2c0796ed79293a2830d065487f1df285d56f8086f4b90680a5902528c932811e6a7b3e2ffb0791
I: MonitorObliviousTransfer::next
I: GeneratePublicKey::next
D:  sending message (size 0.000384 MB)
I: MonitorObliviousTransfer::next
I: SendPublicKey::next
I: MonitorObliviousTransfer::next
I: RecvEncryptedMessages::next
I: MonitorObliviousTransfer::next
I: DecryptChosenMessage::next
I: MonitorObliviousTransfer::next
I: ChooserDone::next
I: MonitorObliviousTransfer::next
I: MonitorObliviousTransfer::next
I: InitChooser::next
I: MonitorObliviousTransfer::next
I: RecvConstant::next
D: received message: a730dfb3d70134b421cbecafce1f8fe87b7f8f39a5a03e2dda89166f72057aa55efaf1a3472a703d1d448c149030b778cec1ee8ed31761bd620105bb0a6bba9fb963767066027755447b251dd551b4d9374915d503d4302cbd801ea0a702caabe49c83a9b773f64de8471ae0bd4e9237ec8c724e3d26cdf53fca68f56e6cf8f782c620319359f0e468a7760c99f506119e101ae4071bd6911e07575dc2209a80256c67dcc81b37581949dd16f1ce13afa0316f2127aff70a4c1c043e3a61caa3
I: MonitorObliviousTransfer::next
I: GeneratePublicKey::next
D:  sending message (size 0.000384 MB)
I: MonitorObliviousTransfer::next
I: SendPublicKey::next
I: MonitorObliviousTransfer::next
I: RecvEncryptedMessages::next
I: MonitorObliviousTransfer::next
I: DecryptChosenMessage::next
I: MonitorObliviousTransfer::next
I: ChooserDone::next
I: MonitorObliviousTransfer::next
I: MonitorObliviousTransfer::next
I: InitChooser::next
I: MonitorObliviousTransfer::next
I: RecvConstant::next
D: received message: 8b6479709799b7ce552fd62a759900e34267d8662a3c17a7bbd4421d74637f1e64c1249bf439fe08200af7aa88a65c1fd2ce6a5dcd1570d6684380bfdd32cc551699373294b8951e8d1807184f8fdb7ed7f81faa56cea206c3f912c2efa5314828d38898593b4c58d9372849773621038de7dcef2f769f1414d23e12c93c1a167542df883fa3f9b3761ed90988a2092f350abb4903b73dd1a1dc64909fe1c1f233c7eefa7e6e737f7932acf3db62b0f728714f619b89a0e29609f816fc4c1668
I: MonitorObliviousTransfer::next
I: GeneratePublicKey::next
D:  sending message (size 0.000384 MB)
I: MonitorObliviousTransfer::next
I: SendPublicKey::next
I: MonitorObliviousTransfer::next
I: RecvEncryptedMessages::next
I: MonitorObliviousTransfer::next
I: DecryptChosenMessage::next
I: MonitorObliviousTransfer::next
I: ChooserDone::next
I: MonitorObliviousTransfer::next
I: MonitorObliviousTransfer::next
I: InitChooser::next
I: MonitorObliviousTransfer::next
I: RecvConstant::next
D: received message: 4d0f370996db5d7bc6a68648906adb64e07bf9ee2375c84f8fc17016541b08a26de1dbaaacf0f46adf36f09f5e6027932d77d44026013c2d6928e5ab71611bd54d31967f2a5aaff73f0954eed0999c18c5d16da3a75eb6a2125372e17d3590a7a097cde9a71f0059bcf1b56ec80a497f1efbf4a9fd1ebb88c451ac0ebe8e10b4888d5da10ae92bde5be89fc95638e346f259e61d93fbbd796be473d3b3edf62fbcf2ebe972d7b6996a2d0337e00f6e471216378e91330d8e510d7efcdcf0f5f9
I: MonitorObliviousTransfer::next
I: GeneratePublicKey::next
D:  sending message (size 0.000384 MB)
I: MonitorObliviousTransfer::next
I: SendPublicKey::next
I: MonitorObliviousTransfer::next
I: RecvEncryptedMessages::next
I: MonitorObliviousTransfer::next
I: DecryptChosenMessage::next
I: MonitorObliviousTransfer::next
I: ChooserDone::next
I: MonitorObliviousTransfer::next
I: MonitorObliviousTransfer::next
I: InitChooser::next
I: MonitorObliviousTransfer::next
I: RecvConstant::next
D: received message: 21ed592660d025bb911cfe976fbcc35b88b2c15c6388a7e7f226c24f163f45945ad1852ac4f810d93593dbea0b1a84dd8c3da3ca83591f03f15343e99f8eb7cbcd676f0fa7eb5cdd9f44b30ad61986289d423333a890a1fbde902b23befe37bb234505a73e6f455eccb47627aac1d1ef4a98b016500faa2505e5f5263dd59b5efb597f13a4533b239c517a6c73eb16ba61bd7c00ab964ae2763bc57fffa0a5d49a11b67af57b05b208c764969289d838662cf21523cf5a87f707dafb5ebe6d7f
I: MonitorObliviousTransfer::next
I: GeneratePublicKey::next
D:  sending message (size 0.000384 MB)
I: MonitorObliviousTransfer::next
I: SendPublicKey::next
I: MonitorObliviousTransfer::next
I: RecvEncryptedMessages::next
I: MonitorObliviousTransfer::next
I: DecryptChosenMessage::next
I: MonitorObliviousTransfer::next
I: ChooserDone::next
I: MonitorObliviousTransfer::next
I: MonitorObliviousTransfer::next
I: InitChooser::next
I: MonitorObliviousTransfer::next
I: RecvConstant::next
D: received message: 7b237ec39090a8e273e9286b77265511781f4a98ecd8e5c9edbfc29774c9ec66fc733fbc7d6f4a589b7560910be60ecc116ea0c06d9a3c8a744d9b414c7ce2671fa611da30cbd5b56b501beab6407ac2867155ab6cad3e5c5af045906a37520472f9d833326628e10c1b694990137d68e9f94fd7812d8e0f400e28a18bc476e00c953accdb0296a106935e6ed6297553a78e6682692dcc46fa1e59d4b07a5cd037542b47111eaaedffb6400cb25a6f98f58a5e183ef935679b016652b94a9018
I: MonitorObliviousTransfer::next
I: GeneratePublicKey::next
D:  sending message (size 0.000384 MB)
I: MonitorObliviousTransfer::next
I: SendPublicKey::next
I: MonitorObliviousTransfer::next
I: RecvEncryptedMessages::next
I: MonitorObliviousTransfer::next
I: DecryptChosenMessage::next
I: MonitorObliviousTransfer::next
I: ChooserDone::next
I: MonitorObliviousTransfer::next
I: MonitorObliviousTransfer::next
I: InitChooser::next
I: MonitorObliviousTransfer::next
I: RecvConstant::next
D: received message: 31796cda227b2cf50924fe04123d693b4def6990c8a01331ccfc5b057e220ba86e15ba6d20f449e38f1312fe0be0a4ade4e02c6f49ca29e00e9291eb2c4c9c046a229d98bfe3ad086228d246c523e12e6defb65652119b4305b52600b4bcf9a3d283986a843c2925e33343ba327762e125acd7405e1c0e3efb69fd1ab9aa126b7a6007a31385863d3b1188be5aaf145b0dfac93c1dbbf080e3ceafa7743d7711e116eee2d6b81b2bd5e642f6368cfff79f683630fe4b6983d0a14b2180fecd2c
I: MonitorObliviousTransfer::next
I: GeneratePublicKey::next
D:  sending message (size 0.000383 MB)
I: MonitorObliviousTransfer::next
I: SendPublicKey::next
I: MonitorObliviousTransfer::next
I: RecvEncryptedMessages::next
I: MonitorObliviousTransfer::next
I: DecryptChosenMessage::next
I: MonitorObliviousTransfer::next
I: ChooserDone::next
I: MonitorObliviousTransfer::next
I: MonitorObliviousTransfer::next
I: InitChooser::next
I: MonitorObliviousTransfer::next
I: RecvConstant::next
D: received message: f886a2e597999d1d55468c02dba6e38268fdeea91e2bb299dcc865e40769f5dae439b5ffc8ecd7bd3a6f11f936443c7fb1896939403bfa0765bbb18e4409a13268ad4c5e9627c06373c20369cb18cf6b5260e6c4eab7adb9e876c868e38e92796e7d595ca4d7f03781eaf55d023500d447115b6447a0f72f189d336efcf89ba2781d1843f48461dcd6568dce399bffc74868fd84786308bf872540a26b018a220a85bcf26bba9423cc2ad3fbaf0e8993a19391e82b657158f0c43bf638d0967f
I: MonitorObliviousTransfer::next
I: GeneratePublicKey::next
D:  sending message (size 0.000384 MB)
I: MonitorObliviousTransfer::next
I: SendPublicKey::next
I: MonitorObliviousTransfer::next
I: RecvEncryptedMessages::next
I: MonitorObliviousTransfer::next
I: DecryptChosenMessage::next
I: MonitorObliviousTransfer::next
I: ChooserDone::next
I: MonitorObliviousTransfer::next
I: MonitorObliviousTransfer::next
I: InitChooser::next
I: MonitorObliviousTransfer::next
I: RecvConstant::next
D: received message: 856c24698b9b76804cc6e92cd153b8f0091dbff6528c98c16787b8dd679d38ae7cf58d0546c9f2716f258ef30c078e8641d9e703b96cee622588a58d615230fd043d091074d3145a6dbcf00e734dcec3aaf7b4c5978a2b3479310b639993b0d450ac037b7350943843f19b2d200b2110342b46858b3f90b3d3d50bbea2762b3c2d8b79da75be086e2a2a7c5dabaf5ceb7f2edc37b6e739d02c192f32a5bfe42b56c99043eb1a82ab17f7240f1aebfca38408586f07ce50e7762cffdaf3b7539
I: MonitorObliviousTransfer::next
I: GeneratePublicKey::next
D:  sending message (size 0.000384 MB)
I: MonitorObliviousTransfer::next
I: SendPublicKey::next
I: MonitorObliviousTransfer::next
I: RecvEncryptedMessages::next
I: MonitorObliviousTransfer::next
I: DecryptChosenMessage::next
I: MonitorObliviousTransfer::next
I: ChooserDone::next
I: MonitorObliviousTransfer::next
I: MonitorObliviousTransfer::next
I: InitChooser::next
I: MonitorObliviousTransfer::next
I: RecvConstant::next
D: received message: d17f60f793d72a4cf0b5f067aa18d36bdf953f548abdcac22f633cc5ae081bc78099fed1a0283427047c6ebecd72b5a1f8f754a9150ad01f02797098403bb0482ff53c6f86bbd361cceb9939eb056c1555eeb9bdc0770480451015dcc9e833b67271b8d60742c19763c87ca11c87e3b0da2fe67a7c906b32606a378b6e3e9702cacd30fae9259f2349c37295fd0290a551d33f8c9c79e50ad2b1ecba4834e741a57319a4c2c4d9371eba9af337e116d91f84b9f2022e3c2d1476efe37b2c8024
I: MonitorObliviousTransfer::next
I: GeneratePublicKey::next
D:  sending message (size 0.000384 MB)
I: MonitorObliviousTransfer::next
I: SendPublicKey::next
I: MonitorObliviousTransfer::next
I: RecvEncryptedMessages::next
I: MonitorObliviousTransfer::next
I: DecryptChosenMessage::next
I: MonitorObliviousTransfer::next
I: ChooserDone::next
I: MonitorObliviousTransfer::next
I: MonitorObliviousTransfer::next
I: InitChooser::next
I: MonitorObliviousTransfer::next
I: RecvConstant::next
D: received message: f140f0cee163717f45483f219f8314be392aac9ede05392fa896443eaa714ec67532e61951d8817c812455f92c83322213b88bfc200d005fbb4764eca4ac57a453f8c5485ba5061fea5eb895d93c7771803144af281ab13f87d79d18cb9873ba14773c9dd46c3961f99a27ae60287660177e2dd6fa87d9d8671e60388d361e19e290817b48049db610026e2c4662b0d6c8cf4910b364de6bdcaf35d806271b5eeca8e0ca4649cd8085d5a105e6a1b789119ce505e8a95692dc5c86f4cdabe678
I: MonitorObliviousTransfer::next
I: GeneratePublicKey::next
D:  sending message (size 0.000384 MB)
I: MonitorObliviousTransfer::next
I: SendPublicKey::next
I: MonitorObliviousTransfer::next
I: RecvEncryptedMessages::next
I: MonitorObliviousTransfer::next
I: DecryptChosenMessage::next
I: MonitorObliviousTransfer::next
I: ChooserDone::next
I: MonitorObliviousTransfer::next
I: MonitorObliviousTransfer::next
I: EvaluateCircuit::next
D:   evaluating gate 10000
D:   evaluating gate 20000
D:   evaluating gate 30000
D:   evaluating gate 40000
D:  sending message (size 0.000001 MB)
I: SendOutputBit::next
I: ==== round duration: 80554.328125 ms ====
I: CopyMonitorStateLabels::next
I: RecvGarbledGates::next
I: RecvSystemInputLabels::next
I: RecvFlagBitLabels::next
I: EvaluateCircuit::next
D:   evaluating gate 10000
D:   evaluating gate 20000
D:   evaluating gate 30000
D:   evaluating gate 40000
D:  sending message (size 0.000001 MB)
I: SendOutputBit::next
I: ==== round duration: 79718.132812 ms ====
I: FaultObserved::next
I: MonitorDone::next
