I: parsing spec file timekeeper+.v...
skipping synthesis, BLIF file already exists.
I: parsing BLIF file synth.blif...
D: inputs and outputs parsed.
D: circuit initialized.
D: connections (#4034) parsed.
D: gates (#42010) parsed.
D: outputs: 58528 58531 58534 58537 58540 58543 58546 58549 58552 58555 58558 58561 58564 58567 58570 58573 58576 58579 58582 58585 58588 58591 58594 58597 58600 58603 58606 58609 58612 58615 58618 58622 58625 58628 58631 58634 58637 58640 58643 58646 58649 58652 58655 58658 58661 58664 58667 58670 58673 58676 58679 58682 58685 58688 58691 58694 58697 58700 58703 58706 58709 58712 58715 58718 58526 
D: circuit size: 58719
D: adding identity gates for outputs...
D: outputs after identity: 58784 58785 58786 58787 58788 58789 58790 58791 58792 58793 58794 58795 58796 58797 58798 58799 58800 58801 58802 58803 58804 58805 58806 58807 58808 58809 58810 58811 58812 58813 58814 58815 58816 58817 58818 58819 58820 58821 58822 58823 58824 58825 58826 58827 58828 58829 58830 58831 58832 58833 58834 58835 58836 58837 58838 58839 58840 58841 58842 58843 58844 58845 58846 58847 58848 
D: circuit size after identity: 58849
I: initializing safe primes...
I: using prime modulus 32317006071311007300338913926423828248817941241140239112842009751400741706634354222619689417363569347117901737909704191754605873209195028853758986185622153212175412514901774520270235796078236248884246189477587641105928646099411723245426622522193230540919037680524235519125679715870117001058055877651038861847280257976054903569732561526167081339361799541336476559160368317896729073178384589680639671900977202194168647225871031411336429319536193471636533209717077448227988588565369208645296636077250268955505928362751121174096972998068410554359584866583291642136218231078990999448652468262416972035911852507045361090559
D:  sending message (size 0.000005 MB)
I: InitMonitor::next
I: GenerateDriverLabels::next
D:   driver labels generated in 150484.031250 ms
I: GenerateInWireKeys::next
D:   in-wire keys generated in 21940.621094 ms
D: SendLabels::message
D:   generating in-wire labels for 42145 gates
D:   10000 gates processed
D:   20000 gates processed
D:   30000 gates processed
D:   40000 gates processed
D:   in-wire labels generated in 171915.093750 ms
D:  gateCount: 42145
D:  sending message (size 73.420272 MB)
I: SendLabels::next
I: RecvGarbledGates::next
I: RecvSystemInputLabels::next
I: RecvFlagBitLabels::next
I: MonitorObliviousTransfer::next
I: InitChooser::next
I: MonitorObliviousTransfer::next
I: RecvConstant::next
D: received message: 272116b5dde47d761f200a2d8eaae01b2726abf54c9413026a99c1c095c0695dfd3540efaa1a50ad883b892a0430a9d5aca4412effa103be97c559e43e17bbc6812dff6ca206331e3c0ff9560c5a625ded8dd2c3c29a047f0d166c00144b9ef20a7e4de547baac42179bad04878fdd2ae0ae5f23c3a024fa49a1da3274c839dd6a81adb04d162f1d9257604b6cc01a86a989aedc51e909518fb56ab050b5befb392c63f0264e784e43c63e834ded3e2e6c1435388a5a4a81454602a4a521e4f65d3bba2b5933556efbd678436761065afdbb092b9df13b1f468bb8ecf4488b2b2b836cee4d49fdbf8699601bc7e656f1b4d341b692385184971ed38677a374c8
I: MonitorObliviousTransfer::next
I: GeneratePublicKey::next
D:  sending message (size 0.000512 MB)
I: MonitorObliviousTransfer::next
I: SendPublicKey::next
I: MonitorObliviousTransfer::next
I: RecvEncryptedMessages::next
I: MonitorObliviousTransfer::next
I: DecryptChosenMessage::next
I: MonitorObliviousTransfer::next
I: ChooserDone::next
I: MonitorObliviousTransfer::next
I: MonitorObliviousTransfer::next
I: InitChooser::next
I: MonitorObliviousTransfer::next
I: RecvConstant::next
D: received message: d090f29f64138dfc6c705ddd1395c227ac08f7af108aee6ef82c9de7d5cd062ac42c03e80da3330dc46d19ceea75147c1de66b1c26049e7409421f5deddd9171efb3a7d79b90303311a71bce03aa43eaf2cde461132079afb417d9c023a2992bbd97d4b765b7b6a09f445b0c824581be5cef66780f5bb5b08ca52b8db16933ba8b7d561a10c1e058c89448f0a83dfc89fbfdb2a5a4fda20d71eacf0e2d32df1fb33781724198e11717c70a00485137c049b6e006048ba2fc2bfe963bd2054a3006380ce59c163f44bef98ea2f357033b8fbbafa6085653de84592f3a13a1a0a5f1e51c0170bb1418bb760cb8985456aadef642ff87d942011cefecb07e017139
I: MonitorObliviousTransfer::next
I: GeneratePublicKey::next
D:  sending message (size 0.000511 MB)
I: MonitorObliviousTransfer::next
I: SendPublicKey::next
I: MonitorObliviousTransfer::next
I: RecvEncryptedMessages::next
I: MonitorObliviousTransfer::next
I: DecryptChosenMessage::next
I: MonitorObliviousTransfer::next
I: ChooserDone::next
I: MonitorObliviousTransfer::next
I: MonitorObliviousTransfer::next
I: InitChooser::next
I: MonitorObliviousTransfer::next
I: RecvConstant::next
D: received message: 7986f0a3b6b7acc7d48ae71c7e966ec2369a0ba8f0e49b42cd4c53e76e5e35d6c513176d5f36dfb569979b8f86827e1c07d9a83f109ec672c1862ed82e03572e2c2395118b6cd9b45fa77b83ee0a6cd968ecda926c79ced4e1dd9ee0a45b741a4a43f63bcbb2ac4f3270cab329a8785fdabbaa9f2cb3dcbe53f35a91e4c9842ee98e408d33e5b69f10e9622389b5e2ccdcba5e29275f2d5a40ae11adfc0208ea1322d32fcef5ce278b5dcac15b9a12bc8c6ddf6d705b327bf8169f1b23208b6a3e40e8679a43781fa3b930227e151d18ffde5820e1ab8a9f3ff08a5f3c8d978556748c3b774e4bf971ccc2fe11ef8457e3dab493eaac3bf25601a0d2ae0c8733
I: MonitorObliviousTransfer::next
I: GeneratePublicKey::next
D:  sending message (size 0.000512 MB)
I: MonitorObliviousTransfer::next
I: SendPublicKey::next
I: MonitorObliviousTransfer::next
I: RecvEncryptedMessages::next
I: MonitorObliviousTransfer::next
I: DecryptChosenMessage::next
I: MonitorObliviousTransfer::next
I: ChooserDone::next
I: MonitorObliviousTransfer::next
I: MonitorObliviousTransfer::next
I: InitChooser::next
I: MonitorObliviousTransfer::next
I: RecvConstant::next
D: received message: 4e91671954af78ccc56480007c314e1c5177ea4e59e0b6a3c415745529415e881cea5c645a2e7620d19718aa8521fe9e714767557d5b8fc1ded9a5bd43c4ca5660123840ed59e1f747d9755df2bf66f1766456252a01c008574881182819ef22e57393a3d2feabe5413cefd2088c2742eea88696ea289a2f3f0bd452eed9a2adcfa70f607e7f80ec0ab8c1e34077593fdcd7aed9d873115af837ac2961726fa84399028563fa5692031221cf5f1f664ab1321415c1ccadfe61334b3b02262ed07a3944d15a57914ce259e3bb4cf7481d1fdd697597a346ec342c6be862582c817cd052a18cc3977d7a646e3fe4da0348f0f544c85e016751300086474c936b4e
I: MonitorObliviousTransfer::next
I: GeneratePublicKey::next
D:  sending message (size 0.000512 MB)
I: MonitorObliviousTransfer::next
I: SendPublicKey::next
I: MonitorObliviousTransfer::next
I: RecvEncryptedMessages::next
I: MonitorObliviousTransfer::next
I: DecryptChosenMessage::next
I: MonitorObliviousTransfer::next
I: ChooserDone::next
I: MonitorObliviousTransfer::next
I: MonitorObliviousTransfer::next
I: InitChooser::next
I: MonitorObliviousTransfer::next
I: RecvConstant::next
D: received message: 8f05ca57efe7269cfffa593e1afd00cb7141133ee26efbf9fe4ffffa018dcaf15acddde1768b7037e2e52240ffcedbe4254b08826b68f2e8954969db41ff4f495520ca1ea29939c63d25683c3fedeab493830beff3abb03c06f4e04f9734704f648f80e86855220209c0ab937b16f8a32f0ad60da2c98cdea2b8df3316c804f5939fff9d5873aa2a53bc12c94e5f0b234f5b37f2302488a6b349a0fb5a65f221b9819b0198ee7eda1b901fb2222df9df09167fe3d726e3d44d7ac46cfbe8462704c1994f782d59d780245e34dabcc5f0841be5b173ccd793ff2924f602095dda68394686c9b791df5a49167e147dc920f7ec4d5879931433eef3bf2500c2899d
I: MonitorObliviousTransfer::next
I: GeneratePublicKey::next
D:  sending message (size 0.000512 MB)
I: MonitorObliviousTransfer::next
I: SendPublicKey::next
I: MonitorObliviousTransfer::next
I: RecvEncryptedMessages::next
I: MonitorObliviousTransfer::next
I: DecryptChosenMessage::next
I: MonitorObliviousTransfer::next
I: ChooserDone::next
I: MonitorObliviousTransfer::next
I: MonitorObliviousTransfer::next
I: InitChooser::next
I: MonitorObliviousTransfer::next
I: RecvConstant::next
D: received message: abbe07c577d75fa9adf184705e8345fdb6a31d7f03020654fed1184593d770b0fd17e36170116e7f425b87c51c75736b36ce6864dd520ace892e18d5ecb1aa5c7e58fcd2066dbfd46ef59211a9debb9b49df977bd2f9d2530cd7ee91b600d0a1487345f58465ab6af719da8c4b432d25353d2176ff16c66e3ff9c35898285a541fd4d3d8f309bc03891038be1825c0dc17b7e88a055e1fb1412873b8d8b9b89c031d26a0edd82094f8afd754396b65fb28ad8802339891db66df29274856d377c1ec808cd09d0f40d505204a64affd60580fadcf0dcb2457dd5876aa968e5a53b8170ea8a0ab641dd621c0b0ef34dc095ed98e41f25e92df53650aee89965e95
I: MonitorObliviousTransfer::next
I: GeneratePublicKey::next
D:  sending message (size 0.000512 MB)
I: MonitorObliviousTransfer::next
I: SendPublicKey::next
I: MonitorObliviousTransfer::next
I: RecvEncryptedMessages::next
I: MonitorObliviousTransfer::next
I: DecryptChosenMessage::next
I: MonitorObliviousTransfer::next
I: ChooserDone::next
I: MonitorObliviousTransfer::next
I: MonitorObliviousTransfer::next
I: InitChooser::next
I: MonitorObliviousTransfer::next
I: RecvConstant::next
D: received message: c2a4732eb63ee537afa3794061cdd9cc981805ce5cbf8746943484f1c82197ccd454a24bc433cfd5eb9f6575252325a9f054fcb89b9cc9b61004d9eb762cc626b299e509dc85d20675f4f228aabe3408ea9fd9db02b526b3b704089125db49fbfa040170748181efb6432a18934fdb0967d8b0560cb3a873b6012b0e64ebc85b842b575d8deccf907c646453dfbfdc0d9e92d2644788d0b55a744822ac82c7590783b2f1ddc23bd6f52c477001a110b846d1b6c7e89fbf853a338a3a65397d95874b9411be0606a25266bd712785d2df04099096bdab88e4ae2969a44bba5bd39f856a31e7dd260e5aac905417ab9d7f702b785909a6ac150e36a5d3d2a25c5f
I: MonitorObliviousTransfer::next
I: GeneratePublicKey::next
D:  sending message (size 0.000512 MB)
I: MonitorObliviousTransfer::next
I: SendPublicKey::next
I: MonitorObliviousTransfer::next
I: RecvEncryptedMessages::next
I: MonitorObliviousTransfer::next
I: DecryptChosenMessage::next
I: MonitorObliviousTransfer::next
I: ChooserDone::next
I: MonitorObliviousTransfer::next
I: MonitorObliviousTransfer::next
I: InitChooser::next
I: MonitorObliviousTransfer::next
I: RecvConstant::next
D: received message: 1b301f296741c93b682eb526318df6534b6d2ae541b216556243efff2e154ad8ac2eb2a9d300287dc1cf5bd7f6cf2cebf3c11f1857028625081079bb1906e4fcb82482023bb26bd300fae137a5dfb81f7d05cbd5086ae6f123458699ea61f12b143063da664cd9adbd274c5aa6e60802a95f3d2ca6d1000f5a1d74e78a3df1d97ec7c973298ce5673b46f077a27683819f983a8fe5096b25c017b0e8b866cec9395ae04404647b595faf722c4cf07348ab1fae091e339432aceceddb608784f4b1324deb084b7f11fcc8183cbdf9f30e74bee394c249dd20a70fb9b7ae912e6bfd796dfe0f7637ede30723e50237dabd7234cb296cfd62e2d481f7ce4e41dc5a
I: MonitorObliviousTransfer::next
I: GeneratePublicKey::next
D:  sending message (size 0.000512 MB)
I: MonitorObliviousTransfer::next
I: SendPublicKey::next
I: MonitorObliviousTransfer::next
I: RecvEncryptedMessages::next
I: MonitorObliviousTransfer::next
I: DecryptChosenMessage::next
I: MonitorObliviousTransfer::next
I: ChooserDone::next
I: MonitorObliviousTransfer::next
I: MonitorObliviousTransfer::next
I: InitChooser::next
I: MonitorObliviousTransfer::next
I: RecvConstant::next
D: received message: 60b98609b5a5212be4d1106b97cf79440b443ae544975d9daf152c9fd6ca6ca171e7b664ca01a09f50e21e374e2f5c2306e2720503379aa037b4ee0166c79cc48a9959ead64566ebcf281fb912a8e56f6d893a115c6af8f3f187e9566a9cbfa4a3839a7453f81890048f83e1edbac334964590e3b1328b3458d79afab5526cb565915a1c5a9a03a02b44064bc4061da662b7397a150a5902c7e585a3b0ed339ef1f14d5ca340d82dd498793bed040041fa2e95f5e2bfa7045c57f8963e1e75688d20bb35c120cee2ba673e5999f70b570af62db9f7c8928f9cf35a775ecb8ab98e5abdba3a42eabed88f09c6a6d8369bc0aba0ea70d000e2edb39889ed92d69f
I: MonitorObliviousTransfer::next
I: GeneratePublicKey::next
D:  sending message (size 0.000512 MB)
I: MonitorObliviousTransfer::next
I: SendPublicKey::next
I: MonitorObliviousTransfer::next
I: RecvEncryptedMessages::next
I: MonitorObliviousTransfer::next
I: DecryptChosenMessage::next
I: MonitorObliviousTransfer::next
I: ChooserDone::next
I: MonitorObliviousTransfer::next
I: MonitorObliviousTransfer::next
I: InitChooser::next
I: MonitorObliviousTransfer::next
I: RecvConstant::next
D: received message: 60464d19a1c6052b67eaffabb2f829fcc5bfa60dc0f105c4feb425ad9b4977dee4d291a301a405b0e2b0a21a0e3c45c0d936e7be4ab57219d01b8786c15945d6e129587dc2b1fad4447718a1f294b1e721a2988c47a6f0f9ae1e534db5a76b6205b5f637b14d07531fdd74aa1bc1bc36a5e8d0c4b193cca1a44879981a5463ebacd7878b1d8d0f97dcaa45057c32b94182ed7ffef1d0e44f62c460266d366c456de28bdf22b435e7f7857b2356ccafc851d07a072bb22a48d7bbbd83043b66263bec3394b46109763cb873437e83c40bf159562d6ca4d36b38ad566fb488d08347a1bddaa988d2640d630eb079481ebee7f2bbd5a1301f78f75d1d76f8d7e16f
I: MonitorObliviousTransfer::next
I: GeneratePublicKey::next
D:  sending message (size 0.000512 MB)
I: MonitorObliviousTransfer::next
I: SendPublicKey::next
I: MonitorObliviousTransfer::next
I: RecvEncryptedMessages::next
I: MonitorObliviousTransfer::next
I: DecryptChosenMessage::next
I: MonitorObliviousTransfer::next
I: ChooserDone::next
I: MonitorObliviousTransfer::next
I: MonitorObliviousTransfer::next
I: InitChooser::next
I: MonitorObliviousTransfer::next
I: RecvConstant::next
D: received message: ddc8f5a886826dbe9600628d2019cf77fbde993b210bf7e9f4928220eb80c7202277fcb50134d0d43e146286be7a45fff8b30aaa499e30a12eab0c45a0eb5a6d7202d0a20ef1bb6ff23835c8f90b64084833edaab9ade8105a536e1fe21ae569c5a21ff1c45fe8d1d4a8ec3bd2211bd27f9041c6a9344f41f4d6555ef4db49f131742e3614d316c4b6aa5d41013536f5bf61771357aae7d6bcbef689c0cedc98c78a343a0e6b5187473777f272759cf17d9f6bd0e11d077deeeecb7dedd34f8e1c2c8f598c334520cf1768a41e9aaa5889376a3e96e1f917894deee7ecd97e0af3c0f320e5b0323d90c949429cf19e04271b1d4f7d48ff5993093074f338f433
I: MonitorObliviousTransfer::next
I: GeneratePublicKey::next
D:  sending message (size 0.000512 MB)
I: MonitorObliviousTransfer::next
I: SendPublicKey::next
I: MonitorObliviousTransfer::next
I: RecvEncryptedMessages::next
I: MonitorObliviousTransfer::next
I: DecryptChosenMessage::next
I: MonitorObliviousTransfer::next
I: ChooserDone::next
I: MonitorObliviousTransfer::next
I: MonitorObliviousTransfer::next
I: InitChooser::next
I: MonitorObliviousTransfer::next
I: RecvConstant::next
D: received message: a1478a822b8777d8735fbae2534ae6099430cc1fdd0736f72f2c909b4c14e96994ac4cfb138ab980c0ed177f1566b60d868ba3dcd51124f0b865076efeec27500e474d87942f36327d8f190442f00730e982f4c7ef4f8f306015d07d02af1a1f08a2787774ef66a9f38e1182650358d8856d1e852cce5ac7d7875ca3ee1c14699b3649a12ae1e43f0096865b76c2edb9b65effb8af3b3f47c438e556b7268624085051058befbf73b30069fd24970490106a01d24cb5db9ef3c2537dc5d7ff64078d00a6cece1299289d4dfff86dfe54001eeec92bafc36409b6e7fcfaff329d780ac88309bfa704b0952af615a11365222339e9ce79bea3fabc5fc0337068a7
I: MonitorObliviousTransfer::next
I: GeneratePublicKey::next
D:  sending message (size 0.000512 MB)
I: MonitorObliviousTransfer::next
I: SendPublicKey::next
I: MonitorObliviousTransfer::next
I: RecvEncryptedMessages::next
I: MonitorObliviousTransfer::next
I: DecryptChosenMessage::next
I: MonitorObliviousTransfer::next
I: ChooserDone::next
I: MonitorObliviousTransfer::next
I: MonitorObliviousTransfer::next
I: InitChooser::next
I: MonitorObliviousTransfer::next
I: RecvConstant::next
D: received message: fd16c3aed17ba42b0f2dd3277406dc6db6581dbb9f4339ef82eb7d3636ca0d4ce8ec03085a698aa16411287b87cbe1058e441414262c6425b66d9f1e5d1dc069677c05de667e02de1bb5e74291cf4397c833d6eb9cd82831a872c2999800623ac20ff47b8b928e889cf40a53beaf7994b49e6a98f7986d899386307141c743101cb9ff59591fc1bbb091d838a764d7dd384183fabd73c6a0670947646ce93c950facc87b454ad26f76b4aa7bf58760845b8c23e3da6b40db5236fbd41ffe18802d4764a6276defb73b91a814c0cd58d25ec2f1a951ed0c3cb416047dca5f108a76975fb06bd67b70fdb85797ab70d69cb299d936486cf70344305a981bd5e3e1
I: MonitorObliviousTransfer::next
I: GeneratePublicKey::next
D:  sending message (size 0.000512 MB)
I: MonitorObliviousTransfer::next
I: SendPublicKey::next
I: MonitorObliviousTransfer::next
I: RecvEncryptedMessages::next
I: MonitorObliviousTransfer::next
I: DecryptChosenMessage::next
I: MonitorObliviousTransfer::next
I: ChooserDone::next
I: MonitorObliviousTransfer::next
I: MonitorObliviousTransfer::next
I: InitChooser::next
I: MonitorObliviousTransfer::next
I: RecvConstant::next
D: received message: e4aa645abce3e30f1b6045c2dfc481c6b5882c6721db2ee28676466bb0399125319481becf402af72542980f73bef1dd7d89f45764fc383b0db8320601be510e80b529df8c39a14038566eb236c1a24170fef33d1110908474224711d0a2a4a78d8fe3628bb1f218d34b26706acb6513820c1db0a9ee949e46cbf158930c9c67320f5aeb4ddcf711f4e44b045a8abbd6dadfcf99fc536b13945e47d476695b74b6bb5e5ad62e8860b4ce7c4a9b4599a56c8f89c27f378836d2cbb5dc8c69fc858799c026bc6b7849c9b3e156837f0435fc229fb131e8a5c68748324c01c9d155120b1b5e0928c15fff430edb49d74327e70f2dc16094f0430eadbf5df643baeb
I: MonitorObliviousTransfer::next
I: GeneratePublicKey::next
D:  sending message (size 0.000512 MB)
I: MonitorObliviousTransfer::next
I: SendPublicKey::next
I: MonitorObliviousTransfer::next
I: RecvEncryptedMessages::next
I: MonitorObliviousTransfer::next
I: DecryptChosenMessage::next
I: MonitorObliviousTransfer::next
I: ChooserDone::next
I: MonitorObliviousTransfer::next
I: MonitorObliviousTransfer::next
I: InitChooser::next
I: MonitorObliviousTransfer::next
I: RecvConstant::next
D: received message: 75c5e99b537af9f6a87e1910b20ad1029db795845bb6492f05781802c77d220568a4ec19cd42ea84a0c62571521ee7ce9a9b333f5562c7bf4c9a7d4a8f5f116ba3815805f77134718ee5e5f2e03e6766816e4861c15ed1ae72a324045cb632576b31f1936c4b1cc0d174aead231041d0f5b9287b4047d65317aa4bd1ee4fd99f0b9763baaa8dea8e37727f60deab35264384b0eb6f3feab80764416b12da2beb18b2235497a87baa8056ca5516b98bd89c5151ffec4341a86d3aaf1b3e9d7be05db6ae2b5ea56a265707bf56efda13c0b5676913819792394c772fab0f688516e4eb8b0b37c6ecb26ecc4e2743923750ef6f511dd89e53981b512766c5dc6251
I: MonitorObliviousTransfer::next
I: GeneratePublicKey::next
D:  sending message (size 0.000512 MB)
I: MonitorObliviousTransfer::next
I: SendPublicKey::next
I: MonitorObliviousTransfer::next
I: RecvEncryptedMessages::next
I: MonitorObliviousTransfer::next
I: DecryptChosenMessage::next
I: MonitorObliviousTransfer::next
I: ChooserDone::next
I: MonitorObliviousTransfer::next
I: MonitorObliviousTransfer::next
I: InitChooser::next
I: MonitorObliviousTransfer::next
I: RecvConstant::next
D: received message: b317e2c5f3cf6e139565b2af91e51d1bceff9f51818071beb478c716ec9072fd710e1f7a7013bb88a319521fe63ec1e5341191052416e0c76584dfa88de39a59c608ffac7ac6c0dc37c57d0f9736e752618c25ae93ef712cb99308f7c716de403a042b06ae6562abb51b683a3cd8a607000013935b7ad37f2cd35edfd266178b0a2176d510efd7127eb752a4980c3b743eedf588c7d598f876c0199e7b7819f899869a96c031abd8ecffec6a0586f4b90f8420c9a0e7ae23c40dc6d600e99380f7adb0e0d6784100746895d3af6f571558fa0a8dac46c91c8375dc5a38d9512c25346c6f2a79e1a5e929b84a0fcad58ef882ca8641fd3168e898643cfc53f803
I: MonitorObliviousTransfer::next
I: GeneratePublicKey::next
D:  sending message (size 0.000511 MB)
I: MonitorObliviousTransfer::next
I: SendPublicKey::next
I: MonitorObliviousTransfer::next
I: RecvEncryptedMessages::next
I: MonitorObliviousTransfer::next
I: DecryptChosenMessage::next
I: MonitorObliviousTransfer::next
I: ChooserDone::next
I: MonitorObliviousTransfer::next
I: MonitorObliviousTransfer::next
I: InitChooser::next
I: MonitorObliviousTransfer::next
I: RecvConstant::next
D: received message: be5af800e9b6efcf650ab589285e5c45f4585160c9b4d8ff7dfbda5872e915fe54392df43b86de87e0d4d2bd40eefec852acb375c0bc6589e1ab52dc66a4e0af7c768ee33c9a689a0d6c00fe848924d121e0f9bc583a05f3dce29b35c0464430c0be2a4652a90c868884bbf4fc45d07c3f393eccdb24e85596e29fd9d487c5618e4e10ea62d2ed1662b2cb6b03cacc1f7034afc7b8e7aadb9bffb4cebb69f44e2902530697dfaae162f6f531827e0c873d6be2dbcad6a7bfad548ea7ff844c3b4e01461660ec6c71ef43341810e0e4c6e2c909289821d91ea327b6449cae4324ecaffed7e6592a70fbedba3637e10189aeb4920332c4bd26b9835469aefd5588
I: MonitorObliviousTransfer::next
I: GeneratePublicKey::next
D:  sending message (size 0.000512 MB)
I: MonitorObliviousTransfer::next
I: SendPublicKey::next
I: MonitorObliviousTransfer::next
I: RecvEncryptedMessages::next
I: MonitorObliviousTransfer::next
I: DecryptChosenMessage::next
I: MonitorObliviousTransfer::next
I: ChooserDone::next
I: MonitorObliviousTransfer::next
I: MonitorObliviousTransfer::next
I: InitChooser::next
I: MonitorObliviousTransfer::next
I: RecvConstant::next
D: received message: 68c006be3957c9cf6bdea9879706827dd98f61848bfbc9fc908251e6ed86321d0632ed88d42c370151489436d0653c1ac00521bc37f88fe9313fabea44caa2b00c17e0b1f8547c37fe2d9cb2d9ffa7dad6abdc14918c6b37911b7278022e74b2801e121916c7f81228554999ad7ce412e83a375662f4032c7b7522a9fdd1991761d4d7c0aa6b0f9b91bbcdd6732a944b87c8d4523642ee4f2220806a26110d6b9b248b0161af0469959868a567682b2133b1e49fb97e0f1467b5f0ba26e4310629cfdbc50b892a266f07bca398db39cdc2ab8ee979ee844a049743be134b246dcf07d5b37e12dde095fe5ce61dd3bb4371c2413a47e64c0fa7f706db95f38a99
I: MonitorObliviousTransfer::next
I: GeneratePublicKey::next
D:  sending message (size 0.000512 MB)
I: MonitorObliviousTransfer::next
I: SendPublicKey::next
I: MonitorObliviousTransfer::next
I: RecvEncryptedMessages::next
I: MonitorObliviousTransfer::next
I: DecryptChosenMessage::next
I: MonitorObliviousTransfer::next
I: ChooserDone::next
I: MonitorObliviousTransfer::next
I: MonitorObliviousTransfer::next
I: InitChooser::next
I: MonitorObliviousTransfer::next
I: RecvConstant::next
D: received message: 65928c2157500d27af648e8685120160166ffd8853ad087b9dae4cafa59b2ce2cebbff149fc22da94cee047980df3a44dbb662dabd76b1b03e360519434a0c2dac9cf554c4cc4ea42b09ade2dad5d25051e1f1485c632ecc1c46fbd9d0f4f0aebabbbccd11c26d421db1e0d9008187bcfaefce014ce4ac22ace15fc54c78749ad9dda884428db54180af542e9d346d0e5e4a3021a9e08b9f2e3e8e87a25095b530ed361e38a731fc7eff8f15ebe0f8b45e53fa3f45cbd3c670db648c584407c78a4a2c43fc05f1154501b3acf8871bd8199906b1daeb19eba40b9532d395bbafc0d072b0f7c8fa1395b429494930f9a040362e79da7122ee6870c3c55bc37ada
I: MonitorObliviousTransfer::next
I: GeneratePublicKey::next
D:  sending message (size 0.000512 MB)
I: MonitorObliviousTransfer::next
I: SendPublicKey::next
I: MonitorObliviousTransfer::next
I: RecvEncryptedMessages::next
I: MonitorObliviousTransfer::next
I: DecryptChosenMessage::next
I: MonitorObliviousTransfer::next
I: ChooserDone::next
I: MonitorObliviousTransfer::next
I: MonitorObliviousTransfer::next
I: InitChooser::next
I: MonitorObliviousTransfer::next
I: RecvConstant::next
D: received message: 324526b0ca71b0a7fba8aba0e19a5cd882806e4a109431923330b0a4be4804de6f262c8dec2505c7e618abdcc6d98f84a00ea9dc330a1d34c2a8f68853db76ee6b9d1723406d2f17ef52605730946a449112913101326ee7910fa4c3a8115bfe7996ed07478929f6f35d8a4a40a052658e03a9a0ed275d76fa797b4bf859fef5b3293a3e1dbc0ade6ee7eb158c59b067bb24deae127f4931d707f03445f13dd9ec00d3fb82d5c7bcdfec63503ade76c6da93ab28cf439bdef9fd40d63583683ca4d170cf5e3411505ed67f82dbbc3e01ad867b9e5368f8829ca83d1cc5db2d1705daaaf0df08c51a4048ffe89a8c3f853358799d8ac98e165f6e546332ed25a4
I: MonitorObliviousTransfer::next
I: GeneratePublicKey::next
D:  sending message (size 0.000512 MB)
I: MonitorObliviousTransfer::next
I: SendPublicKey::next
I: MonitorObliviousTransfer::next
I: RecvEncryptedMessages::next
I: MonitorObliviousTransfer::next
I: DecryptChosenMessage::next
I: MonitorObliviousTransfer::next
I: ChooserDone::next
I: MonitorObliviousTransfer::next
I: MonitorObliviousTransfer::next
I: InitChooser::next
I: MonitorObliviousTransfer::next
I: RecvConstant::next
D: received message: 3af61ff1cd1805df6c6279a03e723132a76028b787af58660df87818519d496f834405296f33d0b950317348ef3b3e9f5b55e50a75ad128b545d4bdefa217a9953d89f43809ce53d06d417b2beb7741bebc49e7d146eebc1404233817218a10f52ecfd9db30370628bd2ff15a682aa51313e89ca0e81664924508218be9f485769b8759acc1f5db9c81fcffcba860328f5467d286fcd828b7f514fcb3a562d0c828323142fc6112d55f2ecde1a443a46dd536f5fb9911b728a52638234be774e08da83735372007e18a484419545bc389a418eb1f56ce9c67f9843980e3eacfbb125999e7a90b14cdfe3fce832e97c00da8e9db71be126361b3657b7f88861ed
I: MonitorObliviousTransfer::next
I: GeneratePublicKey::next
D:  sending message (size 0.000512 MB)
I: MonitorObliviousTransfer::next
I: SendPublicKey::next
I: MonitorObliviousTransfer::next
I: RecvEncryptedMessages::next
I: MonitorObliviousTransfer::next
I: DecryptChosenMessage::next
I: MonitorObliviousTransfer::next
I: ChooserDone::next
I: MonitorObliviousTransfer::next
I: MonitorObliviousTransfer::next
I: InitChooser::next
I: MonitorObliviousTransfer::next
I: RecvConstant::next
D: received message: d227f277faffcc72c2f4bc7843704a6cd3d24f50dcc5e112d388afbe095c13474a243054a0d4bdc61fa5c549d1a5bac1e6f3fa1ca50e9ed0be775f8ce12ec3d29d05abc36376f6860501a389aaf3455119cff0e18b79f0a66f385e32c164daff37ae72380e8b2ae3a2f0007fc4ba4ddc8787a639778543157f88b161e7cb2b486ced61ada40ced07670d38d04925339843d8de77180247fcca78e9142a4f1cdbbfaeaadcd01cb69e47d8dd6104ec58f8bab7d8893dcd6981c4ca7ebce31c0d200fa7804186e0d7d046cd40b236f049e3d65545cfdcea94ea5a7d04f0776e49088c74e72bf8fc535cb137dadf49d0fdb50dd3486b423f96861bec7a64f622b6fd
I: MonitorObliviousTransfer::next
I: GeneratePublicKey::next
D:  sending message (size 0.000512 MB)
I: MonitorObliviousTransfer::next
I: SendPublicKey::next
I: MonitorObliviousTransfer::next
I: RecvEncryptedMessages::next
I: MonitorObliviousTransfer::next
I: DecryptChosenMessage::next
I: MonitorObliviousTransfer::next
I: ChooserDone::next
I: MonitorObliviousTransfer::next
I: MonitorObliviousTransfer::next
I: InitChooser::next
I: MonitorObliviousTransfer::next
I: RecvConstant::next
D: received message: 12673819846dc163c6ed6597f916785a8f556951f95ce63e7899fa9b9137ff65e9ec05028ce5a96c5ece09d87b0d05212811fc654240a50070c00f863d0cfffb01ea3117f4d37390b60a91a3b1bacfe413f006222f81c9ed1b76060899733bed2fd8471a8a3a16bfe3ddbc48f921f5cb32ba77efd7385a96a96c692943894e271ade7f87204c6fd0836fd8555ce50f3c690fd9f71d74867722b9aa73055629b8d594e93f8a27561894fbb3470dd47e730a2fa98775bece0aac13795ebbca4db756ebefda51528b7babd1443293c9678b4a7556b010610fe1013466b4a135b55b22de7cf24adea3cb593699cfdb092f35037c4e3adc25cc2cfb6f877c52a1eb74
I: MonitorObliviousTransfer::next
I: GeneratePublicKey::next
D:  sending message (size 0.000512 MB)
I: MonitorObliviousTransfer::next
I: SendPublicKey::next
I: MonitorObliviousTransfer::next
I: RecvEncryptedMessages::next
I: MonitorObliviousTransfer::next
I: DecryptChosenMessage::next
I: MonitorObliviousTransfer::next
I: ChooserDone::next
I: MonitorObliviousTransfer::next
I: MonitorObliviousTransfer::next
I: InitChooser::next
I: MonitorObliviousTransfer::next
I: RecvConstant::next
D: received message: c16e4e991b7ec8c75082647edc062950d8d22a2b5bfba048c6d1863ebf56b74913c4ee1c254e44741930c36745c571e5be65f8b44275fa95e6a6592561f711b1cff67ed20d12560f24adc29655a9c0849fe8b5d715ec683fd943fa0945f1643151adad5cfe629cfaa68ac3589b432b9a9b39938b4078666900abf9c50a1c9a70ecf907847270e56ea70f0542c31d5c5582e1bc0b1b44b60d46660bdfe8aa7fce4ee819d13f4d2adc1f0b9429f2d221be2eacaf30a3df155f7ef7e10de395eaa0218f80bb46bf7aedaa9baedd65e2bc31040ff3441671e9c71fc4e4d863bb99b3138e0f1578375eee009f36a49d56e31f8c9b8df1a914fe1ab05efdd0199b2e1
I: MonitorObliviousTransfer::next
I: GeneratePublicKey::next
D:  sending message (size 0.000512 MB)
I: MonitorObliviousTransfer::next
I: SendPublicKey::next
I: MonitorObliviousTransfer::next
I: RecvEncryptedMessages::next
I: MonitorObliviousTransfer::next
I: DecryptChosenMessage::next
I: MonitorObliviousTransfer::next
I: ChooserDone::next
I: MonitorObliviousTransfer::next
I: MonitorObliviousTransfer::next
I: InitChooser::next
I: MonitorObliviousTransfer::next
I: RecvConstant::next
D: received message: 6071bd6920a85795bc52da3586057b776b0a6ca6f98e3bc9e45817af2973b02ba6b5c2ba53c9ccd7c4c83eaf0070081372a3616b63f44d3d23528aa667ae44847fe4bcb0663985cbd255e6db0def2cbadc53fdb78af9cc011d975cb20ae9f37c31274742e9279627ca420a8a34c2258e10f2d79378e0231325604d32521631e4d592cf99b4908f665d903a42ddd24614d4aaf79dc86a3e57af5b6d7f5b224269e439df7c129a66a62042c85cd31d4b691995eca84fa4ba9781d4c870cbbe4307595788d16eb5c5c96eb58e31531db70b646741e61e77559ac8a174e8f4751d7527fd94f25acc7c3aff16404f2b63918122557ae1aa183c39258c056e10894170
I: MonitorObliviousTransfer::next
I: GeneratePublicKey::next
D:  sending message (size 0.000512 MB)
I: MonitorObliviousTransfer::next
I: SendPublicKey::next
I: MonitorObliviousTransfer::next
I: RecvEncryptedMessages::next
I: MonitorObliviousTransfer::next
I: DecryptChosenMessage::next
I: MonitorObliviousTransfer::next
I: ChooserDone::next
I: MonitorObliviousTransfer::next
I: MonitorObliviousTransfer::next
I: InitChooser::next
I: MonitorObliviousTransfer::next
I: RecvConstant::next
D: received message: 6f9b8dab266f8a839f910bdeffa65099fdc692fc5472d69fdc3388d7984a405b1e938775884585b8ffe13793c2cbda02b2665fa2545fb7233c23535a01eeb3302ee4e5d19679839b24e243460d97776acf141a7a1033ef24d051c9dd085f4a9f53bd45a75008da03b7fb6c80aa729c27adb2abcefd12e22bcc0ea9310afd0fc0fbed24761c7852b664cab7f5aa20fdeaa296e286c54c26c7a0b6d14e1bb6a97f54a17470da04cc743515fa266b181d3d7b4494ea69e53632d9d0185269da837bc46340f7de17378815a7e5af8f0e5e588bd5b97d06c81b4ed83a5c25aa98cd3d74374ceb1b29cd32206a2751b5fb6aae67a7f37203187fe5df924e9e2ac4e3bb
I: MonitorObliviousTransfer::next
I: GeneratePublicKey::next
D:  sending message (size 0.000512 MB)
I: MonitorObliviousTransfer::next
I: SendPublicKey::next
I: MonitorObliviousTransfer::next
I: RecvEncryptedMessages::next
I: MonitorObliviousTransfer::next
I: DecryptChosenMessage::next
I: MonitorObliviousTransfer::next
I: ChooserDone::next
I: MonitorObliviousTransfer::next
I: MonitorObliviousTransfer::next
I: InitChooser::next
I: MonitorObliviousTransfer::next
I: RecvConstant::next
D: received message: 6aa99a0d5d9d66ee20816fb0e3093d92a9b4b3da74513c4b791cb068e98945464f91824dde0a83a9554443e40867db611d18eaf0c3deac1c34927b0a93f025119c2927a99aae8a771f7d30e451361c4902b77c676b2212aa899b2e0f103672065472b1ccff2623b5b172d8359b863d8bce0d926d1f4e68637641e902e26d7a4ab9084b6a653c59c13d30fd584342aa3c3b041e7940672394eb514e78920b30a0177553d0b9f4ae50a7a1c9e1fffcac2957e2171606d4b9035a50ba81abc38bd864d9f84078ce7ce2518ad34c8d0800ff99612406dcc5cf1d870724bb3776337b56c842c7eccb03de81b3736428300a602d70bf6e10e2204fa494a19f13a400ea
I: MonitorObliviousTransfer::next
I: GeneratePublicKey::next
D:  sending message (size 0.000512 MB)
I: MonitorObliviousTransfer::next
I: SendPublicKey::next
I: MonitorObliviousTransfer::next
I: RecvEncryptedMessages::next
I: MonitorObliviousTransfer::next
I: DecryptChosenMessage::next
I: MonitorObliviousTransfer::next
I: ChooserDone::next
I: MonitorObliviousTransfer::next
I: MonitorObliviousTransfer::next
I: InitChooser::next
I: MonitorObliviousTransfer::next
I: RecvConstant::next
D: received message: c3255e7f5e117eed72d82d05ea56111951358964f4d12c6dbafcbc39acc4b5c0dcf6739486d2a6ce4329feacbef1f1be641554534bb1c1f67183352cd6ac2a2a5149f3135b7e18c0e0f430e7586900f4e402fb6cb3e65663e3b3d623bbc682d0dcadb25ff30c7f384e5248ae6f6048f5f462a38ecaa1658fc9947f85e51a0221c8b02f07c09052c00bc3329b56016be1a80d79d4f4f61ed1f18c34e0fd369a60c975104a2d0ab5a801197988cd8fbc8b33f0eeb5ed90d0434a583c5aa3f3032e92e71ac24b05c37252e3cb22d35f1e93c07d19f82c264c2660a915a5928e7f8a817b8b01fb6efd30b4325bcaa1c2864702e6d0b448a94dc4951c74d3f2c99683
I: MonitorObliviousTransfer::next
I: GeneratePublicKey::next
D:  sending message (size 0.000512 MB)
I: MonitorObliviousTransfer::next
I: SendPublicKey::next
I: MonitorObliviousTransfer::next
I: RecvEncryptedMessages::next
I: MonitorObliviousTransfer::next
I: DecryptChosenMessage::next
I: MonitorObliviousTransfer::next
I: ChooserDone::next
I: MonitorObliviousTransfer::next
I: MonitorObliviousTransfer::next
I: InitChooser::next
I: MonitorObliviousTransfer::next
I: RecvConstant::next
D: received message: b4eb40d444f58347d41eaff724cb6d714ac08ccbfd40da41f664c6e84bd6a542d84f7b2be925ac749fed2dd7514655d7b66d765d93a23436212377275de8e9441169c94a9c72e66ef41fd81fdc84d5ac0a43826acf14e2e85f517fda14a4d4492f954936150d63f62ff2e23414b6b97b4c5fd7c1e8293d3772f272df0607129ddac71f41eb27c5f4bc1b747c96f6332ea26081f9a62b6d7f0c4d90346c515b9d3478cc9aed82155e002476312150bfb6afa0b44682d3015e034f1f6e68b2bbebdbcab568cf91436fbdc9d97fcdd369909ff23ec3d61f730e70bec18478f8aeacdd6b5e0d83b75df8e8ab7a41c7d4356f2aad18d6c871c4b86e9bfb7bb7258e64
I: MonitorObliviousTransfer::next
I: GeneratePublicKey::next
D:  sending message (size 0.000512 MB)
I: MonitorObliviousTransfer::next
I: SendPublicKey::next
I: MonitorObliviousTransfer::next
I: RecvEncryptedMessages::next
I: MonitorObliviousTransfer::next
I: DecryptChosenMessage::next
I: MonitorObliviousTransfer::next
I: ChooserDone::next
I: MonitorObliviousTransfer::next
I: MonitorObliviousTransfer::next
I: InitChooser::next
I: MonitorObliviousTransfer::next
I: RecvConstant::next
D: received message: 2bfa8af3a5bd74cf42c40998780ba0d84a0d183530438ef17030e03c99c64ce2868c43e15682f0de17f1a6aa379f9653047d3c14369c6716ca91f1c01719ad86935d60d9f58f2b7d28d25c1f5d5cd5df6120b6bd8e3e4d33fc2a084805e5896c45729f0fccfc432918cc7641b018e22af8d190035a5e6d77fdc6d55a806e99d9e5f93f00fd6cd4508f185d3fdafe711c465e4499c0bb3193909962a104f6661c1522b3a42410640886c45bf274096be486170ae8cd2abf11c4a981262842cc6e090d07ec11730a3a8070a46a8abc773046645dda3f5317f7d29ed35475e43a632a8749728db69049327cc1bc342fcba03447f1a6378c97b4c687d1ee3f95de0f
I: MonitorObliviousTransfer::next
I: GeneratePublicKey::next
D:  sending message (size 0.000512 MB)
I: MonitorObliviousTransfer::next
I: SendPublicKey::next
I: MonitorObliviousTransfer::next
I: RecvEncryptedMessages::next
I: MonitorObliviousTransfer::next
I: DecryptChosenMessage::next
I: MonitorObliviousTransfer::next
I: ChooserDone::next
I: MonitorObliviousTransfer::next
I: MonitorObliviousTransfer::next
I: InitChooser::next
I: MonitorObliviousTransfer::next
I: RecvConstant::next
D: received message: fbc13eb5adc6cb0360e9eeadecc3fe93b2060943036c2e99d70e7b588ef5d0eb307a7c83429cd7a66d2391195e4bd568b61a677fd74df96eeae5869b55fa6c735a05d0e0e378e79b3d9f7fcf8289a4b3838286506eb3d0741f132edb6f7330861fce8722cf46e2d635651e8cdd58c1b593ed288b3154c45b073f33488fb86b98f79dd7cad2173024fe5ed05e4a23983b1cf647d748cd4a4c55ef79d6e4a235bf6f72c5fc12c93af3d9c529351957153ac5c76cbbd70db60144dc2a7614aea957b0fcd3dea69fdc59249e629fe2094be8593d859be12f427815a120fb6cdc1c8b60ddef60e3b26c78595b3a812466adc92904b7d84fb359077c9a70ae855607de
I: MonitorObliviousTransfer::next
I: GeneratePublicKey::next
D:  sending message (size 0.000512 MB)
I: MonitorObliviousTransfer::next
I: SendPublicKey::next
I: MonitorObliviousTransfer::next
I: RecvEncryptedMessages::next
I: MonitorObliviousTransfer::next
I: DecryptChosenMessage::next
I: MonitorObliviousTransfer::next
I: ChooserDone::next
I: MonitorObliviousTransfer::next
I: MonitorObliviousTransfer::next
I: InitChooser::next
I: MonitorObliviousTransfer::next
I: RecvConstant::next
D: received message: 14435b04851348853b0c29a0c318299075ab7561cd7e7d629ff9f532db49776695560a0978f389c3b721e4c069422d983d072b0976cdb3ec04f7854aef4310ba8faf3c693393cd6ab6421b702813890be3a854e7052c4e8c6f23ea2acbbc8481bae66a590ae53cae20f489520c77f7807afb0e00c0f51913b3ad935bb9ec5f458dd23c0c4408b0abfac5c3d8f511f8e3d63c693cc53567d07a45613b749d445c0014ea122bd3d22c463e8daa12a780422d4bf652009dc209ef8305c22a12d9be5b61f594a3b7732875f12cf0b17d51fdc0f11be184bb5165804a5ad17adcebba3a6a615d7e8e18a0056fc5b7393aff04f80db87ad142f6159b6cbf1771ca0713
I: MonitorObliviousTransfer::next
I: GeneratePublicKey::next
D:  sending message (size 0.000512 MB)
I: MonitorObliviousTransfer::next
I: SendPublicKey::next
I: MonitorObliviousTransfer::next
I: RecvEncryptedMessages::next
I: MonitorObliviousTransfer::next
I: DecryptChosenMessage::next
I: MonitorObliviousTransfer::next
I: ChooserDone::next
I: MonitorObliviousTransfer::next
I: MonitorObliviousTransfer::next
I: InitChooser::next
I: MonitorObliviousTransfer::next
I: RecvConstant::next
D: received message: 3c9b1e3a8d4e9767d620fac05a6da213d48db114ff0d5583286f861442d3d675771586e7b0f7c9bccc0ae3dfbc2f0733a3c3381f3d331b2a9fdfba5a8a979c9f6edb8914fc451d175f97e079113039a7031cd3107ece8db3cb48c776938969199950b58f64cea45e0a67cd88ea80c4dcf9b96b73ed6275c56e77c05a86fd148917651b89aa8a3d5f6082a92e01db31b531ba833d91c3be22e773f0361a8d403bb8bc965bbdb0e696a342381d51c8d48bf93964b02c6e2637a4cb133a6331739ee9098c5a954a19e544e5d5ca4754b7676cd26220c7797409bbb58dee6ad53e721e47869956d88eeaca2824f78768c5829a055c0cc26d5dc8d0fe64bb199adcc
I: MonitorObliviousTransfer::next
I: GeneratePublicKey::next
D:  sending message (size 0.000512 MB)
I: MonitorObliviousTransfer::next
I: SendPublicKey::next
I: MonitorObliviousTransfer::next
I: RecvEncryptedMessages::next
I: MonitorObliviousTransfer::next
I: DecryptChosenMessage::next
I: MonitorObliviousTransfer::next
I: ChooserDone::next
I: MonitorObliviousTransfer::next
I: MonitorObliviousTransfer::next
I: InitChooser::next
I: MonitorObliviousTransfer::next
I: RecvConstant::next
D: received message: d6717ce79a47523e58969ab2eca09788a4945767bab14ba0808c177a1c5ed1444ee9cb2d7c60cf694210c50b1edfb72b8e7a4697f4e4335274e043f58b8b377a685d58ef2d12b7159570ca4e2d99bd2fd136ea2ecdcdda03a0ac93a2e4f5c7ddb93481b8c87b9b31dc6d11b22d34273e4d574ef7eb62cf63814d598ecb52c6908d0f5a177544a31c884538a8d37e59a0c7a8f38d332e70ff17bcaec0723bbb9282e7897af22404b86b7441cd3d6b846165c566593a9a576dafd0ca9d4f8acb81552eaafc156456f6cf664d066995a82f2982e220abda66e9bb45cf9418e7a2db1ad87d5f64f8656e66eb6dc6ea6906c8568711c326a4262a9065161966a8aece
I: MonitorObliviousTransfer::next
I: GeneratePublicKey::next
D:  sending message (size 0.000512 MB)
I: MonitorObliviousTransfer::next
I: SendPublicKey::next
I: MonitorObliviousTransfer::next
I: RecvEncryptedMessages::next
I: MonitorObliviousTransfer::next
I: DecryptChosenMessage::next
I: MonitorObliviousTransfer::next
I: ChooserDone::next
I: MonitorObliviousTransfer::next
I: MonitorObliviousTransfer::next
I: InitChooser::next
I: MonitorObliviousTransfer::next
I: RecvConstant::next
D: received message: 1c7b4edc78327dc38411785f38f2794ed208a56c5e053e668298adeebe065d055299fba631bb74fc85bc69667c836e451fab0c73e9f081a50fe18ac8accff348e10f071abe2a9f047bc472a6300e05eae5a740d374fbac74b0d6752a8db2fe0cc0fade110d6cc5ed26eeeac761dfee37c6efb9ace5e5445ea11043a8c150176cd544493d6ca7247826e3f069c6d45deffebfdced52ded654743c6603eaf759899258ac9a77827b7c2e71a1628afed25677af163486c79242ec891f05c70fe5b65ec34e4239294686b9aace9492486b71e0f806d226dae07c523fdfb25135a1bfd50c68cb47ed52430b22be90d45f74de52e237fe1f27701f96c8e96195baedd3
I: MonitorObliviousTransfer::next
I: GeneratePublicKey::next
D:  sending message (size 0.000512 MB)
I: MonitorObliviousTransfer::next
I: SendPublicKey::next
I: MonitorObliviousTransfer::next
I: RecvEncryptedMessages::next
I: MonitorObliviousTransfer::next
I: DecryptChosenMessage::next
I: MonitorObliviousTransfer::next
I: ChooserDone::next
I: MonitorObliviousTransfer::next
I: MonitorObliviousTransfer::next
I: InitChooser::next
I: MonitorObliviousTransfer::next
I: RecvConstant::next
D: received message: e09cc7d8f8fcb81e715228c1f0cdd7384765e1804d9aadd7fdb488c497ba04d4dd8b28cb5f9bc2ccdf6815ba664dd2c2e57601e7a269c8237aff9d95b103a0f907754fda7add0522b36e6fde8dd9cf6a63b92ac1890d0bc3d2097120ae7295a540fa94b45916461da730f531ab09e6f38a1da46f3a5e1f40d71acda3ceb326cd2c3cf9396521215b5f772b2e25dc88d9f95b0d419d3bb2fc07cad6982c8d567b4134755f88ef04b722c5ac7e53c6768a219af4a336c3a144b1c672fa9e5bcc1f141adc759f3e53439648910defa08e544be31fed506fd69eab537a4c0fe516e0f0dce6651c528815a1133b74313020368bf81ee78f5d27e2cfd0d71af36144a5
I: MonitorObliviousTransfer::next
I: GeneratePublicKey::next
D:  sending message (size 0.000512 MB)
I: MonitorObliviousTransfer::next
I: SendPublicKey::next
I: MonitorObliviousTransfer::next
I: RecvEncryptedMessages::next
I: MonitorObliviousTransfer::next
I: DecryptChosenMessage::next
I: MonitorObliviousTransfer::next
I: ChooserDone::next
I: MonitorObliviousTransfer::next
I: MonitorObliviousTransfer::next
I: InitChooser::next
I: MonitorObliviousTransfer::next
I: RecvConstant::next
D: received message: 8fc593d499768fe6dbd1f3e81eab7ea65805c38417f5fc7e5f7a9a5705760cbdf61c6cb61264ee500e7106daf660d1b95eec825639830780d84dcfc87d7a39a41b5645da88f70646da5bce7d4e31f866e3595f32f1c5cc3aae97a7729f5de9b0ee7287b9982ef2dcf1693bfa47b161e309f7606f70c7a1eb54d01ee12aea629b6db6f175f98670c62ee70ce6865f9b5faa1a1ee92263e508eaaa69acd263cda52c39d26eac7119552354114da32e2ab3a7a68cd15db60e713e1325379a15a8ba68bf361d7d455c97b981138d5b0dc65afa0ae1578b43e2f6a73f52243f3a4245419aa4f7e9c58e8fc8fecfbff4a1f6ca820479ef2ca99e2522085ca121f91424
I: MonitorObliviousTransfer::next
I: GeneratePublicKey::next
D:  sending message (size 0.000512 MB)
I: MonitorObliviousTransfer::next
I: SendPublicKey::next
I: MonitorObliviousTransfer::next
I: RecvEncryptedMessages::next
I: MonitorObliviousTransfer::next
I: DecryptChosenMessage::next
I: MonitorObliviousTransfer::next
I: ChooserDone::next
I: MonitorObliviousTransfer::next
I: MonitorObliviousTransfer::next
I: InitChooser::next
I: MonitorObliviousTransfer::next
I: RecvConstant::next
D: received message: ac94672d94f19ab5fd894341e06f5975c3ca2598959732022cd17b7a013a5de58b0a62551f5d15dd4d34f44dcdd0908ddc46265f65d244a2b4e7e3aabf4f9dee6688305fd0d9054c71fcb078b97bd6c4fd2f53f5dc0baca36655f4e5dc4c31b850a1316ef45e9a775f3f86a84fc5672bd8195e50b38590a6314323c4d32ecccd22958e7ec19c24c07993360a25329822658751ff06b890a306574c6003174658ca85e6f1932c422f9043512d44c9a31900567cd383ebb56c7f8ba875d4ba7f6dbf38b51bbaae2927138ce23f8d591e31a86a3f5aa546ac06e3eced6d13a97c472e2117c6835a8c0e847b49bbb711b8e0d2af4baec1412e5f5b0970961b587403
I: MonitorObliviousTransfer::next
I: GeneratePublicKey::next
D:  sending message (size 0.000512 MB)
I: MonitorObliviousTransfer::next
I: SendPublicKey::next
I: MonitorObliviousTransfer::next
I: RecvEncryptedMessages::next
I: MonitorObliviousTransfer::next
I: DecryptChosenMessage::next
I: MonitorObliviousTransfer::next
I: ChooserDone::next
I: MonitorObliviousTransfer::next
I: MonitorObliviousTransfer::next
I: InitChooser::next
I: MonitorObliviousTransfer::next
I: RecvConstant::next
D: received message: dc36a9b8ac2a5eebb50516875d1918ec5dfd43d283cd0212db2830545dabc481fa26852947a9fa64c3e606c009ef5a27c7764d212ba115578eeda6e0f414f0cf6b7cee46453f979141af693bbfc6dc2145c682674337dff9a988dc30ebe82e96b8c4ecf322cb49bb3ac31c90b33528b3a296524cf2056f19abf4611cf6e560b0bcdd371740fd1fae63ee49fe19b140960776d468d8c25fdfb81706ed1a0ad8014a909cb63ce40b4de21c5ce6ccc7f2440eba3f07f84c017ea44b2e97a7de792b4f17382905af30cda5bf6c27cc3400886af557b6dcd0bcb1a6258764c2affda0783d3e6fbb2b5fe6301949160455fd2964db5e21128d00f21e8328d14e57fd49
I: MonitorObliviousTransfer::next
I: GeneratePublicKey::next
D:  sending message (size 0.000512 MB)
I: MonitorObliviousTransfer::next
I: SendPublicKey::next
I: MonitorObliviousTransfer::next
I: RecvEncryptedMessages::next
I: MonitorObliviousTransfer::next
I: DecryptChosenMessage::next
I: MonitorObliviousTransfer::next
I: ChooserDone::next
I: MonitorObliviousTransfer::next
I: MonitorObliviousTransfer::next
I: InitChooser::next
I: MonitorObliviousTransfer::next
I: RecvConstant::next
D: received message: 9aaa7645995f31e8b66a96d64197dc972ecb1fd0b48d9e20747f902b2914d860167974d289505d1442f961c7bf301734eacc664463bd9534473895646a076a4cc0506507855ad46a7c1c9f5036193d51fe0ab2a9abc444c0b36bd38cf1bd0bb01325660affff292db817660d2c35c33f08f8b6e16158bdcbc7e2a2b66d591af2514d7f7338a85d3e581042eaea00066b2f798a9cb7b42d2869c3566daf3fb08ffd1290cc87d290edb6ee8f24b54d42bd0207fe35daedcdfbc631502e01d76bc777375f6e2562384ac55e366c8167eb268598e92a735dc01b6bd48c6a8199344fcc9e124ac9ad1120a6e05cf0fb8a50a0ad63c494c254204685ad5ec8dfd96147
I: MonitorObliviousTransfer::next
I: GeneratePublicKey::next
D:  sending message (size 0.000511 MB)
I: MonitorObliviousTransfer::next
I: SendPublicKey::next
I: MonitorObliviousTransfer::next
I: RecvEncryptedMessages::next
I: MonitorObliviousTransfer::next
I: DecryptChosenMessage::next
I: MonitorObliviousTransfer::next
I: ChooserDone::next
I: MonitorObliviousTransfer::next
I: MonitorObliviousTransfer::next
I: InitChooser::next
I: MonitorObliviousTransfer::next
I: RecvConstant::next
D: received message: f985d79d049b1819392ed9ca0e1aecbb9ee8b49540ed3e8b65332121cb72265d0d77b2e84f1da13c3ee3d9267f9c7c96c9f0a9a4fd2d1e8a8a94fbb5a710733c0c5e880ad0b71a3ad35b48f305e4ee4a8b909efcfad9a3bb7fe3db86558273694003d3e2dbe3b23c29d5a71b140c20ea9bef2f7fd2eb0cad3f7c2c26e7650a4fcf62af2ab2b743af29ed7a42ce0107f117851af03d9906dce47f1872cfa8a850c360ba4e6eada5c0d1a07eaa27eda21657aadaff623161aff440032924f6115bc87dca5ba957dac689c7e6cf32d1650d3eee1b3771e09d1e5a04f1667229ba533c089b87605750ed7463c0310add288e7371c1ceec22706582b1424fd1b45bf9
I: MonitorObliviousTransfer::next
I: GeneratePublicKey::next
D:  sending message (size 0.000512 MB)
I: MonitorObliviousTransfer::next
I: SendPublicKey::next
I: MonitorObliviousTransfer::next
I: RecvEncryptedMessages::next
I: MonitorObliviousTransfer::next
I: DecryptChosenMessage::next
I: MonitorObliviousTransfer::next
I: ChooserDone::next
I: MonitorObliviousTransfer::next
I: MonitorObliviousTransfer::next
I: InitChooser::next
I: MonitorObliviousTransfer::next
I: RecvConstant::next
D: received message: 8e8475a658272614f7d63d988185f4148bf41063da694b6da1cd4e1e9b8d20ce17b28ff185d0cdf098a17ebde786f79e7c5ee3923ab2153de431e60b4b3eb7eeead3ef0a7a5bcb0ee6ce4868e0a2b42e48dbf9bdfbffb531b08790e8e95cc1ae2e92fdfd6ac1c4741e27102aaf1b161919f992391eff9d9b34452a5885e653856d1975601dc18e76f01e5e8ed3f38da7318eda1275a1e5a9226647f6cb4c64224bb9188de0c5aa89c56cdb2adf28719d8a7fbeee762e2f39b16d5d37bd471e68feea4d1493111bdf91db2941654734e5e230799ef09093106e6ac67b2bd3b798334e7daa619fa05725a5fb4373ec008b6a9c135b6adad8233cda97c8bfe7dbc
I: MonitorObliviousTransfer::next
I: GeneratePublicKey::next
D:  sending message (size 0.000512 MB)
I: MonitorObliviousTransfer::next
I: SendPublicKey::next
I: MonitorObliviousTransfer::next
I: RecvEncryptedMessages::next
I: MonitorObliviousTransfer::next
I: DecryptChosenMessage::next
I: MonitorObliviousTransfer::next
I: ChooserDone::next
I: MonitorObliviousTransfer::next
I: MonitorObliviousTransfer::next
I: InitChooser::next
I: MonitorObliviousTransfer::next
I: RecvConstant::next
D: received message: e0cc18f406595c61b5681670b813a4411586514268f5813fedfef41148a21f9e477cb4cf85f117ddae2b7ec57f1a34d21f2865d15194f02deb71525d3d00a9d97a937bc978c48071ace223483c052a07cbae2737a2ae655a4c3cdb406141d1c0b203ac32ac9d3285ccf9ba03269261f8d6570b1f33b8e83f4afca5fbe71738480fd6302699d4fd13d2ff0d4d46b8b904ba9cdf32ad1f3cdcae9c13bd87de95c6ac1497e834ddfffeba5f149e397fe88439826a7c23cd05d605d0b9d16c9df4a043139760b8d0eafeb136871811acc984f4d75e2d50130a5a978609322e2ad40cfdf76771182f0d986a6801e59a9212cf24b4e55bc6fdbbf4f7af9a7e5505b8a5
I: MonitorObliviousTransfer::next
I: GeneratePublicKey::next
D:  sending message (size 0.000512 MB)
I: MonitorObliviousTransfer::next
I: SendPublicKey::next
I: MonitorObliviousTransfer::next
I: RecvEncryptedMessages::next
I: MonitorObliviousTransfer::next
I: DecryptChosenMessage::next
I: MonitorObliviousTransfer::next
I: ChooserDone::next
I: MonitorObliviousTransfer::next
I: MonitorObliviousTransfer::next
I: InitChooser::next
I: MonitorObliviousTransfer::next
I: RecvConstant::next
D: received message: 4c81a0c624e8b210000159cf4b6d6aba35571eb16f21805b86d46adb53af36b3924d5520f18aa700b92dd9a69a8e53205b94d5d7ecaa14d8ae5c849f46f356a3e7cd5f974fcaf30decd73685a11a38fb580f9abd6e8efdd2aa32306aaed3d77eceb9cad19f0cd9b638677fc42820d5ea3771c1be17ed65e08aba33093d0555ae11de16ae08a428967dac74dbea31064d70d02d5d743783d4ce917e01b0bdadfab3960328832dca8307df4229d5df197b240161bf18e2617bdf4d844b9ecd69eb0afb3f3aee3a1f11c7ab8e33bb7d877a1f393d04732f7495c81a66f8d4af12bb2b17576a1193c8dcc07ee3dd1d2130f84bb35c43051d11503f397ec504f93ef0
I: MonitorObliviousTransfer::next
I: GeneratePublicKey::next
D:  sending message (size 0.000512 MB)
I: MonitorObliviousTransfer::next
I: SendPublicKey::next
I: MonitorObliviousTransfer::next
I: RecvEncryptedMessages::next
I: MonitorObliviousTransfer::next
I: DecryptChosenMessage::next
I: MonitorObliviousTransfer::next
I: ChooserDone::next
I: MonitorObliviousTransfer::next
I: MonitorObliviousTransfer::next
I: InitChooser::next
I: MonitorObliviousTransfer::next
I: RecvConstant::next
D: received message: 5ab49281b2cd373697d2f53b0a0d9b009954804f81d6c1b334d058762be71801c4caadabc502ef657fa4d841c5e0e3fdbd3d0ac26a7c30bd3a096f30003c913a0ba5aa1013e0d8d8ebfb26eda086cd33262ed8003c0cc9ee75affa75de22e3d5770e7549c22103ef07c694d2e30cc92d492164bee82f8875e32eb6f7d952ac4233cdcfcb31df3299ddacd41230d147336867c83064a08ad6cfd11c6ad1cf1c93f1d3c731e5a901bb41806c5737beb71f5025fffd5d82ef58197104458f584e40fbd71815b2a6e2f712a6c4dc902d079a8ccf31be1a704771731a87793936d0ff22d3524e0ca70e42323350845c9281b15aa7f2d2415979ec173664d158f1846c
I: MonitorObliviousTransfer::next
I: GeneratePublicKey::next
D:  sending message (size 0.000512 MB)
I: MonitorObliviousTransfer::next
I: SendPublicKey::next
I: MonitorObliviousTransfer::next
I: RecvEncryptedMessages::next
I: MonitorObliviousTransfer::next
I: DecryptChosenMessage::next
I: MonitorObliviousTransfer::next
I: ChooserDone::next
I: MonitorObliviousTransfer::next
I: MonitorObliviousTransfer::next
I: InitChooser::next
I: MonitorObliviousTransfer::next
I: RecvConstant::next
D: received message: 155afa22e4cf8582a33d00286f0ff0b0519678160ed6854d743c1ee18aa8f985172ac08ab04df88a8f052f37fd9f5c367d525168a9ea527696b53465ae08ea1b5d27abc7de4fdb1d9d0910240cf5808eb26097a56f1302eaf70b3842a605c7b77d60f3c9b1adf8e91b355067e694e2393b0affc18336abdff20b4c6e14bb12c139f3e6910fb0c244cfcc85e74381d25787c8dca0f73bf82852252a946e670182055d12921303774796de2d7de80fd097c2cf0b9f4b37a369f13f37a9da5e204f0374e61c3f4d1cf1143ee142ad66e92c078575c3a8ebd21371d2fd720c9b53659dcd10219bfc24993f68a81a08ab799e6a78b6958242458dfe42ea48c650443f
I: MonitorObliviousTransfer::next
I: GeneratePublicKey::next
D:  sending message (size 0.000512 MB)
I: MonitorObliviousTransfer::next
I: SendPublicKey::next
I: MonitorObliviousTransfer::next
I: RecvEncryptedMessages::next
I: MonitorObliviousTransfer::next
I: DecryptChosenMessage::next
I: MonitorObliviousTransfer::next
I: ChooserDone::next
I: MonitorObliviousTransfer::next
I: MonitorObliviousTransfer::next
I: InitChooser::next
I: MonitorObliviousTransfer::next
I: RecvConstant::next
D: received message: 469b4a67da9e725cf2805ec0beee5859eeaa3de7233fefb0afbb2282f6b524edbfc8b6ebba9bb2071ff0f6553f24c127601431f7ddcef770b3a64435a3eeca805d6367d1d1c4c3d281c89fa30c760e1f2d787f50867bff390d8a6066f39a6e0e85d87a1c8fc34cdd8d13f9c5de9dd8db9d4ef026d5ca138075b4c98519eff05ccef85bc3b1ff00c0a0e165e84c30a4958cd0cf0df942d952c99e1baff8161536cfcb8b3bcee2c733190413539f01813039cb6e837c34359785a9eb0929839934ac4ea4df53a6b367e39f7988658ffc979ce6c94131eb540ff7976b7f4eee765e580d98b15ce7a264142a90ede97a364611ae45a24921662be0c840566bfea14d
I: MonitorObliviousTransfer::next
I: GeneratePublicKey::next
D:  sending message (size 0.000512 MB)
I: MonitorObliviousTransfer::next
I: SendPublicKey::next
I: MonitorObliviousTransfer::next
I: RecvEncryptedMessages::next
I: MonitorObliviousTransfer::next
I: DecryptChosenMessage::next
I: MonitorObliviousTransfer::next
I: ChooserDone::next
I: MonitorObliviousTransfer::next
I: MonitorObliviousTransfer::next
I: InitChooser::next
I: MonitorObliviousTransfer::next
I: RecvConstant::next
D: received message: 67f892e45525430148283fcd498880105e63303ad360b4c10d49406a7345e7e3f8dea9c3463ac04d0bce21353a8786bfa774e5f263454a1f10867a95588b22e3f47232f2b0ea9ad76215a70eba4ffc6a518bc1a52edb50c87cda8bef31f8c1704bdcc8bd4f330c61e04ca7b6ad636917d9f4c0bc8fa16bd5147d6915c8e483c307fb4835961b6fa9b1dc2c1a05aa9e132ad27ca05d5535b2086b9b2106c28b6f0c3bcf8d8e643578cf9fae3f369d4dc83c02ab80d620684f2ac7c6b5532882272ff81116a644a9e8d934b292fb9bff56824ce643ae9b6b5d6b304202b2640ecbe0089602cb61f6f8ab39985f9010d8e96eee42b2773670e650d9c9ab0a6dcb5d
I: MonitorObliviousTransfer::next
I: GeneratePublicKey::next
D:  sending message (size 0.000512 MB)
I: MonitorObliviousTransfer::next
I: SendPublicKey::next
I: MonitorObliviousTransfer::next
I: RecvEncryptedMessages::next
I: MonitorObliviousTransfer::next
I: DecryptChosenMessage::next
I: MonitorObliviousTransfer::next
I: ChooserDone::next
I: MonitorObliviousTransfer::next
I: MonitorObliviousTransfer::next
I: InitChooser::next
I: MonitorObliviousTransfer::next
I: RecvConstant::next
D: received message: 407ac1d11bd730a218bf2a33c09b8798bd8164088297c3d13d87326ac2cce576f4d02db39561cafde6f24d33715d26ecbd29578e205df7e89a490ec6b33859995b24371d7a695c47d0404e2cb0378bfb9e6cea5775b15263c6018c75810bb66724a01d0d63267bfe7de6635c1c6935de7e4028985d4ff5b2bb8f32062a2f2a8e05103be814c3aba2c9468dd80d0d14a9c23d65ea45de9e8719f659b68acefbe508f4b1b0056e91418577561d1efeb30e9857c46e0092fb44307e7a8e2228106ac1ebf97f07e4799359cb0c910aa016ca52c1bc5e31a21cf602e9ca3dba9f14aa3067f005740f163551ce326cfd8f0ad842fcdfc4621a7150ba89998107185ae4
I: MonitorObliviousTransfer::next
I: GeneratePublicKey::next
D:  sending message (size 0.000511 MB)
I: MonitorObliviousTransfer::next
I: SendPublicKey::next
I: MonitorObliviousTransfer::next
I: RecvEncryptedMessages::next
I: MonitorObliviousTransfer::next
I: DecryptChosenMessage::next
I: MonitorObliviousTransfer::next
I: ChooserDone::next
I: MonitorObliviousTransfer::next
I: MonitorObliviousTransfer::next
I: InitChooser::next
I: MonitorObliviousTransfer::next
I: RecvConstant::next
D: received message: e30dbf53cbcedc665f9662247ef07f6f815c72fec246e4a66a63dd90468339a1050ca15fdc96a91f2b9d0f17505e995d0ea93651a8072ed94e24718c4cfcf31026c105659faeae6e6bec4860fce12318b2d6ac16897bb9448c2990685f2664fd6854822b11eca3fa7dfe5a2137719c3bca0735cb1145c4443a9b5bb772b5f29db5fd3f406dfc35a0587e7610c5062ad22e983bc08a6d6945c94b7b1dfc34fd9d5e45fa967d7d7f9f1a1cd03688a6e8814fbe5d4ea9f7ef5ec690e597bfc1d9a9c526f082734346349658c3480b278ff7f082ce59271f6cb279cb04781646001dc88034e6f2eaf6abc0659ecc8b2678507a1538c684821d0642d62fe2658b977a
I: MonitorObliviousTransfer::next
I: GeneratePublicKey::next
D:  sending message (size 0.000512 MB)
I: MonitorObliviousTransfer::next
I: SendPublicKey::next
I: MonitorObliviousTransfer::next
I: RecvEncryptedMessages::next
I: MonitorObliviousTransfer::next
I: DecryptChosenMessage::next
I: MonitorObliviousTransfer::next
I: ChooserDone::next
I: MonitorObliviousTransfer::next
I: MonitorObliviousTransfer::next
I: InitChooser::next
I: MonitorObliviousTransfer::next
I: RecvConstant::next
D: received message: 941a53d3cdb9a8c5ad0f514f519c6d601023e05f40e7d9e2f855d7b90edcaafff97bd7f94703bf8f4d1bd08c6b8ee9fe629ab2de0f97c8278448ee703001a9207699fa92d9a40e56d0343f1923c9834dcd50d39ae01559ca56e3a2c4f0c417c86cd15e2d815b679997b482845727abc80fea685ee3e9c8c6464e5da30ca747d6da9db51ac6d100d21c187cd18c010969bc85bb9c9b49e7fec138bae4ddd75b21ad8225b08f8341777c0fe5d5371420faf17dbe61f7481aa5733839942e8fbb3b336dd3d1d3a8664ea1363ddc2c35abb106b3782db810d1fbe3d59654498bf3f7134d70bc9c73b548b7364ca84764381a4aa166281ab6783192685e89f4b2af7e
I: MonitorObliviousTransfer::next
I: GeneratePublicKey::next
D:  sending message (size 0.000512 MB)
I: MonitorObliviousTransfer::next
I: SendPublicKey::next
I: MonitorObliviousTransfer::next
I: RecvEncryptedMessages::next
I: MonitorObliviousTransfer::next
I: DecryptChosenMessage::next
I: MonitorObliviousTransfer::next
I: ChooserDone::next
I: MonitorObliviousTransfer::next
I: MonitorObliviousTransfer::next
I: InitChooser::next
I: MonitorObliviousTransfer::next
I: RecvConstant::next
D: received message: 60c32290bd550d84334535e52345f76f1ad599840072854bbd040d927de9636840e5f8a9e9316592295fbb42a4c36219ba165183dff3a69cd2d4bfe6c48a15c09e7a078dc93a92411080bee5d707c2065a60ae760c5ae95b9bc821ae0fb7aee14bc0e7728f16f2a095a49d2801164be316f63ff5ca81ef430e4cabb51b860de97c9e8d116de03ffbf545a272bda6fa909bc09ada4b0f68fae487815c3f7cda6a495f5d22aa13fbb4fb89bce5f64ecf2f91492e37a892ec849b28c2ec2e03b848b108150bf23e5e16c8ca99bd90d51a8f833f1201e806523bd7994a507ae4424c2be8b9b56d311fd180881c2f5168f4022d70732a74ee1dee1554d49dcf143d6e
I: MonitorObliviousTransfer::next
I: GeneratePublicKey::next
D:  sending message (size 0.000512 MB)
I: MonitorObliviousTransfer::next
I: SendPublicKey::next
I: MonitorObliviousTransfer::next
I: RecvEncryptedMessages::next
I: MonitorObliviousTransfer::next
I: DecryptChosenMessage::next
I: MonitorObliviousTransfer::next
I: ChooserDone::next
I: MonitorObliviousTransfer::next
I: MonitorObliviousTransfer::next
I: InitChooser::next
I: MonitorObliviousTransfer::next
I: RecvConstant::next
D: received message: e063ceff6a27125d8f5b411c85ef282ab4f4bacfde3083b1954a06b67300d158e58f8d59f6653769024f37e682e45c2776aeb91c494171f8bc6283ca885edfe477aaf064ebd327f1b001c450f49dc8dcf790c24933bd9e047ebaa0525e6ebb5d1f2be31ef2e8dd192f1666b5a513485b896456ad1ea4dbf610baab7599a4bebde93c95cb8beef3aa1dc2d0281cf3bc784c6f0b0d9bc7b887f7aea6f97718ba23ed14628ef9644907370418ed8f3e5a0ed7a5778ddbbe033bd612caf9c93cdb13792b68585c6e5860b387fd7dd7a30e4fad7141dec39751de9ebd5b6036868d21c3b54ebe96915558e47831cf6df6c0b6570f8059cd3fe1cb148392ce68566c55
I: MonitorObliviousTransfer::next
I: GeneratePublicKey::next
D:  sending message (size 0.000512 MB)
I: MonitorObliviousTransfer::next
I: SendPublicKey::next
I: MonitorObliviousTransfer::next
I: RecvEncryptedMessages::next
I: MonitorObliviousTransfer::next
I: DecryptChosenMessage::next
I: MonitorObliviousTransfer::next
I: ChooserDone::next
I: MonitorObliviousTransfer::next
I: MonitorObliviousTransfer::next
I: InitChooser::next
I: MonitorObliviousTransfer::next
I: RecvConstant::next
D: received message: e842b379a24f910e46fb1ba48ac47ab3271c4e9077ad4539bef2006f3a65560b0743d09df58c1ff308a740291271da839bb60a1a173d5fc02f8502bdc93277cd76c6924559d71bec6c90dac3394927c2b21a8470770a3999152c0edfad887aa414f17bf43b3690cb223782239335cd29caff784ff3c8ee315b1c26f2672eaa3a679fec3e8c21d7c2d0bb7820b8022f06bd48190f49bdf8fb5a4bc6ea4df15551815a74ad93d5fa6d12812a4c4034fcdc2316cd960ea5bf891909d9282245c0a03de6eedeec9a50570ae20f0c34ea2f8c5e72d286b183ab59855afd5bfe44da7094358a807cdefaa6d050ecc74063b5d162ca84c339f5a7fffb1612cf82ab2a04
I: MonitorObliviousTransfer::next
I: GeneratePublicKey::next
D:  sending message (size 0.000512 MB)
I: MonitorObliviousTransfer::next
I: SendPublicKey::next
I: MonitorObliviousTransfer::next
I: RecvEncryptedMessages::next
I: MonitorObliviousTransfer::next
I: DecryptChosenMessage::next
I: MonitorObliviousTransfer::next
I: ChooserDone::next
I: MonitorObliviousTransfer::next
I: MonitorObliviousTransfer::next
I: InitChooser::next
I: MonitorObliviousTransfer::next
I: RecvConstant::next
D: received message: 816d423aece0f1714d8ba8bda5722f7721c46c4861e5186fae70679acc26c97fef9277c38db513f068a03bdeaccd6e44299792aeadf9bb23c7a86afadd161085ff7afda752582f16c09368e67b7ed1af20900b52dc7b229c2372125c33c75be8064125fd26d1d2b35354c89f0cca832e8db7b7ed99a6b0082c5b989ddfbf7467d15d13598ba64c5f19bfeae3c5d9829ca32e3ca35eae11360e507449e52dd65007aa4abf2a48ea027fa9c494921a7265a98282da9765a1b66288693943f8bfd699f4a7edc19a16d41c8694eda112f45dd93cd185c0a2d423d51af61d676bc095a6f3a2854f9df99774b0c0028c76c347a363be2d2477d0f22c0b7abe4365bf1f
I: MonitorObliviousTransfer::next
I: GeneratePublicKey::next
D:  sending message (size 0.000512 MB)
I: MonitorObliviousTransfer::next
I: SendPublicKey::next
I: MonitorObliviousTransfer::next
I: RecvEncryptedMessages::next
I: MonitorObliviousTransfer::next
I: DecryptChosenMessage::next
I: MonitorObliviousTransfer::next
I: ChooserDone::next
I: MonitorObliviousTransfer::next
I: MonitorObliviousTransfer::next
I: InitChooser::next
I: MonitorObliviousTransfer::next
I: RecvConstant::next
D: received message: 98a9d6cc5bcbac19e90746fec856945ddc3a35fb3620beda07c3bcc94d005a948fef6023f225cbcb9e632a01e8a63025974b5313cd03ea27d8bbdf24ea5b723b24292b297bed7af9692a32433a62560253f461135b15e3493b706bf09509991d12d1979893f197780db88e520e261b0166b744c7d331840715baa6a2de62bd7c34538e948ee4426f0fbaf00db3f2ff600e11023a815fdaea466630c8656f95ea98801d283cc368f07114a68b023239158d7717b6d35cff313c236414907669bd632998f5a93c7b9baa3ed8587dd491f24723cbe004c4495bd78f303d3b431ad37d11e3a59997eb63de6bd021d24d580fc5da8c56fff2975bbd3d5c1f48d0b161
I: MonitorObliviousTransfer::next
I: GeneratePublicKey::next
D:  sending message (size 0.000512 MB)
I: MonitorObliviousTransfer::next
I: SendPublicKey::next
I: MonitorObliviousTransfer::next
I: RecvEncryptedMessages::next
I: MonitorObliviousTransfer::next
I: DecryptChosenMessage::next
I: MonitorObliviousTransfer::next
I: ChooserDone::next
I: MonitorObliviousTransfer::next
I: MonitorObliviousTransfer::next
I: InitChooser::next
I: MonitorObliviousTransfer::next
I: RecvConstant::next
D: received message: 1ae305f23823b3f640806ea95687758fa038eca741922407078f8ed7bd8017bb4f12fc37a591f3778a0adf192ff6cd474b701756d3966d35e78cba4ec6997af72b22ba4af70fa77c792d0c0a83a9fb79f47ea85fc676c0427aca863c34910301360cf380e9efc84aba84493ecc064f764d5d5b0b4abca645bb171a75de7413f085418fa18dca02224cd4f0b5f6ea1ad994adbd1113514c976da0d86e881387989dd651195b8e63dd83877e9eccf12f3be6cd156b0f51251e316c7c1e8659bd59a20c22e0d39affd46161b4ab17d0cdb3d5ba89124da6ac53d4102466c47e8e64286ada4892213762af51ea3779dec9f4942a15e6f0904390fb39e176a787f8cb
I: MonitorObliviousTransfer::next
I: GeneratePublicKey::next
D:  sending message (size 0.000512 MB)
I: MonitorObliviousTransfer::next
I: SendPublicKey::next
I: MonitorObliviousTransfer::next
I: RecvEncryptedMessages::next
I: MonitorObliviousTransfer::next
I: DecryptChosenMessage::next
I: MonitorObliviousTransfer::next
I: ChooserDone::next
I: MonitorObliviousTransfer::next
I: MonitorObliviousTransfer::next
I: InitChooser::next
I: MonitorObliviousTransfer::next
I: RecvConstant::next
D: received message: 4ebbfc8a0053d8615da37f28be89b96a02470305b8afcb7b5dbe206ea58d7dd898e43fec0920c2524f03fdb7e1e5a05a444841df4f7b1ba2fe52dadbb163884caa9cc420c572671e2ea19cf480de70bb720357dcec3ba776f3fecca6244f54671dcd31b493ae9d477ab304ffd52db10c1265c308552702cabe2dd8138dd1f6b691ce1d2cc1e34ff72213c11e907bdb6a6c49380a37f69cffca64880170fb0457d8531d81e5b4f34e98470f3cfb4c739b30a17a03a827d3dd7a474c12144bd861f9c1510ef20a35980e48b6a44b3f44a7b5fbf5b0b0e8128962e913bd1f1a646b76b3deea50cea6fdc2a5a023d27e835479b347415f4bf462331077d6e44d1f85
I: MonitorObliviousTransfer::next
I: GeneratePublicKey::next
D:  sending message (size 0.000512 MB)
I: MonitorObliviousTransfer::next
I: SendPublicKey::next
I: MonitorObliviousTransfer::next
I: RecvEncryptedMessages::next
I: MonitorObliviousTransfer::next
I: DecryptChosenMessage::next
I: MonitorObliviousTransfer::next
I: ChooserDone::next
I: MonitorObliviousTransfer::next
I: MonitorObliviousTransfer::next
I: InitChooser::next
I: MonitorObliviousTransfer::next
I: RecvConstant::next
D: received message: 4bd86af850b0736cd3b1cd9d35bbaa6345f7df25b36ab22f0d1b06fc3dc71b42852819b73a851012c478f5ffd1aa414c017685fe4417402694904cddd3a49754a72097adf7a43298560ce294810d56dc4d86bb9a4fc7a9fb3f9270232e71f03c4d3dd42ff873e30dd46882e938316f11ab63f8535500b5b3808ab67efc7dda6f0736beac796c74424688c05d031b318d656959d1e95cdd80683857d39c7b1226e650e3b1bda0963b289993e19c990681e62fc25acd73ed8019a01b2d23d36fa212302cb394412cde2865552f2a55182e4a05141627519ed6418200299d827551ece7fc469537fd11e5a8671eeebc98035fd4dd285860e6009f17175b864a787f
I: MonitorObliviousTransfer::next
I: GeneratePublicKey::next
D:  sending message (size 0.000512 MB)
I: MonitorObliviousTransfer::next
I: SendPublicKey::next
I: MonitorObliviousTransfer::next
I: RecvEncryptedMessages::next
I: MonitorObliviousTransfer::next
I: DecryptChosenMessage::next
I: MonitorObliviousTransfer::next
I: ChooserDone::next
I: MonitorObliviousTransfer::next
I: MonitorObliviousTransfer::next
I: InitChooser::next
I: MonitorObliviousTransfer::next
I: RecvConstant::next
D: received message: 14223134e8d1fa8b58697a87b62f74de4350d508477ccf350b40b63ca12dce864996232a003e38ec49495666284bfbb7763bffbfdff0a0fc43e7355f5c8fc4d3712fe759702974d1ea2969b57563d27fcb6bd048fe405e8cd3e5fb6d198dcd0343849be47bded899d52799f0a4958cfa03d8d8213ba880fe6059a997cd59813a07d13e80cf960a7e90d19d33ea7a1f723a5a0490054795662d832e859cfa41a5a6187e81eb0a08024d9c767a150d4caed98c4a139afa1046e63fb33dd448b4f696ca555ce7c6169e90754945563293904e20653a22241f13e1403fc9d6e3d9740073ff9fea5e8b82ade26dca7bde9fe19c35fff3e888399eaea2f1791c0cccf5
I: MonitorObliviousTransfer::next
I: GeneratePublicKey::next
D:  sending message (size 0.000512 MB)
I: MonitorObliviousTransfer::next
I: SendPublicKey::next
I: MonitorObliviousTransfer::next
I: RecvEncryptedMessages::next
I: MonitorObliviousTransfer::next
I: DecryptChosenMessage::next
I: MonitorObliviousTransfer::next
I: ChooserDone::next
I: MonitorObliviousTransfer::next
I: MonitorObliviousTransfer::next
I: InitChooser::next
I: MonitorObliviousTransfer::next
I: RecvConstant::next
D: received message: eb96ed8092bde84969731badd6d68c8b96d5304507c6ca3c189976ff1d9d74cfdb8f86234969c5ad0f26f761af94bdc10bb85984d1ed9a03c6c22a35de6b5a0c24a1415dd682cc46b7c2c28111f83c71aa24580262c7176f5b894b6b36f0965f7bfa76d0307ea0aed2ec35ba7e51918ee2a1cc706d6d089ddf35fa3db2ab0e60702fa5197c7425a4cdfa62872ba9625e7ad403ec52076944f17dd327ab247b566492cc56660d4ded3cc3735f6f7374bea460632373dcf6974dc0f0891f2af28c797cc1b4c384e5861bdf8b44a1e199c5501015e248f385f464e7871b12b944c95d5576ef8d6272c99ffa9393af950dec9eb2d5983ee510b4ced95f6dee94da5b
I: MonitorObliviousTransfer::next
I: GeneratePublicKey::next
D:  sending message (size 0.000512 MB)
I: MonitorObliviousTransfer::next
I: SendPublicKey::next
I: MonitorObliviousTransfer::next
I: RecvEncryptedMessages::next
I: MonitorObliviousTransfer::next
I: DecryptChosenMessage::next
I: MonitorObliviousTransfer::next
I: ChooserDone::next
I: MonitorObliviousTransfer::next
I: MonitorObliviousTransfer::next
I: InitChooser::next
I: MonitorObliviousTransfer::next
I: RecvConstant::next
D: received message: 88d75e8962357eb8aed0c0dc2f7b72d249e316f7ca61f7b3d2b0351c90a9a44972edb71f4064cf5177d20337016ca372d3a7b0d63f52c453975981903f92d02bef421351abcc154eaf8f1f8cc0513b6e1859082ac271fccfeebf8f43e74ab2201e31a2436e23b853853e07d26d9a2d394726c1794381b215fa6fea95681f41b6842fff449e0848106cc50c2da7ecb2a14c0ba2ffabb006fc843fb0c04310b459034bed52f25f7dd69f842619b9a344bc11c7c9188cf16cd565750d2eeb994e852d92363dda497b243b0c40ac40eae3e86fe57b2ee5f3d2300eeec72b0f2c45bde78c38f0d88e8f65deb144f113855e53c4f83477f52991b298248893b575b258
I: MonitorObliviousTransfer::next
I: GeneratePublicKey::next
D:  sending message (size 0.000512 MB)
I: MonitorObliviousTransfer::next
I: SendPublicKey::next
I: MonitorObliviousTransfer::next
I: RecvEncryptedMessages::next
I: MonitorObliviousTransfer::next
I: DecryptChosenMessage::next
I: MonitorObliviousTransfer::next
I: ChooserDone::next
I: MonitorObliviousTransfer::next
I: MonitorObliviousTransfer::next
I: InitChooser::next
I: MonitorObliviousTransfer::next
I: RecvConstant::next
D: received message: 599830956d4d74fea796075d9284bfe62210a4f11cd5c63f6c54592e4ef5d7c329c9e67c03483620ef7300f891da804680d9ec146a7b497d14e6561a5cb7fa3da138777c447fd8443c9e9d99d4e221b9a679cd77db9baff28f41fbc8ed7da00873f4756eb6df97b705529465de975107f96438787fb0520cbe3096419bd258d2b3bb6e1055f7263fd2f31ad1837d57fdf155dec22e17f901e1d54b51be519a70f29d358dcd37ceaee5a05da5ed3972275279fd0e1169b052666498af797213810aa3ac73a1e74df46215eba81819e6bc0b7fcbc769e739e80552567a1204fb81506a9d3657a81e798032e98da96363d1341e4599d749187a726324801726bd3f
I: MonitorObliviousTransfer::next
I: GeneratePublicKey::next
D:  sending message (size 0.000511 MB)
I: MonitorObliviousTransfer::next
I: SendPublicKey::next
I: MonitorObliviousTransfer::next
I: RecvEncryptedMessages::next
I: MonitorObliviousTransfer::next
I: DecryptChosenMessage::next
I: MonitorObliviousTransfer::next
I: ChooserDone::next
I: MonitorObliviousTransfer::next
I: MonitorObliviousTransfer::next
I: InitChooser::next
I: MonitorObliviousTransfer::next
I: RecvConstant::next
D: received message: 33c7551b452115f350e8ff44406715e7969f611ec152770f15ebf3d7f36aff2f21703d0f5454fdaafa031172e699842f41cbbcf52384af4e4addf7908adf49271effa011b20faf0a8769119bb42542ad13c71af0c497ae4215558fb791b10ecbf57e1965b7df11e3482dc763d59457b5186c8dcdf8ff1e3a5ad0c965febac0b6c5e8a02215d89a241882ffd42a3f6743f6b765fd79075edb83615bc13ee837fc938442184012b5d2ae7913705e5c6bb0c0a6963dfeba7b17c9520223e30da028a6ef3bee57b0aa1a097a6d3289dbfa5ebe8a80dad7c454f4f7d720f8b62f4338dc8018efbebc12c1eda50ee26af54a7d24ca491b90f4f966509b315b687d39d4
I: MonitorObliviousTransfer::next
I: GeneratePublicKey::next
D:  sending message (size 0.000512 MB)
I: MonitorObliviousTransfer::next
I: SendPublicKey::next
I: MonitorObliviousTransfer::next
I: RecvEncryptedMessages::next
I: MonitorObliviousTransfer::next
I: DecryptChosenMessage::next
I: MonitorObliviousTransfer::next
I: ChooserDone::next
I: MonitorObliviousTransfer::next
I: MonitorObliviousTransfer::next
I: EvaluateCircuit::next
D:   evaluating gate 10000
D:   evaluating gate 20000
D:   evaluating gate 30000
D:   evaluating gate 40000
D:  sending message (size 0.000001 MB)
I: SendOutputBit::next
I: ==== round duration: 180720.671875 ms ====
I: CopyMonitorStateLabels::next
I: RecvGarbledGates::next
I: RecvSystemInputLabels::next
I: RecvFlagBitLabels::next
I: EvaluateCircuit::next
D:   evaluating gate 10000
D:   evaluating gate 20000
D:   evaluating gate 30000
D:   evaluating gate 40000
D:  sending message (size 0.000001 MB)
I: SendOutputBit::next
I: ==== round duration: 179441.796875 ms ====
I: CopyMonitorStateLabels::next
I: RecvGarbledGates::next
I: RecvSystemInputLabels::next
I: RecvFlagBitLabels::next
I: EvaluateCircuit::next
D:   evaluating gate 10000
D:   evaluating gate 20000
D:   evaluating gate 30000
D:   evaluating gate 40000
D:  sending message (size 0.000001 MB)
I: SendOutputBit::next
I: ==== round duration: 180565.718750 ms ====
I: FaultObserved::next
I: MonitorDone::next
