I: parsing spec file timekeeper+.v...
I: parsing BLIF file synth.blif...
D: inputs and outputs parsed.
D: circuit initialized.
D: connections (#1474) parsed.
D: gates (#14407) parsed.
D: outputs: 16845 16848 16851 16854 16857 16860 16863 16866 16869 16872 16875 16878 16881 16884 16887 16890 16893 16896 16899 16902 16905 16908 16911 16914 16917 16920 16923 16926 16929 16932 16935 16939 16942 16945 16948 16951 16954 16957 16960 16963 16966 16969 16972 16975 16978 16981 16984 16987 16990 16993 16996 16999 17002 17005 17008 17011 17014 17017 17020 17023 17026 17029 17032 17035 16843 
D: circuit size: 17036
D: adding identity gates for outputs...
D: outputs after identity: 17101 17102 17103 17104 17105 17106 17107 17108 17109 17110 17111 17112 17113 17114 17115 17116 17117 17118 17119 17120 17121 17122 17123 17124 17125 17126 17127 17128 17129 17130 17131 17132 17133 17134 17135 17136 17137 17138 17139 17140 17141 17142 17143 17144 17145 17146 17147 17148 17149 17150 17151 17152 17153 17154 17155 17156 17157 17158 17159 17160 17161 17162 17163 17164 17165 
D: circuit size after identity: 17166
I: initializing safe primes...
I: using prime modulus 1552518092300708935130918131258481755631334049434514313202351194902966239949102107258669453876591642442910007680288864229150803718918046342632727613031282983744380820890196288509170691316593175367469551763119843371637221007210577919
D:  sending message (size 0.000005 MB)
I: InitMonitor::next
I: GenerateDriverLabels::next
D:   driver labels generated in 10740.988281 ms
I: GenerateInWireKeys::next
D:   in-wire keys generated in 7351.521484 ms
D: SendLabels::message
D:   generating in-wire labels for 14542 gates
D:   10000 gates processed
D:   in-wire labels generated in 3635.716797 ms
D:  gateCount: 14542
D:  sending message (size 8.922962 MB)
I: SendLabels::next
I: RecvGarbledGates::next
I: RecvSystemInputLabels::next
I: RecvFlagBitLabels::next
I: MonitorObliviousTransfer::next
I: InitChooser::next
I: MonitorObliviousTransfer::next
I: RecvConstant::next
D: received message: 92fa8e47ea6e14125e0deb6dc377cbc7581c34a2f090be26477daffd28f958cc4724f0b2f48aa62dbf025abf1c61cfb13778e9c8d318fd1a36a4796a28e3813778762a3debb6df1729946cc816d61a107bd35d34e9b5fc27a77b50330a8673b8
I: MonitorObliviousTransfer::next
I: GeneratePublicKey::next
D:  sending message (size 0.000192 MB)
I: MonitorObliviousTransfer::next
I: SendPublicKey::next
I: MonitorObliviousTransfer::next
I: RecvEncryptedMessages::next
I: MonitorObliviousTransfer::next
I: DecryptChosenMessage::next
I: MonitorObliviousTransfer::next
I: ChooserDone::next
I: MonitorObliviousTransfer::next
I: MonitorObliviousTransfer::next
I: InitChooser::next
I: MonitorObliviousTransfer::next
I: RecvConstant::next
D: received message: 69dd13262d1331713fc115ee9dfde4b6c9168223c3e17dba7c20632399fdfb90bbe65bedb92744a16cb0851e48e862872bd0cbb2566a816ae3f2e180d808868c2de250e1642778d75140f451ffbf26146a3a7cfda7af81c88ed76ea6550ce1f3
I: MonitorObliviousTransfer::next
I: GeneratePublicKey::next
D:  sending message (size 0.000192 MB)
I: MonitorObliviousTransfer::next
I: SendPublicKey::next
I: MonitorObliviousTransfer::next
I: RecvEncryptedMessages::next
I: MonitorObliviousTransfer::next
I: DecryptChosenMessage::next
I: MonitorObliviousTransfer::next
I: ChooserDone::next
I: MonitorObliviousTransfer::next
I: MonitorObliviousTransfer::next
I: InitChooser::next
I: MonitorObliviousTransfer::next
I: RecvConstant::next
D: received message: cb8cf4678befbd9cba4a298e50dc050adbc264216e83160f6b942a514307a5aac38a3bfeec10f0b1392e5a0887dfeabd06ce1726462b8846c50f58270eb1d2f62882a94192a95da74b52d5c3c66eef6f6c5bc2bd31d8da4a83a0d255c3385864
I: MonitorObliviousTransfer::next
I: GeneratePublicKey::next
D:  sending message (size 0.000192 MB)
I: MonitorObliviousTransfer::next
I: SendPublicKey::next
I: MonitorObliviousTransfer::next
I: RecvEncryptedMessages::next
I: MonitorObliviousTransfer::next
I: DecryptChosenMessage::next
I: MonitorObliviousTransfer::next
I: ChooserDone::next
I: MonitorObliviousTransfer::next
I: MonitorObliviousTransfer::next
I: InitChooser::next
I: MonitorObliviousTransfer::next
I: RecvConstant::next
D: received message: f3998840b0b7a282f8a1a21442825aff36cbedd0be461e9eb5add358242b6c3a18080e51c1c1f076f5edda23df28917b96c9fa20eedaf61b606cc2fb28bc66828d225844c92c1a7f2fef2fd80099e7f598b4ee153c197d4ef223cf99638bd2ef
I: MonitorObliviousTransfer::next
I: GeneratePublicKey::next
D:  sending message (size 0.000192 MB)
I: MonitorObliviousTransfer::next
I: SendPublicKey::next
I: MonitorObliviousTransfer::next
I: RecvEncryptedMessages::next
I: MonitorObliviousTransfer::next
I: DecryptChosenMessage::next
I: MonitorObliviousTransfer::next
I: ChooserDone::next
I: MonitorObliviousTransfer::next
I: MonitorObliviousTransfer::next
I: InitChooser::next
I: MonitorObliviousTransfer::next
I: RecvConstant::next
D: received message: 897affb94c7d7b0ab275200223230f7b6977c3c07d07d7c1d1670548bc8072a56e7324bd5468724fe2ba5be5e12db646b88e4a03eef2a8a2eb0bff2d4ee358b4b37fd52782e2cd91ec8cc850e8cfb36a1d1cf75df07190a999a74fa1b7fbfea2
I: MonitorObliviousTransfer::next
I: GeneratePublicKey::next
D:  sending message (size 0.000192 MB)
I: MonitorObliviousTransfer::next
I: SendPublicKey::next
I: MonitorObliviousTransfer::next
I: RecvEncryptedMessages::next
I: MonitorObliviousTransfer::next
I: DecryptChosenMessage::next
I: MonitorObliviousTransfer::next
I: ChooserDone::next
I: MonitorObliviousTransfer::next
I: MonitorObliviousTransfer::next
I: InitChooser::next
I: MonitorObliviousTransfer::next
I: RecvConstant::next
D: received message: dad437f7245c3de916a9a9125167561d98c7661638d3ef7ffe054b57cff87cb5c084f13e545551ff59eb625fdab1985d768d7b467fb22324a81b624684de62fed4909b695cf97151567faa16bfa4f63f8be2130e0cc0b028aaf797a78b244d39
I: MonitorObliviousTransfer::next
I: GeneratePublicKey::next
D:  sending message (size 0.000192 MB)
I: MonitorObliviousTransfer::next
I: SendPublicKey::next
I: MonitorObliviousTransfer::next
I: RecvEncryptedMessages::next
I: MonitorObliviousTransfer::next
I: DecryptChosenMessage::next
I: MonitorObliviousTransfer::next
I: ChooserDone::next
I: MonitorObliviousTransfer::next
I: MonitorObliviousTransfer::next
I: InitChooser::next
I: MonitorObliviousTransfer::next
I: RecvConstant::next
D: received message: d8c3b85fb12654fbb23517c79531df6a3baa263ac82b393931c7295e95aeca882ab8d14ad07a4f4b707794bd7f1f8e28022f597c06ef4ff2d7a1958724c8952c001f33d266d77831110f019fdaf780ca37900b8c42381e4694c8c05bc10f5046
I: MonitorObliviousTransfer::next
I: GeneratePublicKey::next
D:  sending message (size 0.000192 MB)
I: MonitorObliviousTransfer::next
I: SendPublicKey::next
I: MonitorObliviousTransfer::next
I: RecvEncryptedMessages::next
I: MonitorObliviousTransfer::next
I: DecryptChosenMessage::next
I: MonitorObliviousTransfer::next
I: ChooserDone::next
I: MonitorObliviousTransfer::next
I: MonitorObliviousTransfer::next
I: InitChooser::next
I: MonitorObliviousTransfer::next
I: RecvConstant::next
D: received message: 17aed253d258b7c6c2c5ab70b3c34013dbd863bcb6ea52edc8ff775792ff5f0d5f10a0810ba22685ea5a8708adfa9638eaa399d7b0750ac143ecf89d9a2d3fa9ac45e7d0639fb3ffaac046c4f0817306b1e9d3b42441ab45d28295bb4e9219ca
I: MonitorObliviousTransfer::next
I: GeneratePublicKey::next
D:  sending message (size 0.000192 MB)
I: MonitorObliviousTransfer::next
I: SendPublicKey::next
I: MonitorObliviousTransfer::next
I: RecvEncryptedMessages::next
I: MonitorObliviousTransfer::next
I: DecryptChosenMessage::next
I: MonitorObliviousTransfer::next
I: ChooserDone::next
I: MonitorObliviousTransfer::next
I: MonitorObliviousTransfer::next
I: InitChooser::next
I: MonitorObliviousTransfer::next
I: RecvConstant::next
D: received message: 8fec0e01f317880699453703b4b6eb812733cdcd3db5fadd9980904b10b8d2b7fd6092273c7f274326652181d6e9d658218b870ea43246a564e4686ab6f7429a362f642986911130b32d7fcf11c9a63c9d0e33f735df539a908004dcd4983f94
I: MonitorObliviousTransfer::next
I: GeneratePublicKey::next
D:  sending message (size 0.000192 MB)
I: MonitorObliviousTransfer::next
I: SendPublicKey::next
I: MonitorObliviousTransfer::next
I: RecvEncryptedMessages::next
I: MonitorObliviousTransfer::next
I: DecryptChosenMessage::next
I: MonitorObliviousTransfer::next
I: ChooserDone::next
I: MonitorObliviousTransfer::next
I: MonitorObliviousTransfer::next
I: InitChooser::next
I: MonitorObliviousTransfer::next
I: RecvConstant::next
D: received message: 6064a397f67671aeb7dab8d24619be5add57b0576a6800e2350389b9e01985de4cd22e71da83077da7b5912700ef42d1b0f41e5e3dd0a6102720aff6478ae673ce6c7542f2ce28579f22c9df690192b4f12c1599e8d588b4d330f9aa03a5c00a
I: MonitorObliviousTransfer::next
I: GeneratePublicKey::next
D:  sending message (size 0.000192 MB)
I: MonitorObliviousTransfer::next
I: SendPublicKey::next
I: MonitorObliviousTransfer::next
I: RecvEncryptedMessages::next
I: MonitorObliviousTransfer::next
I: DecryptChosenMessage::next
I: MonitorObliviousTransfer::next
I: ChooserDone::next
I: MonitorObliviousTransfer::next
I: MonitorObliviousTransfer::next
I: InitChooser::next
I: MonitorObliviousTransfer::next
I: RecvConstant::next
D: received message: d6ff6c3e21709f771aaf395a3bbb6419fea635268076981aa51ed6b9b920880bc9592cd30969f84d408e52f77e5563c53d099e71ae6acdc8b338ec90068ddba2a85462e6775699581181c6c65338c322aa580ff4850409870af078bb70134c26
I: MonitorObliviousTransfer::next
I: GeneratePublicKey::next
D:  sending message (size 0.000192 MB)
I: MonitorObliviousTransfer::next
I: SendPublicKey::next
I: MonitorObliviousTransfer::next
I: RecvEncryptedMessages::next
I: MonitorObliviousTransfer::next
I: DecryptChosenMessage::next
I: MonitorObliviousTransfer::next
I: ChooserDone::next
I: MonitorObliviousTransfer::next
I: MonitorObliviousTransfer::next
I: InitChooser::next
I: MonitorObliviousTransfer::next
I: RecvConstant::next
D: received message: d124362256f9e052b87dfc32c9a9156d22a7b501afdc8ec88ec173946da5abfafe814b619152ef55a5dea137b81abd5a18566bf6926404b54e4724fd0355648af6f5102e18302954a5de0f4812be21a9c42a0dd2fb1231b9ceba27f58a8a10b4
I: MonitorObliviousTransfer::next
I: GeneratePublicKey::next
D:  sending message (size 0.000192 MB)
I: MonitorObliviousTransfer::next
I: SendPublicKey::next
I: MonitorObliviousTransfer::next
I: RecvEncryptedMessages::next
I: MonitorObliviousTransfer::next
I: DecryptChosenMessage::next
I: MonitorObliviousTransfer::next
I: ChooserDone::next
I: MonitorObliviousTransfer::next
I: MonitorObliviousTransfer::next
I: InitChooser::next
I: MonitorObliviousTransfer::next
I: RecvConstant::next
D: received message: 9edccff8b8093ff09b4bbe9c670d57d20541255d500cbc22da9e9a130e5ce46821f69c2567ec88197edb77e64527b3b96a0740bf62908cc3d5fbf1c54872df2eea8baed8e7ea367c06f79193b59bffe8a73afeb2f4e94918b126bfb2c58e33cb
I: MonitorObliviousTransfer::next
I: GeneratePublicKey::next
D:  sending message (size 0.000192 MB)
I: MonitorObliviousTransfer::next
I: SendPublicKey::next
I: MonitorObliviousTransfer::next
I: RecvEncryptedMessages::next
I: MonitorObliviousTransfer::next
I: DecryptChosenMessage::next
I: MonitorObliviousTransfer::next
I: ChooserDone::next
I: MonitorObliviousTransfer::next
I: MonitorObliviousTransfer::next
I: InitChooser::next
I: MonitorObliviousTransfer::next
I: RecvConstant::next
D: received message: 7470ea1c569f0fefc3d66ca595f4cac206e2d83049e2f0872a38d96415a4d466747bfc399d69d12d025085dd71e03d632d3802385156b3ddc297435961dfb831e809f128ae68aeb5de4cf63f64eb0ab43e40c56e71e71a0781d274d03e5ad084
I: MonitorObliviousTransfer::next
I: GeneratePublicKey::next
D:  sending message (size 0.000192 MB)
I: MonitorObliviousTransfer::next
I: SendPublicKey::next
I: MonitorObliviousTransfer::next
I: RecvEncryptedMessages::next
I: MonitorObliviousTransfer::next
I: DecryptChosenMessage::next
I: MonitorObliviousTransfer::next
I: ChooserDone::next
I: MonitorObliviousTransfer::next
I: MonitorObliviousTransfer::next
I: InitChooser::next
I: MonitorObliviousTransfer::next
I: RecvConstant::next
D: received message: 2cfc6510b9bb40f4ebb57a5c644eeaab3c075c3c0fd2c04e71184adc350e84dd7ac45fbd9a1463dacf42c4f78d0ec31236418635dd7c0e0afa32df90539ca09ba74d464366b51f53b950ae53ceb205ccaedb752f2ca64d29cd662e75dffae14e
I: MonitorObliviousTransfer::next
I: GeneratePublicKey::next
D:  sending message (size 0.000192 MB)
I: MonitorObliviousTransfer::next
I: SendPublicKey::next
I: MonitorObliviousTransfer::next
I: RecvEncryptedMessages::next
I: MonitorObliviousTransfer::next
I: DecryptChosenMessage::next
I: MonitorObliviousTransfer::next
I: ChooserDone::next
I: MonitorObliviousTransfer::next
I: MonitorObliviousTransfer::next
I: InitChooser::next
I: MonitorObliviousTransfer::next
I: RecvConstant::next
D: received message: 8cd2e1b02f551c33518acca40d516aa006d28214acc7131e0edf27744d40fe06c04c68d5ec961e34c3dface4bee6f23004fa0ba5643467d43d0f567a0d52789cbc00d50844039686e72690bb2a03adc413ad30a32178a2c171af441953ca547e
I: MonitorObliviousTransfer::next
I: GeneratePublicKey::next
D:  sending message (size 0.000192 MB)
I: MonitorObliviousTransfer::next
I: SendPublicKey::next
I: MonitorObliviousTransfer::next
I: RecvEncryptedMessages::next
I: MonitorObliviousTransfer::next
I: DecryptChosenMessage::next
I: MonitorObliviousTransfer::next
I: ChooserDone::next
I: MonitorObliviousTransfer::next
I: MonitorObliviousTransfer::next
I: InitChooser::next
I: MonitorObliviousTransfer::next
I: RecvConstant::next
D: received message: 973a5eed01317430addf707d81be325fbbd3986789c071f8c8293651f293fc365931e87473e386fc93b36b6c0ff10fa414f862591e0e0ae1e0b1472877fa9f32cbd2cf620c72a9f2e09bf51ca971ef94b5f89bd0aea780e59a20e273de572bdc
I: MonitorObliviousTransfer::next
I: GeneratePublicKey::next
D:  sending message (size 0.000192 MB)
I: MonitorObliviousTransfer::next
I: SendPublicKey::next
I: MonitorObliviousTransfer::next
I: RecvEncryptedMessages::next
I: MonitorObliviousTransfer::next
I: DecryptChosenMessage::next
I: MonitorObliviousTransfer::next
I: ChooserDone::next
I: MonitorObliviousTransfer::next
I: MonitorObliviousTransfer::next
I: InitChooser::next
I: MonitorObliviousTransfer::next
I: RecvConstant::next
D: received message: 5856b8259ea8d800d98980400f4175ee2533beb95e94c99b314e6ddb51d82b8c11d651de4d8391be0e24306367cd181a57ac296c742947c1394e544d1422242f5d21ea70c7b1349893daf1d05cdd38cfdcb8df7fe7d256af007ce2baeff6ff7e
I: MonitorObliviousTransfer::next
I: GeneratePublicKey::next
D:  sending message (size 0.000192 MB)
I: MonitorObliviousTransfer::next
I: SendPublicKey::next
I: MonitorObliviousTransfer::next
I: RecvEncryptedMessages::next
I: MonitorObliviousTransfer::next
I: DecryptChosenMessage::next
I: MonitorObliviousTransfer::next
I: ChooserDone::next
I: MonitorObliviousTransfer::next
I: MonitorObliviousTransfer::next
I: InitChooser::next
I: MonitorObliviousTransfer::next
I: RecvConstant::next
D: received message: df23d722098537a327dde2d072aa0d10046bece5efdeb0c52e178cd4d4913ea9310777e46c267ad7101d1d857bb5d3d8eaca54d32cdb1537196601051b26b19cb9d24f03f8136990f6c593bea78a31fd48f39206dc7fda639f2ff0e0257136a3
I: MonitorObliviousTransfer::next
I: GeneratePublicKey::next
D:  sending message (size 0.000191 MB)
I: MonitorObliviousTransfer::next
I: SendPublicKey::next
I: MonitorObliviousTransfer::next
I: RecvEncryptedMessages::next
I: MonitorObliviousTransfer::next
I: DecryptChosenMessage::next
I: MonitorObliviousTransfer::next
I: ChooserDone::next
I: MonitorObliviousTransfer::next
I: MonitorObliviousTransfer::next
I: InitChooser::next
I: MonitorObliviousTransfer::next
I: RecvConstant::next
D: received message: a57d1224f3e537b739d1a9fd81a39a7e8e8654862dc029508c8044fd80b3c395f607dd2ab168ee9d5b1ccfa954c5ffd2a3ba0d73c13ee8f488a0ccfb0aad0a27f092794999b8f0e975993e51ab1067e99b508c13040f2c01dc775562364c0e28
I: MonitorObliviousTransfer::next
I: GeneratePublicKey::next
D:  sending message (size 0.000192 MB)
I: MonitorObliviousTransfer::next
I: SendPublicKey::next
I: MonitorObliviousTransfer::next
I: RecvEncryptedMessages::next
I: MonitorObliviousTransfer::next
I: DecryptChosenMessage::next
I: MonitorObliviousTransfer::next
I: ChooserDone::next
I: MonitorObliviousTransfer::next
I: MonitorObliviousTransfer::next
I: InitChooser::next
I: MonitorObliviousTransfer::next
I: RecvConstant::next
D: received message: e54abf93b3af786af5c30018e3d1baace13e99577b91d0c48dc85b9405d0ca963f668c9a0c80f37c7052094aaa5318eaec8aae20549700ecfd60bb9676794a8774e3da90625ae2044794eb018164611fc6ff549ddfe961341d91ce687662ea35
I: MonitorObliviousTransfer::next
I: GeneratePublicKey::next
D:  sending message (size 0.000192 MB)
I: MonitorObliviousTransfer::next
I: SendPublicKey::next
I: MonitorObliviousTransfer::next
I: RecvEncryptedMessages::next
I: MonitorObliviousTransfer::next
I: DecryptChosenMessage::next
I: MonitorObliviousTransfer::next
I: ChooserDone::next
I: MonitorObliviousTransfer::next
I: MonitorObliviousTransfer::next
I: InitChooser::next
I: MonitorObliviousTransfer::next
I: RecvConstant::next
D: received message: 89700740b9cc78a073ac1835ff35a32c601ce9c921efcceca74bfa91e99427474a65b5e1e0f32e3f397ce803383ff85db20c0870401e96379e9d6daa78cc82e583df4459a1c9c57308fc8baf51a0e489abfa3107e0a79963622e014cb934c91f
I: MonitorObliviousTransfer::next
I: GeneratePublicKey::next
D:  sending message (size 0.000192 MB)
I: MonitorObliviousTransfer::next
I: SendPublicKey::next
I: MonitorObliviousTransfer::next
I: RecvEncryptedMessages::next
I: MonitorObliviousTransfer::next
I: DecryptChosenMessage::next
I: MonitorObliviousTransfer::next
I: ChooserDone::next
I: MonitorObliviousTransfer::next
I: MonitorObliviousTransfer::next
I: InitChooser::next
I: MonitorObliviousTransfer::next
I: RecvConstant::next
D: received message: 762e1365ec8adc5ae83f6bc1ecbf2885e6fbdce94a29801f20807ae066b3a0f83976033f68e306da8034241385ebcd58b15dc78a115ed69acbb05e65448324e213092728a4baa9741fb9db16c2963265e8f1da67877c46bf7e8b90b9b14bf556
I: MonitorObliviousTransfer::next
I: GeneratePublicKey::next
D:  sending message (size 0.000192 MB)
I: MonitorObliviousTransfer::next
I: SendPublicKey::next
I: MonitorObliviousTransfer::next
I: RecvEncryptedMessages::next
I: MonitorObliviousTransfer::next
I: DecryptChosenMessage::next
I: MonitorObliviousTransfer::next
I: ChooserDone::next
I: MonitorObliviousTransfer::next
I: MonitorObliviousTransfer::next
I: InitChooser::next
I: MonitorObliviousTransfer::next
I: RecvConstant::next
D: received message: e02b6be351cca3641d178bb8e539f0d2b9870584d3d4973d6ee972186fb36fc4cab57b7be16bb39d5e7e48d97635856ce05accb24454a5adfe46137698e45eff5d9bd4cb30a6d1e9efaffc127dacdbae4d5c52d6be941e1bb23061feda046322
I: MonitorObliviousTransfer::next
I: GeneratePublicKey::next
D:  sending message (size 0.000192 MB)
I: MonitorObliviousTransfer::next
I: SendPublicKey::next
I: MonitorObliviousTransfer::next
I: RecvEncryptedMessages::next
I: MonitorObliviousTransfer::next
I: DecryptChosenMessage::next
I: MonitorObliviousTransfer::next
I: ChooserDone::next
I: MonitorObliviousTransfer::next
I: MonitorObliviousTransfer::next
I: InitChooser::next
I: MonitorObliviousTransfer::next
I: RecvConstant::next
D: received message: c01a7af251b7174549e7c399cf81c0e7aa8691461fedcb4e4fcb9266a3f297e0a398e71e1681d4fd76ab9d4b7943c7e0b2955a4844a1ffcb72eabb6d5ceb39f66a9a6e04781ffd9bbee3a2959cd03ec2be21a68c918a70cbae19b7896648c5cd
I: MonitorObliviousTransfer::next
I: GeneratePublicKey::next
D:  sending message (size 0.000192 MB)
I: MonitorObliviousTransfer::next
I: SendPublicKey::next
I: MonitorObliviousTransfer::next
I: RecvEncryptedMessages::next
I: MonitorObliviousTransfer::next
I: DecryptChosenMessage::next
I: MonitorObliviousTransfer::next
I: ChooserDone::next
I: MonitorObliviousTransfer::next
I: MonitorObliviousTransfer::next
I: InitChooser::next
I: MonitorObliviousTransfer::next
I: RecvConstant::next
D: received message: 1c09e14a93209180693861fbe217a6224f0ee2a98e7ebae489dcc5eeb3bf706764a5e8cf6ffb84da3c455af40fb3d103a40bcc31dc963f09623d537936b9a8da8db1a93fef61bd5631644964f127a40f14e59b530a675b127348e3615af9f8f1
I: MonitorObliviousTransfer::next
I: GeneratePublicKey::next
D:  sending message (size 0.000192 MB)
I: MonitorObliviousTransfer::next
I: SendPublicKey::next
I: MonitorObliviousTransfer::next
I: RecvEncryptedMessages::next
I: MonitorObliviousTransfer::next
I: DecryptChosenMessage::next
I: MonitorObliviousTransfer::next
I: ChooserDone::next
I: MonitorObliviousTransfer::next
I: MonitorObliviousTransfer::next
I: InitChooser::next
I: MonitorObliviousTransfer::next
I: RecvConstant::next
D: received message: 234327aae356834f844887204614583b9a24d7e6354172d6b104f4d24fd1d67229deff46e71d9ee1008b332b274eaf4da018998058cfe6b3279e6797743196374d8ead12aeb0dd98350b572811f8d44f7cf1190f70e497ca3da4895aea80c210
I: MonitorObliviousTransfer::next
I: GeneratePublicKey::next
D:  sending message (size 0.000192 MB)
I: MonitorObliviousTransfer::next
I: SendPublicKey::next
I: MonitorObliviousTransfer::next
I: RecvEncryptedMessages::next
I: MonitorObliviousTransfer::next
I: DecryptChosenMessage::next
I: MonitorObliviousTransfer::next
I: ChooserDone::next
I: MonitorObliviousTransfer::next
I: MonitorObliviousTransfer::next
I: InitChooser::next
I: MonitorObliviousTransfer::next
I: RecvConstant::next
D: received message: b67a4c38c6097e4d93ce7460bd1c0f5949d77caafcadf3ebc3fe83a75fd21713d80307cc42120ea88413194773f634e99f6196519a5278d7d64e2e01075e25bc51aed6581602eacdf3fa6d039847ddac76f57bf62a8d758f169282193621b0b4
I: MonitorObliviousTransfer::next
I: GeneratePublicKey::next
D:  sending message (size 0.000192 MB)
I: MonitorObliviousTransfer::next
I: SendPublicKey::next
I: MonitorObliviousTransfer::next
I: RecvEncryptedMessages::next
I: MonitorObliviousTransfer::next
I: DecryptChosenMessage::next
I: MonitorObliviousTransfer::next
I: ChooserDone::next
I: MonitorObliviousTransfer::next
I: MonitorObliviousTransfer::next
I: InitChooser::next
I: MonitorObliviousTransfer::next
I: RecvConstant::next
D: received message: 78df3e57411e2c46e92345b696e5d981261bd3eeef468644b238233568c28328b0b9612af748de1f2b0f8d1d299ea3f0f00a622a86e45eabded6e0503c306462133826acdb0aee17dba6481a3c40190763d5a656ed30c47fe2c99c94d7d097f0
I: MonitorObliviousTransfer::next
I: GeneratePublicKey::next
D:  sending message (size 0.000191 MB)
I: MonitorObliviousTransfer::next
I: SendPublicKey::next
I: MonitorObliviousTransfer::next
I: RecvEncryptedMessages::next
I: MonitorObliviousTransfer::next
I: DecryptChosenMessage::next
I: MonitorObliviousTransfer::next
I: ChooserDone::next
I: MonitorObliviousTransfer::next
I: MonitorObliviousTransfer::next
I: InitChooser::next
I: MonitorObliviousTransfer::next
I: RecvConstant::next
D: received message: 8bd7080c618f8397e731426e83b5d25ca213b3fbb794b646c10f0f45e424dbfb43a56440a66c9cf2d06c50c970034667f210409b582f65a992e6310380f58d0fbb2b8de5c03c3a493420a457e1274f8dfa5e360b6eef834e7d4cd5d874846586
I: MonitorObliviousTransfer::next
I: GeneratePublicKey::next
D:  sending message (size 0.000192 MB)
I: MonitorObliviousTransfer::next
I: SendPublicKey::next
I: MonitorObliviousTransfer::next
I: RecvEncryptedMessages::next
I: MonitorObliviousTransfer::next
I: DecryptChosenMessage::next
I: MonitorObliviousTransfer::next
I: ChooserDone::next
I: MonitorObliviousTransfer::next
I: MonitorObliviousTransfer::next
I: InitChooser::next
I: MonitorObliviousTransfer::next
I: RecvConstant::next
D: received message: 5b0f44f185f29a12b98617f31872781e3a6fc0ff8c9e06f3dbabe7013fa6d6e43cace3e3dff9ee3fa9fbe4494ba4580fb9b0251577aacd63a84ee0d7905a5cc742dad46b014cd9821915f22d92c0ae40cf89dfae69d682bd999704e5d41429fd
I: MonitorObliviousTransfer::next
I: GeneratePublicKey::next
D:  sending message (size 0.000192 MB)
I: MonitorObliviousTransfer::next
I: SendPublicKey::next
I: MonitorObliviousTransfer::next
I: RecvEncryptedMessages::next
I: MonitorObliviousTransfer::next
I: DecryptChosenMessage::next
I: MonitorObliviousTransfer::next
I: ChooserDone::next
I: MonitorObliviousTransfer::next
I: MonitorObliviousTransfer::next
I: InitChooser::next
I: MonitorObliviousTransfer::next
I: RecvConstant::next
D: received message: a97ef3c77f0b81c9ef4c6a2838309089b3e81ec0efb7866baca19371e7d672f690f24df922df6fbf71db2321c0a80b477d7db7a8ceb38ec59113b16084050ae6c541c3c46ba2be2c62f17e21456185f0b2b3cc73a1110cd0cc56ebaa68a846ee
I: MonitorObliviousTransfer::next
I: GeneratePublicKey::next
D:  sending message (size 0.000192 MB)
I: MonitorObliviousTransfer::next
I: SendPublicKey::next
I: MonitorObliviousTransfer::next
I: RecvEncryptedMessages::next
I: MonitorObliviousTransfer::next
I: DecryptChosenMessage::next
I: MonitorObliviousTransfer::next
I: ChooserDone::next
I: MonitorObliviousTransfer::next
I: MonitorObliviousTransfer::next
I: InitChooser::next
I: MonitorObliviousTransfer::next
I: RecvConstant::next
D: received message: 50c3690e500d49e623bf502ba18d2dc90105b8711899c5103defa25710713b9d2bde53b84801da8ca71c3339912a534cd0c2f2ae09e518da7f2c954f1de69bc95bf3a9c17068f40c6b9f465f06869e943dbf38a828d504cf31aec81b95075e7e
I: MonitorObliviousTransfer::next
I: GeneratePublicKey::next
D:  sending message (size 0.000192 MB)
I: MonitorObliviousTransfer::next
I: SendPublicKey::next
I: MonitorObliviousTransfer::next
I: RecvEncryptedMessages::next
I: MonitorObliviousTransfer::next
I: DecryptChosenMessage::next
I: MonitorObliviousTransfer::next
I: ChooserDone::next
I: MonitorObliviousTransfer::next
I: MonitorObliviousTransfer::next
I: InitChooser::next
I: MonitorObliviousTransfer::next
I: RecvConstant::next
D: received message: 63b4ebcb43fe70b522b8de475645db4b3b879b9c5432a61fb12c6c1ac3606a632c541d1ef8dbc2d8cee9f662de5ded58e43361d09beae5b32aba13cb24b34d3381745ed55695ee1d1520244d6923923bce2b0b6aeb908e745012d7d76ead8c1d
I: MonitorObliviousTransfer::next
I: GeneratePublicKey::next
D:  sending message (size 0.000192 MB)
I: MonitorObliviousTransfer::next
I: SendPublicKey::next
I: MonitorObliviousTransfer::next
I: RecvEncryptedMessages::next
I: MonitorObliviousTransfer::next
I: DecryptChosenMessage::next
I: MonitorObliviousTransfer::next
I: ChooserDone::next
I: MonitorObliviousTransfer::next
I: MonitorObliviousTransfer::next
I: InitChooser::next
I: MonitorObliviousTransfer::next
I: RecvConstant::next
D: received message: 2c333bf8315e102118991d6fbed78176c23c163e75e20bc44ee1cde9480896fc0cc705d46d39df561ae5369e14c890b31da7395ba232b7f6b74d6bc884cd6c6ad07433dc995a006bb008fb0408a807378046ae2f5e665640659fdd315a8ef608
I: MonitorObliviousTransfer::next
I: GeneratePublicKey::next
D:  sending message (size 0.000192 MB)
I: MonitorObliviousTransfer::next
I: SendPublicKey::next
I: MonitorObliviousTransfer::next
I: RecvEncryptedMessages::next
I: MonitorObliviousTransfer::next
I: DecryptChosenMessage::next
I: MonitorObliviousTransfer::next
I: ChooserDone::next
I: MonitorObliviousTransfer::next
I: MonitorObliviousTransfer::next
I: InitChooser::next
I: MonitorObliviousTransfer::next
I: RecvConstant::next
D: received message: d08a0de845a4afd3abccff2687687349835cc5348f2c7890eaa6789dcce1fabcb9c4dd5536b067c53a0085ed26ea42c57faea3d80f3a943c363261f2b3b716cd508c75f28ef7b2644b8f11504a2ca4fc4e45436d289cd138b133303906625841
I: MonitorObliviousTransfer::next
I: GeneratePublicKey::next
D:  sending message (size 0.000192 MB)
I: MonitorObliviousTransfer::next
I: SendPublicKey::next
I: MonitorObliviousTransfer::next
I: RecvEncryptedMessages::next
I: MonitorObliviousTransfer::next
I: DecryptChosenMessage::next
I: MonitorObliviousTransfer::next
I: ChooserDone::next
I: MonitorObliviousTransfer::next
I: MonitorObliviousTransfer::next
I: InitChooser::next
I: MonitorObliviousTransfer::next
I: RecvConstant::next
D: received message: e774075f9d6d6ba94bcc3bc75f4ef12ce7c6bf13d3bc210fdb98093c81dd6bdc46912c65485b5496be1756a08f3fafc13b717f6f89406d196f94cfaf999adc1172bc16309f0c1249f6cbc05068fe73d3018d66892fce3766eda041d008ed369d
I: MonitorObliviousTransfer::next
I: GeneratePublicKey::next
D:  sending message (size 0.000192 MB)
I: MonitorObliviousTransfer::next
I: SendPublicKey::next
I: MonitorObliviousTransfer::next
I: RecvEncryptedMessages::next
I: MonitorObliviousTransfer::next
I: DecryptChosenMessage::next
I: MonitorObliviousTransfer::next
I: ChooserDone::next
I: MonitorObliviousTransfer::next
I: MonitorObliviousTransfer::next
I: InitChooser::next
I: MonitorObliviousTransfer::next
I: RecvConstant::next
D: received message: aa38ff89f49dd2ba6dc0fbe1b9db7b5d26d09793a087f4f3a02bab7bd8ec7c6f3c01fb7c13b2bc70e0cfb29341f82cd28054f4bd5bc787ac615d0dabfae471ac61354bf22ffa73c30d2752f2e3a2fae92cf43b4190ef57bfaa9b8d84fc7676b1
I: MonitorObliviousTransfer::next
I: GeneratePublicKey::next
D:  sending message (size 0.000192 MB)
I: MonitorObliviousTransfer::next
I: SendPublicKey::next
I: MonitorObliviousTransfer::next
I: RecvEncryptedMessages::next
I: MonitorObliviousTransfer::next
I: DecryptChosenMessage::next
I: MonitorObliviousTransfer::next
I: ChooserDone::next
I: MonitorObliviousTransfer::next
I: MonitorObliviousTransfer::next
I: InitChooser::next
I: MonitorObliviousTransfer::next
I: RecvConstant::next
D: received message: a1faddf145c674db881429a092399eb24ac3fbd8a8168dfd5073c489ae5b798c36d79e9583715830f5582c32e7f130da3e328a237d146c21aefa346ae3cd06a1cafff761898b6aff0b4fc801592e98e939eac61566b5ea4da569a7e1269e4177
I: MonitorObliviousTransfer::next
I: GeneratePublicKey::next
D:  sending message (size 0.000192 MB)
I: MonitorObliviousTransfer::next
I: SendPublicKey::next
I: MonitorObliviousTransfer::next
I: RecvEncryptedMessages::next
I: MonitorObliviousTransfer::next
I: DecryptChosenMessage::next
I: MonitorObliviousTransfer::next
I: ChooserDone::next
I: MonitorObliviousTransfer::next
I: MonitorObliviousTransfer::next
I: InitChooser::next
I: MonitorObliviousTransfer::next
I: RecvConstant::next
D: received message: 7b1cdd52f7adabeff8d44a34ad64367f035ce40246da8ae702ee073ee426f923398dab4923f679f2a0ca8829a4e5b1dc6569b0ed72f88797b02bac5659c7b4480d7e00ed2cde130567c54166b5e32b956b07acd8c3af6148a51c2a09bbf172c3
I: MonitorObliviousTransfer::next
I: GeneratePublicKey::next
D:  sending message (size 0.000192 MB)
I: MonitorObliviousTransfer::next
I: SendPublicKey::next
I: MonitorObliviousTransfer::next
I: RecvEncryptedMessages::next
I: MonitorObliviousTransfer::next
I: DecryptChosenMessage::next
I: MonitorObliviousTransfer::next
I: ChooserDone::next
I: MonitorObliviousTransfer::next
I: MonitorObliviousTransfer::next
I: InitChooser::next
I: MonitorObliviousTransfer::next
I: RecvConstant::next
D: received message: 16a26a988c064aa7e810eed0cf1672685d43c4e9668dc384087e336bdc30b631f4cca9f92cfd8bafab8e48d0bdb9e4caf1beb0e90b104d8be0c607b6383c9ffdddd9f3587b0f6c5c04eb4b22596901e98d6b7faaf5b565085752571aabe2cf85
I: MonitorObliviousTransfer::next
I: GeneratePublicKey::next
D:  sending message (size 0.000192 MB)
I: MonitorObliviousTransfer::next
I: SendPublicKey::next
I: MonitorObliviousTransfer::next
I: RecvEncryptedMessages::next
I: MonitorObliviousTransfer::next
I: DecryptChosenMessage::next
I: MonitorObliviousTransfer::next
I: ChooserDone::next
I: MonitorObliviousTransfer::next
I: MonitorObliviousTransfer::next
I: InitChooser::next
I: MonitorObliviousTransfer::next
I: RecvConstant::next
D: received message: 510f7a98d7d552181a42b73f5ec111966ea75c6f292f1877586f3c46796513f55c2ead4ce87a8bb805f68cc0f42b7a31ce94012c092bc382e949855f565242cc8bd9b7ae6a65f21064eb6ab4b21bbc0b90aa7c65395bb7fece1f33854b160ddf
I: MonitorObliviousTransfer::next
I: GeneratePublicKey::next
D:  sending message (size 0.000192 MB)
I: MonitorObliviousTransfer::next
I: SendPublicKey::next
I: MonitorObliviousTransfer::next
I: RecvEncryptedMessages::next
I: MonitorObliviousTransfer::next
I: DecryptChosenMessage::next
I: MonitorObliviousTransfer::next
I: ChooserDone::next
I: MonitorObliviousTransfer::next
I: MonitorObliviousTransfer::next
I: InitChooser::next
I: MonitorObliviousTransfer::next
I: RecvConstant::next
D: received message: 3342d2965d15e9bbc7e6c93f338426c2e7b40318ba62dd3051711eee6baaf27e9ea21b066cf5f303637e3e55b1e45e74db328e48ff7fb30c58e62fc050e01d4e0cbee9e0afd3003aaee56d7c8c9c30521b129bf1778a7ab94a439e56dca7fd1e
I: MonitorObliviousTransfer::next
I: GeneratePublicKey::next
D:  sending message (size 0.000192 MB)
I: MonitorObliviousTransfer::next
I: SendPublicKey::next
I: MonitorObliviousTransfer::next
I: RecvEncryptedMessages::next
I: MonitorObliviousTransfer::next
I: DecryptChosenMessage::next
I: MonitorObliviousTransfer::next
I: ChooserDone::next
I: MonitorObliviousTransfer::next
I: MonitorObliviousTransfer::next
I: InitChooser::next
I: MonitorObliviousTransfer::next
I: RecvConstant::next
D: received message: c24f20d0c5d6485002a1c6cbc383af47f6aa09bd678e893348eef1c385f793778e1476b7b557b77bf878e16dc730c10ef61957fedbf6fed2a6d740fcc02d2b7d825e287fe8fa5a3035c615e7bd1065574f2bb820dabb64252abb691933b53f7d
I: MonitorObliviousTransfer::next
I: GeneratePublicKey::next
D:  sending message (size 0.000192 MB)
I: MonitorObliviousTransfer::next
I: SendPublicKey::next
I: MonitorObliviousTransfer::next
I: RecvEncryptedMessages::next
I: MonitorObliviousTransfer::next
I: DecryptChosenMessage::next
I: MonitorObliviousTransfer::next
I: ChooserDone::next
I: MonitorObliviousTransfer::next
I: MonitorObliviousTransfer::next
I: InitChooser::next
I: MonitorObliviousTransfer::next
I: RecvConstant::next
D: received message: 47f5ea6563c83ce5d8d7091d36f75b42f137a07404bebbd4f2cb1453abebfb3e7efda1a3b8fbf1e4163b172fab72d9c2130cb3c9b0ac7e65494a16e7d55effecbfdad2c25462290ae5a2f0f1f721ecc5f13e974621caf8e82dfe616dbcdd4bd1
I: MonitorObliviousTransfer::next
I: GeneratePublicKey::next
D:  sending message (size 0.000192 MB)
I: MonitorObliviousTransfer::next
I: SendPublicKey::next
I: MonitorObliviousTransfer::next
I: RecvEncryptedMessages::next
I: MonitorObliviousTransfer::next
I: DecryptChosenMessage::next
I: MonitorObliviousTransfer::next
I: ChooserDone::next
I: MonitorObliviousTransfer::next
I: MonitorObliviousTransfer::next
I: InitChooser::next
I: MonitorObliviousTransfer::next
I: RecvConstant::next
D: received message: effd72e25c79df7f5d30e9e49672182ac0c2545c3b107fb20f6d311cfb4b3974fbea0b12aeb0e576064abe2a47eb1c8e95b13a20a581597e054aff9f988de1f65fe8f39f5131f538c24e82661289192fdff44cbe9eb54b84b3bb6eb2bb81dd72
I: MonitorObliviousTransfer::next
I: GeneratePublicKey::next
D:  sending message (size 0.000192 MB)
I: MonitorObliviousTransfer::next
I: SendPublicKey::next
I: MonitorObliviousTransfer::next
I: RecvEncryptedMessages::next
I: MonitorObliviousTransfer::next
I: DecryptChosenMessage::next
I: MonitorObliviousTransfer::next
I: ChooserDone::next
I: MonitorObliviousTransfer::next
I: MonitorObliviousTransfer::next
I: InitChooser::next
I: MonitorObliviousTransfer::next
I: RecvConstant::next
D: received message: 516e27734df81a9c9465f6f4580a1d4abe6c5d3549a316b124615ada66a3a8a01c966da29c1107bf582cbd13e70b22628a1d77aa408d529b5008527e6634e20d4631521fb2d3b27f09601e81796834d67f4f2848a351ec391d4e7ccf623fd94a
I: MonitorObliviousTransfer::next
I: GeneratePublicKey::next
D:  sending message (size 0.000192 MB)
I: MonitorObliviousTransfer::next
I: SendPublicKey::next
I: MonitorObliviousTransfer::next
I: RecvEncryptedMessages::next
I: MonitorObliviousTransfer::next
I: DecryptChosenMessage::next
I: MonitorObliviousTransfer::next
I: ChooserDone::next
I: MonitorObliviousTransfer::next
I: MonitorObliviousTransfer::next
I: InitChooser::next
I: MonitorObliviousTransfer::next
I: RecvConstant::next
D: received message: 70da700b68d70a27d2009bc8f1f0c56d5c2925e62ad03eefd060d8c58ba56ec20fd7fcf59eac62d1f12975d0abe920f39e2bc2d254cf76abe5e279e2261426113b433e435b3f213a730591c1820661d9d105ab7008181003c771ff685bc0c3d9
I: MonitorObliviousTransfer::next
I: GeneratePublicKey::next
D:  sending message (size 0.000192 MB)
I: MonitorObliviousTransfer::next
I: SendPublicKey::next
I: MonitorObliviousTransfer::next
I: RecvEncryptedMessages::next
I: MonitorObliviousTransfer::next
I: DecryptChosenMessage::next
I: MonitorObliviousTransfer::next
I: ChooserDone::next
I: MonitorObliviousTransfer::next
I: MonitorObliviousTransfer::next
I: InitChooser::next
I: MonitorObliviousTransfer::next
I: RecvConstant::next
D: received message: 14752311faaa1c2a9c93f9125915de36a745cffdc2beeef00a5c93765d964857978a16c2626695fe5a7e3655edd140796d2ed516f5945adc5bfa577b5105ec5942b7fd3b0360379cf28912f46e11bc670b4c72e4760b198a1d1d72784045f36d
I: MonitorObliviousTransfer::next
I: GeneratePublicKey::next
D:  sending message (size 0.000192 MB)
I: MonitorObliviousTransfer::next
I: SendPublicKey::next
I: MonitorObliviousTransfer::next
I: RecvEncryptedMessages::next
I: MonitorObliviousTransfer::next
I: DecryptChosenMessage::next
I: MonitorObliviousTransfer::next
I: ChooserDone::next
I: MonitorObliviousTransfer::next
I: MonitorObliviousTransfer::next
I: InitChooser::next
I: MonitorObliviousTransfer::next
I: RecvConstant::next
D: received message: 2324c85f17137df463da017cad5ca76500cdfa5769fe78f4c94c6f330500020534667d4f1c8380b902a5798275d7a1c7efba61ad606ef97f76cabcb0dba8447f8317893d8322377da8cabfb44a494f71bffa5d53782978e2a85e6819fbb2d10f
I: MonitorObliviousTransfer::next
I: GeneratePublicKey::next
D:  sending message (size 0.000192 MB)
I: MonitorObliviousTransfer::next
I: SendPublicKey::next
I: MonitorObliviousTransfer::next
I: RecvEncryptedMessages::next
I: MonitorObliviousTransfer::next
I: DecryptChosenMessage::next
I: MonitorObliviousTransfer::next
I: ChooserDone::next
I: MonitorObliviousTransfer::next
I: MonitorObliviousTransfer::next
I: InitChooser::next
I: MonitorObliviousTransfer::next
I: RecvConstant::next
D: received message: 6b96554a15799e5082d2568c5a2f9900c6db1ae1da7e1807118f8b6aabd22f2c3ede47c6ed3ceb01260c6752c7ee9fcf87389724a5febb60c3f06f430a3ef934aa8ffb82a71a235920af1aed8f44dd68e371cce94491ead5a2896ae7196a4846
I: MonitorObliviousTransfer::next
I: GeneratePublicKey::next
D:  sending message (size 0.000192 MB)
I: MonitorObliviousTransfer::next
I: SendPublicKey::next
I: MonitorObliviousTransfer::next
I: RecvEncryptedMessages::next
I: MonitorObliviousTransfer::next
I: DecryptChosenMessage::next
I: MonitorObliviousTransfer::next
I: ChooserDone::next
I: MonitorObliviousTransfer::next
I: MonitorObliviousTransfer::next
I: InitChooser::next
I: MonitorObliviousTransfer::next
I: RecvConstant::next
D: received message: 9ed59293fa0807cbec565a40bf6ed11fcc78a01d3f60e1a585ebd7a22201e02dc402092cf6bac0ad1f083296be740dc13bc8c4b220b327409ef3dad6dc5857126b7c49639f6ef3d39123075a376bb6b104de791bfa1ef0befd294ea35dc2c22e
I: MonitorObliviousTransfer::next
I: GeneratePublicKey::next
D:  sending message (size 0.000192 MB)
I: MonitorObliviousTransfer::next
I: SendPublicKey::next
I: MonitorObliviousTransfer::next
I: RecvEncryptedMessages::next
I: MonitorObliviousTransfer::next
I: DecryptChosenMessage::next
I: MonitorObliviousTransfer::next
I: ChooserDone::next
I: MonitorObliviousTransfer::next
I: MonitorObliviousTransfer::next
I: InitChooser::next
I: MonitorObliviousTransfer::next
I: RecvConstant::next
D: received message: ecacdabe28b1cfa0b1d3f645a836edb9e5c8beb78559c9cc55e162c8fe53827a8d2e7c311e070e42e0d60f32390cfffd4862d389786e298eacd263ba70918a1d73f1f5ed78d51df6f5908c68261811c6a4a6ef649e0977ddb5ace12a51ba427
I: MonitorObliviousTransfer::next
I: GeneratePublicKey::next
D:  sending message (size 0.000192 MB)
I: MonitorObliviousTransfer::next
I: SendPublicKey::next
I: MonitorObliviousTransfer::next
I: RecvEncryptedMessages::next
I: MonitorObliviousTransfer::next
I: DecryptChosenMessage::next
I: MonitorObliviousTransfer::next
I: ChooserDone::next
I: MonitorObliviousTransfer::next
I: MonitorObliviousTransfer::next
I: InitChooser::next
I: MonitorObliviousTransfer::next
I: RecvConstant::next
D: received message: d1ed879cc87e1148ad72cd1af2b5d82f75460baeb5336fcad16e9cba00d0619127af6fc9c04b57a2fd3c00adbef2bd897f7608fb4b285cca47c7092a050f0dbd9d6c32178fe99b9ed689853311d65811fde8d261c38d13e6eaf5bc371679797e
I: MonitorObliviousTransfer::next
I: GeneratePublicKey::next
D:  sending message (size 0.000192 MB)
I: MonitorObliviousTransfer::next
I: SendPublicKey::next
I: MonitorObliviousTransfer::next
I: RecvEncryptedMessages::next
I: MonitorObliviousTransfer::next
I: DecryptChosenMessage::next
I: MonitorObliviousTransfer::next
I: ChooserDone::next
I: MonitorObliviousTransfer::next
I: MonitorObliviousTransfer::next
I: InitChooser::next
I: MonitorObliviousTransfer::next
I: RecvConstant::next
D: received message: 66f6338addb0541dd173b94ed8eeabb9dead0120578e286b69d4768e840de9d3788506f5fe28f6c01b0df14ac775dd758d3b5902f3894465e03503cdf0b4815ff114c3f13f006b74c99170b2882f1b64734738c23355f8ccfca4349adf95d46f
I: MonitorObliviousTransfer::next
I: GeneratePublicKey::next
D:  sending message (size 0.000192 MB)
I: MonitorObliviousTransfer::next
I: SendPublicKey::next
I: MonitorObliviousTransfer::next
I: RecvEncryptedMessages::next
I: MonitorObliviousTransfer::next
I: DecryptChosenMessage::next
I: MonitorObliviousTransfer::next
I: ChooserDone::next
I: MonitorObliviousTransfer::next
I: MonitorObliviousTransfer::next
I: InitChooser::next
I: MonitorObliviousTransfer::next
I: RecvConstant::next
D: received message: 3b00e735eb9190567ef9f83634ffa25058d32daec437621e28b59c60674fa1a45bb9f0a26d2240f532dc65fa894efc7edeb200911452b30089c114a8b21eeeeaf7c8534d42420ede8d9f400dcd4a8a50f4ea77dcc663f75540e9fcef092c9ed
I: MonitorObliviousTransfer::next
I: GeneratePublicKey::next
D:  sending message (size 0.000192 MB)
I: MonitorObliviousTransfer::next
I: SendPublicKey::next
I: MonitorObliviousTransfer::next
I: RecvEncryptedMessages::next
I: MonitorObliviousTransfer::next
I: DecryptChosenMessage::next
I: MonitorObliviousTransfer::next
I: ChooserDone::next
I: MonitorObliviousTransfer::next
I: MonitorObliviousTransfer::next
I: InitChooser::next
I: MonitorObliviousTransfer::next
I: RecvConstant::next
D: received message: dcf3d2a8ea2f65c1e1017a5c5254d8f67e4c2ebb20e12a3702dc1ba8e4ca374d2a44c1557a83ab50072c4de6950663d3d13bb785ae6b019b992ef8d84f1881b0966d3b8270b11f0ef1169f3cefda91cb71e41a371e357215246a53569682cae4
I: MonitorObliviousTransfer::next
I: GeneratePublicKey::next
D:  sending message (size 0.000192 MB)
I: MonitorObliviousTransfer::next
I: SendPublicKey::next
I: MonitorObliviousTransfer::next
I: RecvEncryptedMessages::next
I: MonitorObliviousTransfer::next
I: DecryptChosenMessage::next
I: MonitorObliviousTransfer::next
I: ChooserDone::next
I: MonitorObliviousTransfer::next
I: MonitorObliviousTransfer::next
I: InitChooser::next
I: MonitorObliviousTransfer::next
I: RecvConstant::next
D: received message: c34554deff87fe187ff4524b8599c7741b894f95384ccc947b43e9e36aa97a883b5fcb41a3ef9192a7c894c7265e5659e86b9a03de91b7624093def08ad2fe953e917c37a4a28ae86de4b7cc9e0b0adc03300241f55378468fdf1cffb7e8ef72
I: MonitorObliviousTransfer::next
I: GeneratePublicKey::next
D:  sending message (size 0.000192 MB)
I: MonitorObliviousTransfer::next
I: SendPublicKey::next
I: MonitorObliviousTransfer::next
I: RecvEncryptedMessages::next
I: MonitorObliviousTransfer::next
I: DecryptChosenMessage::next
I: MonitorObliviousTransfer::next
I: ChooserDone::next
I: MonitorObliviousTransfer::next
I: MonitorObliviousTransfer::next
I: InitChooser::next
I: MonitorObliviousTransfer::next
I: RecvConstant::next
D: received message: dd7d91ddfa4ee9f3165c7f5fb0e919807e604bdd917c7391366a99a1b4d747e0117606e626433904cda0d63f6241efcfc24b2a9fe0ca2a1cee93fcdbdbfcaac7cef2558af84f3470795a56cca5f6046e00f634f0f77177b2b27197d1427c6254
I: MonitorObliviousTransfer::next
I: GeneratePublicKey::next
D:  sending message (size 0.000192 MB)
I: MonitorObliviousTransfer::next
I: SendPublicKey::next
I: MonitorObliviousTransfer::next
I: RecvEncryptedMessages::next
I: MonitorObliviousTransfer::next
I: DecryptChosenMessage::next
I: MonitorObliviousTransfer::next
I: ChooserDone::next
I: MonitorObliviousTransfer::next
I: MonitorObliviousTransfer::next
I: InitChooser::next
I: MonitorObliviousTransfer::next
I: RecvConstant::next
D: received message: 1b6b11ff80a8019985d4a6bc887eb2b15596b0b4d87d6307773782467b3810b53950f29025c93939d28d46c6ddf7bad3968829ac469d7a8320849c8c2431b2913bcf2842f641ecfe28f4f7d89d9757ff4f0883a3a5c9e20eb75f33bf8717d5ed
I: MonitorObliviousTransfer::next
I: GeneratePublicKey::next
D:  sending message (size 0.000192 MB)
I: MonitorObliviousTransfer::next
I: SendPublicKey::next
I: MonitorObliviousTransfer::next
I: RecvEncryptedMessages::next
I: MonitorObliviousTransfer::next
I: DecryptChosenMessage::next
I: MonitorObliviousTransfer::next
I: ChooserDone::next
I: MonitorObliviousTransfer::next
I: MonitorObliviousTransfer::next
I: InitChooser::next
I: MonitorObliviousTransfer::next
I: RecvConstant::next
D: received message: 57f5636ac47fb72afb3fd21f5e0eceaac6c1774e51bca027785f6375f0c4c541af6291cb66de75fa821427f0fc53e988c5b1d0b5c5617519e8ecbf687e847013701c01d0a76aaba5049ccc6ac7c6d1c659f82a71275c2cfb35d748c4ffa1ccbe
I: MonitorObliviousTransfer::next
I: GeneratePublicKey::next
D:  sending message (size 0.000192 MB)
I: MonitorObliviousTransfer::next
I: SendPublicKey::next
I: MonitorObliviousTransfer::next
I: RecvEncryptedMessages::next
I: MonitorObliviousTransfer::next
I: DecryptChosenMessage::next
I: MonitorObliviousTransfer::next
I: ChooserDone::next
I: MonitorObliviousTransfer::next
I: MonitorObliviousTransfer::next
I: InitChooser::next
I: MonitorObliviousTransfer::next
I: RecvConstant::next
D: received message: f4926e81f3e137c80dbb52c914f0b0b4b79ac064a0ae5801adc8724ed3b863af3112988713eeb9c4bfb6225831afb70d2c20dceafafe89cc2e0f6b4d8f958f2fee4013de2038cae14fc2e8e0f5eddf67d4cab6a9366aabcbf22176104d4ac766
I: MonitorObliviousTransfer::next
I: GeneratePublicKey::next
D:  sending message (size 0.000192 MB)
I: MonitorObliviousTransfer::next
I: SendPublicKey::next
I: MonitorObliviousTransfer::next
I: RecvEncryptedMessages::next
I: MonitorObliviousTransfer::next
I: DecryptChosenMessage::next
I: MonitorObliviousTransfer::next
I: ChooserDone::next
I: MonitorObliviousTransfer::next
I: MonitorObliviousTransfer::next
I: InitChooser::next
I: MonitorObliviousTransfer::next
I: RecvConstant::next
D: received message: 8c7e01237aff866e66044421dc950b3050c98efcac214f54861d4dc4a275abfeffd7f0957254ee710d0b82f5479e4e28165154d3116a7f217d8221de8278cbe135a96abf3b08a142bd50a285c46ddd18e7d49592b69d4b20d975fa704437ac09
I: MonitorObliviousTransfer::next
I: GeneratePublicKey::next
D:  sending message (size 0.000192 MB)
I: MonitorObliviousTransfer::next
I: SendPublicKey::next
I: MonitorObliviousTransfer::next
I: RecvEncryptedMessages::next
I: MonitorObliviousTransfer::next
I: DecryptChosenMessage::next
I: MonitorObliviousTransfer::next
I: ChooserDone::next
I: MonitorObliviousTransfer::next
I: MonitorObliviousTransfer::next
I: InitChooser::next
I: MonitorObliviousTransfer::next
I: RecvConstant::next
D: received message: 2cb545643006cd69a078e28322e8c393b115c3da7f0e8cd0584cac8786a8a5e27f0e6f44bf4fff843746c5a664e6825fe913f3af9883f2c90c188417e64fafc3abb9a30d59d1f42b576a2772f86988a364c2aad73ff0fd6d1179b2435cded488
I: MonitorObliviousTransfer::next
I: GeneratePublicKey::next
D:  sending message (size 0.000192 MB)
I: MonitorObliviousTransfer::next
I: SendPublicKey::next
I: MonitorObliviousTransfer::next
I: RecvEncryptedMessages::next
I: MonitorObliviousTransfer::next
I: DecryptChosenMessage::next
I: MonitorObliviousTransfer::next
I: ChooserDone::next
I: MonitorObliviousTransfer::next
I: MonitorObliviousTransfer::next
I: EvaluateCircuit::next
D:   evaluating gate 10000
D:  sending message (size 0.000001 MB)
I: SendOutputBit::next
I: ==== round duration: 4879.672852 ms ====
I: CopyMonitorStateLabels::next
I: RecvGarbledGates::next
I: RecvSystemInputLabels::next
I: RecvFlagBitLabels::next
I: EvaluateCircuit::next
D:   evaluating gate 10000
D:  sending message (size 0.000001 MB)
I: SendOutputBit::next
I: ==== round duration: 5175.180664 ms ====
I: FaultObserved::next
I: MonitorDone::next
