I: parsing spec file timekeeper+.v...
skipping synthesis, BLIF file already exists.
I: parsing BLIF file synth.blif...
D: inputs and outputs parsed.
D: circuit initialized.
D: connections (#738) parsed.
D: gates (#7056) parsed.
D: outputs: 9560 9563 9566 9569 9572 9575 9578 9581 9584 9587 9590 9593 9596 9599 9602 9605 9608 9611 9614 9617 9620 9623 9626 9629 9632 9635 9638 9641 9644 9647 9650 9652 9558 
D: circuit size: 9653
D: adding identity gates for outputs...
D: outputs after identity: 9686 9687 9688 9689 9690 9691 9692 9693 9694 9695 9696 9697 9698 9699 9700 9701 9702 9703 9704 9705 9706 9707 9708 9709 9710 9711 9712 9713 9714 9715 9716 9717 9718 
D: circuit size after identity: 9719
I: initializing safe primes...
I: using prime modulus 5809605995369958062791915965639201402176612226902900533702900882779736177890990861472094774477339581147373410185646378328043729800750470098210924487866935059164371588168047540943981644516632755067501626434556398193186628990071248660819361205119793693985433297036118232914410171876807536457391277857011849897410207519105333355801121109356897459426271845471397952675959440793493071628394122780510124618488232602464649876850458861245784240929258426287699705312584509625419513463605155428017165714465363094021609290561084025893662561222573202082865797821865270991145082200656978177192827024538990239969175546190770645685893438011714430426409338676314743571154537142031573004276428701433036381801705308659830751190352946025482059931306571004727362479688415574702596946457770284148435989129632853918392117997472632693078113129886487399347796982772784615865232621289656944284216824611318709764535152507354116344703769998514148343807
D:  sending message (size 0.000004 MB)
I: InitMonitor::next
I: GenerateDriverLabels::next
D:   driver labels generated in 68591.078125 ms
I: GenerateInWireKeys::next
D:   in-wire keys generated in 3655.049805 ms
D: SendLabels::message
D:   generating in-wire labels for 7127 gates
D:   in-wire labels generated in 92884.773438 ms
D:  gateCount: 7127
D:  sending message (size 18.432850 MB)
I: SendLabels::next
I: RecvGarbledGates::next
I: RecvSystemInputLabels::next
I: RecvFlagBitLabels::next
I: MonitorObliviousTransfer::next
I: InitChooser::next
I: MonitorObliviousTransfer::next
I: RecvConstant::next
D: received message: f80ef815410f6df66bf20dc4534b251b9d15f12779797a97cb19192dea245cb649e6baea5b0e788f2c46b69a46f31e76d98de2f2df02e1087642d1b2f71ccfd51df5405960568cff8b2a69ef43c700333c18a190d838dd89578406e939984292a295a3002dd61362f780688a003c57ac0809e35595d9385c5d95b4402a9eadad5bdec6d3f8365d3d1f10c868397b2d2b40aa98899621aea20128c29cc0a3f3799fc3802776c5d18dbb0b325bee9f5a9ba50dec50378555ff9e4c498dba222315951e90590f70afe26f536f9725da4611d0ccbfef698df4f863be1163942e92462bda371b163db5402310bcb282be964afdc0f36e5841fea3008a5f049763770a1478de726cfd4060b48365c5c4492f709cf88a3038de0c141cfb85c9825f6ca596b150abb19f19321753cdf5278daa57489aa4bf2ef7666b65dbb64c54e590fb3ac42b8bdeb961db0582a426177bc462890cac0527836bcb27914f1b57ab15ca384b18cc11a7362d984b466e9c0b3e13be92b2ea36dec51f3bb7c4d18e8074bf
I: MonitorObliviousTransfer::next
I: GeneratePublicKey::next
D:  sending message (size 0.000768 MB)
I: MonitorObliviousTransfer::next
I: SendPublicKey::next
I: MonitorObliviousTransfer::next
I: RecvEncryptedMessages::next
I: MonitorObliviousTransfer::next
I: DecryptChosenMessage::next
I: MonitorObliviousTransfer::next
I: ChooserDone::next
I: MonitorObliviousTransfer::next
I: MonitorObliviousTransfer::next
I: InitChooser::next
I: MonitorObliviousTransfer::next
I: RecvConstant::next
D: received message: f6b1497396efedd13c9a43fb6b50dfcd76db4a7868e456919e60e166eaf7ff37f6414f4113377317b14596281dbc4277a659529a499003c1707406e4a6b66f50da3e1146613dbbb6bb6bdb68c357435590fa5f9ba9eb459334f5412fd275a4a289cfa917b0c207dfd565ed0a006cd1181b53179bb0af8779d523a9ca2f25fa2491755dd4838416b9ad81e7c8557426c52872a0066f6425325149a6d7977e68cfe9777e953a8533cacb33d5485b2a2e0797c98ff38d61ef326b156c5ef7d97bace532328843528c6a95c0310e63836777d61f10597c6a57acb38740bb8f61686324394b7de42f713bb91db479121baeb2315ab9bf4a6e6cde2df16e1ebb6ef0ba2e76720e958b2040b4d3323527525111248b8f862e611d538b7027d233a5ce64c64ab5565fba363d05726be9a95426e3d8e8a2584458498a0590a44797732ef1a77c0d4ae29f4aaf58756c5f85fc13ad5427cf0c173568df07a1ee172e566af3463eeef3b3a5900ced0f6039979aeea962ae328a26bd61906b6765114aa949ca
I: MonitorObliviousTransfer::next
I: GeneratePublicKey::next
D:  sending message (size 0.000768 MB)
I: MonitorObliviousTransfer::next
I: SendPublicKey::next
I: MonitorObliviousTransfer::next
I: RecvEncryptedMessages::next
I: MonitorObliviousTransfer::next
I: DecryptChosenMessage::next
I: MonitorObliviousTransfer::next
I: ChooserDone::next
I: MonitorObliviousTransfer::next
I: MonitorObliviousTransfer::next
I: InitChooser::next
I: MonitorObliviousTransfer::next
I: RecvConstant::next
D: received message: 611770bbc529c9684180ecc7114c7479bf25dde4f219ea34635dec0baeea405e0dbd5e45af276aa5aeff965344c1dee54b15e211293e4aaa2b265c9936a038d2025a9259b4f0f4b0c6d52bb79dc6b425347fe32b8b754671cada52b626f95952794be5047e97dca7f22e64ed68d790840bfe0bb426b51cf3966756e7e12bd36eb81301a4219619a4463f09b44d915cfe25ae9cc7ca607ed42334b53e6694503af2e5eb6925b7f8abc9046e90d22abfd8a8644401c65ae913ab03222083f9dc43e1997b9839f4f3141d6cadab46e7df8751770ce95329f9a42837ba1bf498af3124c2ddf2d46d3a645740fdb977e366e9a5f20a9612a8b22845df96774db622ecf52f5ba97e9e0cf51d26f7f45649cef9a745d705e41607aae0b1543065d24d3bf109ad6a88bf43c7476b6f536c4466fe3502a6b7c3e260fb0011f4f14d0cd39c6bb48a375cb58befd5697ea56e169e32e74c94937c23b714a8e0bc3c753079ec1a38eba5190541a2e812859b21a0fa26a998cae4dea4d5ec536f6a71fbbbbad5
I: MonitorObliviousTransfer::next
I: GeneratePublicKey::next
D:  sending message (size 0.000768 MB)
I: MonitorObliviousTransfer::next
I: SendPublicKey::next
I: MonitorObliviousTransfer::next
I: RecvEncryptedMessages::next
I: MonitorObliviousTransfer::next
I: DecryptChosenMessage::next
I: MonitorObliviousTransfer::next
I: ChooserDone::next
I: MonitorObliviousTransfer::next
I: MonitorObliviousTransfer::next
I: InitChooser::next
I: MonitorObliviousTransfer::next
I: RecvConstant::next
D: received message: fe9a25fbb933472dae1a02140859a9a05b867c93d2fec3ed72e17408c0b7eaae293a5d0a800bfb7488e1b67f175d7d33e83cfaacd132a4055d98f4893415ae5f0d950e324d201f1f5669525f890768359fb5ed2665827c354bc79633b43aeea290641cd9b9c29ba01e458d6b8c7d3e872d36169d9ddc9d1c8db531b23b79aedb8ae2a882781eb0972e7d54ceaacea3ddb069963c8aa4727984a5faf024e20a60943b836d25c831c1f39acfbe11f4f5bde12696f93a948c6fd6e9a9dc4be59f25ba13b8d7cc9737c2a37ff94b7692a54cc0e4b37de623dd77b45483cb7e9b7875a0e38bc54699fb82d04edea453dc91faf57311f2ad1b7d078d2c4fb3fe2089653ed92d33e2074f24c352be73a5045c27503770d1ecf640af3e28ab21c5742b3127ea38ce064cbe8a500df85300c1bdd4d591970b96f80309b29b4f5023bcdcd1fadcd3d47b11287c8eabd1558ffc14c1c00a177b5cec4daf5806bd6482963fd27bae0f8f3b3a5b83b77b8769c901a28d26be4b6fa94dbd69c8312eb68f3a3493
I: MonitorObliviousTransfer::next
I: GeneratePublicKey::next
D:  sending message (size 0.000768 MB)
I: MonitorObliviousTransfer::next
I: SendPublicKey::next
I: MonitorObliviousTransfer::next
I: RecvEncryptedMessages::next
I: MonitorObliviousTransfer::next
I: DecryptChosenMessage::next
I: MonitorObliviousTransfer::next
I: ChooserDone::next
I: MonitorObliviousTransfer::next
I: MonitorObliviousTransfer::next
I: InitChooser::next
I: MonitorObliviousTransfer::next
I: RecvConstant::next
D: received message: c47f22f90fa5ea0ce6d2477f3e309ccb9b410e3b1cb05a1fec7222d4a52ab3f6ea0f7965b4ff899a77bcd735886c1b745e5660d2d73e5f203b3dc63b00336b6165a2e51850e7d85349b4c0d9d1a73a1f653cb7bf5c3bcd2d7825fe0c0c35f0cb0b8e0b00260ccdd778715c337900c6fcd45827c005dc1e78b57fd57ee35276aa5a56fd8952f38a03cc836df685f39ebac0332dcb155e6589d6e698baa38a84832f991d498bfdb45a820f2c975fd16b2f6537e02c91d1751e78622d0c1edc096d8841ef292c431aac3c8dcf5d5bbe13a5f438c807f1375f5ece507bc0ef1bcfdb6303a20e0656f30d9c6f4888d74a7a3d773b5890fa878eb83175c8048987201d402f1861ca72487f45e07f7381e48f6732e19e70410756401e51efc7e2079eb966fc0f9c8fcc83e6ae32de6124a9945be523fc5348edc4a8c2045f29399dc87400463e2728f3fcf0de450c12ee12b39f4ded924adf1d3290a378fcdaf0911480a2078c52ec8b8a52b1911e385332f76e539ba53cfa9139a2213f9d8f306946c9
I: MonitorObliviousTransfer::next
I: GeneratePublicKey::next
D:  sending message (size 0.000768 MB)
I: MonitorObliviousTransfer::next
I: SendPublicKey::next
I: MonitorObliviousTransfer::next
I: RecvEncryptedMessages::next
I: MonitorObliviousTransfer::next
I: DecryptChosenMessage::next
I: MonitorObliviousTransfer::next
I: ChooserDone::next
I: MonitorObliviousTransfer::next
I: MonitorObliviousTransfer::next
I: InitChooser::next
I: MonitorObliviousTransfer::next
I: RecvConstant::next
D: received message: a5a85da5b041f1094df53f282f5397798869904a08ccd41315ec1d58dffb5f2762927213bf47739484621e935170e46079a49de476c14b05a4b6cb3d0743101759894b8c50e0f21f54125167708ea7cd0973e2329e92d6d048070c1fb56765830e239ca3abc38e7f99e83d92465da9c0fa1e81f08c27fecc0ea41e7a9fbf9fbca295a9b9b62b7b43949e490971d59e6606c36629066ed19df80f5f2d6e743824af349a5b0bf08f70c8673c1e1fcf85820842b970ad50789bc6d9e10f36d45d4ba6c516d7f5d2d94b5a46c1d6673446e9577dafd3215bbccf7daeb0047021d4c72ffc5233224b5b494b2d4b02a780c2635d32ac482ba89300edc6f8d798d1496fd9c58d0cb7aef1fd37c39ddece37f0f4af9c67d032692a3f907938ea1ba048ecb0d67c7a56059e8a5fe4e2201f51a886dab1cabd2be8169a3c8a7f903bc333e03280b5b467ce860d03291b1b29b994c630a29501967b3c329a84d8e91ba105097573985e986c567d66b541289a4a2b0f99384c62f9e643e9c0ca50fd201c681e
I: MonitorObliviousTransfer::next
I: GeneratePublicKey::next
D:  sending message (size 0.000768 MB)
I: MonitorObliviousTransfer::next
I: SendPublicKey::next
I: MonitorObliviousTransfer::next
I: RecvEncryptedMessages::next
I: MonitorObliviousTransfer::next
I: DecryptChosenMessage::next
I: MonitorObliviousTransfer::next
I: ChooserDone::next
I: MonitorObliviousTransfer::next
I: MonitorObliviousTransfer::next
I: InitChooser::next
I: MonitorObliviousTransfer::next
I: RecvConstant::next
D: received message: 297e13839371c6af1cd62f43aaf4ee7462251ec392e82e43de4da6b6f5be4c76a41e0c7420f2f07d89aeb988e6bc0bc9c1081bb56664b271ad43a3c48b6a9f3913e5b4102c4d71c51e656a65ab228d7383bda33edbc8773a82c55311d87f60449d5f66e0ed6b66d5078f3e19e0ed514b22d67421c57d64f454f981648d801be2323a16b074846dfe6833d0aabfc528063e12530951c9d2c36f3207b8ce61b92232d791545b6a005ffec4666ee88d4a84a4f482fa76827b535b824258cbeb2c62208ec1c23a264288ff718dd0ada7d2ab3d959716a61311842737e2b58a08995b8bb2214307ec3a0efafe63fe306c1e50b4d193c8f62d6c586c583d4e1883385f0fb1326646f11832131c534263c2bab39d018765d7634934333dcb6e176da2f6e7742fa0498af0f3bde57caa6d8ab86d79c359d8016db09c0368a7d3d9728fd815fbb3e9869f3546806f0fe6a1525540a4b889067b0024885d19653bb3c689e2966d6e6064e444f7d570b6a69583314e9c79099a0b8c10592cb443c2db2db85a
I: MonitorObliviousTransfer::next
I: GeneratePublicKey::next
D:  sending message (size 0.000768 MB)
I: MonitorObliviousTransfer::next
I: SendPublicKey::next
I: MonitorObliviousTransfer::next
I: RecvEncryptedMessages::next
I: MonitorObliviousTransfer::next
I: DecryptChosenMessage::next
I: MonitorObliviousTransfer::next
I: ChooserDone::next
I: MonitorObliviousTransfer::next
I: MonitorObliviousTransfer::next
I: InitChooser::next
I: MonitorObliviousTransfer::next
I: RecvConstant::next
D: received message: b543b437a24cfc3684a1b05595a6ee220cedc717305bd07c446e8d5653f1c80a4e18f13198d08954bbdedf5bf9e8ecff08b9a82b87c6e46d4175f133cf2d0c2d136e5d763896864b1713b7d1ca332463c1f9dd3228c09a0fa3498347705e50024fe53bc0783aaafdc3f81d3974d2e845f13c21c8ac59f4be855d814c2f4586e2f80a20c9fad3bb742380bf260e51aefc14614d50788345175c32e7daaf7da1e0973e5ef49e4217465a0e3d78301c502b002e8731187236fd0622af49cdffea734d5024ce22dcd02342b6c7e47c2feba24a049f7e3dcdb3c8069043067de9c65e60a0eda4a4a02a35d6da4d15f37d78680c4afcc07c13921632bd016c63f32bf3f6d5321f1db2c3bb311746b6f033fc26951ea1c2b6973af4d6193dc895e39fdf4ab1794511d993ddc2753208bab359853ae78669da9db82115d5aa65963fe021f5e99744c83db14c08cd1c45503e55c16fea3173aed9149dc248ca5cb72f7ee86f7eeb41276ff15412d22a15fcdb61fa27ea0dd3acf7252b00702fe4d68d570c
I: MonitorObliviousTransfer::next
I: GeneratePublicKey::next
D:  sending message (size 0.000768 MB)
I: MonitorObliviousTransfer::next
I: SendPublicKey::next
I: MonitorObliviousTransfer::next
I: RecvEncryptedMessages::next
I: MonitorObliviousTransfer::next
I: DecryptChosenMessage::next
I: MonitorObliviousTransfer::next
I: ChooserDone::next
I: MonitorObliviousTransfer::next
I: MonitorObliviousTransfer::next
I: InitChooser::next
I: MonitorObliviousTransfer::next
I: RecvConstant::next
D: received message: 35c7dcedb1abed1c4d1c1053c0456e0d63aafe26cbd8116543e723dc726132857d66a510149a6317651d877f1f96b6d527684cc1d665342e077708000b824317ebe23f3732b1a3e08a17c31ee3dce87778b845e41dd3c977b29f76862fb0765cf03546aa6b41253893aac6e079ea418092ccd4f37fa8b829610af6f3cdc75faa05328184d5ed950f5cf2ca60f37ff8c13682d2435f4006ddcc261a6151c8c8e8d120ea788ea9b7ce62711bc10c57f8ad77786bef1199759d911321fce2892446304c5225db7b66a69389ddb3f6365fc678cc750ffabe4276b83247ef761151aeeab137cde8634543cba8f3999c99cef8f7b5ee6d3decae5bd4b3aa7b36ff8c36309201a2a533bef25acdbfbbf15eca37f0ecd33747aa4a64105d1a23435382914a722ffeec5fc288183c908f362f77ce7061452156ab4a7598ada7b5310aa9d0f0d055d731d0575f795f981889f666c0877c40b46a6e3a66884dbcd064f432c15c4eae613107f0adc79a5dd04746649629a1c9a904b87a30395953db01498b7c
I: MonitorObliviousTransfer::next
I: GeneratePublicKey::next
D:  sending message (size 0.000768 MB)
I: MonitorObliviousTransfer::next
I: SendPublicKey::next
I: MonitorObliviousTransfer::next
I: RecvEncryptedMessages::next
I: MonitorObliviousTransfer::next
I: DecryptChosenMessage::next
I: MonitorObliviousTransfer::next
I: ChooserDone::next
I: MonitorObliviousTransfer::next
I: MonitorObliviousTransfer::next
I: InitChooser::next
I: MonitorObliviousTransfer::next
I: RecvConstant::next
D: received message: 4e593f370d8cb0222e946d7b5f7e9035aa83ecd34cc6216c7cc10d633a8f62a2ac37df9f59beb4321cf6890a63860f35f3d81864dc57578193aa71a8820c84bc5ab3785568e3977efe5f0be21ab54c42d2bf3a34177035b6972763aad7a097bea2b84ba461a3608e56c440291fcda415089ebc51c1182947f24bb8d8f6292fdf716022dd4850ef70b5b2b2bb1a93da4e19bd36801731c5c8a54c81ee8704a24b6a006833631667bac00f8328dc415df78a73549bb3e663e0be42fe7341d3b2068777d04aa6553291968fbcf866c82befc485d8ed6d06e3fe2feaa26991ee76b46f1b53c3b6547fcc67d8c6b0c92f991f43e553096ee910c07de2e9d1c43b935ce0a0a15a15759d84222cff1aaf5eadeadf09a7e8940d5ea543c774f7b6685b767a12ff4228df30a8281039f91c43a62512c0af5cf1774320d919648d55647bf85dab2772c0549c3eb2fcf8bf62738a63ba4f21c2263b1c63a76765b362844ec8500d885a57ff51fc6f8250fa2c8e6d9809945ad1b6d4b7b4e4c14d706d765ed5
I: MonitorObliviousTransfer::next
I: GeneratePublicKey::next
D:  sending message (size 0.000768 MB)
I: MonitorObliviousTransfer::next
I: SendPublicKey::next
I: MonitorObliviousTransfer::next
I: RecvEncryptedMessages::next
I: MonitorObliviousTransfer::next
I: DecryptChosenMessage::next
I: MonitorObliviousTransfer::next
I: ChooserDone::next
I: MonitorObliviousTransfer::next
I: MonitorObliviousTransfer::next
I: InitChooser::next
I: MonitorObliviousTransfer::next
I: RecvConstant::next
D: received message: ad1d4cf1309addb95f055f7f430ed4eeb7a3df2a035c72a9af59d7af30bb12ad9932124590655c941153b5327b1028231e71fa36e3af0117403d81bff02f1004197a0d641640896d9e27cd28a371710010abda6e3f7506047a90704ac9a039eae3131a75fcd524c1d8e0b105e987b542fa9e537b018184cc18ca0841b2151c551fe477f412b8f4a3971b835f5b6f6020fde35b68b758ac0f40b57a537482e9d126ce21c410af8d6e3423bd306760d00dda34b7fc2f24fd4e760c9a58fe3502ac732a42b0e03f2a62d1effb00364596342209c2be0e576c5e207e27234eb468c148cfab97e8dd8cb8f1feecc338ec7d19d23a1ff68fcd4591aff641c27f332e89b07beb2c4938b6c57d6aadb99bc12b709abb543381d897463a0f5b3e3fcbf1bb38013bea4bf4e522d3fd4bb274dc3cbdb183070e658a4d4aaf19c5088ef54c9350111970b91a0e102ccf5f58dd77926deb5d6f703d46047555f2c7c870dba00e466b6b51afbf878c2463432a2175ffbecc547698028450645287535872ad48e
I: MonitorObliviousTransfer::next
I: GeneratePublicKey::next
D:  sending message (size 0.000768 MB)
I: MonitorObliviousTransfer::next
I: SendPublicKey::next
I: MonitorObliviousTransfer::next
I: RecvEncryptedMessages::next
I: MonitorObliviousTransfer::next
I: DecryptChosenMessage::next
I: MonitorObliviousTransfer::next
I: ChooserDone::next
I: MonitorObliviousTransfer::next
I: MonitorObliviousTransfer::next
I: InitChooser::next
I: MonitorObliviousTransfer::next
I: RecvConstant::next
D: received message: ca7ce5575202080cc2f1878c61951fb1c1c1ba5e406cc38ae5af7603f2057ad1b75c09f62eaaf3f3c10b9b1bcc9fdda45d37a7b8c04b1ab4b846c66175e031403c1a77736e5f2159090e9aaf70b0ceb101aca2fe7bdebeed7386f4b8215d6319c077bb983f58d6a39dda55519c871baf98db62df3012b1b8570bf9b55b1361e51ddc53d53562382a963854dd4c04ea0b1b9eefe2c8ff4825f55ffd084f27e40538fc4b96f86c403b1c78a6ae223f4cb9dccdb9381feb2de26375ef9ee54a6e030d68729147ad0f45c396eb8a75ad54af8c43a5447b0b1a7fd66a6d50eab7e126944cae12e09a131b5acdd981ec35642f544a7c51ddcc687c8ee2cf5a9ed1d699b71617d235e9a5955b590faa738d3ae1d051c611e0413dee7c83b7cf0540abe3a5114c030951e229f34d59af8bbccdee399543de0fec3b21f5828e077ce52d1306609131d234ead0b93efad7b514d03150d9b3c390bf894cca3ddd476d7bc1f03b66d038f431db76dc9764b137297f6386e61a671a1c0950a7144a6a0825ad8f
I: MonitorObliviousTransfer::next
I: GeneratePublicKey::next
D:  sending message (size 0.000768 MB)
I: MonitorObliviousTransfer::next
I: SendPublicKey::next
I: MonitorObliviousTransfer::next
I: RecvEncryptedMessages::next
I: MonitorObliviousTransfer::next
I: DecryptChosenMessage::next
I: MonitorObliviousTransfer::next
I: ChooserDone::next
I: MonitorObliviousTransfer::next
I: MonitorObliviousTransfer::next
I: InitChooser::next
I: MonitorObliviousTransfer::next
I: RecvConstant::next
D: received message: f397b8af24dbe7349f2d0962fccc787ab9fdb07c59226b7fc0814462bf97b5b941c5178d33c509569dfbf0918aba3ea177fc23b0cd430dce68787ade79825a9f606ac657667b36a9c2eea8d8136f1df3b2736b2c6c15d8b2f0aa44b63be1a8172bde51079640acf95817ffe00bfd4b9b93cf014fb12f0877a6d3721db91fdcdb37a1744bdedab6e83c7f34c412871f33355ca8b116d22ee486f1a235890e20e9bb9eed48fa0a99d829e681a17c9c831d736013dfe48ae21af464b09da6e0c36e034a6e1823a6f11cb2056a6332278de796c54789ee0788bf2a47ef1aba965e5fdea4618bc61c095507eda8a3fbb6546473724e761aa55a383ce30eb9eeff1a65516632a00000b0252c4bd72f4a35a461160ea5d7fb806f6492bf59bec0a598c9040e14f267a9b704b92599f0d8a7ae8f0425f1af2836b56cde95f00fd24281ecec323629ef783dd8a98073ecfc291cad5e21dd86dc62175ae61e491e4b12f34ffaed6c6ea23c15150f1fbc61cc17839dfccfefbf7d7fcf01e64b5d4bbe7057f2
I: MonitorObliviousTransfer::next
I: GeneratePublicKey::next
D:  sending message (size 0.000768 MB)
I: MonitorObliviousTransfer::next
I: SendPublicKey::next
I: MonitorObliviousTransfer::next
I: RecvEncryptedMessages::next
I: MonitorObliviousTransfer::next
I: DecryptChosenMessage::next
I: MonitorObliviousTransfer::next
I: ChooserDone::next
I: MonitorObliviousTransfer::next
I: MonitorObliviousTransfer::next
I: InitChooser::next
I: MonitorObliviousTransfer::next
I: RecvConstant::next
D: received message: d5c726b683d34ec2d994e0a8de6676d2377fe6be696c76ab381cf09169d96c5b4b36e0e66c117a6eefbb32e721a779865bb7c0f546f28af389e0be98e52b9b692a94fd80f65668b7f6d221b5473e56339a7b862e557ab83bf7edbaecfea45a5afd8955ae0a86aae9c6e39c836ea06d0fe3ba61ddbe403e7dd342aee844fde5d977b312cad74f94d9c2e9f3453750345116d9ecbe3f6d9bb44da03a1ad3a366b820787657b38942ffd9457f594d3b4432fbeb173dc0fda129337b81913a5db6c61cda67e0c34b2d5e4056fb7b17ae028ffd2e797b7abd2585429124d51ebc9cb89691c37a7474fc913f3e08e46aa89ebf5dbedbf086e34d96822880edb0029e370d7c93f551e0e6ae29fb2332371be164fe3b4f9f7e4eedad70965dad6aa82974cc97f46a4e22dabbdc5898b7e589ec767b810b91fc520b3ebfb93d31ff4fdf16a07c4a60aeb0aa32ee08560e6936f320f6cc0549b11cfe84edc12c289a62ebf782d85498423d07c8a3eb5dc754adc64d301f812328a0bed8bef1998d3daefc0e
I: MonitorObliviousTransfer::next
I: GeneratePublicKey::next
D:  sending message (size 0.000768 MB)
I: MonitorObliviousTransfer::next
I: SendPublicKey::next
I: MonitorObliviousTransfer::next
I: RecvEncryptedMessages::next
I: MonitorObliviousTransfer::next
I: DecryptChosenMessage::next
I: MonitorObliviousTransfer::next
I: ChooserDone::next
I: MonitorObliviousTransfer::next
I: MonitorObliviousTransfer::next
I: InitChooser::next
I: MonitorObliviousTransfer::next
I: RecvConstant::next
D: received message: a0466c10102345ef2947e7bc29a838fdc159c938cfedd801631fdc0bfe50514e443fe3185a8c72eaf61136b18beae48c5ff8181b6b56e2544a92795ada3ed91c648e5f703d127acb6f5d0964d6ca067a0e80723c08562e3da99e2f02afd11c37f7fd585d473a0ebdc8b0021404c862d9b42fd0cd4a27d5bf36fb8e61bbfa157c63f804fe015f8c4bcb8b87e6c3deb1839d96a79100b651554cfb8cdd54d1f09f260da546dea874a79b512a77b5cca8f9875a2b4635a204cab05b21f5a667f95e0e38b1c94ae8eb75f98de77138bfdb042d75f892c0c7b2d357704872a866c37e8d092545ac77e14f30412da2502a2f957a48360757a496710a2fafa50c53d8132c9666d8bc1d3fd7e737141417ecfb23330661fbcf9c5b233659789f2d0391fb7b59f16c8318895d0786f5f94e275b9b15ddc03b3e4784e703769d4746d003cc3e6e885f8098871831a268b9cf8a2bd812a94ad1b27ede70815959199015837e6faf4a4b09d8b5e0258d735e8adb579494fe96cb7f10dd0c315e53150c926f2d
I: MonitorObliviousTransfer::next
I: GeneratePublicKey::next
D:  sending message (size 0.000768 MB)
I: MonitorObliviousTransfer::next
I: SendPublicKey::next
I: MonitorObliviousTransfer::next
I: RecvEncryptedMessages::next
I: MonitorObliviousTransfer::next
I: DecryptChosenMessage::next
I: MonitorObliviousTransfer::next
I: ChooserDone::next
I: MonitorObliviousTransfer::next
I: MonitorObliviousTransfer::next
I: InitChooser::next
I: MonitorObliviousTransfer::next
I: RecvConstant::next
D: received message: 8fe73468c98f6e82e8c6d3de1a6c57385ff1b66970ae9f92e7cd984b5472292ada8c9f6f3f174c9abcdd7a454c14c2f10fb8f09a32b9e14ceffedf39cc7e3e56becc0dedfcb78d89b1c6b045ec490556871d22ec47362d055188e48b436c6c27ff9c2e9a12c8f309909083708dd07b458f20c91f36b704902b96630a747f0f62c5a9dc1c6641367c91ff19db5e8e07487fec18d540d949f26a6e06dbfcd41c1a040694753601a7347cdecafdf2b0d0577cf58d374f0871bd2839d046fca3065c4ca0b371b9e02036dd4ec3d69f904eda35d4d649eef7870e00d96f62864cef16c1f93a143250e0f77c2f0c731a9bef2a7cc25eeb3b8f4d6557b1350626e6824bd21bb341dd12eae1158f33597fe97cb715f5d63f4012ad62a83fea5d7e0103b5e1fb22f230788c1d874043442b859585b75cced81d44b379f5a28b95eb3589db3d5cf17a7715357fed132c5816bee7eb2301ac8b5d3080eb6e463a9982fd358c20d6df445ad61dbc93675282b4c6a356633410b27512ebc95c8d694a277d6b6e
I: MonitorObliviousTransfer::next
I: GeneratePublicKey::next
D:  sending message (size 0.000768 MB)
I: MonitorObliviousTransfer::next
I: SendPublicKey::next
I: MonitorObliviousTransfer::next
I: RecvEncryptedMessages::next
I: MonitorObliviousTransfer::next
I: DecryptChosenMessage::next
I: MonitorObliviousTransfer::next
I: ChooserDone::next
I: MonitorObliviousTransfer::next
I: MonitorObliviousTransfer::next
I: InitChooser::next
I: MonitorObliviousTransfer::next
I: RecvConstant::next
D: received message: 48df9f612146c423dd13b1b6574667b0eb937824b10c0992378aa0394dbdb19e6b5709b70d9f40c83d9c430547f27a5884df0a362b22262507cf0ea0f4588c3e627de7276bd3b669942bc6efbfa159aa8fbc65a6778ed1541ba46bb047ceb77bcba99f0c22ce5865f102a79e03eb5e783fc67d54fac6942a6150d5481a8c0b9c19122dc2152ff091e11e39a70dbd7019e474e9836773f3aca42b6370acc0426e6474c3b4a0ed11f136194585f5d38d8c22393a664f7b517eff556d2b6ea7c44b4d15d444957e0d01ffea6ffeaa76f3a7c0ccf5bd39e9d8e10c8e1ffe02d54da4e53fa0c10f0298564d5e81d0c357b3343bffe5a03de80ac6c65148b99814dfbc9a952aca960f8ff7921484a18762344cfb293b8d8209c6376b63d3090c7b96e25487c06e4abdedeff0a501e37769b181a45f36acdd7d24f308a29083230849e1d746fb07537eea95a3fc648f9fba958298b1c10b8433e84d994c825dd3b8aef604abef3fea55ad566e3e32bcb0d8d677ca815f705bc367ea4bfbdea618d73820
I: MonitorObliviousTransfer::next
I: GeneratePublicKey::next
D:  sending message (size 0.000768 MB)
I: MonitorObliviousTransfer::next
I: SendPublicKey::next
I: MonitorObliviousTransfer::next
I: RecvEncryptedMessages::next
I: MonitorObliviousTransfer::next
I: DecryptChosenMessage::next
I: MonitorObliviousTransfer::next
I: ChooserDone::next
I: MonitorObliviousTransfer::next
I: MonitorObliviousTransfer::next
I: InitChooser::next
I: MonitorObliviousTransfer::next
I: RecvConstant::next
D: received message: 3c4d6b596370201335aea001ce03d1224d5e32369ba32b9a85c568835240dda38d2d93ea67b0affb17a0f7eaa4917041686e3e3785d7627508ec1a84c1379eddd5b797b80e0e80120c771f4be6629ef2d4d5d4d2eb603bb4485b381904d541da358f238d3275e1ca5a09d968068306662e0e868e3eec034de90310d3c57ba3ddd168a35cd90bb44a326dc21b4b4f61af0ad4cbbce160b8eb0977ec0b4f3f11b62e0c021b6c7c7c0bf4cc4b868f3fe35e2ca8773f728b590fcb82a6d8fff5c3dde83b2dcc62beeddf01fe071d123947e521a58904fbd4310dfc982b38d2074ef1e69f4c8496278bd0fc90e3b00101bf1b5bc3d06ccd63aea6d0e381da42b2df2302e206a0e4f8f71d0d800b9adbad342109f0fab8427c93f040178854a3db01b22b81ad6635354d9bca6638f628d531dce0d10b38e6ff1667b33eb0837ba297fe83bc0fc7d474cf013672b4e22ae576c50bc130590dd39a5c590e4e29670bacfc56b7bd45d8b1501b4fdb4df7ff25d6ac54f3d4058c06b7162ec0c6c1cc744161
I: MonitorObliviousTransfer::next
I: GeneratePublicKey::next
D:  sending message (size 0.000768 MB)
I: MonitorObliviousTransfer::next
I: SendPublicKey::next
I: MonitorObliviousTransfer::next
I: RecvEncryptedMessages::next
I: MonitorObliviousTransfer::next
I: DecryptChosenMessage::next
I: MonitorObliviousTransfer::next
I: ChooserDone::next
I: MonitorObliviousTransfer::next
I: MonitorObliviousTransfer::next
I: InitChooser::next
I: MonitorObliviousTransfer::next
I: RecvConstant::next
D: received message: 3d2d8d8e54c4c0f3526c8e1159a384780528e31fd0fe01f811df1e66c78828cbe846eb9684b611d3b7c9cc5fbb24896ac03950c490c01de9165f805843db9014340b009d2c1ba89f1f04e5a4c24ebd9e54cb10734d75831024b12f32fb3fdd28d399387c67462cd104dead73f011ba122cb444735aedb5187de13fc6aeae13a98547eaacb563a18d5df95c39e7100cf6cd0bfdb9099cc3d5ff3923452115bc009822aff22b2c87ed5dda6945ede7376e8c363bb5fe7b510ab4fe7df70521a9cccbfeadd8f92f38c7caa9c2b85a8a81d53cefef1dec97f2743954cd785c96b213d73a385d050f48e35d16fbe98d28424d9f4ef48269f3a669fe16adc420cecc4f5875dbd65fe1495cbdec07d58220da0e98c653e7b215f06324528899a8bcc5a4645a73b4f12f5b5f911aecb4df632f40935d9c9565af254250cf162918d67b8e3162031bf4ee1003e73556f7f58def7b00f19924e7e9138caf48612d1e158d9b2dd32c2b7d85f9111b6f5c9fe3d46f1facf77f3922cc84aebffe2ae8a5fc430e
I: MonitorObliviousTransfer::next
I: GeneratePublicKey::next
D:  sending message (size 0.000768 MB)
I: MonitorObliviousTransfer::next
I: SendPublicKey::next
I: MonitorObliviousTransfer::next
I: RecvEncryptedMessages::next
I: MonitorObliviousTransfer::next
I: DecryptChosenMessage::next
I: MonitorObliviousTransfer::next
I: ChooserDone::next
I: MonitorObliviousTransfer::next
I: MonitorObliviousTransfer::next
I: InitChooser::next
I: MonitorObliviousTransfer::next
I: RecvConstant::next
D: received message: 35471e1127f18fb99d7c28593076c165bbf6d37ae50c5b189392720b7d3d8ae4b4c905dfd2c6c12122aebfb956d10d7d3879938005bc567242c1fe6ea0ea42dda3517ebba5fae6216f39851954c3a2dcb420c22c207819dbc0b0b39c29b0f115bb23aa97b43b45626d61e29bfe7bbb6b4d6d87eed1339dba62814076b976df815babe812ca55d86b4cf70c8d6e5071804a61220679ac14545b2393c4c651c2a638eb3d3487fe375094c3d0e75ff9911881e7cf23dcd8669d3fd20b3ca5fa2151df7972654a6d41ebf9f8551084ec23f6ed2ddb1ea2cdcf080c25bf1789770b72b0b2b9cb1f690468aacf30735616f63670d6af297f886b1b9fcab5fd059a07009c7ad646e39c9838d9de9f69d72ed5ce544df0aa60e5941f84242fb962be2df65b57bb312be9586cf3039bf7070f5255920621c81916792eddec4bec3f04cfbf6e1d60ce22ddb53afcfc737523b3a4955c10f1dfb4440f27045ce8a7b88381689ed83b2d7c0ec5e878b68868bd84c7f9e1a22ea391af71c2a86795f7e231a313
I: MonitorObliviousTransfer::next
I: GeneratePublicKey::next
D:  sending message (size 0.000768 MB)
I: MonitorObliviousTransfer::next
I: SendPublicKey::next
I: MonitorObliviousTransfer::next
I: RecvEncryptedMessages::next
I: MonitorObliviousTransfer::next
I: DecryptChosenMessage::next
I: MonitorObliviousTransfer::next
I: ChooserDone::next
I: MonitorObliviousTransfer::next
I: MonitorObliviousTransfer::next
I: InitChooser::next
I: MonitorObliviousTransfer::next
I: RecvConstant::next
D: received message: 1eb181681ad2600ac5da1db85361c574270b2d1dcdb6def561f5705b2e93ea43c1607c10f0d23013e252d020f29fa00dae36b43268b44f58126b70bc7236182747f70e3ce74f7902476a6f29ba7db96c4dae5d74ce2db6fddfbb8ea156fe6b5c7dcdcef903b497456fd383880995fdbbf83d7dbb603f5526bee8f6864e10bd5fc0eab1d088b9ee42cec5b9ac5c39fe0d1757865ce0866fd97eb03109f368f8ccb0bdd6ca2dbe63269d0d2a2f746992fcf0a8b11e35ac4be41b0aa8af5a7c134e12426aa8cbf312e5b7057d79b99219a3fb9f62e59395031dcb7725f97c6d2fa8ce0194d6d8206b9e52576858f044ddd6b8ec703d0a7d263fb328bec409e451e3dd82a8aa936b98f5c458eb5f1fcc3c10e7e4780178d1572b582344456d7628788ba5b560153a4a5485f157ae2218ad1cf9026d00dfb01a79f99ba69951eadc9457e07fb39d3f05b57e519b055efeeb9bb45393b12dd997493b4c96474ec27a9e93e1d09724d35b502f098c421251eb1a5635a626bf8365640c876545b8607788
I: MonitorObliviousTransfer::next
I: GeneratePublicKey::next
D:  sending message (size 0.000768 MB)
I: MonitorObliviousTransfer::next
I: SendPublicKey::next
I: MonitorObliviousTransfer::next
I: RecvEncryptedMessages::next
I: MonitorObliviousTransfer::next
I: DecryptChosenMessage::next
I: MonitorObliviousTransfer::next
I: ChooserDone::next
I: MonitorObliviousTransfer::next
I: MonitorObliviousTransfer::next
I: InitChooser::next
I: MonitorObliviousTransfer::next
I: RecvConstant::next
D: received message: 2e1651842797c3adc5537a84b74d2a0a6362fdc2430a4c4339f58ecd780c6aa378b2f89defc0e296e8441b431b2ee9fdceeac42ea4657bb6a00bfb4abf33b10312d7dc2d1d5d7ec93d8a88867726aac0f0ec33add75cc983613414f0a1819d4d022d11b0bd09dfcb45eb4a6eeddaad8e8a44ce3f2bde1e1cad19c48fe2b08ced06a1dedd24eeda424950d8ee6f4e369a8478fe8a03b729d8361c7f5873a0cd5b47118aa8061db0fb6c281ad0f275e3eb3ea4382f51e536ddca5c8d698d9edbc6ed5bedd778336688caec1bfc46dcff50b044fb8293450f02bb31e11163e7f34cae5b75ad65372648a6b7d319daf96610240ccb07d26cca05b09a6cca127266e1980fccf37743b274eab26248833e893d886d332c4524c896e2396fcd16ac37b10b4bfd7802685bdcff9fbb3317901d736f6416310fbafa04d43c21f943f520f9e155d4999115efb283513955e25c36c6411e84dc5a67dc9ae4ebf8261def61f91c3559a5454ad63660d7702d2188d3cfe97b1f0d5496e493bf88080c3cc672ae
I: MonitorObliviousTransfer::next
I: GeneratePublicKey::next
D:  sending message (size 0.000768 MB)
I: MonitorObliviousTransfer::next
I: SendPublicKey::next
I: MonitorObliviousTransfer::next
I: RecvEncryptedMessages::next
I: MonitorObliviousTransfer::next
I: DecryptChosenMessage::next
I: MonitorObliviousTransfer::next
I: ChooserDone::next
I: MonitorObliviousTransfer::next
I: MonitorObliviousTransfer::next
I: InitChooser::next
I: MonitorObliviousTransfer::next
I: RecvConstant::next
D: received message: c6206bd6ed457ec04d5b2841d93d0a92997c7cd0bccdcdfbd0c0792f86abfa12143375c63bfaf458f239712f89d15b1677e258c6aad4663e495e387e51abfed0dc7cbf412b6ffa535bc0503158308d0dda67883e6d3fc70eb19b975e8aa1c5ff5aa3e33b77edbae16ee34620d4c8390cd89c8e662fc12f4495fdd8acb02840aac296df771803eb5d647cad6fbaefb84c772a0cfef964cb55ae48606b96d90fd80e0a84f6b5cee4514d28f21747025ad70e0df6fcc1ae5ef04a1b57456830c2412324682c7b152e46c38041c77f1443703a0aeab025a91c4b7c8f2f3784fc4096cd94607f876eace0983d5cbb64e6ea4f076e3d49a0232474ea0edfd9a9ec237b0eb3e3aead557e0417c920dea58f154841e79b1fa83047d234d662b3a671eda1362fb76930b355b52994dc92229a8359d2aa96db32a9e9489644c5fc0cd79708e185512ce6bf2a6e32c5a545f69312cf61cfe5ca7807e698992e7dc461942f2a3bbcdeecb501ce46e197d4503c6015bd015c3c034c4c5692acd0eb74b3287456
I: MonitorObliviousTransfer::next
I: GeneratePublicKey::next
D:  sending message (size 0.000768 MB)
I: MonitorObliviousTransfer::next
I: SendPublicKey::next
I: MonitorObliviousTransfer::next
I: RecvEncryptedMessages::next
I: MonitorObliviousTransfer::next
I: DecryptChosenMessage::next
I: MonitorObliviousTransfer::next
I: ChooserDone::next
I: MonitorObliviousTransfer::next
I: MonitorObliviousTransfer::next
I: InitChooser::next
I: MonitorObliviousTransfer::next
I: RecvConstant::next
D: received message: eb5f5a09e46379bd978756a1171c6581b1f725b9b0ff83866d03022c480e846379450a7ec1a63164e4c08e4e66ab9530c5456fc1a4f56c682b9e27ce4b2165887116550263984e7578ad9771bd723c278ce6c68a1c18b55e221630471fa12a74eb533d6992427aed2464dd96bf4095c1bcad29a237bcec07e8968b9770d9a17512758cd952400d9880dedb6744eab0a2ac6ebfee26b8d75874423a337e64a7b3b8c46f97efc951c5fcf14e88d716113281903b11a967535bbf3ea5332d6b230d25629a61d4f61f9b4b147c6488731abfa072f835c1c6e7fa029c5a466c2ec959a82ca3c6e456cef0557b928e44f39c4d11b21f1c8dd80ada0b543d3494323650804d30daf5741093e7d0e30716928ce141e1c965bf318025680669216a63a6f28bdccb1800308a8c55200fe5edc76caec1aef70c21d63f84eb1bc189fa363d5e26a07c5718b01f9308bdbcf1664ce244116fa01e4decb216c8bbef621c250acdbc3613821d52aa3599ea650c866cda60229d55912fdb050e55513db9f42bc5fa
I: MonitorObliviousTransfer::next
I: GeneratePublicKey::next
D:  sending message (size 0.000768 MB)
I: MonitorObliviousTransfer::next
I: SendPublicKey::next
I: MonitorObliviousTransfer::next
I: RecvEncryptedMessages::next
I: MonitorObliviousTransfer::next
I: DecryptChosenMessage::next
I: MonitorObliviousTransfer::next
I: ChooserDone::next
I: MonitorObliviousTransfer::next
I: MonitorObliviousTransfer::next
I: InitChooser::next
I: MonitorObliviousTransfer::next
I: RecvConstant::next
D: received message: eec8ed36aab972ca4fee212af02091efafa3be9b434ec10b15632c0b89992a7f702d6f9d10accc901bd12c61751bf3d1e072274d315836454504bd2bd13eb6f416754e81869f977eb1ecd8c43b19372dea3b6eac9d13e15af6f9381c4d862d537737f063f06b972c59ec7a6298b9126eb6e0b30dfec6f6d7447f1a0e621425e6119ed4a58ad98aba68169edb5b7b54c34448e28512d90b2857d1ac0fc37105b68c8fcae04a094a116d24eb74bf37af12cbe1ee6a33cf44dfd1f2a89ca2d02c01e18c9b5e03574ccebf152d48ded0f0c4952000c2a3e832a60c9c7ca5c793124838b31549d6785fe7daad428a0744fafb739209dad1ac9bdbd5f735cbd4ad08bffba2f0dd52391d270e5e97ac558eba1ef3ddc98169a5cbed71a7c081096c4cfd68550aceb01900d385605ec328607654396df48cf270d6d680504c1acfccb975cdd939ff74a6a5e50591b85c1e7be4a81161a3f5c2198e276c270b19d7e8dfac67772ee3891ab082f4f2bb1a1d316ed7d8c5002855e28933503352947428adde
I: MonitorObliviousTransfer::next
I: GeneratePublicKey::next
D:  sending message (size 0.000768 MB)
I: MonitorObliviousTransfer::next
I: SendPublicKey::next
I: MonitorObliviousTransfer::next
I: RecvEncryptedMessages::next
I: MonitorObliviousTransfer::next
I: DecryptChosenMessage::next
I: MonitorObliviousTransfer::next
I: ChooserDone::next
I: MonitorObliviousTransfer::next
I: MonitorObliviousTransfer::next
I: InitChooser::next
I: MonitorObliviousTransfer::next
I: RecvConstant::next
D: received message: 6f2d8f9af185b29ed57226f642af4a629627f1c788fb1ad7c0a01ac227d2c9c11910baca906f09dbb46a37b58678062bff5aac6ffb7818821558e483c693ee516df2cc952313718d3b3d3bce850fd575ae532398ddc29990e5b4c6d1dfcdcc0ae29ac7a7a6406a78327135149ae98ea199b5b8b38d2aa79706b5948088c39f567de5b10c23eef7c4634423dde4580e93f14c09b94ccfb03d22138039d805ba35b6543641ef45df66daf6ebcee182506e4e7c1a1870e9b8972f6e284dd871c865342c9a4e070eca87563d6b0127cf79c1250be934306919bfd6f089319ec3474b3e8406522bf987ef3d6d3ba129de4456d3532d14859ce3658631f4545a3f8ebe659061cd8c63291895e5debd75f41f188781eab8cd19fe4eee20bbce7ed7884344a88829fbb358ba346fca24b7702c4ba547a892519b6ae59acf99538b1315b269c8a7115c6d8d3aa3e944dfc6fafe1c14b1bc4b57db4065f6cd0ed3e832c03c248bbc4afd43ebba0209571408472d5eed504a21edf5b545f591d59471f24734
I: MonitorObliviousTransfer::next
I: GeneratePublicKey::next
D:  sending message (size 0.000768 MB)
I: MonitorObliviousTransfer::next
I: SendPublicKey::next
I: MonitorObliviousTransfer::next
I: RecvEncryptedMessages::next
I: MonitorObliviousTransfer::next
I: DecryptChosenMessage::next
I: MonitorObliviousTransfer::next
I: ChooserDone::next
I: MonitorObliviousTransfer::next
I: MonitorObliviousTransfer::next
I: InitChooser::next
I: MonitorObliviousTransfer::next
I: RecvConstant::next
D: received message: 2b0fc91f717f3cae5f4a6ed0ad2f48b830d951c3fbd7b2e7eb988708cb485ce412f2c6a44fd5b0aa014425a712e9fdd7550ff53b9147b3b30cf1c9690efd5149fab813d25a7a7e05ebea1365a81c91ac1e9402f6150cd18349fd13c2b786c94edd891359ddc92f5d315e7ce5cfd98b11833c13db47bc8228f05e52e52646e02b44e626e01550b80fd604b7a566745b1a36936f128cb72cadae49e31daeb8d14180726375e182ae7a5e762cf4e3280ad3637f0d187af049348687b0382127766824481f9d11f6ea482fddb17598822220c09f2d77e073a208473192a2745736bcf8c4be08eb096396fb5c75af4debeae8bf3eed4184435177629ba5c2546a3a8e3810b4edb82ee71c368a1aacd876c8aa717a9a81c62943083f7164bcdf1de5d14d417158225a1e7c188f6b73459c23f5ceba969528c9e53d60380f86e06dd752f3f4c174ed9f34d11aff416b78dc9a70130475054400dd68219a603e6536945cd13d7fc6f5ef0492a750aaf240a7fc950824579501e6e9afee22d5967b9b991b
I: MonitorObliviousTransfer::next
I: GeneratePublicKey::next
D:  sending message (size 0.000768 MB)
I: MonitorObliviousTransfer::next
I: SendPublicKey::next
I: MonitorObliviousTransfer::next
I: RecvEncryptedMessages::next
I: MonitorObliviousTransfer::next
I: DecryptChosenMessage::next
I: MonitorObliviousTransfer::next
I: ChooserDone::next
I: MonitorObliviousTransfer::next
I: MonitorObliviousTransfer::next
I: InitChooser::next
I: MonitorObliviousTransfer::next
I: RecvConstant::next
D: received message: b5138345424986e528b878c3be076f55156c99d25266bb46c1aa8ab91ce3dbdf8e2cef8b112562c9e3a3044daf11722d7f71a8ef597f559f54f15aa8abc9a7662ca892beb818efde54dbd9c497fea0190c33ca930bd998d92a3bf4fb5de2787061c2af14e1cd85de8939e4435a56b5b691602a04c32ae6dbb4a44840b3990e9e70de0ca11b9f408b07517b756745ef1df8179a91c25c1a7c75c52525a9c9c6338e2264aa81818b5efc70b7ec61fc57d2ae0adab7286f2f245cb3b6605bb80ecd8274d73071ebef80452699a684cb48e6ff2f82116a6884315c2966997e340a13da09d6583303fc8c83afb858a1ff959c8011f504c9b2ea529b59a1d435b17b948c16edebe55112917a0a3edaea2dfbe65e8fb82ad51705ed5f6f7a040fc884e8ff7636eb14ace90067d8ba4fa6727d8a60abe624d3de66de027d19e0568b33e2bf1039c82df310e4ef71d1b0412c9d3135d33e144096ad8a8a6fe4329084b8ede5b1081b17052c6a352935cbc74902fdb30a6f2372a697ad7be7357700a3a50f
I: MonitorObliviousTransfer::next
I: GeneratePublicKey::next
D:  sending message (size 0.000768 MB)
I: MonitorObliviousTransfer::next
I: SendPublicKey::next
I: MonitorObliviousTransfer::next
I: RecvEncryptedMessages::next
I: MonitorObliviousTransfer::next
I: DecryptChosenMessage::next
I: MonitorObliviousTransfer::next
I: ChooserDone::next
I: MonitorObliviousTransfer::next
I: MonitorObliviousTransfer::next
I: InitChooser::next
I: MonitorObliviousTransfer::next
I: RecvConstant::next
D: received message: 65b6670bd0103f8bc10248430ec224135c700f2c0971489d24f74262aa9ad34361ae21d386aa9e123043b8e2b4ad228439def8dd5f15bd7353e78a383e6a904d9535438358492e3dd02ab2ff5d3d1e128a181109ca05a47393d73ffddfd3bfcdebb1fd21e885e3252462d18d1fbbea46f2a265551acdfb1b3019c3693bd459c5997b8caebb834ba625524ce8e549e6b61bb7f84620a0ffd010d19af896472288013f7f4781ace7b2355facee3415d7dc95430dd0383f949a740e22b916789b5b97c8891437d14cf2350e61062cc89fee5674121a6bf773177879dece3e4cf4384fada9f5071213d3315a37ebc344f9a8daa7b66c4748e222596707734738775b6fbc412cfdc4ee2283c8f44b1585d8c5da1def1a0caf289784e732bec78e83ff9c19726e53cf99bb40ac69941e6ab8a0faf1e1b473e4d255522cabb8f86da77612861923fb0129b23a4984092679d275a159fba1eb86d70d8fe0363385e369fb3538dc6b055988185e3972a64e95003503fb8a34d79834ab33201397ed4a83f2
I: MonitorObliviousTransfer::next
I: GeneratePublicKey::next
D:  sending message (size 0.000768 MB)
I: MonitorObliviousTransfer::next
I: SendPublicKey::next
I: MonitorObliviousTransfer::next
I: RecvEncryptedMessages::next
I: MonitorObliviousTransfer::next
I: DecryptChosenMessage::next
I: MonitorObliviousTransfer::next
I: ChooserDone::next
I: MonitorObliviousTransfer::next
I: MonitorObliviousTransfer::next
I: InitChooser::next
I: MonitorObliviousTransfer::next
I: RecvConstant::next
D: received message: b52187fd0bffd2c8af3f8c8962143fc0073f04c298d3c59d28123b0c64b230f2a1ec5cd2be9ca97b8c2c42d78cb4faaa22cc3e92476c02c97ed26c0e0d7d05090288384a8b213db6b4630de1ebac32117a864c4cca7885842461c377ba92aacf9ab18b1b7823b6be1b1ef84b70b4fe51c77b99f53a7995fbecfc4b19b77723f8310f3ef657c0c08efec5f324d845c68cec2f5a044b83cbf357af9c7d7a4fb9b678ca7adc6e5e47e84be39ea725f4459908b7023a2d5521c179cde70c24f27363bad0e548d06a601094c01a15841c107e1940c2771604855af8ee5a3963212df4a2052a311737aa17427f33c404085dc56abe76221a2934e7ec2f8dc6e804517187a99c2782eedd19214bad7837f886d1a64e77f265c5227b986785c486e83520432742765c4630157061b01230d671ca1a1a68de08e98880359bb5b8b2459600aae312b4af5d747310876b1e8ace23d461f039958be0c0c9df04c302f6f3f49644c0f61f6d2e372948dc2877434c1f2d2b12f0fbb26b43ae0144b2679940d8d
I: MonitorObliviousTransfer::next
I: GeneratePublicKey::next
D:  sending message (size 0.000768 MB)
I: MonitorObliviousTransfer::next
I: SendPublicKey::next
I: MonitorObliviousTransfer::next
I: RecvEncryptedMessages::next
I: MonitorObliviousTransfer::next
I: DecryptChosenMessage::next
I: MonitorObliviousTransfer::next
I: ChooserDone::next
I: MonitorObliviousTransfer::next
I: MonitorObliviousTransfer::next
I: InitChooser::next
I: MonitorObliviousTransfer::next
I: RecvConstant::next
D: received message: db6a591edd8e9af3a3824e30ec37341f10f3ac62d6142ca4b5095f77ca0b1e667c22c33810170a60c3af612d2dc028526f60aed52f0b0473e0182ae3f64e88c54d23de5def06c91618a0376ca0668634123a1a27735b5c7da92e62ed050b531f4870e349d5dd6ed1001514c0bf81a372d501f70d94f4d9964fa70e42a7b1bdd994c0590683aeb109c3a1973785946a5ccd26549e5d701564999780c0570531169046afefd0bc34def8c498d1888572c3879e8e0dd4e75f3e4a736d35ec83666c6c6bc5dbcb135acb6710d4ede9fa1ebe227aee3f5b4c0fefba001fe26ebe65c92b9d244db1182b8cee56ba21ededf90bd99467dad700a44c2a79fc703ae8c9d330e31791dee8c7bc535d3af96a93c6c932909d767e91475089d22ba6bec4422f27d7d2493135a5fe4e23346ef6b7169d37235f6122a2709db98243401ac4619184e7e7fff86377b44dd4b9a947f4a9b9322cd1fa4772dbe35860012742abdfbca2c194c02b6ddc3b4ec681d8d48582d236bde206b861b7cb19c69f47034df8cd
I: MonitorObliviousTransfer::next
I: GeneratePublicKey::next
D:  sending message (size 0.000768 MB)
I: MonitorObliviousTransfer::next
I: SendPublicKey::next
I: MonitorObliviousTransfer::next
I: RecvEncryptedMessages::next
I: MonitorObliviousTransfer::next
I: DecryptChosenMessage::next
I: MonitorObliviousTransfer::next
I: ChooserDone::next
I: MonitorObliviousTransfer::next
I: MonitorObliviousTransfer::next
I: InitChooser::next
I: MonitorObliviousTransfer::next
I: RecvConstant::next
D: received message: c2c7bd5b2cca25038926ddca6202bc789dafc30a5ddd96c8af6833cd3c2a9b020065f09d83eaa842ec1f7777a9314a82b970625659c17a95f162ba8f4a1b2566d1efa4016d65de905cea2b0652db8df09850406fcbdecc517f09fc78a623382f25e51450c9af73252216c8ae14530704444f369f82acb766824b68b3b0d188c0114f9292a3e45d6ae094ddd2f4a961ae307fef2c10e03a5f95f186057a77a8d0ac219401cd4674e83999f206e86244fdc66dc2bfaebabfa7b3ae10fd51ac8699c31981f4bbaffe700274908b518ae2c40945b65c1952d463c68b34fecf811ec805daa30d05da5e59f43b16292e4806c12ed128de4b1bd49cbd23d5578628af0b2a298f7dc25f8678d6fdcd82f0414aacb222f2de930e420a9ee533bac8958b5ed153757625337c9ce6140b10d2be032b0b7132397ccf26c7dc68bdccc0aac73ab5406bbda81da5bd791da86f1096553a8d014bd9dff33ee0b537658bf209eaef584efdf98c11a530dbc42a425e979cf391e4f50afc226a4bb4e79809efc65f84
I: MonitorObliviousTransfer::next
I: GeneratePublicKey::next
D:  sending message (size 0.000768 MB)
I: MonitorObliviousTransfer::next
I: SendPublicKey::next
I: MonitorObliviousTransfer::next
I: RecvEncryptedMessages::next
I: MonitorObliviousTransfer::next
I: DecryptChosenMessage::next
I: MonitorObliviousTransfer::next
I: ChooserDone::next
I: MonitorObliviousTransfer::next
I: MonitorObliviousTransfer::next
I: EvaluateCircuit::next
D:  sending message (size 0.000001 MB)
I: SendOutputBit::next
I: ==== round duration: 95199.773438 ms ====
I: CopyMonitorStateLabels::next
I: RecvGarbledGates::next
I: RecvSystemInputLabels::next
I: RecvFlagBitLabels::next
I: EvaluateCircuit::next
D:  sending message (size 0.000001 MB)
I: SendOutputBit::next
I: ==== round duration: 94875.593750 ms ====
I: FaultObserved::next
I: MonitorDone::next
