I: parsing spec file timekeeper+.v...
skipping synthesis, BLIF file already exists.
I: parsing BLIF file synth.blif...
D: inputs and outputs parsed.
D: circuit initialized.
D: connections (#1474) parsed.
D: gates (#14407) parsed.
D: outputs: 16845 16848 16851 16854 16857 16860 16863 16866 16869 16872 16875 16878 16881 16884 16887 16890 16893 16896 16899 16902 16905 16908 16911 16914 16917 16920 16923 16926 16929 16932 16935 16939 16942 16945 16948 16951 16954 16957 16960 16963 16966 16969 16972 16975 16978 16981 16984 16987 16990 16993 16996 16999 17002 17005 17008 17011 17014 17017 17020 17023 17026 17029 17032 17035 16843 
D: circuit size: 17036
D: adding identity gates for outputs...
D: outputs after identity: 17101 17102 17103 17104 17105 17106 17107 17108 17109 17110 17111 17112 17113 17114 17115 17116 17117 17118 17119 17120 17121 17122 17123 17124 17125 17126 17127 17128 17129 17130 17131 17132 17133 17134 17135 17136 17137 17138 17139 17140 17141 17142 17143 17144 17145 17146 17147 17148 17149 17150 17151 17152 17153 17154 17155 17156 17157 17158 17159 17160 17161 17162 17163 17164 17165 
D: circuit size after identity: 17166
I: initializing safe primes...
I: using prime modulus 2410312426921032588552076022197566074856950548502459942654116941958108831682612228890093858261341614673227141477904012196503648957050582631942730706805009223062734745341073406696246014589361659774041027169249453200378729434170325843778659198143763193776859869524088940195577346119843545301547043747207749969763750084308926339295559968882457872412993810129130294592999947926365264059284647209730384947211681434464714438488520940127459844288859336526896320919633919
D:  sending message (size 0.000005 MB)
I: InitMonitor::next
I: GenerateDriverLabels::next
D:   driver labels generated in 25668.007812 ms
I: GenerateInWireKeys::next
D:   in-wire keys generated in 8803.834961 ms
D: SendLabels::message
D:   generating in-wire labels for 14542 gates
D:   10000 gates processed
D:   in-wire labels generated in 30029.707031 ms
D:  gateCount: 14542
D:  sending message (size 17.802756 MB)
I: SendLabels::next
I: RecvGarbledGates::next
I: RecvSystemInputLabels::next
I: RecvFlagBitLabels::next
I: MonitorObliviousTransfer::next
I: InitChooser::next
I: MonitorObliviousTransfer::next
I: RecvConstant::next
D: received message: 84b17824fd91d74b61b59ecc93685d41deae5932086b3a72a57e03d5cbf1193a819428461856e57312c04e049e60df5779d99915030d41c22e56afe5986e75752799cabe6b69ffc6b69c79c3b4594ed376bb2123bc6e7bf8bf8e48997ebb5a7610b1a92cbc3d98a3e51aeacbce35a55756ce34cdb58c0e3613f95d0ae5935ceb53190b7bd215fc3534b09bedf7677ab1ec71e539bc4863d2147b9a3ca08420720dd8b2dbc0713a9c6b9b181f424a07a54416de32c8c5598095d4bc4a6b540c5c
I: MonitorObliviousTransfer::next
I: GeneratePublicKey::next
D:  sending message (size 0.000384 MB)
I: MonitorObliviousTransfer::next
I: SendPublicKey::next
I: MonitorObliviousTransfer::next
I: RecvEncryptedMessages::next
I: MonitorObliviousTransfer::next
I: DecryptChosenMessage::next
I: MonitorObliviousTransfer::next
I: ChooserDone::next
I: MonitorObliviousTransfer::next
I: MonitorObliviousTransfer::next
I: InitChooser::next
I: MonitorObliviousTransfer::next
I: RecvConstant::next
D: received message: 390bb26f918f4f707295622051e3a44e43aced4528c04cb39f54e94e925ecf93e4db3ddfd2d53dc23e050a2273874cde3371bc7f37fa43aa42aec2c5c492585f9613cc24ccaa90baf6dd005ea9191990f577a5e357768cc2968b366b390dcaab149b5b6b2d6b1782286fd01274a40fc0371a2a06c9e68c1f1bb9299b4bf5923d678a4a3e398b75448c612fe47fb9ee43f02ab56b88327fdcf0def513e29b2f3f357b7b17f7d83f65e41d8b5c3476024da4da57b811e918017591a7629659a3ed
I: MonitorObliviousTransfer::next
I: GeneratePublicKey::next
D:  sending message (size 0.000384 MB)
I: MonitorObliviousTransfer::next
I: SendPublicKey::next
I: MonitorObliviousTransfer::next
I: RecvEncryptedMessages::next
I: MonitorObliviousTransfer::next
I: DecryptChosenMessage::next
I: MonitorObliviousTransfer::next
I: ChooserDone::next
I: MonitorObliviousTransfer::next
I: MonitorObliviousTransfer::next
I: InitChooser::next
I: MonitorObliviousTransfer::next
I: RecvConstant::next
D: received message: 610964462eba658f54f8d65eda5a7038df492327023d2a47a754d92f99af57e50e5d53e848ba7243fa7efc1d36f7b635c7839be199676a1e719eee02835c55d150ffbc71387787469f58ad6c38f8dd55c7045b4261cb89c958fe029e39178437fe89d631f41d03574907e49e7a541ff30b6b9c1366cfeb8eb6f84f9dd42d29c64c6af3537f51a5c1384fa858e2a2c796aa3e9e5b768d3f88cce842f36d9697b929c86cd9165279b3a5b1c89d72066f6e29723c7c342a961bb25dc653ca17748
I: MonitorObliviousTransfer::next
I: GeneratePublicKey::next
D:  sending message (size 0.000384 MB)
I: MonitorObliviousTransfer::next
I: SendPublicKey::next
I: MonitorObliviousTransfer::next
I: RecvEncryptedMessages::next
I: MonitorObliviousTransfer::next
I: DecryptChosenMessage::next
I: MonitorObliviousTransfer::next
I: ChooserDone::next
I: MonitorObliviousTransfer::next
I: MonitorObliviousTransfer::next
I: InitChooser::next
I: MonitorObliviousTransfer::next
I: RecvConstant::next
D: received message: 5a55d59893a36b37784a4eed2fb98cedf987dbeb721ea8f53b9690491e15b26a50dcf3565fa4f55ba803a747463d9bcbd4fe35e56dec6c8fd6e4c50d0eac2fcb68922c9cf2c30bbe3c6ad8b0b7cb6f4054918001d97c7288ca69b2f418bf745a61fe0333bd9979234bde70d155900055e8845739912d3cb9b7dbce507de64070a87ea4efee46bd45bc2743b4bb1a6feb4c73d652b8412fc2fb1498f41aff48fa1ec24d69928c64f5b0847d92fb9a11b907a561fe163d12964d583e316c9e4e91
I: MonitorObliviousTransfer::next
I: GeneratePublicKey::next
D:  sending message (size 0.000384 MB)
I: MonitorObliviousTransfer::next
I: SendPublicKey::next
I: MonitorObliviousTransfer::next
I: RecvEncryptedMessages::next
I: MonitorObliviousTransfer::next
I: DecryptChosenMessage::next
I: MonitorObliviousTransfer::next
I: ChooserDone::next
I: MonitorObliviousTransfer::next
I: MonitorObliviousTransfer::next
I: InitChooser::next
I: MonitorObliviousTransfer::next
I: RecvConstant::next
D: received message: cc240dc2043aeb53a59bfa4ed93c2d737e5bfa520eeb8adc829f7220c76b39d226c25b13217743543822357da6022d0c9fb016e559bc60fffdcda7eee37a6514f31b7968bc99511d2696becadd357274388a0282b28218b555de00f2ca2a31b9ac241badaec66dbeef99307dd5ce6f9b568794fee5d396107209b9b00d4361624127a0262f65dbc554b13f75b048f31e0c3a94fcfb34f365ee266b6d6187f1d06ba47625f3838ee9ea4964056795ff85bfb08c8de5cb44b2864e66826bac4374
I: MonitorObliviousTransfer::next
I: GeneratePublicKey::next
D:  sending message (size 0.000384 MB)
I: MonitorObliviousTransfer::next
I: SendPublicKey::next
I: MonitorObliviousTransfer::next
I: RecvEncryptedMessages::next
I: MonitorObliviousTransfer::next
I: DecryptChosenMessage::next
I: MonitorObliviousTransfer::next
I: ChooserDone::next
I: MonitorObliviousTransfer::next
I: MonitorObliviousTransfer::next
I: InitChooser::next
I: MonitorObliviousTransfer::next
I: RecvConstant::next
D: received message: fd630d5d2297d6b2a22891017082f35530a4afd0be079b10127febb36027b5eee3711c64331747f78f710d8b31be98942b8ef1799b7e238ad2274d801c3244687c68806de8024cf152ef4fd43944ccfdaac4f2d722cfacccd01e43c77bc256b7816376cc40ddcbb52ddcdd774dd98c594e8d1d2f67aa95c847a1bfe855e89029b53ba1d304a36699790e3eca0121ed3a76ddf77f6fa7d8a81fac665f30ea85c46e220f5767205f27d87051f5a972d03dc8a7be1d644947a491b09fc83773fe7e
I: MonitorObliviousTransfer::next
I: GeneratePublicKey::next
D:  sending message (size 0.000384 MB)
I: MonitorObliviousTransfer::next
I: SendPublicKey::next
I: MonitorObliviousTransfer::next
I: RecvEncryptedMessages::next
I: MonitorObliviousTransfer::next
I: DecryptChosenMessage::next
I: MonitorObliviousTransfer::next
I: ChooserDone::next
I: MonitorObliviousTransfer::next
I: MonitorObliviousTransfer::next
I: InitChooser::next
I: MonitorObliviousTransfer::next
I: RecvConstant::next
D: received message: 455f1b845758a3cf7f94df5ade57707324a1da394bb8cff7027f766f7bdfb63659f1ece4d7f7d3baef516f2d5d234610d78665fafdc5f6cdb98598be689db9b617d7c3751942c23bf96ed4b8ca2077d40c2530bc0ff6c32ddfe79980ad48328a9b3415cacb2e91c80209f180b1f9436e4e32565166ef95ca948e18bae350be6fb57fd463ee1d08227ad43b7a57db72c8e64660dcbab2a1802cdc5669c39823e21fc535b18de28206f29907835bde5048a7f7f63feec041b0404306ddd2bd1de1
I: MonitorObliviousTransfer::next
I: GeneratePublicKey::next
D:  sending message (size 0.000384 MB)
I: MonitorObliviousTransfer::next
I: SendPublicKey::next
I: MonitorObliviousTransfer::next
I: RecvEncryptedMessages::next
I: MonitorObliviousTransfer::next
I: DecryptChosenMessage::next
I: MonitorObliviousTransfer::next
I: ChooserDone::next
I: MonitorObliviousTransfer::next
I: MonitorObliviousTransfer::next
I: InitChooser::next
I: MonitorObliviousTransfer::next
I: RecvConstant::next
D: received message: 70e66f98b09d13f01fae0204efcd372e597fdb34bb3133a3731c8e9ef1ce341254409adeafc0eb1325664c9be46c2d6096b29d52872fb5690218c55f2053491b623017ca74ca21e7f51ed053b737f048d27e1eb565e89cfdad80098ea5e469b020adda457bf1cf6775a3f06c192e1e550dbf9c35dde7ecf3ae1a4f56a4c65bd1d2e40e146c742eec04d00794f745eb226586335d7739d7ed14f3b4f087893bcb1e96ee3554efdb8407c59b33d7f12f137d0a66523ec2190f7ecf37914f658b4b
I: MonitorObliviousTransfer::next
I: GeneratePublicKey::next
D:  sending message (size 0.000383 MB)
I: MonitorObliviousTransfer::next
I: SendPublicKey::next
I: MonitorObliviousTransfer::next
I: RecvEncryptedMessages::next
I: MonitorObliviousTransfer::next
I: DecryptChosenMessage::next
I: MonitorObliviousTransfer::next
I: ChooserDone::next
I: MonitorObliviousTransfer::next
I: MonitorObliviousTransfer::next
I: InitChooser::next
I: MonitorObliviousTransfer::next
I: RecvConstant::next
D: received message: 14cd13319480fea836e8b1ea6e0198a0813e641bec36db21f2e67a3da6a6631945bd08a2c95d7580e8fe152af943b26f73d7fa4565f348ee8667d2144adb90dfc2f130cb12709883f3eac7bfc224f26513cdb481284f5e15b292aa6b261a688469a1614e1647a1ed50c46b676e6efbbcde754908f9627c79f03175652532b3e6d4826e5bce29a3c95f89bb05763845a550c9e83c34b74f8d13e6a474fcedf87960930044f2f0a91ae41715ea040291692a5133022d42a21eab51e33b8bce17f9
I: MonitorObliviousTransfer::next
I: GeneratePublicKey::next
D:  sending message (size 0.000384 MB)
I: MonitorObliviousTransfer::next
I: SendPublicKey::next
I: MonitorObliviousTransfer::next
I: RecvEncryptedMessages::next
I: MonitorObliviousTransfer::next
I: DecryptChosenMessage::next
I: MonitorObliviousTransfer::next
I: ChooserDone::next
I: MonitorObliviousTransfer::next
I: MonitorObliviousTransfer::next
I: InitChooser::next
I: MonitorObliviousTransfer::next
I: RecvConstant::next
D: received message: cfa6619adee6d18b793cad7cc9724c4209e15b5e7b8f6ad20a9d6e8dcd48dbb4258eec81c4e7a45a71180d4db0bccbab3f9db8a3fcb13671674ef0925993c73f9542417f6a67cae3bfc5f852791e898b0c2b4cd906fb2b3c77e1b7a2462f6a912d18a9a4de048467f7c424abef5ad842494641580fe51ec24293f34954d5aa061e553d9058f17bfc6a19a2d32099c58ec78464090baad60bde53f5fcdff52326e7ca9f61e9d43f629f25ec417730ac98078c5788d045a7338d26c23103cc91d0
I: MonitorObliviousTransfer::next
I: GeneratePublicKey::next
D:  sending message (size 0.000384 MB)
I: MonitorObliviousTransfer::next
I: SendPublicKey::next
I: MonitorObliviousTransfer::next
I: RecvEncryptedMessages::next
I: MonitorObliviousTransfer::next
I: DecryptChosenMessage::next
I: MonitorObliviousTransfer::next
I: ChooserDone::next
I: MonitorObliviousTransfer::next
I: MonitorObliviousTransfer::next
I: InitChooser::next
I: MonitorObliviousTransfer::next
I: RecvConstant::next
D: received message: 2fcbb20fe7ce19403f05225005a173a9469e89ab193ab16523c112ac4cda0c871c66528c5138e46425057f8cee066f2d672562b2bb5588310a0ae984f9f900d45097b000f07422417ac9ae245ff4cb09383f73c6374bcce63c3d0d0bda1f873546c59b7b10a71dfcbc6fdbe4964fccbd0beb0f892629f5c16bd09bd343e64f135599548e73b4e482483208f779b71fd881fa4c010249478e9b90f3972fb627f1f3c13b8d9b1819ceb346c548d5be908542320da1e4607457d85b9df57cd35869
I: MonitorObliviousTransfer::next
I: GeneratePublicKey::next
D:  sending message (size 0.000384 MB)
I: MonitorObliviousTransfer::next
I: SendPublicKey::next
I: MonitorObliviousTransfer::next
I: RecvEncryptedMessages::next
I: MonitorObliviousTransfer::next
I: DecryptChosenMessage::next
I: MonitorObliviousTransfer::next
I: ChooserDone::next
I: MonitorObliviousTransfer::next
I: MonitorObliviousTransfer::next
I: InitChooser::next
I: MonitorObliviousTransfer::next
I: RecvConstant::next
D: received message: 7cd3961ed84b2eb9d65bab89fd0e4736b15588b644f56027e2a7e145afcd4a178e70c46495699256ed92dd1453d85e8dcf9805f3e55d9e2bb0dfbc8d457feb3ab812a09a7b6000c5ad172f21fefe689433a99f0fae282dfb3a0ea238b2185a8907fe8ed0174c7c253b31cf6164c14248cf3d54d8057aba8ac550f7f84990c26b6a44ff22a81710d12009ff0346052f07f58b6c461c4209b96c0a75f895dd6879722ead223930d0bccd8d4fa64fafa600ed75ca32347858b3fda2b37fddc78825
I: MonitorObliviousTransfer::next
I: GeneratePublicKey::next
D:  sending message (size 0.000384 MB)
I: MonitorObliviousTransfer::next
I: SendPublicKey::next
I: MonitorObliviousTransfer::next
I: RecvEncryptedMessages::next
I: MonitorObliviousTransfer::next
I: DecryptChosenMessage::next
I: MonitorObliviousTransfer::next
I: ChooserDone::next
I: MonitorObliviousTransfer::next
I: MonitorObliviousTransfer::next
I: InitChooser::next
I: MonitorObliviousTransfer::next
I: RecvConstant::next
D: received message: 7d6a20d411086244395cac1ea1bcf62f8e664b82c76caf8b41a8f873bfa16d09ef18eef15f9268828a53f89ec09515dd215114638d7e07890ecf6600feb8b54f32e4f99aa702db2e1d447c60e7773d6b165120e7e4e808521d3d889174091a6c2924bfa1ad932bc1cf25f4858a629d600acb1a76be5fb495ec8a502c7d21a909c2829b1b754a9c703c60377fa0a4dbe3c3cd66f58750e3b88b366ac9db698e52495626466822215b92418f599881a90398b7625494f14f6b480abda825bd6b04
I: MonitorObliviousTransfer::next
I: GeneratePublicKey::next
D:  sending message (size 0.000384 MB)
I: MonitorObliviousTransfer::next
I: SendPublicKey::next
I: MonitorObliviousTransfer::next
I: RecvEncryptedMessages::next
I: MonitorObliviousTransfer::next
I: DecryptChosenMessage::next
I: MonitorObliviousTransfer::next
I: ChooserDone::next
I: MonitorObliviousTransfer::next
I: MonitorObliviousTransfer::next
I: InitChooser::next
I: MonitorObliviousTransfer::next
I: RecvConstant::next
D: received message: b77705135af01dee866ee0be6af8c095d5cd416f5ca44631a9399e484d6c051442f0cbfb2404865d2838f9a12772367a738758a639f9c2d60a6bd6dc04cd349bf506045dec335c1232d20f12e8c0975390f3ccf44485d236ae5f3269bc5514cb8e2a524f71554917d8469c9555cb0a8eb7ffcd68250a25c3eefdc45d325391deaf47153ee20f03d301fc3e469447933a858715c21797fa5bbeafd20c8481ca8b86f82438ebddb4817ab92c54bfadb311e22e65d43c2020892983ffbc375bcd18
I: MonitorObliviousTransfer::next
I: GeneratePublicKey::next
D:  sending message (size 0.000384 MB)
I: MonitorObliviousTransfer::next
I: SendPublicKey::next
I: MonitorObliviousTransfer::next
I: RecvEncryptedMessages::next
I: MonitorObliviousTransfer::next
I: DecryptChosenMessage::next
I: MonitorObliviousTransfer::next
I: ChooserDone::next
I: MonitorObliviousTransfer::next
I: MonitorObliviousTransfer::next
I: InitChooser::next
I: MonitorObliviousTransfer::next
I: RecvConstant::next
D: received message: 7f55f33c5b383031c20dda76edfb3f688ef05d6788adc8a1ef75a2974bc6fa0182ddd7ac6006d2806243906adbb5989f88542089a43f77f4fae00a3a0f04b1828137a557a71b604bf2a1ecb16126fdf16d5e6eb875a829616be17e2af4c9fc63c867dfefa21018b95d714814cb1518439f0cb1782d46c74c590cbcb6a8c660ce792232c33b7cdb74744f3d3552916e3b00f60c9fede4479a1812f875c21fea4f9316185c2b21c2a9def7e1d1dccca9ef6e4a9b7f05903375a49d7b1af4e1bc1b
I: MonitorObliviousTransfer::next
I: GeneratePublicKey::next
D:  sending message (size 0.000384 MB)
I: MonitorObliviousTransfer::next
I: SendPublicKey::next
I: MonitorObliviousTransfer::next
I: RecvEncryptedMessages::next
I: MonitorObliviousTransfer::next
I: DecryptChosenMessage::next
I: MonitorObliviousTransfer::next
I: ChooserDone::next
I: MonitorObliviousTransfer::next
I: MonitorObliviousTransfer::next
I: InitChooser::next
I: MonitorObliviousTransfer::next
I: RecvConstant::next
D: received message: f958504169a3a545dbb2e397a02243c8362a9ddb594f86ba45f8023a3dd76dae0efc3cdbb47198bbd5ddc28bb1a5d3a76f705f713af344dde4cba3c84a14ca70a844aa8dd83f2667da81f726cf8f5d5dc507ce38bd8b52d7eb09b5bc13ddb1687e10ed049c81e43947506fb8259259798b30f24024a087511a7f8bba30da7aac6357380a806d477636c09958b1a85e84af761d27a3043c0d96eb80c93ca207b43acc155ff2ff3aef7573172e548f784e1ab9150b3253c5330c3cae9f7a834c8d
I: MonitorObliviousTransfer::next
I: GeneratePublicKey::next
D:  sending message (size 0.000384 MB)
I: MonitorObliviousTransfer::next
I: SendPublicKey::next
I: MonitorObliviousTransfer::next
I: RecvEncryptedMessages::next
I: MonitorObliviousTransfer::next
I: DecryptChosenMessage::next
I: MonitorObliviousTransfer::next
I: ChooserDone::next
I: MonitorObliviousTransfer::next
I: MonitorObliviousTransfer::next
I: InitChooser::next
I: MonitorObliviousTransfer::next
I: RecvConstant::next
D: received message: 494d9649dc71d6251e9e379114e7e292ecb1357ce164ca9acb312e6167cab59dafc9ea1468cbe0e23360f2d29bcb9b59b3bb17d9989409b855514222dcf619c6ed37c4514a912a6fc6431634d2bc14cba63815f0dcd12e3063116798abcdaef2b07bd14af9a85a3b8e0d342f5dd9be509a4a1223faa6b7939d69d8be635d815019a44761039d022aaab79fae62374f550351ae5ebe660df610b615ba6f7cb9c41749e526195f48b048d32402c1d7d622c47d7dad6870657f97c76c02c7ef37ba
I: MonitorObliviousTransfer::next
I: GeneratePublicKey::next
D:  sending message (size 0.000384 MB)
I: MonitorObliviousTransfer::next
I: SendPublicKey::next
I: MonitorObliviousTransfer::next
I: RecvEncryptedMessages::next
I: MonitorObliviousTransfer::next
I: DecryptChosenMessage::next
I: MonitorObliviousTransfer::next
I: ChooserDone::next
I: MonitorObliviousTransfer::next
I: MonitorObliviousTransfer::next
I: InitChooser::next
I: MonitorObliviousTransfer::next
I: RecvConstant::next
D: received message: f92386773e4095d5d9887d61ade0d26b0ea298194c5365ffe402ae61b6c12d0d7e21cb69795265828e95732047cc22cc253316e43cb7428c1d90a716dec5c95c0f59a93ed50ba2f2a3a89c9633d635b92452ded7185a39687d386270e309097161d1b044d8f4a70c2cd2626304758f8e74e25a8a20ed143847aa8b6cafecbdf107ec0c427bf8471de487f60d1482f59f7e66bf42728305e0566c2a866bfc86acf22adccab8d2b49fe0a9ea54749711db97caa2c46c6431e72b996c11d0089287
I: MonitorObliviousTransfer::next
I: GeneratePublicKey::next
D:  sending message (size 0.000384 MB)
I: MonitorObliviousTransfer::next
I: SendPublicKey::next
I: MonitorObliviousTransfer::next
I: RecvEncryptedMessages::next
I: MonitorObliviousTransfer::next
I: DecryptChosenMessage::next
I: MonitorObliviousTransfer::next
I: ChooserDone::next
I: MonitorObliviousTransfer::next
I: MonitorObliviousTransfer::next
I: InitChooser::next
I: MonitorObliviousTransfer::next
I: RecvConstant::next
D: received message: a233508d72bf37e67701ee4d718d6123227e56f1e993875e8f0e3a5b9287bd76343dc8d9b1dbe22bee57079798dee5a63137c1b760ce6aa68e566dca485e5b35566344dcae8a707e8de4f718e88f5b4363cb2a27680c2d8ed3016b1e0ddfe65eec82942f75fd8f9ff1315b4140030fbdfe8e9fcf991f187f2930caaaa9885fc15f5de7468ec31e9ccf10555f84c45a9b39623b6d492552fd981000dfdf69e57dbd7c92c52ad9305ab78bce2ec1c57992152589d56906e5528be79655bca52ed
I: MonitorObliviousTransfer::next
I: GeneratePublicKey::next
D:  sending message (size 0.000384 MB)
I: MonitorObliviousTransfer::next
I: SendPublicKey::next
I: MonitorObliviousTransfer::next
I: RecvEncryptedMessages::next
I: MonitorObliviousTransfer::next
I: DecryptChosenMessage::next
I: MonitorObliviousTransfer::next
I: ChooserDone::next
I: MonitorObliviousTransfer::next
I: MonitorObliviousTransfer::next
I: InitChooser::next
I: MonitorObliviousTransfer::next
I: RecvConstant::next
D: received message: f3e80d0b5aec25fa88f817dfa76a410857b751e65f538715506eddb1c40ccddc512f7b38e1365b8f2dcbf59b19a5a1a0b0a26656718cde83cb26f6acd85bf1eed6390d3d76225fab356503aeb4bc40727de027827e15a9fdedba12fc422e462ec7d8baad58a8ba5acaa15e410193af630686148ab49c205fe20630178e6e19e258489634f9a42fa6f3003699b86f9865d5e3c9ab8a189e7ce297da809c3e1a724387e07990495b5b7a2d779e645760b535e84191ef86c6490e9bf5e60acff62d
I: MonitorObliviousTransfer::next
I: GeneratePublicKey::next
D:  sending message (size 0.000384 MB)
I: MonitorObliviousTransfer::next
I: SendPublicKey::next
I: MonitorObliviousTransfer::next
I: RecvEncryptedMessages::next
I: MonitorObliviousTransfer::next
I: DecryptChosenMessage::next
I: MonitorObliviousTransfer::next
I: ChooserDone::next
I: MonitorObliviousTransfer::next
I: MonitorObliviousTransfer::next
I: InitChooser::next
I: MonitorObliviousTransfer::next
I: RecvConstant::next
D: received message: 723e461683fb6288160c077008ba04fe0e5326fa0845f612acc4278c37f258ba22304cee8990202e7bc5d3bea3477244420de324bbb3de19821154867d2bfd8d402b03181ece9c4f4b63356d95bc1b24aa88ddd0a0330d49402825b8cd3b64f30dbb21e5843208e96042040b060467d0a73b84898f1d25e1895bbb6019a1dce45ca71999af244b19968370cf28a61940718c38b5b48f066986fa016973126278d1d944db11f31a235e4abecf7660644ed5ae0f5feb89c88e2b3a8364a685b4
I: MonitorObliviousTransfer::next
I: GeneratePublicKey::next
D:  sending message (size 0.000383 MB)
I: MonitorObliviousTransfer::next
I: SendPublicKey::next
I: MonitorObliviousTransfer::next
I: RecvEncryptedMessages::next
I: MonitorObliviousTransfer::next
I: DecryptChosenMessage::next
I: MonitorObliviousTransfer::next
I: ChooserDone::next
I: MonitorObliviousTransfer::next
I: MonitorObliviousTransfer::next
I: InitChooser::next
I: MonitorObliviousTransfer::next
I: RecvConstant::next
D: received message: 6c23a35bee78b11df5e136334f285920eb1edc2bd4ba48c8afb962074358d9b855214041f896086b61207a359840d064405bf12821df3f4c00c1e34391a793ab533ff6c8540573314da5c77f15d06231a9cddea56e356bab447e671ca4c128a81479d7a1abc29d6aa85e35e60fc1d02070252a8af23a36bd8cc838ebffa870b8d7a281128f0052b1aa99034e1c6c12ef177b48926f75ce65668581b455209863c2ca75465889c3e017a98937e0e79d7608c75d97cb5d053b3eab0cc869733348
I: MonitorObliviousTransfer::next
I: GeneratePublicKey::next
D:  sending message (size 0.000384 MB)
I: MonitorObliviousTransfer::next
I: SendPublicKey::next
I: MonitorObliviousTransfer::next
I: RecvEncryptedMessages::next
I: MonitorObliviousTransfer::next
I: DecryptChosenMessage::next
I: MonitorObliviousTransfer::next
I: ChooserDone::next
I: MonitorObliviousTransfer::next
I: MonitorObliviousTransfer::next
I: InitChooser::next
I: MonitorObliviousTransfer::next
I: RecvConstant::next
D: received message: 2d2e30f5a7d9b94c0d94296127916893051ee85c56f6c65d7d5b614bcd7c3815dd1239a9b6528a07cbb6e2de90de57908724713246ad3952990c815e383bc7681997db053aa5f48ba407097cd33f77dcb09d12e5fdcb1227af27e805bfaa6c345bec2e9a8bb32da5b45ec4e47cbc781f4ebc04636e5c993e5c76e70f05e745456275d8ae0228fcd09a7fcede54a409a64ed73b8e20de686f78e240baaf0d352d63c4573b058b1216350efdb8a923948aeb1306b9c139c5c206c3d6e4ad499a93
I: MonitorObliviousTransfer::next
I: GeneratePublicKey::next
D:  sending message (size 0.000384 MB)
I: MonitorObliviousTransfer::next
I: SendPublicKey::next
I: MonitorObliviousTransfer::next
I: RecvEncryptedMessages::next
I: MonitorObliviousTransfer::next
I: DecryptChosenMessage::next
I: MonitorObliviousTransfer::next
I: ChooserDone::next
I: MonitorObliviousTransfer::next
I: MonitorObliviousTransfer::next
I: InitChooser::next
I: MonitorObliviousTransfer::next
I: RecvConstant::next
D: received message: 52e40fec2c4c2892cd65b88e8ed93ca76190d0c1e71424fd6b1504d87055371d1ae10784e0d4f3c2d25aeae45725fafed422dd2aed37a8ff63fec82d1906ca583bdb26d16e20ebf5d8f24d0a76af70497a7c21ecd3f89a69f5cd5dd7cf5b36578041d3119b10460adcbf13c4c9b04088ad08c4ed027557285770c367f7de96fffef08748bdd24bb014481f9cf5d21bb5f244e415a2203882b63f518041e00d60d5f407575206c53327bb92fd3603d3a326b6f70015e506bf723074f6bca48b02
I: MonitorObliviousTransfer::next
I: GeneratePublicKey::next
D:  sending message (size 0.000384 MB)
I: MonitorObliviousTransfer::next
I: SendPublicKey::next
I: MonitorObliviousTransfer::next
I: RecvEncryptedMessages::next
I: MonitorObliviousTransfer::next
I: DecryptChosenMessage::next
I: MonitorObliviousTransfer::next
I: ChooserDone::next
I: MonitorObliviousTransfer::next
I: MonitorObliviousTransfer::next
I: InitChooser::next
I: MonitorObliviousTransfer::next
I: RecvConstant::next
D: received message: 4689d6e982e135ed47c6b8ee9564c30a15f96ba7a7ab8c227af8097fa0834501376af2294c3fc95c5c7a8a6df9037922b3cf2046dc95bb4d6a1d390847fd5da526871a550c9d79138d23af0c82ec5fa1fac98f952de417cbf1605e9ab2b27982d2ef7079cb1a13b7f0e20f27116c3b2f06efb22d22206653195aa9a929a25827ee19bbfd98ee72fdd0c41606e2e0f89a67c76f7fef2db0e2745b52093d1fd50800546fadd69aa45d09355fa900556c4f892ad4b14d87c0fcd015f1fecf7d3085
I: MonitorObliviousTransfer::next
I: GeneratePublicKey::next
D:  sending message (size 0.000384 MB)
I: MonitorObliviousTransfer::next
I: SendPublicKey::next
I: MonitorObliviousTransfer::next
I: RecvEncryptedMessages::next
I: MonitorObliviousTransfer::next
I: DecryptChosenMessage::next
I: MonitorObliviousTransfer::next
I: ChooserDone::next
I: MonitorObliviousTransfer::next
I: MonitorObliviousTransfer::next
I: InitChooser::next
I: MonitorObliviousTransfer::next
I: RecvConstant::next
D: received message: 5e9add16d485c6aa5bb2dfdca51606456556b7bda63b486c6b75441522ccd3ed8e6844376fbaaea58383648a0fe0a8ed5b2fe97e92d80a3613d5349083dc9534753ea6bd671e2b5358c51db09c7cea8005c0a01061ec8d8b51db6a2b669c18c334fe2dc36cb0ca186e1a1669f0b8a6fbe59f4e11e01dfb77aa1d60810e84a72c002bdc9a2e5f5124c90e5d7a33c46404df32b75e80874544b675e09952cc591b1bf9bba3a8522fa7b3ebef1bce8ad4f1cf1385a29d9369d8a11f69844f66ce0b
I: MonitorObliviousTransfer::next
I: GeneratePublicKey::next
D:  sending message (size 0.000384 MB)
I: MonitorObliviousTransfer::next
I: SendPublicKey::next
I: MonitorObliviousTransfer::next
I: RecvEncryptedMessages::next
I: MonitorObliviousTransfer::next
I: DecryptChosenMessage::next
I: MonitorObliviousTransfer::next
I: ChooserDone::next
I: MonitorObliviousTransfer::next
I: MonitorObliviousTransfer::next
I: InitChooser::next
I: MonitorObliviousTransfer::next
I: RecvConstant::next
D: received message: 1b1c54c1ee0c15adea8aba80165bc1a998db3cec24b3fd06bbcd9a3e509dd3773ef8994167cb9020e05e25d98598df44db8bf26e82f69a53428b6b1f817b5b6cd94f207486a4bd04711bcfb9794e9d5c7f242a5c6c802857038a59518413fb3f45c3d8c16381878755a792a6b0227f49de2a3ea1405a523e5840b7624215520687747ddeda428148562ff112fe3b1e21f7c59f58519bdf3191c19e8c37fabb77c54666515218131e8c469668e9e4f7db7525dc5bb077afd3ae5f9bb8ad2f4a76
I: MonitorObliviousTransfer::next
I: GeneratePublicKey::next
D:  sending message (size 0.000384 MB)
I: MonitorObliviousTransfer::next
I: SendPublicKey::next
I: MonitorObliviousTransfer::next
I: RecvEncryptedMessages::next
I: MonitorObliviousTransfer::next
I: DecryptChosenMessage::next
I: MonitorObliviousTransfer::next
I: ChooserDone::next
I: MonitorObliviousTransfer::next
I: MonitorObliviousTransfer::next
I: InitChooser::next
I: MonitorObliviousTransfer::next
I: RecvConstant::next
D: received message: 7a016ccc9817d221bc4803ff1fa375500a064f04ef01f5f0957a61182352bc4d7506dde723ff82498b3afc496fd0c05768b4e752402c86e99c2e149d7cc1cb2dcc15c02b2dfd08fe4244993516f63af08b45074c6042ff46b6d18ce70f74cc9ec91faf39de4d28d6fda0d2cc3548b5ad9d6be18dde71023960154a1b56d17298c794bedc9b3922c44a9459249b1ee9e9a194c180543d9a17d8725a87683243604c0eea8f30213daca4d1aeae74155e3be20a71410503e1bc9f843c493afaa0c8
I: MonitorObliviousTransfer::next
I: GeneratePublicKey::next
D:  sending message (size 0.000384 MB)
I: MonitorObliviousTransfer::next
I: SendPublicKey::next
I: MonitorObliviousTransfer::next
I: RecvEncryptedMessages::next
I: MonitorObliviousTransfer::next
I: DecryptChosenMessage::next
I: MonitorObliviousTransfer::next
I: ChooserDone::next
I: MonitorObliviousTransfer::next
I: MonitorObliviousTransfer::next
I: InitChooser::next
I: MonitorObliviousTransfer::next
I: RecvConstant::next
D: received message: bfd0b2e8e4920521919b2e0c18498e8adcb717ef54f9d11848b113b0f43f023bfd2b36ced91bc38fc0c42c5a4f770c644591cbbb75b3d625718bf415e99963387cf3026965ca260def62a6e775c7c426abc21a1f3412d14d93636f925e5badaa7cd793333122def9dad0b998d2d1b571b8e8d0911830fe7177fb91b6f0373f38b671c51af828fb917c9517cf1b53207f9154e1e036b8eba6db68432a3d9854d9303b7a303003074f1750cf6405dfc7c29f0960d0fa75484cbb8d1a39ab300882
I: MonitorObliviousTransfer::next
I: GeneratePublicKey::next
D:  sending message (size 0.000384 MB)
I: MonitorObliviousTransfer::next
I: SendPublicKey::next
I: MonitorObliviousTransfer::next
I: RecvEncryptedMessages::next
I: MonitorObliviousTransfer::next
I: DecryptChosenMessage::next
I: MonitorObliviousTransfer::next
I: ChooserDone::next
I: MonitorObliviousTransfer::next
I: MonitorObliviousTransfer::next
I: InitChooser::next
I: MonitorObliviousTransfer::next
I: RecvConstant::next
D: received message: 9b0e4f0ccc1d34332e2b6b83cb20c0d905630b8347c28222b1d157ea58417ac5de6b850bda3c968b845b7451b3ba015669b702c6374b02d057ab021345bc130b18dacbd1c4828fc6495021d8bc5e2dee46739cfd542bfa5dc7f427ea6c8f4a5ca83a3d27cfda2ab877e4b7fdecd59ed168ffebcfda4a4592483acdcd2f0b97eb125f7db0430a36be35d52b981296676d44aa59e0534a8de2cb7b58c71be22a918f42146c3a1652e74f0521305efa796041311a1b5cc1fd1be6a8d1b0cdca15a0
I: MonitorObliviousTransfer::next
I: GeneratePublicKey::next
D:  sending message (size 0.000384 MB)
I: MonitorObliviousTransfer::next
I: SendPublicKey::next
I: MonitorObliviousTransfer::next
I: RecvEncryptedMessages::next
I: MonitorObliviousTransfer::next
I: DecryptChosenMessage::next
I: MonitorObliviousTransfer::next
I: ChooserDone::next
I: MonitorObliviousTransfer::next
I: MonitorObliviousTransfer::next
I: InitChooser::next
I: MonitorObliviousTransfer::next
I: RecvConstant::next
D: received message: 4b541135165fe1fde5d947b646ead93396f149f81bef2f29392645fa0ca0f7c372796c2153ed30b0cf6cf2d462e94809b6ab90993bfc35ca9600cd7819e63b7dafe2ae77bc7cf5e342f7bf7f1f9b88a301f8fa22892de9d8d46e4fea07b293e601b2882775ce3d3be9d58b81bd861f8a1ed74549b5d51e2fa847589fc9f401d2d9a4e9c33235f6c09e0796f50aa693f946bf592cdc84779cdafb698141a88011f94be7e25d14c4d7b20f11fd77a56c197da8725a07fb07066e0a76ca30867a0d
I: MonitorObliviousTransfer::next
I: GeneratePublicKey::next
D:  sending message (size 0.000384 MB)
I: MonitorObliviousTransfer::next
I: SendPublicKey::next
I: MonitorObliviousTransfer::next
I: RecvEncryptedMessages::next
I: MonitorObliviousTransfer::next
I: DecryptChosenMessage::next
I: MonitorObliviousTransfer::next
I: ChooserDone::next
I: MonitorObliviousTransfer::next
I: MonitorObliviousTransfer::next
I: InitChooser::next
I: MonitorObliviousTransfer::next
I: RecvConstant::next
D: received message: b1ae2c9765e50a48fc819c3e2d826c45e1a109e2530b219deba96f3ffc53b0905202db92146f9bcdb3d949904822798befa7b85dbf20004db32522ca45618db5de0a4cf3295aa777db91d56a213698a09bc8b2f36a5b40f2a98bdabeeae447e672a007dd5bb4f6ca8b1c0865536092f73e699268f251fcbeb62f7566906769dffcb9405d9b84378f34116390b3f8077c5ee84f0631692e02ff4b2d1659adff454133372a674feeb2a16172ff96cde85149e17ab08dfbe6dc22f1aab62fee718d
I: MonitorObliviousTransfer::next
I: GeneratePublicKey::next
D:  sending message (size 0.000383 MB)
I: MonitorObliviousTransfer::next
I: SendPublicKey::next
I: MonitorObliviousTransfer::next
I: RecvEncryptedMessages::next
I: MonitorObliviousTransfer::next
I: DecryptChosenMessage::next
I: MonitorObliviousTransfer::next
I: ChooserDone::next
I: MonitorObliviousTransfer::next
I: MonitorObliviousTransfer::next
I: InitChooser::next
I: MonitorObliviousTransfer::next
I: RecvConstant::next
D: received message: 90497298b286d6397563ca90f5250e2784d6aa11a94e3cc24dcd07b8188690ffc15213c5c20b23384e16782986b21b5f80bb126e465ea1bbf3ddcfbeb6bfb01b592b44d8141d95e41126b202201321494ac381c3f9cfbcc7280a5eb242bdc0f1a43bc268f4888cac3579835b31b74d702f54e1176890ddda3b17aae5b959e857f8d61e69cd9d7d47bd69abb8257fa5a26c932555b087eda003ec861776a2fc6433ccb9671df9edd5232876430773767a190b51f441126f6006f01024bc559dbd
I: MonitorObliviousTransfer::next
I: GeneratePublicKey::next
D:  sending message (size 0.000384 MB)
I: MonitorObliviousTransfer::next
I: SendPublicKey::next
I: MonitorObliviousTransfer::next
I: RecvEncryptedMessages::next
I: MonitorObliviousTransfer::next
I: DecryptChosenMessage::next
I: MonitorObliviousTransfer::next
I: ChooserDone::next
I: MonitorObliviousTransfer::next
I: MonitorObliviousTransfer::next
I: InitChooser::next
I: MonitorObliviousTransfer::next
I: RecvConstant::next
D: received message: 27b7a3bac5d40a36547b4db83c22b7fbef5b43323cb31dc14033ad813fe66898c1b5d8a0123a1913388801f4e0ac65ffefe42f402b880e018557a35ec2aa0f7fb66e72cdf734a81ee35e054eaf4a91bb5ad01ef373debc4d6b2d049f804827edfb3106a35d2a51fff71b1a130b7c576f4aaf5b8e4e68b6718af015e01688d2af80fbbd73c18c064c097810b293d248984fab4706490963a6fb8fdd2142cb54289704aea9eba1fb83e448240ca716fb3a426e54d6a806c191cba5ebe652b149d7
I: MonitorObliviousTransfer::next
I: GeneratePublicKey::next
D:  sending message (size 0.000384 MB)
I: MonitorObliviousTransfer::next
I: SendPublicKey::next
I: MonitorObliviousTransfer::next
I: RecvEncryptedMessages::next
I: MonitorObliviousTransfer::next
I: DecryptChosenMessage::next
I: MonitorObliviousTransfer::next
I: ChooserDone::next
I: MonitorObliviousTransfer::next
I: MonitorObliviousTransfer::next
I: InitChooser::next
I: MonitorObliviousTransfer::next
I: RecvConstant::next
D: received message: ce19c81b4f560e9c3731c41159b9c81c6213068bb8b29e5bf24c2eb07f08277976695a8db8d9c95a115824a792bea4c0a740a5590b6a289277bec334281dd1fc1dbefe90b9a30099df702c6012914eb5ac519f6c1c5f684e984b23fb6400410fcb82b868f5865b83f8850f20f120b47ec250bdabd7ae770d6f638bee5e00a21297a05c7c3269c56aeaf7a07b0429249ab1991c1af5f697dc4f207c945e388035efe5f20c8013d4f976953b6168324ef2785cda85a0bc3b1d810393fa70c1a7ea
I: MonitorObliviousTransfer::next
I: GeneratePublicKey::next
D:  sending message (size 0.000384 MB)
I: MonitorObliviousTransfer::next
I: SendPublicKey::next
I: MonitorObliviousTransfer::next
I: RecvEncryptedMessages::next
I: MonitorObliviousTransfer::next
I: DecryptChosenMessage::next
I: MonitorObliviousTransfer::next
I: ChooserDone::next
I: MonitorObliviousTransfer::next
I: MonitorObliviousTransfer::next
I: InitChooser::next
I: MonitorObliviousTransfer::next
I: RecvConstant::next
D: received message: cdf9c6d3362a113ebd94210db2eb8878f3b1a351cb29dd2be46e3f394bd77cad84047c20e5baba807dbc62781563b0b6f2a1d6d553e71e27da415a0f4d572be4f9b3837c2c434a692b10b5cbd5ede70a26ffb7be4daf39be9b38d5bfabddd2548fce2d3bc449c80e3517bb2d4214f13485e2fb38de9502edb0640631066196c2fab12d64b99e710e9236da9c2f878995c9a1f77c548dc5d1ca2fa138d90bf1c6460e383768eeafffba8512331b9f1b7ce5a480b1a8a41b37c845a30e15ada10a
I: MonitorObliviousTransfer::next
I: GeneratePublicKey::next
D:  sending message (size 0.000383 MB)
I: MonitorObliviousTransfer::next
I: SendPublicKey::next
I: MonitorObliviousTransfer::next
I: RecvEncryptedMessages::next
I: MonitorObliviousTransfer::next
I: DecryptChosenMessage::next
I: MonitorObliviousTransfer::next
I: ChooserDone::next
I: MonitorObliviousTransfer::next
I: MonitorObliviousTransfer::next
I: InitChooser::next
I: MonitorObliviousTransfer::next
I: RecvConstant::next
D: received message: a6845b55ed258fd31b43324f90c54dcc9204e262ff843723e44d733b9131ddd827a564d73bb5455a1bf157ccfeff9df845c0b9b7cf893499ac5757bda34b2cddc50139c99f26e80c3cfbed62ae397118c660d254d975ee22aa3dfbb4496f03c2b3cdc6243272c2c90ec2294ffc181c34eae97f61ea9adaace1a85dee1f90ee27693a6784018ca0b046a1bc690f3550c2ffb4dab98ca15a9b11790314254e91a60780f6befb720bb4a7e1c1ab70d6ce6860366a14f38a78498ba82bbbae54add
I: MonitorObliviousTransfer::next
I: GeneratePublicKey::next
D:  sending message (size 0.000384 MB)
I: MonitorObliviousTransfer::next
I: SendPublicKey::next
I: MonitorObliviousTransfer::next
I: RecvEncryptedMessages::next
I: MonitorObliviousTransfer::next
I: DecryptChosenMessage::next
I: MonitorObliviousTransfer::next
I: ChooserDone::next
I: MonitorObliviousTransfer::next
I: MonitorObliviousTransfer::next
I: InitChooser::next
I: MonitorObliviousTransfer::next
I: RecvConstant::next
D: received message: 667662e14ec1f2f834c0b777dfa70ca08f44b167ee2ffa6f2e06219c8e83aed13402a47d74c2a26984e5b654e06692e8c88e6ced815bd765349041e8a6d6b892a3a0d9c65aee7f7381066fff29aad8acc6f51e2df44176911f0fee66c2f02cb4ef0bb081272c755d42295f7efc83555fafba951f53178c9e224d8bcc66c0ea60df224a4765113bb932168a79f40164dbc522ffbb6d424729577f64687ad8512c6d1f38d2ffdec6c43a1ab526aab9d1844824a259aa2fed619c68e054607e2954
I: MonitorObliviousTransfer::next
I: GeneratePublicKey::next
D:  sending message (size 0.000384 MB)
I: MonitorObliviousTransfer::next
I: SendPublicKey::next
I: MonitorObliviousTransfer::next
I: RecvEncryptedMessages::next
I: MonitorObliviousTransfer::next
I: DecryptChosenMessage::next
I: MonitorObliviousTransfer::next
I: ChooserDone::next
I: MonitorObliviousTransfer::next
I: MonitorObliviousTransfer::next
I: InitChooser::next
I: MonitorObliviousTransfer::next
I: RecvConstant::next
D: received message: 19addced1bc12717f389d36de6f485cea317b9b55695600c26faf6cfb49c65b5beba8565800aeab403c9661bae419397a27abf10ea0936cf547ffd488c1a28470c13f125ffffdb5763b6231f3d83d9cb52f094f03a571276b0113b79674605c385a6b5644b05175123170beb09bf814804e94e181b2ff216970f46f5a984b449462a42731003a952ca5f0a2b813701e159cfc5703df7017a9b961642d52b4f4061704853c7f4f1a4a6c6b056f013910b5d54710d7745398fc4097ae34cdae4cc
I: MonitorObliviousTransfer::next
I: GeneratePublicKey::next
D:  sending message (size 0.000384 MB)
I: MonitorObliviousTransfer::next
I: SendPublicKey::next
I: MonitorObliviousTransfer::next
I: RecvEncryptedMessages::next
I: MonitorObliviousTransfer::next
I: DecryptChosenMessage::next
I: MonitorObliviousTransfer::next
I: ChooserDone::next
I: MonitorObliviousTransfer::next
I: MonitorObliviousTransfer::next
I: InitChooser::next
I: MonitorObliviousTransfer::next
I: RecvConstant::next
D: received message: d74354461ea7a38e92ac774db45320bcd41da816a78731abb76242e1be6b0f5f0a9f3015a0465f2b77c9d0f0bf6b767de2363a8db8acc053e55ddec54ada6ce0f6c8abf3892cf0eed6a993354856afecb777b96cb3258d68d0af5a5f8767742576c925ae6b8ddda743752db1c79aff9af19567169c964ce42f1189395e494838568299ffc14a8af587cfd0e8b725ceed9dfc926945ef89a7c31df70cf3156a93719fbdbe3f57bab03f475e452513e4c64fc471c91db8382c6ff712ddf9ba9431
I: MonitorObliviousTransfer::next
I: GeneratePublicKey::next
D:  sending message (size 0.000384 MB)
I: MonitorObliviousTransfer::next
I: SendPublicKey::next
I: MonitorObliviousTransfer::next
I: RecvEncryptedMessages::next
I: MonitorObliviousTransfer::next
I: DecryptChosenMessage::next
I: MonitorObliviousTransfer::next
I: ChooserDone::next
I: MonitorObliviousTransfer::next
I: MonitorObliviousTransfer::next
I: InitChooser::next
I: MonitorObliviousTransfer::next
I: RecvConstant::next
D: received message: 42fed06feab921b75eaba213ec2119fd9d18b3402e2de9458d9919e132895d4ce7945e54a1ec0622e4d0d9297510af6e7cbaf65ffdcb6f3e7e761f46efe125eb194ed36a77c489269711294bd948ee106a26d2e53bd32857c8102978d64347ca29017245bf426ea4416bea879d529d341927051e31524c587257f388d6727b48f6bde3e50bb583d152196e0efb07ab49ba0012df002e6d75950a09d7074dabd05b8f0392de2af3278c934b7c393340423c39bede29505521c4675818e29fd5ca
I: MonitorObliviousTransfer::next
I: GeneratePublicKey::next
D:  sending message (size 0.000384 MB)
I: MonitorObliviousTransfer::next
I: SendPublicKey::next
I: MonitorObliviousTransfer::next
I: RecvEncryptedMessages::next
I: MonitorObliviousTransfer::next
I: DecryptChosenMessage::next
I: MonitorObliviousTransfer::next
I: ChooserDone::next
I: MonitorObliviousTransfer::next
I: MonitorObliviousTransfer::next
I: InitChooser::next
I: MonitorObliviousTransfer::next
I: RecvConstant::next
D: received message: 37a70b2a162bf8e0c9978517edb11b01b47971e05bc58a65b83682c973039b8944d5f25860d46af5c43a62b4cc2eb09f44c45ca7f149ab5928c65a39f2f8e0506362dfb2b7107e6662e49fb9461be61e80bee2fe1253f648c13bd53be14844672ec15ffba4a7151b496dbe2ebe21575739180d99c63c1a789f1d4d8a3ecb32284953b00dbe9a14bd51202c0914ce76c14360b02ca207ac177e9347fa3a3768dfd8df48ac642224edcc84a23098ac6595d9227dd2e485e18e8f379eb9aed791fb
I: MonitorObliviousTransfer::next
I: GeneratePublicKey::next
D:  sending message (size 0.000384 MB)
I: MonitorObliviousTransfer::next
I: SendPublicKey::next
I: MonitorObliviousTransfer::next
I: RecvEncryptedMessages::next
I: MonitorObliviousTransfer::next
I: DecryptChosenMessage::next
I: MonitorObliviousTransfer::next
I: ChooserDone::next
I: MonitorObliviousTransfer::next
I: MonitorObliviousTransfer::next
I: InitChooser::next
I: MonitorObliviousTransfer::next
I: RecvConstant::next
D: received message: 19e53779c6169ef11720a936456d6e09b30233aea67b9ee63cea0d6f3d6d440bcd0437f9a0daa0859b851310d49b9c87247fcc9e6b838c76ec9b554c7bccf0d7ac60d5bb2933f93e137dcd9e07f0ca7df12b2139d4fdbe742f856a8c5a3c71d8d51fc504d7c2a43b210e6f7bc623967e4507a694684da4b1460fe780973e904945897252b368b4cbadcd3581947320ab2ec480b1fbdafec1729c6e12804d7b35db1781719edf6b62777519d54bc764cae83d9c21fbb957aa150aa1cf7b8f1d35
I: MonitorObliviousTransfer::next
I: GeneratePublicKey::next
D:  sending message (size 0.000384 MB)
I: MonitorObliviousTransfer::next
I: SendPublicKey::next
I: MonitorObliviousTransfer::next
I: RecvEncryptedMessages::next
I: MonitorObliviousTransfer::next
I: DecryptChosenMessage::next
I: MonitorObliviousTransfer::next
I: ChooserDone::next
I: MonitorObliviousTransfer::next
I: MonitorObliviousTransfer::next
I: InitChooser::next
I: MonitorObliviousTransfer::next
I: RecvConstant::next
D: received message: a59bd03f70f245e221e8cf1b2528fa4c68114fa549ad61b4a4222def93011a64911be30c96e0dc185590890ebef2a61e50d9925d03abed410be855c0465bab5cf0e69579fe4bbfc1f9b6364dfbc567fe352c7b2b872d53656dd4e04a37d5e3b5632ffaf15f88b025f5253eee24473ce02639881a6ec98756c2ce2ac7f9f00b9f5cb3cd2159494b588dd50e98275306630825bfcf85ed9aa862efbec078c6af9292754c5e8e43ffd787d957946abe670137253f2bd16014f0011c449ee3bb653d
I: MonitorObliviousTransfer::next
I: GeneratePublicKey::next
D:  sending message (size 0.000384 MB)
I: MonitorObliviousTransfer::next
I: SendPublicKey::next
I: MonitorObliviousTransfer::next
I: RecvEncryptedMessages::next
I: MonitorObliviousTransfer::next
I: DecryptChosenMessage::next
I: MonitorObliviousTransfer::next
I: ChooserDone::next
I: MonitorObliviousTransfer::next
I: MonitorObliviousTransfer::next
I: InitChooser::next
I: MonitorObliviousTransfer::next
I: RecvConstant::next
D: received message: f770f60471169393b1fa44e165715ba47ae68fe574b1c3e3013f7d651246dd25d8395f5e7987a493fb7d4228e4f820c331d75aa61873ca5a91f24b73820060b5cc8feea85648a4f2945a8fa9810f233bc24dc25022f0ed27d8045655b252c1c71724a2a256e3030a1eae93029ad2e5ef7b6fba644189bc13f1d8aaf7716459c576640cbca3c163377d70a19ab81018f9d11e9643bca51162c2029402929aa4cee7bd0e165896295ce32ccf7eefa157bae00014cbf12ba99c899d692991e4a714
I: MonitorObliviousTransfer::next
I: GeneratePublicKey::next
D:  sending message (size 0.000383 MB)
I: MonitorObliviousTransfer::next
I: SendPublicKey::next
I: MonitorObliviousTransfer::next
I: RecvEncryptedMessages::next
I: MonitorObliviousTransfer::next
I: DecryptChosenMessage::next
I: MonitorObliviousTransfer::next
I: ChooserDone::next
I: MonitorObliviousTransfer::next
I: MonitorObliviousTransfer::next
I: InitChooser::next
I: MonitorObliviousTransfer::next
I: RecvConstant::next
D: received message: 48bf705cace2bd7903be7a6a49333d7e51f97f7c52fedbc9f0a174bb2dc2d21515ad8b49ed04cd8315633b5ddff94bb1234d204cac2df7be5b65939e0c4274f1bcda7b39641ad92f853841e82cdd33bdd6c8b6266081cae8008f51615e990225bf8fb8a739d6253389ce13f6d5ee8ef6df70bfd6673f13e4646ee67654c108ea224fc85d18c5bc79ff8a1bb68403cbd6361b04ab54d923892c5cd252bcf104b3af5393b97a0a292dddac4c261fb94e0473b35aeb3cd492717142069d0411f55d
I: MonitorObliviousTransfer::next
I: GeneratePublicKey::next
D:  sending message (size 0.000383 MB)
I: MonitorObliviousTransfer::next
I: SendPublicKey::next
I: MonitorObliviousTransfer::next
I: RecvEncryptedMessages::next
I: MonitorObliviousTransfer::next
I: DecryptChosenMessage::next
I: MonitorObliviousTransfer::next
I: ChooserDone::next
I: MonitorObliviousTransfer::next
I: MonitorObliviousTransfer::next
I: InitChooser::next
I: MonitorObliviousTransfer::next
I: RecvConstant::next
D: received message: 5f9805dae106039c792f7ca6a190c9ebfee51d51d14848e9e04a93da5879653062be9451c8a8768aa2ca53bf58203271e517dddccd88891c4c71c14444b9df905162b6abbe2ad17f88fe1eb6d6cdad4513259ff84c930177ae9098cd4965b560023c41393dcfb6febba2573bdbe426f1902a9432d4d763eca26fcabe744789bb8ee92a5ae8429548b5f4acd2f3b64bc74ac02f8b35ca1d6f6021d8e7c12ac0287fd89bf50861a2b5ed45cb7833cddee0e8598d552e05bc3587a5e4edac10f2b0
I: MonitorObliviousTransfer::next
I: GeneratePublicKey::next
D:  sending message (size 0.000384 MB)
I: MonitorObliviousTransfer::next
I: SendPublicKey::next
I: MonitorObliviousTransfer::next
I: RecvEncryptedMessages::next
I: MonitorObliviousTransfer::next
I: DecryptChosenMessage::next
I: MonitorObliviousTransfer::next
I: ChooserDone::next
I: MonitorObliviousTransfer::next
I: MonitorObliviousTransfer::next
I: InitChooser::next
I: MonitorObliviousTransfer::next
I: RecvConstant::next
D: received message: 49cf69dd093392e78ffb00ac78855e6564df110d33aab5cb00bcf401c4b452b7a93aea7580a0e6efe51eb8af8d66e43d18a368c35128cc1eefb3c69881da12da1c4645462321a03986ee8ca0605288a2d784125096c471f4c3f1ecfd69f1bec6ca01e725f09eaa7e1e13dd68d2168051ea9912d286bccfbcaee8243231f6622b4743ed83aab260f6cc41794ab11a6ccbbf776fc34c82e60cf87fb22f61e285267ba7ee71bc2e58f42821da6f0b7a55762e59a94aeb5184a9149f953e4aab5824
I: MonitorObliviousTransfer::next
I: GeneratePublicKey::next
D:  sending message (size 0.000384 MB)
I: MonitorObliviousTransfer::next
I: SendPublicKey::next
I: MonitorObliviousTransfer::next
I: RecvEncryptedMessages::next
I: MonitorObliviousTransfer::next
I: DecryptChosenMessage::next
I: MonitorObliviousTransfer::next
I: ChooserDone::next
I: MonitorObliviousTransfer::next
I: MonitorObliviousTransfer::next
I: InitChooser::next
I: MonitorObliviousTransfer::next
I: RecvConstant::next
D: received message: 9fa08252291daef7345380dfb9bfaf01f88f28e34a227c48287c084db57032647491da6291d91210c43dfbf7ee03904fd5033a4b409cc615cccd266c367916545617db4b1d2e0fa8e2b9e7da8193f2fdf43033232a73d6e6736a761d256ba7a1e8920038eee8c6e6d46c218d0cc806b48642f2911d2e1687336f2fc7075f4e85e3f492ac7d3abbb040e2eee7fc94b756894bafe0200150034734692fcf8801ddc914ecc7d9f47e7ad500a265e442932d88af9803f196c4fa46b18a6857fc459d
I: MonitorObliviousTransfer::next
I: GeneratePublicKey::next
D:  sending message (size 0.000384 MB)
I: MonitorObliviousTransfer::next
I: SendPublicKey::next
I: MonitorObliviousTransfer::next
I: RecvEncryptedMessages::next
I: MonitorObliviousTransfer::next
I: DecryptChosenMessage::next
I: MonitorObliviousTransfer::next
I: ChooserDone::next
I: MonitorObliviousTransfer::next
I: MonitorObliviousTransfer::next
I: InitChooser::next
I: MonitorObliviousTransfer::next
I: RecvConstant::next
D: received message: bcd544c909d1b4556f23ae5ec2b50399fd755789909d47b614f38d7c66c3ae495e1c6bc57505164b157d5476a4ad532cd2864d73fb2cc2d7756db1d48046f2d41f1ddf9134ec5ce5626fea0c67f05deeef5bfd8ff78e02a2789832765a28dbb04e180dc630b02277a0e28b7fc1ed13bdfb188aff5cb9229dc9d19c523ea0dd00603622d746229eb05b9ef27934c526afd9bade195deeaf2055f216021ed99acebc809b213905bf1897bc8edb5aa48ec567a6d055eaaaa1da35e610c4923d233e
I: MonitorObliviousTransfer::next
I: GeneratePublicKey::next
D:  sending message (size 0.000384 MB)
I: MonitorObliviousTransfer::next
I: SendPublicKey::next
I: MonitorObliviousTransfer::next
I: RecvEncryptedMessages::next
I: MonitorObliviousTransfer::next
I: DecryptChosenMessage::next
I: MonitorObliviousTransfer::next
I: ChooserDone::next
I: MonitorObliviousTransfer::next
I: MonitorObliviousTransfer::next
I: InitChooser::next
I: MonitorObliviousTransfer::next
I: RecvConstant::next
D: received message: 15a316cc5a71420ebd6ba4a544c75ebf0ee0a30e250f46f70430d785d607c91f1db23502d79dd51b1efc9ee3dd171ddfc648618d6b1b8527bc8ed014a15e2b055937cba27bc923b590f98aeec39cb7b34c31460c335ff431ad92dcd43ee203b9d843c5638262596137f18dcc60f635d1e6374879c730c2210e6eeace37047441b2a683bd5caa9f8e54cfc71d9effa0e70e396d61e2c99d249dc75b6cfd0d0a6615b14bd14cc50a132d0586a9bb863b0830354364bbdc4766da092f96fd37769b
I: MonitorObliviousTransfer::next
I: GeneratePublicKey::next
D:  sending message (size 0.000384 MB)
I: MonitorObliviousTransfer::next
I: SendPublicKey::next
I: MonitorObliviousTransfer::next
I: RecvEncryptedMessages::next
I: MonitorObliviousTransfer::next
I: DecryptChosenMessage::next
I: MonitorObliviousTransfer::next
I: ChooserDone::next
I: MonitorObliviousTransfer::next
I: MonitorObliviousTransfer::next
I: InitChooser::next
I: MonitorObliviousTransfer::next
I: RecvConstant::next
D: received message: 9739d547ec4b7d9e2ca80f80466dfa8a071e581247bb1a1bde48498481a8b752fcfabff9557b3378436a16ef185700a249614b3173d41ee2ee6271c5245c2dfdcd005a1ad6a6adbdccc83ac9225dfa44c385028f7a7b13492d5bd4b8964eba522f07bfd13c31202f4d51ac908af70905b6dcd97977238b14d55632369245cbfc3751b99100964b70ffab69418ba86a870094f3d6ff51b4eb5144ff6225adb56b8e338a83ae5183ea93aef47b6edd65c87f60553c5ce139d24dc8a19926beeb3d
I: MonitorObliviousTransfer::next
I: GeneratePublicKey::next
D:  sending message (size 0.000384 MB)
I: MonitorObliviousTransfer::next
I: SendPublicKey::next
I: MonitorObliviousTransfer::next
I: RecvEncryptedMessages::next
I: MonitorObliviousTransfer::next
I: DecryptChosenMessage::next
I: MonitorObliviousTransfer::next
I: ChooserDone::next
I: MonitorObliviousTransfer::next
I: MonitorObliviousTransfer::next
I: InitChooser::next
I: MonitorObliviousTransfer::next
I: RecvConstant::next
D: received message: b6c43ea775051133d7db69cc88722898fbdc223cd44e03a7f5ff0ac0403d00bb54ba096e2252305e0898ba5c00ef1964b681a0557bd8c8e73597c307677e6ddeaa41861cb1158acf52f9020ef9e2c5764025113647eb3ce1c456828ef15c362e56de94debc70ea2937fc3abf28784a360c764f2ae99040d58fd19b3925945e0e469bd999d808c8f465296f9dbe7fe40d8192ee9700816efae59c678b4a8238e32262b33dbe9fc20811e0e6ddcfe4a169255155c12cafa8bfd49a00a92f1a627b
I: MonitorObliviousTransfer::next
I: GeneratePublicKey::next
D:  sending message (size 0.000384 MB)
I: MonitorObliviousTransfer::next
I: SendPublicKey::next
I: MonitorObliviousTransfer::next
I: RecvEncryptedMessages::next
I: MonitorObliviousTransfer::next
I: DecryptChosenMessage::next
I: MonitorObliviousTransfer::next
I: ChooserDone::next
I: MonitorObliviousTransfer::next
I: MonitorObliviousTransfer::next
I: InitChooser::next
I: MonitorObliviousTransfer::next
I: RecvConstant::next
D: received message: b27401badafc6164427b9b9b8f9d1620b860c8a25ef2e4b9ba3489ea3b754c73f6cbbd4ce47a551e4b52f4b89d5c84c618ecd9603a968c5fff6e6c49364a2bd334f224225d287422c39f1e469a7bd90daadc964257a997dd627374386caf00a523c761bd2e2de3e0603cd84549695e8db43ba5cf436231b889827f612a43a2c4c0c7da19cc4cb2434f73d7a415916f7c5773e510e766c371255a05a224e6ef7efc9bd7a629e698dcab02a58891d9f28da938d352e43cf95a9bfdb0306526bb7a
I: MonitorObliviousTransfer::next
I: GeneratePublicKey::next
D:  sending message (size 0.000383 MB)
I: MonitorObliviousTransfer::next
I: SendPublicKey::next
I: MonitorObliviousTransfer::next
I: RecvEncryptedMessages::next
I: MonitorObliviousTransfer::next
I: DecryptChosenMessage::next
I: MonitorObliviousTransfer::next
I: ChooserDone::next
I: MonitorObliviousTransfer::next
I: MonitorObliviousTransfer::next
I: InitChooser::next
I: MonitorObliviousTransfer::next
I: RecvConstant::next
D: received message: 3f93d24a153badb64943be7a5fa9f660e8d07efedda91cdd6eb4e4a8da397c94cc5618ada2b19c06281104e2f6413f1d736cf3059a45c18e0be335cbc6acad218a59f9ff608da9737cc05e217911d805121f0194ad30b5166958f4d9d5dcf8739f9dec655f2873f77fc33698a7e0e5c632add69baef4bd86a0d54b0e9f4436aaea1c025baf636590a0c75d4f77bc53aec0f02829a6f7e7d2758ad2f0d1c7322c5dbff29bdc68057718c620cf9208019bab87475dff2f0b802bc35192e8fceca3
I: MonitorObliviousTransfer::next
I: GeneratePublicKey::next
D:  sending message (size 0.000384 MB)
I: MonitorObliviousTransfer::next
I: SendPublicKey::next
I: MonitorObliviousTransfer::next
I: RecvEncryptedMessages::next
I: MonitorObliviousTransfer::next
I: DecryptChosenMessage::next
I: MonitorObliviousTransfer::next
I: ChooserDone::next
I: MonitorObliviousTransfer::next
I: MonitorObliviousTransfer::next
I: InitChooser::next
I: MonitorObliviousTransfer::next
I: RecvConstant::next
D: received message: 4602506fbe1c30c667aade02861a63bc100edd1a69b873692a11b693f4bda2e1b56182461112f16accba948625ae8c7fdb89944820f97413cfe8859705c3210541eb330b0b789bc2b74f7397a47653aa804af88841de275d01851adaf5f6a3b135171da974e7a6937cff2dc2bcc242a76c9f0d47ee039256c959d5e7d46f1c6ea1eb47e7898fc10e7fa2df32a85ac99008ceb4e98571b6330d002bf403ff46fb2980ad59cc4ca156bb5ceebbc3f3f7ea230effc1bef43498c92980062acc61a9
I: MonitorObliviousTransfer::next
I: GeneratePublicKey::next
D:  sending message (size 0.000384 MB)
I: MonitorObliviousTransfer::next
I: SendPublicKey::next
I: MonitorObliviousTransfer::next
I: RecvEncryptedMessages::next
I: MonitorObliviousTransfer::next
I: DecryptChosenMessage::next
I: MonitorObliviousTransfer::next
I: ChooserDone::next
I: MonitorObliviousTransfer::next
I: MonitorObliviousTransfer::next
I: InitChooser::next
I: MonitorObliviousTransfer::next
I: RecvConstant::next
D: received message: 382d5767e5d5dd8000191bb6d67200bec9ff4068d3d7daa55a1030ad70ca40ab216ae17aa4940bf59713288adde75a3bd8cdd15f6aea0c41e03cd2a4a9693ec257f4df770cc867f21648ab1bca01c06c1bbb771b646318043f7ba4f18239c692ce559bde6de2be0d4dff36a47f4d61c8bea9c456d9d15a54de4f5eda8e48fc4c6a831c6bb11f4098f4b39df89c013d93a5da4dd8ff3c48bba1bf82d00227a036ae605f6d27ef375d2c482d3796291872029203eb077efe166230bed21e36b1c7
I: MonitorObliviousTransfer::next
I: GeneratePublicKey::next
D:  sending message (size 0.000384 MB)
I: MonitorObliviousTransfer::next
I: SendPublicKey::next
I: MonitorObliviousTransfer::next
I: RecvEncryptedMessages::next
I: MonitorObliviousTransfer::next
I: DecryptChosenMessage::next
I: MonitorObliviousTransfer::next
I: ChooserDone::next
I: MonitorObliviousTransfer::next
I: MonitorObliviousTransfer::next
I: InitChooser::next
I: MonitorObliviousTransfer::next
I: RecvConstant::next
D: received message: 1d213a3a5f2464398e0e851e4bdf1745981b3a4572a2f957ab8c212d929156ea1cb26fdf9bd1a34f30db6dd270d5572caf7179bfe09bf32d67cb513933484f4d7b8797add0d22873646468bb86c2427a9d009002cb877814a25862cd4eda80a32570af4f9de2ca0ec7607183e89ee40687c73e08cc2f799ab4f81744b89a0ec6f4c7ce93181c1088ee31159b46c5bfe6a94eec156a1f6d3e5f8385c6cc4a8ca5c8ea35c9c450d76ec82d0a1993a387c2c7cf94185cfb05854943b9952b63ed3f
I: MonitorObliviousTransfer::next
I: GeneratePublicKey::next
D:  sending message (size 0.000384 MB)
I: MonitorObliviousTransfer::next
I: SendPublicKey::next
I: MonitorObliviousTransfer::next
I: RecvEncryptedMessages::next
I: MonitorObliviousTransfer::next
I: DecryptChosenMessage::next
I: MonitorObliviousTransfer::next
I: ChooserDone::next
I: MonitorObliviousTransfer::next
I: MonitorObliviousTransfer::next
I: InitChooser::next
I: MonitorObliviousTransfer::next
I: RecvConstant::next
D: received message: ad7b83f5dc4ab5a0a56655f473967b3cd48b39569d44e0bd020ae3a318e90f54e6038cf6d79df1c9817ab9d26c7276eb5da25282c320e1c0c7f68aa7325fc71fd47a40bb3812cdcb1de80d5a326b6c84a1a27d35da0f9a31f5db9dad39636b1e0f2162778e9de0972511633e7820492d500136e02b6d14ccdc593035d3e485af622b6817ddf4f29497dd9f3af5f856afe886bac441cf6954c70779d6180a32e77182e89bedb92187f064e1295a50555817b1c99c40f4dde870f124bf4ec3141b
I: MonitorObliviousTransfer::next
I: GeneratePublicKey::next
D:  sending message (size 0.000384 MB)
I: MonitorObliviousTransfer::next
I: SendPublicKey::next
I: MonitorObliviousTransfer::next
I: RecvEncryptedMessages::next
I: MonitorObliviousTransfer::next
I: DecryptChosenMessage::next
I: MonitorObliviousTransfer::next
I: ChooserDone::next
I: MonitorObliviousTransfer::next
I: MonitorObliviousTransfer::next
I: InitChooser::next
I: MonitorObliviousTransfer::next
I: RecvConstant::next
D: received message: 856bc61d59777de54cee7b14a179d015b374ca6df4ba3230ea3cb87868f349e687418667d69f9179c8342362e747ceb4493f8e2221be057000403d40fef18c8b30247864cb740c323fdc5dd21823ef843f0745ff3652794d7343578b0b78e9ca7a2e71f3827a7d1b2d693633568d8a9c8fce5c1fb82b5de8a53df5f57f3b32cded03a037664433504cf01f7fbd91cd2e9a03a5e4736e57692c50e689845df64b6afd1438ab0b9b56e8e9e13dc5dd3e4fae192ad086aff3feedc371c793ccb20b
I: MonitorObliviousTransfer::next
I: GeneratePublicKey::next
D:  sending message (size 0.000384 MB)
I: MonitorObliviousTransfer::next
I: SendPublicKey::next
I: MonitorObliviousTransfer::next
I: RecvEncryptedMessages::next
I: MonitorObliviousTransfer::next
I: DecryptChosenMessage::next
I: MonitorObliviousTransfer::next
I: ChooserDone::next
I: MonitorObliviousTransfer::next
I: MonitorObliviousTransfer::next
I: InitChooser::next
I: MonitorObliviousTransfer::next
I: RecvConstant::next
D: received message: cf7571121930da767221b0a5b3d8d6e559845095cbf9e22e553c37321cddb9cdf091c02a2f898444424c92ee8b3088b4d8d9393faa84d853fa44c35f5ceca49127553747b7b1773b46be024b009a937df50be37d8ed5a9974cdf41a01fee79277f97eb31347e2f07a8ad41e3a831f6b1895dce5d533d60b7821d2a54553b8923a19b73029a8acabbb06980ef395565877c61c2492b832d9bc8f7acd8e69beab00939bf313c18075908d2d9d1c01b954a1b5156e36b0fcd5044a70e9523b5b8ae
I: MonitorObliviousTransfer::next
I: GeneratePublicKey::next
D:  sending message (size 0.000384 MB)
I: MonitorObliviousTransfer::next
I: SendPublicKey::next
I: MonitorObliviousTransfer::next
I: RecvEncryptedMessages::next
I: MonitorObliviousTransfer::next
I: DecryptChosenMessage::next
I: MonitorObliviousTransfer::next
I: ChooserDone::next
I: MonitorObliviousTransfer::next
I: MonitorObliviousTransfer::next
I: InitChooser::next
I: MonitorObliviousTransfer::next
I: RecvConstant::next
D: received message: 1f32e98a688072931c9351f0fa0a726dd053a825a33a182bd7a8d9834e0443e2ba4bf70bf78eaec00739079bc8648b9030b69c463ecc0f137c57a66214ac30f417fc1930fe72ee4b45073ec0a5bf5739fa159f5ad9962c740a940facd9279b0a43158da19eeaf457bf0b2fc345ae2ef17aa332aaa9e1d8c6cefc6c3594d2c108588db5240809f56d8412d9b7e4d877e6108dd1aea6fcb31ba425e02aa9c6fec399bb2e3e3e128752b4275252cc11884314944e8ab493a793a9c5d393a3f6eb25
I: MonitorObliviousTransfer::next
I: GeneratePublicKey::next
D:  sending message (size 0.000384 MB)
I: MonitorObliviousTransfer::next
I: SendPublicKey::next
I: MonitorObliviousTransfer::next
I: RecvEncryptedMessages::next
I: MonitorObliviousTransfer::next
I: DecryptChosenMessage::next
I: MonitorObliviousTransfer::next
I: ChooserDone::next
I: MonitorObliviousTransfer::next
I: MonitorObliviousTransfer::next
I: InitChooser::next
I: MonitorObliviousTransfer::next
I: RecvConstant::next
D: received message: f42426997bb378c6bf127ad7efc271f07e2a3184dcff30298c59e1a598994d4793e3a860a3bdb6857b79ed3b8b37f3c0f60c556e1550dea190dffbc0727321b5eea452bfe59c6299d5b6053c0304b1f832e5f1e73b96f2fe2489a4f020852c55f318286456bd233adaf0f0f0f901c529246dbba1d232daaad7804e304802cfa810acfcbb594371768b32505be7ecf8b2b930e683a3f84a4a2a6174b4101e32693a7e00fde9a95b9442fd45a9f881449688eca23fbdeed7ace8f13ad2cd64194e
I: MonitorObliviousTransfer::next
I: GeneratePublicKey::next
D:  sending message (size 0.000384 MB)
I: MonitorObliviousTransfer::next
I: SendPublicKey::next
I: MonitorObliviousTransfer::next
I: RecvEncryptedMessages::next
I: MonitorObliviousTransfer::next
I: DecryptChosenMessage::next
I: MonitorObliviousTransfer::next
I: ChooserDone::next
I: MonitorObliviousTransfer::next
I: MonitorObliviousTransfer::next
I: InitChooser::next
I: MonitorObliviousTransfer::next
I: RecvConstant::next
D: received message: 11402ac66084336f0b45a7212f6748497a1bf86199dbaf750b4e93a849fbcc028f3680c9d9aa0040192814882bb6da39729ca7d3ab53fd0be8a446736eebe3b73afada9d8702db82f77f0ba1980af1166bcd8b3a61ba6d4bac8c336e406cdc58835df81e1a0d70cbd291ed9f3761dd2224a4fe42d015b1b1df50104e89bbbd7c3b4fbae404442e7e8997630f3d93f0ad59fcd25b043e051b8a34419261688ea1e2092d9bcd879d21fe9c6ea42e12366a14fb3500b4c32dc0deaa9218812a132f
I: MonitorObliviousTransfer::next
I: GeneratePublicKey::next
D:  sending message (size 0.000384 MB)
I: MonitorObliviousTransfer::next
I: SendPublicKey::next
I: MonitorObliviousTransfer::next
I: RecvEncryptedMessages::next
I: MonitorObliviousTransfer::next
I: DecryptChosenMessage::next
I: MonitorObliviousTransfer::next
I: ChooserDone::next
I: MonitorObliviousTransfer::next
I: MonitorObliviousTransfer::next
I: EvaluateCircuit::next
D:   evaluating gate 10000
D:  sending message (size 0.000001 MB)
I: SendOutputBit::next
I: ==== round duration: 30278.292969 ms ====
I: CopyMonitorStateLabels::next
I: RecvGarbledGates::next
I: RecvSystemInputLabels::next
I: RecvFlagBitLabels::next
I: EvaluateCircuit::next
D:   evaluating gate 10000
D:  sending message (size 0.000001 MB)
I: SendOutputBit::next
I: ==== round duration: 34104.289062 ms ====
I: CopyMonitorStateLabels::next
I: RecvGarbledGates::next
I: RecvSystemInputLabels::next
I: RecvFlagBitLabels::next
I: EvaluateCircuit::next
D:   evaluating gate 10000
D:  sending message (size 0.000001 MB)
I: SendOutputBit::next
I: ==== round duration: 31631.527344 ms ====
I: FaultObserved::next
I: MonitorDone::next
