I: parsing spec file timekeeper+.v...
skipping synthesis, BLIF file already exists.
I: parsing BLIF file synth.blif...
D: inputs and outputs parsed.
D: circuit initialized.
D: connections (#738) parsed.
D: gates (#7056) parsed.
D: outputs: 14040 14043 14046 14049 14052 14055 14058 14061 14064 14067 14070 14073 14076 14079 14082 14085 14088 14091 14094 14097 14100 14103 14106 14109 14112 14115 14118 14121 14124 14127 14130 14132 14038 
D: circuit size: 14133
D: adding identity gates for outputs...
D: outputs after identity: 14166 14167 14168 14169 14170 14171 14172 14173 14174 14175 14176 14177 14178 14179 14180 14181 14182 14183 14184 14185 14186 14187 14188 14189 14190 14191 14192 14193 14194 14195 14196 14197 14198 
D: circuit size after identity: 14199
I: initializing safe primes...
I: using prime modulus 179769313486231590770839156793787453197860296048756011706444423684197180216158519368947833795864925541502180565485980503646440548199239100050792877003355816639229553136239076508735759914822574862575007425302077447712589550957937778424442426617334727629299387668709205606050270810842907692932019128194467627007
D:  sending message (size 0.000004 MB)
I: InitMonitor::next
I: GenerateDriverLabels::next
D:   driver labels generated in 11069.765625 ms
I: GenerateInWireKeys::next
D:   in-wire keys generated in 3635.899170 ms
D: SendLabels::message
D:   generating in-wire labels for 7127 gates
D:   in-wire labels generated in 3935.530762 ms
D:  gateCount: 7127
D:  sending message (size 7.310332 MB)
I: SendLabels::next
I: RecvGarbledGates::next
I: RecvSystemInputLabels::next
I: RecvFlagBitLabels::next
I: MonitorObliviousTransfer::next
I: InitChooser::next
I: MonitorObliviousTransfer::next
I: RecvConstant::next
D: received message: 4d323451af055e8490de6305a5caee0b17cb5f09f92a3f5c660a092d4969d0ddc49faff31577abf6b5e368ae013174a30c5d9ea18b16133af0f9db41f318bee8da0147a1e2056b976ecc598951f44dca4a85cf3a7dc0177434d5ddd10d841a9e85d99ab6bbdfd85e7c0890df41e9afb87b340f5030914f53d56036033528ca77
I: MonitorObliviousTransfer::next
I: GeneratePublicKey::next
D:  sending message (size 0.000256 MB)
I: MonitorObliviousTransfer::next
I: SendPublicKey::next
I: MonitorObliviousTransfer::next
I: RecvEncryptedMessages::next
I: MonitorObliviousTransfer::next
I: DecryptChosenMessage::next
I: MonitorObliviousTransfer::next
I: ChooserDone::next
I: MonitorObliviousTransfer::next
I: MonitorObliviousTransfer::next
I: InitChooser::next
I: MonitorObliviousTransfer::next
I: RecvConstant::next
D: received message: 166eda6dcaf6acefef070e091f8cf05eedbc2c99c22197d7ee9b91ad0a514c9abcf5556f4f4aedc8a51d15f119ff340e3995a51440b537782c9dcdd7a411b2eb167af0dc5f4a946da60a2b063cfcd89c3f7d58dc18adf7e3e1aad3d2838e7bd923b25136b157b7812c580dca8f8a481bb2d02b3a6023447b745f92ad3feefd55
I: MonitorObliviousTransfer::next
I: GeneratePublicKey::next
D:  sending message (size 0.000256 MB)
I: MonitorObliviousTransfer::next
I: SendPublicKey::next
I: MonitorObliviousTransfer::next
I: RecvEncryptedMessages::next
I: MonitorObliviousTransfer::next
I: DecryptChosenMessage::next
I: MonitorObliviousTransfer::next
I: ChooserDone::next
I: MonitorObliviousTransfer::next
I: MonitorObliviousTransfer::next
I: InitChooser::next
I: MonitorObliviousTransfer::next
I: RecvConstant::next
D: received message: 83413b5b9bdd46eebf6651a3dd03ba01ace9d56866a9ac34e5ada485cc0760b974c30c498beb931eb5f84691d55f547598d73b49f20777a06088f7fb4bc19aeabcae4ac88fbe633fac1297d58a50955e67be8964532ee81a3331bea133bb4afee2c591b019e64c50111803e8142d2a9f56de6e5b07dd7eeff1e1db0e57d98e99
I: MonitorObliviousTransfer::next
I: GeneratePublicKey::next
D:  sending message (size 0.000256 MB)
I: MonitorObliviousTransfer::next
I: SendPublicKey::next
I: MonitorObliviousTransfer::next
I: RecvEncryptedMessages::next
I: MonitorObliviousTransfer::next
I: DecryptChosenMessage::next
I: MonitorObliviousTransfer::next
I: ChooserDone::next
I: MonitorObliviousTransfer::next
I: MonitorObliviousTransfer::next
I: InitChooser::next
I: MonitorObliviousTransfer::next
I: RecvConstant::next
D: received message: f18717b3797bbeedfa94e1430e53ff08c4dafce1246e3521d3d441c43b96944715dcdd60c0a579885dd649d8570b6c73e8f1064e253714101708604e8f83fd486afbc8c6d098a7cf9d150fd2a558012aedf0f6db63fc8257e381c0451e4a83071f22c48f71d33e7c3a38faaf68e32f648bdb2d6760d519c1966121d34e236b8
I: MonitorObliviousTransfer::next
I: GeneratePublicKey::next
D:  sending message (size 0.000256 MB)
I: MonitorObliviousTransfer::next
I: SendPublicKey::next
I: MonitorObliviousTransfer::next
I: RecvEncryptedMessages::next
I: MonitorObliviousTransfer::next
I: DecryptChosenMessage::next
I: MonitorObliviousTransfer::next
I: ChooserDone::next
I: MonitorObliviousTransfer::next
I: MonitorObliviousTransfer::next
I: InitChooser::next
I: MonitorObliviousTransfer::next
I: RecvConstant::next
D: received message: 20cd192a9aafa077a352c3b4b4a533f63bf246ceb75358ac722ffebdccde8759e2e523aa8a66fbd36b6bb40c81295bbd0e6b395667a2f83456e9a7978f40275832af1eb19be6d0a19cc700c46ef2e8be2cf503b34b7ad21c0407842fc0c6f33f2b6cf2e0466d4f2e4eca8951b8484c1e5875cf67d2454df9baa19da6020437c0
I: MonitorObliviousTransfer::next
I: GeneratePublicKey::next
D:  sending message (size 0.000256 MB)
I: MonitorObliviousTransfer::next
I: SendPublicKey::next
I: MonitorObliviousTransfer::next
I: RecvEncryptedMessages::next
I: MonitorObliviousTransfer::next
I: DecryptChosenMessage::next
I: MonitorObliviousTransfer::next
I: ChooserDone::next
I: MonitorObliviousTransfer::next
I: MonitorObliviousTransfer::next
I: InitChooser::next
I: MonitorObliviousTransfer::next
I: RecvConstant::next
D: received message: c802212d991b29106c7a40f2d927ab26d7fe0d870277dfd15d77aabf41c95a659c6cc83b48baf8d5640a0e0683ff313db779cb6d56a30691e7f60dade778a496a69e883ea57527674189203a3675f408dc5a58f09846a00842546fea294c8c0d08191303d4639bd1632338a9bc809f9e6779ab86091088260de5741e9d6a9a16
I: MonitorObliviousTransfer::next
I: GeneratePublicKey::next
D:  sending message (size 0.000256 MB)
I: MonitorObliviousTransfer::next
I: SendPublicKey::next
I: MonitorObliviousTransfer::next
I: RecvEncryptedMessages::next
I: MonitorObliviousTransfer::next
I: DecryptChosenMessage::next
I: MonitorObliviousTransfer::next
I: ChooserDone::next
I: MonitorObliviousTransfer::next
I: MonitorObliviousTransfer::next
I: InitChooser::next
I: MonitorObliviousTransfer::next
I: RecvConstant::next
D: received message: ac7ca1f92ffbbbacd89b206836769f00a3511a70e3cd26a83b22127aa83227d2e68833ab4b757f5d3d927fcb5ff64313584bed90fa8ef7704de6f5cb277e27f81f4d7ec361d2791019b024a7ecc95e087200fc1e9fbaf13bc82b306e5be8e215f6a12f93ba5bb4d43be79aa96aa573b79fd1caf85f06d507eb3ffd3ff346a963
I: MonitorObliviousTransfer::next
I: GeneratePublicKey::next
D:  sending message (size 0.000256 MB)
I: MonitorObliviousTransfer::next
I: SendPublicKey::next
I: MonitorObliviousTransfer::next
I: RecvEncryptedMessages::next
I: MonitorObliviousTransfer::next
I: DecryptChosenMessage::next
I: MonitorObliviousTransfer::next
I: ChooserDone::next
I: MonitorObliviousTransfer::next
I: MonitorObliviousTransfer::next
I: InitChooser::next
I: MonitorObliviousTransfer::next
I: RecvConstant::next
D: received message: d86f4891f2d569d864fc13923aec2bb25e9ba5bc8aaff979a082a32c72644d1bdfdecaf8e3fc1b1ef9af7ca7766414f3ddc5efd96513f4854503e2c3d56ca33cf8ee876487ca583097fe8239e48d706b3b729aca678b0675161938097dd73c8238ca92a67f566d9eefbbf5820e73de242720d8e0d65ca54e7a6cfebd3857b14a
I: MonitorObliviousTransfer::next
I: GeneratePublicKey::next
D:  sending message (size 0.000255 MB)
I: MonitorObliviousTransfer::next
I: SendPublicKey::next
I: MonitorObliviousTransfer::next
I: RecvEncryptedMessages::next
I: MonitorObliviousTransfer::next
I: DecryptChosenMessage::next
I: MonitorObliviousTransfer::next
I: ChooserDone::next
I: MonitorObliviousTransfer::next
I: MonitorObliviousTransfer::next
I: InitChooser::next
I: MonitorObliviousTransfer::next
I: RecvConstant::next
D: received message: e39dc23093c0bbaba256b88b4657091d2f9cb6055745b1f95878bfe7e7401a528c2eafe92e0f98c7ba3faa2eb5931e37e5c1f2286f12739abfbe306e2f3ce21f380295967fb22784fc4ce392a1d370ba9782527bddadb80da59a7d6779414bf81fa8a64d2982ac2df58cf9d8ff9c6dcd5cda1bbd59632ec2b42dfa3521449102
I: MonitorObliviousTransfer::next
I: GeneratePublicKey::next
D:  sending message (size 0.000256 MB)
I: MonitorObliviousTransfer::next
I: SendPublicKey::next
I: MonitorObliviousTransfer::next
I: RecvEncryptedMessages::next
I: MonitorObliviousTransfer::next
I: DecryptChosenMessage::next
I: MonitorObliviousTransfer::next
I: ChooserDone::next
I: MonitorObliviousTransfer::next
I: MonitorObliviousTransfer::next
I: InitChooser::next
I: MonitorObliviousTransfer::next
I: RecvConstant::next
D: received message: fec0e772bace9f839bfd6bc47f96a38c97ba49d82ad22a7c93b2f92fce07c06c534b3630434d8f4f4cfb4bd9074d8c8c3484b42b6c4cbbeaf1e0438130ccec7336bee38127bf38059dd9ccd6e7f06b4c7ddad499442eaaccc3667a96502441d0d85a2d431db5370742471de499d6e5c4aa463b8bbb8e4023db79b20d02ac5a17
I: MonitorObliviousTransfer::next
I: GeneratePublicKey::next
D:  sending message (size 0.000255 MB)
I: MonitorObliviousTransfer::next
I: SendPublicKey::next
I: MonitorObliviousTransfer::next
I: RecvEncryptedMessages::next
I: MonitorObliviousTransfer::next
I: DecryptChosenMessage::next
I: MonitorObliviousTransfer::next
I: ChooserDone::next
I: MonitorObliviousTransfer::next
I: MonitorObliviousTransfer::next
I: InitChooser::next
I: MonitorObliviousTransfer::next
I: RecvConstant::next
D: received message: 92d1fb3e5e8ce436c19778aeb34867ebd1dbca1c90e31280c4840e417a99d34c8ed3ba12885a63d2ef7ebc60ba196e8e4440a240d6e665c6634dcefaddd39645c68cef3c06daa302553e42f206b07e28278b5291b160fc3ae4291fa80b6cc27f38159c9dc30728654a1feb45301544ba8818f9059e450f1eb6d395e7bf1bd193
I: MonitorObliviousTransfer::next
I: GeneratePublicKey::next
D:  sending message (size 0.000256 MB)
I: MonitorObliviousTransfer::next
I: SendPublicKey::next
I: MonitorObliviousTransfer::next
I: RecvEncryptedMessages::next
I: MonitorObliviousTransfer::next
I: DecryptChosenMessage::next
I: MonitorObliviousTransfer::next
I: ChooserDone::next
I: MonitorObliviousTransfer::next
I: MonitorObliviousTransfer::next
I: InitChooser::next
I: MonitorObliviousTransfer::next
I: RecvConstant::next
D: received message: 9d66ac925251cc761e1a87fc8c4060d77189f4b26b4b007a59887b9f9f5f82b6d71886e82ad7e6055fc209b443ebc02b6905b446a03d5d197cd729fb6cf9b4a69b41229bff7081d4154028f52e6427a7895717f608f8757f35ca440c47601ee54637f0cb2df0e2b4355895a9b287c90b7e06415a2184fca5797c35dfc6e5f1db
I: MonitorObliviousTransfer::next
I: GeneratePublicKey::next
D:  sending message (size 0.000256 MB)
I: MonitorObliviousTransfer::next
I: SendPublicKey::next
I: MonitorObliviousTransfer::next
I: RecvEncryptedMessages::next
I: MonitorObliviousTransfer::next
I: DecryptChosenMessage::next
I: MonitorObliviousTransfer::next
I: ChooserDone::next
I: MonitorObliviousTransfer::next
I: MonitorObliviousTransfer::next
I: InitChooser::next
I: MonitorObliviousTransfer::next
I: RecvConstant::next
D: received message: d11afb76454b684ad7ff64d9728beffb11e83c3a18a55e18c9c56d4cae7c9bebd80e83d0c9ce2f197e70acf1c2f18d0b61eeecf719358f993bae62938dd422bde8842ff2c23296c5d20dd3abbc0b431fb001c81c629da5e42fd812a7bcd5565bdff0e726f78fdf4a293fa3dd8aa0ff2273af481bc3305ff66eb6d5cf8160dad6
I: MonitorObliviousTransfer::next
I: GeneratePublicKey::next
D:  sending message (size 0.000256 MB)
I: MonitorObliviousTransfer::next
I: SendPublicKey::next
I: MonitorObliviousTransfer::next
I: RecvEncryptedMessages::next
I: MonitorObliviousTransfer::next
I: DecryptChosenMessage::next
I: MonitorObliviousTransfer::next
I: ChooserDone::next
I: MonitorObliviousTransfer::next
I: MonitorObliviousTransfer::next
I: InitChooser::next
I: MonitorObliviousTransfer::next
I: RecvConstant::next
D: received message: eae7933c0f0c1c983af08ea0f1afd1e08c1b27fae42211a1c1dfebe49da19681a609fe2b97207ad308e1bf74cbe76dcbebf8eb628211fdc98d6786cac5e09274a22d5b76eb59d0d848ad69b6f4309abfe75d8af3ee2f1633ae3e0f59b357ed45ed538d680ba18f4c923e3938641ce0fc3d409d6dd0f4ebcd871b280916fb63c6
I: MonitorObliviousTransfer::next
I: GeneratePublicKey::next
D:  sending message (size 0.000256 MB)
I: MonitorObliviousTransfer::next
I: SendPublicKey::next
I: MonitorObliviousTransfer::next
I: RecvEncryptedMessages::next
I: MonitorObliviousTransfer::next
I: DecryptChosenMessage::next
I: MonitorObliviousTransfer::next
I: ChooserDone::next
I: MonitorObliviousTransfer::next
I: MonitorObliviousTransfer::next
I: InitChooser::next
I: MonitorObliviousTransfer::next
I: RecvConstant::next
D: received message: 8e55bbd0c8926ec818c5ade06fae7b838f38b94b84be39ba377a98d704a4193394756b77a115ef979506ab75d4ef5f4c404bc13064d155b1d078d5ba802549dbd1a6c07c85098ebc7d3391d54af9f9e01696a3c8b372d2930684ce38367a88c556aea95503dcbe179db979cc2b12d73eb9fa58de5c2e95ed5940f9741a26ede8
I: MonitorObliviousTransfer::next
I: GeneratePublicKey::next
D:  sending message (size 0.000256 MB)
I: MonitorObliviousTransfer::next
I: SendPublicKey::next
I: MonitorObliviousTransfer::next
I: RecvEncryptedMessages::next
I: MonitorObliviousTransfer::next
I: DecryptChosenMessage::next
I: MonitorObliviousTransfer::next
I: ChooserDone::next
I: MonitorObliviousTransfer::next
I: MonitorObliviousTransfer::next
I: InitChooser::next
I: MonitorObliviousTransfer::next
I: RecvConstant::next
D: received message: f4456b16606efe1f37a48e15a0f718255869f90435249d715d0bcfd381d6d12b0d2489dd1c2cf1873f6f6d8f8c4b6c87e748487c343979a5e96e4b108eb6964c9b87f778eafd4eb0361cf18c6e5f763c39d612889471942c0def40b193bd6f0a7615241d850a8d29eb13aeea7db0687cb12beaeeb03a4e40edc8737c08db13c5
I: MonitorObliviousTransfer::next
I: GeneratePublicKey::next
D:  sending message (size 0.000255 MB)
I: MonitorObliviousTransfer::next
I: SendPublicKey::next
I: MonitorObliviousTransfer::next
I: RecvEncryptedMessages::next
I: MonitorObliviousTransfer::next
I: DecryptChosenMessage::next
I: MonitorObliviousTransfer::next
I: ChooserDone::next
I: MonitorObliviousTransfer::next
I: MonitorObliviousTransfer::next
I: InitChooser::next
I: MonitorObliviousTransfer::next
I: RecvConstant::next
D: received message: df662a07da94cbdb7a73c35ca4185ba0bd15a1d79f98e7e23a04ab8cb4c007b0bff5eb7cae9c7060f50dbb501a3a278e7ae0790a5bd1d918ae82284943d46a80a2f864316887604602440673397c7354cec2145c98f5b6d31144ad9d103365c4e347ed51012f7e701556db85ebf58d603bbb38349e59760a98ce910a5aefa7ec
I: MonitorObliviousTransfer::next
I: GeneratePublicKey::next
D:  sending message (size 0.000256 MB)
I: MonitorObliviousTransfer::next
I: SendPublicKey::next
I: MonitorObliviousTransfer::next
I: RecvEncryptedMessages::next
I: MonitorObliviousTransfer::next
I: DecryptChosenMessage::next
I: MonitorObliviousTransfer::next
I: ChooserDone::next
I: MonitorObliviousTransfer::next
I: MonitorObliviousTransfer::next
I: InitChooser::next
I: MonitorObliviousTransfer::next
I: RecvConstant::next
D: received message: 99ee05e3a8c4a4c18832f70b5043d7ab3d852c114bfbe15d771bea517708de15d08bdf5c02651c5567b18294df608e9a3288dcf2fbf6cabbd503db6d93713607059656f6d6c5a0547c66a28563326ce15b04fc73112b10432b09a3478b92d23fdeb0f5653ff0e7cc456193c78fb94c68671eaedd8827731ccaab666dc1c4e06f
I: MonitorObliviousTransfer::next
I: GeneratePublicKey::next
D:  sending message (size 0.000256 MB)
I: MonitorObliviousTransfer::next
I: SendPublicKey::next
I: MonitorObliviousTransfer::next
I: RecvEncryptedMessages::next
I: MonitorObliviousTransfer::next
I: DecryptChosenMessage::next
I: MonitorObliviousTransfer::next
I: ChooserDone::next
I: MonitorObliviousTransfer::next
I: MonitorObliviousTransfer::next
I: InitChooser::next
I: MonitorObliviousTransfer::next
I: RecvConstant::next
D: received message: 5173aacb84a12ee8157a0fd68e2b089fe0ff2d08c6d02a00ba589909881c21dcede0e78f2c86d84771f7931ce45777df32bab1f4d010eeb7022910ed50571c913e1a50222e4db5210736eb8b00a6c2f82ae2a37c7f88b1f729b416a8977f8fa1024e2a86f9aef67fa1eee23a67ea76017bedf963147fd2d1a12befd1f36b3c3d
I: MonitorObliviousTransfer::next
I: GeneratePublicKey::next
D:  sending message (size 0.000255 MB)
I: MonitorObliviousTransfer::next
I: SendPublicKey::next
I: MonitorObliviousTransfer::next
I: RecvEncryptedMessages::next
I: MonitorObliviousTransfer::next
I: DecryptChosenMessage::next
I: MonitorObliviousTransfer::next
I: ChooserDone::next
I: MonitorObliviousTransfer::next
I: MonitorObliviousTransfer::next
I: InitChooser::next
I: MonitorObliviousTransfer::next
I: RecvConstant::next
D: received message: 7c73268777e771e8208623e32f62348483fc3ccb31d2a90a405ad9fae7385a00cc54c13e0eaf0e825c57456f649a453a22224049e391f3aecff4f6d103e4e1c0981692cb4ab393e10023e1eef051c2028169e93101ae7a44e3e3ea828095ececd11db631aba562435a48c18dd816a79767910b2437bf661982eec844528a218b
I: MonitorObliviousTransfer::next
I: GeneratePublicKey::next
D:  sending message (size 0.000256 MB)
I: MonitorObliviousTransfer::next
I: SendPublicKey::next
I: MonitorObliviousTransfer::next
I: RecvEncryptedMessages::next
I: MonitorObliviousTransfer::next
I: DecryptChosenMessage::next
I: MonitorObliviousTransfer::next
I: ChooserDone::next
I: MonitorObliviousTransfer::next
I: MonitorObliviousTransfer::next
I: InitChooser::next
I: MonitorObliviousTransfer::next
I: RecvConstant::next
D: received message: 5c1ccf9b01bc13f9adc9d66bfcda03cbb9c786335027bb94fcab76b8b7f11569e2e9e385c24145fa9f62eb18f8b9206fe5a3bb1b2ef1d28f1607be1dbb1310816e874872ccacdeb65cedea7044d790f59c17802321b8463a71abe588579f8d0e1e8b1baeaddd1c6c803665397a5277a4ae10456dba9e8d683b09ae8915d56c14
I: MonitorObliviousTransfer::next
I: GeneratePublicKey::next
D:  sending message (size 0.000256 MB)
I: MonitorObliviousTransfer::next
I: SendPublicKey::next
I: MonitorObliviousTransfer::next
I: RecvEncryptedMessages::next
I: MonitorObliviousTransfer::next
I: DecryptChosenMessage::next
I: MonitorObliviousTransfer::next
I: ChooserDone::next
I: MonitorObliviousTransfer::next
I: MonitorObliviousTransfer::next
I: InitChooser::next
I: MonitorObliviousTransfer::next
I: RecvConstant::next
D: received message: eaed9b64022261b482e1d9baa1f26dfc2e6ac797fb38877eb3406dd4b49b75992b4b47e75b7c6b5cf759ae6ba32223fd2de8845a22133f363b9af115128f93537d6f85e60cd2e84fb93be34afbff84a65d75a2184f50660181e76abf6e39dc38a4cb0f2b803d292c57c12f454acddf5d6291d6898266307d48bf01e505549957
I: MonitorObliviousTransfer::next
I: GeneratePublicKey::next
D:  sending message (size 0.000256 MB)
I: MonitorObliviousTransfer::next
I: SendPublicKey::next
I: MonitorObliviousTransfer::next
I: RecvEncryptedMessages::next
I: MonitorObliviousTransfer::next
I: DecryptChosenMessage::next
I: MonitorObliviousTransfer::next
I: ChooserDone::next
I: MonitorObliviousTransfer::next
I: MonitorObliviousTransfer::next
I: InitChooser::next
I: MonitorObliviousTransfer::next
I: RecvConstant::next
D: received message: c9ae09e575bc0044a5c4203cb071c812c8abd2b1f4b8f9549422a2e10fcbb451fa38ab1bf15f4048ee82eb4ac551175b35aaf220ffd041a63d71c97f4ef251790c3f5a62f83f8658b27904df110df62cb103afdff79861d607f8aea129914ea99b6d473e1107cb7bdcfc11492c196e428fd5076c293eec607113fdcfc3e93c6b
I: MonitorObliviousTransfer::next
I: GeneratePublicKey::next
D:  sending message (size 0.000256 MB)
I: MonitorObliviousTransfer::next
I: SendPublicKey::next
I: MonitorObliviousTransfer::next
I: RecvEncryptedMessages::next
I: MonitorObliviousTransfer::next
I: DecryptChosenMessage::next
I: MonitorObliviousTransfer::next
I: ChooserDone::next
I: MonitorObliviousTransfer::next
I: MonitorObliviousTransfer::next
I: InitChooser::next
I: MonitorObliviousTransfer::next
I: RecvConstant::next
D: received message: 7df95bef49b11524fe1d788b3efd7c4752ab9050070c90eb044d900630559d8147bcc74757e93fc14f72926b27db61dcfd9e45994eac5828dfc7399fb8835c93e4188649e234ff51f08131f8042f0c5896bb380423f8e29deeee04ef2165b4b5a4b77ff9ed91d37d4286b6e2dbef4428b9e2ec8499e4954f906b6b661d4551a1
I: MonitorObliviousTransfer::next
I: GeneratePublicKey::next
D:  sending message (size 0.000256 MB)
I: MonitorObliviousTransfer::next
I: SendPublicKey::next
I: MonitorObliviousTransfer::next
I: RecvEncryptedMessages::next
I: MonitorObliviousTransfer::next
I: DecryptChosenMessage::next
I: MonitorObliviousTransfer::next
I: ChooserDone::next
I: MonitorObliviousTransfer::next
I: MonitorObliviousTransfer::next
I: InitChooser::next
I: MonitorObliviousTransfer::next
I: RecvConstant::next
D: received message: bc391f712eeaece8f738a91c279f41b06731539332c4e5ba46e16d48fa3453719bcab2b22bca4631280db2fb4cb55fb26a9052ea71287b129eaf23e53b6c5c3ba9f4edab1e1a5354ba813cfafd920c4d22dd60a0936a28cdb48f515334f609922f52f9ccbf190bd810229c189464413bc19166e6726a43eb3c90de3ca7053a6d
I: MonitorObliviousTransfer::next
I: GeneratePublicKey::next
D:  sending message (size 0.000256 MB)
I: MonitorObliviousTransfer::next
I: SendPublicKey::next
I: MonitorObliviousTransfer::next
I: RecvEncryptedMessages::next
I: MonitorObliviousTransfer::next
I: DecryptChosenMessage::next
I: MonitorObliviousTransfer::next
I: ChooserDone::next
I: MonitorObliviousTransfer::next
I: MonitorObliviousTransfer::next
I: InitChooser::next
I: MonitorObliviousTransfer::next
I: RecvConstant::next
D: received message: 3f83d40d5d5b6ae9e101bc31232d1ca6fcf995d3528d27387074327f39432c70e33fb85aa3b7f480862ec50d7c0542c3d281df348121c4c70a623f59e72d61e7b4934556d76726881b39876104e156a5dcb56c312aefa5886e66cc9b321966c4b4740e91a343b6c41515814944339e7d606059eaeff4d73316a7a479a3e5859c
I: MonitorObliviousTransfer::next
I: GeneratePublicKey::next
D:  sending message (size 0.000256 MB)
I: MonitorObliviousTransfer::next
I: SendPublicKey::next
I: MonitorObliviousTransfer::next
I: RecvEncryptedMessages::next
I: MonitorObliviousTransfer::next
I: DecryptChosenMessage::next
I: MonitorObliviousTransfer::next
I: ChooserDone::next
I: MonitorObliviousTransfer::next
I: MonitorObliviousTransfer::next
I: InitChooser::next
I: MonitorObliviousTransfer::next
I: RecvConstant::next
D: received message: 637464f104a1caaed8a792461e63ff37f5b03ef960c2bb98aad2cb3b72a75c0c88279eef219eb3e57aff2326098d41d334a73e3b9548ad3c29ccd52c091c445bd7512f40ac36113c73d1286c1c0765b3155b921c1fdea9028c6585c8b1ccaec00af66684e1a4e23183aac25b31cf611daa00ba6d297c4ede305b9fd4798ef391
I: MonitorObliviousTransfer::next
I: GeneratePublicKey::next
D:  sending message (size 0.000256 MB)
I: MonitorObliviousTransfer::next
I: SendPublicKey::next
I: MonitorObliviousTransfer::next
I: RecvEncryptedMessages::next
I: MonitorObliviousTransfer::next
I: DecryptChosenMessage::next
I: MonitorObliviousTransfer::next
I: ChooserDone::next
I: MonitorObliviousTransfer::next
I: MonitorObliviousTransfer::next
I: InitChooser::next
I: MonitorObliviousTransfer::next
I: RecvConstant::next
D: received message: b58eedc1e480737a5a50a83195895e165bdf924bfb13e6ace124d1f6f3d72369628661b3aa7a3eb5054a9183ea246edb3ce32ab2ff9ca1361e7ed9f8f4800b5345247cf08d3e735246a05452361b90568c1662c23c412bdc091163c9813933418a0ab464158c7e0f8605378e1e7124deb8fc55500ac3dfdbfd05b4c6e535c442
I: MonitorObliviousTransfer::next
I: GeneratePublicKey::next
D:  sending message (size 0.000256 MB)
I: MonitorObliviousTransfer::next
I: SendPublicKey::next
I: MonitorObliviousTransfer::next
I: RecvEncryptedMessages::next
I: MonitorObliviousTransfer::next
I: DecryptChosenMessage::next
I: MonitorObliviousTransfer::next
I: ChooserDone::next
I: MonitorObliviousTransfer::next
I: MonitorObliviousTransfer::next
I: InitChooser::next
I: MonitorObliviousTransfer::next
I: RecvConstant::next
D: received message: c9be1c85cfbbee567b667b109784ae265e8cd64803e00975dcc95c4d51f3c4434d5a2d852e5735056ce9bd142714534f64292d0edc828f0687b69cae850bc36ccd20350cf597a1897135e8160f92361455638e496c4649e0719ba2da3178ff4a1de611ddffb63b9b3ede8dd69be7a3a38b555bf677e454ccdb68bc5e1d5c534b
I: MonitorObliviousTransfer::next
I: GeneratePublicKey::next
D:  sending message (size 0.000256 MB)
I: MonitorObliviousTransfer::next
I: SendPublicKey::next
I: MonitorObliviousTransfer::next
I: RecvEncryptedMessages::next
I: MonitorObliviousTransfer::next
I: DecryptChosenMessage::next
I: MonitorObliviousTransfer::next
I: ChooserDone::next
I: MonitorObliviousTransfer::next
I: MonitorObliviousTransfer::next
I: InitChooser::next
I: MonitorObliviousTransfer::next
I: RecvConstant::next
D: received message: 9cdb0850ecae55181a8820fd77f69af7e68e0d0f4d55d4b2d3508809da1428b3dca320d02c19c542776b550a6f1898c19ab41519eee906894ac358698d0c8b3817deff45e74791c882d34f374b2c0ef51f10eef5b71c68e153b49735b05ee2c118ed3af5d7270baec6cc3fb9cc97a3e3683cef985b00b755a605cd29907bc79b
I: MonitorObliviousTransfer::next
I: GeneratePublicKey::next
D:  sending message (size 0.000256 MB)
I: MonitorObliviousTransfer::next
I: SendPublicKey::next
I: MonitorObliviousTransfer::next
I: RecvEncryptedMessages::next
I: MonitorObliviousTransfer::next
I: DecryptChosenMessage::next
I: MonitorObliviousTransfer::next
I: ChooserDone::next
I: MonitorObliviousTransfer::next
I: MonitorObliviousTransfer::next
I: InitChooser::next
I: MonitorObliviousTransfer::next
I: RecvConstant::next
D: received message: 99ab6e78fc905e5919b2652e20dda5ff71bf55aaf3368df35a115e5fc063ecd2555beb4772850fc8f411e543fb607a3688b36a95203dd37650dd5d4014b7ea04998067270dee18b10e8f8121c5418e181ccb80ae5c79fbe3d638656b4bebda0afe102e6eb0081746533b0793e6cc4d17a52ea217457f92b4dbc22afbbc673148
I: MonitorObliviousTransfer::next
I: GeneratePublicKey::next
D:  sending message (size 0.000256 MB)
I: MonitorObliviousTransfer::next
I: SendPublicKey::next
I: MonitorObliviousTransfer::next
I: RecvEncryptedMessages::next
I: MonitorObliviousTransfer::next
I: DecryptChosenMessage::next
I: MonitorObliviousTransfer::next
I: ChooserDone::next
I: MonitorObliviousTransfer::next
I: MonitorObliviousTransfer::next
I: InitChooser::next
I: MonitorObliviousTransfer::next
I: RecvConstant::next
D: received message: 4c2a75a8b7514d271524ac66e3c713510ce750d24102c5c611335f4c390f4d61e9420f7dff11830afc118ef6443e598c7bcbbc4243421890cb124284a1694e496c738c0c502e39bad51e3e066c7439f59345f3a999849e782609e3b691489e5d7b66032c6b14111fc5562a0edc11644a6810fe691242a7ec3d8ddcc6bdf03dae
I: MonitorObliviousTransfer::next
I: GeneratePublicKey::next
D:  sending message (size 0.000256 MB)
I: MonitorObliviousTransfer::next
I: SendPublicKey::next
I: MonitorObliviousTransfer::next
I: RecvEncryptedMessages::next
I: MonitorObliviousTransfer::next
I: DecryptChosenMessage::next
I: MonitorObliviousTransfer::next
I: ChooserDone::next
I: MonitorObliviousTransfer::next
I: MonitorObliviousTransfer::next
I: EvaluateCircuit::next
D:  sending message (size 0.000001 MB)
I: SendOutputBit::next
I: ==== round duration: 4689.891602 ms ====
I: CopyMonitorStateLabels::next
I: RecvGarbledGates::next
I: RecvSystemInputLabels::next
I: RecvFlagBitLabels::next
I: EvaluateCircuit::next
D:  sending message (size 0.000001 MB)
I: SendOutputBit::next
I: ==== round duration: 4751.961914 ms ====
I: FaultObserved::next
I: MonitorDone::next
