I: parsing spec file timekeeper+.v...
I: parsing BLIF file synth.blif...
D: inputs and outputs parsed.
D: circuit initialized.
D: connections (#1474) parsed.
D: gates (#14407) parsed.
D: outputs: 28365 28368 28371 28374 28377 28380 28383 28386 28389 28392 28395 28398 28401 28404 28407 28410 28413 28416 28419 28422 28425 28428 28431 28434 28437 28440 28443 28446 28449 28452 28455 28459 28462 28465 28468 28471 28474 28477 28480 28483 28486 28489 28492 28495 28498 28501 28504 28507 28510 28513 28516 28519 28522 28525 28528 28531 28534 28537 28540 28543 28546 28549 28552 28555 28363 
D: circuit size: 28556
D: adding identity gates for outputs...
D: outputs after identity: 28621 28622 28623 28624 28625 28626 28627 28628 28629 28630 28631 28632 28633 28634 28635 28636 28637 28638 28639 28640 28641 28642 28643 28644 28645 28646 28647 28648 28649 28650 28651 28652 28653 28654 28655 28656 28657 28658 28659 28660 28661 28662 28663 28664 28665 28666 28667 28668 28669 28670 28671 28672 28673 28674 28675 28676 28677 28678 28679 28680 28681 28682 28683 28684 28685 
D: circuit size after identity: 28686
I: initializing safe primes...
I: using prime modulus 1552518092300708935130918131258481755631334049434514313202351194902966239949102107258669453876591642442910007680288864229150803718918046342632727613031282983744380820890196288509170691316593175367469551763119843371637221007210577919
D:  sending message (size 0.000005 MB)
I: InitMonitor::next
I: GenerateDriverLabels::next
D:   driver labels generated in 19503.572266 ms
I: GenerateInWireKeys::next
D:   in-wire keys generated in 8264.528320 ms
D: SendLabels::message
D:   generating in-wire labels for 14542 gates
D:   10000 gates processed
D:   in-wire labels generated in 3869.130615 ms
D:  gateCount: 14542
D:  sending message (size 11.145562 MB)
I: SendLabels::next
I: RecvGarbledGates::next
I: RecvSystemInputLabels::next
I: RecvFlagBitLabels::next
I: MonitorObliviousTransfer::next
I: InitChooser::next
I: MonitorObliviousTransfer::next
I: RecvConstant::next
D: received message: bbcfc4a2981dc640d812289e16c0fd942ce9ab0569ee2ccc25fb3f0e98b9b9fb53a782562dcac90564d28fd3d4d141687d64dfe1b31356401b29192c05868fc7110fd93dce03fbc30355146ddab35cb59534cecff26006d83fbdaad377366580
I: MonitorObliviousTransfer::next
I: GeneratePublicKey::next
D:  sending message (size 0.000192 MB)
I: MonitorObliviousTransfer::next
I: SendPublicKey::next
I: MonitorObliviousTransfer::next
I: RecvEncryptedMessages::next
I: MonitorObliviousTransfer::next
I: DecryptChosenMessage::next
I: MonitorObliviousTransfer::next
I: ChooserDone::next
I: MonitorObliviousTransfer::next
I: MonitorObliviousTransfer::next
I: InitChooser::next
I: MonitorObliviousTransfer::next
I: RecvConstant::next
D: received message: a068bbeb1727685c470fc2b2cb7c8361f04125813423b5642a7a5b265bc63ceaaa919c1855c93e84886e197c6acece15fca1e0dc1954bd1e8338280ed0c15c92963564337e586bc038a1e5365c7a2caeb69e6334c095b921d7191dde2f2b1d24
I: MonitorObliviousTransfer::next
I: GeneratePublicKey::next
D:  sending message (size 0.000192 MB)
I: MonitorObliviousTransfer::next
I: SendPublicKey::next
I: MonitorObliviousTransfer::next
I: RecvEncryptedMessages::next
I: MonitorObliviousTransfer::next
I: DecryptChosenMessage::next
I: MonitorObliviousTransfer::next
I: ChooserDone::next
I: MonitorObliviousTransfer::next
I: MonitorObliviousTransfer::next
I: InitChooser::next
I: MonitorObliviousTransfer::next
I: RecvConstant::next
D: received message: 3558c9d18b572bfa1f8c1fa23a7f7d6590784330ac43765b0a60d60c80dd65c30224b19bcfdb22f9a63bd510fd8da5b7d4df8b06976d00843405ce0f7b941d39421dfba16ca4ed57e4102ef243f58c94732101ef2c7484a1c5149fb1890401ec
I: MonitorObliviousTransfer::next
I: GeneratePublicKey::next
D:  sending message (size 0.000192 MB)
I: MonitorObliviousTransfer::next
I: SendPublicKey::next
I: MonitorObliviousTransfer::next
I: RecvEncryptedMessages::next
I: MonitorObliviousTransfer::next
I: DecryptChosenMessage::next
I: MonitorObliviousTransfer::next
I: ChooserDone::next
I: MonitorObliviousTransfer::next
I: MonitorObliviousTransfer::next
I: InitChooser::next
I: MonitorObliviousTransfer::next
I: RecvConstant::next
D: received message: 80c3af8f8194f9528b9300490fe3705fee9e04d120bb9eaabe39e574df3921c5edfc92248b77cb4d2c2237e583777b8f1342b792671ced98abcb35d7b8d262f3165d503dabcc8884cc701c82f47d49715db714e48a144a531e28e021093de62f
I: MonitorObliviousTransfer::next
I: GeneratePublicKey::next
D:  sending message (size 0.000192 MB)
I: MonitorObliviousTransfer::next
I: SendPublicKey::next
I: MonitorObliviousTransfer::next
I: RecvEncryptedMessages::next
I: MonitorObliviousTransfer::next
I: DecryptChosenMessage::next
I: MonitorObliviousTransfer::next
I: ChooserDone::next
I: MonitorObliviousTransfer::next
I: MonitorObliviousTransfer::next
I: InitChooser::next
I: MonitorObliviousTransfer::next
I: RecvConstant::next
D: received message: 8bc933b558cbc0f1c5d59c3d56da44d14b37c5d74dfc2409f67969ceaf3979a88b9208eea446bc517509793d9b25178bf7ab86b810ca74984630a72bc6df9dda171a312a02c5a5b59e4c698da0ddbbb5e3cbe24f942365c4deec9c4f206227a1
I: MonitorObliviousTransfer::next
I: GeneratePublicKey::next
D:  sending message (size 0.000192 MB)
I: MonitorObliviousTransfer::next
I: SendPublicKey::next
I: MonitorObliviousTransfer::next
I: RecvEncryptedMessages::next
I: MonitorObliviousTransfer::next
I: DecryptChosenMessage::next
I: MonitorObliviousTransfer::next
I: ChooserDone::next
I: MonitorObliviousTransfer::next
I: MonitorObliviousTransfer::next
I: InitChooser::next
I: MonitorObliviousTransfer::next
I: RecvConstant::next
D: received message: f0d81486ffe1f2dd24218f7457253677cf5d3bf6f024454679bfbd65486bf4f70ff4d52830eaa30c24424fb7648612295206aefa04110559358f7d5218b1dc40ce3085d0b7f7912e2ba4ba1944b64bc6bbdfefb5e2b17669fe4e2ef66c52caef
I: MonitorObliviousTransfer::next
I: GeneratePublicKey::next
D:  sending message (size 0.000192 MB)
I: MonitorObliviousTransfer::next
I: SendPublicKey::next
I: MonitorObliviousTransfer::next
I: RecvEncryptedMessages::next
I: MonitorObliviousTransfer::next
I: DecryptChosenMessage::next
I: MonitorObliviousTransfer::next
I: ChooserDone::next
I: MonitorObliviousTransfer::next
I: MonitorObliviousTransfer::next
I: InitChooser::next
I: MonitorObliviousTransfer::next
I: RecvConstant::next
D: received message: 69370b2e67936066e5cef654f56b461ac6bf6833da2597d98b70ddc010952958f106050da245e66021f27bf4a35dc30b67c30dd1d2eda6e0bbbaa495301ab34cb9973f0a6b9567a22e395db39e071c2d1e872651174551fe8aeff7b643814a86
I: MonitorObliviousTransfer::next
I: GeneratePublicKey::next
D:  sending message (size 0.000192 MB)
I: MonitorObliviousTransfer::next
I: SendPublicKey::next
I: MonitorObliviousTransfer::next
I: RecvEncryptedMessages::next
I: MonitorObliviousTransfer::next
I: DecryptChosenMessage::next
I: MonitorObliviousTransfer::next
I: ChooserDone::next
I: MonitorObliviousTransfer::next
I: MonitorObliviousTransfer::next
I: InitChooser::next
I: MonitorObliviousTransfer::next
I: RecvConstant::next
D: received message: 95996f1aaf7c278ca1672757dfb6cfe97a2e491db6719ad94b042b4d40867371c505cd014bc641fc19ca391529df6cb9d3e4108ba29b53c0d24fe1f3b8941a7b2251a1c96ba8932bd3ddaa7bab3269d124c781988aa1eb7e9306b1e707d7bdf7
I: MonitorObliviousTransfer::next
I: GeneratePublicKey::next
D:  sending message (size 0.000192 MB)
I: MonitorObliviousTransfer::next
I: SendPublicKey::next
I: MonitorObliviousTransfer::next
I: RecvEncryptedMessages::next
I: MonitorObliviousTransfer::next
I: DecryptChosenMessage::next
I: MonitorObliviousTransfer::next
I: ChooserDone::next
I: MonitorObliviousTransfer::next
I: MonitorObliviousTransfer::next
I: InitChooser::next
I: MonitorObliviousTransfer::next
I: RecvConstant::next
D: received message: 5e90b630af7e6ec2a05b066eac00a36f2d0c301f0ff0d2953ea4822410e80cc909f664b28e116f9f47429082583d554d8f747c3d8eaf07b1dd3a04e7be06bbb26e20b3158d45dbedbeb56bfa3020440ef5224c23c5483984269988a123a2a9ac
I: MonitorObliviousTransfer::next
I: GeneratePublicKey::next
D:  sending message (size 0.000192 MB)
I: MonitorObliviousTransfer::next
I: SendPublicKey::next
I: MonitorObliviousTransfer::next
I: RecvEncryptedMessages::next
I: MonitorObliviousTransfer::next
I: DecryptChosenMessage::next
I: MonitorObliviousTransfer::next
I: ChooserDone::next
I: MonitorObliviousTransfer::next
I: MonitorObliviousTransfer::next
I: InitChooser::next
I: MonitorObliviousTransfer::next
I: RecvConstant::next
D: received message: fa7de7229f062d1945bfb05db56ca4976258363c3a5faa541644ac71cf5723453af05f91270e149544635d78505c1e5f7f47e5eb54ce1b6c265836a7c9d5fff490c1b2c880a3f5f880573eca75fa94da92c3a460a26a458f43518e6857112e8d
I: MonitorObliviousTransfer::next
I: GeneratePublicKey::next
D:  sending message (size 0.000192 MB)
I: MonitorObliviousTransfer::next
I: SendPublicKey::next
I: MonitorObliviousTransfer::next
I: RecvEncryptedMessages::next
I: MonitorObliviousTransfer::next
I: DecryptChosenMessage::next
I: MonitorObliviousTransfer::next
I: ChooserDone::next
I: MonitorObliviousTransfer::next
I: MonitorObliviousTransfer::next
I: InitChooser::next
I: MonitorObliviousTransfer::next
I: RecvConstant::next
D: received message: c322f7ce53e2865aef160aca6a009a82c069c76cde2a9a072f5819150ec122fa409790a47668650ab79963d06666d1b6d4d8f7e2de063bdf508f05c5905ef91446e9cd0a662a75b9016ee6295c828ff071ae63513adb1d6d85e0f1a291f503d5
I: MonitorObliviousTransfer::next
I: GeneratePublicKey::next
D:  sending message (size 0.000191 MB)
I: MonitorObliviousTransfer::next
I: SendPublicKey::next
I: MonitorObliviousTransfer::next
I: RecvEncryptedMessages::next
I: MonitorObliviousTransfer::next
I: DecryptChosenMessage::next
I: MonitorObliviousTransfer::next
I: ChooserDone::next
I: MonitorObliviousTransfer::next
I: MonitorObliviousTransfer::next
I: InitChooser::next
I: MonitorObliviousTransfer::next
I: RecvConstant::next
D: received message: 210da92b0fb603936b8b28df34e2886cf3d0b8bf2999fd6538e42e5537c1b775564839316ec065712f3bc3a6f953e01defee2d7e98ae8f050e2b7f7569227f4d7d91b9f6c56fe721ca2a61008b77a11265e5ae046133ccebd1ca0b46dc5da8e4
I: MonitorObliviousTransfer::next
I: GeneratePublicKey::next
D:  sending message (size 0.000192 MB)
I: MonitorObliviousTransfer::next
I: SendPublicKey::next
I: MonitorObliviousTransfer::next
I: RecvEncryptedMessages::next
I: MonitorObliviousTransfer::next
I: DecryptChosenMessage::next
I: MonitorObliviousTransfer::next
I: ChooserDone::next
I: MonitorObliviousTransfer::next
I: MonitorObliviousTransfer::next
I: InitChooser::next
I: MonitorObliviousTransfer::next
I: RecvConstant::next
D: received message: 925f941e2c2f8750bbdb282a16755835d322ff8d7787680440c25240125b47a5ebf1ba713ce3234ccded805371ba5333d9114734ba3554e562522e3149a81f58bdbfc599c052e927453297f4d7431a48da08b6cf0c8f180c3cef3651535368df
I: MonitorObliviousTransfer::next
I: GeneratePublicKey::next
D:  sending message (size 0.000192 MB)
I: MonitorObliviousTransfer::next
I: SendPublicKey::next
I: MonitorObliviousTransfer::next
I: RecvEncryptedMessages::next
I: MonitorObliviousTransfer::next
I: DecryptChosenMessage::next
I: MonitorObliviousTransfer::next
I: ChooserDone::next
I: MonitorObliviousTransfer::next
I: MonitorObliviousTransfer::next
I: InitChooser::next
I: MonitorObliviousTransfer::next
I: RecvConstant::next
D: received message: 6767f10a08b05d8c93727b9dfcd3c1d19700b7e615b81529a548ba11ffa945de029b153c1e985c8589c5648a98463f1539af1fc4a5bfe3223f8118e7a9c75e70d2532a3e1bf6b4cad8f03204b152a6af0cede4c423df3323f93fe279bef132a7
I: MonitorObliviousTransfer::next
I: GeneratePublicKey::next
D:  sending message (size 0.000192 MB)
I: MonitorObliviousTransfer::next
I: SendPublicKey::next
I: MonitorObliviousTransfer::next
I: RecvEncryptedMessages::next
I: MonitorObliviousTransfer::next
I: DecryptChosenMessage::next
I: MonitorObliviousTransfer::next
I: ChooserDone::next
I: MonitorObliviousTransfer::next
I: MonitorObliviousTransfer::next
I: InitChooser::next
I: MonitorObliviousTransfer::next
I: RecvConstant::next
D: received message: 65d9f5b943aedb56a77a42e2354ac1094131f256948ee0f7eda8a18858aed4bc384993c5b4a2c83dcd53d99ad00a6edf50f058ff7643cbb1934289c7dd7062fdd4d4bfebceb603ede0964c3f6087f04541c466e5b1f2d0fc8e4dcb9deed65f1d
I: MonitorObliviousTransfer::next
I: GeneratePublicKey::next
D:  sending message (size 0.000192 MB)
I: MonitorObliviousTransfer::next
I: SendPublicKey::next
I: MonitorObliviousTransfer::next
I: RecvEncryptedMessages::next
I: MonitorObliviousTransfer::next
I: DecryptChosenMessage::next
I: MonitorObliviousTransfer::next
I: ChooserDone::next
I: MonitorObliviousTransfer::next
I: MonitorObliviousTransfer::next
I: InitChooser::next
I: MonitorObliviousTransfer::next
I: RecvConstant::next
D: received message: 95a35a486c12f61ab9ca3a65efb8d6c75e96cacb62f0ac8a33a4340591ff3170fa237bf837103e6820adf8e10ffecd19c6cfe3ff890d22ea9827e7ddf51697093159f8ba365b2f30893bfd22c87db1a2b2bd4388c4c075bd42043f7ee2c04654
I: MonitorObliviousTransfer::next
I: GeneratePublicKey::next
D:  sending message (size 0.000192 MB)
I: MonitorObliviousTransfer::next
I: SendPublicKey::next
I: MonitorObliviousTransfer::next
I: RecvEncryptedMessages::next
I: MonitorObliviousTransfer::next
I: DecryptChosenMessage::next
I: MonitorObliviousTransfer::next
I: ChooserDone::next
I: MonitorObliviousTransfer::next
I: MonitorObliviousTransfer::next
I: InitChooser::next
I: MonitorObliviousTransfer::next
I: RecvConstant::next
D: received message: 8351d1226030e42ad3bb22bb55db3a48a698e6bc954ffbfc6492d986fd267e63551fcb089cf9a0372c2a1a9fd689952177ea9109bffd9c99e7639abf2f860fa81bbefde4242f6ece182d49f1d1cc69833abb29ef13c86c8c021dbb06aa6cb913
I: MonitorObliviousTransfer::next
I: GeneratePublicKey::next
D:  sending message (size 0.000192 MB)
I: MonitorObliviousTransfer::next
I: SendPublicKey::next
I: MonitorObliviousTransfer::next
I: RecvEncryptedMessages::next
I: MonitorObliviousTransfer::next
I: DecryptChosenMessage::next
I: MonitorObliviousTransfer::next
I: ChooserDone::next
I: MonitorObliviousTransfer::next
I: MonitorObliviousTransfer::next
I: InitChooser::next
I: MonitorObliviousTransfer::next
I: RecvConstant::next
D: received message: d68826be0393d64f0db90376a32eee72cd01b84eb0b1e7551cb6bca9c02be6a2fd061ce390a8838dbaf75b26dd06df33c8975d4edab9f7caf1abe38cfdd60e8f7942702f24467d772edc745dc7aee095a8f1b3540492376bc75bd98a512229fc
I: MonitorObliviousTransfer::next
I: GeneratePublicKey::next
D:  sending message (size 0.000192 MB)
I: MonitorObliviousTransfer::next
I: SendPublicKey::next
I: MonitorObliviousTransfer::next
I: RecvEncryptedMessages::next
I: MonitorObliviousTransfer::next
I: DecryptChosenMessage::next
I: MonitorObliviousTransfer::next
I: ChooserDone::next
I: MonitorObliviousTransfer::next
I: MonitorObliviousTransfer::next
I: InitChooser::next
I: MonitorObliviousTransfer::next
I: RecvConstant::next
D: received message: 48a60809f0f8e898a8f31507cf5ab3fa17da06863f89ca0d94cb1ccedf402755ea316bd7a10f87ecdc5de8d04ed80af84660215a1a75d92b46c0cffe0d93dbed4f74600daf37c1415e7a3b38c99dddfafeed0407d6accf6e80551db8d815b682
I: MonitorObliviousTransfer::next
I: GeneratePublicKey::next
D:  sending message (size 0.000192 MB)
I: MonitorObliviousTransfer::next
I: SendPublicKey::next
I: MonitorObliviousTransfer::next
I: RecvEncryptedMessages::next
I: MonitorObliviousTransfer::next
I: DecryptChosenMessage::next
I: MonitorObliviousTransfer::next
I: ChooserDone::next
I: MonitorObliviousTransfer::next
I: MonitorObliviousTransfer::next
I: InitChooser::next
I: MonitorObliviousTransfer::next
I: RecvConstant::next
D: received message: 7027491936d8ad29993ac9f72f75627bececf3238ebca97cd7b04ee37a371d85df217b2ae37d0a79537f94dbc76f1eef8b8d46a26e3e3f8ed15fad713170e7cc590b61b4fffb23ce8abbbcf9a8a77966fb84328bcdb20ba0f4539ee917fba028
I: MonitorObliviousTransfer::next
I: GeneratePublicKey::next
D:  sending message (size 0.000192 MB)
I: MonitorObliviousTransfer::next
I: SendPublicKey::next
I: MonitorObliviousTransfer::next
I: RecvEncryptedMessages::next
I: MonitorObliviousTransfer::next
I: DecryptChosenMessage::next
I: MonitorObliviousTransfer::next
I: ChooserDone::next
I: MonitorObliviousTransfer::next
I: MonitorObliviousTransfer::next
I: InitChooser::next
I: MonitorObliviousTransfer::next
I: RecvConstant::next
D: received message: 61b96780299a34ecf0c92725999b4e58b15f7a43111f32a5fc330136da8cb1e5283ddeb5c08a7121317a1799b2ac5854b809399dc351493e0627a7e745b299a6a9236ee0704ec930943767366da46a30e43062f1ac56ff74916d8a78951e7ec7
I: MonitorObliviousTransfer::next
I: GeneratePublicKey::next
D:  sending message (size 0.000192 MB)
I: MonitorObliviousTransfer::next
I: SendPublicKey::next
I: MonitorObliviousTransfer::next
I: RecvEncryptedMessages::next
I: MonitorObliviousTransfer::next
I: DecryptChosenMessage::next
I: MonitorObliviousTransfer::next
I: ChooserDone::next
I: MonitorObliviousTransfer::next
I: MonitorObliviousTransfer::next
I: InitChooser::next
I: MonitorObliviousTransfer::next
I: RecvConstant::next
D: received message: ef274a2593b496418a22db5ce9c60a5af42dd075e8d89c968c2f6c0feeca3be0c388cc4c8e32d00127c3db1f9e4cf1f2bde94d83700e4db2242ebd74d331fe0816bf468314738a229063153b6415f7680714642363fed2455946440cc197981f
I: MonitorObliviousTransfer::next
I: GeneratePublicKey::next
D:  sending message (size 0.000192 MB)
I: MonitorObliviousTransfer::next
I: SendPublicKey::next
I: MonitorObliviousTransfer::next
I: RecvEncryptedMessages::next
I: MonitorObliviousTransfer::next
I: DecryptChosenMessage::next
I: MonitorObliviousTransfer::next
I: ChooserDone::next
I: MonitorObliviousTransfer::next
I: MonitorObliviousTransfer::next
I: InitChooser::next
I: MonitorObliviousTransfer::next
I: RecvConstant::next
D: received message: be7de8a74c88f607dc6e11f5815f913e5a6ef2a791332806c84d605592ec8b97c8199836a1ab5ac12b6b991379bf228fc70e792d77f753d4072a9ceb73a3c019cb0261b61c78025f3f87e1d9376c8d143e89a0e0b92ba6c8bb8a477aec68f3b8
I: MonitorObliviousTransfer::next
I: GeneratePublicKey::next
D:  sending message (size 0.000192 MB)
I: MonitorObliviousTransfer::next
I: SendPublicKey::next
I: MonitorObliviousTransfer::next
I: RecvEncryptedMessages::next
I: MonitorObliviousTransfer::next
I: DecryptChosenMessage::next
I: MonitorObliviousTransfer::next
I: ChooserDone::next
I: MonitorObliviousTransfer::next
I: MonitorObliviousTransfer::next
I: InitChooser::next
I: MonitorObliviousTransfer::next
I: RecvConstant::next
D: received message: 298bbaa1e09e62060e29bb68809b8f43ddf90dc331b44b9c96c730dec497c61fa1b5495d8dad3391a40174e33dacd37cc6f64d39df0847407cb7f224cb2705bb098c33c53b40b99138006577533e5dc3d5e94ef71b88b9fa4fb033e16c3f55d1
I: MonitorObliviousTransfer::next
I: GeneratePublicKey::next
D:  sending message (size 0.000192 MB)
I: MonitorObliviousTransfer::next
I: SendPublicKey::next
I: MonitorObliviousTransfer::next
I: RecvEncryptedMessages::next
I: MonitorObliviousTransfer::next
I: DecryptChosenMessage::next
I: MonitorObliviousTransfer::next
I: ChooserDone::next
I: MonitorObliviousTransfer::next
I: MonitorObliviousTransfer::next
I: InitChooser::next
I: MonitorObliviousTransfer::next
I: RecvConstant::next
D: received message: 328a66513a13cd35be84631ee59bdcb1fe8e00f655e4ae8ccc81dc9c7b5f7b9994c139f853ba51ba00e44662199650ab912c653ef9d0a9309662e8847d65292ed9023f6a23a67de18d40336a85100ec3e3756d24d6a2b7678b20fbf3d1673e82
I: MonitorObliviousTransfer::next
I: GeneratePublicKey::next
D:  sending message (size 0.000192 MB)
I: MonitorObliviousTransfer::next
I: SendPublicKey::next
I: MonitorObliviousTransfer::next
I: RecvEncryptedMessages::next
I: MonitorObliviousTransfer::next
I: DecryptChosenMessage::next
I: MonitorObliviousTransfer::next
I: ChooserDone::next
I: MonitorObliviousTransfer::next
I: MonitorObliviousTransfer::next
I: InitChooser::next
I: MonitorObliviousTransfer::next
I: RecvConstant::next
D: received message: fc4d46c46dd53c45992795bf9388305a20906dc53d05ccc2fc9a241c86637710212fa626c9b6493ba64e84bf9e7d9e1ed0c9929e69f0f1dbd8fee830a2108da697079bacdd2f8e3c2c6512dac050ded1671e03b89fd7849d3be769965b10f347
I: MonitorObliviousTransfer::next
I: GeneratePublicKey::next
D:  sending message (size 0.000192 MB)
I: MonitorObliviousTransfer::next
I: SendPublicKey::next
I: MonitorObliviousTransfer::next
I: RecvEncryptedMessages::next
I: MonitorObliviousTransfer::next
I: DecryptChosenMessage::next
I: MonitorObliviousTransfer::next
I: ChooserDone::next
I: MonitorObliviousTransfer::next
I: MonitorObliviousTransfer::next
I: InitChooser::next
I: MonitorObliviousTransfer::next
I: RecvConstant::next
D: received message: 55bf1fdfdff12fbe0da575e3fe3cf9b3cc5e2674c59ef3dea106d6d334873336dcfe668112113ec9452e287d31fe3e37deef475075cee91e8fc6c77708794d68520c92c6c65b5bbae6126510444f2e762480b4627cf972f7c0bb4dd27d3d4e97
I: MonitorObliviousTransfer::next
I: GeneratePublicKey::next
D:  sending message (size 0.000192 MB)
I: MonitorObliviousTransfer::next
I: SendPublicKey::next
I: MonitorObliviousTransfer::next
I: RecvEncryptedMessages::next
I: MonitorObliviousTransfer::next
I: DecryptChosenMessage::next
I: MonitorObliviousTransfer::next
I: ChooserDone::next
I: MonitorObliviousTransfer::next
I: MonitorObliviousTransfer::next
I: InitChooser::next
I: MonitorObliviousTransfer::next
I: RecvConstant::next
D: received message: 5fd4d1bd4387532549a3351f07d1979d2fd446be86aa396c395d0be00e62438844275dd09e280d38af2007e2314a6b1f7b26c87365ffea8788b93c9fb095aa3fdae124673ad6ca66f922a6b38aaee661de73521d2d9e3adcf58626a6b71bd7f7
I: MonitorObliviousTransfer::next
I: GeneratePublicKey::next
D:  sending message (size 0.000192 MB)
I: MonitorObliviousTransfer::next
I: SendPublicKey::next
I: MonitorObliviousTransfer::next
I: RecvEncryptedMessages::next
I: MonitorObliviousTransfer::next
I: DecryptChosenMessage::next
I: MonitorObliviousTransfer::next
I: ChooserDone::next
I: MonitorObliviousTransfer::next
I: MonitorObliviousTransfer::next
I: InitChooser::next
I: MonitorObliviousTransfer::next
I: RecvConstant::next
D: received message: bc449c108cb2c05e14419d67b7a24f06b75538bb5be4a28d581f52ebffee7035f2d9f0bb1e014372669951e92adacc235a9bedde42faa79bcbd8b0bf8f43cb4c1643b7e5d4fd5daba57a5da360625f7fd48a44b04efeb35484a514b677a8935f
I: MonitorObliviousTransfer::next
I: GeneratePublicKey::next
D:  sending message (size 0.000191 MB)
I: MonitorObliviousTransfer::next
I: SendPublicKey::next
I: MonitorObliviousTransfer::next
I: RecvEncryptedMessages::next
I: MonitorObliviousTransfer::next
I: DecryptChosenMessage::next
I: MonitorObliviousTransfer::next
I: ChooserDone::next
I: MonitorObliviousTransfer::next
I: MonitorObliviousTransfer::next
I: InitChooser::next
I: MonitorObliviousTransfer::next
I: RecvConstant::next
D: received message: 981e3fe2351cbdd7e01b8514c5a8337756dc09604b74d362f492014c5ca8361cb818b00ab1be35f264242c1bc63c1811d72b1a4d023aaa74b67cc6022bc4aac421a2923136057bd5726ff0543a6a801b5fcf137fecd6a7bc431834ed107843bf
I: MonitorObliviousTransfer::next
I: GeneratePublicKey::next
D:  sending message (size 0.000192 MB)
I: MonitorObliviousTransfer::next
I: SendPublicKey::next
I: MonitorObliviousTransfer::next
I: RecvEncryptedMessages::next
I: MonitorObliviousTransfer::next
I: DecryptChosenMessage::next
I: MonitorObliviousTransfer::next
I: ChooserDone::next
I: MonitorObliviousTransfer::next
I: MonitorObliviousTransfer::next
I: InitChooser::next
I: MonitorObliviousTransfer::next
I: RecvConstant::next
D: received message: dd3bbd1f5e84f91fe833bd2a293d6969f35d7f1a8196f3c2821b133a4feb4612f758cc831889c39c15dc315d649d3daed95fde4ef27eda5b630cb2963e902c17f4732dc902dd93cf46ef735ec15c8f95dc2b05ffd7d35d3ec12bd26ba3a21a17
I: MonitorObliviousTransfer::next
I: GeneratePublicKey::next
D:  sending message (size 0.000192 MB)
I: MonitorObliviousTransfer::next
I: SendPublicKey::next
I: MonitorObliviousTransfer::next
I: RecvEncryptedMessages::next
I: MonitorObliviousTransfer::next
I: DecryptChosenMessage::next
I: MonitorObliviousTransfer::next
I: ChooserDone::next
I: MonitorObliviousTransfer::next
I: MonitorObliviousTransfer::next
I: InitChooser::next
I: MonitorObliviousTransfer::next
I: RecvConstant::next
D: received message: b5033989fa66c38820c77ada9adf4a992ad960d100e5c00cd6d6944b6a7e8a44b68433ab43e4c379fc25f17c2e49929160ecdd943cf0293a74fceb63c2a2dbc318aeba5c183e7333b1c7d1a1a7570546ca1d17a6c86ebb9dc6fff2415843d9e5
I: MonitorObliviousTransfer::next
I: GeneratePublicKey::next
D:  sending message (size 0.000192 MB)
I: MonitorObliviousTransfer::next
I: SendPublicKey::next
I: MonitorObliviousTransfer::next
I: RecvEncryptedMessages::next
I: MonitorObliviousTransfer::next
I: DecryptChosenMessage::next
I: MonitorObliviousTransfer::next
I: ChooserDone::next
I: MonitorObliviousTransfer::next
I: MonitorObliviousTransfer::next
I: InitChooser::next
I: MonitorObliviousTransfer::next
I: RecvConstant::next
D: received message: bc1f519e3d06c944374fa032f2716cac6c206a85dfc3817b5604731f57fc8534c2db1b60dd3e73e61f72e98bfb45532bff0b8d6a3d3bd6c599287909204ca2da2480e4888f1be5b7639a2946203dd98bd314803c44f57ac1435bbae18e37848b
I: MonitorObliviousTransfer::next
I: GeneratePublicKey::next
D:  sending message (size 0.000192 MB)
I: MonitorObliviousTransfer::next
I: SendPublicKey::next
I: MonitorObliviousTransfer::next
I: RecvEncryptedMessages::next
I: MonitorObliviousTransfer::next
I: DecryptChosenMessage::next
I: MonitorObliviousTransfer::next
I: ChooserDone::next
I: MonitorObliviousTransfer::next
I: MonitorObliviousTransfer::next
I: InitChooser::next
I: MonitorObliviousTransfer::next
I: RecvConstant::next
D: received message: b506cd6a8181953293a70bd99bd3513697d74c6860a62ea9798d5f23b3c647077547655648666b5d690e60923e8fbc8cba5c9233a9af6e2d41d8543e5a38f309a15f70583378536777ae8cff68d4d266a619faa9f804eb3719d010ef270de1f6
I: MonitorObliviousTransfer::next
I: GeneratePublicKey::next
D:  sending message (size 0.000192 MB)
I: MonitorObliviousTransfer::next
I: SendPublicKey::next
I: MonitorObliviousTransfer::next
I: RecvEncryptedMessages::next
I: MonitorObliviousTransfer::next
I: DecryptChosenMessage::next
I: MonitorObliviousTransfer::next
I: ChooserDone::next
I: MonitorObliviousTransfer::next
I: MonitorObliviousTransfer::next
I: InitChooser::next
I: MonitorObliviousTransfer::next
I: RecvConstant::next
D: received message: eeb905304facc57715a08f48be7aad58eebbefab987563c188f6be73ea46022f8516b6d4ed570550c4695df41427a6054fe5b78bb9c8a208cda2a282b36d38f20aa1fa7b9178a07d82575914140576c58670ac421600519dbf17da3799682e2b
I: MonitorObliviousTransfer::next
I: GeneratePublicKey::next
D:  sending message (size 0.000192 MB)
I: MonitorObliviousTransfer::next
I: SendPublicKey::next
I: MonitorObliviousTransfer::next
I: RecvEncryptedMessages::next
I: MonitorObliviousTransfer::next
I: DecryptChosenMessage::next
I: MonitorObliviousTransfer::next
I: ChooserDone::next
I: MonitorObliviousTransfer::next
I: MonitorObliviousTransfer::next
I: InitChooser::next
I: MonitorObliviousTransfer::next
I: RecvConstant::next
D: received message: 3d35ea0b66f6e9c4e448e6d261584e45f814cbc10c78ae8e669c3940ac08947efe59d194b9ba7f60253122be5b7fe8f03b1580461888f7655cb3b22ccbd7fd36c824aad80b99f57e190ec71d292fe7cf4edeb218a2fcb1cdd0874ce9cccdfcfa
I: MonitorObliviousTransfer::next
I: GeneratePublicKey::next
D:  sending message (size 0.000192 MB)
I: MonitorObliviousTransfer::next
I: SendPublicKey::next
I: MonitorObliviousTransfer::next
I: RecvEncryptedMessages::next
I: MonitorObliviousTransfer::next
I: DecryptChosenMessage::next
I: MonitorObliviousTransfer::next
I: ChooserDone::next
I: MonitorObliviousTransfer::next
I: MonitorObliviousTransfer::next
I: InitChooser::next
I: MonitorObliviousTransfer::next
I: RecvConstant::next
D: received message: b82732ac41caaabb1229a9565c1c6c4db8ae95f278599589746d2d23024da1726858f91178d6520782df9fc946579ae665c2f6d69d478c4bacd75a272ac3edf7c8c575a7382915ed046779f1ee9e3cc9c52d6c4a68e464d8fd4b1c9ae92535ec
I: MonitorObliviousTransfer::next
I: GeneratePublicKey::next
D:  sending message (size 0.000192 MB)
I: MonitorObliviousTransfer::next
I: SendPublicKey::next
I: MonitorObliviousTransfer::next
I: RecvEncryptedMessages::next
I: MonitorObliviousTransfer::next
I: DecryptChosenMessage::next
I: MonitorObliviousTransfer::next
I: ChooserDone::next
I: MonitorObliviousTransfer::next
I: MonitorObliviousTransfer::next
I: InitChooser::next
I: MonitorObliviousTransfer::next
I: RecvConstant::next
D: received message: 569544978e4a8d626eabfbfa9f21059ec253f21c6c39fa77b3ac24e86accbf5717972d3f2021d662a402c06eafde93592dc1d331369484eb0ed967c868254d303a816cc41bad3f17bf72ee6eb10aa9b15a9a3e2ef8a8b394143a8b09ff075d0d
I: MonitorObliviousTransfer::next
I: GeneratePublicKey::next
D:  sending message (size 0.000192 MB)
I: MonitorObliviousTransfer::next
I: SendPublicKey::next
I: MonitorObliviousTransfer::next
I: RecvEncryptedMessages::next
I: MonitorObliviousTransfer::next
I: DecryptChosenMessage::next
I: MonitorObliviousTransfer::next
I: ChooserDone::next
I: MonitorObliviousTransfer::next
I: MonitorObliviousTransfer::next
I: InitChooser::next
I: MonitorObliviousTransfer::next
I: RecvConstant::next
D: received message: 7bc244532e41c6925aa18daeadda6ab74a8f58d1a0fda08d1b7add691c2dd570f3af36b0cb7877218621f77e4688ba8c6082599a8bd52fb91c5a4b33c650eac689141be653f9f3dafc01f8548d00957e0278035348977b91c95f859851ebfe6d
I: MonitorObliviousTransfer::next
I: GeneratePublicKey::next
D:  sending message (size 0.000192 MB)
I: MonitorObliviousTransfer::next
I: SendPublicKey::next
I: MonitorObliviousTransfer::next
I: RecvEncryptedMessages::next
I: MonitorObliviousTransfer::next
I: DecryptChosenMessage::next
I: MonitorObliviousTransfer::next
I: ChooserDone::next
I: MonitorObliviousTransfer::next
I: MonitorObliviousTransfer::next
I: InitChooser::next
I: MonitorObliviousTransfer::next
I: RecvConstant::next
D: received message: a83748d797ce47eb20020f9dedaa775cf9742a23d81102c692842328ab2ca75fed741d15c4d594839196ca10fe39a7d4e8197abda4313172866b29b78533fed054573d7ab8f2ec3b3e227c712bdfa2fd9e612033e679393e20e97506f5b3a536
I: MonitorObliviousTransfer::next
I: GeneratePublicKey::next
D:  sending message (size 0.000191 MB)
I: MonitorObliviousTransfer::next
I: SendPublicKey::next
I: MonitorObliviousTransfer::next
I: RecvEncryptedMessages::next
I: MonitorObliviousTransfer::next
I: DecryptChosenMessage::next
I: MonitorObliviousTransfer::next
I: ChooserDone::next
I: MonitorObliviousTransfer::next
I: MonitorObliviousTransfer::next
I: InitChooser::next
I: MonitorObliviousTransfer::next
I: RecvConstant::next
D: received message: ef56d4935140511f61276d7c6defa64d9bd7ccc752d9909a4df6503f34b821df9e419b92e6297c26d06d2851b61fb20797ba6f3d6d4df6935de9c3f0177a636cf54d5c1a1523bcb8c18438f71b8eacfb79e075e3b09286bf7bcf2e53e42b8f08
I: MonitorObliviousTransfer::next
I: GeneratePublicKey::next
D:  sending message (size 0.000192 MB)
I: MonitorObliviousTransfer::next
I: SendPublicKey::next
I: MonitorObliviousTransfer::next
I: RecvEncryptedMessages::next
I: MonitorObliviousTransfer::next
I: DecryptChosenMessage::next
I: MonitorObliviousTransfer::next
I: ChooserDone::next
I: MonitorObliviousTransfer::next
I: MonitorObliviousTransfer::next
I: InitChooser::next
I: MonitorObliviousTransfer::next
I: RecvConstant::next
D: received message: 44342b72ca83939e4d7ae1f0ca4fe7e1a7735bc9e5439d9befd14dacc05423237be36a2b1a05e3d906024bc367b46975b51365bcef287152f4dba14c4efde9cb891c2075432fe1f64113c410dc4fc1022945f86befa0cd7adf2b24afde2d7d6c
I: MonitorObliviousTransfer::next
I: GeneratePublicKey::next
D:  sending message (size 0.000192 MB)
I: MonitorObliviousTransfer::next
I: SendPublicKey::next
I: MonitorObliviousTransfer::next
I: RecvEncryptedMessages::next
I: MonitorObliviousTransfer::next
I: DecryptChosenMessage::next
I: MonitorObliviousTransfer::next
I: ChooserDone::next
I: MonitorObliviousTransfer::next
I: MonitorObliviousTransfer::next
I: InitChooser::next
I: MonitorObliviousTransfer::next
I: RecvConstant::next
D: received message: 5aa32300b69f61211f695eb528acf97b023a128ec6403fc52b4b85eecebbb5af009aa956ccd169fe70d8bf7324b02e3598d66ee2ff9d99a34d987d531e91feaddeb9c3ddd9430857fc07dec539d11c19523c1d6d3f9cc4ecd23e598bf6d0beba
I: MonitorObliviousTransfer::next
I: GeneratePublicKey::next
D:  sending message (size 0.000192 MB)
I: MonitorObliviousTransfer::next
I: SendPublicKey::next
I: MonitorObliviousTransfer::next
I: RecvEncryptedMessages::next
I: MonitorObliviousTransfer::next
I: DecryptChosenMessage::next
I: MonitorObliviousTransfer::next
I: ChooserDone::next
I: MonitorObliviousTransfer::next
I: MonitorObliviousTransfer::next
I: InitChooser::next
I: MonitorObliviousTransfer::next
I: RecvConstant::next
D: received message: bed8345b1a0f04f1eea29be9fe0dc8479781edcde713c8e1db631bd9aea332ddc73942289f08ac86c14ecec82f370c33561f1d8ba6e072b7536a3acc0c46f06ed19671bc73a0761ffe95681e74aa4831ffe6702a90a5ec1996ccc6343283cadd
I: MonitorObliviousTransfer::next
I: GeneratePublicKey::next
D:  sending message (size 0.000192 MB)
I: MonitorObliviousTransfer::next
I: SendPublicKey::next
I: MonitorObliviousTransfer::next
I: RecvEncryptedMessages::next
I: MonitorObliviousTransfer::next
I: DecryptChosenMessage::next
I: MonitorObliviousTransfer::next
I: ChooserDone::next
I: MonitorObliviousTransfer::next
I: MonitorObliviousTransfer::next
I: InitChooser::next
I: MonitorObliviousTransfer::next
I: RecvConstant::next
D: received message: 25156f464da7f691c60fea3b49b227517ee75339094015de1bf9cde3cf7cd5187f979439004727037711272282a24d266ab4e940bffaa97cfeee6f377c186a48e95439eb15666cf875648036857a3480d5c6400296e489dd53cc339a745890b
I: MonitorObliviousTransfer::next
I: GeneratePublicKey::next
D:  sending message (size 0.000192 MB)
I: MonitorObliviousTransfer::next
I: SendPublicKey::next
I: MonitorObliviousTransfer::next
I: RecvEncryptedMessages::next
I: MonitorObliviousTransfer::next
I: DecryptChosenMessage::next
I: MonitorObliviousTransfer::next
I: ChooserDone::next
I: MonitorObliviousTransfer::next
I: MonitorObliviousTransfer::next
I: InitChooser::next
I: MonitorObliviousTransfer::next
I: RecvConstant::next
D: received message: 1651eaef755e688de94ed620c83e93b45791cb133abe102d23528e82b39bc97843b106c9d11777c543a073b5718f50c5a1d09ff6bdfce602ff14dbb3a4e24c46052ce3e13ab99d0dc749302e4417c6366c9538e80b5796079560542bd194f96d
I: MonitorObliviousTransfer::next
I: GeneratePublicKey::next
D:  sending message (size 0.000191 MB)
I: MonitorObliviousTransfer::next
I: SendPublicKey::next
I: MonitorObliviousTransfer::next
I: RecvEncryptedMessages::next
I: MonitorObliviousTransfer::next
I: DecryptChosenMessage::next
I: MonitorObliviousTransfer::next
I: ChooserDone::next
I: MonitorObliviousTransfer::next
I: MonitorObliviousTransfer::next
I: InitChooser::next
I: MonitorObliviousTransfer::next
I: RecvConstant::next
D: received message: 2626e7a8c43a624a2ad239686d5c4a87d458c8b496ae365b7bbde7e96415a0e45faa4d823ed03ce46b84122e809e8d162a24945ce0ae83bfdbe52e280ad193df8da72d5004d9bbc1807512806b8b45ee1b2e75b907b612d486fe9297f4cb731d
I: MonitorObliviousTransfer::next
I: GeneratePublicKey::next
D:  sending message (size 0.000192 MB)
I: MonitorObliviousTransfer::next
I: SendPublicKey::next
I: MonitorObliviousTransfer::next
I: RecvEncryptedMessages::next
I: MonitorObliviousTransfer::next
I: DecryptChosenMessage::next
I: MonitorObliviousTransfer::next
I: ChooserDone::next
I: MonitorObliviousTransfer::next
I: MonitorObliviousTransfer::next
I: InitChooser::next
I: MonitorObliviousTransfer::next
I: RecvConstant::next
D: received message: ccabb8afcd3b5df8b8ebce586d26435df73aedfb8ad37b9dcc9386d4415b693479a5a72b96596ab791d942b51ea058ba92d535243bef8afaa08ff9fa6f2ba7be94404f5be9a9341323d793f31309c1895655fbaf7a3d655ed486d0530ca341d0
I: MonitorObliviousTransfer::next
I: GeneratePublicKey::next
D:  sending message (size 0.000192 MB)
I: MonitorObliviousTransfer::next
I: SendPublicKey::next
I: MonitorObliviousTransfer::next
I: RecvEncryptedMessages::next
I: MonitorObliviousTransfer::next
I: DecryptChosenMessage::next
I: MonitorObliviousTransfer::next
I: ChooserDone::next
I: MonitorObliviousTransfer::next
I: MonitorObliviousTransfer::next
I: InitChooser::next
I: MonitorObliviousTransfer::next
I: RecvConstant::next
D: received message: 659da20bef11378cbc77c1028e6684f3774b408fff5c7323bce8a5dc95fc31cf652a849aa5a6811c690ec942c54f0982e1e87487762a9101335f676e6feba021eb3ca95671652a1ad49c41d4f71da3f23e2dab513753a70d1ce9683fd8777961
I: MonitorObliviousTransfer::next
I: GeneratePublicKey::next
D:  sending message (size 0.000192 MB)
I: MonitorObliviousTransfer::next
I: SendPublicKey::next
I: MonitorObliviousTransfer::next
I: RecvEncryptedMessages::next
I: MonitorObliviousTransfer::next
I: DecryptChosenMessage::next
I: MonitorObliviousTransfer::next
I: ChooserDone::next
I: MonitorObliviousTransfer::next
I: MonitorObliviousTransfer::next
I: InitChooser::next
I: MonitorObliviousTransfer::next
I: RecvConstant::next
D: received message: 28aa85ea3b19d527fb8fc68e620e3f13392574f92dda8e982ebd04790a77c4e8d661a49c3c36200005ea8cca9cd4fd16c049753b5891b75fb252d683155a22d09b820d1628ce466ad35cb418a883268e08174910cddda4c7a34acbe2bad55386
I: MonitorObliviousTransfer::next
I: GeneratePublicKey::next
D:  sending message (size 0.000192 MB)
I: MonitorObliviousTransfer::next
I: SendPublicKey::next
I: MonitorObliviousTransfer::next
I: RecvEncryptedMessages::next
I: MonitorObliviousTransfer::next
I: DecryptChosenMessage::next
I: MonitorObliviousTransfer::next
I: ChooserDone::next
I: MonitorObliviousTransfer::next
I: MonitorObliviousTransfer::next
I: InitChooser::next
I: MonitorObliviousTransfer::next
I: RecvConstant::next
D: received message: 32b0650231653cd95a71068effa7114e11c2c8f72f74f1858fdd3b7528bd5cbe249652dc84d439f9be845f118194babe974d8e444d1dff2fd7e5a4b917c7637961a47d2c2ec24ec49cbac0c740d9151a3f752bd83b25021331668fdc6194d06b
I: MonitorObliviousTransfer::next
I: GeneratePublicKey::next
D:  sending message (size 0.000192 MB)
I: MonitorObliviousTransfer::next
I: SendPublicKey::next
I: MonitorObliviousTransfer::next
I: RecvEncryptedMessages::next
I: MonitorObliviousTransfer::next
I: DecryptChosenMessage::next
I: MonitorObliviousTransfer::next
I: ChooserDone::next
I: MonitorObliviousTransfer::next
I: MonitorObliviousTransfer::next
I: InitChooser::next
I: MonitorObliviousTransfer::next
I: RecvConstant::next
D: received message: 80af4348ada297998cd7fd813fef98921d39e832732a6c2c7442e869bab70905020838701ac995a53ccd72a0ce9d0a42c8c6b80e3dabfa10775071bd8b8fe4e78a6bfff8456ed09fe0b2b38801c9d08e127db3b53da1abf0a33c3918476aaced
I: MonitorObliviousTransfer::next
I: GeneratePublicKey::next
D:  sending message (size 0.000192 MB)
I: MonitorObliviousTransfer::next
I: SendPublicKey::next
I: MonitorObliviousTransfer::next
I: RecvEncryptedMessages::next
I: MonitorObliviousTransfer::next
I: DecryptChosenMessage::next
I: MonitorObliviousTransfer::next
I: ChooserDone::next
I: MonitorObliviousTransfer::next
I: MonitorObliviousTransfer::next
I: InitChooser::next
I: MonitorObliviousTransfer::next
I: RecvConstant::next
D: received message: ed5f7d64783b93e463a0bdb30e06ced10b4af100cc18fec8c254bdce7f7068682960ecdc058ad727a69bddc8dbd5f608d26ee93e57c144f3b03670513006c7ab0edd0a919b891585c49d02faedc3bada265e41fb2bc83d85c423806da8678ad3
I: MonitorObliviousTransfer::next
I: GeneratePublicKey::next
D:  sending message (size 0.000192 MB)
I: MonitorObliviousTransfer::next
I: SendPublicKey::next
I: MonitorObliviousTransfer::next
I: RecvEncryptedMessages::next
I: MonitorObliviousTransfer::next
I: DecryptChosenMessage::next
I: MonitorObliviousTransfer::next
I: ChooserDone::next
I: MonitorObliviousTransfer::next
I: MonitorObliviousTransfer::next
I: InitChooser::next
I: MonitorObliviousTransfer::next
I: RecvConstant::next
D: received message: f3492a8861c294276fb1996d74b26371f0a74790d06a03895b24876096acd28556e436fc6815ebf5cd79f8ec810d5096e1c5add32d64f73a1d42bbfb97d2ff704ea4d11798f6621f5bb34f2f78bc029ab58bd08de36064ae0c51feff4d9a1f95
I: MonitorObliviousTransfer::next
I: GeneratePublicKey::next
D:  sending message (size 0.000192 MB)
I: MonitorObliviousTransfer::next
I: SendPublicKey::next
I: MonitorObliviousTransfer::next
I: RecvEncryptedMessages::next
I: MonitorObliviousTransfer::next
I: DecryptChosenMessage::next
I: MonitorObliviousTransfer::next
I: ChooserDone::next
I: MonitorObliviousTransfer::next
I: MonitorObliviousTransfer::next
I: InitChooser::next
I: MonitorObliviousTransfer::next
I: RecvConstant::next
D: received message: fd9d8569236dd12d3a5695038a37fa792d073e4b0922beddb5c3f765f8db7663885f079706cbcac7479ca806ed032d273fd591e0e22c3bd4b9b79612347d780d7aaed9047c19946295a22a01436c0fe0af27f7081e583ff5182c38bb1b4e6
I: MonitorObliviousTransfer::next
I: GeneratePublicKey::next
D:  sending message (size 0.000192 MB)
I: MonitorObliviousTransfer::next
I: SendPublicKey::next
I: MonitorObliviousTransfer::next
I: RecvEncryptedMessages::next
I: MonitorObliviousTransfer::next
I: DecryptChosenMessage::next
I: MonitorObliviousTransfer::next
I: ChooserDone::next
I: MonitorObliviousTransfer::next
I: MonitorObliviousTransfer::next
I: InitChooser::next
I: MonitorObliviousTransfer::next
I: RecvConstant::next
D: received message: 5809b77f766a5e184d494231b8a567bfee52bc3d9dd1733e8ae19c411123af26c56608f39e5b35c7c9f3acf85c43e458fd33a638a31533d6b30872490ff26567928e81d0b1b5ebb5e17005e6283f2fea9e6dacd6bb80984ad1edaccbb34fc6a2
I: MonitorObliviousTransfer::next
I: GeneratePublicKey::next
D:  sending message (size 0.000192 MB)
I: MonitorObliviousTransfer::next
I: SendPublicKey::next
I: MonitorObliviousTransfer::next
I: RecvEncryptedMessages::next
I: MonitorObliviousTransfer::next
I: DecryptChosenMessage::next
I: MonitorObliviousTransfer::next
I: ChooserDone::next
I: MonitorObliviousTransfer::next
I: MonitorObliviousTransfer::next
I: InitChooser::next
I: MonitorObliviousTransfer::next
I: RecvConstant::next
D: received message: 9956ceb0fe0197939047b7e0ffc854edbc90917f50737bf01201c370a3e0f16556b3bb8f846810fe542922cc9f300417f209c58036cc91e1e8453249185d32a414a904c702eb11e040011cd3aafc61b05614462651d18047841681d50fe6b90c
I: MonitorObliviousTransfer::next
I: GeneratePublicKey::next
D:  sending message (size 0.000192 MB)
I: MonitorObliviousTransfer::next
I: SendPublicKey::next
I: MonitorObliviousTransfer::next
I: RecvEncryptedMessages::next
I: MonitorObliviousTransfer::next
I: DecryptChosenMessage::next
I: MonitorObliviousTransfer::next
I: ChooserDone::next
I: MonitorObliviousTransfer::next
I: MonitorObliviousTransfer::next
I: InitChooser::next
I: MonitorObliviousTransfer::next
I: RecvConstant::next
D: received message: ab9ef2003af400ccc786c2a887af5ffa494455394c21aeecc502dd3f9c9e91c81368f8e4460892044654ea5b538c9dc8a63ea161c94026478a140a723f6b7be9d2e0f3415f3399f9dbdeccf26014174d3919ef90b840d77e9d00c37b0fa41075
I: MonitorObliviousTransfer::next
I: GeneratePublicKey::next
D:  sending message (size 0.000191 MB)
I: MonitorObliviousTransfer::next
I: SendPublicKey::next
I: MonitorObliviousTransfer::next
I: RecvEncryptedMessages::next
I: MonitorObliviousTransfer::next
I: DecryptChosenMessage::next
I: MonitorObliviousTransfer::next
I: ChooserDone::next
I: MonitorObliviousTransfer::next
I: MonitorObliviousTransfer::next
I: InitChooser::next
I: MonitorObliviousTransfer::next
I: RecvConstant::next
D: received message: f1ce24953772a45676a80cd226ed7b82a5961031dbcfafc317ad05397b4cd8e867309e53aab4ce74eea73c49353c9d9a800e64c9bf3f72046feb1f73904a3c7b94c2fb68f8ba73209e0cf180692375f721f1a025f3628bd1e714158545673339
I: MonitorObliviousTransfer::next
I: GeneratePublicKey::next
D:  sending message (size 0.000192 MB)
I: MonitorObliviousTransfer::next
I: SendPublicKey::next
I: MonitorObliviousTransfer::next
I: RecvEncryptedMessages::next
I: MonitorObliviousTransfer::next
I: DecryptChosenMessage::next
I: MonitorObliviousTransfer::next
I: ChooserDone::next
I: MonitorObliviousTransfer::next
I: MonitorObliviousTransfer::next
I: InitChooser::next
I: MonitorObliviousTransfer::next
I: RecvConstant::next
D: received message: 2cf9178d4f4b59fdb6cbae74fc016727eb8cf3a27cacac320a378512a2b92c62ee66bffceedf68b8b0405abc2665a1db004062a8e9527abbd6c5accb8471e0e0ed1d80698a03c79136f73a3cf336d70ed6c7c000730aa031dfd5f4921da6a92b
I: MonitorObliviousTransfer::next
I: GeneratePublicKey::next
D:  sending message (size 0.000192 MB)
I: MonitorObliviousTransfer::next
I: SendPublicKey::next
I: MonitorObliviousTransfer::next
I: RecvEncryptedMessages::next
I: MonitorObliviousTransfer::next
I: DecryptChosenMessage::next
I: MonitorObliviousTransfer::next
I: ChooserDone::next
I: MonitorObliviousTransfer::next
I: MonitorObliviousTransfer::next
I: InitChooser::next
I: MonitorObliviousTransfer::next
I: RecvConstant::next
D: received message: a845a8b00551a9a49561e6dba09ae7eed623f8203ad4ba244856d9766e71e242ead9a43cda9d6e04cd8ec9962f2793a88794d8b5a75ef8f4b8330ca58d07e74bfa46928ed592e76206ea614ab2a4ecc8beadcfbdaa0d2810947868657b3cd155
I: MonitorObliviousTransfer::next
I: GeneratePublicKey::next
D:  sending message (size 0.000192 MB)
I: MonitorObliviousTransfer::next
I: SendPublicKey::next
I: MonitorObliviousTransfer::next
I: RecvEncryptedMessages::next
I: MonitorObliviousTransfer::next
I: DecryptChosenMessage::next
I: MonitorObliviousTransfer::next
I: ChooserDone::next
I: MonitorObliviousTransfer::next
I: MonitorObliviousTransfer::next
I: InitChooser::next
I: MonitorObliviousTransfer::next
I: RecvConstant::next
D: received message: 66dfecedf4153c0a7befac400619112495a377de5a8573451e722eab138c52f5ef750517167d6db232276a0749f789e9f1f64f666141a0fddf35a71dc66c73718a867fec9adf56caf745ece2382aadd432a3311e8173f879957a91072f26cf74
I: MonitorObliviousTransfer::next
I: GeneratePublicKey::next
D:  sending message (size 0.000192 MB)
I: MonitorObliviousTransfer::next
I: SendPublicKey::next
I: MonitorObliviousTransfer::next
I: RecvEncryptedMessages::next
I: MonitorObliviousTransfer::next
I: DecryptChosenMessage::next
I: MonitorObliviousTransfer::next
I: ChooserDone::next
I: MonitorObliviousTransfer::next
I: MonitorObliviousTransfer::next
I: InitChooser::next
I: MonitorObliviousTransfer::next
I: RecvConstant::next
D: received message: 5a05e8f1c4a8d4ee7e4ccf98b5dbd6f9c49a6bbd8037addaf30310b858f2da6d3db708500ec0afc41ec2763bf1453e5e4690d8485de578de858b965749e86330b4dcfc68062c9b1a3bb66b84d0432f46f7852e030ca8071365707db74409a168
I: MonitorObliviousTransfer::next
I: GeneratePublicKey::next
D:  sending message (size 0.000192 MB)
I: MonitorObliviousTransfer::next
I: SendPublicKey::next
I: MonitorObliviousTransfer::next
I: RecvEncryptedMessages::next
I: MonitorObliviousTransfer::next
I: DecryptChosenMessage::next
I: MonitorObliviousTransfer::next
I: ChooserDone::next
I: MonitorObliviousTransfer::next
I: MonitorObliviousTransfer::next
I: InitChooser::next
I: MonitorObliviousTransfer::next
I: RecvConstant::next
D: received message: dc5616468d89f844c8c5e95f8b801b1b7fe9c9d4311d7ad8b59d9019048d87a5d796786ca4f59f8f3c843bf3b5813b0f311085cbc22e9420a252b2ff124ce1562d828363339696636167ec37cbccbdd094c648ec56c74dbf4d89adc1cfe328e0
I: MonitorObliviousTransfer::next
I: GeneratePublicKey::next
D:  sending message (size 0.000192 MB)
I: MonitorObliviousTransfer::next
I: SendPublicKey::next
I: MonitorObliviousTransfer::next
I: RecvEncryptedMessages::next
I: MonitorObliviousTransfer::next
I: DecryptChosenMessage::next
I: MonitorObliviousTransfer::next
I: ChooserDone::next
I: MonitorObliviousTransfer::next
I: MonitorObliviousTransfer::next
I: EvaluateCircuit::next
D:   evaluating gate 10000
D:  sending message (size 0.000001 MB)
I: SendOutputBit::next
I: ==== round duration: 5730.509277 ms ====
I: CopyMonitorStateLabels::next
I: RecvGarbledGates::next
I: RecvSystemInputLabels::next
I: RecvFlagBitLabels::next
I: EvaluateCircuit::next
D:   evaluating gate 10000
D:  sending message (size 0.000001 MB)
I: SendOutputBit::next
I: ==== round duration: 4970.013672 ms ====
I: CopyMonitorStateLabels::next
I: RecvGarbledGates::next
I: RecvSystemInputLabels::next
I: RecvFlagBitLabels::next
I: EvaluateCircuit::next
D:   evaluating gate 10000
D:  sending message (size 0.000001 MB)
I: SendOutputBit::next
I: ==== round duration: 5247.267090 ms ====
I: FaultObserved::next
I: MonitorDone::next
