I: parsing spec file timekeeper+.v...
skipping synthesis, BLIF file already exists.
I: parsing BLIF file synth.blif...
D: inputs and outputs parsed.
D: circuit initialized.
D: connections (#2018) parsed.
D: gates (#20547) parsed.
D: outputs: 24327 24330 24333 24336 24339 24342 24345 24348 24351 24354 24357 24360 24363 24366 24369 24372 24375 24378 24381 24384 24387 24390 24393 24396 24399 24402 24405 24408 24411 24414 24417 24423 24325 
D: circuit size: 24424
D: adding identity gates for outputs...
D: outputs after identity: 24457 24458 24459 24460 24461 24462 24463 24464 24465 24466 24467 24468 24469 24470 24471 24472 24473 24474 24475 24476 24477 24478 24479 24480 24481 24482 24483 24484 24485 24486 24487 24488 24489 
D: circuit size after identity: 24490
I: initializing safe primes...
I: using prime modulus 2410312426921032588552076022197566074856950548502459942654116941958108831682612228890093858261341614673227141477904012196503648957050582631942730706805009223062734745341073406696246014589361659774041027169249453200378729434170325843778659198143763193776859869524088940195577346119843545301547043747207749969763750084308926339295559968882457872412993810129130294592999947926365264059284647209730384947211681434464714438488520940127459844288859336526896320919633919
D:  sending message (size 0.000005 MB)
I: InitMonitor::next
I: GenerateDriverLabels::next
D:   driver labels generated in 33805.570312 ms
I: GenerateInWireKeys::next
D:   in-wire keys generated in 10672.227539 ms
D: SendLabels::message
D:   generating in-wire labels for 20618 gates
D:   10000 gates processed
D:   20000 gates processed
D:   in-wire labels generated in 35818.988281 ms
D:  gateCount: 20618
D:  sending message (size 25.299744 MB)
I: SendLabels::next
I: RecvGarbledGates::next
I: RecvSystemInputLabels::next
I: RecvFlagBitLabels::next
I: MonitorObliviousTransfer::next
I: InitChooser::next
I: MonitorObliviousTransfer::next
I: RecvConstant::next
D: received message: 18a9ba93b6ccd057f8c8b76a2b33bda2a4ed1a235747f75d845662eaec6e24bded1fe4107bb2e55fce94d4987590d487655e463b3565412ebe483649481ee7af083014631cc0599f52769c800c26f74a703f81d0c8ee04f00d3e00b768ecc521508ebd3c2b7f83510168b3af129ee57569ad8a382c6c7ecc6dbf26dbf338793299f5596b4251bca97d518e928c7c83cbda6c895bbf77ba441a9476696597688db590cf53af8ec073ba8c47361ff0e00cacbd1aa47719c6eb26082ef55cb03139
I: MonitorObliviousTransfer::next
I: GeneratePublicKey::next
D:  sending message (size 0.000384 MB)
I: MonitorObliviousTransfer::next
I: SendPublicKey::next
I: MonitorObliviousTransfer::next
I: RecvEncryptedMessages::next
I: MonitorObliviousTransfer::next
I: DecryptChosenMessage::next
I: MonitorObliviousTransfer::next
I: ChooserDone::next
I: MonitorObliviousTransfer::next
I: MonitorObliviousTransfer::next
I: InitChooser::next
I: MonitorObliviousTransfer::next
I: RecvConstant::next
D: received message: 459e5062c1f9f8a2a9936de23f1ae10c8efcfa99745fd474b9f1a3eeb0fb9bc5718c3998452bdbc1901c3cf2192022735df2bb030565e3077ba65c6dfe0f83bf39c13a39928ea8ea72250465d5c268fbdd1d08764ec870a014d160fc78f7603864a8f18df7d89f9b960d15d5c4272fe313e777a381ae3606cbba7d2c4edbda0365633cb60d5275d7fcd8c7da8b1f3f6eeec3348c55742be303a1b7dfa4d029cc787eeb8c279bd6a952970d7fb9d0cc87854eadff91f1ff0edc2338fdf1d01e6b
I: MonitorObliviousTransfer::next
I: GeneratePublicKey::next
D:  sending message (size 0.000384 MB)
I: MonitorObliviousTransfer::next
I: SendPublicKey::next
I: MonitorObliviousTransfer::next
I: RecvEncryptedMessages::next
I: MonitorObliviousTransfer::next
I: DecryptChosenMessage::next
I: MonitorObliviousTransfer::next
I: ChooserDone::next
I: MonitorObliviousTransfer::next
I: MonitorObliviousTransfer::next
I: InitChooser::next
I: MonitorObliviousTransfer::next
I: RecvConstant::next
D: received message: 87ee02b1207afc73d17f84686d767dc32896ca5470cff666874f3161843805941ca0baa9be6759f42fd7b0ce5ab2680592e89a26bc65a5a948766309292f945b839966ef33316ad30300f090109ffcc76a6bdb7d50890c1b76989667acd44217529659cf3d2deaaa1d601c6de619e66cf53e8d580254345b2397ea82d1fb93c8b3c51d56a247ed6e45f720f909386c3721709ab5ecca49c6bfd2ecab8c1f0020b95b90c6efc5e29caecc9e132e1e213e324519848e9c9d436955f33503642a54
I: MonitorObliviousTransfer::next
I: GeneratePublicKey::next
D:  sending message (size 0.000384 MB)
I: MonitorObliviousTransfer::next
I: SendPublicKey::next
I: MonitorObliviousTransfer::next
I: RecvEncryptedMessages::next
I: MonitorObliviousTransfer::next
I: DecryptChosenMessage::next
I: MonitorObliviousTransfer::next
I: ChooserDone::next
I: MonitorObliviousTransfer::next
I: MonitorObliviousTransfer::next
I: InitChooser::next
I: MonitorObliviousTransfer::next
I: RecvConstant::next
D: received message: 15a125954de8a23152104eb0bec87604b231bea2428d43bd25035559e8002ef47653a498e0259337dcb22d8aa41c0ab6f6833bbfaff579bfec27a7d39b755f64f82914b9998dad401be1e1c03ff2502d5b4edb4935fda5f58e8cd121ffe694a6433b2da061bc7f8d61c809dcab5092dd66b6f022143d79c40c2e34f1ac0cded46ec9d87668e26d9de0f87604725cee5cb861eb9ab7d203eabf8bb3c7936f13f9da773b3e1276c9da039c98dda083c446767f20defff12f1e3ca07c262a5e95f2
I: MonitorObliviousTransfer::next
I: GeneratePublicKey::next
D:  sending message (size 0.000384 MB)
I: MonitorObliviousTransfer::next
I: SendPublicKey::next
I: MonitorObliviousTransfer::next
I: RecvEncryptedMessages::next
I: MonitorObliviousTransfer::next
I: DecryptChosenMessage::next
I: MonitorObliviousTransfer::next
I: ChooserDone::next
I: MonitorObliviousTransfer::next
I: MonitorObliviousTransfer::next
I: InitChooser::next
I: MonitorObliviousTransfer::next
I: RecvConstant::next
D: received message: cdebe3004d554a628463255f32570d161ea575053264b0e468cafd0463f18befe69d547dbaa1f54abe58ebb30bddc55bfe5911e54b3a7eeea49983a8664a283c472d127ef2bafbab6e29abd7974a4a4c800a8a2c35a1bdc6d4e59dd6357409b8af2c14cb4e726259df6adc7f66039d1b4bd00de1a5a114b6654660781678cf52f97eefbf7165410a9670901981ea48030d53a26522c267cf446c1d92d4c94154399560a5bb92e5c6b8d98621d9496cd48e2af2f833701fbf06cd4c9024b09ef4
I: MonitorObliviousTransfer::next
I: GeneratePublicKey::next
D:  sending message (size 0.000384 MB)
I: MonitorObliviousTransfer::next
I: SendPublicKey::next
I: MonitorObliviousTransfer::next
I: RecvEncryptedMessages::next
I: MonitorObliviousTransfer::next
I: DecryptChosenMessage::next
I: MonitorObliviousTransfer::next
I: ChooserDone::next
I: MonitorObliviousTransfer::next
I: MonitorObliviousTransfer::next
I: InitChooser::next
I: MonitorObliviousTransfer::next
I: RecvConstant::next
D: received message: a68cceb9262a3db228c9f4567384b4f4e60828913760b4c26d0804ee80454de30c8d6b678d3c85c602e48363ee7f33a0da039d567a80e9e30656f1d216f82fcd1d9fbe02edb8419e9c8e16f6260525704931732adb3c49ddbf8575c94b49db6a17c3dbe469ed84a333b9e02de0b52f10149800b61a7e20b631dd2b4d7048d2b25135ea59746afe40d2f1a1b4d076c902c12a5b4dff69690a42ac55e4a1fb15b4f85672e4ed1efa0cf539f9690aebbd200cc05b1509d2844d3090b22df9f36b
I: MonitorObliviousTransfer::next
I: GeneratePublicKey::next
D:  sending message (size 0.000384 MB)
I: MonitorObliviousTransfer::next
I: SendPublicKey::next
I: MonitorObliviousTransfer::next
I: RecvEncryptedMessages::next
I: MonitorObliviousTransfer::next
I: DecryptChosenMessage::next
I: MonitorObliviousTransfer::next
I: ChooserDone::next
I: MonitorObliviousTransfer::next
I: MonitorObliviousTransfer::next
I: InitChooser::next
I: MonitorObliviousTransfer::next
I: RecvConstant::next
D: received message: 25d13ba169defd14cc64de4557faa2f0b3c9e300756dfc7df63929a9d27cb419a4b8e32b939d873eee89cd1815a809786158227d8cb159b5b8cba247c8fd33d77acabba08935e182f94664e724b4b6e17f29f782c830be820e072dd7372550b53d210580341d40f5d8d070692ca201578b444f2b8b10d80effd8da7ea2903de9e2a1009455d3cc13d0d01d73881c6399f5d95ceb666421952db2b4559571cb38350bac9692a0d257325d0c9118300ef2b54e1f1c642fd710d9f5eb46e02551fb
I: MonitorObliviousTransfer::next
I: GeneratePublicKey::next
D:  sending message (size 0.000384 MB)
I: MonitorObliviousTransfer::next
I: SendPublicKey::next
I: MonitorObliviousTransfer::next
I: RecvEncryptedMessages::next
I: MonitorObliviousTransfer::next
I: DecryptChosenMessage::next
I: MonitorObliviousTransfer::next
I: ChooserDone::next
I: MonitorObliviousTransfer::next
I: MonitorObliviousTransfer::next
I: InitChooser::next
I: MonitorObliviousTransfer::next
I: RecvConstant::next
D: received message: 480d51252cc3fad3d3495b84e961d170726d13f6dff026d7eb1f392ed7b1c484e2fbcea77ee6b0689bbc4b1ba1c0b8274768d06bb8644627e49fcf3a1b9607e5c895b326fe129f0776cbd16d92039df47d8342fbc41e71e8c559b215415834319a87723b177dde44ce617a2264cfbafe5e2082410110adab2f05b32aeb8e4612066d058fda285aac81cc8977efed2e0f6ba194d110756bea569fc3a4f3abd827f690dea07e0420d38777800fdad752721f48784e6628ba291179d37e308ae39e
I: MonitorObliviousTransfer::next
I: GeneratePublicKey::next
D:  sending message (size 0.000384 MB)
I: MonitorObliviousTransfer::next
I: SendPublicKey::next
I: MonitorObliviousTransfer::next
I: RecvEncryptedMessages::next
I: MonitorObliviousTransfer::next
I: DecryptChosenMessage::next
I: MonitorObliviousTransfer::next
I: ChooserDone::next
I: MonitorObliviousTransfer::next
I: MonitorObliviousTransfer::next
I: InitChooser::next
I: MonitorObliviousTransfer::next
I: RecvConstant::next
D: received message: ed84629eb91630109757cc0e05db2ee15a7b678203b8b71bcc989d166b004f479ce72de38591528ffdf366ff3f44e86a5dc62f8820c74e526ab2835c280836521c1ef8d3bd455d6937eb5c28ff793d45d6fa06803276ad8916866c0a22949ec34e2560b297baab2ccf2bf453a7c9fef4b5c6902e0f9b578e9defc6850077bcf3e31de5fdb69862b7fd063a37b7aecdf85342d867c58f64e12123a9cc10e141e1b8d130588bfcffb5c26a459f707850b51714b21632f50d3bf699d2306498cc4
I: MonitorObliviousTransfer::next
I: GeneratePublicKey::next
D:  sending message (size 0.000384 MB)
I: MonitorObliviousTransfer::next
I: SendPublicKey::next
I: MonitorObliviousTransfer::next
I: RecvEncryptedMessages::next
I: MonitorObliviousTransfer::next
I: DecryptChosenMessage::next
I: MonitorObliviousTransfer::next
I: ChooserDone::next
I: MonitorObliviousTransfer::next
I: MonitorObliviousTransfer::next
I: InitChooser::next
I: MonitorObliviousTransfer::next
I: RecvConstant::next
D: received message: 4f0db6731bcb5a9d10595a0268422a2b16fc11c9ceb5a790715ba9cafb461de09a0931972f8db607adb4081339173ce82d814af47898ca2c7841dc6a3b52420e6ba5ab30f9ada575035bfe827a2a98bf2bd27e1d698bcbee2ca0f51a295c476e0c284ccede668d931e8f12c4a2c83a07b8c016c43de89412f81b3bdd3c889e11364bc9d98cc17f919ed26daff086e1a9c768a1aff136fed9b3a26dcd550236d6d0282879c86a0ffd014953ee66dfbd3d436109b3d9992f76e64239b46ea464e8
I: MonitorObliviousTransfer::next
I: GeneratePublicKey::next
D:  sending message (size 0.000384 MB)
I: MonitorObliviousTransfer::next
I: SendPublicKey::next
I: MonitorObliviousTransfer::next
I: RecvEncryptedMessages::next
I: MonitorObliviousTransfer::next
I: DecryptChosenMessage::next
I: MonitorObliviousTransfer::next
I: ChooserDone::next
I: MonitorObliviousTransfer::next
I: MonitorObliviousTransfer::next
I: InitChooser::next
I: MonitorObliviousTransfer::next
I: RecvConstant::next
D: received message: ab6b4ae369d460496a76cfea525096630d776655d050798112ee8dd949e25bb5f5093c9a19079f78e3040036cf858ff251d0f17bd4fcc2315ebfbfa57a3695746b62f06792c034b2046066fc973f2b2e5927610cd5a681d3cd7bf39449766f50e12e566f6dd719d7194831066a059da5d9530b0a2378965d142d667e262eca5ec3cc9562b34d1a2ac55554d6255e8c318329b3e79aac6d43764f44e055f4049b17c4612e04adc12c4acf5ef3a29aacf01a54a94da67dda8271286796dc74646b
I: MonitorObliviousTransfer::next
I: GeneratePublicKey::next
D:  sending message (size 0.000384 MB)
I: MonitorObliviousTransfer::next
I: SendPublicKey::next
I: MonitorObliviousTransfer::next
I: RecvEncryptedMessages::next
I: MonitorObliviousTransfer::next
I: DecryptChosenMessage::next
I: MonitorObliviousTransfer::next
I: ChooserDone::next
I: MonitorObliviousTransfer::next
I: MonitorObliviousTransfer::next
I: InitChooser::next
I: MonitorObliviousTransfer::next
I: RecvConstant::next
D: received message: 2115d562acbd83e219a4bd73db16441200f9f09d370c400a4cb0843336a6b2775fad814d2e27921d0258efe1db1dd82e16156775b61e33a4ca04579cfc29c674dce078d973ad66a022dd8286797edca23d664ccc847e7dd9cd0b65ca51ab157fd67aad82fc6a96c5628b07758c873e089c6117b3db165d1a1121929b659532bedb8ea06016281a41ad93003b700b7fec3f6e8b4fa72fb30f3c8b0d6632ba56815b9aaa949d51da0f41574a0cfce1b044c0553b4a454f39ada29fec3646d6b686
I: MonitorObliviousTransfer::next
I: GeneratePublicKey::next
D:  sending message (size 0.000384 MB)
I: MonitorObliviousTransfer::next
I: SendPublicKey::next
I: MonitorObliviousTransfer::next
I: RecvEncryptedMessages::next
I: MonitorObliviousTransfer::next
I: DecryptChosenMessage::next
I: MonitorObliviousTransfer::next
I: ChooserDone::next
I: MonitorObliviousTransfer::next
I: MonitorObliviousTransfer::next
I: InitChooser::next
I: MonitorObliviousTransfer::next
I: RecvConstant::next
D: received message: fe0bb59aa157568160aa5d09828956c69902f931ee12a5b22a5f167531f9ef1b2ad6d94b2cb4eeeb61bb877b85281cd7f46bf4762126dec707074965d2df5c14e457538b851f0041252464ba794934bea1483691fc4cba445ee6a496b3ce24435158497a8d71e64ab2c0859733819f10adf816c0ddda44505124c1846ead91aa66af8fc7f2a739adbe6b1db01d463e7f31f760e65364edbb141a5546a84848ad867f572411c11a44e1b59317e79abb7284ca3d0aaaa01da124031da305f4ae1d
I: MonitorObliviousTransfer::next
I: GeneratePublicKey::next
D:  sending message (size 0.000384 MB)
I: MonitorObliviousTransfer::next
I: SendPublicKey::next
I: MonitorObliviousTransfer::next
I: RecvEncryptedMessages::next
I: MonitorObliviousTransfer::next
I: DecryptChosenMessage::next
I: MonitorObliviousTransfer::next
I: ChooserDone::next
I: MonitorObliviousTransfer::next
I: MonitorObliviousTransfer::next
I: InitChooser::next
I: MonitorObliviousTransfer::next
I: RecvConstant::next
D: received message: 6028a24b8ead1b1fdf27b5304d5e4a738eb0b8a3525f3685b96f2ef52b2bed704ce955377e45c64b0bf4b0046af54594911ce4023ec8364b8b77b945972fb35f21885d6136d9c651dbed3a14fe279d0fe6a3b8d69af21bcd1a18b227d9a640b59e3caa4e50951ed82d0117a96181cf58747e34cc00f6a96438088a5681a29d6b589f7f82a02841d0c800719354c297a04adf3e1c2794e196d3dcae974953064c16c3fabffe4f977192c5c39b547b693dbd1cacf242466fc89b34ffef2fb21d6b
I: MonitorObliviousTransfer::next
I: GeneratePublicKey::next
D:  sending message (size 0.000384 MB)
I: MonitorObliviousTransfer::next
I: SendPublicKey::next
I: MonitorObliviousTransfer::next
I: RecvEncryptedMessages::next
I: MonitorObliviousTransfer::next
I: DecryptChosenMessage::next
I: MonitorObliviousTransfer::next
I: ChooserDone::next
I: MonitorObliviousTransfer::next
I: MonitorObliviousTransfer::next
I: InitChooser::next
I: MonitorObliviousTransfer::next
I: RecvConstant::next
D: received message: 87a402ece084a051ea9c82a4c49e6e5752135a81ce378ce1e5de99923923ab710fbd0c905c66de7c29c8119e0774a2263a34785ad8c5ef259a88375473fc75372ed1aab752955f4b0b00347046e304a2604c37853cf4f6aa3e9887f7afa2e0a398a6e810637a0de9fa5d32b40980b8962b5d17533b1820ebd83985bfd49b09a6f297a6e9e52bbf191a3bd7898b736ae2bc2484f758b6173e99fadd2b8904543406f9ef77655d4399f241a577becb16bbb635224e64e6bb9618c0c98f7481b4f2
I: MonitorObliviousTransfer::next
I: GeneratePublicKey::next
D:  sending message (size 0.000384 MB)
I: MonitorObliviousTransfer::next
I: SendPublicKey::next
I: MonitorObliviousTransfer::next
I: RecvEncryptedMessages::next
I: MonitorObliviousTransfer::next
I: DecryptChosenMessage::next
I: MonitorObliviousTransfer::next
I: ChooserDone::next
I: MonitorObliviousTransfer::next
I: MonitorObliviousTransfer::next
I: InitChooser::next
I: MonitorObliviousTransfer::next
I: RecvConstant::next
D: received message: d05fee923ba58e9b2f3c7ecf0e879e66f4e58a7f7d2fce1d39d4032ac37642076904dda0d2a0a314cc79ef8b62ff71700fa0b4dd06cc07c4bc8caea29edb9ab8528314960812510d60e91bfab9d703e7e465407d19e5aa8569ceee74620e23b6ac6a7ebf584afa9c4cdb115ab3fa96aceeac40c49477a7c2958263f221817247da6b3034b343213be6be406ddee56d88fded857b117ab11d434635a56a3316607a5d7e5f2715f11d1fa15f70a78bbf3ccd5538f897421cbc6339d566f0af558e
I: MonitorObliviousTransfer::next
I: GeneratePublicKey::next
D:  sending message (size 0.000384 MB)
I: MonitorObliviousTransfer::next
I: SendPublicKey::next
I: MonitorObliviousTransfer::next
I: RecvEncryptedMessages::next
I: MonitorObliviousTransfer::next
I: DecryptChosenMessage::next
I: MonitorObliviousTransfer::next
I: ChooserDone::next
I: MonitorObliviousTransfer::next
I: MonitorObliviousTransfer::next
I: InitChooser::next
I: MonitorObliviousTransfer::next
I: RecvConstant::next
D: received message: c132b4ddfa1d1909beaaa084aafda5a59b70c5bf581cb4882ccec64517d065f9ad218f1959fc82e34fa7300121514673e870e50c5b79650c3f28c98db6e49fc98b3caa9c4cbb48b7550bd5c80d979e3aa2862ebc3a3266e8e3f57d1fb2532c72236958da0a7ba3a47fad03e0a7a80e5c6db31f9d99096968506ab7851470bdf8ef336747d14d6513effdac9aa60919411856b429eb085ffb47751cba269031a42831844f09f642d963799da7e860300eed9ba9867a22c7427ed2130914b36def
I: MonitorObliviousTransfer::next
I: GeneratePublicKey::next
D:  sending message (size 0.000384 MB)
I: MonitorObliviousTransfer::next
I: SendPublicKey::next
I: MonitorObliviousTransfer::next
I: RecvEncryptedMessages::next
I: MonitorObliviousTransfer::next
I: DecryptChosenMessage::next
I: MonitorObliviousTransfer::next
I: ChooserDone::next
I: MonitorObliviousTransfer::next
I: MonitorObliviousTransfer::next
I: InitChooser::next
I: MonitorObliviousTransfer::next
I: RecvConstant::next
D: received message: b81f8eaf1f3b14e056456686de5cafa424a644c2e2001e5b4aa2a70e1b498ca1e13e2fb89af3af8d99403296dfad2af1c6102203da7dff60036575aa6cf053e6f36f095aa3f26701b881f1cc1c000129fe823d124039cf31a070be96d3f2976314d786303361f9c1adb6130073d96930784ffb2fa66b91f2cf00bbef71068baf513e75cfa8ac3c392474efb17a387bc1264fcb53ad31fc1440e2354bf847224f41a6d5c50dd554be29ab3b6559c5bdc8b86d6df94f1a22519ce33df35df179cf
I: MonitorObliviousTransfer::next
I: GeneratePublicKey::next
D:  sending message (size 0.000384 MB)
I: MonitorObliviousTransfer::next
I: SendPublicKey::next
I: MonitorObliviousTransfer::next
I: RecvEncryptedMessages::next
I: MonitorObliviousTransfer::next
I: DecryptChosenMessage::next
I: MonitorObliviousTransfer::next
I: ChooserDone::next
I: MonitorObliviousTransfer::next
I: MonitorObliviousTransfer::next
I: InitChooser::next
I: MonitorObliviousTransfer::next
I: RecvConstant::next
D: received message: 4e528ef06122fb015d3026f4d3040d106f8a18318cb5bd7bc058f6c13224f0297427627c8f6bb45a88620894a334a996b45c680f8362a8279ff490fb4917b1c5e211f3596c00ed80af87e08d69bf91af1a607d6d2c062176414e13bc69591cb570a2f8eb1534637feada61841b29b06d9583c376db95e81f222f462826e0bd67b4cf0549b7251232dfa7fbd860a8a61a2b5ecd452d5772fcc558c7afe5bc98853c7cf88fffdf3b95d4cab0999871541bf80446dcd028a787ca89fb1fc8de9367
I: MonitorObliviousTransfer::next
I: GeneratePublicKey::next
D:  sending message (size 0.000384 MB)
I: MonitorObliviousTransfer::next
I: SendPublicKey::next
I: MonitorObliviousTransfer::next
I: RecvEncryptedMessages::next
I: MonitorObliviousTransfer::next
I: DecryptChosenMessage::next
I: MonitorObliviousTransfer::next
I: ChooserDone::next
I: MonitorObliviousTransfer::next
I: MonitorObliviousTransfer::next
I: InitChooser::next
I: MonitorObliviousTransfer::next
I: RecvConstant::next
D: received message: 69d358a89f570395b0321ac878e41cd97e686ad23008e1b889bf1fec7272cab94e0e0387f876bb2c55d8992678794fb9a11295e9dd9d5c69f9ccb60b1e2155d3f3ee63f84fec062f3da2379e307c7e47f197c7a807cbab55a656d435e36534a08f7e6fd7318bb32da12110b3276c7ad8db7c333012cec6eab0b6384cd97516d8779c7ab1c0bc8529782ea7e29c09b5d2a0eff5256365f75d8ad8aef40cce9d39aa442f558b12491fd3a4bf1fdd7e87ec0643d3e952395aac992a0e124bb3917d
I: MonitorObliviousTransfer::next
I: GeneratePublicKey::next
D:  sending message (size 0.000384 MB)
I: MonitorObliviousTransfer::next
I: SendPublicKey::next
I: MonitorObliviousTransfer::next
I: RecvEncryptedMessages::next
I: MonitorObliviousTransfer::next
I: DecryptChosenMessage::next
I: MonitorObliviousTransfer::next
I: ChooserDone::next
I: MonitorObliviousTransfer::next
I: MonitorObliviousTransfer::next
I: InitChooser::next
I: MonitorObliviousTransfer::next
I: RecvConstant::next
D: received message: c0896835113127325408412725d9af691aea3eb40ae6229b8bab2a481999305f52c07e6a08ea90370d8b9cb0e56fe349ca603112b85b33782bbb9899c8d0cfec17ac46268698ebe73328b744c89e5be2ae391d489eb9cd9de46c41d040cd1a51ef957a2791d5fe7cab8fc2806ca977dbc3026dc5ebda0ff574f938324bdc360d3e20e7767afb3126720e729a4bf486121c7bdb345b82ee356c4ef9581208505d0f92829c9a75bbe90c3464674f6c9bc23ab682b60ad7b3f6efa5e2867f7f14ef
I: MonitorObliviousTransfer::next
I: GeneratePublicKey::next
D:  sending message (size 0.000383 MB)
I: MonitorObliviousTransfer::next
I: SendPublicKey::next
I: MonitorObliviousTransfer::next
I: RecvEncryptedMessages::next
I: MonitorObliviousTransfer::next
I: DecryptChosenMessage::next
I: MonitorObliviousTransfer::next
I: ChooserDone::next
I: MonitorObliviousTransfer::next
I: MonitorObliviousTransfer::next
I: InitChooser::next
I: MonitorObliviousTransfer::next
I: RecvConstant::next
D: received message: 34f406b78490f5256890f45207ea2b204cb78d706eb060d80f43a682cc4c8e1187eb67fcc6f57440408063431256b4fd3e88ce49d13ca67b0934d485bef1d8d32f71fb0a7f6b9b8285c4c40bbef75e3137af08d960051c63a169b068640e9329f8c637f8495c598c912a40eb7c59e43e4923a5fb876a834160bd33866eb6fc53c9c193811071b85529f7435a48e61e69ed7ca18850d0cc81586a14b90de055e844613742a7e5be97e38cab68e738156a1634178ca4f53a1e330392afb6206d2e
I: MonitorObliviousTransfer::next
I: GeneratePublicKey::next
D:  sending message (size 0.000384 MB)
I: MonitorObliviousTransfer::next
I: SendPublicKey::next
I: MonitorObliviousTransfer::next
I: RecvEncryptedMessages::next
I: MonitorObliviousTransfer::next
I: DecryptChosenMessage::next
I: MonitorObliviousTransfer::next
I: ChooserDone::next
I: MonitorObliviousTransfer::next
I: MonitorObliviousTransfer::next
I: InitChooser::next
I: MonitorObliviousTransfer::next
I: RecvConstant::next
D: received message: baa490a0cfb75474d34bbb38699b1aa9fb907e7c56e3e4e7216c7f8af781d364c073b9b25c87f96d3f653ddfd5ee59d6736f47e5b7ca67a29689336fa2f5ffd0a10d5e72f56cdf863cf782a608a7229430b619867f62cc9cffb64ca6e342408953320bf4179db9064a0f55c2b1f08b7dabc042b131defc56c20b94581dec034b1758af85e529cd1c8204baa5a29e854386bbc26dbd0e03b645e08b4f7f4e9c585b233c7b26d10fdd1c05ff3aebe0d3d466fcd4aed8def7d26df71669953fb4a4
I: MonitorObliviousTransfer::next
I: GeneratePublicKey::next
D:  sending message (size 0.000384 MB)
I: MonitorObliviousTransfer::next
I: SendPublicKey::next
I: MonitorObliviousTransfer::next
I: RecvEncryptedMessages::next
I: MonitorObliviousTransfer::next
I: DecryptChosenMessage::next
I: MonitorObliviousTransfer::next
I: ChooserDone::next
I: MonitorObliviousTransfer::next
I: MonitorObliviousTransfer::next
I: InitChooser::next
I: MonitorObliviousTransfer::next
I: RecvConstant::next
D: received message: 4055f3a962019382943cd61e230fbdee6e875059bbdee76c63e4861649df9d1d0f06031ebc108be6d4efb7e42cb5dda935df3acc16f05c70be335df7b473433ed1fef93e296f039ee682085e8a4d1acbd754ef9fd3c6927f909d5e876d4d804fd9fd98d35dac7a68ce459983ad35103bd8fa1ac9c92d53b356fac3d0c610a2b96e0f7d3bbdfe6ae80f779b5f3be60969d281b7c92cef18c3161c217bde8f468d0c8990945f2ea1b173b76bfc7878e7f26cfb8b47d1776955db3a22eeada74ad4
I: MonitorObliviousTransfer::next
I: GeneratePublicKey::next
D:  sending message (size 0.000384 MB)
I: MonitorObliviousTransfer::next
I: SendPublicKey::next
I: MonitorObliviousTransfer::next
I: RecvEncryptedMessages::next
I: MonitorObliviousTransfer::next
I: DecryptChosenMessage::next
I: MonitorObliviousTransfer::next
I: ChooserDone::next
I: MonitorObliviousTransfer::next
I: MonitorObliviousTransfer::next
I: InitChooser::next
I: MonitorObliviousTransfer::next
I: RecvConstant::next
D: received message: 8db07acfee5c9c14061c1e7e77528d5fa81e5a2799b8ece87b9fb286f6e9d36353e754260988592b04d41f4b15f98def306d4db1940168ceefa0d7989481dbb60ceedfab6b1cd4571114314388607601759f30039f696111b9e4eafbb4c4b68f27da57cc7dc9bb7dfd40780acdc3778a227e8db11222334f65b1edc76cb01f564e0c5c6c35f0f6be5f9137173fa6c77ae94a4758ae0738a7eab4563b723fb3aaec1cb7a57ef09b06623c815e321730ea37cc255f92f4f3688ca45c0d7d4c64bf
I: MonitorObliviousTransfer::next
I: GeneratePublicKey::next
D:  sending message (size 0.000384 MB)
I: MonitorObliviousTransfer::next
I: SendPublicKey::next
I: MonitorObliviousTransfer::next
I: RecvEncryptedMessages::next
I: MonitorObliviousTransfer::next
I: DecryptChosenMessage::next
I: MonitorObliviousTransfer::next
I: ChooserDone::next
I: MonitorObliviousTransfer::next
I: MonitorObliviousTransfer::next
I: InitChooser::next
I: MonitorObliviousTransfer::next
I: RecvConstant::next
D: received message: 603c410281be8c84fd81068358d98b4e3abff1eac617b890701b1fc66d62a8d9110b73c3516b8a5d45e221583a5b28b4e5cda520e96d2630e4c2cdc0fbb9159ba15f30139db3bc3f216aee50b4eda2d248b9cc33d06b8da91bc6f1c503f588ae3cce4e0b1564d5b4c3ddf3662c330cbde8aeaa7d8a86dce92265235f73fb0559ef221c168f3c85c8fb2daa180717727445ba12ebc6676d2662325495907391b3d07e416ad9946190f71fb5cfefdc1b57d9bfa14c2eebc95ac3a064e54434076a
I: MonitorObliviousTransfer::next
I: GeneratePublicKey::next
D:  sending message (size 0.000384 MB)
I: MonitorObliviousTransfer::next
I: SendPublicKey::next
I: MonitorObliviousTransfer::next
I: RecvEncryptedMessages::next
I: MonitorObliviousTransfer::next
I: DecryptChosenMessage::next
I: MonitorObliviousTransfer::next
I: ChooserDone::next
I: MonitorObliviousTransfer::next
I: MonitorObliviousTransfer::next
I: InitChooser::next
I: MonitorObliviousTransfer::next
I: RecvConstant::next
D: received message: a67cf061b16a39a41d2833287beb69f3d26baa16fca20d32742e72c9a681d039c6829c1d4333481bf19618570186ae2a6648ce4e957b6a6944e7e6e0fd56d1a16fda31d2f5c5ce35aebea1d8797f9357c99c4999619d73f3f6c62f3d56e287e9b33bc20abcf8babc7e1d4900cb14dbe74969b8ebfd16272775d803b5a88fdb8533b41a0712fd2dce51b591efa61dc0d1ed3a2ee9d2d5c167c0011b1cfad4afa6f6c2bb4ee96d43205245524c8fc3fe09617220d22011dccd2dc7de758d05f670
I: MonitorObliviousTransfer::next
I: GeneratePublicKey::next
D:  sending message (size 0.000384 MB)
I: MonitorObliviousTransfer::next
I: SendPublicKey::next
I: MonitorObliviousTransfer::next
I: RecvEncryptedMessages::next
I: MonitorObliviousTransfer::next
I: DecryptChosenMessage::next
I: MonitorObliviousTransfer::next
I: ChooserDone::next
I: MonitorObliviousTransfer::next
I: MonitorObliviousTransfer::next
I: InitChooser::next
I: MonitorObliviousTransfer::next
I: RecvConstant::next
D: received message: 9bb2dd06914e7380193776c9e1efa9cf98833776727da5e30018d0c83c721ba6a6446992f2a1c0e08dbd0030b3f3cbf590a86c65aff320e9f617b69393aa3b9726cbd6e3bc0d8b96d9fd0f0b518014b21c30999514245a48aded538a673e3608e14f7ea6dac9c2185a4c8722c5a17e036583b9150579b4e8ce07a1efe9f7f586c2110965f2a96533ec16b68e0224ec1501f1b2a68e64e8991622af9ad6199e2907b3cd8e5040ff058a4e21bd068b7176f76163a9389e79de407dc7057c335a5c
I: MonitorObliviousTransfer::next
I: GeneratePublicKey::next
D:  sending message (size 0.000384 MB)
I: MonitorObliviousTransfer::next
I: SendPublicKey::next
I: MonitorObliviousTransfer::next
I: RecvEncryptedMessages::next
I: MonitorObliviousTransfer::next
I: DecryptChosenMessage::next
I: MonitorObliviousTransfer::next
I: ChooserDone::next
I: MonitorObliviousTransfer::next
I: MonitorObliviousTransfer::next
I: InitChooser::next
I: MonitorObliviousTransfer::next
I: RecvConstant::next
D: received message: a6bae3fd2c3630377df00e61d7d094100f551d8d980c6cfc7ab1ba42a03782b610c41f33831195b6bf6efaa981744e53a453ceaa94a7e178a0ecb06a0bee75b3f6df98b78fe897d26489dde715ce4962603de08e6abbc49d3169a386f30faa3f63f3e8ff546c2e4f0ba1e10bf43b718dddfaece9f61e092c885a85333f793f7c8bdd906853a664821b451cad15c6601f00869e2b6ffb4d26df047d8f2daa6a9aea119f71031f9030fea1d7b45e33a74f8eacd5123c12b29de9a9ffba0ffaab00
I: MonitorObliviousTransfer::next
I: GeneratePublicKey::next
D:  sending message (size 0.000383 MB)
I: MonitorObliviousTransfer::next
I: SendPublicKey::next
I: MonitorObliviousTransfer::next
I: RecvEncryptedMessages::next
I: MonitorObliviousTransfer::next
I: DecryptChosenMessage::next
I: MonitorObliviousTransfer::next
I: ChooserDone::next
I: MonitorObliviousTransfer::next
I: MonitorObliviousTransfer::next
I: InitChooser::next
I: MonitorObliviousTransfer::next
I: RecvConstant::next
D: received message: 74ccd133039a06369418270bacf2ef59bd78a8aa1c77a9b915eef23c6ff75657a827eed373d0cf5ec42c30592749beb863d12830971fbd0848ba3c610e9f23d4c87fae299d481acd5604b51b23d4316e02fb5e1329e92053b3dbfbe61da62f760f611ff42eecfc85a8cd11f94eea96a72375f994d98874d2418b1c10c6f585694f046a5d30f197469c126784bbaf7a5d409af9e5da5f87fc7657ca9e2ad439b5136dd4616a76659dac630c6a14981a413cdb71382c7acaf946921aced66730d7
I: MonitorObliviousTransfer::next
I: GeneratePublicKey::next
D:  sending message (size 0.000384 MB)
I: MonitorObliviousTransfer::next
I: SendPublicKey::next
I: MonitorObliviousTransfer::next
I: RecvEncryptedMessages::next
I: MonitorObliviousTransfer::next
I: DecryptChosenMessage::next
I: MonitorObliviousTransfer::next
I: ChooserDone::next
I: MonitorObliviousTransfer::next
I: MonitorObliviousTransfer::next
I: InitChooser::next
I: MonitorObliviousTransfer::next
I: RecvConstant::next
D: received message: 1cc5f55d5c4b9431c7e6d202ba3226b3848c35628881f6a2d39a8ceb6c089f57ec9431fd9e9a4e150117df3f72e5dbd14cb5a453b756b6e63ed4a3cac9043c0d04b02b93f7cd19dce3fe6372683a33b55f8edfaa84ecbafec8ff267a4068338a6e428c14fb3cce0c8d2fa110705b85c9b61358b3ff845a92e0d36ef7f7b7fc6305067506e31138b04e33cf8380d578886944af1254ab1b1bc69204749d31fc2880c659f311f256a85978deb7ab15723e9fc0b968467e501cfd08f439f9abe9bc
I: MonitorObliviousTransfer::next
I: GeneratePublicKey::next
D:  sending message (size 0.000384 MB)
I: MonitorObliviousTransfer::next
I: SendPublicKey::next
I: MonitorObliviousTransfer::next
I: RecvEncryptedMessages::next
I: MonitorObliviousTransfer::next
I: DecryptChosenMessage::next
I: MonitorObliviousTransfer::next
I: ChooserDone::next
I: MonitorObliviousTransfer::next
I: MonitorObliviousTransfer::next
I: InitChooser::next
I: MonitorObliviousTransfer::next
I: RecvConstant::next
D: received message: 96a39c23bbb7179ece477dea7543f378ea24379fc98e51f211d377e157d94dd36bffc649491d3bd95ed92f065d246efb0f959f40e5e7fa98385039593737de7e84c50240b1f56be16f62bf5e0762ea455206e59e77bf5bd4d0c965464ae4111e87dcd67f6af708d51685118ed761064cbe3a8a5a4f904957e1e0b37c1c0c6880849cc33cc9455a3f548ad7222b367b68697deb671a10b47c8eff6627fbc67467c6616790a3719eb830ced4f63e24d3de52b99be2fb952db6a85d5635e076d427
I: MonitorObliviousTransfer::next
I: GeneratePublicKey::next
D:  sending message (size 0.000384 MB)
I: MonitorObliviousTransfer::next
I: SendPublicKey::next
I: MonitorObliviousTransfer::next
I: RecvEncryptedMessages::next
I: MonitorObliviousTransfer::next
I: DecryptChosenMessage::next
I: MonitorObliviousTransfer::next
I: ChooserDone::next
I: MonitorObliviousTransfer::next
I: MonitorObliviousTransfer::next
I: EvaluateCircuit::next
D:   evaluating gate 10000
D:   evaluating gate 20000
D:  sending message (size 0.000001 MB)
I: SendOutputBit::next
I: ==== round duration: 38725.757812 ms ====
I: CopyMonitorStateLabels::next
I: RecvGarbledGates::next
I: RecvSystemInputLabels::next
I: RecvFlagBitLabels::next
I: EvaluateCircuit::next
D:   evaluating gate 10000
D:   evaluating gate 20000
D:  sending message (size 0.000001 MB)
I: SendOutputBit::next
I: ==== round duration: 38675.878906 ms ====
I: FaultObserved::next
I: MonitorDone::next
