I: parsing spec file timekeeper+.v...
skipping synthesis, BLIF file already exists.
I: parsing BLIF file synth.blif...
D: inputs and outputs parsed.
D: circuit initialized.
D: connections (#4034) parsed.
D: gates (#42010) parsed.
D: outputs: 45728 45731 45734 45737 45740 45743 45746 45749 45752 45755 45758 45761 45764 45767 45770 45773 45776 45779 45782 45785 45788 45791 45794 45797 45800 45803 45806 45809 45812 45815 45818 45822 45825 45828 45831 45834 45837 45840 45843 45846 45849 45852 45855 45858 45861 45864 45867 45870 45873 45876 45879 45882 45885 45888 45891 45894 45897 45900 45903 45906 45909 45912 45915 45918 45726 
D: circuit size: 45919
D: adding identity gates for outputs...
D: outputs after identity: 45984 45985 45986 45987 45988 45989 45990 45991 45992 45993 45994 45995 45996 45997 45998 45999 46000 46001 46002 46003 46004 46005 46006 46007 46008 46009 46010 46011 46012 46013 46014 46015 46016 46017 46018 46019 46020 46021 46022 46023 46024 46025 46026 46027 46028 46029 46030 46031 46032 46033 46034 46035 46036 46037 46038 46039 46040 46041 46042 46043 46044 46045 46046 46047 46048 
D: circuit size after identity: 46049
I: initializing safe primes...
I: using prime modulus 2410312426921032588552076022197566074856950548502459942654116941958108831682612228890093858261341614673227141477904012196503648957050582631942730706805009223062734745341073406696246014589361659774041027169249453200378729434170325843778659198143763193776859869524088940195577346119843545301547043747207749969763750084308926339295559968882457872412993810129130294592999947926365264059284647209730384947211681434464714438488520940127459844288859336526896320919633919
D:  sending message (size 0.000005 MB)
I: InitMonitor::next
I: GenerateDriverLabels::next
D:   driver labels generated in 65837.382812 ms
I: GenerateInWireKeys::next
D:   in-wire keys generated in 21561.705078 ms
D: SendLabels::message
D:   generating in-wire labels for 42145 gates
D:   10000 gates processed
D:   20000 gates processed
D:   30000 gates processed
D:   40000 gates processed
D:   in-wire labels generated in 73409.648438 ms
D:  gateCount: 42145
D:  sending message (size 50.171404 MB)
I: SendLabels::next
I: RecvGarbledGates::next
I: RecvSystemInputLabels::next
I: RecvFlagBitLabels::next
I: MonitorObliviousTransfer::next
I: InitChooser::next
I: MonitorObliviousTransfer::next
I: RecvConstant::next
D: received message: b7f0d8b5c8add36a0cd89eb9d72c393cb1b04271b0c29010bb0ed84f827ad2324d451b43302817ee624b02f580141d89fefb9fb9cd6189415ac7ce7c7a5601921e0316cdbf8a25159fc0cf9907f2d2925fae3401b0ee57531114ec79592a54a73e03718e0f4cbfe5afe3e2582d358c52be95cd8f0f56c48c2efd2ebc88ed73cda42466c7f3ed929fefe679750cbb10710753384a8daa0890de10c9c26d3f5908fcd96ba5c59a53a0ed99b1eee75cd955622bd0b30cadcec9b39beb328fc4c7a6
I: MonitorObliviousTransfer::next
I: GeneratePublicKey::next
D:  sending message (size 0.000384 MB)
I: MonitorObliviousTransfer::next
I: SendPublicKey::next
I: MonitorObliviousTransfer::next
I: RecvEncryptedMessages::next
I: MonitorObliviousTransfer::next
I: DecryptChosenMessage::next
I: MonitorObliviousTransfer::next
I: ChooserDone::next
I: MonitorObliviousTransfer::next
I: MonitorObliviousTransfer::next
I: InitChooser::next
I: MonitorObliviousTransfer::next
I: RecvConstant::next
D: received message: b10a1d4605d7cffdeb2431b9fbcdf402caa5ec9b5c599e1eb93e93258c8f3ae4717eaceefaf14c056d35a082e3ff1ee05b2a553f2f8837a4e57fa7a372fc68475c07a2959905378ecf48c816e5337811263435bac4f6daf62a5696652ed64b82fbcc6c012fd55e7b179c027d199eb2e7eeb5af6a000ff1c3937f696d04560d93881fc07c0a130863e33750ec2a55c55fb965fb6d0893223e92cf790999d3e0a97d372824cd8b550424b482a7268776950cf30c06e80e8576f42e35cdf6c21855
I: MonitorObliviousTransfer::next
I: GeneratePublicKey::next
D:  sending message (size 0.000384 MB)
I: MonitorObliviousTransfer::next
I: SendPublicKey::next
I: MonitorObliviousTransfer::next
I: RecvEncryptedMessages::next
I: MonitorObliviousTransfer::next
I: DecryptChosenMessage::next
I: MonitorObliviousTransfer::next
I: ChooserDone::next
I: MonitorObliviousTransfer::next
I: MonitorObliviousTransfer::next
I: InitChooser::next
I: MonitorObliviousTransfer::next
I: RecvConstant::next
D: received message: 745a64fabd6de8859cf28d1b15409b88e87e0aadbca949154725aa3d3ad913cc37ea836c126f788e64fdc3edc6453fa6251c0b996b3d7d56b100e185d4c17cc85a045428ca9efc2dc4df5f07c455c1b49fb040283dfa72b9f43d6eb3240aac9d9c2b94020039c80757b98e2ff64731b5a5544821e53831591fdf15fda3bfb4f57dcccc67d2737f999730caeeee56d89341bf09631d143dc9f5a4ef1c08e346c63dcd2e673ed721c921fda39999631ee4d5a5dba4be6b25116d4cd137b1fc46e0
I: MonitorObliviousTransfer::next
I: GeneratePublicKey::next
D:  sending message (size 0.000384 MB)
I: MonitorObliviousTransfer::next
I: SendPublicKey::next
I: MonitorObliviousTransfer::next
I: RecvEncryptedMessages::next
I: MonitorObliviousTransfer::next
I: DecryptChosenMessage::next
I: MonitorObliviousTransfer::next
I: ChooserDone::next
I: MonitorObliviousTransfer::next
I: MonitorObliviousTransfer::next
I: InitChooser::next
I: MonitorObliviousTransfer::next
I: RecvConstant::next
D: received message: 7898b64156a577168d50ddd18759c16ecf7c1f0828b02beb6f5633a6385958b6b0dbdd3f44065ad8b1d44898dc23a8628dfe3f591f43d28584ae773e932f4d8e7db4fcf2775bb0e5f70012eefa991eb16f2afa22dae016520300543df9124d82e3b562b1eb9b8358bae4a87ca52cce293b480e8941d6e3bb0a434779aee03b5bf6b658a933838106e3c79b137b381c06565766d163be1bacec239a512cf3434887c0b1e79ef9a78684bb55851b3eb60f4e5afe7cda66752d68adf87c17282567
I: MonitorObliviousTransfer::next
I: GeneratePublicKey::next
D:  sending message (size 0.000384 MB)
I: MonitorObliviousTransfer::next
I: SendPublicKey::next
I: MonitorObliviousTransfer::next
I: RecvEncryptedMessages::next
I: MonitorObliviousTransfer::next
I: DecryptChosenMessage::next
I: MonitorObliviousTransfer::next
I: ChooserDone::next
I: MonitorObliviousTransfer::next
I: MonitorObliviousTransfer::next
I: InitChooser::next
I: MonitorObliviousTransfer::next
I: RecvConstant::next
D: received message: b3fd2c8730f10bac37355dbadd379e0bd18a4f89dc60bc319eeec698f6529ddf67effc886e6ce3dd328fdaca9064b57760e56068b7e8fa37c96dfe96df608679f06cefda8c002610b90270af77c018b222efb1d41532d7277ad437606f61fa5c42b5edbb6a16e99a7b25cbb21d4514fa3fe40fe6cffe9533b6fc45f472ba74e26390d2cc3db81ff2d5ae3f1321c66ed27b570a94551e40f903ace48e7ea45e90723e63b65b1a2737eb8d4b3945be2c589a31c54afb5f18de48abb0129b7af1a5
I: MonitorObliviousTransfer::next
I: GeneratePublicKey::next
D:  sending message (size 0.000384 MB)
I: MonitorObliviousTransfer::next
I: SendPublicKey::next
I: MonitorObliviousTransfer::next
I: RecvEncryptedMessages::next
I: MonitorObliviousTransfer::next
I: DecryptChosenMessage::next
I: MonitorObliviousTransfer::next
I: ChooserDone::next
I: MonitorObliviousTransfer::next
I: MonitorObliviousTransfer::next
I: InitChooser::next
I: MonitorObliviousTransfer::next
I: RecvConstant::next
D: received message: 27a7a0f04fee0b2c489f46d947e8721d1350a5f6ae5f82a421c74a9c4038284a4b558639eca3d79eb3f8c381481b561062aa6da1490142dfdce881de35901daef44a1f43c8bc35e2e8dbd262d90579cd5429c68691e36a94b8a56a614f3c8656884c74ce37f399808c40729877950a36d667f12a4b7cbc57f3f01ff1aa0fce3ee7adb6448e459a9eef84ecf714349bb6931208faebf634720bb529659d1cdef6a1316d98292f9c48b74c0106ef2f5bb608406b549c26a377219caed9b642c498
I: MonitorObliviousTransfer::next
I: GeneratePublicKey::next
D:  sending message (size 0.000384 MB)
I: MonitorObliviousTransfer::next
I: SendPublicKey::next
I: MonitorObliviousTransfer::next
I: RecvEncryptedMessages::next
I: MonitorObliviousTransfer::next
I: DecryptChosenMessage::next
I: MonitorObliviousTransfer::next
I: ChooserDone::next
I: MonitorObliviousTransfer::next
I: MonitorObliviousTransfer::next
I: InitChooser::next
I: MonitorObliviousTransfer::next
I: RecvConstant::next
D: received message: 965a2c63acf04fb7e849bb2505fa30810eb776c78431499b6ad0982c3e27751fe583ec137c254aa58f1bd937d442bfe1a7f9953ddb55eca521d063dd7d584f92ec4a3b5da312cb1489d0a4323c4438d4ce9bcee7efd6f0176cde9c612dba51dfac611e9b8faa0f0943833b736580f6de86fb4362574b9a8c62831465d50b553616b5ed5431fe7f8e81eedf6841fa70164e1467b74eff9425571bcbdbede2733ebad8d5c87c2aa4db7ae250dfec37bf5bf81c43c296a7b7f58a0f47a37f4d9afe
I: MonitorObliviousTransfer::next
I: GeneratePublicKey::next
D:  sending message (size 0.000384 MB)
I: MonitorObliviousTransfer::next
I: SendPublicKey::next
I: MonitorObliviousTransfer::next
I: RecvEncryptedMessages::next
I: MonitorObliviousTransfer::next
I: DecryptChosenMessage::next
I: MonitorObliviousTransfer::next
I: ChooserDone::next
I: MonitorObliviousTransfer::next
I: MonitorObliviousTransfer::next
I: InitChooser::next
I: MonitorObliviousTransfer::next
I: RecvConstant::next
D: received message: 6f972594da750f76e7f4b3125c58cf66dbd4e55060baab3184c7e461a9b6518bcc8392b815ebe52d349a149cc6f7debaf81fb2c5681415654e12032766d4c41ccb2ef138023eab780850c5ff76fe2a17801be783ac4f719f51f0a965d02d57e23f1dd3eac515b77f68954e50ecf6e0894a3e3b9994a5ffcc2ba19282580d453bc973eeeb062abe9eecb72a86208486decb7731c37cab92b959e2a88ec0b0f88c65b25d6ef196acbd6d6f27d5d99f8071ec6a4b34979ea3f6ee836a735c854592
I: MonitorObliviousTransfer::next
I: GeneratePublicKey::next
D:  sending message (size 0.000384 MB)
I: MonitorObliviousTransfer::next
I: SendPublicKey::next
I: MonitorObliviousTransfer::next
I: RecvEncryptedMessages::next
I: MonitorObliviousTransfer::next
I: DecryptChosenMessage::next
I: MonitorObliviousTransfer::next
I: ChooserDone::next
I: MonitorObliviousTransfer::next
I: MonitorObliviousTransfer::next
I: InitChooser::next
I: MonitorObliviousTransfer::next
I: RecvConstant::next
D: received message: 44b1b6de79e94d8fa69e24f3da0653f2fe44f7f0ed39ee6808f5f1ba28700bf6c526ac26669f91e80d95c8a194dd1015e14eb79e49557874e1a41fbeeec954f1c9cf1ebaec30d1312f303365700ea283832d7012505b6d342d6907204b92fa054aa14a5295686c7698c8fa7063b49f0550dcacc7fca33d4163ffd223f80c0e91311e36e1355665f8683de0191fd380080143ea40fb54039c8747e7f9339f451fc55b68746a5adb4e8581979665d06682de0228a41af3c77bdf06706bbade7110
I: MonitorObliviousTransfer::next
I: GeneratePublicKey::next
D:  sending message (size 0.000384 MB)
I: MonitorObliviousTransfer::next
I: SendPublicKey::next
I: MonitorObliviousTransfer::next
I: RecvEncryptedMessages::next
I: MonitorObliviousTransfer::next
I: DecryptChosenMessage::next
I: MonitorObliviousTransfer::next
I: ChooserDone::next
I: MonitorObliviousTransfer::next
I: MonitorObliviousTransfer::next
I: InitChooser::next
I: MonitorObliviousTransfer::next
I: RecvConstant::next
D: received message: d426151eee9ef3bfe200e44551d3d6e3b5f4fb408701d19b698108ff40fc74d4a266d53fab1c5d9400576d3837d464ff7b76140c95920158274c72f1303eeb7ee62a627d7c279c640866c94db658ff2d19bde2149fcf7e7abb7ffd1bd049de682835e9abcab7cbadf725867376c98d8b505c77e078582fd2a4e2e113840a316c1850a289c2d52ad569f1b0594a90ec1af846d6ae19d893dbe8ea3a17defce5305886b7ff8c54dd0fec908f997b722cfe81ae7dd84c23dbbba8d3ac9fd4a3aea3
I: MonitorObliviousTransfer::next
I: GeneratePublicKey::next
D:  sending message (size 0.000384 MB)
I: MonitorObliviousTransfer::next
I: SendPublicKey::next
I: MonitorObliviousTransfer::next
I: RecvEncryptedMessages::next
I: MonitorObliviousTransfer::next
I: DecryptChosenMessage::next
I: MonitorObliviousTransfer::next
I: ChooserDone::next
I: MonitorObliviousTransfer::next
I: MonitorObliviousTransfer::next
I: InitChooser::next
I: MonitorObliviousTransfer::next
I: RecvConstant::next
D: received message: e1988518c1b5ca1b2732eeaf93b990c06990c94e6c9de3366def6d23c9246c47199d1f0af7dec3f296c270dbd0a794ce2bd2569426f42634ded8e93fad46f5a2570bddc6484adabba8e432dca822b6ab7521cf6a137d624dd5d99c7b8d381ed3e1ce33770a920aa5233e7481aff7759ceca7995bde51c5bf5dab9f6f9e9aa96b499711a9af65bfa73dcf1729fe04ae9c5ddde16793db2655f26a80d8c95a0cf2b2294df6bd65ad4242f47c6e1610b8278479bce6dbdcc5775101f222dba02cb3
I: MonitorObliviousTransfer::next
I: GeneratePublicKey::next
D:  sending message (size 0.000384 MB)
I: MonitorObliviousTransfer::next
I: SendPublicKey::next
I: MonitorObliviousTransfer::next
I: RecvEncryptedMessages::next
I: MonitorObliviousTransfer::next
I: DecryptChosenMessage::next
I: MonitorObliviousTransfer::next
I: ChooserDone::next
I: MonitorObliviousTransfer::next
I: MonitorObliviousTransfer::next
I: InitChooser::next
I: MonitorObliviousTransfer::next
I: RecvConstant::next
D: received message: 1f4e4f36d07aff021e76738beefde05ec63cee62cc4f59bfdecc6367c5d0dd4ec629a3935fbbd101a1ae45ad127f9f1146bf5bac1b2493c9c73b31c9c0b7ace8452fd46f260476acf3c8904c68bdf1322a930ec920aa0ac5b070dc5b6557b8e6488a73703fed6c0b34c83384b0189a36f21bbcb118e3b27b63359ad22105484721477a21b120d14bf4b99e6e82da1c9dcf0c2f245bc45f48602126f49f4c4ca5eb3b6afc94db4f23c914116bd000f5298f8a9e692bb68d08b3cc81c20ae19247
I: MonitorObliviousTransfer::next
I: GeneratePublicKey::next
D:  sending message (size 0.000384 MB)
I: MonitorObliviousTransfer::next
I: SendPublicKey::next
I: MonitorObliviousTransfer::next
I: RecvEncryptedMessages::next
I: MonitorObliviousTransfer::next
I: DecryptChosenMessage::next
I: MonitorObliviousTransfer::next
I: ChooserDone::next
I: MonitorObliviousTransfer::next
I: MonitorObliviousTransfer::next
I: InitChooser::next
I: MonitorObliviousTransfer::next
I: RecvConstant::next
D: received message: df36b86dc22c9043c93f1b65d51483f6cff5fd3174cd405fb5e2734cff34b3d8da9a44d3b2e44b6e71300b7f5e1d49043461b6fdbfd1df293e6286928e538948972597220d9963322db9455ed4ba6afbce4e19f124073154a011b973a67c4e7da4d2f3382baa3aebe863ef2e3c16cbcd834f60a05791f6bc0bda80f59b5a257924bbbcac64fcc1c37794f66259cab9d1afb06c64aa79a2dab389a8ac168f8e0c51d7fd7f6ac0b996a7c934629647312ce733d7de3e0975699d02911fade2fd97
I: MonitorObliviousTransfer::next
I: GeneratePublicKey::next
D:  sending message (size 0.000384 MB)
I: MonitorObliviousTransfer::next
I: SendPublicKey::next
I: MonitorObliviousTransfer::next
I: RecvEncryptedMessages::next
I: MonitorObliviousTransfer::next
I: DecryptChosenMessage::next
I: MonitorObliviousTransfer::next
I: ChooserDone::next
I: MonitorObliviousTransfer::next
I: MonitorObliviousTransfer::next
I: InitChooser::next
I: MonitorObliviousTransfer::next
I: RecvConstant::next
D: received message: 5632c09292c8927b1f08584c6ec2f4ac98571e4d5ce267a194bea83b0a20522dbbb337623825f6256d7969363b8a71ca0d540fa4e4380716b89899aba5f36fab0a23c1462865e3680cb527a42d213f1b27068ec2173649c4f3883e32c71550bb60bf0ad91b63138bbe4bfc39341d6209c1aaead0bce56785b38abecb06e2643293f96c09fec6c183d2a46d4034c5ea03aa7e1ca8588537c40a7b99dfabcada437e3e0537cf05e60964b1f5fba312d566227cd0627a24568ec02330447a373429
I: MonitorObliviousTransfer::next
I: GeneratePublicKey::next
D:  sending message (size 0.000384 MB)
I: MonitorObliviousTransfer::next
I: SendPublicKey::next
I: MonitorObliviousTransfer::next
I: RecvEncryptedMessages::next
I: MonitorObliviousTransfer::next
I: DecryptChosenMessage::next
I: MonitorObliviousTransfer::next
I: ChooserDone::next
I: MonitorObliviousTransfer::next
I: MonitorObliviousTransfer::next
I: InitChooser::next
I: MonitorObliviousTransfer::next
I: RecvConstant::next
D: received message: 2212eddec29daa37e5c4e9cb44b69368d58f56a41b195d548d3baeb80ab93daf4c1cec7380273062febebd8d3b4ee833423ba2f2f88f81cf25ae14fc1ade7d85da0864cad03435ea64e74e0622833c5b27f57589ec7babe849e10e9ca198b474bfc72a2f7987c663162c67f5b1289c0f782ebd4b8f4f748750284a30726f358b551418be6aaebb3d996db60e897ad4d1810f01f0c3f02efed77771aaf2e2e5dc05fb0959458f47ab03fd58955de0be56122e0b22af5a3d8e9feac1be2428dc0c
I: MonitorObliviousTransfer::next
I: GeneratePublicKey::next
D:  sending message (size 0.000384 MB)
I: MonitorObliviousTransfer::next
I: SendPublicKey::next
I: MonitorObliviousTransfer::next
I: RecvEncryptedMessages::next
I: MonitorObliviousTransfer::next
I: DecryptChosenMessage::next
I: MonitorObliviousTransfer::next
I: ChooserDone::next
I: MonitorObliviousTransfer::next
I: MonitorObliviousTransfer::next
I: InitChooser::next
I: MonitorObliviousTransfer::next
I: RecvConstant::next
D: received message: c4f0558e337224bd399974e878eaca319489c3dd9fbcf9ad788b070839d35bb4206705621be8852d5d2b1b51ad372beab4fba403e6efd1ab775d41392bb039d2ffa12adba4196fc306de5e505f42371938175f20230252dd0fc670639af9ff158b42c7f86207ae6d30359df65d35b8df930c218d426ab7c2dd9808f0fa00911de108a07ef6f4bff34b52ee0d7fc29cca53ace0678a5805fb161af9e1d383a73a5ea248463c731ca38082afd346b026df468eab2848aa4a8b0a515ced335981c8
I: MonitorObliviousTransfer::next
I: GeneratePublicKey::next
D:  sending message (size 0.000384 MB)
I: MonitorObliviousTransfer::next
I: SendPublicKey::next
I: MonitorObliviousTransfer::next
I: RecvEncryptedMessages::next
I: MonitorObliviousTransfer::next
I: DecryptChosenMessage::next
I: MonitorObliviousTransfer::next
I: ChooserDone::next
I: MonitorObliviousTransfer::next
I: MonitorObliviousTransfer::next
I: InitChooser::next
I: MonitorObliviousTransfer::next
I: RecvConstant::next
D: received message: 2e172a34a8adba2e30ca798f1841dbae507d62132cd7040519108fe0da41349ea2ab24ac2ac3c80e448e8ad8ece334fcef65924b6f112db50fca4cb686c9fae232a43c885bd4e48251412896e0640d594d156a9bc8952a6d7663bdb1bd73629a6f0804149557ea4657b05408b5a5de309fa80829bcf25b57cbd50aa6fb7aeaa65a09120bb58bd88c77b3db30f884ce0b0be183d72fd0248c954f1dbdeb06dd96d882d934a0e259268fb92c21ac809b0722df785cb9c1820fff5a19e04e4ef3ab
I: MonitorObliviousTransfer::next
I: GeneratePublicKey::next
D:  sending message (size 0.000384 MB)
I: MonitorObliviousTransfer::next
I: SendPublicKey::next
I: MonitorObliviousTransfer::next
I: RecvEncryptedMessages::next
I: MonitorObliviousTransfer::next
I: DecryptChosenMessage::next
I: MonitorObliviousTransfer::next
I: ChooserDone::next
I: MonitorObliviousTransfer::next
I: MonitorObliviousTransfer::next
I: InitChooser::next
I: MonitorObliviousTransfer::next
I: RecvConstant::next
D: received message: bec2adb36f45558ff88019984fbe5b9a9530c553abfbbca6db30efc9544fe15f607062fed5214fa01ee9bac8220f2237e38024c432c594cb880659cb775d4ba2b5076f0f62ce84f36d85d89dc37c267dce365abbdf6498ba01172e68be84c6dcab9dcd8c5f2d9df18acb3294fd57fc9373e05359dd10c2eaf0d99b215313ea400fbec71667e16f148c990e3eb6e0addb8be8fc0d4b401208d94df9ab22b79236a40288281293e61eadc9956bf0ea8b3450a90fc38cba9c07785cd8a742d05979
I: MonitorObliviousTransfer::next
I: GeneratePublicKey::next
D:  sending message (size 0.000384 MB)
I: MonitorObliviousTransfer::next
I: SendPublicKey::next
I: MonitorObliviousTransfer::next
I: RecvEncryptedMessages::next
I: MonitorObliviousTransfer::next
I: DecryptChosenMessage::next
I: MonitorObliviousTransfer::next
I: ChooserDone::next
I: MonitorObliviousTransfer::next
I: MonitorObliviousTransfer::next
I: InitChooser::next
I: MonitorObliviousTransfer::next
I: RecvConstant::next
D: received message: bbe5b33693bf4497c8c1fd988845681e9329a708d96f5445f43ce937453f0c2cf23091e4d6b6df6e0521dbc5b31030e60627f4062ae792b1f8ca7dddca1d2e12539f67ac42fc1a4d016c40b13c320ed890b6a0cec685eb7a3ffcfdfc101499569a56dd8bbe86ca75a570a0c49db6886c2ed98ac54678995ad3d237097596d0b636d6e32e9182ecf88a14a3a7824931149df582fa17ad3717a5e2c529c612225be496a68763022046db2cbe235ef07358a545114eabdc49f393bc3c504d0ad185
I: MonitorObliviousTransfer::next
I: GeneratePublicKey::next
D:  sending message (size 0.000384 MB)
I: MonitorObliviousTransfer::next
I: SendPublicKey::next
I: MonitorObliviousTransfer::next
I: RecvEncryptedMessages::next
I: MonitorObliviousTransfer::next
I: DecryptChosenMessage::next
I: MonitorObliviousTransfer::next
I: ChooserDone::next
I: MonitorObliviousTransfer::next
I: MonitorObliviousTransfer::next
I: InitChooser::next
I: MonitorObliviousTransfer::next
I: RecvConstant::next
D: received message: 48892fae74ee08c245779138d11a0cf75bd52536cf6a431b8db280b46ca2942d3ebdcaf25a4f3c9029f1dd3f308d559d21a9d4674d6135e23d885cd624c041e44c7610ada5d3812bf2354fd2e7fb3319e17c4451eaf4f2cff935f9e3abb1a49c1ac75d220cb619469994b28467212a539c935ca7f0082156939960d6314c32b7edb1022259047ca0353911ed0e3412e78741a03bd190a4fd1c998a0870c7fdea0b8c9fb69b95b6a8edf91cb908d1b5bbaedf2ea933aca06b2d970f022112f345
I: MonitorObliviousTransfer::next
I: GeneratePublicKey::next
D:  sending message (size 0.000384 MB)
I: MonitorObliviousTransfer::next
I: SendPublicKey::next
I: MonitorObliviousTransfer::next
I: RecvEncryptedMessages::next
I: MonitorObliviousTransfer::next
I: DecryptChosenMessage::next
I: MonitorObliviousTransfer::next
I: ChooserDone::next
I: MonitorObliviousTransfer::next
I: MonitorObliviousTransfer::next
I: InitChooser::next
I: MonitorObliviousTransfer::next
I: RecvConstant::next
D: received message: 19704ed1695195911f2557e66e7067f9f90a9759288d9ce0d38ce8cc7002c66b854f5bf5ad870e674a309b318ec4abb479b30088e32f56b070edef42a960b27ff9fe66513767bcf7bf41f177090e69e3db10329fe286d73595a360af1175306729189f309d48c59293db7230149eebee87b92d4cc43860f95ec4792a78856fa71e25230c7a6c671a64334459b174cba105e34cff61178a02a25bb3bfe06cc9059fd860678a1d3289a099e1d153f4a2c5849b7fa8299535b59dc71ad046014934
I: MonitorObliviousTransfer::next
I: GeneratePublicKey::next
D:  sending message (size 0.000384 MB)
I: MonitorObliviousTransfer::next
I: SendPublicKey::next
I: MonitorObliviousTransfer::next
I: RecvEncryptedMessages::next
I: MonitorObliviousTransfer::next
I: DecryptChosenMessage::next
I: MonitorObliviousTransfer::next
I: ChooserDone::next
I: MonitorObliviousTransfer::next
I: MonitorObliviousTransfer::next
I: InitChooser::next
I: MonitorObliviousTransfer::next
I: RecvConstant::next
D: received message: ef43e959d7912364ed51b01b8661b7d5da2056ec858d6b84814eda6295bbf61adc8491ce00b26520e42a00ef089890064f4db35a9395f8b49d5563914c0b64cca1509cc6239277d05c366f6b508542dd69de0e2a6e1de7af515fcefd01781d18df85bce76f966bb0c6e7fa387233dacac259c72765603cd282b5198d8942898ec88f01ec3cad430ea1268294abd9bd502c64ba5a25d623c02c2ec60e5eb02c6a116eee15957560073d2e50567fee78d0145791e1dbcea9a4a2776e88d6b788ba
I: MonitorObliviousTransfer::next
I: GeneratePublicKey::next
D:  sending message (size 0.000384 MB)
I: MonitorObliviousTransfer::next
I: SendPublicKey::next
I: MonitorObliviousTransfer::next
I: RecvEncryptedMessages::next
I: MonitorObliviousTransfer::next
I: DecryptChosenMessage::next
I: MonitorObliviousTransfer::next
I: ChooserDone::next
I: MonitorObliviousTransfer::next
I: MonitorObliviousTransfer::next
I: InitChooser::next
I: MonitorObliviousTransfer::next
I: RecvConstant::next
D: received message: 1e32ac4283b0f34fb2ac1f0b88734b9aa870b5874fdbe62845fe9bdc333a561d6b1ff45b00bb64689bc38da06cc75249183616175a31cfc61dc1c7c349732240b6f503594f16d8554945e6f0bae8ef8215defef435e79f2072a14d6607a45c6df68c409f6c0e0f76f57a93e360acef7861896f03b11ffd09b24b6feb5569764b7c6a0225328235b0ea3c578bd1fc43ea7708211d3e5b9268b34ce6d776bb6668747449f9a4139e6e089ed8cef0b8a6186521e424dd137407cf5ad57e691d568c
I: MonitorObliviousTransfer::next
I: GeneratePublicKey::next
D:  sending message (size 0.000383 MB)
I: MonitorObliviousTransfer::next
I: SendPublicKey::next
I: MonitorObliviousTransfer::next
I: RecvEncryptedMessages::next
I: MonitorObliviousTransfer::next
I: DecryptChosenMessage::next
I: MonitorObliviousTransfer::next
I: ChooserDone::next
I: MonitorObliviousTransfer::next
I: MonitorObliviousTransfer::next
I: InitChooser::next
I: MonitorObliviousTransfer::next
I: RecvConstant::next
D: received message: abd5bf7f7e1d02c7cd243921f302071403418c845ed4049451b48235e15066a7841e5c5cb76cb728dd3a1450e2a795f00568a7cc37c6259b4e8f731db1e0099e13fdc9857106d73db62ce312456ace643ac5bc8f86c3d3f2bbb4d511ab44ed7b4d4143a637ba0cea503c788a2a5b76dd793ad8adaf78d1d6ff79be976fd3dd9d8e9688c8e01b00e13787f504cbc41901da9f4d3d2e332c9c30864fd27480ec9ef110335143d3674e8d42f0f3fd24800671cccea253d1c98c65aca17821321c82
I: MonitorObliviousTransfer::next
I: GeneratePublicKey::next
D:  sending message (size 0.000384 MB)
I: MonitorObliviousTransfer::next
I: SendPublicKey::next
I: MonitorObliviousTransfer::next
I: RecvEncryptedMessages::next
I: MonitorObliviousTransfer::next
I: DecryptChosenMessage::next
I: MonitorObliviousTransfer::next
I: ChooserDone::next
I: MonitorObliviousTransfer::next
I: MonitorObliviousTransfer::next
I: InitChooser::next
I: MonitorObliviousTransfer::next
I: RecvConstant::next
D: received message: 5e484c99ead8a8875215095577df6fc1e3bdd587dbed1f30b87fb42c6c5b96f96f1526064c6a80029bb7c581bc484b8dd43e39e12408eba2ddeb18e6de0859485688be2364bdfb31d6607e0bc1c9397720b2b70f1ba1539f9d4829788b00c1beec3ab3025fc1b4ce7c10cf77b3af807c30b7e2a0d9039b45ee1e54133c6fab2452dd69b1980724a16fee0bc963b1b674e4a01c64c8efc73b02385abac4688dfd66f77f175db9f3331a1d34005ee99333304ad4d1e4499255561fc22d2232ac18
I: MonitorObliviousTransfer::next
I: GeneratePublicKey::next
D:  sending message (size 0.000384 MB)
I: MonitorObliviousTransfer::next
I: SendPublicKey::next
I: MonitorObliviousTransfer::next
I: RecvEncryptedMessages::next
I: MonitorObliviousTransfer::next
I: DecryptChosenMessage::next
I: MonitorObliviousTransfer::next
I: ChooserDone::next
I: MonitorObliviousTransfer::next
I: MonitorObliviousTransfer::next
I: InitChooser::next
I: MonitorObliviousTransfer::next
I: RecvConstant::next
D: received message: 65731904fae2923c6a4b59023bceb06c69c46b33c0cf4fcb08d277f7fc9c19a31f61c97f302d17dc6ced6932592e80ee05ab383e6bebd9c33f385b299a94697a179f2a947d0eddba390036f72032927873f7eaef6f4528e5c5e38fd7dfdef59fb18216ce9b3f1ccabec9d39844cbce2be15c0623f4fdccd971d52d135840f484449ff41546832224ec1c464ad6377b7b32e3a77f2c0bd5dc622c839ce03933ab6a0bd2ad35a25e566dbdd720609d85572f8c7144cce61bcbf363bf1f851a69d7
I: MonitorObliviousTransfer::next
I: GeneratePublicKey::next
D:  sending message (size 0.000384 MB)
I: MonitorObliviousTransfer::next
I: SendPublicKey::next
I: MonitorObliviousTransfer::next
I: RecvEncryptedMessages::next
I: MonitorObliviousTransfer::next
I: DecryptChosenMessage::next
I: MonitorObliviousTransfer::next
I: ChooserDone::next
I: MonitorObliviousTransfer::next
I: MonitorObliviousTransfer::next
I: InitChooser::next
I: MonitorObliviousTransfer::next
I: RecvConstant::next
D: received message: ecbe851b7611ae5c7c0767002515bfa6713e99d72944c2bbf3cb9a4d2dc27c3fe0701943b9c8edd1423f0eb8cb75bcb3d7fc6975f59bbdf173d0f2837ce3c2688f654dc1ce8b9a409991e04a82fe0b4e0d5e7dac315df2ef18cd71152cdcb43eb80eb579d1cce7f3ff5944d318722d4d6049eff43e719bfd0bc51bb81df540e44ba92c84cce4d378805a903aee0175938bd1ea0aa922562d38895de4483a688febac1e78e9c20a1f6c2913a88d909afc7cbb50315528276e03ab46fca72495bf
I: MonitorObliviousTransfer::next
I: GeneratePublicKey::next
D:  sending message (size 0.000384 MB)
I: MonitorObliviousTransfer::next
I: SendPublicKey::next
I: MonitorObliviousTransfer::next
I: RecvEncryptedMessages::next
I: MonitorObliviousTransfer::next
I: DecryptChosenMessage::next
I: MonitorObliviousTransfer::next
I: ChooserDone::next
I: MonitorObliviousTransfer::next
I: MonitorObliviousTransfer::next
I: InitChooser::next
I: MonitorObliviousTransfer::next
I: RecvConstant::next
D: received message: 3b9f2e8731cc897e4da262b28ae62e65dad088cd727bbe5cf8fbdcfb059641bc9fff6ec38627b82b81251558fb9f3dc9b592447373c23ef0c4ea879de182ef259f993e4eff0fb9dc338057051d4b620961375be659d278c660619ab4ced1c9f88c58f9ef7ece75bf5be3467864ba0c89069df4a9c0b58b9e9274638be98c1de39bf484e634744d281b4265384c59e82272497f3fc0442160897ae30554d4efdfc0ad8a2785ec6549358d3549c2ab4a437bd3c16ef72bc88e7be8cdad78cd539d
I: MonitorObliviousTransfer::next
I: GeneratePublicKey::next
D:  sending message (size 0.000384 MB)
I: MonitorObliviousTransfer::next
I: SendPublicKey::next
I: MonitorObliviousTransfer::next
I: RecvEncryptedMessages::next
I: MonitorObliviousTransfer::next
I: DecryptChosenMessage::next
I: MonitorObliviousTransfer::next
I: ChooserDone::next
I: MonitorObliviousTransfer::next
I: MonitorObliviousTransfer::next
I: InitChooser::next
I: MonitorObliviousTransfer::next
I: RecvConstant::next
D: received message: f9767cea5cdd82c2cecee3cffb01391c343dbbdfc2d631abbb505414d88af0ddc0ae7d21494f85d4393c355b0e2559ad46addf257eb20861bb6f65b9c93babbc4b21ab61c1bf166304c114116fd49f964a6273a8bc4426d54f2378ad6c5818277a36beb54abb17647b652e499593aa53f0ca9558dd83f59e24f081e44d2fbaca0d6ed0dbd98695404adb232b6c6a62842617513b7fa26c2069d2ff5a072eb5584c29b2c0feddf0a70b0856db5bc93b5c7a6911f1402f256502e8d2e7060afb24
I: MonitorObliviousTransfer::next
I: GeneratePublicKey::next
D:  sending message (size 0.000384 MB)
I: MonitorObliviousTransfer::next
I: SendPublicKey::next
I: MonitorObliviousTransfer::next
I: RecvEncryptedMessages::next
I: MonitorObliviousTransfer::next
I: DecryptChosenMessage::next
I: MonitorObliviousTransfer::next
I: ChooserDone::next
I: MonitorObliviousTransfer::next
I: MonitorObliviousTransfer::next
I: InitChooser::next
I: MonitorObliviousTransfer::next
I: RecvConstant::next
D: received message: 23f68d11dd1503e7fc05d415cdd5d866a0236d24417d1e5026b8181f8a5b318a1a71b011a4839ec57023876ad35f0a8f19aee2f8ac8973ac678250bb8d6e10688f1476aa6286db642970f2fe0e11c05a1973e92fbdd79c55e06be4c7545eb6201dca15c36138ba3fee4b8905718c267d2248bf70f00f4c4dfe2b42bd51198737c2e114e79a4b01920aa1f3efd557c9dbead5260b33d0f405498eccae789ee5e81f0d2691868e9fb0dbc56e55d5da13df487999b12bf616d0692c6a2b4296a73b
I: MonitorObliviousTransfer::next
I: GeneratePublicKey::next
D:  sending message (size 0.000384 MB)
I: MonitorObliviousTransfer::next
I: SendPublicKey::next
I: MonitorObliviousTransfer::next
I: RecvEncryptedMessages::next
I: MonitorObliviousTransfer::next
I: DecryptChosenMessage::next
I: MonitorObliviousTransfer::next
I: ChooserDone::next
I: MonitorObliviousTransfer::next
I: MonitorObliviousTransfer::next
I: InitChooser::next
I: MonitorObliviousTransfer::next
I: RecvConstant::next
D: received message: 63e2319d7f1714e8edf27daacf79bd27a9fe554b96e31e34fd2c96c56dc7970d82cc02c234183b3fcfa05bb7ebddcc1d0517af80b9df9054e99020875370bdece797cdfcba1850ee2f7441dd18d3f7a62d526632f16dcbffe200d92e20656d706d9d92e3d6a38645443204f9932c55523bccf56895444692617b1124d827c98565ae93abf4906aff572ad8f44185dd6fbfe9e489434faf03037b44187a2c202f984023343823d0de36d643c15f57362229ee780c561cb05d53a7cb8ced6e49ae
I: MonitorObliviousTransfer::next
I: GeneratePublicKey::next
D:  sending message (size 0.000384 MB)
I: MonitorObliviousTransfer::next
I: SendPublicKey::next
I: MonitorObliviousTransfer::next
I: RecvEncryptedMessages::next
I: MonitorObliviousTransfer::next
I: DecryptChosenMessage::next
I: MonitorObliviousTransfer::next
I: ChooserDone::next
I: MonitorObliviousTransfer::next
I: MonitorObliviousTransfer::next
I: InitChooser::next
I: MonitorObliviousTransfer::next
I: RecvConstant::next
D: received message: da56d0c9e739fe8313994837d7093db8918906c52cbae2c780af983ed8d864b7774d53e7d7366bcbaf1813b58f2a7028997e2fcaab2eed20f9ffac0b17e170f4a39589be616f39262348b423bda0c81de63439cbd55b631fe16f0fa7ae252717e5e0d0509c896b68422d01b30392cf7d9b9cea74a29e21075c062e76145baf5ef9f01fd30c7235a20e74575af27ff2e889ad1312bdad09fe479a0863aa4248c4ff366954926a31b25b354783cfbe78a26d706f98850de71f15fd085704955465
I: MonitorObliviousTransfer::next
I: GeneratePublicKey::next
D:  sending message (size 0.000384 MB)
I: MonitorObliviousTransfer::next
I: SendPublicKey::next
I: MonitorObliviousTransfer::next
I: RecvEncryptedMessages::next
I: MonitorObliviousTransfer::next
I: DecryptChosenMessage::next
I: MonitorObliviousTransfer::next
I: ChooserDone::next
I: MonitorObliviousTransfer::next
I: MonitorObliviousTransfer::next
I: InitChooser::next
I: MonitorObliviousTransfer::next
I: RecvConstant::next
D: received message: 1b4dc83cddfbda8bbdfe79279e5847d55779e21442bb4634536df4ab2ffee35d781043facc7252fd8cce9e813b244e528b8eed61fe992bd90c5d5c29c9f060f62629fcd45c8f8a100428e7e18f8232dc1a4693a3df99bb12f7510a1aad0995746bbf41773d7bdebc16b688e327921c90d04ab6bde5f9562ca14ccd5b446b4697398409ba1b0a622e9cd6eb7d8e613cd1fa08062778bb04c2e6749db9b6f9984e19e12cfb2839412f857e445f10e1a2acceccb69a5683b2d9e2f99b105e92da6c
I: MonitorObliviousTransfer::next
I: GeneratePublicKey::next
D:  sending message (size 0.000384 MB)
I: MonitorObliviousTransfer::next
I: SendPublicKey::next
I: MonitorObliviousTransfer::next
I: RecvEncryptedMessages::next
I: MonitorObliviousTransfer::next
I: DecryptChosenMessage::next
I: MonitorObliviousTransfer::next
I: ChooserDone::next
I: MonitorObliviousTransfer::next
I: MonitorObliviousTransfer::next
I: InitChooser::next
I: MonitorObliviousTransfer::next
I: RecvConstant::next
D: received message: 36d76ad5e828dd58d224e2f69a5dee482243b3c94ed02f6283201502ed04d9dfb718d142e2084cff858f9ca2e61b907d6adfe673f76be9ec943721e9f0802daed98d5f8e137393cdbf69c18ab77f1b40767817d38926019e4844d50fa42e40a313031a6ed947452d07203c7e58442d90a0c5b13209858f47b4d5e6ebedfc3d8ed779fd9d3b4ec6164c56d93eee0ce6447c034d29a5d6ad700532974e3dcaace960f7be96ebdb8c30f5f5d19f34426330269f63be526611bd2d074b6f909c7c24
I: MonitorObliviousTransfer::next
I: GeneratePublicKey::next
D:  sending message (size 0.000384 MB)
I: MonitorObliviousTransfer::next
I: SendPublicKey::next
I: MonitorObliviousTransfer::next
I: RecvEncryptedMessages::next
I: MonitorObliviousTransfer::next
I: DecryptChosenMessage::next
I: MonitorObliviousTransfer::next
I: ChooserDone::next
I: MonitorObliviousTransfer::next
I: MonitorObliviousTransfer::next
I: InitChooser::next
I: MonitorObliviousTransfer::next
I: RecvConstant::next
D: received message: aefb358b42f7ca06d7b33b2b173f5540fbae5447e57e9ec84176a85da17ba77818fab571a06582cfcb2e24866f282c6284d8dc1a72f8b80e64918512c93d78c62c8320581d90cc0a0e117a811c037e716a395eeb5a305fd4e8f16d57b2d6b898f3e95992bd14e71bc28a73f535c397a89afe28e28f2ef0df6f765ffd79f4f2b21221c297b67aea53fc57c7d6fd3faa96c7233b20a58c9cd4e9a1aaef3c47454fc213b898ef11eb81e2812ee3b5e2badbfdb3c64999ca04a277f7269f4018d439
I: MonitorObliviousTransfer::next
I: GeneratePublicKey::next
D:  sending message (size 0.000384 MB)
I: MonitorObliviousTransfer::next
I: SendPublicKey::next
I: MonitorObliviousTransfer::next
I: RecvEncryptedMessages::next
I: MonitorObliviousTransfer::next
I: DecryptChosenMessage::next
I: MonitorObliviousTransfer::next
I: ChooserDone::next
I: MonitorObliviousTransfer::next
I: MonitorObliviousTransfer::next
I: InitChooser::next
I: MonitorObliviousTransfer::next
I: RecvConstant::next
D: received message: 8fe9615563d4eb79af00a4c591097895b29e8fe360bcc58870dcc1425ea4fba012eac353053533d3b4bfd33a23d2ca1465d8811b19911bdab313e2fe3abf0baf117ae1c713df8c28aaf4612dc614a75a92b9942bb95633a9444db1eb6197780dc94cad4b3e5c204f88ffeea8cbc101e58f887075ec61d84d9727218a48837286e7a5f31dd008ef4d2a242c095fae341928853cfcec7929827c1e9b4a5dafde8e1c9d3a6c57e9263fd87762a28cd2ac7074911a6dc67d9741f73a0ac29b0a1146
I: MonitorObliviousTransfer::next
I: GeneratePublicKey::next
D:  sending message (size 0.000384 MB)
I: MonitorObliviousTransfer::next
I: SendPublicKey::next
I: MonitorObliviousTransfer::next
I: RecvEncryptedMessages::next
I: MonitorObliviousTransfer::next
I: DecryptChosenMessage::next
I: MonitorObliviousTransfer::next
I: ChooserDone::next
I: MonitorObliviousTransfer::next
I: MonitorObliviousTransfer::next
I: InitChooser::next
I: MonitorObliviousTransfer::next
I: RecvConstant::next
D: received message: f06029e70eba7d80f0265acb8a8a1272f4c4e7ed44e98c37c0698ee2cc62187cf32f77662184417f5ac679f94d2b65552f1450728ef61e69b7f72271d78fce3f031b93c437810505097c3175b3f923ff8a6a106d09e1358ca61a2e5383ec32fe66f947af0ecadf1e36760ac07c2f4fbe37b75a4fbde510b351a4859998c1a3afd0c4fa85320af1a72c8ceb19de8c2f079c442b67f3a5352b5a07866ebbe30283fe8e5cc97dc562b38c93fe4c1b0b5ffd2de23fefd7e7c3ed47bdf6b54d1fc682
I: MonitorObliviousTransfer::next
I: GeneratePublicKey::next
D:  sending message (size 0.000384 MB)
I: MonitorObliviousTransfer::next
I: SendPublicKey::next
I: MonitorObliviousTransfer::next
I: RecvEncryptedMessages::next
I: MonitorObliviousTransfer::next
I: DecryptChosenMessage::next
I: MonitorObliviousTransfer::next
I: ChooserDone::next
I: MonitorObliviousTransfer::next
I: MonitorObliviousTransfer::next
I: InitChooser::next
I: MonitorObliviousTransfer::next
I: RecvConstant::next
D: received message: e20955a78e7567d5072ed1f62e5d538ae3f840c381b06acc088c25f13a7407429e0ac70b87b365268072ca076db8fdba69314bbd6c96164ba4c664e8d62dc7e959d4bd8586cc55f88d79db8c927f480a386649112fad5bf949d4eab7e2c4d7dd9179160e929cf0d284bc7e01ab2c9cf19d3fcaf704cc679e3d388d3067b28ae68a3290178393cfe365e34646efeadfb6e2b07073a7db7c46e2085a7fb68dc960d21f6453d2e838f3dfb491350c3779426ff04a8c112a99ed960dce088f801dfc
I: MonitorObliviousTransfer::next
I: GeneratePublicKey::next
D:  sending message (size 0.000384 MB)
I: MonitorObliviousTransfer::next
I: SendPublicKey::next
I: MonitorObliviousTransfer::next
I: RecvEncryptedMessages::next
I: MonitorObliviousTransfer::next
I: DecryptChosenMessage::next
I: MonitorObliviousTransfer::next
I: ChooserDone::next
I: MonitorObliviousTransfer::next
I: MonitorObliviousTransfer::next
I: InitChooser::next
I: MonitorObliviousTransfer::next
I: RecvConstant::next
D: received message: 21f38dd875da212b66b8c510864c021fbbcc369de516e9fbd302d3306ad9f44b5fd90fdf6ae157e8ec22e0d88a230c13bf9de92557de5f4e623bc72dc24f926577044f04fd63ca764372d607f4ebdc9514a4116c22978178cb18433875ff5bdee95fa12fc1d927a3569797a214dd596edb17a7cf35e65baa897c28ec13fdf4b4d48bab2f4386acb100e95d910ff3bc8478413ce2653e3c90309bb89f7a97820c88fd58234b6d11b0fd1e45b3b868e8f1fb0d980453f9559274a11495cfc9ef0b
I: MonitorObliviousTransfer::next
I: GeneratePublicKey::next
D:  sending message (size 0.000383 MB)
I: MonitorObliviousTransfer::next
I: SendPublicKey::next
I: MonitorObliviousTransfer::next
I: RecvEncryptedMessages::next
I: MonitorObliviousTransfer::next
I: DecryptChosenMessage::next
I: MonitorObliviousTransfer::next
I: ChooserDone::next
I: MonitorObliviousTransfer::next
I: MonitorObliviousTransfer::next
I: InitChooser::next
I: MonitorObliviousTransfer::next
I: RecvConstant::next
D: received message: 506b498985389a580f9dc9d31e95d07b7706f7140d315fb8fb250e2303a8052ddd95dca62754bc68636c60e74968382f3c875e2c5cc853a48aa468d81741a2e7f942c1e3aa8711214f391d1e87a71eadb1be51908239f79c4de76e17c206b3279365bbb782f3b7cdc7e7a611ae663cdd3840729a2c7d84388f883d499a9114a764f09061ca051747ccc889a334df8d29917022c1b06b0d470ae0fba817f0100066d17ee0f26766fa2e5147f1fb99d7cef2153cbd7b9d2cb4c32b5beabf9f0e94
I: MonitorObliviousTransfer::next
I: GeneratePublicKey::next
D:  sending message (size 0.000384 MB)
I: MonitorObliviousTransfer::next
I: SendPublicKey::next
I: MonitorObliviousTransfer::next
I: RecvEncryptedMessages::next
I: MonitorObliviousTransfer::next
I: DecryptChosenMessage::next
I: MonitorObliviousTransfer::next
I: ChooserDone::next
I: MonitorObliviousTransfer::next
I: MonitorObliviousTransfer::next
I: InitChooser::next
I: MonitorObliviousTransfer::next
I: RecvConstant::next
D: received message: 1f1cc077fde083bbeb64d6909ee52c68bfaddede147aa1a29d5bb408d40cf6cc5e2dcc4b053358a4e02502d911edfa3ac853f8fd29aedaef5a95090ca740cb0f0c60a9d28db2281734c2576790c4283e4658dc9d90524f78be14724059d3ba727571549d3a82e4e74250da467d96fc9925f673ef9588071d34d3e33d8146d606b798f0ecb44b49031a3510d599296761565348b90ee7b664caf29efe209a9753db11172bec5403e1b3efe0c5d86c5224ecda7ce8bd08487d233462a944aa2da2
I: MonitorObliviousTransfer::next
I: GeneratePublicKey::next
D:  sending message (size 0.000384 MB)
I: MonitorObliviousTransfer::next
I: SendPublicKey::next
I: MonitorObliviousTransfer::next
I: RecvEncryptedMessages::next
I: MonitorObliviousTransfer::next
I: DecryptChosenMessage::next
I: MonitorObliviousTransfer::next
I: ChooserDone::next
I: MonitorObliviousTransfer::next
I: MonitorObliviousTransfer::next
I: InitChooser::next
I: MonitorObliviousTransfer::next
I: RecvConstant::next
D: received message: 2c645a5066ff4e0107a4443ec66f7837cc269ac71608bc0ea2bd2c5db283e1f247dba8ed781a092cdff5fd04678960ee6a7ecf99091b57f6bb1df425af31b7a63a22a538dd85869e854ae2e8e997cfc0749bbd497916748328aed23e713d1f63bdf9aff3dde2a407e22d2bd13bfbeb00147a19ca2cbadec2ada2cc4a7f29403b325d305c7fa24b07d4f01b850873f4e10264ffa4e3083867847aec4a73ad48d9bc6db5cdfe469b7f20f7c4ed21700df5574ed4be34c68fe0fa09a1a2b3bd9e52
I: MonitorObliviousTransfer::next
I: GeneratePublicKey::next
D:  sending message (size 0.000384 MB)
I: MonitorObliviousTransfer::next
I: SendPublicKey::next
I: MonitorObliviousTransfer::next
I: RecvEncryptedMessages::next
I: MonitorObliviousTransfer::next
I: DecryptChosenMessage::next
I: MonitorObliviousTransfer::next
I: ChooserDone::next
I: MonitorObliviousTransfer::next
I: MonitorObliviousTransfer::next
I: InitChooser::next
I: MonitorObliviousTransfer::next
I: RecvConstant::next
D: received message: f5c031cae79d87a7a597173d72bfafc2959d2002f8ab2d69da9b833e5a0d044018c5ed61f617e38fd06ff48c01e900d4a1904ead9ed2d83acd08bb2a5216514bcca5fba34d148158c2861e32eaea1ef70de2cdc16297dd320936d342ff8c6fb01b3ac0e03ad546998742fff289ab511da297abf65b48bbe577746a3ff3eb48c70cef93af11f258b107dce603c698b1ec33cb0b92b72f78b2746bebf3ae83c7d7ff5c6a1858af40c84210e007ae4fd515d9f41d51c3b482df9717dc43dd6f4578
I: MonitorObliviousTransfer::next
I: GeneratePublicKey::next
D:  sending message (size 0.000384 MB)
I: MonitorObliviousTransfer::next
I: SendPublicKey::next
I: MonitorObliviousTransfer::next
I: RecvEncryptedMessages::next
I: MonitorObliviousTransfer::next
I: DecryptChosenMessage::next
I: MonitorObliviousTransfer::next
I: ChooserDone::next
I: MonitorObliviousTransfer::next
I: MonitorObliviousTransfer::next
I: InitChooser::next
I: MonitorObliviousTransfer::next
I: RecvConstant::next
D: received message: 4e627fb8175e6a43d194da4ef06c25262a75d40ffbed96ead7a4d966be6dc365d6bf7c08901be3f25dc3509ba8611152992b9074e482e472209a61feb3351e6e019c17a0dfd7508ebf8077bad06e4badc603d08f5e03a967f19b677fd7e02439edc55c2fff3db85396522a9ec12949fa36a950102966dd3fd5d77356d9f7fd800f027f6283e492eebd46e20a417a176c0b894091e6da87d717bee4c8b80d9bcc6022b0684e7c5241a2fd3b69174b1f977a7f2d4e9b087d31a6e03b3967f6a435
I: MonitorObliviousTransfer::next
I: GeneratePublicKey::next
D:  sending message (size 0.000384 MB)
I: MonitorObliviousTransfer::next
I: SendPublicKey::next
I: MonitorObliviousTransfer::next
I: RecvEncryptedMessages::next
I: MonitorObliviousTransfer::next
I: DecryptChosenMessage::next
I: MonitorObliviousTransfer::next
I: ChooserDone::next
I: MonitorObliviousTransfer::next
I: MonitorObliviousTransfer::next
I: InitChooser::next
I: MonitorObliviousTransfer::next
I: RecvConstant::next
D: received message: 3ab2aaea64ef8b5f3eec6d4ee2c2469ba4235f2c8a9251ba803b59df1b35fba2734e722c09938c25bbb7f4ee4ad7bf641ec7fd46fa3a66a59a5d59f2744b39fc0d3823909ffeaddffa1056132e3d0f1c92b42abecb1999621e20ee35a19105a7df7314dce1ef820cc92fd3eb3a825321f1eecd542a3b1e5f1629f2141589aac05fdf0da86f045cbcf87e49fea0ed821562dbf51ae933a4054fcc8cf190e6323226221525c870df1dbbeb7e538df228111264d905d19b472b786107ea1070f249
I: MonitorObliviousTransfer::next
I: GeneratePublicKey::next
D:  sending message (size 0.000384 MB)
I: MonitorObliviousTransfer::next
I: SendPublicKey::next
I: MonitorObliviousTransfer::next
I: RecvEncryptedMessages::next
I: MonitorObliviousTransfer::next
I: DecryptChosenMessage::next
I: MonitorObliviousTransfer::next
I: ChooserDone::next
I: MonitorObliviousTransfer::next
I: MonitorObliviousTransfer::next
I: InitChooser::next
I: MonitorObliviousTransfer::next
I: RecvConstant::next
D: received message: 3d2c91780fdc30370df075c169cd8768fdd4b098abe8ebceb1c96163fe7693ea7b32615dc9217d0f801e5fcfe148048f0be3e9696b9eda3939944eb00bb985ce8366879a5033979bd4c937d4bd7051443453a9af9a478f60f0d57120b7c3682bd924a67cd762a9a7e33406d74d8a668ee6ffc82966a199bd38b26c5e12c69ccdd4474c74d363a325b58c3ca6bae74decefae4b0d342badbd3eca8f49470d69a48c37f727271add640a55e5ef454f356b589cc9f4301359409e4a2c35613d4327
I: MonitorObliviousTransfer::next
I: GeneratePublicKey::next
D:  sending message (size 0.000384 MB)
I: MonitorObliviousTransfer::next
I: SendPublicKey::next
I: MonitorObliviousTransfer::next
I: RecvEncryptedMessages::next
I: MonitorObliviousTransfer::next
I: DecryptChosenMessage::next
I: MonitorObliviousTransfer::next
I: ChooserDone::next
I: MonitorObliviousTransfer::next
I: MonitorObliviousTransfer::next
I: InitChooser::next
I: MonitorObliviousTransfer::next
I: RecvConstant::next
D: received message: 41e57664f4aede758fc67ee784c76ed2ebf428d7cfa135eaf9ab2dc4aaec6c5dea78e54a48305e299125a8c00e173774df705baa90770472882ea2aadd278a97dfc44a615af66ef9f2fc5f5d6ec8df1d850803548766c2efaf3105ab3632f44544ce57e03408a42382ec2601297d8aed2d2066a79a4a16ea941b17f70275dae4f48f5780bf0f39e1f8a9851d9e3441bc60c4c98a0b67fadd19723beae2414b4f88b8638779577e590063275f7053fb4845d1f53fe055ba57afb29a7a392a52a5
I: MonitorObliviousTransfer::next
I: GeneratePublicKey::next
D:  sending message (size 0.000384 MB)
I: MonitorObliviousTransfer::next
I: SendPublicKey::next
I: MonitorObliviousTransfer::next
I: RecvEncryptedMessages::next
I: MonitorObliviousTransfer::next
I: DecryptChosenMessage::next
I: MonitorObliviousTransfer::next
I: ChooserDone::next
I: MonitorObliviousTransfer::next
I: MonitorObliviousTransfer::next
I: InitChooser::next
I: MonitorObliviousTransfer::next
I: RecvConstant::next
D: received message: 85dd7a89326eeb3453d1c83b4c461e53f5873fbedd1309ef794a2328aba645c733fe082df9bd1df3f2ba317290ffffeb731a558cd4b0a7e600c2ed651f3e3059df7e67a995c5ad247f8573148583dd376965e2807456915a14e55011b6454cd943e3b759775653993ee8982117333fe0461d8924fef871a1bc6af5aba885140a07c95b58d5ae4216e1458da2ca1bdf60b1691f69bfed43c4485be7dca858c189404f738edca9b7d2111c0fd5fbe848b35317a2a0a29229568221cd0fb8807dd0
I: MonitorObliviousTransfer::next
I: GeneratePublicKey::next
D:  sending message (size 0.000384 MB)
I: MonitorObliviousTransfer::next
I: SendPublicKey::next
I: MonitorObliviousTransfer::next
I: RecvEncryptedMessages::next
I: MonitorObliviousTransfer::next
I: DecryptChosenMessage::next
I: MonitorObliviousTransfer::next
I: ChooserDone::next
I: MonitorObliviousTransfer::next
I: MonitorObliviousTransfer::next
I: InitChooser::next
I: MonitorObliviousTransfer::next
I: RecvConstant::next
D: received message: 72348761874d03e47fc591d1a3a8cbb9098c61fe1d748fa1802e40fdc66792390bdd35f34bf8bbd59990da0d8f8f275ee067a2aa484ae5839ae10b2499129f75f5135299b4763cdfd4aa2c558e9ee5eab666118fb4a897c2a46c69b2bbccceae4569baae5cfbbaddcfa92f6c0b0c6e5390282d8e50746ed4256b7f39d2e018e467e9acab4103180349c8a7b4632b32a8284711a2915669b2961febe8f8980f2a0f96dfba98ca35ba25738387704417a29e4014c13f0bc53ebce4d2e519d4d0dc
I: MonitorObliviousTransfer::next
I: GeneratePublicKey::next
D:  sending message (size 0.000384 MB)
I: MonitorObliviousTransfer::next
I: SendPublicKey::next
I: MonitorObliviousTransfer::next
I: RecvEncryptedMessages::next
I: MonitorObliviousTransfer::next
I: DecryptChosenMessage::next
I: MonitorObliviousTransfer::next
I: ChooserDone::next
I: MonitorObliviousTransfer::next
I: MonitorObliviousTransfer::next
I: InitChooser::next
I: MonitorObliviousTransfer::next
I: RecvConstant::next
D: received message: 58c4d55f92e57f726b61fbec8ecd7b31211189ca265debc763fc10c03031e92687b26dc2be9b9eabcece97d9ee9f6a837dc166f5f8bd138aa48467286b75d4ef85b040a4ae3f38646ac72daf6080d3c61e59c9c11edadf46143e3af624f454810389c10d06ba2e026c530c24959531f134e29f7b25e3427ef65848c04ab9388b5ba7af300f3569420689791dea1a43fb858357168249bdd5b0b6f55e0f128a464a7698538509162b93abc4213a5d5f73ffa3b5e760fccde6c0b59adb1a6d6ac5
I: MonitorObliviousTransfer::next
I: GeneratePublicKey::next
D:  sending message (size 0.000384 MB)
I: MonitorObliviousTransfer::next
I: SendPublicKey::next
I: MonitorObliviousTransfer::next
I: RecvEncryptedMessages::next
I: MonitorObliviousTransfer::next
I: DecryptChosenMessage::next
I: MonitorObliviousTransfer::next
I: ChooserDone::next
I: MonitorObliviousTransfer::next
I: MonitorObliviousTransfer::next
I: InitChooser::next
I: MonitorObliviousTransfer::next
I: RecvConstant::next
D: received message: 9c335cb266ad0c895aae1a9fd513daa1ad90861ba1e661cea4e5f523f993e762a21f058545192f321b49339dc99ec473ad4bed94eff7af4819117adc91692ecaa865236abc46293dc73e02ce8acf707697848cbbe81345ef06eb4bd34d369198cb4591bc9edf27f6d36fa2f1eb99ab728bb7fbc33ee32e83ca9d821f421e7106588c64576a594f67383bd435a2b2163038cdf37dc2e46594fd573a839f63a78c527ecf9155c5059b2e0b3ef56d16e7bd928cf6df0180a3a177b0c91d67e1568a
I: MonitorObliviousTransfer::next
I: GeneratePublicKey::next
D:  sending message (size 0.000384 MB)
I: MonitorObliviousTransfer::next
I: SendPublicKey::next
I: MonitorObliviousTransfer::next
I: RecvEncryptedMessages::next
I: MonitorObliviousTransfer::next
I: DecryptChosenMessage::next
I: MonitorObliviousTransfer::next
I: ChooserDone::next
I: MonitorObliviousTransfer::next
I: MonitorObliviousTransfer::next
I: InitChooser::next
I: MonitorObliviousTransfer::next
I: RecvConstant::next
D: received message: 6ea6461b401158ef6ebefbfc89f324002f18eb442785718adf2418b80c6d7d60a20552335716e335ccd3998119f7de875439a663627bfc8f72e07c644eba78c830fdd3f5ce3cc73917b96bd5f418d754a15a4acd23133c51e969543bcd0303ba8f147e60509b1a24eac4c32fbd5965ba78c83f8bea13cf9d28c3e509ab59aee3552ab63e87ee6992e34d8720c605450edc5aec448226cfaed685b38b5ef560062a032183d5d21d244139823c298ea5802c877cc8c21c30946cfc9d8675c1a60a
I: MonitorObliviousTransfer::next
I: GeneratePublicKey::next
D:  sending message (size 0.000384 MB)
I: MonitorObliviousTransfer::next
I: SendPublicKey::next
I: MonitorObliviousTransfer::next
I: RecvEncryptedMessages::next
I: MonitorObliviousTransfer::next
I: DecryptChosenMessage::next
I: MonitorObliviousTransfer::next
I: ChooserDone::next
I: MonitorObliviousTransfer::next
I: MonitorObliviousTransfer::next
I: InitChooser::next
I: MonitorObliviousTransfer::next
I: RecvConstant::next
D: received message: b1941f1661eed3ebe2c2be3eb2446bf994c1c189df10a338fd3573f67cc6dc59107ab9be3dfca81ce6ea8922b052b2bb73ec8795c6d8ed888470b359040ea06d1ea24df5ba2d5060f756a6287472c4569c82cc840d3e8befe74f572c6d52c77ade05c01e10614881fd0449c519786d0ddb21cbadb53c7c858c09dddfb47a6bdd1a997f0714b031dc7812630693591b3963ffa2306772f771085b652293ab6c27702f56c3a5b930b73d81be8ad3e182cde8693be084ddb80fe8198607aa5611ed
I: MonitorObliviousTransfer::next
I: GeneratePublicKey::next
D:  sending message (size 0.000384 MB)
I: MonitorObliviousTransfer::next
I: SendPublicKey::next
I: MonitorObliviousTransfer::next
I: RecvEncryptedMessages::next
I: MonitorObliviousTransfer::next
I: DecryptChosenMessage::next
I: MonitorObliviousTransfer::next
I: ChooserDone::next
I: MonitorObliviousTransfer::next
I: MonitorObliviousTransfer::next
I: InitChooser::next
I: MonitorObliviousTransfer::next
I: RecvConstant::next
D: received message: d15c7743d741c1fc39f1dc3fbb166e4036556e1affd19e0a9b98b5a11d58f0222abddfaddbb3f79e87920d6c95d30205324c7e15a78b83caef163d6a9fa83db8622d7a1f9a2b07e1e81cbaa75586ce5151c23cbbfc74ef1a28b26c73a62e116ca8ba9cb4aa14eaa2feae407354e191501be0f166dc7c44dc98001b366804bcb439cfc1611f03454ce4a78f06c898ec46f86638d958aa26deb4c6cd80bce0dc98fb4ea58de542778d3cd6e30fe3e3902517ba3a6b43fa47b4669af7d31a7367fc
I: MonitorObliviousTransfer::next
I: GeneratePublicKey::next
D:  sending message (size 0.000384 MB)
I: MonitorObliviousTransfer::next
I: SendPublicKey::next
I: MonitorObliviousTransfer::next
I: RecvEncryptedMessages::next
I: MonitorObliviousTransfer::next
I: DecryptChosenMessage::next
I: MonitorObliviousTransfer::next
I: ChooserDone::next
I: MonitorObliviousTransfer::next
I: MonitorObliviousTransfer::next
I: InitChooser::next
I: MonitorObliviousTransfer::next
I: RecvConstant::next
D: received message: 6927228dabfb91fc935d89264a75383e512b281a651dd109e86d40bd3c39e2edcfb6dc17fc88ac7659ad59de10de72b3dfdd9ecd429aa062303f0045ea6c7b5fde2af51f278eb84c544e650fbd4cfc7358ad261c4b7652354d570d00a19ea779f0d7ffb587837b29ebc492c27c7656bc6913f4774dc7e1fcbeb5ebfca707b3c088f729b75b6ce609985fd9e5ff421595ca4d2b7cd6fe863a0c921c0d1f7505659f6e322f304a341e63491009a8b8a43a061a030e800c73071980e265a4957a8b
I: MonitorObliviousTransfer::next
I: GeneratePublicKey::next
D:  sending message (size 0.000384 MB)
I: MonitorObliviousTransfer::next
I: SendPublicKey::next
I: MonitorObliviousTransfer::next
I: RecvEncryptedMessages::next
I: MonitorObliviousTransfer::next
I: DecryptChosenMessage::next
I: MonitorObliviousTransfer::next
I: ChooserDone::next
I: MonitorObliviousTransfer::next
I: MonitorObliviousTransfer::next
I: InitChooser::next
I: MonitorObliviousTransfer::next
I: RecvConstant::next
D: received message: 9425743b81ed3ab4f01aeee99e3ee5df5f19cf839bec6f5e9b2c36a8d875dc2025f9f185d70561d6b670ff32351589e67a91c18962424a93dbf42f2a5d285b5a43286d306d826eb2d913beed822d8f41cb7da69f1d00aa6f3e4560eaee5c89b8f6e64ad625105bf07c9cfaa061ada00add607104ea58862e4d676786c8b5e242935dc5b84eb8aa3f4e4bacadbead1299aaef739a39e4a372be76d3450d18ed00656e085d0d72de932311448c4638eee7ca80f8ee4da72628755cba08516bafb1
I: MonitorObliviousTransfer::next
I: GeneratePublicKey::next
D:  sending message (size 0.000384 MB)
I: MonitorObliviousTransfer::next
I: SendPublicKey::next
I: MonitorObliviousTransfer::next
I: RecvEncryptedMessages::next
I: MonitorObliviousTransfer::next
I: DecryptChosenMessage::next
I: MonitorObliviousTransfer::next
I: ChooserDone::next
I: MonitorObliviousTransfer::next
I: MonitorObliviousTransfer::next
I: InitChooser::next
I: MonitorObliviousTransfer::next
I: RecvConstant::next
D: received message: 65d2298ddedb4dafd08392794fade1106a8fed029436b960eefe25ba8fc116dc36b41048ec44514b09b9f7f5c20ab614b0e52491676f130243d39754ecf97bad9164f322f5e21c1725cf1348db4dc51c34c12dcb702674950c04d1845c33f58637785c7566408a2d8bfaf1d83ab6f99d02ad75a775fd48cd371231c77d9353e253cbd32e26149e8fda63209e9ecbf0239f3ebfca99641d23b44cd9430205b54d0a00ea5bb2fa530716157a25d5f43e3b7e823e497fba72cd475205473756feb5
I: MonitorObliviousTransfer::next
I: GeneratePublicKey::next
D:  sending message (size 0.000384 MB)
I: MonitorObliviousTransfer::next
I: SendPublicKey::next
I: MonitorObliviousTransfer::next
I: RecvEncryptedMessages::next
I: MonitorObliviousTransfer::next
I: DecryptChosenMessage::next
I: MonitorObliviousTransfer::next
I: ChooserDone::next
I: MonitorObliviousTransfer::next
I: MonitorObliviousTransfer::next
I: InitChooser::next
I: MonitorObliviousTransfer::next
I: RecvConstant::next
D: received message: b87821fad97599d6fa1a11d1e4d33aaccc8e6605fd812415cdfbe1a30f1f7bc234a38202e3397147a30edd1b31af4108321a9cd2e2cd59142a7467135cc2610c8eef87f8b03b287c604268a8a4f3c2d70798543277822a5ef547e0b23db182d3694497370750e57c97ca37c187c759afa6424619e75673757e09a9898be7d19ce4ddca960993133cbf5f64163fe4c1af5591645795eca8e01ecac84b4a050c47806bca6a15c02029811b707f415af7810b730ebcc43465247b475f226b0c1867
I: MonitorObliviousTransfer::next
I: GeneratePublicKey::next
D:  sending message (size 0.000384 MB)
I: MonitorObliviousTransfer::next
I: SendPublicKey::next
I: MonitorObliviousTransfer::next
I: RecvEncryptedMessages::next
I: MonitorObliviousTransfer::next
I: DecryptChosenMessage::next
I: MonitorObliviousTransfer::next
I: ChooserDone::next
I: MonitorObliviousTransfer::next
I: MonitorObliviousTransfer::next
I: InitChooser::next
I: MonitorObliviousTransfer::next
I: RecvConstant::next
D: received message: 421389f97a017ff5e3335c543778849702c90095bbdeac6a68fb3802084396f36bcbc472265aab5087b520e62f198293776f74a3cd3e0c34e91bf504502e7e5c98a18544255588cdea80d466a3cb7a5597a28b84a682775f111a36e5b294f42267e6e19d1b26619abf7ed9489bb26dd9125d6d18d241f1b7561bcca699f73766e92a5ed635dbc81216d6b3b7bff29e44e7f023e76d8939d333f0f41dc1338de8aa9a2845bd82925a4e21ce473d77731d343d8a86193f41678668e95e20c1a8d9
I: MonitorObliviousTransfer::next
I: GeneratePublicKey::next
D:  sending message (size 0.000384 MB)
I: MonitorObliviousTransfer::next
I: SendPublicKey::next
I: MonitorObliviousTransfer::next
I: RecvEncryptedMessages::next
I: MonitorObliviousTransfer::next
I: DecryptChosenMessage::next
I: MonitorObliviousTransfer::next
I: ChooserDone::next
I: MonitorObliviousTransfer::next
I: MonitorObliviousTransfer::next
I: InitChooser::next
I: MonitorObliviousTransfer::next
I: RecvConstant::next
D: received message: 1716e72695fdec17b00cc96bec3ec36b825efb6c3fb8725caacb604af079a5ebe932435420883f5aa9171a0d64f1fcc6a467024084c1235d40f6644a5cc8774f250cd16b8186f86930902806c28dab7f04373a000d353ad8a468ee9a826f697ac33fe39e0f7671ac8ca6d26afed0ba8a69e5848009691d8bdd3a00f03648e0ac21ca423d89e8b47aeff2ba1c53047ed0dd44415f2545a367b795e6995cc053555233de69e00ab3a559c7d4aba876470722cbb3dd86acc5f3d7e4ab5617e65ba2
I: MonitorObliviousTransfer::next
I: GeneratePublicKey::next
D:  sending message (size 0.000384 MB)
I: MonitorObliviousTransfer::next
I: SendPublicKey::next
I: MonitorObliviousTransfer::next
I: RecvEncryptedMessages::next
I: MonitorObliviousTransfer::next
I: DecryptChosenMessage::next
I: MonitorObliviousTransfer::next
I: ChooserDone::next
I: MonitorObliviousTransfer::next
I: MonitorObliviousTransfer::next
I: InitChooser::next
I: MonitorObliviousTransfer::next
I: RecvConstant::next
D: received message: 75e6cbfd64fc5a078ad85c60cbfc9e9c52a913bf1c82b91030aaef3d10fc5035a63baee02d2a6df3b1958f8316ac13ff7943274b3b46b45d6c0474624953da84bb85605a1e132cfc90d478b2e9ce3e043c439d4b55a9462e8ff31e6c9eb417db7c6934101a25f2068a5fa7481e4945b191c848a2eb2c76f82803f5ec9b9e412b6d37c7e76a902d41c487cc2079958f7a4a1999eb28aa0653060ab41ec30751128effa8da36c5aaf7372f445982a3323df88909651320e6157603efa93fc16a23
I: MonitorObliviousTransfer::next
I: GeneratePublicKey::next
D:  sending message (size 0.000384 MB)
I: MonitorObliviousTransfer::next
I: SendPublicKey::next
I: MonitorObliviousTransfer::next
I: RecvEncryptedMessages::next
I: MonitorObliviousTransfer::next
I: DecryptChosenMessage::next
I: MonitorObliviousTransfer::next
I: ChooserDone::next
I: MonitorObliviousTransfer::next
I: MonitorObliviousTransfer::next
I: InitChooser::next
I: MonitorObliviousTransfer::next
I: RecvConstant::next
D: received message: f687e43991d9251064967e8e9497acc8a5b5861638822019a9c810cc71a2f60e6e60e807b26b0ef7010417e8e890a6a742d4b82ee7e151f68e86a4c48f794a61c0fe46a22092a28c1c4ed30a37ffc0257577d164c8347ac3363a15616d17cc49edb8af2f20560bd82081d7c5367df73d12861bfc2cb5bb980b963dd3a5f94ba55d1707381c52a7d624c40365d6eeedd9eb191823a29cb5a52daf4b57c4b83cc0f5695f5f7bf91e6d79d4b8e5b2ab836dbac17bc3b244ea82592a426cb6389c24
I: MonitorObliviousTransfer::next
I: GeneratePublicKey::next
D:  sending message (size 0.000384 MB)
I: MonitorObliviousTransfer::next
I: SendPublicKey::next
I: MonitorObliviousTransfer::next
I: RecvEncryptedMessages::next
I: MonitorObliviousTransfer::next
I: DecryptChosenMessage::next
I: MonitorObliviousTransfer::next
I: ChooserDone::next
I: MonitorObliviousTransfer::next
I: MonitorObliviousTransfer::next
I: InitChooser::next
I: MonitorObliviousTransfer::next
I: RecvConstant::next
D: received message: cbe7d6215a49b875a448289186e79921ae320f6851924d9487fb33723b967751ae128f6d780077cfaea361c5e78c0d828aceb0526a00f23e3756bf05e5031488206b3e6d0247bf4cd44dd557d52b95466bd8720beae4be98c64fdc61412bf1bdea8626ec6514c1ba8f805b94d223bde2faecc5876d90c736c958e30aa484af88fe720e35120534de2812f6a4443d1e3a55be200df4ce83dc59e4b9066b0d6a6235709a806c6b106093644a3baddd440efb1156ed31f93580afb0af04bf36c2ec
I: MonitorObliviousTransfer::next
I: GeneratePublicKey::next
D:  sending message (size 0.000384 MB)
I: MonitorObliviousTransfer::next
I: SendPublicKey::next
I: MonitorObliviousTransfer::next
I: RecvEncryptedMessages::next
I: MonitorObliviousTransfer::next
I: DecryptChosenMessage::next
I: MonitorObliviousTransfer::next
I: ChooserDone::next
I: MonitorObliviousTransfer::next
I: MonitorObliviousTransfer::next
I: InitChooser::next
I: MonitorObliviousTransfer::next
I: RecvConstant::next
D: received message: cd4c539d3aef112322ff219a45eaec7f298692dbffba9f79c9b3ad7e0e8ce93506ad2995e0fe3b5b15bf903b03ed6a9c2c93b2b24a3cd594893400ff37fb4040308943916017b61a868e209503084de879403280dd7be1f0a75dcbb90521549da68538c1ef1ae7346a7040011bdb4375d215580ed439ec0ad9dfc3dfe430e86cdfdb33320d7cd5564823e996e219462c6c59eeb2c308a975ec3d31e5a46646243fd4afe3ef90841f09492c9f4c421bef7046397b68b00f39540d963b901559d4
I: MonitorObliviousTransfer::next
I: GeneratePublicKey::next
D:  sending message (size 0.000384 MB)
I: MonitorObliviousTransfer::next
I: SendPublicKey::next
I: MonitorObliviousTransfer::next
I: RecvEncryptedMessages::next
I: MonitorObliviousTransfer::next
I: DecryptChosenMessage::next
I: MonitorObliviousTransfer::next
I: ChooserDone::next
I: MonitorObliviousTransfer::next
I: MonitorObliviousTransfer::next
I: EvaluateCircuit::next
D:   evaluating gate 10000
D:   evaluating gate 20000
D:   evaluating gate 30000
D:   evaluating gate 40000
D:  sending message (size 0.000001 MB)
I: SendOutputBit::next
I: ==== round duration: 79319.875000 ms ====
I: CopyMonitorStateLabels::next
I: RecvGarbledGates::next
I: RecvSystemInputLabels::next
I: RecvFlagBitLabels::next
I: EvaluateCircuit::next
D:   evaluating gate 10000
D:   evaluating gate 20000
D:   evaluating gate 30000
D:   evaluating gate 40000
D:  sending message (size 0.000001 MB)
I: SendOutputBit::next
I: ==== round duration: 79338.710938 ms ====
I: FaultObserved::next
I: MonitorDone::next
