I: parsing spec file timekeeper+.v...
I: parsing BLIF file synth.blif...
D: inputs and outputs parsed.
D: circuit initialized.
D: connections (#4034) parsed.
D: gates (#42010) parsed.
D: outputs: 58528 58531 58534 58537 58540 58543 58546 58549 58552 58555 58558 58561 58564 58567 58570 58573 58576 58579 58582 58585 58588 58591 58594 58597 58600 58603 58606 58609 58612 58615 58618 58622 58625 58628 58631 58634 58637 58640 58643 58646 58649 58652 58655 58658 58661 58664 58667 58670 58673 58676 58679 58682 58685 58688 58691 58694 58697 58700 58703 58706 58709 58712 58715 58718 58526 
D: circuit size: 58719
D: adding identity gates for outputs...
D: outputs after identity: 58784 58785 58786 58787 58788 58789 58790 58791 58792 58793 58794 58795 58796 58797 58798 58799 58800 58801 58802 58803 58804 58805 58806 58807 58808 58809 58810 58811 58812 58813 58814 58815 58816 58817 58818 58819 58820 58821 58822 58823 58824 58825 58826 58827 58828 58829 58830 58831 58832 58833 58834 58835 58836 58837 58838 58839 58840 58841 58842 58843 58844 58845 58846 58847 58848 
D: circuit size after identity: 58849
I: initializing safe primes...
I: using prime modulus 1552518092300708935130918131258481755631334049434514313202351194902966239949102107258669453876591642442910007680288864229150803718918046342632727613031282983744380820890196288509170691316593175367469551763119843371637221007210577919
D:  sending message (size 0.000005 MB)
I: InitMonitor::next
I: GenerateDriverLabels::next
D:   driver labels generated in 37832.832031 ms
I: GenerateInWireKeys::next
D:   in-wire keys generated in 21522.169922 ms
D: SendLabels::message
D:   generating in-wire labels for 42145 gates
D:   10000 gates processed
D:   20000 gates processed
D:   30000 gates processed
D:   40000 gates processed
D:   in-wire labels generated in 10780.284180 ms
D:  gateCount: 42145
D:  sending message (size 27.616282 MB)
I: SendLabels::next
I: RecvGarbledGates::next
I: RecvSystemInputLabels::next
I: RecvFlagBitLabels::next
I: MonitorObliviousTransfer::next
I: InitChooser::next
I: MonitorObliviousTransfer::next
I: RecvConstant::next
D: received message: 6f36971abbe8613edffafbc5b8b62a3b280d7678d7ecdff75d7ca8afb9bd4b8a3fa88b4f9ca991f46e71ece47e2ed490cfe8ccdf6638ef1906b99e9178ffd9a6f9b1729f7fb4da7637b10ea9f0a65525652735ebce9299cf1024439caa766904
I: MonitorObliviousTransfer::next
I: GeneratePublicKey::next
D:  sending message (size 0.000192 MB)
I: MonitorObliviousTransfer::next
I: SendPublicKey::next
I: MonitorObliviousTransfer::next
I: RecvEncryptedMessages::next
I: MonitorObliviousTransfer::next
I: DecryptChosenMessage::next
I: MonitorObliviousTransfer::next
I: ChooserDone::next
I: MonitorObliviousTransfer::next
I: MonitorObliviousTransfer::next
I: InitChooser::next
I: MonitorObliviousTransfer::next
I: RecvConstant::next
D: received message: 4aa2b37526c85ea32fadc034144304306a847206cc0bfd2b359723a84f01badc25fdbc385b323d8556db0057c622070c98bbc5534b375ff243a81eec21c3164fb5e052197e394ab759e0919626d0e0819999d77a31d2f2b851f0c82d03d37fd9
I: MonitorObliviousTransfer::next
I: GeneratePublicKey::next
D:  sending message (size 0.000191 MB)
I: MonitorObliviousTransfer::next
I: SendPublicKey::next
I: MonitorObliviousTransfer::next
I: RecvEncryptedMessages::next
I: MonitorObliviousTransfer::next
I: DecryptChosenMessage::next
I: MonitorObliviousTransfer::next
I: ChooserDone::next
I: MonitorObliviousTransfer::next
I: MonitorObliviousTransfer::next
I: InitChooser::next
I: MonitorObliviousTransfer::next
I: RecvConstant::next
D: received message: b80d40664fc830bc74f15536790d70f9930de9e41c4c4efc498c582205e70c44d2715fc0ec0f541a45db3588631cf088e5949dbfb0c4065248d0a078be2e1deb2a9a72ae2cefc9d9e5667891debe200d6bd23d15ce2038b4ebc5af9880ced55c
I: MonitorObliviousTransfer::next
I: GeneratePublicKey::next
D:  sending message (size 0.000192 MB)
I: MonitorObliviousTransfer::next
I: SendPublicKey::next
I: MonitorObliviousTransfer::next
I: RecvEncryptedMessages::next
I: MonitorObliviousTransfer::next
I: DecryptChosenMessage::next
I: MonitorObliviousTransfer::next
I: ChooserDone::next
I: MonitorObliviousTransfer::next
I: MonitorObliviousTransfer::next
I: InitChooser::next
I: MonitorObliviousTransfer::next
I: RecvConstant::next
D: received message: c7a64b1fb518776100c06b593368cf2adec6ae417d0a413cc939d64562b79263752a04bc5f08f3c69fe814391215ab5dcdbc0f65ac92a54817c38061dbbbec981a42314e53dd6b0fb0ec82949e8272f92fe08dfefb5330edceb9fbfab3f0438
I: MonitorObliviousTransfer::next
I: GeneratePublicKey::next
D:  sending message (size 0.000192 MB)
I: MonitorObliviousTransfer::next
I: SendPublicKey::next
I: MonitorObliviousTransfer::next
I: RecvEncryptedMessages::next
I: MonitorObliviousTransfer::next
I: DecryptChosenMessage::next
I: MonitorObliviousTransfer::next
I: ChooserDone::next
I: MonitorObliviousTransfer::next
I: MonitorObliviousTransfer::next
I: InitChooser::next
I: MonitorObliviousTransfer::next
I: RecvConstant::next
D: received message: 5c3ba90730b978a7acea91b44840873426a14d9b110a080f5d4efd25bfe9836a505b15b2a682998637f05e7c26cb8a3adce5e8f649ac47e1b75510b8127e90893568242914038d6e0b81c7037f1d6d8e2290762b6013f933122850b464c0f783
I: MonitorObliviousTransfer::next
I: GeneratePublicKey::next
D:  sending message (size 0.000192 MB)
I: MonitorObliviousTransfer::next
I: SendPublicKey::next
I: MonitorObliviousTransfer::next
I: RecvEncryptedMessages::next
I: MonitorObliviousTransfer::next
I: DecryptChosenMessage::next
I: MonitorObliviousTransfer::next
I: ChooserDone::next
I: MonitorObliviousTransfer::next
I: MonitorObliviousTransfer::next
I: InitChooser::next
I: MonitorObliviousTransfer::next
I: RecvConstant::next
D: received message: ce5076292518698e689ceb2148823db82889dab2fc6df6aac57c858b8d7f65d2607bcf6a062d5b1f3a01eb5953545dda9874bb9f93af53eb771d49f263e01e00621f54d7c9572548d46f561461e2760835c9666cb359503ce002654861b4be0
I: MonitorObliviousTransfer::next
I: GeneratePublicKey::next
D:  sending message (size 0.000192 MB)
I: MonitorObliviousTransfer::next
I: SendPublicKey::next
I: MonitorObliviousTransfer::next
I: RecvEncryptedMessages::next
I: MonitorObliviousTransfer::next
I: DecryptChosenMessage::next
I: MonitorObliviousTransfer::next
I: ChooserDone::next
I: MonitorObliviousTransfer::next
I: MonitorObliviousTransfer::next
I: InitChooser::next
I: MonitorObliviousTransfer::next
I: RecvConstant::next
D: received message: c78d19a7094c83f18622c85f6f08c2932f6ec1dad446d7875959b45b67a9cfafc5283c68041edc02c1fe9cde17d0656d5e1f5dc1c8023932124a905e0840c416246b7104f13053e2d3a81498af4069f9a232836f61c20a5ff9490594b2f7c6e
I: MonitorObliviousTransfer::next
I: GeneratePublicKey::next
D:  sending message (size 0.000191 MB)
I: MonitorObliviousTransfer::next
I: SendPublicKey::next
I: MonitorObliviousTransfer::next
I: RecvEncryptedMessages::next
I: MonitorObliviousTransfer::next
I: DecryptChosenMessage::next
I: MonitorObliviousTransfer::next
I: ChooserDone::next
I: MonitorObliviousTransfer::next
I: MonitorObliviousTransfer::next
I: InitChooser::next
I: MonitorObliviousTransfer::next
I: RecvConstant::next
D: received message: c2b14aa0a1693e1dbbce3c57fcb29a0fd8bc2dac0f52dae1e2809375d4e428ce56fe5518a29a2a0c153ba88b2070cd71fa75be0b2de3551faefe9327b5a3b34d65d9eb8d0a61261491aa27aee273c11fad9833bae8dbc596f448bbbd62a60959
I: MonitorObliviousTransfer::next
I: GeneratePublicKey::next
D:  sending message (size 0.000192 MB)
I: MonitorObliviousTransfer::next
I: SendPublicKey::next
I: MonitorObliviousTransfer::next
I: RecvEncryptedMessages::next
I: MonitorObliviousTransfer::next
I: DecryptChosenMessage::next
I: MonitorObliviousTransfer::next
I: ChooserDone::next
I: MonitorObliviousTransfer::next
I: MonitorObliviousTransfer::next
I: InitChooser::next
I: MonitorObliviousTransfer::next
I: RecvConstant::next
D: received message: d764f30994d8eb7602a3aecd4058c3f397e47868bff453d43ba860454d8c91232aa57382cae668bc3ffd9fa6f1f87b4d1fb435df3d63b031d736ecee617d5870052f15f4859c5518492c6f8de672f290582bfc9c3e5fa890c90ee5c45e540639
I: MonitorObliviousTransfer::next
I: GeneratePublicKey::next
D:  sending message (size 0.000192 MB)
I: MonitorObliviousTransfer::next
I: SendPublicKey::next
I: MonitorObliviousTransfer::next
I: RecvEncryptedMessages::next
I: MonitorObliviousTransfer::next
I: DecryptChosenMessage::next
I: MonitorObliviousTransfer::next
I: ChooserDone::next
I: MonitorObliviousTransfer::next
I: MonitorObliviousTransfer::next
I: InitChooser::next
I: MonitorObliviousTransfer::next
I: RecvConstant::next
D: received message: 165699616fa2efc88cc42ecc34ecdbd9ed11fbda87fdcba1829037c2c5e25015fce5a5cdb07dda89d966650377e87a674440e1d4b6e0765e5cc8d6526f7502378c5b8819c4dc0505cf96b7abddef75e66777a345a2fe5375a651dca070c635fd
I: MonitorObliviousTransfer::next
I: GeneratePublicKey::next
D:  sending message (size 0.000192 MB)
I: MonitorObliviousTransfer::next
I: SendPublicKey::next
I: MonitorObliviousTransfer::next
I: RecvEncryptedMessages::next
I: MonitorObliviousTransfer::next
I: DecryptChosenMessage::next
I: MonitorObliviousTransfer::next
I: ChooserDone::next
I: MonitorObliviousTransfer::next
I: MonitorObliviousTransfer::next
I: InitChooser::next
I: MonitorObliviousTransfer::next
I: RecvConstant::next
D: received message: 8ff133d05110dc5b0e1f99be83dd1766c98a49094671c653388e4221e9dbe92b7b4e68709a21fde2f40771dc6a54715f32afa00b9980b97bdc8ee45c31a813d4175b1524621f2c007abfdca0304cd52d87aca8855b3452848e60d7f2b6b778b2
I: MonitorObliviousTransfer::next
I: GeneratePublicKey::next
D:  sending message (size 0.000192 MB)
I: MonitorObliviousTransfer::next
I: SendPublicKey::next
I: MonitorObliviousTransfer::next
I: RecvEncryptedMessages::next
I: MonitorObliviousTransfer::next
I: DecryptChosenMessage::next
I: MonitorObliviousTransfer::next
I: ChooserDone::next
I: MonitorObliviousTransfer::next
I: MonitorObliviousTransfer::next
I: InitChooser::next
I: MonitorObliviousTransfer::next
I: RecvConstant::next
D: received message: fdd23d7ef65d71e64de162909fc24d3be72b79c9dbfa0c28e0ac6d13a21cf4687e1710e987bc517e31591d2766a1d5c2e574c8b79d5d9fef56a40d6722fe612ea6881b4a8c89dc2cadecdd16decfe5c8e7b25e75122e244177145a82e551982f
I: MonitorObliviousTransfer::next
I: GeneratePublicKey::next
D:  sending message (size 0.000192 MB)
I: MonitorObliviousTransfer::next
I: SendPublicKey::next
I: MonitorObliviousTransfer::next
I: RecvEncryptedMessages::next
I: MonitorObliviousTransfer::next
I: DecryptChosenMessage::next
I: MonitorObliviousTransfer::next
I: ChooserDone::next
I: MonitorObliviousTransfer::next
I: MonitorObliviousTransfer::next
I: InitChooser::next
I: MonitorObliviousTransfer::next
I: RecvConstant::next
D: received message: ef912dccb70b7333ad24a98f43d5f20fabc5a88abaa85dbae25ae56976af8a8911945a332ea749915023de1b0fdd6cae78f5a745549353d52fc3d610864c1b6a0c199003b51b8e0e94826e315c9e0e2a655326a922485042dafdd43edbb86c97
I: MonitorObliviousTransfer::next
I: GeneratePublicKey::next
D:  sending message (size 0.000192 MB)
I: MonitorObliviousTransfer::next
I: SendPublicKey::next
I: MonitorObliviousTransfer::next
I: RecvEncryptedMessages::next
I: MonitorObliviousTransfer::next
I: DecryptChosenMessage::next
I: MonitorObliviousTransfer::next
I: ChooserDone::next
I: MonitorObliviousTransfer::next
I: MonitorObliviousTransfer::next
I: InitChooser::next
I: MonitorObliviousTransfer::next
I: RecvConstant::next
D: received message: 8a5bd91709dd33502bbaf78b14c7f4954678e080547d41417eeb1d1272f3ae16e261b9566ce0cfc6d8b0f85c714fd9dd9b790e68e409dd2c815403ebce03d1a1446282dc91f5fd4dca36e7623bd2af4310065590209bc6260a1cf4ec29fd9986
I: MonitorObliviousTransfer::next
I: GeneratePublicKey::next
D:  sending message (size 0.000192 MB)
I: MonitorObliviousTransfer::next
I: SendPublicKey::next
I: MonitorObliviousTransfer::next
I: RecvEncryptedMessages::next
I: MonitorObliviousTransfer::next
I: DecryptChosenMessage::next
I: MonitorObliviousTransfer::next
I: ChooserDone::next
I: MonitorObliviousTransfer::next
I: MonitorObliviousTransfer::next
I: InitChooser::next
I: MonitorObliviousTransfer::next
I: RecvConstant::next
D: received message: 904ce6cc4b5725f8efe5b255dd56919ed1e63f4f952f23199e7186be3a35458311cbc5e5eb8a8c45785aec918905cc42c3afacbcd5b596a33f08339c8e70fbb7ae019a640e541f614fd789d925ca593a3bbb89614e962f40b1e4135e535c78d9
I: MonitorObliviousTransfer::next
I: GeneratePublicKey::next
D:  sending message (size 0.000192 MB)
I: MonitorObliviousTransfer::next
I: SendPublicKey::next
I: MonitorObliviousTransfer::next
I: RecvEncryptedMessages::next
I: MonitorObliviousTransfer::next
I: DecryptChosenMessage::next
I: MonitorObliviousTransfer::next
I: ChooserDone::next
I: MonitorObliviousTransfer::next
I: MonitorObliviousTransfer::next
I: InitChooser::next
I: MonitorObliviousTransfer::next
I: RecvConstant::next
D: received message: 93abc8ab3eb3993330f4faaa5d6f9ab1d545740b4be2f57c2259028faacc792f6fc500812ee7159584b100a8e61ea4aa8f25f997fa0b475e6b0435ede7d8e05411f162091710967b88d7a08c468a69caa93364e3d9bdc2edb27ad69aebd70ceb
I: MonitorObliviousTransfer::next
I: GeneratePublicKey::next
D:  sending message (size 0.000192 MB)
I: MonitorObliviousTransfer::next
I: SendPublicKey::next
I: MonitorObliviousTransfer::next
I: RecvEncryptedMessages::next
I: MonitorObliviousTransfer::next
I: DecryptChosenMessage::next
I: MonitorObliviousTransfer::next
I: ChooserDone::next
I: MonitorObliviousTransfer::next
I: MonitorObliviousTransfer::next
I: InitChooser::next
I: MonitorObliviousTransfer::next
I: RecvConstant::next
D: received message: afd6f3d6ce5c4c1db1ee405cc3d53c8173d1d3df6d6bb36d0ea0c0b6c55ddd545bca1df75facbef124096aedc5928272f93f06806e398b9f381693ce1e2234a127ee492ca8386fb7d9f26165fc99174c41b9659ecfb7667a3d36554488c2e11a
I: MonitorObliviousTransfer::next
I: GeneratePublicKey::next
D:  sending message (size 0.000192 MB)
I: MonitorObliviousTransfer::next
I: SendPublicKey::next
I: MonitorObliviousTransfer::next
I: RecvEncryptedMessages::next
I: MonitorObliviousTransfer::next
I: DecryptChosenMessage::next
I: MonitorObliviousTransfer::next
I: ChooserDone::next
I: MonitorObliviousTransfer::next
I: MonitorObliviousTransfer::next
I: InitChooser::next
I: MonitorObliviousTransfer::next
I: RecvConstant::next
D: received message: 781ce368c0d6fbdcaaa19c108c3792ab89e295eb5c84f45b3d8ad338f47bc329b27c1fa8fe5729651dd5abad89567795dd347529ae7733fecd9536fd9d981618c62ba294f8a4a787456f4e33e1de8c77f5e263c91bc2b91844fd2cdf5e130b61
I: MonitorObliviousTransfer::next
I: GeneratePublicKey::next
D:  sending message (size 0.000192 MB)
I: MonitorObliviousTransfer::next
I: SendPublicKey::next
I: MonitorObliviousTransfer::next
I: RecvEncryptedMessages::next
I: MonitorObliviousTransfer::next
I: DecryptChosenMessage::next
I: MonitorObliviousTransfer::next
I: ChooserDone::next
I: MonitorObliviousTransfer::next
I: MonitorObliviousTransfer::next
I: InitChooser::next
I: MonitorObliviousTransfer::next
I: RecvConstant::next
D: received message: 3e56afa62fc2c87e969a0d733751f1ea925d58863f4a58d97494ed93e9b1ef2e50995e43d29ee35ad97273542b6d6ac6d74b8b28450acb4c45a3918cbde18667c45b4ea7550edc9253e58fd54fa331b1bea6ed1334387490faebe01ecc4b6a5e
I: MonitorObliviousTransfer::next
I: GeneratePublicKey::next
D:  sending message (size 0.000192 MB)
I: MonitorObliviousTransfer::next
I: SendPublicKey::next
I: MonitorObliviousTransfer::next
I: RecvEncryptedMessages::next
I: MonitorObliviousTransfer::next
I: DecryptChosenMessage::next
I: MonitorObliviousTransfer::next
I: ChooserDone::next
I: MonitorObliviousTransfer::next
I: MonitorObliviousTransfer::next
I: InitChooser::next
I: MonitorObliviousTransfer::next
I: RecvConstant::next
D: received message: a3c21ed051229201394fb196b90f98dbfc0c2d0e0ffd02d52a7929e139006d87f44ea9c0e4e82e17b580331c1b1dd1bed8936cb34ff8e699a57616c2be9121289721fe6f62c38f3c5408c5a72431f60f8c478f2f2039b47fce130034d048500d
I: MonitorObliviousTransfer::next
I: GeneratePublicKey::next
D:  sending message (size 0.000192 MB)
I: MonitorObliviousTransfer::next
I: SendPublicKey::next
I: MonitorObliviousTransfer::next
I: RecvEncryptedMessages::next
I: MonitorObliviousTransfer::next
I: DecryptChosenMessage::next
I: MonitorObliviousTransfer::next
I: ChooserDone::next
I: MonitorObliviousTransfer::next
I: MonitorObliviousTransfer::next
I: InitChooser::next
I: MonitorObliviousTransfer::next
I: RecvConstant::next
D: received message: 6488b78a2b14f32a99d1a482afd5330fbd85bffee6cdee1ca5fb992df57c410383a78561acb2f0e153fc8df94197979256b5b859c5ff7d4ae3dd7a937b4e3b3c1d60a924934519694d06e4dd26038d17d1594f75457b02afbd7c2558828cd645
I: MonitorObliviousTransfer::next
I: GeneratePublicKey::next
D:  sending message (size 0.000191 MB)
I: MonitorObliviousTransfer::next
I: SendPublicKey::next
I: MonitorObliviousTransfer::next
I: RecvEncryptedMessages::next
I: MonitorObliviousTransfer::next
I: DecryptChosenMessage::next
I: MonitorObliviousTransfer::next
I: ChooserDone::next
I: MonitorObliviousTransfer::next
I: MonitorObliviousTransfer::next
I: InitChooser::next
I: MonitorObliviousTransfer::next
I: RecvConstant::next
D: received message: 576467a7a6916a6288ee2d74038f0e5c1185c05d90e83702a88cbdfab88fb9e6fba6364730e949cb784ba3d3303cecb299e75ac725925e0d11d61577ea3972ffe902d7c8178fe8ffd9a647be55f5c22c5840c52ccd6c818b15fb8c583e05ac2
I: MonitorObliviousTransfer::next
I: GeneratePublicKey::next
D:  sending message (size 0.000192 MB)
I: MonitorObliviousTransfer::next
I: SendPublicKey::next
I: MonitorObliviousTransfer::next
I: RecvEncryptedMessages::next
I: MonitorObliviousTransfer::next
I: DecryptChosenMessage::next
I: MonitorObliviousTransfer::next
I: ChooserDone::next
I: MonitorObliviousTransfer::next
I: MonitorObliviousTransfer::next
I: InitChooser::next
I: MonitorObliviousTransfer::next
I: RecvConstant::next
D: received message: 670a86234294be19cc349c878f8ba4fec2edb2fa582d16c1531c8bd02353b52f9a82d736aeda7ef909481f7d9780cb897eb31f05ef0335ba54a5e8272df9dd6f83ad0a4cc13716372105383709e95b4382468600a86ef00339c195d4088780ad
I: MonitorObliviousTransfer::next
I: GeneratePublicKey::next
D:  sending message (size 0.000192 MB)
I: MonitorObliviousTransfer::next
I: SendPublicKey::next
I: MonitorObliviousTransfer::next
I: RecvEncryptedMessages::next
I: MonitorObliviousTransfer::next
I: DecryptChosenMessage::next
I: MonitorObliviousTransfer::next
I: ChooserDone::next
I: MonitorObliviousTransfer::next
I: MonitorObliviousTransfer::next
I: InitChooser::next
I: MonitorObliviousTransfer::next
I: RecvConstant::next
D: received message: 1b4364d42f947658b4cf33d784494400f38d11cadb61aef4ea251982e37c2c77f78b3ddefb65f9646aa50cac4d3ac5a74c0b7877a0cdbd09e52a82bdebabbf734d95d459414d688e28e1e2ac6b715524b62dfe4c3343e82df75310718dd54edc
I: MonitorObliviousTransfer::next
I: GeneratePublicKey::next
D:  sending message (size 0.000192 MB)
I: MonitorObliviousTransfer::next
I: SendPublicKey::next
I: MonitorObliviousTransfer::next
I: RecvEncryptedMessages::next
I: MonitorObliviousTransfer::next
I: DecryptChosenMessage::next
I: MonitorObliviousTransfer::next
I: ChooserDone::next
I: MonitorObliviousTransfer::next
I: MonitorObliviousTransfer::next
I: InitChooser::next
I: MonitorObliviousTransfer::next
I: RecvConstant::next
D: received message: 3e45e718df7546ab62ab6b4c52ecb2596b93d1e0b4e47ff0a116f81e9bc14a9569a4e4b31df7878932b0aca17287cc707e2cc4a5f68337de5560311d1f6675266cc975ca6d84800870ec6bdcfbaefb7ce7065a529dd5d5c7c1b3c994ad5eec4
I: MonitorObliviousTransfer::next
I: GeneratePublicKey::next
D:  sending message (size 0.000192 MB)
I: MonitorObliviousTransfer::next
I: SendPublicKey::next
I: MonitorObliviousTransfer::next
I: RecvEncryptedMessages::next
I: MonitorObliviousTransfer::next
I: DecryptChosenMessage::next
I: MonitorObliviousTransfer::next
I: ChooserDone::next
I: MonitorObliviousTransfer::next
I: MonitorObliviousTransfer::next
I: InitChooser::next
I: MonitorObliviousTransfer::next
I: RecvConstant::next
D: received message: 43af18ccd98a077043ddc0b9b7ff61dd9c26041559141659fb98b225df9e95728dc84c3f00431c90fd2b7d6400da58a66c16c17c99a33d48129b7ecbfeb202f9c43f8e61b153369c430d5303c43e637d34875b6db478e5e03f740dac88ed92f9
I: MonitorObliviousTransfer::next
I: GeneratePublicKey::next
D:  sending message (size 0.000192 MB)
I: MonitorObliviousTransfer::next
I: SendPublicKey::next
I: MonitorObliviousTransfer::next
I: RecvEncryptedMessages::next
I: MonitorObliviousTransfer::next
I: DecryptChosenMessage::next
I: MonitorObliviousTransfer::next
I: ChooserDone::next
I: MonitorObliviousTransfer::next
I: MonitorObliviousTransfer::next
I: InitChooser::next
I: MonitorObliviousTransfer::next
I: RecvConstant::next
D: received message: ba0193db382960caa6b0dcabf536322537725329f5ba828174cca6859894261d11dea47f35309d535bd64a5ace32b27dfc43fc5da864e7a6284023ca171f2123858f6ebbbdb78f8f449d8a7ab0460197991c86b532ba8e0c00444823469aa65d
I: MonitorObliviousTransfer::next
I: GeneratePublicKey::next
D:  sending message (size 0.000192 MB)
I: MonitorObliviousTransfer::next
I: SendPublicKey::next
I: MonitorObliviousTransfer::next
I: RecvEncryptedMessages::next
I: MonitorObliviousTransfer::next
I: DecryptChosenMessage::next
I: MonitorObliviousTransfer::next
I: ChooserDone::next
I: MonitorObliviousTransfer::next
I: MonitorObliviousTransfer::next
I: InitChooser::next
I: MonitorObliviousTransfer::next
I: RecvConstant::next
D: received message: 9a3ff3bfcb3fd6632fa8fd29e5e02a80a622bb35cf50f80cd8b30329cc88fff64f8833dcdc36309cb0e48c04c83c7573d884bf0bf9b632adb06809a76b0347001c7911446c2fe458d2fdd3ce822230fa3eb5b9e6c49b63b7d3f0eb4df7c4d963
I: MonitorObliviousTransfer::next
I: GeneratePublicKey::next
D:  sending message (size 0.000192 MB)
I: MonitorObliviousTransfer::next
I: SendPublicKey::next
I: MonitorObliviousTransfer::next
I: RecvEncryptedMessages::next
I: MonitorObliviousTransfer::next
I: DecryptChosenMessage::next
I: MonitorObliviousTransfer::next
I: ChooserDone::next
I: MonitorObliviousTransfer::next
I: MonitorObliviousTransfer::next
I: InitChooser::next
I: MonitorObliviousTransfer::next
I: RecvConstant::next
D: received message: 2c736ab99fe38469fc8193b75f845de40eb90b6daeb81fa9a8f4f70bc536ffd489fd0bcee4ce8119b0612f78b5bee9a87fbc2226eccbc8afac5948a56ba90125d5c056a4c5d68ce4cdfce0d57082e57a13d310882cd71fd4c8c1cf23d96e2b17
I: MonitorObliviousTransfer::next
I: GeneratePublicKey::next
D:  sending message (size 0.000192 MB)
I: MonitorObliviousTransfer::next
I: SendPublicKey::next
I: MonitorObliviousTransfer::next
I: RecvEncryptedMessages::next
I: MonitorObliviousTransfer::next
I: DecryptChosenMessage::next
I: MonitorObliviousTransfer::next
I: ChooserDone::next
I: MonitorObliviousTransfer::next
I: MonitorObliviousTransfer::next
I: InitChooser::next
I: MonitorObliviousTransfer::next
I: RecvConstant::next
D: received message: b9e41508125ad6d83e5ad85c5e1147c6cd3c31c2839c2e23a1374b24f128a2385eff6bf8122b13f0c725aac237260ff1215e29058773921ab55aee4b162d2fba37d3dc88031d18f4d3281b70080e82b56f9d8e5ce644f9fc9c1551ac3884db5d
I: MonitorObliviousTransfer::next
I: GeneratePublicKey::next
D:  sending message (size 0.000192 MB)
I: MonitorObliviousTransfer::next
I: SendPublicKey::next
I: MonitorObliviousTransfer::next
I: RecvEncryptedMessages::next
I: MonitorObliviousTransfer::next
I: DecryptChosenMessage::next
I: MonitorObliviousTransfer::next
I: ChooserDone::next
I: MonitorObliviousTransfer::next
I: MonitorObliviousTransfer::next
I: InitChooser::next
I: MonitorObliviousTransfer::next
I: RecvConstant::next
D: received message: cfca4a921ddbfe82cb9b4da07dc28694e38634356e7d385f090dc99fd1e74bfff86f05575d8f80ce2308922c8dd0115b195f9d622688af52080a80744b672ba4249b95c66979f4604755e7ce64413eab262a6d8c3349fc02954b63813605d490
I: MonitorObliviousTransfer::next
I: GeneratePublicKey::next
D:  sending message (size 0.000192 MB)
I: MonitorObliviousTransfer::next
I: SendPublicKey::next
I: MonitorObliviousTransfer::next
I: RecvEncryptedMessages::next
I: MonitorObliviousTransfer::next
I: DecryptChosenMessage::next
I: MonitorObliviousTransfer::next
I: ChooserDone::next
I: MonitorObliviousTransfer::next
I: MonitorObliviousTransfer::next
I: InitChooser::next
I: MonitorObliviousTransfer::next
I: RecvConstant::next
D: received message: 7d5614a9aa6d594029843bd641fbd16ebbf4217538e36b993d1d584d349caf8870089778c73bf5ef2da28af18125f710f1e6e572d1ef3e3790e657ad55d1ae9a5f5d0cd9ffe4d930125f84a95f40aa7d104f029bd3a3e634e8bb5c1d70becde3
I: MonitorObliviousTransfer::next
I: GeneratePublicKey::next
D:  sending message (size 0.000192 MB)
I: MonitorObliviousTransfer::next
I: SendPublicKey::next
I: MonitorObliviousTransfer::next
I: RecvEncryptedMessages::next
I: MonitorObliviousTransfer::next
I: DecryptChosenMessage::next
I: MonitorObliviousTransfer::next
I: ChooserDone::next
I: MonitorObliviousTransfer::next
I: MonitorObliviousTransfer::next
I: InitChooser::next
I: MonitorObliviousTransfer::next
I: RecvConstant::next
D: received message: b2bb774fe52639808328e8ad87ac18f588a547b27efb5ee262e87fdb434b370859b7b304b47334b3bf8f6559dc23e64ccbc3e203938e06492a0bf1b4939ec2e2efda045d1b7238048a7580f259bf083e2f36eda22e9c2d705f4d7b5fe2437336
I: MonitorObliviousTransfer::next
I: GeneratePublicKey::next
D:  sending message (size 0.000191 MB)
I: MonitorObliviousTransfer::next
I: SendPublicKey::next
I: MonitorObliviousTransfer::next
I: RecvEncryptedMessages::next
I: MonitorObliviousTransfer::next
I: DecryptChosenMessage::next
I: MonitorObliviousTransfer::next
I: ChooserDone::next
I: MonitorObliviousTransfer::next
I: MonitorObliviousTransfer::next
I: InitChooser::next
I: MonitorObliviousTransfer::next
I: RecvConstant::next
D: received message: bea974cce3004aa4ebc0e44920866b73f9f037d99df81d0d6bed9066275e2e62e34f166997c59698269b8ad4a39715ae2aa549f0eac27b0bda5393326dc91146d489f3664812f9d83b359acb0245ba22d2e5e15e90926c767f4cdc607fe4536a
I: MonitorObliviousTransfer::next
I: GeneratePublicKey::next
D:  sending message (size 0.000192 MB)
I: MonitorObliviousTransfer::next
I: SendPublicKey::next
I: MonitorObliviousTransfer::next
I: RecvEncryptedMessages::next
I: MonitorObliviousTransfer::next
I: DecryptChosenMessage::next
I: MonitorObliviousTransfer::next
I: ChooserDone::next
I: MonitorObliviousTransfer::next
I: MonitorObliviousTransfer::next
I: InitChooser::next
I: MonitorObliviousTransfer::next
I: RecvConstant::next
D: received message: 15e6092015670de625344a97ad848a5ac9442077c15f49c6523ec6c102e31b584b27b8c60ad3594ee0a087859ec7a1fe2d09664dbcb46cfc99c16c74de33d51374b335f154b4accfb7055cc86a5ca7f503060ace18cefd45de4809269caf65fd
I: MonitorObliviousTransfer::next
I: GeneratePublicKey::next
D:  sending message (size 0.000192 MB)
I: MonitorObliviousTransfer::next
I: SendPublicKey::next
I: MonitorObliviousTransfer::next
I: RecvEncryptedMessages::next
I: MonitorObliviousTransfer::next
I: DecryptChosenMessage::next
I: MonitorObliviousTransfer::next
I: ChooserDone::next
I: MonitorObliviousTransfer::next
I: MonitorObliviousTransfer::next
I: InitChooser::next
I: MonitorObliviousTransfer::next
I: RecvConstant::next
D: received message: 2d76c01003da7f9f025df4e16c155638511bcda3fa43ec2d98a70c2932a0617de54c7797f40fce138dc2cb57b6f9bc3c84c951cf36187fc4f47f370f6a1e55d6ad35542233469d933fd824615ab4615ec9b9e5b5bdcc0ebc40d6255abba90c7f
I: MonitorObliviousTransfer::next
I: GeneratePublicKey::next
D:  sending message (size 0.000192 MB)
I: MonitorObliviousTransfer::next
I: SendPublicKey::next
I: MonitorObliviousTransfer::next
I: RecvEncryptedMessages::next
I: MonitorObliviousTransfer::next
I: DecryptChosenMessage::next
I: MonitorObliviousTransfer::next
I: ChooserDone::next
I: MonitorObliviousTransfer::next
I: MonitorObliviousTransfer::next
I: InitChooser::next
I: MonitorObliviousTransfer::next
I: RecvConstant::next
D: received message: 73efdc127b003e9bae403aa8a033f263a6e6c6552ed531367e6bc3cfb0ff280436c16efc343ee4f4215001e0e6527d832c293b7e7e434f7ba81485ec22d07d85f8b7047b48914c20f45375071f128366559f474d6ac391eb0637a73581074c1f
I: MonitorObliviousTransfer::next
I: GeneratePublicKey::next
D:  sending message (size 0.000192 MB)
I: MonitorObliviousTransfer::next
I: SendPublicKey::next
I: MonitorObliviousTransfer::next
I: RecvEncryptedMessages::next
I: MonitorObliviousTransfer::next
I: DecryptChosenMessage::next
I: MonitorObliviousTransfer::next
I: ChooserDone::next
I: MonitorObliviousTransfer::next
I: MonitorObliviousTransfer::next
I: InitChooser::next
I: MonitorObliviousTransfer::next
I: RecvConstant::next
D: received message: 2ec3592ae31589c7e25247f3080fa741228d37d29b13dc3c65f516ce83855f479f32386fec02e7ff0328fbc1dd5e0ad125a655cb2b809ed71104e0d900ecd95feb8282cb27a88479d1e17c902ea2882d78ebedf32489fe8b0a0b6d77328bc685
I: MonitorObliviousTransfer::next
I: GeneratePublicKey::next
D:  sending message (size 0.000192 MB)
I: MonitorObliviousTransfer::next
I: SendPublicKey::next
I: MonitorObliviousTransfer::next
I: RecvEncryptedMessages::next
I: MonitorObliviousTransfer::next
I: DecryptChosenMessage::next
I: MonitorObliviousTransfer::next
I: ChooserDone::next
I: MonitorObliviousTransfer::next
I: MonitorObliviousTransfer::next
I: InitChooser::next
I: MonitorObliviousTransfer::next
I: RecvConstant::next
D: received message: 73b954de103a37359962b170e4b255d033bc0ed7ec155c20b34ba6ede6544040329397bb5b7fc032ccf6e48de5f92b9aabc7aa4eb762914f4db32ae0d1de740ad0efb417de2da5fb0d4a6eeb4bd79aa405d67e3b08b3fe654ad4aaf45ca1f1ee
I: MonitorObliviousTransfer::next
I: GeneratePublicKey::next
D:  sending message (size 0.000192 MB)
I: MonitorObliviousTransfer::next
I: SendPublicKey::next
I: MonitorObliviousTransfer::next
I: RecvEncryptedMessages::next
I: MonitorObliviousTransfer::next
I: DecryptChosenMessage::next
I: MonitorObliviousTransfer::next
I: ChooserDone::next
I: MonitorObliviousTransfer::next
I: MonitorObliviousTransfer::next
I: InitChooser::next
I: MonitorObliviousTransfer::next
I: RecvConstant::next
D: received message: 8d3840e255152e76ac3a51ff66e53bfa95cbdd113d43755eb960443003c0b1c587173495be5632f19d56703f6c21f558e253c0d3fa7340db5da17accf86614ce7528399f776dcbf96b5acef7af61931a6293d7e03beb74c1947493fcfddc28ca
I: MonitorObliviousTransfer::next
I: GeneratePublicKey::next
D:  sending message (size 0.000192 MB)
I: MonitorObliviousTransfer::next
I: SendPublicKey::next
I: MonitorObliviousTransfer::next
I: RecvEncryptedMessages::next
I: MonitorObliviousTransfer::next
I: DecryptChosenMessage::next
I: MonitorObliviousTransfer::next
I: ChooserDone::next
I: MonitorObliviousTransfer::next
I: MonitorObliviousTransfer::next
I: InitChooser::next
I: MonitorObliviousTransfer::next
I: RecvConstant::next
D: received message: 3723e1cbce6843ca463d4b9dd0192f8e0e5f716e7a4f795bcf87d7c4d4850e365f2d7e0b7a5b93a9dba1ad7fc2c2352aa88b1b00c129a28f2058384e877d1798253dd89b57b36afc9fb978a0e40df2f27c0f1620b6b5f3e55a8b49c7b250986d
I: MonitorObliviousTransfer::next
I: GeneratePublicKey::next
D:  sending message (size 0.000192 MB)
I: MonitorObliviousTransfer::next
I: SendPublicKey::next
I: MonitorObliviousTransfer::next
I: RecvEncryptedMessages::next
I: MonitorObliviousTransfer::next
I: DecryptChosenMessage::next
I: MonitorObliviousTransfer::next
I: ChooserDone::next
I: MonitorObliviousTransfer::next
I: MonitorObliviousTransfer::next
I: InitChooser::next
I: MonitorObliviousTransfer::next
I: RecvConstant::next
D: received message: d18f4a3cb459a89007ed180a1b45eabf757a679ef276aeb6746b255d69310e6d2693eccfe51703fae6fbcda7c992f69142f5291092b367d6271c070077cd0fd73d4e3cb51e158af7c6e44401059ea75997464b03dbf02fb40f92689b830b2454
I: MonitorObliviousTransfer::next
I: GeneratePublicKey::next
D:  sending message (size 0.000192 MB)
I: MonitorObliviousTransfer::next
I: SendPublicKey::next
I: MonitorObliviousTransfer::next
I: RecvEncryptedMessages::next
I: MonitorObliviousTransfer::next
I: DecryptChosenMessage::next
I: MonitorObliviousTransfer::next
I: ChooserDone::next
I: MonitorObliviousTransfer::next
I: MonitorObliviousTransfer::next
I: InitChooser::next
I: MonitorObliviousTransfer::next
I: RecvConstant::next
D: received message: 81a498c07e2e0dd0fb7e72141958520b49b765510cb90ad7751068534f885d49da5c8fc24089b9450ad1eef8add44861cc757029088c766f8213b98aa8f9759e74caed05d8b64dde3656ec64e6d6921367b3324f1e386110d4541f66f12a333d
I: MonitorObliviousTransfer::next
I: GeneratePublicKey::next
D:  sending message (size 0.000192 MB)
I: MonitorObliviousTransfer::next
I: SendPublicKey::next
I: MonitorObliviousTransfer::next
I: RecvEncryptedMessages::next
I: MonitorObliviousTransfer::next
I: DecryptChosenMessage::next
I: MonitorObliviousTransfer::next
I: ChooserDone::next
I: MonitorObliviousTransfer::next
I: MonitorObliviousTransfer::next
I: InitChooser::next
I: MonitorObliviousTransfer::next
I: RecvConstant::next
D: received message: e0a9038b51a0b3c88d7f79af4669eaae76e00fec90a9b7a63adc7fcc8ad9e66fc7bf4082380d0d7c8753fb6d04625a99a2386d97b93338e7ec1acf9ad2c766730d0f25e975fbff47116b332ed8555d609458aec670ff02d880777c7d7d4a35df
I: MonitorObliviousTransfer::next
I: GeneratePublicKey::next
D:  sending message (size 0.000192 MB)
I: MonitorObliviousTransfer::next
I: SendPublicKey::next
I: MonitorObliviousTransfer::next
I: RecvEncryptedMessages::next
I: MonitorObliviousTransfer::next
I: DecryptChosenMessage::next
I: MonitorObliviousTransfer::next
I: ChooserDone::next
I: MonitorObliviousTransfer::next
I: MonitorObliviousTransfer::next
I: InitChooser::next
I: MonitorObliviousTransfer::next
I: RecvConstant::next
D: received message: 40ebb21e4848d178182369908f7a8e8a3ebf502a4e778adc8520a8c5a950026b367b5c08f01e34b48f067f2a39305af8ee786b48a2385028af994a520ef19a5a9f1c9c42ed52d95f3c3d948cacc71f42a303d320c00b3cddc8e9f96e3b6adc24
I: MonitorObliviousTransfer::next
I: GeneratePublicKey::next
D:  sending message (size 0.000192 MB)
I: MonitorObliviousTransfer::next
I: SendPublicKey::next
I: MonitorObliviousTransfer::next
I: RecvEncryptedMessages::next
I: MonitorObliviousTransfer::next
I: DecryptChosenMessage::next
I: MonitorObliviousTransfer::next
I: ChooserDone::next
I: MonitorObliviousTransfer::next
I: MonitorObliviousTransfer::next
I: InitChooser::next
I: MonitorObliviousTransfer::next
I: RecvConstant::next
D: received message: 33d1351344aa418703433849ad6fc1f917e018c9d46296a0deeb3bc2e2ff5ac2089daac6a0495fd043192a8e8858a3b08048458637b43ff67095cbe9f5703ef8277a9041e11629f4c12e49ad7d69b2052c8fc2b2cabadcfb40658e19ea5d09be
I: MonitorObliviousTransfer::next
I: GeneratePublicKey::next
D:  sending message (size 0.000192 MB)
I: MonitorObliviousTransfer::next
I: SendPublicKey::next
I: MonitorObliviousTransfer::next
I: RecvEncryptedMessages::next
I: MonitorObliviousTransfer::next
I: DecryptChosenMessage::next
I: MonitorObliviousTransfer::next
I: ChooserDone::next
I: MonitorObliviousTransfer::next
I: MonitorObliviousTransfer::next
I: InitChooser::next
I: MonitorObliviousTransfer::next
I: RecvConstant::next
D: received message: d3153eca48d77dc4a78e944268263b3c6cb763bb1e6b9684abc6bb39b15f71ced0f7e5000a5dbad6a223a3bef6265b84cf01a3c13c279e6ed2d80edda6ac94802999fa263a56023686cd98c0cdd557de5f6e15b9ee9ae311755d5cbac52eaaf
I: MonitorObliviousTransfer::next
I: GeneratePublicKey::next
D:  sending message (size 0.000192 MB)
I: MonitorObliviousTransfer::next
I: SendPublicKey::next
I: MonitorObliviousTransfer::next
I: RecvEncryptedMessages::next
I: MonitorObliviousTransfer::next
I: DecryptChosenMessage::next
I: MonitorObliviousTransfer::next
I: ChooserDone::next
I: MonitorObliviousTransfer::next
I: MonitorObliviousTransfer::next
I: InitChooser::next
I: MonitorObliviousTransfer::next
I: RecvConstant::next
D: received message: ff04d04ff2484b06e233681d614bfadc0480d883a417186afbbaf03a745350898e0a164fd65ce452bd0a474534a4785c228a298fc7affc504cae7b6aa3bdc3d8198c3f2a83a236c5be54dcfd474f15cf0ebf280d2d5d74f3eeea377c6d923eaa
I: MonitorObliviousTransfer::next
I: GeneratePublicKey::next
D:  sending message (size 0.000192 MB)
I: MonitorObliviousTransfer::next
I: SendPublicKey::next
I: MonitorObliviousTransfer::next
I: RecvEncryptedMessages::next
I: MonitorObliviousTransfer::next
I: DecryptChosenMessage::next
I: MonitorObliviousTransfer::next
I: ChooserDone::next
I: MonitorObliviousTransfer::next
I: MonitorObliviousTransfer::next
I: InitChooser::next
I: MonitorObliviousTransfer::next
I: RecvConstant::next
D: received message: 15d4e712f9f90709edf699ac04fea04f43cafc46fe258e072884f4b8e7d898099d73d0f88a6bb67e4bca79a97ec9afb301bbeb718fb52b1c6aee745034fa3321c6e92b2c002be711a3eaf9fdb523295505fa9a75323470171285e384d1bb418
I: MonitorObliviousTransfer::next
I: GeneratePublicKey::next
D:  sending message (size 0.000192 MB)
I: MonitorObliviousTransfer::next
I: SendPublicKey::next
I: MonitorObliviousTransfer::next
I: RecvEncryptedMessages::next
I: MonitorObliviousTransfer::next
I: DecryptChosenMessage::next
I: MonitorObliviousTransfer::next
I: ChooserDone::next
I: MonitorObliviousTransfer::next
I: MonitorObliviousTransfer::next
I: InitChooser::next
I: MonitorObliviousTransfer::next
I: RecvConstant::next
D: received message: c9508041c54ef011f51be3978f0bff7cfc6b34b47eb94c0a30e73ecefe7fba10f4a1c2d19098311aaeed408ef6108ec35dd375e96d3993b61b6f89decac74aaf8b953a80d6159eb740d00e09d56b8f52c1ff8f5a02eaad998953b9ea3130c3fa
I: MonitorObliviousTransfer::next
I: GeneratePublicKey::next
D:  sending message (size 0.000192 MB)
I: MonitorObliviousTransfer::next
I: SendPublicKey::next
I: MonitorObliviousTransfer::next
I: RecvEncryptedMessages::next
I: MonitorObliviousTransfer::next
I: DecryptChosenMessage::next
I: MonitorObliviousTransfer::next
I: ChooserDone::next
I: MonitorObliviousTransfer::next
I: MonitorObliviousTransfer::next
I: InitChooser::next
I: MonitorObliviousTransfer::next
I: RecvConstant::next
D: received message: 1a143a6163977542c0eb76757b9253013225bc4d6eaaea183d143999ecd12a91e1112386110b87dc0b59f5b99836c332a49fbc6a77ff19f1663d2229adee7d4ab0979a8939b6fa41bfd951e32b22fd7c7cce2717f195df160415a8a141bfaa1c
I: MonitorObliviousTransfer::next
I: GeneratePublicKey::next
D:  sending message (size 0.000191 MB)
I: MonitorObliviousTransfer::next
I: SendPublicKey::next
I: MonitorObliviousTransfer::next
I: RecvEncryptedMessages::next
I: MonitorObliviousTransfer::next
I: DecryptChosenMessage::next
I: MonitorObliviousTransfer::next
I: ChooserDone::next
I: MonitorObliviousTransfer::next
I: MonitorObliviousTransfer::next
I: InitChooser::next
I: MonitorObliviousTransfer::next
I: RecvConstant::next
D: received message: 3e701489ed7e01710c69a91eaa47f14bba709b6655da922184620fc19a30984164ca58913e5941700530b0f32b8ed97ab309aa75869b7dd02d0246f112c633438db9d8fb8b1b473d4bb56f4909367ac220e98d81805d8667731bc1e9db5c9117
I: MonitorObliviousTransfer::next
I: GeneratePublicKey::next
D:  sending message (size 0.000192 MB)
I: MonitorObliviousTransfer::next
I: SendPublicKey::next
I: MonitorObliviousTransfer::next
I: RecvEncryptedMessages::next
I: MonitorObliviousTransfer::next
I: DecryptChosenMessage::next
I: MonitorObliviousTransfer::next
I: ChooserDone::next
I: MonitorObliviousTransfer::next
I: MonitorObliviousTransfer::next
I: InitChooser::next
I: MonitorObliviousTransfer::next
I: RecvConstant::next
D: received message: b752b533a67f1e500baca343cacbf3166d72dab890a92a5740bf2fc52b5ea333e449c41910273b48f7f66ecc85b73afc86e85846dd97abd91b978ff962edbbb1265ae31a6da7112fa600e70730a93b41f34d5a23f5163b9905b2aa427e4ac0ee
I: MonitorObliviousTransfer::next
I: GeneratePublicKey::next
D:  sending message (size 0.000192 MB)
I: MonitorObliviousTransfer::next
I: SendPublicKey::next
I: MonitorObliviousTransfer::next
I: RecvEncryptedMessages::next
I: MonitorObliviousTransfer::next
I: DecryptChosenMessage::next
I: MonitorObliviousTransfer::next
I: ChooserDone::next
I: MonitorObliviousTransfer::next
I: MonitorObliviousTransfer::next
I: InitChooser::next
I: MonitorObliviousTransfer::next
I: RecvConstant::next
D: received message: 8965f371057b03eedbf7730755efda3330b291901b07368e67e06c075f87dfa4cd64b5d3584f734ae3e0a5860ca917e8fdeec7cb2da61d9a49af0acaeab2839a74c1170b262b38f13a6fdbb01230eeeab7712cd57baf4bc9c2d77c938b479bb2
I: MonitorObliviousTransfer::next
I: GeneratePublicKey::next
D:  sending message (size 0.000192 MB)
I: MonitorObliviousTransfer::next
I: SendPublicKey::next
I: MonitorObliviousTransfer::next
I: RecvEncryptedMessages::next
I: MonitorObliviousTransfer::next
I: DecryptChosenMessage::next
I: MonitorObliviousTransfer::next
I: ChooserDone::next
I: MonitorObliviousTransfer::next
I: MonitorObliviousTransfer::next
I: InitChooser::next
I: MonitorObliviousTransfer::next
I: RecvConstant::next
D: received message: d4f71b99ef0d8c96204b4ae2e5916428270867b497ee575863d9d92a4c81565d259dbffb6f3b45df9b9a6e7368670d99355660efc8dca0fa0b4f027cb21ded981ddfefc55832881ae92b3f45917d84b8b1fb1b3a8a1b44d0963657be5053d25e
I: MonitorObliviousTransfer::next
I: GeneratePublicKey::next
D:  sending message (size 0.000192 MB)
I: MonitorObliviousTransfer::next
I: SendPublicKey::next
I: MonitorObliviousTransfer::next
I: RecvEncryptedMessages::next
I: MonitorObliviousTransfer::next
I: DecryptChosenMessage::next
I: MonitorObliviousTransfer::next
I: ChooserDone::next
I: MonitorObliviousTransfer::next
I: MonitorObliviousTransfer::next
I: InitChooser::next
I: MonitorObliviousTransfer::next
I: RecvConstant::next
D: received message: 4805e79e14e9d699182573c2e89e63ee00bf03334f096edb9a13ac7fd15f76cc01fcc7018a2e65e9e91f995af2841a146987c0bc9cb6b467c4d29b15b6aa2e9ed1ab3eb9bc95ce7a7976ba96e94e8a4b8df952c5604013094690136e6a10d388
I: MonitorObliviousTransfer::next
I: GeneratePublicKey::next
D:  sending message (size 0.000192 MB)
I: MonitorObliviousTransfer::next
I: SendPublicKey::next
I: MonitorObliviousTransfer::next
I: RecvEncryptedMessages::next
I: MonitorObliviousTransfer::next
I: DecryptChosenMessage::next
I: MonitorObliviousTransfer::next
I: ChooserDone::next
I: MonitorObliviousTransfer::next
I: MonitorObliviousTransfer::next
I: InitChooser::next
I: MonitorObliviousTransfer::next
I: RecvConstant::next
D: received message: 767f7d29747785d88f1a156ede118216a4cef55bda053d2092b6668d1254bc8273268202832213d02779436d18cfd2e0c00369aef13066e36da077688fb57345e2e7f858d32ae38a93f5269abf588a0d0c30b8b29f55e55b775c99fa61b4aa1a
I: MonitorObliviousTransfer::next
I: GeneratePublicKey::next
D:  sending message (size 0.000192 MB)
I: MonitorObliviousTransfer::next
I: SendPublicKey::next
I: MonitorObliviousTransfer::next
I: RecvEncryptedMessages::next
I: MonitorObliviousTransfer::next
I: DecryptChosenMessage::next
I: MonitorObliviousTransfer::next
I: ChooserDone::next
I: MonitorObliviousTransfer::next
I: MonitorObliviousTransfer::next
I: InitChooser::next
I: MonitorObliviousTransfer::next
I: RecvConstant::next
D: received message: 93c6821403614652971acbbb537441cebe22ead6e69d08cb234d640875def43f6af0296567062e707a39537997cbfe4b35856b38d148e4171c8e589a56db25f28c7ad0a5f431a7b5db39af9a39a254bcdca7f5b46b88489d420523e863754397
I: MonitorObliviousTransfer::next
I: GeneratePublicKey::next
D:  sending message (size 0.000192 MB)
I: MonitorObliviousTransfer::next
I: SendPublicKey::next
I: MonitorObliviousTransfer::next
I: RecvEncryptedMessages::next
I: MonitorObliviousTransfer::next
I: DecryptChosenMessage::next
I: MonitorObliviousTransfer::next
I: ChooserDone::next
I: MonitorObliviousTransfer::next
I: MonitorObliviousTransfer::next
I: InitChooser::next
I: MonitorObliviousTransfer::next
I: RecvConstant::next
D: received message: 1e7ba7593f9fc1ba873db55e8baf60b3141d0550b44e36acff31335a34bdb89aa18f0d4c00b40464897daaa8cc0c6ad55b32a8956f88dec4edfbfd706c5d909482a8648d3f8cb8a9a8db2ace77fd47318e9bed8d566dcfc5230c4a95096fdd9
I: MonitorObliviousTransfer::next
I: GeneratePublicKey::next
D:  sending message (size 0.000192 MB)
I: MonitorObliviousTransfer::next
I: SendPublicKey::next
I: MonitorObliviousTransfer::next
I: RecvEncryptedMessages::next
I: MonitorObliviousTransfer::next
I: DecryptChosenMessage::next
I: MonitorObliviousTransfer::next
I: ChooserDone::next
I: MonitorObliviousTransfer::next
I: MonitorObliviousTransfer::next
I: InitChooser::next
I: MonitorObliviousTransfer::next
I: RecvConstant::next
D: received message: b8df1c245be123adc38d6b1327f970630721aefbb6c75e5cdf9142de644fcc3fbf90d739a0e0ca1df0873818af1bedbc134d658ba269862afbc1ef4ce4ccc2cdd482bceb78fa9bdb4acdc047a9062b4fd68d86c6e0efcdffd4731fe2fdd9ce8e
I: MonitorObliviousTransfer::next
I: GeneratePublicKey::next
D:  sending message (size 0.000192 MB)
I: MonitorObliviousTransfer::next
I: SendPublicKey::next
I: MonitorObliviousTransfer::next
I: RecvEncryptedMessages::next
I: MonitorObliviousTransfer::next
I: DecryptChosenMessage::next
I: MonitorObliviousTransfer::next
I: ChooserDone::next
I: MonitorObliviousTransfer::next
I: MonitorObliviousTransfer::next
I: InitChooser::next
I: MonitorObliviousTransfer::next
I: RecvConstant::next
D: received message: bd54af7c80a7ef2a7460d69edc849b3a9d34f80c93308e68e5d22eecebe746d18f62e51b2bdd015a51bb7c9f61cf076f5cb1b5be783709e3f29eb5c9b0bc225fe6cf7e4300c299c9a56c6c04ca86038157e43d39992df9003323cbe12b4a05d7
I: MonitorObliviousTransfer::next
I: GeneratePublicKey::next
D:  sending message (size 0.000192 MB)
I: MonitorObliviousTransfer::next
I: SendPublicKey::next
I: MonitorObliviousTransfer::next
I: RecvEncryptedMessages::next
I: MonitorObliviousTransfer::next
I: DecryptChosenMessage::next
I: MonitorObliviousTransfer::next
I: ChooserDone::next
I: MonitorObliviousTransfer::next
I: MonitorObliviousTransfer::next
I: InitChooser::next
I: MonitorObliviousTransfer::next
I: RecvConstant::next
D: received message: 6dc1340a6603458484a7e2f3db6ea736f6c17bb025289f73bcdb4dd2286e3701ed9a32a54ab954b6e1c6a47606ced0c8a9f027096a0e03f8c85df55f46aa24042332c81e3695a0a7f2645158e320c2ffb3e8df395a6bce1f5b9a032e9fbd15d8
I: MonitorObliviousTransfer::next
I: GeneratePublicKey::next
D:  sending message (size 0.000192 MB)
I: MonitorObliviousTransfer::next
I: SendPublicKey::next
I: MonitorObliviousTransfer::next
I: RecvEncryptedMessages::next
I: MonitorObliviousTransfer::next
I: DecryptChosenMessage::next
I: MonitorObliviousTransfer::next
I: ChooserDone::next
I: MonitorObliviousTransfer::next
I: MonitorObliviousTransfer::next
I: InitChooser::next
I: MonitorObliviousTransfer::next
I: RecvConstant::next
D: received message: b2d9bded4f049d244b9387dcb15ba40aefe7d97731e365acda5fc505bc5cb3d856ce1fd8669ac2f7172f449342d6f4277e2a40516adbbfccee002712e138d40870c072d5ee5d1ebbf88ed96ebd7556d84e4606d7635535acd5ee2752c19dd646
I: MonitorObliviousTransfer::next
I: GeneratePublicKey::next
D:  sending message (size 0.000192 MB)
I: MonitorObliviousTransfer::next
I: SendPublicKey::next
I: MonitorObliviousTransfer::next
I: RecvEncryptedMessages::next
I: MonitorObliviousTransfer::next
I: DecryptChosenMessage::next
I: MonitorObliviousTransfer::next
I: ChooserDone::next
I: MonitorObliviousTransfer::next
I: MonitorObliviousTransfer::next
I: InitChooser::next
I: MonitorObliviousTransfer::next
I: RecvConstant::next
D: received message: b5a69e27163a9ba57b62914eeaba2a190d2cb417f56190c23a0fa5044314614f771a218e302f34c874e967702c2bc09c22704bb5bae451794da1799509a770a7211c112457f0092db01878ca6eddd3ff2969233520434d8620a41e21362573bf
I: MonitorObliviousTransfer::next
I: GeneratePublicKey::next
D:  sending message (size 0.000192 MB)
I: MonitorObliviousTransfer::next
I: SendPublicKey::next
I: MonitorObliviousTransfer::next
I: RecvEncryptedMessages::next
I: MonitorObliviousTransfer::next
I: DecryptChosenMessage::next
I: MonitorObliviousTransfer::next
I: ChooserDone::next
I: MonitorObliviousTransfer::next
I: MonitorObliviousTransfer::next
I: EvaluateCircuit::next
D:   evaluating gate 10000
D:   evaluating gate 20000
D:   evaluating gate 30000
D:   evaluating gate 40000
D:  sending message (size 0.000001 MB)
I: SendOutputBit::next
I: ==== round duration: 14298.912109 ms ====
I: CopyMonitorStateLabels::next
I: RecvGarbledGates::next
I: RecvSystemInputLabels::next
I: RecvFlagBitLabels::next
I: EvaluateCircuit::next
D:   evaluating gate 10000
D:   evaluating gate 20000
D:   evaluating gate 30000
D:   evaluating gate 40000
D:  sending message (size 0.000001 MB)
I: SendOutputBit::next
I: ==== round duration: 14248.611328 ms ====
I: FaultObserved::next
I: MonitorDone::next
