I: parsing spec file timekeeper+.v...
skipping synthesis, BLIF file already exists.
I: parsing BLIF file synth.blif...
D: inputs and outputs parsed.
D: circuit initialized.
D: connections (#370) parsed.
D: gates (#3373) parsed.
D: outputs: 4622 4625 4628 4631 4634 4637 4640 4643 4646 4649 4652 4655 4658 4661 4664 4673 4620 
D: circuit size: 4674
D: adding identity gates for outputs...
D: outputs after identity: 4691 4692 4693 4694 4695 4696 4697 4698 4699 4700 4701 4702 4703 4704 4705 4706 4707 
D: circuit size after identity: 4708
I: initializing safe primes...
I: using prime modulus 5809605995369958062791915965639201402176612226902900533702900882779736177890990861472094774477339581147373410185646378328043729800750470098210924487866935059164371588168047540943981644516632755067501626434556398193186628990071248660819361205119793693985433297036118232914410171876807536457391277857011849897410207519105333355801121109356897459426271845471397952675959440793493071628394122780510124618488232602464649876850458861245784240929258426287699705312584509625419513463605155428017165714465363094021609290561084025893662561222573202082865797821865270991145082200656978177192827024538990239969175546190770645685893438011714430426409338676314743571154537142031573004276428701433036381801705308659830751190352946025482059931306571004727362479688415574702596946457770284148435989129632853918392117997472632693078113129886487399347796982772784615865232621289656944284216824611318709764535152507354116344703769998514148343807
D:  sending message (size 0.000004 MB)
I: InitMonitor::next
I: GenerateDriverLabels::next
D:   driver labels generated in 33679.773438 ms
I: GenerateInWireKeys::next
D:   in-wire keys generated in 1763.779785 ms
D: SendLabels::message
D:   generating in-wire labels for 3412 gates
D:   in-wire labels generated in 45477.097656 ms
D:  gateCount: 3412
D:  sending message (size 8.866568 MB)
I: SendLabels::next
I: RecvGarbledGates::next
I: RecvSystemInputLabels::next
I: RecvFlagBitLabels::next
I: MonitorObliviousTransfer::next
I: InitChooser::next
I: MonitorObliviousTransfer::next
I: RecvConstant::next
D: received message: f7b7ef29b5596122cdb9aff5bc60b61c77f94fdd282f806d06cf2467b0d139ea7f204edaffecb3062f25e1cda71047e4cd894922acf8b4fbf9853b81eba1516e0208a8baa03a6c7d14c4df7c92ff78c48846eb03c60bca78021f1000486ba020a6ea9074a201f1c94ff14677d7418f64037946abc2b2083b8edf2cd431b1845305d7006668960125df7075e0cb17b6e6c18018360ca70473500093c3edb3f3ac294f63030403577bd050d77473d05cd687bc42c32fd8a6abcdd218a708ef20cde9fb9e7c99bc552577b8d3d2dc6e3897f970b2dff23a18de04f400011b55d24d352bce677009b52b3d46430d9e2d5fd0de3bef8e446602d6af637e9eccc6f6e551b69ddaaf88ad47f2872c8c78caa8be640cada1babf2e03b495877c34b7d776c755c6c6806c3d3692b88fe2b94415fbd389d8917471d1a726fe7021a4c19f933d380386ea4392957f68e8ecf4b97a8aa93156dfaa66bcdbffd57c5b645c42a83803f60017946475d2fbbbab18d0f4d9efdd55e4f10abc3fca1f235f715070c8
I: MonitorObliviousTransfer::next
I: GeneratePublicKey::next
D:  sending message (size 0.000768 MB)
I: MonitorObliviousTransfer::next
I: SendPublicKey::next
I: MonitorObliviousTransfer::next
I: RecvEncryptedMessages::next
I: MonitorObliviousTransfer::next
I: DecryptChosenMessage::next
I: MonitorObliviousTransfer::next
I: ChooserDone::next
I: MonitorObliviousTransfer::next
I: MonitorObliviousTransfer::next
I: InitChooser::next
I: MonitorObliviousTransfer::next
I: RecvConstant::next
D: received message: 7a71e2275ed12db678358b374d4916dc8d799a4f220abfb962978866c0b345ccbb1cf3689ef66a0733d8089dcaf69c5603ac8b5f1918ff4e2f1b4c96b5a1c1477056aeee666419f8a9f59113c9022aa3f8610fded5915042e9bae237a92076454fffa8f1962fa2b4402d57d8a188f829bf5472f8e7996c1f1206467f0cc4fe5f6736e9af8c2d0370f0bd0ef3622cb5191ffdb43bb724c73a5840e149d62e7522697a0e60e3517d863ecbd686a1d98958b3d5db1a7e590b6008047b6c47adc05e589fb23f13f9493d90f6139e055a2fe1a9e74e0e3afba5821c3761842e517cf49451bdac855fe74be8fb60da800a195378b31e8c2d0540b685e954aaf66a1ba992498cb2232e9ca00f72b8c9afde471a8f70fd9a4938056ab3fef3ea5aaba2ad1f27d9f87095743730906dbcc154d3575b056f078dedc9997e111785fbaee2a06eadc236113e9a6be386470f7585b00a3185c3de606eb889056e1ab4f23021dd7e5e58b751ed01936ca99dc4a6dafe0b003870511e1b9be4a188aa6948fa61e2
I: MonitorObliviousTransfer::next
I: GeneratePublicKey::next
D:  sending message (size 0.000768 MB)
I: MonitorObliviousTransfer::next
I: SendPublicKey::next
I: MonitorObliviousTransfer::next
I: RecvEncryptedMessages::next
I: MonitorObliviousTransfer::next
I: DecryptChosenMessage::next
I: MonitorObliviousTransfer::next
I: ChooserDone::next
I: MonitorObliviousTransfer::next
I: MonitorObliviousTransfer::next
I: InitChooser::next
I: MonitorObliviousTransfer::next
I: RecvConstant::next
D: received message: 460c700902cb29f4fd076aad62558bbc12360d7a2dafa64e19260857bcf56f6d3ca7465c7ac68da7dfaaf644e9cc3c46cfe0798070911bc8a1d430c1e6585d2cc18d0f08125fc02f237c857e9f5bd9d71ce653cb8e269a08b14af2cf610c4ebb3d2f31779cb961c8e49e68660371aba03b71092c6c1c47a176a40e92b45bcaa1f650d526ec8c6adf74b0cf88048479ca46436db5ba329e2b61d710ef7d22d6c0b597fb124cf2008e1a9ce2967df027a771c908dd2dba4ea72514918bc951b5dbfbb6b536cd9688ae41ce802e22439a13aadbd73b65a913586ca8312df4915e43846c31e19f5a9c00e4109a8add10ca7bea9e7d0b672a38e41696d0262132a2fbfeceb85887de4ccb33f79fc054f89a6f9fe5ed9e42d4a453c5f8d97a8fcd43a7eeea50e40eabe56a8616a74b64d8e1f046c0e1f114ca1606bb036d18e5b4da2e5dc3600e51bb4cc69b053148b57e1217af20c9291423c630b51c3afa4f7f42de84a6db91eb632a12138593c2628b98e1527f97387fb01d39c54b1a1dfe8081cc
I: MonitorObliviousTransfer::next
I: GeneratePublicKey::next
D:  sending message (size 0.000768 MB)
I: MonitorObliviousTransfer::next
I: SendPublicKey::next
I: MonitorObliviousTransfer::next
I: RecvEncryptedMessages::next
I: MonitorObliviousTransfer::next
I: DecryptChosenMessage::next
I: MonitorObliviousTransfer::next
I: ChooserDone::next
I: MonitorObliviousTransfer::next
I: MonitorObliviousTransfer::next
I: InitChooser::next
I: MonitorObliviousTransfer::next
I: RecvConstant::next
D: received message: 14ddda977247b7465fa2a72007c042405437720113a66eb395762b36627a6433296f2d5ff2c51ccdad8b32ad079541260cec5ad1b181ca2c43443cdb183f4e690510db32c1b02d66aaeeb2c0b872cadb6c17f149cb13c4a8b54ae2a69f11175b8a84ddf09eafa087a3a38949c69df62799b4eeedfb95aff5d9e2e85226a90c82d2f53e98bbe599a6d87977692827124356f1c641792c0463852256a1fa094c0ff428cd0658e359763f89a185c8c0a88578c0e8ae1018a8eb743168dcdda662f7188bc7f11e80259fd5013a670dcfdeb9d707073a985fbf92f6f1869b87a4038c271e24ca52d7e685aece0432709c21f7ab24650380fbc7e188f910bca159037e940300c76d2c6cdbb03d27bc1d73cfcf09b9af2f3db6cefe0446615a0aeaa5264a9e3366fa817f17ddec0d4e041ab8bea1b217731ba0697320926731d2371d952d6967ddf7aaba24ccff58029ec0b97d01acf939851de3e0109f5d00447f45525462b8e7848a3bff66ffe1e0adb062e10aa30c6e8ce2333fcd2b477264e43e07
I: MonitorObliviousTransfer::next
I: GeneratePublicKey::next
D:  sending message (size 0.000768 MB)
I: MonitorObliviousTransfer::next
I: SendPublicKey::next
I: MonitorObliviousTransfer::next
I: RecvEncryptedMessages::next
I: MonitorObliviousTransfer::next
I: DecryptChosenMessage::next
I: MonitorObliviousTransfer::next
I: ChooserDone::next
I: MonitorObliviousTransfer::next
I: MonitorObliviousTransfer::next
I: InitChooser::next
I: MonitorObliviousTransfer::next
I: RecvConstant::next
D: received message: c42d120684f0cf73491db5a3569802f0bb5610ff030d6d093514119d015ebc52643dd237f2ff6a78a6d5f68a94c8706084e26018288407b0c8047fa3e684273ce5313829cf3543db20200fd872669f3a9a19b6ade893df95e94a961e9b164b86197493f06c62f0c7231201f7648d49b8072ed587154f3582dfcc1910db5bd343a334c5bcc38572f5b4bab614baf80062dba53f72d6b590b98ea4bbce8abc521185f05ed6b6273ae98e462819bc9febdc35fe9923c5191208fd62b9de79f8358eef6f564842bad2b9e8d92a09ea1bfcfe9fe64343ba69b204c717eb7783a668d25da1dba89a78475aa96fa1cfcf52659867ed809083f6c896fce0baa83db9c992eaf52d7d668a4100ea92069c17b5e2f66b87108b60ee5d7cbfb9025017fd916451693c7305098abbbed9c331e06dbb859a9e74305adf627163116f1670b773d743822b6ec28a5ca827ef1faf5b490a67269e3daf14dbd84274418ae1db5c9a5f9bf2e81ef23b0535941c2e1566b2aba95fd4467394bb13183a851f569edabe54
I: MonitorObliviousTransfer::next
I: GeneratePublicKey::next
D:  sending message (size 0.000768 MB)
I: MonitorObliviousTransfer::next
I: SendPublicKey::next
I: MonitorObliviousTransfer::next
I: RecvEncryptedMessages::next
I: MonitorObliviousTransfer::next
I: DecryptChosenMessage::next
I: MonitorObliviousTransfer::next
I: ChooserDone::next
I: MonitorObliviousTransfer::next
I: MonitorObliviousTransfer::next
I: InitChooser::next
I: MonitorObliviousTransfer::next
I: RecvConstant::next
D: received message: 66b096a192d382ca156e91ba241e40de4e20d59979bffb1226dc7538641bbae34e71da7e5319556f6a0745c313dc5b9d92ed9f670decf36b1d88f357e5109e036087813da0a18d539b2c7dca759747c3c316fd15c7511cf93e705596ed5ee4a872043ca1eae882322394c0361df057a523d485407200ec577d2bb1c2e9710dfbc1f684ff374e2fb822ebc4f8ce620575ec238c69887f756d1540c84918af62d9d1e169de2688192b642516b9f0b656bb73165aa24c22f3a675ba936dd1886191390e88cf0892bc0684713821bf268ee5bf90c4d6a463ab889c26b148bbfffd8378674ca2d50f21579e8c549455f57da9703988106fa23edcaaaba8fa0aca598eb3e8de1fea8472cf4d06d55d4c9e22255ff0598b4d5cca175f14fac8fc84d9cc3c3577c669104ae3a44964c2a534ce802590e19166e95e632bd9996623676000b225fc455d55ca643db4bd3d6f4717dafe04e38801da21f037fcc103a23e91cabe7aaed126003de077d5b860a56fcbba07c1888bedf30eb287d44ebcbc6ae176
I: MonitorObliviousTransfer::next
I: GeneratePublicKey::next
D:  sending message (size 0.000768 MB)
I: MonitorObliviousTransfer::next
I: SendPublicKey::next
I: MonitorObliviousTransfer::next
I: RecvEncryptedMessages::next
I: MonitorObliviousTransfer::next
I: DecryptChosenMessage::next
I: MonitorObliviousTransfer::next
I: ChooserDone::next
I: MonitorObliviousTransfer::next
I: MonitorObliviousTransfer::next
I: InitChooser::next
I: MonitorObliviousTransfer::next
I: RecvConstant::next
D: received message: 864cfd52a5c0534186fdb3fa2b65960a8615091d16234ddff8246ca5478ca88cef6b3153205f4843e0c3fd513f73c5c696e256ac6d2476661b0ddda26a7f8ecfd1d0706b48bf196d2f767686160ba066e31a415af688ce29e899b55142852bcf09bdf2f3ea8412453cd673da39a9936330f85d2dda6d58a520d5b6d5b790ba88eadbc6cce6bf0c8ffc7e7d597f8bf577466481f82be2b7b4625970a089e39fe68ee5954d97d882e8d9033cda69f9004950e7a06fc8e7bbbd44de0dd720ab63ada53d45a7465ec3097893b7d50999016b96bb26ffd79ba7f59d616d66836d815d17f680aee8d57faa2493ff951a31b0a24aee9c9d3f668713bfe19c3c75f2407ab0bcf41e1033e62b8b50d564427fcb990a476b6c62f7fb48525897a3a6a64d53cfc7799c191f7c3c1ef4cfcb9debc844e329e47488996700c6c0ac2b533c7ad0fdbcfa9ff2da66467e4fda433085471558906300641dd7ec6f19eb2277bc46be516d53065dd7920e6caaea5eb56074b552e9a4b338ce01fc38cfc79b6a50d02c
I: MonitorObliviousTransfer::next
I: GeneratePublicKey::next
D:  sending message (size 0.000768 MB)
I: MonitorObliviousTransfer::next
I: SendPublicKey::next
I: MonitorObliviousTransfer::next
I: RecvEncryptedMessages::next
I: MonitorObliviousTransfer::next
I: DecryptChosenMessage::next
I: MonitorObliviousTransfer::next
I: ChooserDone::next
I: MonitorObliviousTransfer::next
I: MonitorObliviousTransfer::next
I: InitChooser::next
I: MonitorObliviousTransfer::next
I: RecvConstant::next
D: received message: 3bbd147ae282654e0b295dad05e2adb63712c146aec4e2b51ddaab97090790f6c4ef1432da62a5e23a380f5f0aa424714bcee13bb60ccb1beba3b40bae0ffd73564a2d48bae1104fa9d28134952a43c17c18d57fb44dc102a2991312a116a4826630662711aef0b0a347c2889af992025dc26d58940069a90bccc19aeaddffbd2e0ee6629a81eaf1e0e7c52c7271e43bd7c619bc5b5b85b01d6e23ae9c112c9a649e85736a2516cafabd92112a81f8e4bc01ad05c511bb84e14d600b2997392f9d092c11867187b9735a09524d3f370a8c7fa58535cc36a8c8f591814cd298ce7e03f8cfb14c72be0cbb4c54110f75732e498f15fc9c6942f268816ea66a4927a1a9240321eca890006a3fcc14d5c8a96107dd89dc4c5e568d02a6512d384f2c59f308edc5c9407784a2ee653e99d9e62cfe22e8e738ef39b04bd24515a41c07abc30b52d779c9723807476681cbcc1aeb32dfa1b7031abde49db2df9ff734dff7422da2982d9468f84156349b1398aa42169c4cb3ed5f44152dbdf1a47ebeed
I: MonitorObliviousTransfer::next
I: GeneratePublicKey::next
D:  sending message (size 0.000768 MB)
I: MonitorObliviousTransfer::next
I: SendPublicKey::next
I: MonitorObliviousTransfer::next
I: RecvEncryptedMessages::next
I: MonitorObliviousTransfer::next
I: DecryptChosenMessage::next
I: MonitorObliviousTransfer::next
I: ChooserDone::next
I: MonitorObliviousTransfer::next
I: MonitorObliviousTransfer::next
I: InitChooser::next
I: MonitorObliviousTransfer::next
I: RecvConstant::next
D: received message: b7dc8c643cb4f3438e5a21b55536bfe7c489e5ad4f4a7011d02857240a89e139457e2baf69404bee4acf2a7cb4bf96e94a62a865d1b2f92aba5e69db7f36bd14bebaf37bc08f16117ac24df2a1f3bd176d26712f6c1b2ce9782c894490029a2c92e9f9400327ee6a5ab167cf1862fc3d125ec46375cc80442ed39b01ee6abc6e8873ecc961c465f9b9b19f75ac54fe34662f30e7e891199284937a31235e5bd1a3482d6de895213555fb40ba27a82a5b5c58813085bdb7b7148b2b31d37e487b4dc13330e9675538fbfdefe2399155d41f28f3123e47319b82e953c4420daf25a6b402b18754733538660cf0e9e68cd0c0d95ce31f2d7a4206c278878f032def452a7351219540765dcfd0a798d984022de4339f9427a2a7dcca8eb750ed59119c0958562c885873adca42c92de3a10f9ee5fa9396c9b0c20e4530ee98ebab24eac34f5147d6ee2efaa61033f846ca52dfdce0864a33d8d66fac956f45a1784c3547790f8c584b006588b3aabc33d955f100e4686d6ea895f067036028debf4c
I: MonitorObliviousTransfer::next
I: GeneratePublicKey::next
D:  sending message (size 0.000768 MB)
I: MonitorObliviousTransfer::next
I: SendPublicKey::next
I: MonitorObliviousTransfer::next
I: RecvEncryptedMessages::next
I: MonitorObliviousTransfer::next
I: DecryptChosenMessage::next
I: MonitorObliviousTransfer::next
I: ChooserDone::next
I: MonitorObliviousTransfer::next
I: MonitorObliviousTransfer::next
I: InitChooser::next
I: MonitorObliviousTransfer::next
I: RecvConstant::next
D: received message: b82013ae53602234d01fd90bc64fb34ad84237ff3082354c300ffb6b46caadf0ca3eda5429ba894b72dfa3386a8be33b466673981c0d3a503c739e8e2e955a2e2f2181497df128d7aa8caf7bff1aca62d42cea03b600fbf91835cc0f55394a856674895e7b276e9764f0ac03015b493df1bad267f2a1ef69a6b622d492d06de917a6acad2b699dc978a410ff784d0d2fef83e11fe3f155510d8b496eddbb6174d4d71096e1832695d68009d1b8bc107fd1b35748889501aca5d3c0c2f4c725fb42eb36a0b4f1a7984003be127ca450587b449ada671b1d63aea2183f0f3b13d0feadb4757e7599feb97945d959a313ecdbfdeb03af91f227a99649ce875c1ee79234a57f79369f02a4c3819f6c4ff8c69d874c9686896bbee233687abe227c0665da2fcd888f97a3c6226a7c7a165b0546765a9396bd09eba8304343515c402ba1762edb4abb687f370665072175a81265947345006a2469d852c3c12356629c122017adb63992cdaaec5809f0e2bf24c21df64e2b3212682868a75c7eaa1d78
I: MonitorObliviousTransfer::next
I: GeneratePublicKey::next
D:  sending message (size 0.000768 MB)
I: MonitorObliviousTransfer::next
I: SendPublicKey::next
I: MonitorObliviousTransfer::next
I: RecvEncryptedMessages::next
I: MonitorObliviousTransfer::next
I: DecryptChosenMessage::next
I: MonitorObliviousTransfer::next
I: ChooserDone::next
I: MonitorObliviousTransfer::next
I: MonitorObliviousTransfer::next
I: InitChooser::next
I: MonitorObliviousTransfer::next
I: RecvConstant::next
D: received message: 2f6859e703a9ac51537959787d895257876fee805b8abf102c56b9f24fe0295e06f6ab30a28bafd423d0b2f27abaa24fdcebac8345b27b750bb4c502916feed25399411d7f825e87a8941232423c116f04a410c0deb70ca2388d81cc71b67f59dc20467d5812106fa21bcb2dce2390331d889093dbf518ecab2523e575f66e68fc5829e9ac21775a8603db0d03b1cd24a3b2e3d61b625a3b6063191cc5d83df46146f3a8e45a873042090be594322b5c9472d03a671eb78b71ba6e634186aa9d7a0991018534490866bd01003b13f2ada209c5bb55bcf8f232808f392d0e1e5aa25fa076ed8e3a2e715af31f58137812d901914bc3b69f3aa3f2ed9642788ed3f2863405ee5fec02f911e6399e3b56d51c63e3d2717fb7917753168a6f1c024cd0b494e057009fd5cdc1817c089dc803c0636de79d5bf5f602b763627b41086972f30f076cde9dcc420d9c166c2009a6b938803163d0004a254c2393198d6b1e5830dc7fbd19b8cb1c82133d8fd19d87b3da91b974d414017b8835c03db1b7d3
I: MonitorObliviousTransfer::next
I: GeneratePublicKey::next
D:  sending message (size 0.000768 MB)
I: MonitorObliviousTransfer::next
I: SendPublicKey::next
I: MonitorObliviousTransfer::next
I: RecvEncryptedMessages::next
I: MonitorObliviousTransfer::next
I: DecryptChosenMessage::next
I: MonitorObliviousTransfer::next
I: ChooserDone::next
I: MonitorObliviousTransfer::next
I: MonitorObliviousTransfer::next
I: InitChooser::next
I: MonitorObliviousTransfer::next
I: RecvConstant::next
D: received message: a3750aa06faa740ace30f1401e8ca3092fc791173e11d38be8a29c890970e647659944f7661f3e0bb5e094cc1ba2dcf07046e724ea613fabc855aea02db7f1b0cc3b597bd59b1c59cd9871c938ca89a8c0a7d4984a0c38305e20da67580818858849f65990fcb88400bc25a7ef3dc0c9f5a11c9ee2ca29b65d381fb862e8ea598730bec742bd0f79c7431eed5be83d8d53657e6ed414007572aa1b172ca61ae720faf4314d716bf771401250319a1d0ef1d8ec2653c84ef5fd4d5fbfe72599f7f92dbdc7453304e557babca41a2b0df97ad6eedd966bf229ccaf323f683127e4da23055dd0fa45c5ac70c4300a78a21566c82c69071fec001e284cbca05805199f4d1f2b436378513ae12b946b20698a240b41237d306552f326434926382f92c7eb597caec8bfdc6b14c3f76bba466502944048eb9f2739d7609215ae3507e7e45a75bf4522249ab7fdb2094ce74462a1cbc8a4a7ca40392cd1f00751d2502a8ea71159367e114ea71debd0e613b51d3bc85cfdcd5fbcf44834bc65abb73733
I: MonitorObliviousTransfer::next
I: GeneratePublicKey::next
D:  sending message (size 0.000768 MB)
I: MonitorObliviousTransfer::next
I: SendPublicKey::next
I: MonitorObliviousTransfer::next
I: RecvEncryptedMessages::next
I: MonitorObliviousTransfer::next
I: DecryptChosenMessage::next
I: MonitorObliviousTransfer::next
I: ChooserDone::next
I: MonitorObliviousTransfer::next
I: MonitorObliviousTransfer::next
I: InitChooser::next
I: MonitorObliviousTransfer::next
I: RecvConstant::next
D: received message: 5f6368f48e7dbebb05ab1ce87c993191b1af7ed44a312e1cb469b11d0c8fccbde88e727a7f073580fd87d903c07115453813999b63185de3575106295f23a9396c9cc110f291338a2e6bd4d558d2791d31af16630a88347493767d32a376360f59840af733c33ff2f7722dac7020d885c4baded018f80c36529a8e35f38c6392f2db8e08891638b7dd6237afaff30095c15a455737b5a036efac26f73c3147bedd6452cf0698d2e14f51d7ef9f5384a3fe414bf31436907950019e6c4a300f0e1370295948ec783c7e2956cfe5981a1dda87b110f1e0939142d6f4845f92f1b3e197a9709afc7c7327855e2ce99426b22f94fdff95357c2d832fcb0ba65cca3b2c59b2a2a9ccdc55c2ff8e7e3637514b06bd9e5e658cbd41d8471a2a5300eef85e733f82c71d6c05f299257b71cbc4777d4ff2241f4f5291628ad97f418ca171967a2715b4e0822554f9905bdfff2d78df5d80f01834cc8e0fbba92b9f4a41eec930385e74f9fd575a022a52e58be66a6b8235ebf54d3a14d83ffbfcb7883daf
I: MonitorObliviousTransfer::next
I: GeneratePublicKey::next
D:  sending message (size 0.000768 MB)
I: MonitorObliviousTransfer::next
I: SendPublicKey::next
I: MonitorObliviousTransfer::next
I: RecvEncryptedMessages::next
I: MonitorObliviousTransfer::next
I: DecryptChosenMessage::next
I: MonitorObliviousTransfer::next
I: ChooserDone::next
I: MonitorObliviousTransfer::next
I: MonitorObliviousTransfer::next
I: InitChooser::next
I: MonitorObliviousTransfer::next
I: RecvConstant::next
D: received message: e5315b575d7f61cba9948849e5bff58b5be11bf11337981bbd1b84d8ba80694090d8c2751cc00f8eb5d188a4e3e926607919fba85c3a259ebb5c79425b852f2db581b852a2e41a41b3856f371d64e0555c0577d5a69013ee1bdd2af7aaced85a192ba49bfa3b2df438faac2d01ce850625f0a5b0157b491f8a267df85bd2659868f844915e48419f4fbc451b628b9182fd59adceb837679f5b6c87e6e85a90c7002e991ac80f9502d2f99b8f6fcc2ca0c649ba3d88b1143fa63f5d34318f1507116b2dd693cae7ba05417647fbaee7c14ae488c1eb8a86447791703d62437e8077b44ab03ae068da874e3da18389d2fabce65faaf73447cf6f9d04b8f3493f60de6ab929d124928a53159006001136e6bdd9f3594bb603f41c1425e5f8be69951e6ae6b13a8d9c45e8231180838ce7f5f7c235abba49aab241e34d775119a17217e4fa2c3547ee97eb322680184474e31661b0ab0cd3dfecf11182f93430481cafa8d970a8d05b18cf2ae86a32c3929e6bcef591c9bb7450361d7719e8f0f8ae
I: MonitorObliviousTransfer::next
I: GeneratePublicKey::next
D:  sending message (size 0.000768 MB)
I: MonitorObliviousTransfer::next
I: SendPublicKey::next
I: MonitorObliviousTransfer::next
I: RecvEncryptedMessages::next
I: MonitorObliviousTransfer::next
I: DecryptChosenMessage::next
I: MonitorObliviousTransfer::next
I: ChooserDone::next
I: MonitorObliviousTransfer::next
I: MonitorObliviousTransfer::next
I: InitChooser::next
I: MonitorObliviousTransfer::next
I: RecvConstant::next
D: received message: dbe4ca1d163357bac53c08211822c13fded28636c3237c8895c61dec9a8a660567ab60af651a500c337160236ef41fbd7435dc1621ba928380b3be7b835ec209a1a36f487fbda3c89e31228c05492243e8d2c1b1fcae27eaa54fe4dfee80d04c90ad53ecdaf3df41db41eb27908cfd1281eb1ddcc760a9dcd027e8f46cfc791c66d326e7be2c3b0ab8c64b657a254bd351f5928ddadb76deef4666df1ea04a42eac656cee052e3f2657cb45cb6bba217fb635635fbf04587a1a4897f5c7923657232446072fddf816b2c2bebc75ba7cdf3df0e05db0c9b254324abebd2a029403e99f3e377bee6ee7ce59acfcb7bbae831029ffb71565158b7c78c38c17a0c910e91f703b8d29f89b14bfb4c239b8b163154b26e92e374c9befc2190722c12b8b7e01d82b45ffc759028c2b97f0ef7996dc55d7ff8660e9928c573e4e67f5eb9c2181cdcfd4567d8122dcc20debe801787dfc28206ffd234c425fe397b9b589366badedf65ff18ce55be8d6d54d9b4e4dfa92152d568d5db6fc4bf106a6d2f5d
I: MonitorObliviousTransfer::next
I: GeneratePublicKey::next
D:  sending message (size 0.000768 MB)
I: MonitorObliviousTransfer::next
I: SendPublicKey::next
I: MonitorObliviousTransfer::next
I: RecvEncryptedMessages::next
I: MonitorObliviousTransfer::next
I: DecryptChosenMessage::next
I: MonitorObliviousTransfer::next
I: ChooserDone::next
I: MonitorObliviousTransfer::next
I: MonitorObliviousTransfer::next
I: InitChooser::next
I: MonitorObliviousTransfer::next
I: RecvConstant::next
D: received message: 7f0d81a5638354750ee419df902a50fdcdaad98413ce46bfe1fb1f5e0b1b1a3ed95bd316c1cc3097f287d4fe851926c0c51f366ab7d6bad8330745679b8ca72f86e296da16317ea126a189832b1e94623d5a5865db4f9e9442e2014a2fd957510e465dccd5e103200ff5e07b86277b44c4c438553f2274faaa5e7416bb96c54d66780e1d78434ab5853c1f3c3482fa0553c076fd9da3d9d00088ece3976b794620ea69280341bb84a464d384ad0f539693e9ac7be88e5e78be9efb87350cf9ceb77085b54c28e58e922e600c2aab7802a61d0738b62350d335fa687e5eba364fb80ac9424dca4ef6fddd0e4cf0a206a31ccfaa4d0bc92f8c93f04517cd558dc337602d268c303b27ba1d0c8c52802bc1c221ed5dcba4e653687f2f3ac66d9776286cfd68d9ee9a120a46f1c0344a40c6806900e75aca679847c9681488fd4c8974f6e9e508027a4c26d703596ae0fc2ebb2f1b542a584364e19d7d7af3ef34739818f408aed6c5ffd500a097aa5f09b21d2446caed291eb074bccc5e1472b6a5
I: MonitorObliviousTransfer::next
I: GeneratePublicKey::next
D:  sending message (size 0.000768 MB)
I: MonitorObliviousTransfer::next
I: SendPublicKey::next
I: MonitorObliviousTransfer::next
I: RecvEncryptedMessages::next
I: MonitorObliviousTransfer::next
I: DecryptChosenMessage::next
I: MonitorObliviousTransfer::next
I: ChooserDone::next
I: MonitorObliviousTransfer::next
I: MonitorObliviousTransfer::next
I: EvaluateCircuit::next
D:  sending message (size 0.000001 MB)
I: SendOutputBit::next
I: ==== round duration: 46112.398438 ms ====
I: CopyMonitorStateLabels::next
I: RecvGarbledGates::next
I: RecvSystemInputLabels::next
I: RecvFlagBitLabels::next
I: EvaluateCircuit::next
D:  sending message (size 0.000001 MB)
I: SendOutputBit::next
I: ==== round duration: 47062.277344 ms ====
I: CopyMonitorStateLabels::next
I: RecvGarbledGates::next
I: RecvSystemInputLabels::next
I: RecvFlagBitLabels::next
I: EvaluateCircuit::next
D:  sending message (size 0.000001 MB)
I: SendOutputBit::next
I: ==== round duration: 46109.304688 ms ====
I: FaultObserved::next
I: MonitorDone::next
