I: parsing spec file timekeeper+.v...
skipping synthesis, BLIF file already exists.
I: parsing BLIF file synth.blif...
D: inputs and outputs parsed.
D: circuit initialized.
D: connections (#1010) parsed.
D: gates (#9852) parsed.
D: outputs: 13987 13990 13993 13996 13999 14002 14005 14008 14011 14015 14018 14021 14024 14027 14030 14032 13985 
D: circuit size: 14033
D: adding identity gates for outputs...
D: outputs after identity: 14050 14051 14052 14053 14054 14055 14056 14057 14058 14059 14060 14061 14062 14063 14064 14065 14066 
D: circuit size after identity: 14067
I: initializing safe primes...
I: using prime modulus 179769313486231590770839156793787453197860296048756011706444423684197180216158519368947833795864925541502180565485980503646440548199239100050792877003355816639229553136239076508735759914822574862575007425302077447712589550957937778424442426617334727629299387668709205606050270810842907692932019128194467627007
D:  sending message (size 0.000004 MB)
I: InitMonitor::next
I: GenerateDriverLabels::next
D:   driver labels generated in 11166.317383 ms
I: GenerateInWireKeys::next
D:   in-wire keys generated in 5091.441895 ms
D: SendLabels::message
D:   generating in-wire labels for 9891 gates
D:   in-wire labels generated in 5490.081055 ms
D:  gateCount: 9891
D:  sending message (size 8.696675 MB)
I: SendLabels::next
I: RecvGarbledGates::next
I: RecvSystemInputLabels::next
I: RecvFlagBitLabels::next
I: MonitorObliviousTransfer::next
I: InitChooser::next
I: MonitorObliviousTransfer::next
I: RecvConstant::next
D: received message: 5392d186511f51c0cc1d45e9cfbc6f452ebddb64723ca9549fe26a83b6ba17206c41b3b1a3d79c999e8ee93f54b6809b7e7a37806cf660ace0273a008eb972db07cb0790384b8585b41d9ebbb7bcb14564656b576861d9bd99a5a6ff8751fcab318969f2dddcd6cbd2e8a84b08074294f86509c00e49cbad4a6cb2d413cde8d8
I: MonitorObliviousTransfer::next
I: GeneratePublicKey::next
D:  sending message (size 0.000256 MB)
I: MonitorObliviousTransfer::next
I: SendPublicKey::next
I: MonitorObliviousTransfer::next
I: RecvEncryptedMessages::next
I: MonitorObliviousTransfer::next
I: DecryptChosenMessage::next
I: MonitorObliviousTransfer::next
I: ChooserDone::next
I: MonitorObliviousTransfer::next
I: MonitorObliviousTransfer::next
I: InitChooser::next
I: MonitorObliviousTransfer::next
I: RecvConstant::next
D: received message: 9f19a2f700af3f84449e5085dc232212578b3f0ab596a6d43f8fa409b893634f254e3a257c7881329f522cc767c5989c8a8ed86cfa42ab554bfb2574093ed9b53239d241268a14d2c0c30f340729458c07ee4c52045e3fe96affa06eb727e9b909ea535e505e988d9ae1ffb58f0dfb32f47a32976b15d785dacbe65bbcec961f
I: MonitorObliviousTransfer::next
I: GeneratePublicKey::next
D:  sending message (size 0.000256 MB)
I: MonitorObliviousTransfer::next
I: SendPublicKey::next
I: MonitorObliviousTransfer::next
I: RecvEncryptedMessages::next
I: MonitorObliviousTransfer::next
I: DecryptChosenMessage::next
I: MonitorObliviousTransfer::next
I: ChooserDone::next
I: MonitorObliviousTransfer::next
I: MonitorObliviousTransfer::next
I: InitChooser::next
I: MonitorObliviousTransfer::next
I: RecvConstant::next
D: received message: 1efeaa8efb8cc5cfb897451d574c54633c4793bad69071c26ae52310e9e327848cc332ecbb3aa21d69c07c39065753c126f2d363d1d4375b4db84828439e1de66f12becc6ed8a77ae4ac1875cd91571edff35ac61932ddcec3e8462bdc21ed28dd22f745fd8f20b11fb3a0b804cbc5efedd818c55d47da668760d051f90ccb43
I: MonitorObliviousTransfer::next
I: GeneratePublicKey::next
D:  sending message (size 0.000256 MB)
I: MonitorObliviousTransfer::next
I: SendPublicKey::next
I: MonitorObliviousTransfer::next
I: RecvEncryptedMessages::next
I: MonitorObliviousTransfer::next
I: DecryptChosenMessage::next
I: MonitorObliviousTransfer::next
I: ChooserDone::next
I: MonitorObliviousTransfer::next
I: MonitorObliviousTransfer::next
I: InitChooser::next
I: MonitorObliviousTransfer::next
I: RecvConstant::next
D: received message: 4e046818e52400a06f3008d012f7c93cdcb0988604066238d2baf8ac85f973fb3feacefee6a2b473f31db10366001b2c046dcdd10d47769d3f736b7d9052cddf5200e596849b6b042dd33b26c3fc54213c017424062d52f3067ebedab85462f7ebfc657579758b44be4073150f63e4c1934515d19530d463b1f82b514f36a377
I: MonitorObliviousTransfer::next
I: GeneratePublicKey::next
D:  sending message (size 0.000256 MB)
I: MonitorObliviousTransfer::next
I: SendPublicKey::next
I: MonitorObliviousTransfer::next
I: RecvEncryptedMessages::next
I: MonitorObliviousTransfer::next
I: DecryptChosenMessage::next
I: MonitorObliviousTransfer::next
I: ChooserDone::next
I: MonitorObliviousTransfer::next
I: MonitorObliviousTransfer::next
I: InitChooser::next
I: MonitorObliviousTransfer::next
I: RecvConstant::next
D: received message: 5614b24c5a1d447493f5f952d6b6a2b7bae5c7b31eb51ced0daaba16ee0480b39465afc93311c95928c20b8aa4db05fa47b08112ebc7540b577e42329443f26932d4f6ec5a0e4812c3422ff3cde2ddf6966beee3bdf08050f28af4eec5c42232772fe9983f8555ba7beac62228a17fd122a6c609258ae72eba5ebba90cd227dd
I: MonitorObliviousTransfer::next
I: GeneratePublicKey::next
D:  sending message (size 0.000256 MB)
I: MonitorObliviousTransfer::next
I: SendPublicKey::next
I: MonitorObliviousTransfer::next
I: RecvEncryptedMessages::next
I: MonitorObliviousTransfer::next
I: DecryptChosenMessage::next
I: MonitorObliviousTransfer::next
I: ChooserDone::next
I: MonitorObliviousTransfer::next
I: MonitorObliviousTransfer::next
I: InitChooser::next
I: MonitorObliviousTransfer::next
I: RecvConstant::next
D: received message: f1b77cc85e242120336978616b015b99683f3bca9f691e0b731c2eb5ebe4959207e96a930d787305e72c9e3568c7bf567d3e47f1eac41e15420b5c0ad0354d406d1d5860b878628abbe4a4be93e448b65a6a36df6482b7f9faa8c0bbd391e38135c4622f2faf9af9d4787eef0731779888bd6f84659e0416bcda16b060965598
I: MonitorObliviousTransfer::next
I: GeneratePublicKey::next
D:  sending message (size 0.000256 MB)
I: MonitorObliviousTransfer::next
I: SendPublicKey::next
I: MonitorObliviousTransfer::next
I: RecvEncryptedMessages::next
I: MonitorObliviousTransfer::next
I: DecryptChosenMessage::next
I: MonitorObliviousTransfer::next
I: ChooserDone::next
I: MonitorObliviousTransfer::next
I: MonitorObliviousTransfer::next
I: InitChooser::next
I: MonitorObliviousTransfer::next
I: RecvConstant::next
D: received message: bf10531aa6cac592a70065b89d74a75d1295bbbd688fb92c4830c62bb14291bf8812842f8dc7178a664462f8502d58a8ad45dd7bb459b167cefb7c0084005cb28aea292a9e5b2749524bba23e5cecb9fc228d92d123d8ea270db2e3624fdf035560ded809879efcfac0174f4260c2a64e67c8e87eec932e3f2336020ca3a88aa
I: MonitorObliviousTransfer::next
I: GeneratePublicKey::next
D:  sending message (size 0.000256 MB)
I: MonitorObliviousTransfer::next
I: SendPublicKey::next
I: MonitorObliviousTransfer::next
I: RecvEncryptedMessages::next
I: MonitorObliviousTransfer::next
I: DecryptChosenMessage::next
I: MonitorObliviousTransfer::next
I: ChooserDone::next
I: MonitorObliviousTransfer::next
I: MonitorObliviousTransfer::next
I: InitChooser::next
I: MonitorObliviousTransfer::next
I: RecvConstant::next
D: received message: ec850381b9515e3737f9d5914ce279a05a1efc2d1eb62a0b406246e56a53774d42dfb59d714a0db599efe83dc49407614ba8febe2bcf8226a98aa60be203735032d12415393621781d016d4b622c9bf9b2dbba8aebd4480bc8244305fbebc675880cbbeb64cda4623c07381a9df0c07552124c66da438b25073b29d761e9b540
I: MonitorObliviousTransfer::next
I: GeneratePublicKey::next
D:  sending message (size 0.000256 MB)
I: MonitorObliviousTransfer::next
I: SendPublicKey::next
I: MonitorObliviousTransfer::next
I: RecvEncryptedMessages::next
I: MonitorObliviousTransfer::next
I: DecryptChosenMessage::next
I: MonitorObliviousTransfer::next
I: ChooserDone::next
I: MonitorObliviousTransfer::next
I: MonitorObliviousTransfer::next
I: InitChooser::next
I: MonitorObliviousTransfer::next
I: RecvConstant::next
D: received message: 58a00538a048df5849da44117c8b0a23c8dbf3122e0d90d50a591e66a6ba3403f0cb07b01741e5e3a8284a5984ab95bab236c7678e36bf91c5832f039aca7f240f7930417406c2e49c0ebe243c3c91d990ab68ebb9c1ecdc8f23a7a2a06605eced0f3227616641f7947e90492c206de7edb195bf8cd27bb8141e2da6d0e45358
I: MonitorObliviousTransfer::next
I: GeneratePublicKey::next
D:  sending message (size 0.000256 MB)
I: MonitorObliviousTransfer::next
I: SendPublicKey::next
I: MonitorObliviousTransfer::next
I: RecvEncryptedMessages::next
I: MonitorObliviousTransfer::next
I: DecryptChosenMessage::next
I: MonitorObliviousTransfer::next
I: ChooserDone::next
I: MonitorObliviousTransfer::next
I: MonitorObliviousTransfer::next
I: InitChooser::next
I: MonitorObliviousTransfer::next
I: RecvConstant::next
D: received message: 9410b683ea6f026cad3b793616d9d62f8b6bbf439bdbfa27c9b8944a5ab38bb871e193a3b242720836440ab7c761edcfb8cc57d70cd08865748b8b8a01aba7e5adda0a4a449dc49db3036c5df9b80ff429f9ae5fb86cd33592864811e870ac6c42c2fc4fe67f679b3f145dc4dbb5ba7b1248bcdb28ef8860a1943e07fcfa4c80
I: MonitorObliviousTransfer::next
I: GeneratePublicKey::next
D:  sending message (size 0.000256 MB)
I: MonitorObliviousTransfer::next
I: SendPublicKey::next
I: MonitorObliviousTransfer::next
I: RecvEncryptedMessages::next
I: MonitorObliviousTransfer::next
I: DecryptChosenMessage::next
I: MonitorObliviousTransfer::next
I: ChooserDone::next
I: MonitorObliviousTransfer::next
I: MonitorObliviousTransfer::next
I: InitChooser::next
I: MonitorObliviousTransfer::next
I: RecvConstant::next
D: received message: fb2441cc1b3df5f8ef62cb1bd25af1831cc8ba9d2d8aa36d75557fc771b84b1021a6c187ee4b3a40eba72264c34e3d5a44869f98f9948e40f93297aa28d024deb2c81e3e5a6151786f83b8fe2951059a50ad42f2d11077c213135a62a478bd131219e9c3bb87477fde82551690c666012d26a295a88c2be656c5323481ebf3a0
I: MonitorObliviousTransfer::next
I: GeneratePublicKey::next
D:  sending message (size 0.000256 MB)
I: MonitorObliviousTransfer::next
I: SendPublicKey::next
I: MonitorObliviousTransfer::next
I: RecvEncryptedMessages::next
I: MonitorObliviousTransfer::next
I: DecryptChosenMessage::next
I: MonitorObliviousTransfer::next
I: ChooserDone::next
I: MonitorObliviousTransfer::next
I: MonitorObliviousTransfer::next
I: InitChooser::next
I: MonitorObliviousTransfer::next
I: RecvConstant::next
D: received message: b7b119947acb975515f82f160fa7331d9506e1f0fb6063a23c763874fe9b48aee85c99bf818918d19adc0209e395eb90cdae2cc2cac153aca0a08ec7d58f4591794085f83ea4ca533aed6f80c72fa223810271df199aeef63c661de1939ada5499f4862a21911ef4980198d56881b6e9c0d84877587b96ecf1590ec3e42093f2
I: MonitorObliviousTransfer::next
I: GeneratePublicKey::next
D:  sending message (size 0.000256 MB)
I: MonitorObliviousTransfer::next
I: SendPublicKey::next
I: MonitorObliviousTransfer::next
I: RecvEncryptedMessages::next
I: MonitorObliviousTransfer::next
I: DecryptChosenMessage::next
I: MonitorObliviousTransfer::next
I: ChooserDone::next
I: MonitorObliviousTransfer::next
I: MonitorObliviousTransfer::next
I: InitChooser::next
I: MonitorObliviousTransfer::next
I: RecvConstant::next
D: received message: e86c949757a1ea0ad0794f3c142a08b68a48ac42d30f0808ce1b36ba3832d6ddf480598edc35cde642e3a3b261eea917f798d671e6e592380a9130553cfca871419cf497ef0e2b522c4bba920934cf79966381eecba3897fc9b4d70a8f18d2918cba3172e6bed46436cedba57e88a5c6ef445b3a5c7dff0b74efa5052f8812cf
I: MonitorObliviousTransfer::next
I: GeneratePublicKey::next
D:  sending message (size 0.000256 MB)
I: MonitorObliviousTransfer::next
I: SendPublicKey::next
I: MonitorObliviousTransfer::next
I: RecvEncryptedMessages::next
I: MonitorObliviousTransfer::next
I: DecryptChosenMessage::next
I: MonitorObliviousTransfer::next
I: ChooserDone::next
I: MonitorObliviousTransfer::next
I: MonitorObliviousTransfer::next
I: InitChooser::next
I: MonitorObliviousTransfer::next
I: RecvConstant::next
D: received message: aae2efa38b65e372f03d2d5ac77eb4fe1bcdaeee66d57c8e954e0097eb1d84c0375275b0693f742fdf0c9e5e7e47f68d02aea755f92d96f8fede8e754fb2d3605bd170d1ab20f652571adf5531631f68e94bebe21d0ee69dd591044ae8c1c5c2357ed6cdf77f39c86c9b9840a231649a9dfeb720ffbc7496a7a251f59c00fe47
I: MonitorObliviousTransfer::next
I: GeneratePublicKey::next
D:  sending message (size 0.000256 MB)
I: MonitorObliviousTransfer::next
I: SendPublicKey::next
I: MonitorObliviousTransfer::next
I: RecvEncryptedMessages::next
I: MonitorObliviousTransfer::next
I: DecryptChosenMessage::next
I: MonitorObliviousTransfer::next
I: ChooserDone::next
I: MonitorObliviousTransfer::next
I: MonitorObliviousTransfer::next
I: InitChooser::next
I: MonitorObliviousTransfer::next
I: RecvConstant::next
D: received message: 94e9a53591a0cbabe5169d72ccc24d7a659e7f2f3a523fde6bc82f77541a6981c4cca2c53473aca0e445dc02e339e11f482e4b17c82311e194890dec1690cfd1e76b13634ffc8f4771c11d0f78ea690632c6aefce5e89e1f9e789a7e60195a9f98dc1a1924c50f54fc558e485bcb8e168fb945d2cc97a438421338615c59b750
I: MonitorObliviousTransfer::next
I: GeneratePublicKey::next
D:  sending message (size 0.000256 MB)
I: MonitorObliviousTransfer::next
I: SendPublicKey::next
I: MonitorObliviousTransfer::next
I: RecvEncryptedMessages::next
I: MonitorObliviousTransfer::next
I: DecryptChosenMessage::next
I: MonitorObliviousTransfer::next
I: ChooserDone::next
I: MonitorObliviousTransfer::next
I: MonitorObliviousTransfer::next
I: InitChooser::next
I: MonitorObliviousTransfer::next
I: RecvConstant::next
D: received message: 2ef73db6e7718efe59b9346ffaf9733cbce962713f99455e5216bbfe53d2c0653c0e2dc6073cf204c0429249c43fd1af1e5d908ae4e1933b163fbbce794e1e761e163f46057d38d8b0b4a9938e5a23cbae37606736b95225d45239fad954a160f0dc856d99374741860cd0ecd7675116d9a12d8a7233c022bdf2f190b8aac920
I: MonitorObliviousTransfer::next
I: GeneratePublicKey::next
D:  sending message (size 0.000256 MB)
I: MonitorObliviousTransfer::next
I: SendPublicKey::next
I: MonitorObliviousTransfer::next
I: RecvEncryptedMessages::next
I: MonitorObliviousTransfer::next
I: DecryptChosenMessage::next
I: MonitorObliviousTransfer::next
I: ChooserDone::next
I: MonitorObliviousTransfer::next
I: MonitorObliviousTransfer::next
I: EvaluateCircuit::next
D:  sending message (size 0.000001 MB)
I: SendOutputBit::next
I: ==== round duration: 6395.020020 ms ====
I: CopyMonitorStateLabels::next
I: RecvGarbledGates::next
I: RecvSystemInputLabels::next
I: RecvFlagBitLabels::next
I: EvaluateCircuit::next
D:  sending message (size 0.000001 MB)
I: SendOutputBit::next
I: ==== round duration: 6390.288574 ms ====
I: CopyMonitorStateLabels::next
I: RecvGarbledGates::next
I: RecvSystemInputLabels::next
I: RecvFlagBitLabels::next
I: EvaluateCircuit::next
D:  sending message (size 0.000001 MB)
I: SendOutputBit::next
I: ==== round duration: 6435.786133 ms ====
I: FaultObserved::next
I: MonitorDone::next
