I: initializing safe primes...
I: using prime modulus 170141183460469231731687303715884114527
I: received gate count 9891
I: InitSystem::next
I: RecvLabels::next
D:   timer started
D:   labels parsed
D:   flag bit label generated
D:   labels parsed, exponents generated in 12.087594 ms
I: GenerateGarbledGates::next
D:  sending message (size 2.294712 MB)
I: SendGarbledGates::next
D:   system input labels sent
D:  sending message (size 0.063086 MB)
I: SendSystemInputLabels::next
D:  sending message (size 0.000065 MB)
I: SendFlagBitLabels::next
I: SystemObliviousTransfer::next
I: InitSender::next
I: SystemObliviousTransfer::next
I: GenerateConstant::next
D:  sending message (size 0.000032 MB)
I: SystemObliviousTransfer::next
I: SendConstant::next
I: SystemObliviousTransfer::next
I: RecvPublicKey::next
I: SystemObliviousTransfer::next
I: EncryptMessages::next
D:  sending message (size 0.000130 MB)
I: SystemObliviousTransfer::next
I: SendEncryptedMessages::next
I: SystemObliviousTransfer::next
I: SenderDone::next
I: SystemObliviousTransfer::next
I: SystemObliviousTransfer::next
I: InitSender::next
I: SystemObliviousTransfer::next
I: GenerateConstant::next
D:  sending message (size 0.000032 MB)
I: SystemObliviousTransfer::next
I: SendConstant::next
I: SystemObliviousTransfer::next
I: RecvPublicKey::next
I: SystemObliviousTransfer::next
I: EncryptMessages::next
D:  sending message (size 0.000130 MB)
I: SystemObliviousTransfer::next
I: SendEncryptedMessages::next
I: SystemObliviousTransfer::next
I: SenderDone::next
I: SystemObliviousTransfer::next
I: SystemObliviousTransfer::next
I: InitSender::next
I: SystemObliviousTransfer::next
I: GenerateConstant::next
D:  sending message (size 0.000032 MB)
I: SystemObliviousTransfer::next
I: SendConstant::next
I: SystemObliviousTransfer::next
I: RecvPublicKey::next
I: SystemObliviousTransfer::next
I: EncryptMessages::next
D:  sending message (size 0.000130 MB)
I: SystemObliviousTransfer::next
I: SendEncryptedMessages::next
I: SystemObliviousTransfer::next
I: SenderDone::next
I: SystemObliviousTransfer::next
I: SystemObliviousTransfer::next
I: InitSender::next
I: SystemObliviousTransfer::next
I: GenerateConstant::next
D:  sending message (size 0.000032 MB)
I: SystemObliviousTransfer::next
I: SendConstant::next
I: SystemObliviousTransfer::next
I: RecvPublicKey::next
I: SystemObliviousTransfer::next
I: EncryptMessages::next
D:  sending message (size 0.000131 MB)
I: SystemObliviousTransfer::next
I: SendEncryptedMessages::next
I: SystemObliviousTransfer::next
I: SenderDone::next
I: SystemObliviousTransfer::next
I: SystemObliviousTransfer::next
I: InitSender::next
I: SystemObliviousTransfer::next
I: GenerateConstant::next
D:  sending message (size 0.000032 MB)
I: SystemObliviousTransfer::next
I: SendConstant::next
I: SystemObliviousTransfer::next
I: RecvPublicKey::next
I: SystemObliviousTransfer::next
I: EncryptMessages::next
D:  sending message (size 0.000130 MB)
I: SystemObliviousTransfer::next
I: SendEncryptedMessages::next
I: SystemObliviousTransfer::next
I: SenderDone::next
I: SystemObliviousTransfer::next
I: SystemObliviousTransfer::next
I: InitSender::next
I: SystemObliviousTransfer::next
I: GenerateConstant::next
D:  sending message (size 0.000032 MB)
I: SystemObliviousTransfer::next
I: SendConstant::next
I: SystemObliviousTransfer::next
I: RecvPublicKey::next
I: SystemObliviousTransfer::next
I: EncryptMessages::next
D:  sending message (size 0.000129 MB)
I: SystemObliviousTransfer::next
I: SendEncryptedMessages::next
I: SystemObliviousTransfer::next
I: SenderDone::next
I: SystemObliviousTransfer::next
I: SystemObliviousTransfer::next
I: InitSender::next
I: SystemObliviousTransfer::next
I: GenerateConstant::next
D:  sending message (size 0.000032 MB)
I: SystemObliviousTransfer::next
I: SendConstant::next
I: SystemObliviousTransfer::next
I: RecvPublicKey::next
I: SystemObliviousTransfer::next
I: EncryptMessages::next
D:  sending message (size 0.000130 MB)
I: SystemObliviousTransfer::next
I: SendEncryptedMessages::next
I: SystemObliviousTransfer::next
I: SenderDone::next
I: SystemObliviousTransfer::next
I: SystemObliviousTransfer::next
I: InitSender::next
I: SystemObliviousTransfer::next
I: GenerateConstant::next
D:  sending message (size 0.000032 MB)
I: SystemObliviousTransfer::next
I: SendConstant::next
I: SystemObliviousTransfer::next
I: RecvPublicKey::next
I: SystemObliviousTransfer::next
I: EncryptMessages::next
D:  sending message (size 0.000128 MB)
I: SystemObliviousTransfer::next
I: SendEncryptedMessages::next
I: SystemObliviousTransfer::next
I: SenderDone::next
I: SystemObliviousTransfer::next
I: SystemObliviousTransfer::next
I: InitSender::next
I: SystemObliviousTransfer::next
I: GenerateConstant::next
D:  sending message (size 0.000032 MB)
I: SystemObliviousTransfer::next
I: SendConstant::next
I: SystemObliviousTransfer::next
I: RecvPublicKey::next
I: SystemObliviousTransfer::next
I: EncryptMessages::next
D:  sending message (size 0.000131 MB)
I: SystemObliviousTransfer::next
I: SendEncryptedMessages::next
I: SystemObliviousTransfer::next
I: SenderDone::next
I: SystemObliviousTransfer::next
I: SystemObliviousTransfer::next
I: InitSender::next
I: SystemObliviousTransfer::next
I: GenerateConstant::next
D:  sending message (size 0.000032 MB)
I: SystemObliviousTransfer::next
I: SendConstant::next
I: SystemObliviousTransfer::next
I: RecvPublicKey::next
I: SystemObliviousTransfer::next
I: EncryptMessages::next
D:  sending message (size 0.000130 MB)
I: SystemObliviousTransfer::next
I: SendEncryptedMessages::next
I: SystemObliviousTransfer::next
I: SenderDone::next
I: SystemObliviousTransfer::next
I: SystemObliviousTransfer::next
I: InitSender::next
I: SystemObliviousTransfer::next
I: GenerateConstant::next
D:  sending message (size 0.000032 MB)
I: SystemObliviousTransfer::next
I: SendConstant::next
I: SystemObliviousTransfer::next
I: RecvPublicKey::next
I: SystemObliviousTransfer::next
I: EncryptMessages::next
D:  sending message (size 0.000131 MB)
I: SystemObliviousTransfer::next
I: SendEncryptedMessages::next
I: SystemObliviousTransfer::next
I: SenderDone::next
I: SystemObliviousTransfer::next
I: SystemObliviousTransfer::next
I: InitSender::next
I: SystemObliviousTransfer::next
I: GenerateConstant::next
D:  sending message (size 0.000032 MB)
I: SystemObliviousTransfer::next
I: SendConstant::next
I: SystemObliviousTransfer::next
I: RecvPublicKey::next
I: SystemObliviousTransfer::next
I: EncryptMessages::next
D:  sending message (size 0.000130 MB)
I: SystemObliviousTransfer::next
I: SendEncryptedMessages::next
I: SystemObliviousTransfer::next
I: SenderDone::next
I: SystemObliviousTransfer::next
I: SystemObliviousTransfer::next
I: InitSender::next
I: SystemObliviousTransfer::next
I: GenerateConstant::next
D:  sending message (size 0.000032 MB)
I: SystemObliviousTransfer::next
I: SendConstant::next
I: SystemObliviousTransfer::next
I: RecvPublicKey::next
I: SystemObliviousTransfer::next
I: EncryptMessages::next
D:  sending message (size 0.000130 MB)
I: SystemObliviousTransfer::next
I: SendEncryptedMessages::next
I: SystemObliviousTransfer::next
I: SenderDone::next
I: SystemObliviousTransfer::next
I: SystemObliviousTransfer::next
I: InitSender::next
I: SystemObliviousTransfer::next
I: GenerateConstant::next
D:  sending message (size 0.000032 MB)
I: SystemObliviousTransfer::next
I: SendConstant::next
I: SystemObliviousTransfer::next
I: RecvPublicKey::next
I: SystemObliviousTransfer::next
I: EncryptMessages::next
D:  sending message (size 0.000131 MB)
I: SystemObliviousTransfer::next
I: SendEncryptedMessages::next
I: SystemObliviousTransfer::next
I: SenderDone::next
I: SystemObliviousTransfer::next
I: SystemObliviousTransfer::next
I: InitSender::next
I: SystemObliviousTransfer::next
I: GenerateConstant::next
D:  sending message (size 0.000032 MB)
I: SystemObliviousTransfer::next
I: SendConstant::next
I: SystemObliviousTransfer::next
I: RecvPublicKey::next
I: SystemObliviousTransfer::next
I: EncryptMessages::next
D:  sending message (size 0.000131 MB)
I: SystemObliviousTransfer::next
I: SendEncryptedMessages::next
I: SystemObliviousTransfer::next
I: SenderDone::next
I: SystemObliviousTransfer::next
I: SystemObliviousTransfer::next
I: InitSender::next
I: SystemObliviousTransfer::next
I: GenerateConstant::next
D:  sending message (size 0.000032 MB)
I: SystemObliviousTransfer::next
I: SendConstant::next
I: SystemObliviousTransfer::next
I: RecvPublicKey::next
I: SystemObliviousTransfer::next
I: EncryptMessages::next
D:  sending message (size 0.000131 MB)
I: SystemObliviousTransfer::next
I: SendEncryptedMessages::next
I: SystemObliviousTransfer::next
I: SenderDone::next
I: SystemObliviousTransfer::next
I: SystemObliviousTransfer::next
I: RecvFlagBit::next
D: ==== round duration: 413.047058 ms ====
I: UpdateSystem::next
I: GenerateGarbledGates::next
D:  sending message (size 2.294712 MB)
I: SendGarbledGates::next
D:   system input labels sent
D:  sending message (size 0.063112 MB)
I: SendSystemInputLabels::next
D:  sending message (size 0.000065 MB)
I: SendFlagBitLabels::next
I: RecvFlagBit::next
D: ==== round duration: 417.904053 ms ====
I: UpdateSystem::next
I: GenerateGarbledGates::next
D:  sending message (size 2.294712 MB)
I: SendGarbledGates::next
D:   system input labels sent
D:  sending message (size 0.063093 MB)
I: SendSystemInputLabels::next
D:  sending message (size 0.000065 MB)
I: SendFlagBitLabels::next
I: RecvFlagBit::next
D: ==== round duration: 413.934418 ms ====
I: SystemDone::next
