I: initializing safe primes...
I: using prime modulus 2410312426921032588552076022197566074856950548502459942654116941958108831682612228890093858261341614673227141477904012196503648957050582631942730706805009223062734745341073406696246014589361659774041027169249453200378729434170325843778659198143763193776859869524088940195577346119843545301547043747207749969763750084308926339295559968882457872412993810129130294592999947926365264059284647209730384947211681434464714438488520940127459844288859336526896320919633919
I: received gate count 20618
I: InitSystem::next
I: RecvLabels::next
D:   timer started
D:   labels parsed
D:   flag bit label generated
D:   labels parsed, exponents generated in 90.489136 ms
I: GenerateGarbledGates::next
D:   garbling gate 10000
D:   garbling gate 20000
D:  sending message (size 33.813520 MB)
I: SendGarbledGates::next
D:   system input labels sent
D:  sending message (size 0.985402 MB)
I: SendSystemInputLabels::next
D:  sending message (size 0.000768 MB)
I: SendFlagBitLabels::next
I: SystemObliviousTransfer::next
I: InitSender::next
I: SystemObliviousTransfer::next
I: GenerateConstant::next
D:  sending message (size 0.000384 MB)
I: SystemObliviousTransfer::next
I: SendConstant::next
I: SystemObliviousTransfer::next
I: RecvPublicKey::next
I: SystemObliviousTransfer::next
I: EncryptMessages::next
D:  sending message (size 0.001539 MB)
I: SystemObliviousTransfer::next
I: SendEncryptedMessages::next
I: SystemObliviousTransfer::next
I: SenderDone::next
I: SystemObliviousTransfer::next
I: SystemObliviousTransfer::next
I: InitSender::next
I: SystemObliviousTransfer::next
I: GenerateConstant::next
D:  sending message (size 0.000384 MB)
I: SystemObliviousTransfer::next
I: SendConstant::next
I: SystemObliviousTransfer::next
I: RecvPublicKey::next
I: SystemObliviousTransfer::next
I: EncryptMessages::next
D:  sending message (size 0.001539 MB)
I: SystemObliviousTransfer::next
I: SendEncryptedMessages::next
I: SystemObliviousTransfer::next
I: SenderDone::next
I: SystemObliviousTransfer::next
I: SystemObliviousTransfer::next
I: InitSender::next
I: SystemObliviousTransfer::next
I: GenerateConstant::next
D:  sending message (size 0.000384 MB)
I: SystemObliviousTransfer::next
I: SendConstant::next
I: SystemObliviousTransfer::next
I: RecvPublicKey::next
I: SystemObliviousTransfer::next
I: EncryptMessages::next
D:  sending message (size 0.001539 MB)
I: SystemObliviousTransfer::next
I: SendEncryptedMessages::next
I: SystemObliviousTransfer::next
I: SenderDone::next
I: SystemObliviousTransfer::next
I: SystemObliviousTransfer::next
I: InitSender::next
I: SystemObliviousTransfer::next
I: GenerateConstant::next
D:  sending message (size 0.000384 MB)
I: SystemObliviousTransfer::next
I: SendConstant::next
I: SystemObliviousTransfer::next
I: RecvPublicKey::next
I: SystemObliviousTransfer::next
I: EncryptMessages::next
D:  sending message (size 0.001538 MB)
I: SystemObliviousTransfer::next
I: SendEncryptedMessages::next
I: SystemObliviousTransfer::next
I: SenderDone::next
I: SystemObliviousTransfer::next
I: SystemObliviousTransfer::next
I: InitSender::next
I: SystemObliviousTransfer::next
I: GenerateConstant::next
D:  sending message (size 0.000384 MB)
I: SystemObliviousTransfer::next
I: SendConstant::next
I: SystemObliviousTransfer::next
I: RecvPublicKey::next
I: SystemObliviousTransfer::next
I: EncryptMessages::next
D:  sending message (size 0.001538 MB)
I: SystemObliviousTransfer::next
I: SendEncryptedMessages::next
I: SystemObliviousTransfer::next
I: SenderDone::next
I: SystemObliviousTransfer::next
I: SystemObliviousTransfer::next
I: InitSender::next
I: SystemObliviousTransfer::next
I: GenerateConstant::next
D:  sending message (size 0.000384 MB)
I: SystemObliviousTransfer::next
I: SendConstant::next
I: SystemObliviousTransfer::next
I: RecvPublicKey::next
I: SystemObliviousTransfer::next
I: EncryptMessages::next
D:  sending message (size 0.001539 MB)
I: SystemObliviousTransfer::next
I: SendEncryptedMessages::next
I: SystemObliviousTransfer::next
I: SenderDone::next
I: SystemObliviousTransfer::next
I: SystemObliviousTransfer::next
I: InitSender::next
I: SystemObliviousTransfer::next
I: GenerateConstant::next
D:  sending message (size 0.000384 MB)
I: SystemObliviousTransfer::next
I: SendConstant::next
I: SystemObliviousTransfer::next
I: RecvPublicKey::next
I: SystemObliviousTransfer::next
I: EncryptMessages::next
D:  sending message (size 0.001539 MB)
I: SystemObliviousTransfer::next
I: SendEncryptedMessages::next
I: SystemObliviousTransfer::next
I: SenderDone::next
I: SystemObliviousTransfer::next
I: SystemObliviousTransfer::next
I: InitSender::next
I: SystemObliviousTransfer::next
I: GenerateConstant::next
D:  sending message (size 0.000384 MB)
I: SystemObliviousTransfer::next
I: SendConstant::next
I: SystemObliviousTransfer::next
I: RecvPublicKey::next
I: SystemObliviousTransfer::next
I: EncryptMessages::next
D:  sending message (size 0.001538 MB)
I: SystemObliviousTransfer::next
I: SendEncryptedMessages::next
I: SystemObliviousTransfer::next
I: SenderDone::next
I: SystemObliviousTransfer::next
I: SystemObliviousTransfer::next
I: InitSender::next
I: SystemObliviousTransfer::next
I: GenerateConstant::next
D:  sending message (size 0.000384 MB)
I: SystemObliviousTransfer::next
I: SendConstant::next
I: SystemObliviousTransfer::next
I: RecvPublicKey::next
I: SystemObliviousTransfer::next
I: EncryptMessages::next
D:  sending message (size 0.001539 MB)
I: SystemObliviousTransfer::next
I: SendEncryptedMessages::next
I: SystemObliviousTransfer::next
I: SenderDone::next
I: SystemObliviousTransfer::next
I: SystemObliviousTransfer::next
I: InitSender::next
I: SystemObliviousTransfer::next
I: GenerateConstant::next
D:  sending message (size 0.000384 MB)
I: SystemObliviousTransfer::next
I: SendConstant::next
I: SystemObliviousTransfer::next
I: RecvPublicKey::next
I: SystemObliviousTransfer::next
I: EncryptMessages::next
D:  sending message (size 0.001539 MB)
I: SystemObliviousTransfer::next
I: SendEncryptedMessages::next
I: SystemObliviousTransfer::next
I: SenderDone::next
I: SystemObliviousTransfer::next
I: SystemObliviousTransfer::next
I: InitSender::next
I: SystemObliviousTransfer::next
I: GenerateConstant::next
D:  sending message (size 0.000384 MB)
I: SystemObliviousTransfer::next
I: SendConstant::next
I: SystemObliviousTransfer::next
I: RecvPublicKey::next
I: SystemObliviousTransfer::next
I: EncryptMessages::next
D:  sending message (size 0.001539 MB)
I: SystemObliviousTransfer::next
I: SendEncryptedMessages::next
I: SystemObliviousTransfer::next
I: SenderDone::next
I: SystemObliviousTransfer::next
I: SystemObliviousTransfer::next
I: InitSender::next
I: SystemObliviousTransfer::next
I: GenerateConstant::next
D:  sending message (size 0.000384 MB)
I: SystemObliviousTransfer::next
I: SendConstant::next
I: SystemObliviousTransfer::next
I: RecvPublicKey::next
I: SystemObliviousTransfer::next
I: EncryptMessages::next
D:  sending message (size 0.001538 MB)
I: SystemObliviousTransfer::next
I: SendEncryptedMessages::next
I: SystemObliviousTransfer::next
I: SenderDone::next
I: SystemObliviousTransfer::next
I: SystemObliviousTransfer::next
I: InitSender::next
I: SystemObliviousTransfer::next
I: GenerateConstant::next
D:  sending message (size 0.000384 MB)
I: SystemObliviousTransfer::next
I: SendConstant::next
I: SystemObliviousTransfer::next
I: RecvPublicKey::next
I: SystemObliviousTransfer::next
I: EncryptMessages::next
D:  sending message (size 0.001539 MB)
I: SystemObliviousTransfer::next
I: SendEncryptedMessages::next
I: SystemObliviousTransfer::next
I: SenderDone::next
I: SystemObliviousTransfer::next
I: SystemObliviousTransfer::next
I: InitSender::next
I: SystemObliviousTransfer::next
I: GenerateConstant::next
D:  sending message (size 0.000384 MB)
I: SystemObliviousTransfer::next
I: SendConstant::next
I: SystemObliviousTransfer::next
I: RecvPublicKey::next
I: SystemObliviousTransfer::next
I: EncryptMessages::next
D:  sending message (size 0.001539 MB)
I: SystemObliviousTransfer::next
I: SendEncryptedMessages::next
I: SystemObliviousTransfer::next
I: SenderDone::next
I: SystemObliviousTransfer::next
I: SystemObliviousTransfer::next
I: InitSender::next
I: SystemObliviousTransfer::next
I: GenerateConstant::next
D:  sending message (size 0.000384 MB)
I: SystemObliviousTransfer::next
I: SendConstant::next
I: SystemObliviousTransfer::next
I: RecvPublicKey::next
I: SystemObliviousTransfer::next
I: EncryptMessages::next
D:  sending message (size 0.001539 MB)
I: SystemObliviousTransfer::next
I: SendEncryptedMessages::next
I: SystemObliviousTransfer::next
I: SenderDone::next
I: SystemObliviousTransfer::next
I: SystemObliviousTransfer::next
I: InitSender::next
I: SystemObliviousTransfer::next
I: GenerateConstant::next
D:  sending message (size 0.000384 MB)
I: SystemObliviousTransfer::next
I: SendConstant::next
I: SystemObliviousTransfer::next
I: RecvPublicKey::next
I: SystemObliviousTransfer::next
I: EncryptMessages::next
D:  sending message (size 0.001539 MB)
I: SystemObliviousTransfer::next
I: SendEncryptedMessages::next
I: SystemObliviousTransfer::next
I: SenderDone::next
I: SystemObliviousTransfer::next
I: SystemObliviousTransfer::next
I: InitSender::next
I: SystemObliviousTransfer::next
I: GenerateConstant::next
D:  sending message (size 0.000384 MB)
I: SystemObliviousTransfer::next
I: SendConstant::next
I: SystemObliviousTransfer::next
I: RecvPublicKey::next
I: SystemObliviousTransfer::next
I: EncryptMessages::next
D:  sending message (size 0.001539 MB)
I: SystemObliviousTransfer::next
I: SendEncryptedMessages::next
I: SystemObliviousTransfer::next
I: SenderDone::next
I: SystemObliviousTransfer::next
I: SystemObliviousTransfer::next
I: InitSender::next
I: SystemObliviousTransfer::next
I: GenerateConstant::next
D:  sending message (size 0.000384 MB)
I: SystemObliviousTransfer::next
I: SendConstant::next
I: SystemObliviousTransfer::next
I: RecvPublicKey::next
I: SystemObliviousTransfer::next
I: EncryptMessages::next
D:  sending message (size 0.001539 MB)
I: SystemObliviousTransfer::next
I: SendEncryptedMessages::next
I: SystemObliviousTransfer::next
I: SenderDone::next
I: SystemObliviousTransfer::next
I: SystemObliviousTransfer::next
I: InitSender::next
I: SystemObliviousTransfer::next
I: GenerateConstant::next
D:  sending message (size 0.000384 MB)
I: SystemObliviousTransfer::next
I: SendConstant::next
I: SystemObliviousTransfer::next
I: RecvPublicKey::next
I: SystemObliviousTransfer::next
I: EncryptMessages::next
D:  sending message (size 0.001539 MB)
I: SystemObliviousTransfer::next
I: SendEncryptedMessages::next
I: SystemObliviousTransfer::next
I: SenderDone::next
I: SystemObliviousTransfer::next
I: SystemObliviousTransfer::next
I: InitSender::next
I: SystemObliviousTransfer::next
I: GenerateConstant::next
D:  sending message (size 0.000384 MB)
I: SystemObliviousTransfer::next
I: SendConstant::next
I: SystemObliviousTransfer::next
I: RecvPublicKey::next
I: SystemObliviousTransfer::next
I: EncryptMessages::next
D:  sending message (size 0.001539 MB)
I: SystemObliviousTransfer::next
I: SendEncryptedMessages::next
I: SystemObliviousTransfer::next
I: SenderDone::next
I: SystemObliviousTransfer::next
I: SystemObliviousTransfer::next
I: InitSender::next
I: SystemObliviousTransfer::next
I: GenerateConstant::next
D:  sending message (size 0.000384 MB)
I: SystemObliviousTransfer::next
I: SendConstant::next
I: SystemObliviousTransfer::next
I: RecvPublicKey::next
I: SystemObliviousTransfer::next
I: EncryptMessages::next
D:  sending message (size 0.001539 MB)
I: SystemObliviousTransfer::next
I: SendEncryptedMessages::next
I: SystemObliviousTransfer::next
I: SenderDone::next
I: SystemObliviousTransfer::next
I: SystemObliviousTransfer::next
I: InitSender::next
I: SystemObliviousTransfer::next
I: GenerateConstant::next
D:  sending message (size 0.000384 MB)
I: SystemObliviousTransfer::next
I: SendConstant::next
I: SystemObliviousTransfer::next
I: RecvPublicKey::next
I: SystemObliviousTransfer::next
I: EncryptMessages::next
D:  sending message (size 0.001539 MB)
I: SystemObliviousTransfer::next
I: SendEncryptedMessages::next
I: SystemObliviousTransfer::next
I: SenderDone::next
I: SystemObliviousTransfer::next
I: SystemObliviousTransfer::next
I: InitSender::next
I: SystemObliviousTransfer::next
I: GenerateConstant::next
D:  sending message (size 0.000384 MB)
I: SystemObliviousTransfer::next
I: SendConstant::next
I: SystemObliviousTransfer::next
I: RecvPublicKey::next
I: SystemObliviousTransfer::next
I: EncryptMessages::next
D:  sending message (size 0.001539 MB)
I: SystemObliviousTransfer::next
I: SendEncryptedMessages::next
I: SystemObliviousTransfer::next
I: SenderDone::next
I: SystemObliviousTransfer::next
I: SystemObliviousTransfer::next
I: InitSender::next
I: SystemObliviousTransfer::next
I: GenerateConstant::next
D:  sending message (size 0.000384 MB)
I: SystemObliviousTransfer::next
I: SendConstant::next
I: SystemObliviousTransfer::next
I: RecvPublicKey::next
I: SystemObliviousTransfer::next
I: EncryptMessages::next
D:  sending message (size 0.001539 MB)
I: SystemObliviousTransfer::next
I: SendEncryptedMessages::next
I: SystemObliviousTransfer::next
I: SenderDone::next
I: SystemObliviousTransfer::next
I: SystemObliviousTransfer::next
I: InitSender::next
I: SystemObliviousTransfer::next
I: GenerateConstant::next
D:  sending message (size 0.000383 MB)
I: SystemObliviousTransfer::next
I: SendConstant::next
I: SystemObliviousTransfer::next
I: RecvPublicKey::next
I: SystemObliviousTransfer::next
I: EncryptMessages::next
D:  sending message (size 0.001539 MB)
I: SystemObliviousTransfer::next
I: SendEncryptedMessages::next
I: SystemObliviousTransfer::next
I: SenderDone::next
I: SystemObliviousTransfer::next
I: SystemObliviousTransfer::next
I: InitSender::next
I: SystemObliviousTransfer::next
I: GenerateConstant::next
D:  sending message (size 0.000384 MB)
I: SystemObliviousTransfer::next
I: SendConstant::next
I: SystemObliviousTransfer::next
I: RecvPublicKey::next
I: SystemObliviousTransfer::next
I: EncryptMessages::next
D:  sending message (size 0.001537 MB)
I: SystemObliviousTransfer::next
I: SendEncryptedMessages::next
I: SystemObliviousTransfer::next
I: SenderDone::next
I: SystemObliviousTransfer::next
I: SystemObliviousTransfer::next
I: InitSender::next
I: SystemObliviousTransfer::next
I: GenerateConstant::next
D:  sending message (size 0.000384 MB)
I: SystemObliviousTransfer::next
I: SendConstant::next
I: SystemObliviousTransfer::next
I: RecvPublicKey::next
I: SystemObliviousTransfer::next
I: EncryptMessages::next
D:  sending message (size 0.001539 MB)
I: SystemObliviousTransfer::next
I: SendEncryptedMessages::next
I: SystemObliviousTransfer::next
I: SenderDone::next
I: SystemObliviousTransfer::next
I: SystemObliviousTransfer::next
I: InitSender::next
I: SystemObliviousTransfer::next
I: GenerateConstant::next
D:  sending message (size 0.000384 MB)
I: SystemObliviousTransfer::next
I: SendConstant::next
I: SystemObliviousTransfer::next
I: RecvPublicKey::next
I: SystemObliviousTransfer::next
I: EncryptMessages::next
D:  sending message (size 0.001539 MB)
I: SystemObliviousTransfer::next
I: SendEncryptedMessages::next
I: SystemObliviousTransfer::next
I: SenderDone::next
I: SystemObliviousTransfer::next
I: SystemObliviousTransfer::next
I: InitSender::next
I: SystemObliviousTransfer::next
I: GenerateConstant::next
D:  sending message (size 0.000384 MB)
I: SystemObliviousTransfer::next
I: SendConstant::next
I: SystemObliviousTransfer::next
I: RecvPublicKey::next
I: SystemObliviousTransfer::next
I: EncryptMessages::next
D:  sending message (size 0.001539 MB)
I: SystemObliviousTransfer::next
I: SendEncryptedMessages::next
I: SystemObliviousTransfer::next
I: SenderDone::next
I: SystemObliviousTransfer::next
I: SystemObliviousTransfer::next
I: InitSender::next
I: SystemObliviousTransfer::next
I: GenerateConstant::next
D:  sending message (size 0.000384 MB)
I: SystemObliviousTransfer::next
I: SendConstant::next
I: SystemObliviousTransfer::next
I: RecvPublicKey::next
I: SystemObliviousTransfer::next
I: EncryptMessages::next
D:  sending message (size 0.001539 MB)
I: SystemObliviousTransfer::next
I: SendEncryptedMessages::next
I: SystemObliviousTransfer::next
I: SenderDone::next
I: SystemObliviousTransfer::next
I: SystemObliviousTransfer::next
I: InitSender::next
I: SystemObliviousTransfer::next
I: GenerateConstant::next
D:  sending message (size 0.000384 MB)
I: SystemObliviousTransfer::next
I: SendConstant::next
I: SystemObliviousTransfer::next
I: RecvPublicKey::next
I: SystemObliviousTransfer::next
I: EncryptMessages::next
D:  sending message (size 0.001538 MB)
I: SystemObliviousTransfer::next
I: SendEncryptedMessages::next
I: SystemObliviousTransfer::next
I: SenderDone::next
I: SystemObliviousTransfer::next
I: SystemObliviousTransfer::next
I: InitSender::next
I: SystemObliviousTransfer::next
I: GenerateConstant::next
D:  sending message (size 0.000384 MB)
I: SystemObliviousTransfer::next
I: SendConstant::next
I: SystemObliviousTransfer::next
I: RecvPublicKey::next
I: SystemObliviousTransfer::next
I: EncryptMessages::next
D:  sending message (size 0.001537 MB)
I: SystemObliviousTransfer::next
I: SendEncryptedMessages::next
I: SystemObliviousTransfer::next
I: SenderDone::next
I: SystemObliviousTransfer::next
I: SystemObliviousTransfer::next
I: RecvFlagBit::next
D: ==== round duration: 122224.625000 ms ====
I: UpdateSystem::next
I: GenerateGarbledGates::next
D:   garbling gate 10000
D:   garbling gate 20000
D:  sending message (size 33.813520 MB)
I: SendGarbledGates::next
D:   system input labels sent
D:  sending message (size 0.985430 MB)
I: SendSystemInputLabels::next
D:  sending message (size 0.000769 MB)
I: SendFlagBitLabels::next
I: RecvFlagBit::next
D: ==== round duration: 114562.101562 ms ====
I: UpdateSystem::next
I: GenerateGarbledGates::next
D:   garbling gate 10000
D:   garbling gate 20000
D:  sending message (size 33.813520 MB)
I: SendGarbledGates::next
D:   system input labels sent
D:  sending message (size 0.985418 MB)
I: SendSystemInputLabels::next
D:  sending message (size 0.000768 MB)
I: SendFlagBitLabels::next
I: RecvFlagBit::next
D: ==== round duration: 115814.351562 ms ====
I: SystemDone::next
