I: initializing safe primes...
I: using prime modulus 57896044618658097711785492504343953926634992332820282019728792003956565016447
I: received gate count 7127
I: InitSystem::next
I: RecvLabels::next
D:   timer started
D:   labels parsed
D:   flag bit label generated
D:   labels parsed, exponents generated in 11.388893 ms
I: GenerateGarbledGates::next
D:  sending message (size 2.565720 MB)
I: SendGarbledGates::next
D:   system input labels sent
D:  sending message (size 0.083015 MB)
I: SendSystemInputLabels::next
D:  sending message (size 0.000128 MB)
I: SendFlagBitLabels::next
I: SystemObliviousTransfer::next
I: InitSender::next
I: SystemObliviousTransfer::next
I: GenerateConstant::next
D:  sending message (size 0.000064 MB)
I: SystemObliviousTransfer::next
I: SendConstant::next
I: SystemObliviousTransfer::next
I: RecvPublicKey::next
I: SystemObliviousTransfer::next
I: EncryptMessages::next
D:  sending message (size 0.000259 MB)
I: SystemObliviousTransfer::next
I: SendEncryptedMessages::next
I: SystemObliviousTransfer::next
I: SenderDone::next
I: SystemObliviousTransfer::next
I: SystemObliviousTransfer::next
I: InitSender::next
I: SystemObliviousTransfer::next
I: GenerateConstant::next
D:  sending message (size 0.000064 MB)
I: SystemObliviousTransfer::next
I: SendConstant::next
I: SystemObliviousTransfer::next
I: RecvPublicKey::next
I: SystemObliviousTransfer::next
I: EncryptMessages::next
D:  sending message (size 0.000259 MB)
I: SystemObliviousTransfer::next
I: SendEncryptedMessages::next
I: SystemObliviousTransfer::next
I: SenderDone::next
I: SystemObliviousTransfer::next
I: SystemObliviousTransfer::next
I: InitSender::next
I: SystemObliviousTransfer::next
I: GenerateConstant::next
D:  sending message (size 0.000064 MB)
I: SystemObliviousTransfer::next
I: SendConstant::next
I: SystemObliviousTransfer::next
I: RecvPublicKey::next
I: SystemObliviousTransfer::next
I: EncryptMessages::next
D:  sending message (size 0.000259 MB)
I: SystemObliviousTransfer::next
I: SendEncryptedMessages::next
I: SystemObliviousTransfer::next
I: SenderDone::next
I: SystemObliviousTransfer::next
I: SystemObliviousTransfer::next
I: InitSender::next
I: SystemObliviousTransfer::next
I: GenerateConstant::next
D:  sending message (size 0.000064 MB)
I: SystemObliviousTransfer::next
I: SendConstant::next
I: SystemObliviousTransfer::next
I: RecvPublicKey::next
I: SystemObliviousTransfer::next
I: EncryptMessages::next
D:  sending message (size 0.000258 MB)
I: SystemObliviousTransfer::next
I: SendEncryptedMessages::next
I: SystemObliviousTransfer::next
I: SenderDone::next
I: SystemObliviousTransfer::next
I: SystemObliviousTransfer::next
I: InitSender::next
I: SystemObliviousTransfer::next
I: GenerateConstant::next
D:  sending message (size 0.000063 MB)
I: SystemObliviousTransfer::next
I: SendConstant::next
I: SystemObliviousTransfer::next
I: RecvPublicKey::next
I: SystemObliviousTransfer::next
I: EncryptMessages::next
D:  sending message (size 0.000259 MB)
I: SystemObliviousTransfer::next
I: SendEncryptedMessages::next
I: SystemObliviousTransfer::next
I: SenderDone::next
I: SystemObliviousTransfer::next
I: SystemObliviousTransfer::next
I: InitSender::next
I: SystemObliviousTransfer::next
I: GenerateConstant::next
D:  sending message (size 0.000064 MB)
I: SystemObliviousTransfer::next
I: SendConstant::next
I: SystemObliviousTransfer::next
I: RecvPublicKey::next
I: SystemObliviousTransfer::next
I: EncryptMessages::next
D:  sending message (size 0.000259 MB)
I: SystemObliviousTransfer::next
I: SendEncryptedMessages::next
I: SystemObliviousTransfer::next
I: SenderDone::next
I: SystemObliviousTransfer::next
I: SystemObliviousTransfer::next
I: InitSender::next
I: SystemObliviousTransfer::next
I: GenerateConstant::next
D:  sending message (size 0.000064 MB)
I: SystemObliviousTransfer::next
I: SendConstant::next
I: SystemObliviousTransfer::next
I: RecvPublicKey::next
I: SystemObliviousTransfer::next
I: EncryptMessages::next
D:  sending message (size 0.000259 MB)
I: SystemObliviousTransfer::next
I: SendEncryptedMessages::next
I: SystemObliviousTransfer::next
I: SenderDone::next
I: SystemObliviousTransfer::next
I: SystemObliviousTransfer::next
I: InitSender::next
I: SystemObliviousTransfer::next
I: GenerateConstant::next
D:  sending message (size 0.000064 MB)
I: SystemObliviousTransfer::next
I: SendConstant::next
I: SystemObliviousTransfer::next
I: RecvPublicKey::next
I: SystemObliviousTransfer::next
I: EncryptMessages::next
D:  sending message (size 0.000258 MB)
I: SystemObliviousTransfer::next
I: SendEncryptedMessages::next
I: SystemObliviousTransfer::next
I: SenderDone::next
I: SystemObliviousTransfer::next
I: SystemObliviousTransfer::next
I: InitSender::next
I: SystemObliviousTransfer::next
I: GenerateConstant::next
D:  sending message (size 0.000064 MB)
I: SystemObliviousTransfer::next
I: SendConstant::next
I: SystemObliviousTransfer::next
I: RecvPublicKey::next
I: SystemObliviousTransfer::next
I: EncryptMessages::next
D:  sending message (size 0.000259 MB)
I: SystemObliviousTransfer::next
I: SendEncryptedMessages::next
I: SystemObliviousTransfer::next
I: SenderDone::next
I: SystemObliviousTransfer::next
I: SystemObliviousTransfer::next
I: InitSender::next
I: SystemObliviousTransfer::next
I: GenerateConstant::next
D:  sending message (size 0.000064 MB)
I: SystemObliviousTransfer::next
I: SendConstant::next
I: SystemObliviousTransfer::next
I: RecvPublicKey::next
I: SystemObliviousTransfer::next
I: EncryptMessages::next
D:  sending message (size 0.000258 MB)
I: SystemObliviousTransfer::next
I: SendEncryptedMessages::next
I: SystemObliviousTransfer::next
I: SenderDone::next
I: SystemObliviousTransfer::next
I: SystemObliviousTransfer::next
I: InitSender::next
I: SystemObliviousTransfer::next
I: GenerateConstant::next
D:  sending message (size 0.000062 MB)
I: SystemObliviousTransfer::next
I: SendConstant::next
I: SystemObliviousTransfer::next
I: RecvPublicKey::next
I: SystemObliviousTransfer::next
I: EncryptMessages::next
D:  sending message (size 0.000258 MB)
I: SystemObliviousTransfer::next
I: SendEncryptedMessages::next
I: SystemObliviousTransfer::next
I: SenderDone::next
I: SystemObliviousTransfer::next
I: SystemObliviousTransfer::next
I: InitSender::next
I: SystemObliviousTransfer::next
I: GenerateConstant::next
D:  sending message (size 0.000064 MB)
I: SystemObliviousTransfer::next
I: SendConstant::next
I: SystemObliviousTransfer::next
I: RecvPublicKey::next
I: SystemObliviousTransfer::next
I: EncryptMessages::next
D:  sending message (size 0.000259 MB)
I: SystemObliviousTransfer::next
I: SendEncryptedMessages::next
I: SystemObliviousTransfer::next
I: SenderDone::next
I: SystemObliviousTransfer::next
I: SystemObliviousTransfer::next
I: InitSender::next
I: SystemObliviousTransfer::next
I: GenerateConstant::next
D:  sending message (size 0.000064 MB)
I: SystemObliviousTransfer::next
I: SendConstant::next
I: SystemObliviousTransfer::next
I: RecvPublicKey::next
I: SystemObliviousTransfer::next
I: EncryptMessages::next
D:  sending message (size 0.000259 MB)
I: SystemObliviousTransfer::next
I: SendEncryptedMessages::next
I: SystemObliviousTransfer::next
I: SenderDone::next
I: SystemObliviousTransfer::next
I: SystemObliviousTransfer::next
I: InitSender::next
I: SystemObliviousTransfer::next
I: GenerateConstant::next
D:  sending message (size 0.000064 MB)
I: SystemObliviousTransfer::next
I: SendConstant::next
I: SystemObliviousTransfer::next
I: RecvPublicKey::next
I: SystemObliviousTransfer::next
I: EncryptMessages::next
D:  sending message (size 0.000257 MB)
I: SystemObliviousTransfer::next
I: SendEncryptedMessages::next
I: SystemObliviousTransfer::next
I: SenderDone::next
I: SystemObliviousTransfer::next
I: SystemObliviousTransfer::next
I: InitSender::next
I: SystemObliviousTransfer::next
I: GenerateConstant::next
D:  sending message (size 0.000063 MB)
I: SystemObliviousTransfer::next
I: SendConstant::next
I: SystemObliviousTransfer::next
I: RecvPublicKey::next
I: SystemObliviousTransfer::next
I: EncryptMessages::next
D:  sending message (size 0.000259 MB)
I: SystemObliviousTransfer::next
I: SendEncryptedMessages::next
I: SystemObliviousTransfer::next
I: SenderDone::next
I: SystemObliviousTransfer::next
I: SystemObliviousTransfer::next
I: InitSender::next
I: SystemObliviousTransfer::next
I: GenerateConstant::next
D:  sending message (size 0.000064 MB)
I: SystemObliviousTransfer::next
I: SendConstant::next
I: SystemObliviousTransfer::next
I: RecvPublicKey::next
I: SystemObliviousTransfer::next
I: EncryptMessages::next
D:  sending message (size 0.000258 MB)
I: SystemObliviousTransfer::next
I: SendEncryptedMessages::next
I: SystemObliviousTransfer::next
I: SenderDone::next
I: SystemObliviousTransfer::next
I: SystemObliviousTransfer::next
I: InitSender::next
I: SystemObliviousTransfer::next
I: GenerateConstant::next
D:  sending message (size 0.000064 MB)
I: SystemObliviousTransfer::next
I: SendConstant::next
I: SystemObliviousTransfer::next
I: RecvPublicKey::next
I: SystemObliviousTransfer::next
I: EncryptMessages::next
D:  sending message (size 0.000259 MB)
I: SystemObliviousTransfer::next
I: SendEncryptedMessages::next
I: SystemObliviousTransfer::next
I: SenderDone::next
I: SystemObliviousTransfer::next
I: SystemObliviousTransfer::next
I: InitSender::next
I: SystemObliviousTransfer::next
I: GenerateConstant::next
D:  sending message (size 0.000064 MB)
I: SystemObliviousTransfer::next
I: SendConstant::next
I: SystemObliviousTransfer::next
I: RecvPublicKey::next
I: SystemObliviousTransfer::next
I: EncryptMessages::next
D:  sending message (size 0.000259 MB)
I: SystemObliviousTransfer::next
I: SendEncryptedMessages::next
I: SystemObliviousTransfer::next
I: SenderDone::next
I: SystemObliviousTransfer::next
I: SystemObliviousTransfer::next
I: InitSender::next
I: SystemObliviousTransfer::next
I: GenerateConstant::next
D:  sending message (size 0.000064 MB)
I: SystemObliviousTransfer::next
I: SendConstant::next
I: SystemObliviousTransfer::next
I: RecvPublicKey::next
I: SystemObliviousTransfer::next
I: EncryptMessages::next
D:  sending message (size 0.000259 MB)
I: SystemObliviousTransfer::next
I: SendEncryptedMessages::next
I: SystemObliviousTransfer::next
I: SenderDone::next
I: SystemObliviousTransfer::next
I: SystemObliviousTransfer::next
I: InitSender::next
I: SystemObliviousTransfer::next
I: GenerateConstant::next
D:  sending message (size 0.000064 MB)
I: SystemObliviousTransfer::next
I: SendConstant::next
I: SystemObliviousTransfer::next
I: RecvPublicKey::next
I: SystemObliviousTransfer::next
I: EncryptMessages::next
D:  sending message (size 0.000258 MB)
I: SystemObliviousTransfer::next
I: SendEncryptedMessages::next
I: SystemObliviousTransfer::next
I: SenderDone::next
I: SystemObliviousTransfer::next
I: SystemObliviousTransfer::next
I: InitSender::next
I: SystemObliviousTransfer::next
I: GenerateConstant::next
D:  sending message (size 0.000064 MB)
I: SystemObliviousTransfer::next
I: SendConstant::next
I: SystemObliviousTransfer::next
I: RecvPublicKey::next
I: SystemObliviousTransfer::next
I: EncryptMessages::next
D:  sending message (size 0.000259 MB)
I: SystemObliviousTransfer::next
I: SendEncryptedMessages::next
I: SystemObliviousTransfer::next
I: SenderDone::next
I: SystemObliviousTransfer::next
I: SystemObliviousTransfer::next
I: InitSender::next
I: SystemObliviousTransfer::next
I: GenerateConstant::next
D:  sending message (size 0.000064 MB)
I: SystemObliviousTransfer::next
I: SendConstant::next
I: SystemObliviousTransfer::next
I: RecvPublicKey::next
I: SystemObliviousTransfer::next
I: EncryptMessages::next
D:  sending message (size 0.000259 MB)
I: SystemObliviousTransfer::next
I: SendEncryptedMessages::next
I: SystemObliviousTransfer::next
I: SenderDone::next
I: SystemObliviousTransfer::next
I: SystemObliviousTransfer::next
I: InitSender::next
I: SystemObliviousTransfer::next
I: GenerateConstant::next
D:  sending message (size 0.000064 MB)
I: SystemObliviousTransfer::next
I: SendConstant::next
I: SystemObliviousTransfer::next
I: RecvPublicKey::next
I: SystemObliviousTransfer::next
I: EncryptMessages::next
D:  sending message (size 0.000258 MB)
I: SystemObliviousTransfer::next
I: SendEncryptedMessages::next
I: SystemObliviousTransfer::next
I: SenderDone::next
I: SystemObliviousTransfer::next
I: SystemObliviousTransfer::next
I: InitSender::next
I: SystemObliviousTransfer::next
I: GenerateConstant::next
D:  sending message (size 0.000064 MB)
I: SystemObliviousTransfer::next
I: SendConstant::next
I: SystemObliviousTransfer::next
I: RecvPublicKey::next
I: SystemObliviousTransfer::next
I: EncryptMessages::next
D:  sending message (size 0.000259 MB)
I: SystemObliviousTransfer::next
I: SendEncryptedMessages::next
I: SystemObliviousTransfer::next
I: SenderDone::next
I: SystemObliviousTransfer::next
I: SystemObliviousTransfer::next
I: InitSender::next
I: SystemObliviousTransfer::next
I: GenerateConstant::next
D:  sending message (size 0.000064 MB)
I: SystemObliviousTransfer::next
I: SendConstant::next
I: SystemObliviousTransfer::next
I: RecvPublicKey::next
I: SystemObliviousTransfer::next
I: EncryptMessages::next
D:  sending message (size 0.000259 MB)
I: SystemObliviousTransfer::next
I: SendEncryptedMessages::next
I: SystemObliviousTransfer::next
I: SenderDone::next
I: SystemObliviousTransfer::next
I: SystemObliviousTransfer::next
I: InitSender::next
I: SystemObliviousTransfer::next
I: GenerateConstant::next
D:  sending message (size 0.000064 MB)
I: SystemObliviousTransfer::next
I: SendConstant::next
I: SystemObliviousTransfer::next
I: RecvPublicKey::next
I: SystemObliviousTransfer::next
I: EncryptMessages::next
D:  sending message (size 0.000259 MB)
I: SystemObliviousTransfer::next
I: SendEncryptedMessages::next
I: SystemObliviousTransfer::next
I: SenderDone::next
I: SystemObliviousTransfer::next
I: SystemObliviousTransfer::next
I: InitSender::next
I: SystemObliviousTransfer::next
I: GenerateConstant::next
D:  sending message (size 0.000064 MB)
I: SystemObliviousTransfer::next
I: SendConstant::next
I: SystemObliviousTransfer::next
I: RecvPublicKey::next
I: SystemObliviousTransfer::next
I: EncryptMessages::next
D:  sending message (size 0.000257 MB)
I: SystemObliviousTransfer::next
I: SendEncryptedMessages::next
I: SystemObliviousTransfer::next
I: SenderDone::next
I: SystemObliviousTransfer::next
I: SystemObliviousTransfer::next
I: InitSender::next
I: SystemObliviousTransfer::next
I: GenerateConstant::next
D:  sending message (size 0.000064 MB)
I: SystemObliviousTransfer::next
I: SendConstant::next
I: SystemObliviousTransfer::next
I: RecvPublicKey::next
I: SystemObliviousTransfer::next
I: EncryptMessages::next
D:  sending message (size 0.000259 MB)
I: SystemObliviousTransfer::next
I: SendEncryptedMessages::next
I: SystemObliviousTransfer::next
I: SenderDone::next
I: SystemObliviousTransfer::next
I: SystemObliviousTransfer::next
I: InitSender::next
I: SystemObliviousTransfer::next
I: GenerateConstant::next
D:  sending message (size 0.000064 MB)
I: SystemObliviousTransfer::next
I: SendConstant::next
I: SystemObliviousTransfer::next
I: RecvPublicKey::next
I: SystemObliviousTransfer::next
I: EncryptMessages::next
D:  sending message (size 0.000259 MB)
I: SystemObliviousTransfer::next
I: SendEncryptedMessages::next
I: SystemObliviousTransfer::next
I: SenderDone::next
I: SystemObliviousTransfer::next
I: SystemObliviousTransfer::next
I: InitSender::next
I: SystemObliviousTransfer::next
I: GenerateConstant::next
D:  sending message (size 0.000064 MB)
I: SystemObliviousTransfer::next
I: SendConstant::next
I: SystemObliviousTransfer::next
I: RecvPublicKey::next
I: SystemObliviousTransfer::next
I: EncryptMessages::next
D:  sending message (size 0.000259 MB)
I: SystemObliviousTransfer::next
I: SendEncryptedMessages::next
I: SystemObliviousTransfer::next
I: SenderDone::next
I: SystemObliviousTransfer::next
I: SystemObliviousTransfer::next
I: InitSender::next
I: SystemObliviousTransfer::next
I: GenerateConstant::next
D:  sending message (size 0.000064 MB)
I: SystemObliviousTransfer::next
I: SendConstant::next
I: SystemObliviousTransfer::next
I: RecvPublicKey::next
I: SystemObliviousTransfer::next
I: EncryptMessages::next
D:  sending message (size 0.000259 MB)
I: SystemObliviousTransfer::next
I: SendEncryptedMessages::next
I: SystemObliviousTransfer::next
I: SenderDone::next
I: SystemObliviousTransfer::next
I: SystemObliviousTransfer::next
I: InitSender::next
I: SystemObliviousTransfer::next
I: GenerateConstant::next
D:  sending message (size 0.000064 MB)
I: SystemObliviousTransfer::next
I: SendConstant::next
I: SystemObliviousTransfer::next
I: RecvPublicKey::next
I: SystemObliviousTransfer::next
I: EncryptMessages::next
D:  sending message (size 0.000258 MB)
I: SystemObliviousTransfer::next
I: SendEncryptedMessages::next
I: SystemObliviousTransfer::next
I: SenderDone::next
I: SystemObliviousTransfer::next
I: SystemObliviousTransfer::next
I: RecvFlagBit::next
D: ==== round duration: 601.376221 ms ====
I: UpdateSystem::next
I: GenerateGarbledGates::next
D:  sending message (size 2.565720 MB)
I: SendGarbledGates::next
D:   system input labels sent
D:  sending message (size 0.083040 MB)
I: SendSystemInputLabels::next
D:  sending message (size 0.000129 MB)
I: SendFlagBitLabels::next
I: RecvFlagBit::next
D: ==== round duration: 602.475098 ms ====
I: UpdateSystem::next
I: GenerateGarbledGates::next
D:  sending message (size 2.565720 MB)
I: SendGarbledGates::next
D:   system input labels sent
D:  sending message (size 0.083050 MB)
I: SendSystemInputLabels::next
D:  sending message (size 0.000129 MB)
I: SendFlagBitLabels::next
I: RecvFlagBit::next
D: ==== round duration: 597.175171 ms ====
I: SystemDone::next
