I: initializing safe primes...
I: using prime modulus 57896044618658097711785492504343953926634992332820282019728792003956565016447
I: received gate count 14542
I: InitSystem::next
I: RecvLabels::next
D:   timer started
D:   labels parsed
D:   flag bit label generated
D:   labels parsed, exponents generated in 25.614489 ms
I: GenerateGarbledGates::next
D:   garbling gate 10000
D:  sending message (size 5.235120 MB)
I: SendGarbledGates::next
D:   system input labels sent
D:  sending message (size 0.166113 MB)
I: SendSystemInputLabels::next
D:  sending message (size 0.000128 MB)
I: SendFlagBitLabels::next
I: SystemObliviousTransfer::next
I: InitSender::next
I: SystemObliviousTransfer::next
I: GenerateConstant::next
D:  sending message (size 0.000064 MB)
I: SystemObliviousTransfer::next
I: SendConstant::next
I: SystemObliviousTransfer::next
I: RecvPublicKey::next
I: SystemObliviousTransfer::next
I: EncryptMessages::next
D:  sending message (size 0.000258 MB)
I: SystemObliviousTransfer::next
I: SendEncryptedMessages::next
I: SystemObliviousTransfer::next
I: SenderDone::next
I: SystemObliviousTransfer::next
I: SystemObliviousTransfer::next
I: InitSender::next
I: SystemObliviousTransfer::next
I: GenerateConstant::next
D:  sending message (size 0.000064 MB)
I: SystemObliviousTransfer::next
I: SendConstant::next
I: SystemObliviousTransfer::next
I: RecvPublicKey::next
I: SystemObliviousTransfer::next
I: EncryptMessages::next
D:  sending message (size 0.000259 MB)
I: SystemObliviousTransfer::next
I: SendEncryptedMessages::next
I: SystemObliviousTransfer::next
I: SenderDone::next
I: SystemObliviousTransfer::next
I: SystemObliviousTransfer::next
I: InitSender::next
I: SystemObliviousTransfer::next
I: GenerateConstant::next
D:  sending message (size 0.000063 MB)
I: SystemObliviousTransfer::next
I: SendConstant::next
I: SystemObliviousTransfer::next
I: RecvPublicKey::next
I: SystemObliviousTransfer::next
I: EncryptMessages::next
D:  sending message (size 0.000258 MB)
I: SystemObliviousTransfer::next
I: SendEncryptedMessages::next
I: SystemObliviousTransfer::next
I: SenderDone::next
I: SystemObliviousTransfer::next
I: SystemObliviousTransfer::next
I: InitSender::next
I: SystemObliviousTransfer::next
I: GenerateConstant::next
D:  sending message (size 0.000064 MB)
I: SystemObliviousTransfer::next
I: SendConstant::next
I: SystemObliviousTransfer::next
I: RecvPublicKey::next
I: SystemObliviousTransfer::next
I: EncryptMessages::next
D:  sending message (size 0.000257 MB)
I: SystemObliviousTransfer::next
I: SendEncryptedMessages::next
I: SystemObliviousTransfer::next
I: SenderDone::next
I: SystemObliviousTransfer::next
I: SystemObliviousTransfer::next
I: InitSender::next
I: SystemObliviousTransfer::next
I: GenerateConstant::next
D:  sending message (size 0.000064 MB)
I: SystemObliviousTransfer::next
I: SendConstant::next
I: SystemObliviousTransfer::next
I: RecvPublicKey::next
I: SystemObliviousTransfer::next
I: EncryptMessages::next
D:  sending message (size 0.000259 MB)
I: SystemObliviousTransfer::next
I: SendEncryptedMessages::next
I: SystemObliviousTransfer::next
I: SenderDone::next
I: SystemObliviousTransfer::next
I: SystemObliviousTransfer::next
I: InitSender::next
I: SystemObliviousTransfer::next
I: GenerateConstant::next
D:  sending message (size 0.000063 MB)
I: SystemObliviousTransfer::next
I: SendConstant::next
I: SystemObliviousTransfer::next
I: RecvPublicKey::next
I: SystemObliviousTransfer::next
I: EncryptMessages::next
D:  sending message (size 0.000258 MB)
I: SystemObliviousTransfer::next
I: SendEncryptedMessages::next
I: SystemObliviousTransfer::next
I: SenderDone::next
I: SystemObliviousTransfer::next
I: SystemObliviousTransfer::next
I: InitSender::next
I: SystemObliviousTransfer::next
I: GenerateConstant::next
D:  sending message (size 0.000064 MB)
I: SystemObliviousTransfer::next
I: SendConstant::next
I: SystemObliviousTransfer::next
I: RecvPublicKey::next
I: SystemObliviousTransfer::next
I: EncryptMessages::next
D:  sending message (size 0.000259 MB)
I: SystemObliviousTransfer::next
I: SendEncryptedMessages::next
I: SystemObliviousTransfer::next
I: SenderDone::next
I: SystemObliviousTransfer::next
I: SystemObliviousTransfer::next
I: InitSender::next
I: SystemObliviousTransfer::next
I: GenerateConstant::next
D:  sending message (size 0.000064 MB)
I: SystemObliviousTransfer::next
I: SendConstant::next
I: SystemObliviousTransfer::next
I: RecvPublicKey::next
I: SystemObliviousTransfer::next
I: EncryptMessages::next
D:  sending message (size 0.000259 MB)
I: SystemObliviousTransfer::next
I: SendEncryptedMessages::next
I: SystemObliviousTransfer::next
I: SenderDone::next
I: SystemObliviousTransfer::next
I: SystemObliviousTransfer::next
I: InitSender::next
I: SystemObliviousTransfer::next
I: GenerateConstant::next
D:  sending message (size 0.000064 MB)
I: SystemObliviousTransfer::next
I: SendConstant::next
I: SystemObliviousTransfer::next
I: RecvPublicKey::next
I: SystemObliviousTransfer::next
I: EncryptMessages::next
D:  sending message (size 0.000258 MB)
I: SystemObliviousTransfer::next
I: SendEncryptedMessages::next
I: SystemObliviousTransfer::next
I: SenderDone::next
I: SystemObliviousTransfer::next
I: SystemObliviousTransfer::next
I: InitSender::next
I: SystemObliviousTransfer::next
I: GenerateConstant::next
D:  sending message (size 0.000064 MB)
I: SystemObliviousTransfer::next
I: SendConstant::next
I: SystemObliviousTransfer::next
I: RecvPublicKey::next
I: SystemObliviousTransfer::next
I: EncryptMessages::next
D:  sending message (size 0.000259 MB)
I: SystemObliviousTransfer::next
I: SendEncryptedMessages::next
I: SystemObliviousTransfer::next
I: SenderDone::next
I: SystemObliviousTransfer::next
I: SystemObliviousTransfer::next
I: InitSender::next
I: SystemObliviousTransfer::next
I: GenerateConstant::next
D:  sending message (size 0.000064 MB)
I: SystemObliviousTransfer::next
I: SendConstant::next
I: SystemObliviousTransfer::next
I: RecvPublicKey::next
I: SystemObliviousTransfer::next
I: EncryptMessages::next
D:  sending message (size 0.000259 MB)
I: SystemObliviousTransfer::next
I: SendEncryptedMessages::next
I: SystemObliviousTransfer::next
I: SenderDone::next
I: SystemObliviousTransfer::next
I: SystemObliviousTransfer::next
I: InitSender::next
I: SystemObliviousTransfer::next
I: GenerateConstant::next
D:  sending message (size 0.000064 MB)
I: SystemObliviousTransfer::next
I: SendConstant::next
I: SystemObliviousTransfer::next
I: RecvPublicKey::next
I: SystemObliviousTransfer::next
I: EncryptMessages::next
D:  sending message (size 0.000259 MB)
I: SystemObliviousTransfer::next
I: SendEncryptedMessages::next
I: SystemObliviousTransfer::next
I: SenderDone::next
I: SystemObliviousTransfer::next
I: SystemObliviousTransfer::next
I: InitSender::next
I: SystemObliviousTransfer::next
I: GenerateConstant::next
D:  sending message (size 0.000063 MB)
I: SystemObliviousTransfer::next
I: SendConstant::next
I: SystemObliviousTransfer::next
I: RecvPublicKey::next
I: SystemObliviousTransfer::next
I: EncryptMessages::next
D:  sending message (size 0.000257 MB)
I: SystemObliviousTransfer::next
I: SendEncryptedMessages::next
I: SystemObliviousTransfer::next
I: SenderDone::next
I: SystemObliviousTransfer::next
I: SystemObliviousTransfer::next
I: InitSender::next
I: SystemObliviousTransfer::next
I: GenerateConstant::next
D:  sending message (size 0.000064 MB)
I: SystemObliviousTransfer::next
I: SendConstant::next
I: SystemObliviousTransfer::next
I: RecvPublicKey::next
I: SystemObliviousTransfer::next
I: EncryptMessages::next
D:  sending message (size 0.000259 MB)
I: SystemObliviousTransfer::next
I: SendEncryptedMessages::next
I: SystemObliviousTransfer::next
I: SenderDone::next
I: SystemObliviousTransfer::next
I: SystemObliviousTransfer::next
I: InitSender::next
I: SystemObliviousTransfer::next
I: GenerateConstant::next
D:  sending message (size 0.000064 MB)
I: SystemObliviousTransfer::next
I: SendConstant::next
I: SystemObliviousTransfer::next
I: RecvPublicKey::next
I: SystemObliviousTransfer::next
I: EncryptMessages::next
D:  sending message (size 0.000259 MB)
I: SystemObliviousTransfer::next
I: SendEncryptedMessages::next
I: SystemObliviousTransfer::next
I: SenderDone::next
I: SystemObliviousTransfer::next
I: SystemObliviousTransfer::next
I: InitSender::next
I: SystemObliviousTransfer::next
I: GenerateConstant::next
D:  sending message (size 0.000064 MB)
I: SystemObliviousTransfer::next
I: SendConstant::next
I: SystemObliviousTransfer::next
I: RecvPublicKey::next
I: SystemObliviousTransfer::next
I: EncryptMessages::next
D:  sending message (size 0.000258 MB)
I: SystemObliviousTransfer::next
I: SendEncryptedMessages::next
I: SystemObliviousTransfer::next
I: SenderDone::next
I: SystemObliviousTransfer::next
I: SystemObliviousTransfer::next
I: InitSender::next
I: SystemObliviousTransfer::next
I: GenerateConstant::next
D:  sending message (size 0.000064 MB)
I: SystemObliviousTransfer::next
I: SendConstant::next
I: SystemObliviousTransfer::next
I: RecvPublicKey::next
I: SystemObliviousTransfer::next
I: EncryptMessages::next
D:  sending message (size 0.000259 MB)
I: SystemObliviousTransfer::next
I: SendEncryptedMessages::next
I: SystemObliviousTransfer::next
I: SenderDone::next
I: SystemObliviousTransfer::next
I: SystemObliviousTransfer::next
I: InitSender::next
I: SystemObliviousTransfer::next
I: GenerateConstant::next
D:  sending message (size 0.000064 MB)
I: SystemObliviousTransfer::next
I: SendConstant::next
I: SystemObliviousTransfer::next
I: RecvPublicKey::next
I: SystemObliviousTransfer::next
I: EncryptMessages::next
D:  sending message (size 0.000258 MB)
I: SystemObliviousTransfer::next
I: SendEncryptedMessages::next
I: SystemObliviousTransfer::next
I: SenderDone::next
I: SystemObliviousTransfer::next
I: SystemObliviousTransfer::next
I: InitSender::next
I: SystemObliviousTransfer::next
I: GenerateConstant::next
D:  sending message (size 0.000064 MB)
I: SystemObliviousTransfer::next
I: SendConstant::next
I: SystemObliviousTransfer::next
I: RecvPublicKey::next
I: SystemObliviousTransfer::next
I: EncryptMessages::next
D:  sending message (size 0.000259 MB)
I: SystemObliviousTransfer::next
I: SendEncryptedMessages::next
I: SystemObliviousTransfer::next
I: SenderDone::next
I: SystemObliviousTransfer::next
I: SystemObliviousTransfer::next
I: InitSender::next
I: SystemObliviousTransfer::next
I: GenerateConstant::next
D:  sending message (size 0.000064 MB)
I: SystemObliviousTransfer::next
I: SendConstant::next
I: SystemObliviousTransfer::next
I: RecvPublicKey::next
I: SystemObliviousTransfer::next
I: EncryptMessages::next
D:  sending message (size 0.000259 MB)
I: SystemObliviousTransfer::next
I: SendEncryptedMessages::next
I: SystemObliviousTransfer::next
I: SenderDone::next
I: SystemObliviousTransfer::next
I: SystemObliviousTransfer::next
I: InitSender::next
I: SystemObliviousTransfer::next
I: GenerateConstant::next
D:  sending message (size 0.000063 MB)
I: SystemObliviousTransfer::next
I: SendConstant::next
I: SystemObliviousTransfer::next
I: RecvPublicKey::next
I: SystemObliviousTransfer::next
I: EncryptMessages::next
D:  sending message (size 0.000259 MB)
I: SystemObliviousTransfer::next
I: SendEncryptedMessages::next
I: SystemObliviousTransfer::next
I: SenderDone::next
I: SystemObliviousTransfer::next
I: SystemObliviousTransfer::next
I: InitSender::next
I: SystemObliviousTransfer::next
I: GenerateConstant::next
D:  sending message (size 0.000064 MB)
I: SystemObliviousTransfer::next
I: SendConstant::next
I: SystemObliviousTransfer::next
I: RecvPublicKey::next
I: SystemObliviousTransfer::next
I: EncryptMessages::next
D:  sending message (size 0.000259 MB)
I: SystemObliviousTransfer::next
I: SendEncryptedMessages::next
I: SystemObliviousTransfer::next
I: SenderDone::next
I: SystemObliviousTransfer::next
I: SystemObliviousTransfer::next
I: InitSender::next
I: SystemObliviousTransfer::next
I: GenerateConstant::next
D:  sending message (size 0.000064 MB)
I: SystemObliviousTransfer::next
I: SendConstant::next
I: SystemObliviousTransfer::next
I: RecvPublicKey::next
I: SystemObliviousTransfer::next
I: EncryptMessages::next
D:  sending message (size 0.000259 MB)
I: SystemObliviousTransfer::next
I: SendEncryptedMessages::next
I: SystemObliviousTransfer::next
I: SenderDone::next
I: SystemObliviousTransfer::next
I: SystemObliviousTransfer::next
I: InitSender::next
I: SystemObliviousTransfer::next
I: GenerateConstant::next
D:  sending message (size 0.000064 MB)
I: SystemObliviousTransfer::next
I: SendConstant::next
I: SystemObliviousTransfer::next
I: RecvPublicKey::next
I: SystemObliviousTransfer::next
I: EncryptMessages::next
D:  sending message (size 0.000258 MB)
I: SystemObliviousTransfer::next
I: SendEncryptedMessages::next
I: SystemObliviousTransfer::next
I: SenderDone::next
I: SystemObliviousTransfer::next
I: SystemObliviousTransfer::next
I: InitSender::next
I: SystemObliviousTransfer::next
I: GenerateConstant::next
D:  sending message (size 0.000064 MB)
I: SystemObliviousTransfer::next
I: SendConstant::next
I: SystemObliviousTransfer::next
I: RecvPublicKey::next
I: SystemObliviousTransfer::next
I: EncryptMessages::next
D:  sending message (size 0.000258 MB)
I: SystemObliviousTransfer::next
I: SendEncryptedMessages::next
I: SystemObliviousTransfer::next
I: SenderDone::next
I: SystemObliviousTransfer::next
I: SystemObliviousTransfer::next
I: InitSender::next
I: SystemObliviousTransfer::next
I: GenerateConstant::next
D:  sending message (size 0.000064 MB)
I: SystemObliviousTransfer::next
I: SendConstant::next
I: SystemObliviousTransfer::next
I: RecvPublicKey::next
I: SystemObliviousTransfer::next
I: EncryptMessages::next
D:  sending message (size 0.000259 MB)
I: SystemObliviousTransfer::next
I: SendEncryptedMessages::next
I: SystemObliviousTransfer::next
I: SenderDone::next
I: SystemObliviousTransfer::next
I: SystemObliviousTransfer::next
I: InitSender::next
I: SystemObliviousTransfer::next
I: GenerateConstant::next
D:  sending message (size 0.000064 MB)
I: SystemObliviousTransfer::next
I: SendConstant::next
I: SystemObliviousTransfer::next
I: RecvPublicKey::next
I: SystemObliviousTransfer::next
I: EncryptMessages::next
D:  sending message (size 0.000259 MB)
I: SystemObliviousTransfer::next
I: SendEncryptedMessages::next
I: SystemObliviousTransfer::next
I: SenderDone::next
I: SystemObliviousTransfer::next
I: SystemObliviousTransfer::next
I: InitSender::next
I: SystemObliviousTransfer::next
I: GenerateConstant::next
D:  sending message (size 0.000063 MB)
I: SystemObliviousTransfer::next
I: SendConstant::next
I: SystemObliviousTransfer::next
I: RecvPublicKey::next
I: SystemObliviousTransfer::next
I: EncryptMessages::next
D:  sending message (size 0.000257 MB)
I: SystemObliviousTransfer::next
I: SendEncryptedMessages::next
I: SystemObliviousTransfer::next
I: SenderDone::next
I: SystemObliviousTransfer::next
I: SystemObliviousTransfer::next
I: InitSender::next
I: SystemObliviousTransfer::next
I: GenerateConstant::next
D:  sending message (size 0.000064 MB)
I: SystemObliviousTransfer::next
I: SendConstant::next
I: SystemObliviousTransfer::next
I: RecvPublicKey::next
I: SystemObliviousTransfer::next
I: EncryptMessages::next
D:  sending message (size 0.000259 MB)
I: SystemObliviousTransfer::next
I: SendEncryptedMessages::next
I: SystemObliviousTransfer::next
I: SenderDone::next
I: SystemObliviousTransfer::next
I: SystemObliviousTransfer::next
I: InitSender::next
I: SystemObliviousTransfer::next
I: GenerateConstant::next
D:  sending message (size 0.000062 MB)
I: SystemObliviousTransfer::next
I: SendConstant::next
I: SystemObliviousTransfer::next
I: RecvPublicKey::next
I: SystemObliviousTransfer::next
I: EncryptMessages::next
D:  sending message (size 0.000257 MB)
I: SystemObliviousTransfer::next
I: SendEncryptedMessages::next
I: SystemObliviousTransfer::next
I: SenderDone::next
I: SystemObliviousTransfer::next
I: SystemObliviousTransfer::next
I: InitSender::next
I: SystemObliviousTransfer::next
I: GenerateConstant::next
D:  sending message (size 0.000064 MB)
I: SystemObliviousTransfer::next
I: SendConstant::next
I: SystemObliviousTransfer::next
I: RecvPublicKey::next
I: SystemObliviousTransfer::next
I: EncryptMessages::next
D:  sending message (size 0.000259 MB)
I: SystemObliviousTransfer::next
I: SendEncryptedMessages::next
I: SystemObliviousTransfer::next
I: SenderDone::next
I: SystemObliviousTransfer::next
I: SystemObliviousTransfer::next
I: InitSender::next
I: SystemObliviousTransfer::next
I: GenerateConstant::next
D:  sending message (size 0.000063 MB)
I: SystemObliviousTransfer::next
I: SendConstant::next
I: SystemObliviousTransfer::next
I: RecvPublicKey::next
I: SystemObliviousTransfer::next
I: EncryptMessages::next
D:  sending message (size 0.000259 MB)
I: SystemObliviousTransfer::next
I: SendEncryptedMessages::next
I: SystemObliviousTransfer::next
I: SenderDone::next
I: SystemObliviousTransfer::next
I: SystemObliviousTransfer::next
I: InitSender::next
I: SystemObliviousTransfer::next
I: GenerateConstant::next
D:  sending message (size 0.000064 MB)
I: SystemObliviousTransfer::next
I: SendConstant::next
I: SystemObliviousTransfer::next
I: RecvPublicKey::next
I: SystemObliviousTransfer::next
I: EncryptMessages::next
D:  sending message (size 0.000258 MB)
I: SystemObliviousTransfer::next
I: SendEncryptedMessages::next
I: SystemObliviousTransfer::next
I: SenderDone::next
I: SystemObliviousTransfer::next
I: SystemObliviousTransfer::next
I: InitSender::next
I: SystemObliviousTransfer::next
I: GenerateConstant::next
D:  sending message (size 0.000064 MB)
I: SystemObliviousTransfer::next
I: SendConstant::next
I: SystemObliviousTransfer::next
I: RecvPublicKey::next
I: SystemObliviousTransfer::next
I: EncryptMessages::next
D:  sending message (size 0.000258 MB)
I: SystemObliviousTransfer::next
I: SendEncryptedMessages::next
I: SystemObliviousTransfer::next
I: SenderDone::next
I: SystemObliviousTransfer::next
I: SystemObliviousTransfer::next
I: InitSender::next
I: SystemObliviousTransfer::next
I: GenerateConstant::next
D:  sending message (size 0.000064 MB)
I: SystemObliviousTransfer::next
I: SendConstant::next
I: SystemObliviousTransfer::next
I: RecvPublicKey::next
I: SystemObliviousTransfer::next
I: EncryptMessages::next
D:  sending message (size 0.000259 MB)
I: SystemObliviousTransfer::next
I: SendEncryptedMessages::next
I: SystemObliviousTransfer::next
I: SenderDone::next
I: SystemObliviousTransfer::next
I: SystemObliviousTransfer::next
I: InitSender::next
I: SystemObliviousTransfer::next
I: GenerateConstant::next
D:  sending message (size 0.000064 MB)
I: SystemObliviousTransfer::next
I: SendConstant::next
I: SystemObliviousTransfer::next
I: RecvPublicKey::next
I: SystemObliviousTransfer::next
I: EncryptMessages::next
D:  sending message (size 0.000257 MB)
I: SystemObliviousTransfer::next
I: SendEncryptedMessages::next
I: SystemObliviousTransfer::next
I: SenderDone::next
I: SystemObliviousTransfer::next
I: SystemObliviousTransfer::next
I: InitSender::next
I: SystemObliviousTransfer::next
I: GenerateConstant::next
D:  sending message (size 0.000064 MB)
I: SystemObliviousTransfer::next
I: SendConstant::next
I: SystemObliviousTransfer::next
I: RecvPublicKey::next
I: SystemObliviousTransfer::next
I: EncryptMessages::next
D:  sending message (size 0.000258 MB)
I: SystemObliviousTransfer::next
I: SendEncryptedMessages::next
I: SystemObliviousTransfer::next
I: SenderDone::next
I: SystemObliviousTransfer::next
I: SystemObliviousTransfer::next
I: InitSender::next
I: SystemObliviousTransfer::next
I: GenerateConstant::next
D:  sending message (size 0.000064 MB)
I: SystemObliviousTransfer::next
I: SendConstant::next
I: SystemObliviousTransfer::next
I: RecvPublicKey::next
I: SystemObliviousTransfer::next
I: EncryptMessages::next
D:  sending message (size 0.000258 MB)
I: SystemObliviousTransfer::next
I: SendEncryptedMessages::next
I: SystemObliviousTransfer::next
I: SenderDone::next
I: SystemObliviousTransfer::next
I: SystemObliviousTransfer::next
I: InitSender::next
I: SystemObliviousTransfer::next
I: GenerateConstant::next
D:  sending message (size 0.000062 MB)
I: SystemObliviousTransfer::next
I: SendConstant::next
I: SystemObliviousTransfer::next
I: RecvPublicKey::next
I: SystemObliviousTransfer::next
I: EncryptMessages::next
D:  sending message (size 0.000258 MB)
I: SystemObliviousTransfer::next
I: SendEncryptedMessages::next
I: SystemObliviousTransfer::next
I: SenderDone::next
I: SystemObliviousTransfer::next
I: SystemObliviousTransfer::next
I: InitSender::next
I: SystemObliviousTransfer::next
I: GenerateConstant::next
D:  sending message (size 0.000064 MB)
I: SystemObliviousTransfer::next
I: SendConstant::next
I: SystemObliviousTransfer::next
I: RecvPublicKey::next
I: SystemObliviousTransfer::next
I: EncryptMessages::next
D:  sending message (size 0.000259 MB)
I: SystemObliviousTransfer::next
I: SendEncryptedMessages::next
I: SystemObliviousTransfer::next
I: SenderDone::next
I: SystemObliviousTransfer::next
I: SystemObliviousTransfer::next
I: InitSender::next
I: SystemObliviousTransfer::next
I: GenerateConstant::next
D:  sending message (size 0.000063 MB)
I: SystemObliviousTransfer::next
I: SendConstant::next
I: SystemObliviousTransfer::next
I: RecvPublicKey::next
I: SystemObliviousTransfer::next
I: EncryptMessages::next
D:  sending message (size 0.000259 MB)
I: SystemObliviousTransfer::next
I: SendEncryptedMessages::next
I: SystemObliviousTransfer::next
I: SenderDone::next
I: SystemObliviousTransfer::next
I: SystemObliviousTransfer::next
I: InitSender::next
I: SystemObliviousTransfer::next
I: GenerateConstant::next
D:  sending message (size 0.000064 MB)
I: SystemObliviousTransfer::next
I: SendConstant::next
I: SystemObliviousTransfer::next
I: RecvPublicKey::next
I: SystemObliviousTransfer::next
I: EncryptMessages::next
D:  sending message (size 0.000259 MB)
I: SystemObliviousTransfer::next
I: SendEncryptedMessages::next
I: SystemObliviousTransfer::next
I: SenderDone::next
I: SystemObliviousTransfer::next
I: SystemObliviousTransfer::next
I: InitSender::next
I: SystemObliviousTransfer::next
I: GenerateConstant::next
D:  sending message (size 0.000064 MB)
I: SystemObliviousTransfer::next
I: SendConstant::next
I: SystemObliviousTransfer::next
I: RecvPublicKey::next
I: SystemObliviousTransfer::next
I: EncryptMessages::next
D:  sending message (size 0.000259 MB)
I: SystemObliviousTransfer::next
I: SendEncryptedMessages::next
I: SystemObliviousTransfer::next
I: SenderDone::next
I: SystemObliviousTransfer::next
I: SystemObliviousTransfer::next
I: InitSender::next
I: SystemObliviousTransfer::next
I: GenerateConstant::next
D:  sending message (size 0.000063 MB)
I: SystemObliviousTransfer::next
I: SendConstant::next
I: SystemObliviousTransfer::next
I: RecvPublicKey::next
I: SystemObliviousTransfer::next
I: EncryptMessages::next
D:  sending message (size 0.000258 MB)
I: SystemObliviousTransfer::next
I: SendEncryptedMessages::next
I: SystemObliviousTransfer::next
I: SenderDone::next
I: SystemObliviousTransfer::next
I: SystemObliviousTransfer::next
I: InitSender::next
I: SystemObliviousTransfer::next
I: GenerateConstant::next
D:  sending message (size 0.000064 MB)
I: SystemObliviousTransfer::next
I: SendConstant::next
I: SystemObliviousTransfer::next
I: RecvPublicKey::next
I: SystemObliviousTransfer::next
I: EncryptMessages::next
D:  sending message (size 0.000259 MB)
I: SystemObliviousTransfer::next
I: SendEncryptedMessages::next
I: SystemObliviousTransfer::next
I: SenderDone::next
I: SystemObliviousTransfer::next
I: SystemObliviousTransfer::next
I: InitSender::next
I: SystemObliviousTransfer::next
I: GenerateConstant::next
D:  sending message (size 0.000063 MB)
I: SystemObliviousTransfer::next
I: SendConstant::next
I: SystemObliviousTransfer::next
I: RecvPublicKey::next
I: SystemObliviousTransfer::next
I: EncryptMessages::next
D:  sending message (size 0.000258 MB)
I: SystemObliviousTransfer::next
I: SendEncryptedMessages::next
I: SystemObliviousTransfer::next
I: SenderDone::next
I: SystemObliviousTransfer::next
I: SystemObliviousTransfer::next
I: InitSender::next
I: SystemObliviousTransfer::next
I: GenerateConstant::next
D:  sending message (size 0.000063 MB)
I: SystemObliviousTransfer::next
I: SendConstant::next
I: SystemObliviousTransfer::next
I: RecvPublicKey::next
I: SystemObliviousTransfer::next
I: EncryptMessages::next
D:  sending message (size 0.000259 MB)
I: SystemObliviousTransfer::next
I: SendEncryptedMessages::next
I: SystemObliviousTransfer::next
I: SenderDone::next
I: SystemObliviousTransfer::next
I: SystemObliviousTransfer::next
I: InitSender::next
I: SystemObliviousTransfer::next
I: GenerateConstant::next
D:  sending message (size 0.000064 MB)
I: SystemObliviousTransfer::next
I: SendConstant::next
I: SystemObliviousTransfer::next
I: RecvPublicKey::next
I: SystemObliviousTransfer::next
I: EncryptMessages::next
D:  sending message (size 0.000257 MB)
I: SystemObliviousTransfer::next
I: SendEncryptedMessages::next
I: SystemObliviousTransfer::next
I: SenderDone::next
I: SystemObliviousTransfer::next
I: SystemObliviousTransfer::next
I: InitSender::next
I: SystemObliviousTransfer::next
I: GenerateConstant::next
D:  sending message (size 0.000064 MB)
I: SystemObliviousTransfer::next
I: SendConstant::next
I: SystemObliviousTransfer::next
I: RecvPublicKey::next
I: SystemObliviousTransfer::next
I: EncryptMessages::next
D:  sending message (size 0.000258 MB)
I: SystemObliviousTransfer::next
I: SendEncryptedMessages::next
I: SystemObliviousTransfer::next
I: SenderDone::next
I: SystemObliviousTransfer::next
I: SystemObliviousTransfer::next
I: InitSender::next
I: SystemObliviousTransfer::next
I: GenerateConstant::next
D:  sending message (size 0.000064 MB)
I: SystemObliviousTransfer::next
I: SendConstant::next
I: SystemObliviousTransfer::next
I: RecvPublicKey::next
I: SystemObliviousTransfer::next
I: EncryptMessages::next
D:  sending message (size 0.000258 MB)
I: SystemObliviousTransfer::next
I: SendEncryptedMessages::next
I: SystemObliviousTransfer::next
I: SenderDone::next
I: SystemObliviousTransfer::next
I: SystemObliviousTransfer::next
I: InitSender::next
I: SystemObliviousTransfer::next
I: GenerateConstant::next
D:  sending message (size 0.000064 MB)
I: SystemObliviousTransfer::next
I: SendConstant::next
I: SystemObliviousTransfer::next
I: RecvPublicKey::next
I: SystemObliviousTransfer::next
I: EncryptMessages::next
D:  sending message (size 0.000259 MB)
I: SystemObliviousTransfer::next
I: SendEncryptedMessages::next
I: SystemObliviousTransfer::next
I: SenderDone::next
I: SystemObliviousTransfer::next
I: SystemObliviousTransfer::next
I: InitSender::next
I: SystemObliviousTransfer::next
I: GenerateConstant::next
D:  sending message (size 0.000064 MB)
I: SystemObliviousTransfer::next
I: SendConstant::next
I: SystemObliviousTransfer::next
I: RecvPublicKey::next
I: SystemObliviousTransfer::next
I: EncryptMessages::next
D:  sending message (size 0.000257 MB)
I: SystemObliviousTransfer::next
I: SendEncryptedMessages::next
I: SystemObliviousTransfer::next
I: SenderDone::next
I: SystemObliviousTransfer::next
I: SystemObliviousTransfer::next
I: InitSender::next
I: SystemObliviousTransfer::next
I: GenerateConstant::next
D:  sending message (size 0.000064 MB)
I: SystemObliviousTransfer::next
I: SendConstant::next
I: SystemObliviousTransfer::next
I: RecvPublicKey::next
I: SystemObliviousTransfer::next
I: EncryptMessages::next
D:  sending message (size 0.000259 MB)
I: SystemObliviousTransfer::next
I: SendEncryptedMessages::next
I: SystemObliviousTransfer::next
I: SenderDone::next
I: SystemObliviousTransfer::next
I: SystemObliviousTransfer::next
I: InitSender::next
I: SystemObliviousTransfer::next
I: GenerateConstant::next
D:  sending message (size 0.000064 MB)
I: SystemObliviousTransfer::next
I: SendConstant::next
I: SystemObliviousTransfer::next
I: RecvPublicKey::next
I: SystemObliviousTransfer::next
I: EncryptMessages::next
D:  sending message (size 0.000259 MB)
I: SystemObliviousTransfer::next
I: SendEncryptedMessages::next
I: SystemObliviousTransfer::next
I: SenderDone::next
I: SystemObliviousTransfer::next
I: SystemObliviousTransfer::next
I: InitSender::next
I: SystemObliviousTransfer::next
I: GenerateConstant::next
D:  sending message (size 0.000064 MB)
I: SystemObliviousTransfer::next
I: SendConstant::next
I: SystemObliviousTransfer::next
I: RecvPublicKey::next
I: SystemObliviousTransfer::next
I: EncryptMessages::next
D:  sending message (size 0.000256 MB)
I: SystemObliviousTransfer::next
I: SendEncryptedMessages::next
I: SystemObliviousTransfer::next
I: SenderDone::next
I: SystemObliviousTransfer::next
I: SystemObliviousTransfer::next
I: InitSender::next
I: SystemObliviousTransfer::next
I: GenerateConstant::next
D:  sending message (size 0.000064 MB)
I: SystemObliviousTransfer::next
I: SendConstant::next
I: SystemObliviousTransfer::next
I: RecvPublicKey::next
I: SystemObliviousTransfer::next
I: EncryptMessages::next
D:  sending message (size 0.000259 MB)
I: SystemObliviousTransfer::next
I: SendEncryptedMessages::next
I: SystemObliviousTransfer::next
I: SenderDone::next
I: SystemObliviousTransfer::next
I: SystemObliviousTransfer::next
I: InitSender::next
I: SystemObliviousTransfer::next
I: GenerateConstant::next
D:  sending message (size 0.000064 MB)
I: SystemObliviousTransfer::next
I: SendConstant::next
I: SystemObliviousTransfer::next
I: RecvPublicKey::next
I: SystemObliviousTransfer::next
I: EncryptMessages::next
D:  sending message (size 0.000259 MB)
I: SystemObliviousTransfer::next
I: SendEncryptedMessages::next
I: SystemObliviousTransfer::next
I: SenderDone::next
I: SystemObliviousTransfer::next
I: SystemObliviousTransfer::next
I: InitSender::next
I: SystemObliviousTransfer::next
I: GenerateConstant::next
D:  sending message (size 0.000064 MB)
I: SystemObliviousTransfer::next
I: SendConstant::next
I: SystemObliviousTransfer::next
I: RecvPublicKey::next
I: SystemObliviousTransfer::next
I: EncryptMessages::next
D:  sending message (size 0.000258 MB)
I: SystemObliviousTransfer::next
I: SendEncryptedMessages::next
I: SystemObliviousTransfer::next
I: SenderDone::next
I: SystemObliviousTransfer::next
I: SystemObliviousTransfer::next
I: InitSender::next
I: SystemObliviousTransfer::next
I: GenerateConstant::next
D:  sending message (size 0.000064 MB)
I: SystemObliviousTransfer::next
I: SendConstant::next
I: SystemObliviousTransfer::next
I: RecvPublicKey::next
I: SystemObliviousTransfer::next
I: EncryptMessages::next
D:  sending message (size 0.000259 MB)
I: SystemObliviousTransfer::next
I: SendEncryptedMessages::next
I: SystemObliviousTransfer::next
I: SenderDone::next
I: SystemObliviousTransfer::next
I: SystemObliviousTransfer::next
I: InitSender::next
I: SystemObliviousTransfer::next
I: GenerateConstant::next
D:  sending message (size 0.000064 MB)
I: SystemObliviousTransfer::next
I: SendConstant::next
I: SystemObliviousTransfer::next
I: RecvPublicKey::next
I: SystemObliviousTransfer::next
I: EncryptMessages::next
D:  sending message (size 0.000259 MB)
I: SystemObliviousTransfer::next
I: SendEncryptedMessages::next
I: SystemObliviousTransfer::next
I: SenderDone::next
I: SystemObliviousTransfer::next
I: SystemObliviousTransfer::next
I: InitSender::next
I: SystemObliviousTransfer::next
I: GenerateConstant::next
D:  sending message (size 0.000064 MB)
I: SystemObliviousTransfer::next
I: SendConstant::next
I: SystemObliviousTransfer::next
I: RecvPublicKey::next
I: SystemObliviousTransfer::next
I: EncryptMessages::next
D:  sending message (size 0.000259 MB)
I: SystemObliviousTransfer::next
I: SendEncryptedMessages::next
I: SystemObliviousTransfer::next
I: SenderDone::next
I: SystemObliviousTransfer::next
I: SystemObliviousTransfer::next
I: InitSender::next
I: SystemObliviousTransfer::next
I: GenerateConstant::next
D:  sending message (size 0.000064 MB)
I: SystemObliviousTransfer::next
I: SendConstant::next
I: SystemObliviousTransfer::next
I: RecvPublicKey::next
I: SystemObliviousTransfer::next
I: EncryptMessages::next
D:  sending message (size 0.000258 MB)
I: SystemObliviousTransfer::next
I: SendEncryptedMessages::next
I: SystemObliviousTransfer::next
I: SenderDone::next
I: SystemObliviousTransfer::next
I: SystemObliviousTransfer::next
I: InitSender::next
I: SystemObliviousTransfer::next
I: GenerateConstant::next
D:  sending message (size 0.000064 MB)
I: SystemObliviousTransfer::next
I: SendConstant::next
I: SystemObliviousTransfer::next
I: RecvPublicKey::next
I: SystemObliviousTransfer::next
I: EncryptMessages::next
D:  sending message (size 0.000259 MB)
I: SystemObliviousTransfer::next
I: SendEncryptedMessages::next
I: SystemObliviousTransfer::next
I: SenderDone::next
I: SystemObliviousTransfer::next
I: SystemObliviousTransfer::next
I: InitSender::next
I: SystemObliviousTransfer::next
I: GenerateConstant::next
D:  sending message (size 0.000063 MB)
I: SystemObliviousTransfer::next
I: SendConstant::next
I: SystemObliviousTransfer::next
I: RecvPublicKey::next
I: SystemObliviousTransfer::next
I: EncryptMessages::next
D:  sending message (size 0.000258 MB)
I: SystemObliviousTransfer::next
I: SendEncryptedMessages::next
I: SystemObliviousTransfer::next
I: SenderDone::next
I: SystemObliviousTransfer::next
I: SystemObliviousTransfer::next
I: RecvFlagBit::next
D: ==== round duration: 1333.979736 ms ====
I: UpdateSystem::next
I: GenerateGarbledGates::next
D:   garbling gate 10000
D:  sending message (size 5.235120 MB)
I: SendGarbledGates::next
D:   system input labels sent
D:  sending message (size 0.166061 MB)
I: SendSystemInputLabels::next
D:  sending message (size 0.000129 MB)
I: SendFlagBitLabels::next
I: RecvFlagBit::next
D: ==== round duration: 1380.434692 ms ====
I: UpdateSystem::next
I: GenerateGarbledGates::next
D:   garbling gate 10000
D:  sending message (size 5.235120 MB)
I: SendGarbledGates::next
D:   system input labels sent
D:  sending message (size 0.166023 MB)
I: SendSystemInputLabels::next
D:  sending message (size 0.000128 MB)
I: SendFlagBitLabels::next
I: RecvFlagBit::next
D: ==== round duration: 1407.027710 ms ====
I: SystemDone::next
